[0.024s] Invoking command in '/home/adha/belajar/ws1/build/msgs': CMAKE_PREFIX_PATH=${CMAKE_PREFIX_PATH}:/opt/ros/jazzy DEBUGINFOD_URLS=https://debuginfod.ubuntu.com /usr/bin/cmake --build /home/adha/belajar/ws1/build/msgs -- -j12 -l12
[0.136s] [  2%] Built target msgs__rosidl_generator_type_description
[0.164s] [  2%] Built target ament_cmake_python_copy_msgs
[0.195s] [  5%] Built target msgs__cpp
[0.199s] [ 20%] Built target msgs__rosidl_generator_c
[0.334s] [ 29%] Built target msgs__rosidl_typesupport_cpp
[0.334s] [ 38%] Built target msgs__rosidl_typesupport_fastrtps_c
[0.340s] [ 47%] Built target msgs__rosidl_typesupport_introspection_c
[0.340s] [ 55%] Built target msgs__rosidl_typesupport_fastrtps_cpp
[0.340s] [ 64%] Built target msgs__rosidl_typesupport_c
[0.340s] [ 73%] Built target msgs__rosidl_typesupport_introspection_cpp
[0.401s] [ 73%] Built target msgs
[0.451s] [ 76%] Built target msgs__py
[0.505s] [ 82%] Built target msgs__rosidl_generator_py
[0.580s] [ 88%] Built target msgs_s__rosidl_typesupport_introspection_c
[0.584s] [ 94%] Built target msgs_s__rosidl_typesupport_fastrtps_c
[0.587s] [100%] Built target msgs_s__rosidl_typesupport_c
[0.669s] running egg_info
[0.701s] writing msgs.egg-info/PKG-INFO
[0.701s] writing dependency_links to msgs.egg-info/dependency_links.txt
[0.701s] writing top-level names to msgs.egg-info/top_level.txt
[0.782s] reading manifest file 'msgs.egg-info/SOURCES.txt'
[0.783s] writing manifest file 'msgs.egg-info/SOURCES.txt'
[0.866s] [100%] Built target ament_cmake_python_build_msgs_egg
[0.900s] Invoked command in '/home/adha/belajar/ws1/build/msgs' returned '0': CMAKE_PREFIX_PATH=${CMAKE_PREFIX_PATH}:/opt/ros/jazzy DEBUGINFOD_URLS=https://debuginfod.ubuntu.com /usr/bin/cmake --build /home/adha/belajar/ws1/build/msgs -- -j12 -l12
[1.073s] Invoking command in '/home/adha/belajar/ws1/build/msgs': CMAKE_PREFIX_PATH=${CMAKE_PREFIX_PATH}:/opt/ros/jazzy DEBUGINFOD_URLS=https://debuginfod.ubuntu.com /usr/bin/cmake --install /home/adha/belajar/ws1/build/msgs
[1.095s] -- Install configuration: ""
[1.096s] -- Up-to-date: /home/adha/belajar/ws1/install/msgs/share/ament_index/resource_index/rosidl_interfaces/msgs
[1.096s] -- Up-to-date: /home/adha/belajar/ws1/install/msgs/share/msgs/msg/HardwareCommand.json
[1.097s] -- Up-to-date: /home/adha/belajar/ws1/install/msgs/include/msgs/msgs
[1.097s] -- Up-to-date: /home/adha/belajar/ws1/install/msgs/include/msgs/msgs/msg
[1.098s] -- Up-to-date: /home/adha/belajar/ws1/install/msgs/include/msgs/msgs/msg/hardware_command.h
[1.098s] -- Up-to-date: /home/adha/belajar/ws1/install/msgs/include/msgs/msgs/msg/rosidl_generator_c__visibility_control.h
[1.098s] -- Up-to-date: /home/adha/belajar/ws1/install/msgs/include/msgs/msgs/msg/detail
[1.099s] -- Up-to-date: /home/adha/belajar/ws1/install/msgs/include/msgs/msgs/msg/detail/hardware_command__functions.c
[1.099s] -- Up-to-date: /home/adha/belajar/ws1/install/msgs/include/msgs/msgs/msg/detail/hardware_command__description.c
[1.100s] -- Up-to-date: /home/adha/belajar/ws1/install/msgs/include/msgs/msgs/msg/detail/hardware_command__type_support.c
[1.100s] -- Up-to-date: /home/adha/belajar/ws1/install/msgs/include/msgs/msgs/msg/detail/hardware_command__struct.h
[1.100s] -- Up-to-date: /home/adha/belajar/ws1/install/msgs/include/msgs/msgs/msg/detail/hardware_command__functions.h
[1.100s] -- Up-to-date: /home/adha/belajar/ws1/install/msgs/include/msgs/msgs/msg/detail/hardware_command__type_support.h
[1.100s] -- Up-to-date: /home/adha/belajar/ws1/install/msgs/share/msgs/environment/library_path.sh
[1.100s] -- Up-to-date: /home/adha/belajar/ws1/install/msgs/share/msgs/environment/library_path.dsv
[1.100s] -- Up-to-date: /home/adha/belajar/ws1/install/msgs/lib/libmsgs__rosidl_generator_c.so
[1.101s] -- Up-to-date: /home/adha/belajar/ws1/install/msgs/include/msgs/msgs
[1.101s] -- Up-to-date: /home/adha/belajar/ws1/install/msgs/include/msgs/msgs/msg
[1.101s] -- Up-to-date: /home/adha/belajar/ws1/install/msgs/include/msgs/msgs/msg/rosidl_typesupport_fastrtps_c__visibility_control.h
[1.101s] -- Up-to-date: /home/adha/belajar/ws1/install/msgs/include/msgs/msgs/msg/detail
[1.101s] -- Up-to-date: /home/adha/belajar/ws1/install/msgs/include/msgs/msgs/msg/detail/hardware_command__rosidl_typesupport_fastrtps_c.h
[1.102s] -- Up-to-date: /home/adha/belajar/ws1/install/msgs/lib/libmsgs__rosidl_typesupport_fastrtps_c.so
[1.103s] -- Up-to-date: /home/adha/belajar/ws1/install/msgs/include/msgs/msgs
[1.103s] -- Up-to-date: /home/adha/belajar/ws1/install/msgs/include/msgs/msgs/msg
[1.103s] -- Up-to-date: /home/adha/belajar/ws1/install/msgs/include/msgs/msgs/msg/rosidl_generator_cpp__visibility_control.hpp
[1.103s] -- Up-to-date: /home/adha/belajar/ws1/install/msgs/include/msgs/msgs/msg/hardware_command.hpp
[1.104s] -- Up-to-date: /home/adha/belajar/ws1/install/msgs/include/msgs/msgs/msg/detail
[1.104s] -- Up-to-date: /home/adha/belajar/ws1/install/msgs/include/msgs/msgs/msg/detail/hardware_command__type_support.hpp
[1.104s] -- Up-to-date: /home/adha/belajar/ws1/install/msgs/include/msgs/msgs/msg/detail/hardware_command__struct.hpp
[1.104s] -- Up-to-date: /home/adha/belajar/ws1/install/msgs/include/msgs/msgs/msg/detail/hardware_command__traits.hpp
[1.104s] -- Up-to-date: /home/adha/belajar/ws1/install/msgs/include/msgs/msgs/msg/detail/hardware_command__builder.hpp
[1.104s] -- Up-to-date: /home/adha/belajar/ws1/install/msgs/include/msgs/msgs
[1.104s] -- Up-to-date: /home/adha/belajar/ws1/install/msgs/include/msgs/msgs/msg
[1.105s] -- Up-to-date: /home/adha/belajar/ws1/install/msgs/include/msgs/msgs/msg/rosidl_typesupport_fastrtps_cpp__visibility_control.h
[1.105s] -- Up-to-date: /home/adha/belajar/ws1/install/msgs/include/msgs/msgs/msg/detail
[1.105s] -- Up-to-date: /home/adha/belajar/ws1/install/msgs/include/msgs/msgs/msg/detail/dds_fastrtps
[1.105s] -- Up-to-date: /home/adha/belajar/ws1/install/msgs/include/msgs/msgs/msg/detail/hardware_command__rosidl_typesupport_fastrtps_cpp.hpp
[1.105s] -- Up-to-date: /home/adha/belajar/ws1/install/msgs/lib/libmsgs__rosidl_typesupport_fastrtps_cpp.so
[1.105s] -- Up-to-date: /home/adha/belajar/ws1/install/msgs/include/msgs/msgs
[1.106s] -- Up-to-date: /home/adha/belajar/ws1/install/msgs/include/msgs/msgs/msg
[1.106s] -- Up-to-date: /home/adha/belajar/ws1/install/msgs/include/msgs/msgs/msg/rosidl_typesupport_introspection_c__visibility_control.h
[1.106s] -- Up-to-date: /home/adha/belajar/ws1/install/msgs/include/msgs/msgs/msg/detail
[1.106s] -- Up-to-date: /home/adha/belajar/ws1/install/msgs/include/msgs/msgs/msg/detail/hardware_command__type_support.c
[1.107s] -- Up-to-date: /home/adha/belajar/ws1/install/msgs/include/msgs/msgs/msg/detail/hardware_command__rosidl_typesupport_introspection_c.h
[1.109s] -- Up-to-date: /home/adha/belajar/ws1/install/msgs/lib/libmsgs__rosidl_typesupport_introspection_c.so
[1.109s] -- Up-to-date: /home/adha/belajar/ws1/install/msgs/lib/libmsgs__rosidl_typesupport_c.so
[1.109s] -- Up-to-date: /home/adha/belajar/ws1/install/msgs/include/msgs/msgs
[1.109s] -- Up-to-date: /home/adha/belajar/ws1/install/msgs/include/msgs/msgs/msg
[1.110s] -- Up-to-date: /home/adha/belajar/ws1/install/msgs/include/msgs/msgs/msg/detail
[1.110s] -- Up-to-date: /home/adha/belajar/ws1/install/msgs/include/msgs/msgs/msg/detail/hardware_command__type_support.cpp
[1.110s] -- Up-to-date: /home/adha/belajar/ws1/install/msgs/include/msgs/msgs/msg/detail/hardware_command__rosidl_typesupport_introspection_cpp.hpp
[1.110s] -- Up-to-date: /home/adha/belajar/ws1/install/msgs/lib/libmsgs__rosidl_typesupport_introspection_cpp.so
[1.110s] -- Up-to-date: /home/adha/belajar/ws1/install/msgs/lib/libmsgs__rosidl_typesupport_cpp.so
[1.111s] -- Up-to-date: /home/adha/belajar/ws1/install/msgs/share/msgs/environment/pythonpath.sh
[1.111s] -- Up-to-date: /home/adha/belajar/ws1/install/msgs/share/msgs/environment/pythonpath.dsv
[1.111s] -- Up-to-date: /home/adha/belajar/ws1/install/msgs/lib/python3.12/site-packages/msgs-0.0.0-py3.12.egg-info
[1.111s] -- Installing: /home/adha/belajar/ws1/install/msgs/lib/python3.12/site-packages/msgs-0.0.0-py3.12.egg-info/dependency_links.txt
[1.112s] -- Installing: /home/adha/belajar/ws1/install/msgs/lib/python3.12/site-packages/msgs-0.0.0-py3.12.egg-info/top_level.txt
[1.112s] -- Installing: /home/adha/belajar/ws1/install/msgs/lib/python3.12/site-packages/msgs-0.0.0-py3.12.egg-info/SOURCES.txt
[1.112s] -- Installing: /home/adha/belajar/ws1/install/msgs/lib/python3.12/site-packages/msgs-0.0.0-py3.12.egg-info/PKG-INFO
[1.112s] -- Up-to-date: /home/adha/belajar/ws1/install/msgs/lib/python3.12/site-packages/msgs
[1.112s] -- Up-to-date: /home/adha/belajar/ws1/install/msgs/lib/python3.12/site-packages/msgs/msg
[1.113s] -- Up-to-date: /home/adha/belajar/ws1/install/msgs/lib/python3.12/site-packages/msgs/msg/__init__.py
[1.113s] -- Up-to-date: /home/adha/belajar/ws1/install/msgs/lib/python3.12/site-packages/msgs/msg/_hardware_command_s.c
[1.114s] -- Up-to-date: /home/adha/belajar/ws1/install/msgs/lib/python3.12/site-packages/msgs/msg/_hardware_command.py
[1.114s] -- Up-to-date: /home/adha/belajar/ws1/install/msgs/lib/python3.12/site-packages/msgs/_msgs_s.ep.rosidl_typesupport_c.c
[1.114s] -- Up-to-date: /home/adha/belajar/ws1/install/msgs/lib/python3.12/site-packages/msgs/__init__.py
[1.114s] -- Up-to-date: /home/adha/belajar/ws1/install/msgs/lib/python3.12/site-packages/msgs/msgs_s__rosidl_typesupport_introspection_c.so
[1.114s] -- Up-to-date: /home/adha/belajar/ws1/install/msgs/lib/python3.12/site-packages/msgs/_msgs_s.ep.rosidl_typesupport_fastrtps_c.c
[1.114s] -- Up-to-date: /home/adha/belajar/ws1/install/msgs/lib/python3.12/site-packages/msgs/_msgs_s.ep.rosidl_typesupport_introspection_c.c
[1.115s] -- Up-to-date: /home/adha/belajar/ws1/install/msgs/lib/python3.12/site-packages/msgs/msgs_s__rosidl_typesupport_fastrtps_c.so
[1.115s] -- Up-to-date: /home/adha/belajar/ws1/install/msgs/lib/python3.12/site-packages/msgs/msgs_s__rosidl_typesupport_c.so
[1.166s] Listing '/home/adha/belajar/ws1/install/msgs/lib/python3.12/site-packages/msgs'...
[1.167s] Listing '/home/adha/belajar/ws1/install/msgs/lib/python3.12/site-packages/msgs/msg'...
[1.181s] -- Up-to-date: /home/adha/belajar/ws1/install/msgs/lib/python3.12/site-packages/msgs/msgs_s__rosidl_typesupport_fastrtps_c.so
[1.181s] -- Up-to-date: /home/adha/belajar/ws1/install/msgs/lib/python3.12/site-packages/msgs/msgs_s__rosidl_typesupport_introspection_c.so
[1.182s] -- Up-to-date: /home/adha/belajar/ws1/install/msgs/lib/python3.12/site-packages/msgs/msgs_s__rosidl_typesupport_c.so
[1.183s] -- Up-to-date: /home/adha/belajar/ws1/install/msgs/lib/libmsgs__rosidl_generator_py.so
[1.183s] -- Up-to-date: /home/adha/belajar/ws1/install/msgs/share/msgs/msg/HardwareCommand.idl
[1.183s] -- Up-to-date: /home/adha/belajar/ws1/install/msgs/share/msgs/msg/HardwareCommand.msg
[1.183s] -- Up-to-date: /home/adha/belajar/ws1/install/msgs/share/ament_index/resource_index/package_run_dependencies/msgs
[1.184s] -- Up-to-date: /home/adha/belajar/ws1/install/msgs/share/ament_index/resource_index/parent_prefix_path/msgs
[1.184s] -- Up-to-date: /home/adha/belajar/ws1/install/msgs/share/msgs/environment/ament_prefix_path.sh
[1.184s] -- Up-to-date: /home/adha/belajar/ws1/install/msgs/share/msgs/environment/ament_prefix_path.dsv
[1.184s] -- Up-to-date: /home/adha/belajar/ws1/install/msgs/share/msgs/environment/path.sh
[1.184s] -- Up-to-date: /home/adha/belajar/ws1/install/msgs/share/msgs/environment/path.dsv
[1.185s] -- Up-to-date: /home/adha/belajar/ws1/install/msgs/share/msgs/local_setup.bash
[1.185s] -- Up-to-date: /home/adha/belajar/ws1/install/msgs/share/msgs/local_setup.sh
[1.185s] -- Up-to-date: /home/adha/belajar/ws1/install/msgs/share/msgs/local_setup.zsh
[1.185s] -- Up-to-date: /home/adha/belajar/ws1/install/msgs/share/msgs/local_setup.dsv
[1.185s] -- Installing: /home/adha/belajar/ws1/install/msgs/share/msgs/package.dsv
[1.185s] -- Up-to-date: /home/adha/belajar/ws1/install/msgs/share/ament_index/resource_index/packages/msgs
[1.186s] -- Up-to-date: /home/adha/belajar/ws1/install/msgs/share/msgs/cmake/export_msgs__rosidl_generator_cExport.cmake
[1.186s] -- Up-to-date: /home/adha/belajar/ws1/install/msgs/share/msgs/cmake/export_msgs__rosidl_generator_cExport-noconfig.cmake
[1.187s] -- Up-to-date: /home/adha/belajar/ws1/install/msgs/share/msgs/cmake/export_msgs__rosidl_typesupport_fastrtps_cExport.cmake
[1.187s] -- Up-to-date: /home/adha/belajar/ws1/install/msgs/share/msgs/cmake/export_msgs__rosidl_typesupport_fastrtps_cExport-noconfig.cmake
[1.187s] -- Up-to-date: /home/adha/belajar/ws1/install/msgs/share/msgs/cmake/export_msgs__rosidl_generator_cppExport.cmake
[1.187s] -- Up-to-date: /home/adha/belajar/ws1/install/msgs/share/msgs/cmake/export_msgs__rosidl_typesupport_fastrtps_cppExport.cmake
[1.187s] -- Up-to-date: /home/adha/belajar/ws1/install/msgs/share/msgs/cmake/export_msgs__rosidl_typesupport_fastrtps_cppExport-noconfig.cmake
[1.187s] -- Up-to-date: /home/adha/belajar/ws1/install/msgs/share/msgs/cmake/msgs__rosidl_typesupport_introspection_cExport.cmake
[1.188s] -- Up-to-date: /home/adha/belajar/ws1/install/msgs/share/msgs/cmake/msgs__rosidl_typesupport_introspection_cExport-noconfig.cmake
[1.188s] -- Up-to-date: /home/adha/belajar/ws1/install/msgs/share/msgs/cmake/msgs__rosidl_typesupport_cExport.cmake
[1.188s] -- Up-to-date: /home/adha/belajar/ws1/install/msgs/share/msgs/cmake/msgs__rosidl_typesupport_cExport-noconfig.cmake
[1.188s] -- Up-to-date: /home/adha/belajar/ws1/install/msgs/share/msgs/cmake/msgs__rosidl_typesupport_introspection_cppExport.cmake
[1.188s] -- Up-to-date: /home/adha/belajar/ws1/install/msgs/share/msgs/cmake/msgs__rosidl_typesupport_introspection_cppExport-noconfig.cmake
[1.188s] -- Up-to-date: /home/adha/belajar/ws1/install/msgs/share/msgs/cmake/msgs__rosidl_typesupport_cppExport.cmake
[1.188s] -- Up-to-date: /home/adha/belajar/ws1/install/msgs/share/msgs/cmake/msgs__rosidl_typesupport_cppExport-noconfig.cmake
[1.189s] -- Up-to-date: /home/adha/belajar/ws1/install/msgs/share/msgs/cmake/export_msgs__rosidl_generator_pyExport.cmake
[1.189s] -- Up-to-date: /home/adha/belajar/ws1/install/msgs/share/msgs/cmake/export_msgs__rosidl_generator_pyExport-noconfig.cmake
[1.189s] -- Up-to-date: /home/adha/belajar/ws1/install/msgs/share/msgs/cmake/rosidl_cmake-extras.cmake
[1.189s] -- Up-to-date: /home/adha/belajar/ws1/install/msgs/share/msgs/cmake/ament_cmake_export_include_directories-extras.cmake
[1.189s] -- Up-to-date: /home/adha/belajar/ws1/install/msgs/share/msgs/cmake/ament_cmake_export_libraries-extras.cmake
[1.189s] -- Up-to-date: /home/adha/belajar/ws1/install/msgs/share/msgs/cmake/ament_cmake_export_targets-extras.cmake
[1.189s] -- Up-to-date: /home/adha/belajar/ws1/install/msgs/share/msgs/cmake/rosidl_cmake_export_typesupport_targets-extras.cmake
[1.189s] -- Up-to-date: /home/adha/belajar/ws1/install/msgs/share/msgs/cmake/ament_cmake_export_dependencies-extras.cmake
[1.189s] -- Up-to-date: /home/adha/belajar/ws1/install/msgs/share/msgs/cmake/rosidl_cmake_export_typesupport_libraries-extras.cmake
[1.190s] -- Up-to-date: /home/adha/belajar/ws1/install/msgs/share/msgs/cmake/msgsConfig.cmake
[1.190s] -- Up-to-date: /home/adha/belajar/ws1/install/msgs/share/msgs/cmake/msgsConfig-version.cmake
[1.190s] -- Up-to-date: /home/adha/belajar/ws1/install/msgs/share/msgs/package.xml
[1.198s] Invoked command in '/home/adha/belajar/ws1/build/msgs' returned '0': CMAKE_PREFIX_PATH=${CMAKE_PREFIX_PATH}:/opt/ros/jazzy DEBUGINFOD_URLS=https://debuginfod.ubuntu.com /usr/bin/cmake --install /home/adha/belajar/ws1/build/msgs
