[0.038s] Invoking command in '/home/alyazahrarr/tubes_dagoz/build/ros2_socketcan': AMENT_PREFIX_PATH=/home/alyazahrarr/tubes_dagoz/install/ros2_socketcan_msgs:/home/alyazahrarr/tubes_dagoz/install/can_msgs:${AMENT_PREFIX_PATH} CMAKE_PREFIX_PATH=/home/alyazahrarr/tubes_dagoz/install/ros2_socketcan_msgs:/home/alyazahrarr/tubes_dagoz/install/can_msgs:/home/alyazahrarr/ros2_ws/install/my_package:/home/alyazahrarr/ros2_ws/install/examples_rclcpp_wait_set:/home/alyazahrarr/ros2_ws/install/examples_rclcpp_multithreaded_executor:/home/alyazahrarr/ros2_ws/install/examples_rclcpp_minimal_timer:/home/alyazahrarr/ros2_ws/install/examples_rclcpp_minimal_subscriber:/home/alyazahrarr/ros2_ws/install/examples_rclcpp_minimal_service:/home/alyazahrarr/ros2_ws/install/examples_rclcpp_minimal_publisher:/home/alyazahrarr/ros2_ws/install/examples_rclcpp_minimal_composition:/home/alyazahrarr/ros2_ws/install/examples_rclcpp_minimal_client:/home/alyazahrarr/ros2_ws/install/examples_rclcpp_minimal_action_server:/home/alyazahrarr/ros2_ws/install/examples_rclcpp_minimal_action_client:/home/alyazahrarr/ros2_ws/install/examples_rclcpp_cbg_executor:/home/alyazahrarr/ros2_ws/install/examples_rclcpp_async_client:/opt/ros/jazzy/opt/gz_math_vendor:/opt/ros/jazzy/opt/gz_utils_vendor:/opt/ros/jazzy/opt/gz_cmake_vendor:/home/alyazahrarr/ros2_ws/install/launch_testing_examples:/home/alyazahrarr/ros2_ws/install/examples_rclpy_pointcloud_publisher:/home/alyazahrarr/ros2_ws/install/examples_rclpy_minimal_subscriber:/home/alyazahrarr/ros2_ws/install/examples_rclpy_minimal_service:/home/alyazahrarr/ros2_ws/install/examples_rclpy_minimal_publisher:/home/alyazahrarr/ros2_ws/install/examples_rclpy_minimal_client:/home/alyazahrarr/ros2_ws/install/examples_rclpy_minimal_action_server:/home/alyazahrarr/ros2_ws/install/examples_rclpy_minimal_action_client:/home/alyazahrarr/ros2_ws/install/examples_rclpy_guard_conditions:/home/alyazahrarr/ros2_ws/install/examples_rclpy_executors:/opt/ros/jazzy DEBUGINFOD_URLS=https://debuginfod.ubuntu.com LD_LIBRARY_PATH=/home/alyazahrarr/tubes_dagoz/install/ros2_socketcan_msgs/lib:/home/alyazahrarr/tubes_dagoz/install/can_msgs/lib:${LD_LIBRARY_PATH} PYTHONPATH=/home/alyazahrarr/tubes_dagoz/install/ros2_socketcan_msgs/lib/python3.12/site-packages:/home/alyazahrarr/tubes_dagoz/install/can_msgs/lib/python3.12/site-packages:${PYTHONPATH} /usr/bin/cmake --build /home/alyazahrarr/tubes_dagoz/build/ros2_socketcan -- -j8 -l8
[0.183s] [  9%] Built target gtest
[0.187s] [ 33%] Built target ros2_socketcan
[0.187s] [ 42%] Built target socket_can_sender_node_exe
[0.189s] [ 52%] Built target gtest_main
[0.196s] [ 61%] Built target socket_can_receiver_node_exe
[0.246s] [ 80%] Built target ros2_socketcan_test
[0.251s] [ 90%] Built target socket_can_receiver_node
[0.325s] [100%] Built target socket_can_sender_node
[0.357s] Invoked command in '/home/alyazahrarr/tubes_dagoz/build/ros2_socketcan' returned '0': AMENT_PREFIX_PATH=/home/alyazahrarr/tubes_dagoz/install/ros2_socketcan_msgs:/home/alyazahrarr/tubes_dagoz/install/can_msgs:${AMENT_PREFIX_PATH} CMAKE_PREFIX_PATH=/home/alyazahrarr/tubes_dagoz/install/ros2_socketcan_msgs:/home/alyazahrarr/tubes_dagoz/install/can_msgs:/home/alyazahrarr/ros2_ws/install/my_package:/home/alyazahrarr/ros2_ws/install/examples_rclcpp_wait_set:/home/alyazahrarr/ros2_ws/install/examples_rclcpp_multithreaded_executor:/home/alyazahrarr/ros2_ws/install/examples_rclcpp_minimal_timer:/home/alyazahrarr/ros2_ws/install/examples_rclcpp_minimal_subscriber:/home/alyazahrarr/ros2_ws/install/examples_rclcpp_minimal_service:/home/alyazahrarr/ros2_ws/install/examples_rclcpp_minimal_publisher:/home/alyazahrarr/ros2_ws/install/examples_rclcpp_minimal_composition:/home/alyazahrarr/ros2_ws/install/examples_rclcpp_minimal_client:/home/alyazahrarr/ros2_ws/install/examples_rclcpp_minimal_action_server:/home/alyazahrarr/ros2_ws/install/examples_rclcpp_minimal_action_client:/home/alyazahrarr/ros2_ws/install/examples_rclcpp_cbg_executor:/home/alyazahrarr/ros2_ws/install/examples_rclcpp_async_client:/opt/ros/jazzy/opt/gz_math_vendor:/opt/ros/jazzy/opt/gz_utils_vendor:/opt/ros/jazzy/opt/gz_cmake_vendor:/home/alyazahrarr/ros2_ws/install/launch_testing_examples:/home/alyazahrarr/ros2_ws/install/examples_rclpy_pointcloud_publisher:/home/alyazahrarr/ros2_ws/install/examples_rclpy_minimal_subscriber:/home/alyazahrarr/ros2_ws/install/examples_rclpy_minimal_service:/home/alyazahrarr/ros2_ws/install/examples_rclpy_minimal_publisher:/home/alyazahrarr/ros2_ws/install/examples_rclpy_minimal_client:/home/alyazahrarr/ros2_ws/install/examples_rclpy_minimal_action_server:/home/alyazahrarr/ros2_ws/install/examples_rclpy_minimal_action_client:/home/alyazahrarr/ros2_ws/install/examples_rclpy_guard_conditions:/home/alyazahrarr/ros2_ws/install/examples_rclpy_executors:/opt/ros/jazzy DEBUGINFOD_URLS=https://debuginfod.ubuntu.com LD_LIBRARY_PATH=/home/alyazahrarr/tubes_dagoz/install/ros2_socketcan_msgs/lib:/home/alyazahrarr/tubes_dagoz/install/can_msgs/lib:${LD_LIBRARY_PATH} PYTHONPATH=/home/alyazahrarr/tubes_dagoz/install/ros2_socketcan_msgs/lib/python3.12/site-packages:/home/alyazahrarr/tubes_dagoz/install/can_msgs/lib/python3.12/site-packages:${PYTHONPATH} /usr/bin/cmake --build /home/alyazahrarr/tubes_dagoz/build/ros2_socketcan -- -j8 -l8
[0.501s] Invoking command in '/home/alyazahrarr/tubes_dagoz/build/ros2_socketcan': AMENT_PREFIX_PATH=/home/alyazahrarr/tubes_dagoz/install/ros2_socketcan_msgs:/home/alyazahrarr/tubes_dagoz/install/can_msgs:${AMENT_PREFIX_PATH} CMAKE_PREFIX_PATH=/home/alyazahrarr/tubes_dagoz/install/ros2_socketcan_msgs:/home/alyazahrarr/tubes_dagoz/install/can_msgs:/home/alyazahrarr/ros2_ws/install/my_package:/home/alyazahrarr/ros2_ws/install/examples_rclcpp_wait_set:/home/alyazahrarr/ros2_ws/install/examples_rclcpp_multithreaded_executor:/home/alyazahrarr/ros2_ws/install/examples_rclcpp_minimal_timer:/home/alyazahrarr/ros2_ws/install/examples_rclcpp_minimal_subscriber:/home/alyazahrarr/ros2_ws/install/examples_rclcpp_minimal_service:/home/alyazahrarr/ros2_ws/install/examples_rclcpp_minimal_publisher:/home/alyazahrarr/ros2_ws/install/examples_rclcpp_minimal_composition:/home/alyazahrarr/ros2_ws/install/examples_rclcpp_minimal_client:/home/alyazahrarr/ros2_ws/install/examples_rclcpp_minimal_action_server:/home/alyazahrarr/ros2_ws/install/examples_rclcpp_minimal_action_client:/home/alyazahrarr/ros2_ws/install/examples_rclcpp_cbg_executor:/home/alyazahrarr/ros2_ws/install/examples_rclcpp_async_client:/opt/ros/jazzy/opt/gz_math_vendor:/opt/ros/jazzy/opt/gz_utils_vendor:/opt/ros/jazzy/opt/gz_cmake_vendor:/home/alyazahrarr/ros2_ws/install/launch_testing_examples:/home/alyazahrarr/ros2_ws/install/examples_rclpy_pointcloud_publisher:/home/alyazahrarr/ros2_ws/install/examples_rclpy_minimal_subscriber:/home/alyazahrarr/ros2_ws/install/examples_rclpy_minimal_service:/home/alyazahrarr/ros2_ws/install/examples_rclpy_minimal_publisher:/home/alyazahrarr/ros2_ws/install/examples_rclpy_minimal_client:/home/alyazahrarr/ros2_ws/install/examples_rclpy_minimal_action_server:/home/alyazahrarr/ros2_ws/install/examples_rclpy_minimal_action_client:/home/alyazahrarr/ros2_ws/install/examples_rclpy_guard_conditions:/home/alyazahrarr/ros2_ws/install/examples_rclpy_executors:/opt/ros/jazzy DEBUGINFOD_URLS=https://debuginfod.ubuntu.com LD_LIBRARY_PATH=/home/alyazahrarr/tubes_dagoz/install/ros2_socketcan_msgs/lib:/home/alyazahrarr/tubes_dagoz/install/can_msgs/lib:${LD_LIBRARY_PATH} PYTHONPATH=/home/alyazahrarr/tubes_dagoz/install/ros2_socketcan_msgs/lib/python3.12/site-packages:/home/alyazahrarr/tubes_dagoz/install/can_msgs/lib/python3.12/site-packages:${PYTHONPATH} /usr/bin/cmake --install /home/alyazahrarr/tubes_dagoz/build/ros2_socketcan
[0.523s] -- Install configuration: ""
[0.523s] -- Up-to-date: /home/alyazahrarr/tubes_dagoz/install/ros2_socketcan/lib/ros2_socketcan/socket_can_receiver_node_exe
[0.525s] -- Up-to-date: /home/alyazahrarr/tubes_dagoz/install/ros2_socketcan/lib/ros2_socketcan/socket_can_sender_node_exe
[0.525s] -- Up-to-date: /home/alyazahrarr/tubes_dagoz/install/ros2_socketcan/include
[0.525s] -- Up-to-date: /home/alyazahrarr/tubes_dagoz/install/ros2_socketcan/include/ros2_socketcan
[0.526s] -- Up-to-date: /home/alyazahrarr/tubes_dagoz/install/ros2_socketcan/include/ros2_socketcan/socket_can_receiver_node.hpp
[0.526s] -- Up-to-date: /home/alyazahrarr/tubes_dagoz/install/ros2_socketcan/include/ros2_socketcan/visibility_control.hpp
[0.526s] -- Up-to-date: /home/alyazahrarr/tubes_dagoz/install/ros2_socketcan/include/ros2_socketcan/socket_can_sender.hpp
[0.527s] -- Up-to-date: /home/alyazahrarr/tubes_dagoz/install/ros2_socketcan/include/ros2_socketcan/socket_can_id.hpp
[0.527s] -- Up-to-date: /home/alyazahrarr/tubes_dagoz/install/ros2_socketcan/include/ros2_socketcan/socket_can_receiver.hpp
[0.527s] -- Up-to-date: /home/alyazahrarr/tubes_dagoz/install/ros2_socketcan/include/ros2_socketcan/socket_can_sender_node.hpp
[0.527s] -- Up-to-date: /home/alyazahrarr/tubes_dagoz/install/ros2_socketcan/include/ros2_socketcan/socket_can_common.hpp
[0.527s] -- Up-to-date: /home/alyazahrarr/tubes_dagoz/install/ros2_socketcan/share/ros2_socketcan/environment/library_path.sh
[0.528s] -- Up-to-date: /home/alyazahrarr/tubes_dagoz/install/ros2_socketcan/share/ros2_socketcan/environment/library_path.dsv
[0.528s] -- Up-to-date: /home/alyazahrarr/tubes_dagoz/install/ros2_socketcan/lib/libros2_socketcan.so
[0.528s] -- Up-to-date: /home/alyazahrarr/tubes_dagoz/install/ros2_socketcan/lib/libsocket_can_receiver_node.so
[0.528s] -- Up-to-date: /home/alyazahrarr/tubes_dagoz/install/ros2_socketcan/lib/libsocket_can_sender_node.so
[0.529s] -- Up-to-date: /home/alyazahrarr/tubes_dagoz/install/ros2_socketcan/share/ros2_socketcan/launch
[0.529s] -- Up-to-date: /home/alyazahrarr/tubes_dagoz/install/ros2_socketcan/share/ros2_socketcan/launch/socket_can_receiver.launch.py
[0.529s] -- Up-to-date: /home/alyazahrarr/tubes_dagoz/install/ros2_socketcan/share/ros2_socketcan/launch/socket_can_bridge.launch.xml
[0.530s] -- Up-to-date: /home/alyazahrarr/tubes_dagoz/install/ros2_socketcan/share/ros2_socketcan/launch/socket_can_sender.launch.py
[0.530s] -- Up-to-date: /home/alyazahrarr/tubes_dagoz/install/ros2_socketcan/share/ament_index/resource_index/package_run_dependencies/ros2_socketcan
[0.530s] -- Up-to-date: /home/alyazahrarr/tubes_dagoz/install/ros2_socketcan/share/ament_index/resource_index/parent_prefix_path/ros2_socketcan
[0.530s] -- Up-to-date: /home/alyazahrarr/tubes_dagoz/install/ros2_socketcan/share/ros2_socketcan/environment/ament_prefix_path.sh
[0.530s] -- Up-to-date: /home/alyazahrarr/tubes_dagoz/install/ros2_socketcan/share/ros2_socketcan/environment/ament_prefix_path.dsv
[0.531s] -- Up-to-date: /home/alyazahrarr/tubes_dagoz/install/ros2_socketcan/share/ros2_socketcan/environment/path.sh
[0.531s] -- Up-to-date: /home/alyazahrarr/tubes_dagoz/install/ros2_socketcan/share/ros2_socketcan/environment/path.dsv
[0.531s] -- Up-to-date: /home/alyazahrarr/tubes_dagoz/install/ros2_socketcan/share/ros2_socketcan/local_setup.bash
[0.531s] -- Up-to-date: /home/alyazahrarr/tubes_dagoz/install/ros2_socketcan/share/ros2_socketcan/local_setup.sh
[0.531s] -- Up-to-date: /home/alyazahrarr/tubes_dagoz/install/ros2_socketcan/share/ros2_socketcan/local_setup.zsh
[0.532s] -- Up-to-date: /home/alyazahrarr/tubes_dagoz/install/ros2_socketcan/share/ros2_socketcan/local_setup.dsv
[0.532s] -- Installing: /home/alyazahrarr/tubes_dagoz/install/ros2_socketcan/share/ros2_socketcan/package.dsv
[0.532s] -- Up-to-date: /home/alyazahrarr/tubes_dagoz/install/ros2_socketcan/share/ament_index/resource_index/packages/ros2_socketcan
[0.532s] -- Up-to-date: /home/alyazahrarr/tubes_dagoz/install/ros2_socketcan/share/ament_index/resource_index/rclcpp_components/ros2_socketcan
[0.533s] -- Up-to-date: /home/alyazahrarr/tubes_dagoz/install/ros2_socketcan/share/ros2_socketcan/cmake/ament_cmake_export_dependencies-extras.cmake
[0.533s] -- Up-to-date: /home/alyazahrarr/tubes_dagoz/install/ros2_socketcan/share/ros2_socketcan/cmake/ament_cmake_export_include_directories-extras.cmake
[0.533s] -- Up-to-date: /home/alyazahrarr/tubes_dagoz/install/ros2_socketcan/share/ros2_socketcan/cmake/ament_cmake_export_libraries-extras.cmake
[0.533s] -- Up-to-date: /home/alyazahrarr/tubes_dagoz/install/ros2_socketcan/share/ros2_socketcan/cmake/ros2_socketcanConfig.cmake
[0.533s] -- Up-to-date: /home/alyazahrarr/tubes_dagoz/install/ros2_socketcan/share/ros2_socketcan/cmake/ros2_socketcanConfig-version.cmake
[0.533s] -- Up-to-date: /home/alyazahrarr/tubes_dagoz/install/ros2_socketcan/share/ros2_socketcan/package.xml
[0.537s] Invoked command in '/home/alyazahrarr/tubes_dagoz/build/ros2_socketcan' returned '0': AMENT_PREFIX_PATH=/home/alyazahrarr/tubes_dagoz/install/ros2_socketcan_msgs:/home/alyazahrarr/tubes_dagoz/install/can_msgs:${AMENT_PREFIX_PATH} CMAKE_PREFIX_PATH=/home/alyazahrarr/tubes_dagoz/install/ros2_socketcan_msgs:/home/alyazahrarr/tubes_dagoz/install/can_msgs:/home/alyazahrarr/ros2_ws/install/my_package:/home/alyazahrarr/ros2_ws/install/examples_rclcpp_wait_set:/home/alyazahrarr/ros2_ws/install/examples_rclcpp_multithreaded_executor:/home/alyazahrarr/ros2_ws/install/examples_rclcpp_minimal_timer:/home/alyazahrarr/ros2_ws/install/examples_rclcpp_minimal_subscriber:/home/alyazahrarr/ros2_ws/install/examples_rclcpp_minimal_service:/home/alyazahrarr/ros2_ws/install/examples_rclcpp_minimal_publisher:/home/alyazahrarr/ros2_ws/install/examples_rclcpp_minimal_composition:/home/alyazahrarr/ros2_ws/install/examples_rclcpp_minimal_client:/home/alyazahrarr/ros2_ws/install/examples_rclcpp_minimal_action_server:/home/alyazahrarr/ros2_ws/install/examples_rclcpp_minimal_action_client:/home/alyazahrarr/ros2_ws/install/examples_rclcpp_cbg_executor:/home/alyazahrarr/ros2_ws/install/examples_rclcpp_async_client:/opt/ros/jazzy/opt/gz_math_vendor:/opt/ros/jazzy/opt/gz_utils_vendor:/opt/ros/jazzy/opt/gz_cmake_vendor:/home/alyazahrarr/ros2_ws/install/launch_testing_examples:/home/alyazahrarr/ros2_ws/install/examples_rclpy_pointcloud_publisher:/home/alyazahrarr/ros2_ws/install/examples_rclpy_minimal_subscriber:/home/alyazahrarr/ros2_ws/install/examples_rclpy_minimal_service:/home/alyazahrarr/ros2_ws/install/examples_rclpy_minimal_publisher:/home/alyazahrarr/ros2_ws/install/examples_rclpy_minimal_client:/home/alyazahrarr/ros2_ws/install/examples_rclpy_minimal_action_server:/home/alyazahrarr/ros2_ws/install/examples_rclpy_minimal_action_client:/home/alyazahrarr/ros2_ws/install/examples_rclpy_guard_conditions:/home/alyazahrarr/ros2_ws/install/examples_rclpy_executors:/opt/ros/jazzy DEBUGINFOD_URLS=https://debuginfod.ubuntu.com LD_LIBRARY_PATH=/home/alyazahrarr/tubes_dagoz/install/ros2_socketcan_msgs/lib:/home/alyazahrarr/tubes_dagoz/install/can_msgs/lib:${LD_LIBRARY_PATH} PYTHONPATH=/home/alyazahrarr/tubes_dagoz/install/ros2_socketcan_msgs/lib/python3.12/site-packages:/home/alyazahrarr/tubes_dagoz/install/can_msgs/lib/python3.12/site-packages:${PYTHONPATH} /usr/bin/cmake --install /home/alyazahrarr/tubes_dagoz/build/ros2_socketcan
