[0.010s] Invoking command in '/home/adha/belajar/ws1/build/ros2_socketcan_msgs': CMAKE_PREFIX_PATH=${CMAKE_PREFIX_PATH}:/opt/ros/jazzy DEBUGINFOD_URLS=https://debuginfod.ubuntu.com /usr/bin/cmake --build /home/adha/belajar/ws1/build/ros2_socketcan_msgs -- -j12 -l12
[0.049s] [  2%] Built target ros2_socketcan_msgs__rosidl_generator_type_description
[0.058s] [  2%] Built target ament_cmake_python_copy_ros2_socketcan_msgs
[0.068s] [  5%] Built target ros2_socketcan_msgs__cpp
[0.068s] [ 20%] Built target ros2_socketcan_msgs__rosidl_generator_c
[0.110s] [ 29%] Built target ros2_socketcan_msgs__rosidl_typesupport_cpp
[0.118s] [ 38%] Built target ros2_socketcan_msgs__rosidl_typesupport_fastrtps_c
[0.120s] [ 47%] Built target ros2_socketcan_msgs__rosidl_typesupport_c
[0.122s] [ 64%] Built target ros2_socketcan_msgs__rosidl_typesupport_fastrtps_cpp
[0.122s] [ 64%] Built target ros2_socketcan_msgs__rosidl_typesupport_introspection_c
[0.126s] [ 73%] Built target ros2_socketcan_msgs__rosidl_typesupport_introspection_cpp
[0.144s] [ 73%] Built target ros2_socketcan_msgs
[0.162s] [ 76%] Built target ros2_socketcan_msgs__py
[0.186s] [ 82%] Built target ros2_socketcan_msgs__rosidl_generator_py
[0.208s] [100%] Built target ros2_socketcan_msgs_s__rosidl_typesupport_fastrtps_c
[0.208s] [100%] Built target ros2_socketcan_msgs_s__rosidl_typesupport_introspection_c
[0.208s] [100%] Built target ros2_socketcan_msgs_s__rosidl_typesupport_c
[0.218s] running egg_info
[0.227s] writing ros2_socketcan_msgs.egg-info/PKG-INFO
[0.227s] writing dependency_links to ros2_socketcan_msgs.egg-info/dependency_links.txt
[0.227s] writing top-level names to ros2_socketcan_msgs.egg-info/top_level.txt
[0.252s] reading manifest file 'ros2_socketcan_msgs.egg-info/SOURCES.txt'
[0.252s] writing manifest file 'ros2_socketcan_msgs.egg-info/SOURCES.txt'
[0.279s] [100%] Built target ament_cmake_python_build_ros2_socketcan_msgs_egg
[0.287s] Invoked command in '/home/adha/belajar/ws1/build/ros2_socketcan_msgs' returned '0': CMAKE_PREFIX_PATH=${CMAKE_PREFIX_PATH}:/opt/ros/jazzy DEBUGINFOD_URLS=https://debuginfod.ubuntu.com /usr/bin/cmake --build /home/adha/belajar/ws1/build/ros2_socketcan_msgs -- -j12 -l12
[0.339s] Invoking command in '/home/adha/belajar/ws1/build/ros2_socketcan_msgs': CMAKE_PREFIX_PATH=${CMAKE_PREFIX_PATH}:/opt/ros/jazzy DEBUGINFOD_URLS=https://debuginfod.ubuntu.com /usr/bin/cmake --install /home/adha/belajar/ws1/build/ros2_socketcan_msgs
[0.346s] -- Install configuration: ""
[0.346s] -- Up-to-date: /home/adha/belajar/ws1/install/ros2_socketcan_msgs/share/ament_index/resource_index/rosidl_interfaces/ros2_socketcan_msgs
[0.346s] -- Up-to-date: /home/adha/belajar/ws1/install/ros2_socketcan_msgs/share/ros2_socketcan_msgs/msg/FdFrame.json
[0.346s] -- Up-to-date: /home/adha/belajar/ws1/install/ros2_socketcan_msgs/include/ros2_socketcan_msgs/ros2_socketcan_msgs
[0.347s] -- Up-to-date: /home/adha/belajar/ws1/install/ros2_socketcan_msgs/include/ros2_socketcan_msgs/ros2_socketcan_msgs/msg
[0.347s] -- Up-to-date: /home/adha/belajar/ws1/install/ros2_socketcan_msgs/include/ros2_socketcan_msgs/ros2_socketcan_msgs/msg/fd_frame.h
[0.347s] -- Up-to-date: /home/adha/belajar/ws1/install/ros2_socketcan_msgs/include/ros2_socketcan_msgs/ros2_socketcan_msgs/msg/rosidl_generator_c__visibility_control.h
[0.347s] -- Up-to-date: /home/adha/belajar/ws1/install/ros2_socketcan_msgs/include/ros2_socketcan_msgs/ros2_socketcan_msgs/msg/detail
[0.347s] -- Up-to-date: /home/adha/belajar/ws1/install/ros2_socketcan_msgs/include/ros2_socketcan_msgs/ros2_socketcan_msgs/msg/detail/fd_frame__functions.h
[0.347s] -- Up-to-date: /home/adha/belajar/ws1/install/ros2_socketcan_msgs/include/ros2_socketcan_msgs/ros2_socketcan_msgs/msg/detail/fd_frame__type_support.h
[0.347s] -- Up-to-date: /home/adha/belajar/ws1/install/ros2_socketcan_msgs/include/ros2_socketcan_msgs/ros2_socketcan_msgs/msg/detail/fd_frame__description.c
[0.347s] -- Up-to-date: /home/adha/belajar/ws1/install/ros2_socketcan_msgs/include/ros2_socketcan_msgs/ros2_socketcan_msgs/msg/detail/fd_frame__functions.c
[0.347s] -- Up-to-date: /home/adha/belajar/ws1/install/ros2_socketcan_msgs/include/ros2_socketcan_msgs/ros2_socketcan_msgs/msg/detail/fd_frame__struct.h
[0.347s] -- Up-to-date: /home/adha/belajar/ws1/install/ros2_socketcan_msgs/include/ros2_socketcan_msgs/ros2_socketcan_msgs/msg/detail/fd_frame__type_support.c
[0.347s] -- Up-to-date: /home/adha/belajar/ws1/install/ros2_socketcan_msgs/share/ros2_socketcan_msgs/environment/library_path.sh
[0.347s] -- Up-to-date: /home/adha/belajar/ws1/install/ros2_socketcan_msgs/share/ros2_socketcan_msgs/environment/library_path.dsv
[0.347s] -- Up-to-date: /home/adha/belajar/ws1/install/ros2_socketcan_msgs/lib/libros2_socketcan_msgs__rosidl_generator_c.so
[0.347s] -- Up-to-date: /home/adha/belajar/ws1/install/ros2_socketcan_msgs/include/ros2_socketcan_msgs/ros2_socketcan_msgs
[0.347s] -- Up-to-date: /home/adha/belajar/ws1/install/ros2_socketcan_msgs/include/ros2_socketcan_msgs/ros2_socketcan_msgs/msg
[0.347s] -- Up-to-date: /home/adha/belajar/ws1/install/ros2_socketcan_msgs/include/ros2_socketcan_msgs/ros2_socketcan_msgs/msg/rosidl_typesupport_fastrtps_c__visibility_control.h
[0.348s] -- Up-to-date: /home/adha/belajar/ws1/install/ros2_socketcan_msgs/include/ros2_socketcan_msgs/ros2_socketcan_msgs/msg/detail
[0.348s] -- Up-to-date: /home/adha/belajar/ws1/install/ros2_socketcan_msgs/include/ros2_socketcan_msgs/ros2_socketcan_msgs/msg/detail/fd_frame__rosidl_typesupport_fastrtps_c.h
[0.348s] -- Up-to-date: /home/adha/belajar/ws1/install/ros2_socketcan_msgs/lib/libros2_socketcan_msgs__rosidl_typesupport_fastrtps_c.so
[0.348s] -- Up-to-date: /home/adha/belajar/ws1/install/ros2_socketcan_msgs/include/ros2_socketcan_msgs/ros2_socketcan_msgs
[0.348s] -- Up-to-date: /home/adha/belajar/ws1/install/ros2_socketcan_msgs/include/ros2_socketcan_msgs/ros2_socketcan_msgs/msg
[0.348s] -- Up-to-date: /home/adha/belajar/ws1/install/ros2_socketcan_msgs/include/ros2_socketcan_msgs/ros2_socketcan_msgs/msg/rosidl_typesupport_introspection_c__visibility_control.h
[0.349s] -- Up-to-date: /home/adha/belajar/ws1/install/ros2_socketcan_msgs/include/ros2_socketcan_msgs/ros2_socketcan_msgs/msg/detail
[0.349s] -- Up-to-date: /home/adha/belajar/ws1/install/ros2_socketcan_msgs/include/ros2_socketcan_msgs/ros2_socketcan_msgs/msg/detail/fd_frame__rosidl_typesupport_introspection_c.h
[0.349s] -- Up-to-date: /home/adha/belajar/ws1/install/ros2_socketcan_msgs/include/ros2_socketcan_msgs/ros2_socketcan_msgs/msg/detail/fd_frame__type_support.c
[0.349s] -- Up-to-date: /home/adha/belajar/ws1/install/ros2_socketcan_msgs/lib/libros2_socketcan_msgs__rosidl_typesupport_introspection_c.so
[0.349s] -- Up-to-date: /home/adha/belajar/ws1/install/ros2_socketcan_msgs/lib/libros2_socketcan_msgs__rosidl_typesupport_c.so
[0.350s] -- Up-to-date: /home/adha/belajar/ws1/install/ros2_socketcan_msgs/include/ros2_socketcan_msgs/ros2_socketcan_msgs
[0.350s] -- Up-to-date: /home/adha/belajar/ws1/install/ros2_socketcan_msgs/include/ros2_socketcan_msgs/ros2_socketcan_msgs/msg
[0.350s] -- Up-to-date: /home/adha/belajar/ws1/install/ros2_socketcan_msgs/include/ros2_socketcan_msgs/ros2_socketcan_msgs/msg/rosidl_generator_cpp__visibility_control.hpp
[0.350s] -- Up-to-date: /home/adha/belajar/ws1/install/ros2_socketcan_msgs/include/ros2_socketcan_msgs/ros2_socketcan_msgs/msg/fd_frame.hpp
[0.350s] -- Up-to-date: /home/adha/belajar/ws1/install/ros2_socketcan_msgs/include/ros2_socketcan_msgs/ros2_socketcan_msgs/msg/detail
[0.350s] -- Up-to-date: /home/adha/belajar/ws1/install/ros2_socketcan_msgs/include/ros2_socketcan_msgs/ros2_socketcan_msgs/msg/detail/fd_frame__builder.hpp
[0.350s] -- Up-to-date: /home/adha/belajar/ws1/install/ros2_socketcan_msgs/include/ros2_socketcan_msgs/ros2_socketcan_msgs/msg/detail/fd_frame__type_support.hpp
[0.350s] -- Up-to-date: /home/adha/belajar/ws1/install/ros2_socketcan_msgs/include/ros2_socketcan_msgs/ros2_socketcan_msgs/msg/detail/fd_frame__struct.hpp
[0.350s] -- Up-to-date: /home/adha/belajar/ws1/install/ros2_socketcan_msgs/include/ros2_socketcan_msgs/ros2_socketcan_msgs/msg/detail/fd_frame__traits.hpp
[0.350s] -- Up-to-date: /home/adha/belajar/ws1/install/ros2_socketcan_msgs/include/ros2_socketcan_msgs/ros2_socketcan_msgs
[0.350s] -- Up-to-date: /home/adha/belajar/ws1/install/ros2_socketcan_msgs/include/ros2_socketcan_msgs/ros2_socketcan_msgs/msg
[0.350s] -- Up-to-date: /home/adha/belajar/ws1/install/ros2_socketcan_msgs/include/ros2_socketcan_msgs/ros2_socketcan_msgs/msg/rosidl_typesupport_fastrtps_cpp__visibility_control.h
[0.350s] -- Up-to-date: /home/adha/belajar/ws1/install/ros2_socketcan_msgs/include/ros2_socketcan_msgs/ros2_socketcan_msgs/msg/detail
[0.350s] -- Up-to-date: /home/adha/belajar/ws1/install/ros2_socketcan_msgs/include/ros2_socketcan_msgs/ros2_socketcan_msgs/msg/detail/dds_fastrtps
[0.350s] -- Up-to-date: /home/adha/belajar/ws1/install/ros2_socketcan_msgs/include/ros2_socketcan_msgs/ros2_socketcan_msgs/msg/detail/fd_frame__rosidl_typesupport_fastrtps_cpp.hpp
[0.351s] -- Up-to-date: /home/adha/belajar/ws1/install/ros2_socketcan_msgs/lib/libros2_socketcan_msgs__rosidl_typesupport_fastrtps_cpp.so
[0.351s] -- Up-to-date: /home/adha/belajar/ws1/install/ros2_socketcan_msgs/include/ros2_socketcan_msgs/ros2_socketcan_msgs
[0.351s] -- Up-to-date: /home/adha/belajar/ws1/install/ros2_socketcan_msgs/include/ros2_socketcan_msgs/ros2_socketcan_msgs/msg
[0.351s] -- Up-to-date: /home/adha/belajar/ws1/install/ros2_socketcan_msgs/include/ros2_socketcan_msgs/ros2_socketcan_msgs/msg/detail
[0.351s] -- Up-to-date: /home/adha/belajar/ws1/install/ros2_socketcan_msgs/include/ros2_socketcan_msgs/ros2_socketcan_msgs/msg/detail/fd_frame__rosidl_typesupport_introspection_cpp.hpp
[0.351s] -- Up-to-date: /home/adha/belajar/ws1/install/ros2_socketcan_msgs/include/ros2_socketcan_msgs/ros2_socketcan_msgs/msg/detail/fd_frame__type_support.cpp
[0.351s] -- Up-to-date: /home/adha/belajar/ws1/install/ros2_socketcan_msgs/lib/libros2_socketcan_msgs__rosidl_typesupport_introspection_cpp.so
[0.351s] -- Up-to-date: /home/adha/belajar/ws1/install/ros2_socketcan_msgs/lib/libros2_socketcan_msgs__rosidl_typesupport_cpp.so
[0.352s] -- Up-to-date: /home/adha/belajar/ws1/install/ros2_socketcan_msgs/share/ros2_socketcan_msgs/environment/pythonpath.sh
[0.352s] -- Up-to-date: /home/adha/belajar/ws1/install/ros2_socketcan_msgs/share/ros2_socketcan_msgs/environment/pythonpath.dsv
[0.352s] -- Up-to-date: /home/adha/belajar/ws1/install/ros2_socketcan_msgs/lib/python3.12/site-packages/ros2_socketcan_msgs-1.3.0-py3.12.egg-info
[0.352s] -- Installing: /home/adha/belajar/ws1/install/ros2_socketcan_msgs/lib/python3.12/site-packages/ros2_socketcan_msgs-1.3.0-py3.12.egg-info/dependency_links.txt
[0.352s] -- Installing: /home/adha/belajar/ws1/install/ros2_socketcan_msgs/lib/python3.12/site-packages/ros2_socketcan_msgs-1.3.0-py3.12.egg-info/top_level.txt
[0.353s] -- Installing: /home/adha/belajar/ws1/install/ros2_socketcan_msgs/lib/python3.12/site-packages/ros2_socketcan_msgs-1.3.0-py3.12.egg-info/SOURCES.txt
[0.353s] -- Installing: /home/adha/belajar/ws1/install/ros2_socketcan_msgs/lib/python3.12/site-packages/ros2_socketcan_msgs-1.3.0-py3.12.egg-info/PKG-INFO
[0.353s] -- Up-to-date: /home/adha/belajar/ws1/install/ros2_socketcan_msgs/lib/python3.12/site-packages/ros2_socketcan_msgs
[0.353s] -- Up-to-date: /home/adha/belajar/ws1/install/ros2_socketcan_msgs/lib/python3.12/site-packages/ros2_socketcan_msgs/ros2_socketcan_msgs_s__rosidl_typesupport_c.so
[0.354s] -- Up-to-date: /home/adha/belajar/ws1/install/ros2_socketcan_msgs/lib/python3.12/site-packages/ros2_socketcan_msgs/msg
[0.354s] -- Up-to-date: /home/adha/belajar/ws1/install/ros2_socketcan_msgs/lib/python3.12/site-packages/ros2_socketcan_msgs/msg/_fd_frame.py
[0.354s] -- Up-to-date: /home/adha/belajar/ws1/install/ros2_socketcan_msgs/lib/python3.12/site-packages/ros2_socketcan_msgs/msg/_fd_frame_s.c
[0.354s] -- Up-to-date: /home/adha/belajar/ws1/install/ros2_socketcan_msgs/lib/python3.12/site-packages/ros2_socketcan_msgs/msg/__init__.py
[0.354s] -- Up-to-date: /home/adha/belajar/ws1/install/ros2_socketcan_msgs/lib/python3.12/site-packages/ros2_socketcan_msgs/_ros2_socketcan_msgs_s.ep.rosidl_typesupport_introspection_c.c
[0.354s] -- Up-to-date: /home/adha/belajar/ws1/install/ros2_socketcan_msgs/lib/python3.12/site-packages/ros2_socketcan_msgs/__init__.py
[0.354s] -- Up-to-date: /home/adha/belajar/ws1/install/ros2_socketcan_msgs/lib/python3.12/site-packages/ros2_socketcan_msgs/ros2_socketcan_msgs_s__rosidl_typesupport_fastrtps_c.so
[0.354s] -- Up-to-date: /home/adha/belajar/ws1/install/ros2_socketcan_msgs/lib/python3.12/site-packages/ros2_socketcan_msgs/_ros2_socketcan_msgs_s.ep.rosidl_typesupport_c.c
[0.354s] -- Up-to-date: /home/adha/belajar/ws1/install/ros2_socketcan_msgs/lib/python3.12/site-packages/ros2_socketcan_msgs/_ros2_socketcan_msgs_s.ep.rosidl_typesupport_fastrtps_c.c
[0.354s] -- Up-to-date: /home/adha/belajar/ws1/install/ros2_socketcan_msgs/lib/python3.12/site-packages/ros2_socketcan_msgs/ros2_socketcan_msgs_s__rosidl_typesupport_introspection_c.so
[0.373s] Listing '/home/adha/belajar/ws1/install/ros2_socketcan_msgs/lib/python3.12/site-packages/ros2_socketcan_msgs'...
[0.373s] Listing '/home/adha/belajar/ws1/install/ros2_socketcan_msgs/lib/python3.12/site-packages/ros2_socketcan_msgs/msg'...
[0.376s] -- Up-to-date: /home/adha/belajar/ws1/install/ros2_socketcan_msgs/lib/python3.12/site-packages/ros2_socketcan_msgs/ros2_socketcan_msgs_s__rosidl_typesupport_fastrtps_c.so
[0.377s] -- Up-to-date: /home/adha/belajar/ws1/install/ros2_socketcan_msgs/lib/python3.12/site-packages/ros2_socketcan_msgs/ros2_socketcan_msgs_s__rosidl_typesupport_introspection_c.so
[0.377s] -- Up-to-date: /home/adha/belajar/ws1/install/ros2_socketcan_msgs/lib/python3.12/site-packages/ros2_socketcan_msgs/ros2_socketcan_msgs_s__rosidl_typesupport_c.so
[0.377s] -- Up-to-date: /home/adha/belajar/ws1/install/ros2_socketcan_msgs/lib/libros2_socketcan_msgs__rosidl_generator_py.so
[0.378s] -- Up-to-date: /home/adha/belajar/ws1/install/ros2_socketcan_msgs/share/ros2_socketcan_msgs/msg/FdFrame.idl
[0.378s] -- Up-to-date: /home/adha/belajar/ws1/install/ros2_socketcan_msgs/share/ros2_socketcan_msgs/msg/FdFrame.msg
[0.378s] -- Up-to-date: /home/adha/belajar/ws1/install/ros2_socketcan_msgs/share/ament_index/resource_index/package_run_dependencies/ros2_socketcan_msgs
[0.378s] -- Up-to-date: /home/adha/belajar/ws1/install/ros2_socketcan_msgs/share/ament_index/resource_index/parent_prefix_path/ros2_socketcan_msgs
[0.378s] -- Up-to-date: /home/adha/belajar/ws1/install/ros2_socketcan_msgs/share/ros2_socketcan_msgs/environment/ament_prefix_path.sh
[0.378s] -- Up-to-date: /home/adha/belajar/ws1/install/ros2_socketcan_msgs/share/ros2_socketcan_msgs/environment/ament_prefix_path.dsv
[0.378s] -- Up-to-date: /home/adha/belajar/ws1/install/ros2_socketcan_msgs/share/ros2_socketcan_msgs/environment/path.sh
[0.379s] -- Up-to-date: /home/adha/belajar/ws1/install/ros2_socketcan_msgs/share/ros2_socketcan_msgs/environment/path.dsv
[0.379s] -- Up-to-date: /home/adha/belajar/ws1/install/ros2_socketcan_msgs/share/ros2_socketcan_msgs/local_setup.bash
[0.379s] -- Up-to-date: /home/adha/belajar/ws1/install/ros2_socketcan_msgs/share/ros2_socketcan_msgs/local_setup.sh
[0.379s] -- Up-to-date: /home/adha/belajar/ws1/install/ros2_socketcan_msgs/share/ros2_socketcan_msgs/local_setup.zsh
[0.379s] -- Up-to-date: /home/adha/belajar/ws1/install/ros2_socketcan_msgs/share/ros2_socketcan_msgs/local_setup.dsv
[0.379s] -- Installing: /home/adha/belajar/ws1/install/ros2_socketcan_msgs/share/ros2_socketcan_msgs/package.dsv
[0.379s] -- Up-to-date: /home/adha/belajar/ws1/install/ros2_socketcan_msgs/share/ament_index/resource_index/packages/ros2_socketcan_msgs
[0.379s] -- Up-to-date: /home/adha/belajar/ws1/install/ros2_socketcan_msgs/share/ros2_socketcan_msgs/cmake/export_ros2_socketcan_msgs__rosidl_generator_cExport.cmake
[0.379s] -- Up-to-date: /home/adha/belajar/ws1/install/ros2_socketcan_msgs/share/ros2_socketcan_msgs/cmake/export_ros2_socketcan_msgs__rosidl_generator_cExport-noconfig.cmake
[0.379s] -- Up-to-date: /home/adha/belajar/ws1/install/ros2_socketcan_msgs/share/ros2_socketcan_msgs/cmake/export_ros2_socketcan_msgs__rosidl_typesupport_fastrtps_cExport.cmake
[0.379s] -- Up-to-date: /home/adha/belajar/ws1/install/ros2_socketcan_msgs/share/ros2_socketcan_msgs/cmake/export_ros2_socketcan_msgs__rosidl_typesupport_fastrtps_cExport-noconfig.cmake
[0.379s] -- Up-to-date: /home/adha/belajar/ws1/install/ros2_socketcan_msgs/share/ros2_socketcan_msgs/cmake/ros2_socketcan_msgs__rosidl_typesupport_introspection_cExport.cmake
[0.379s] -- Up-to-date: /home/adha/belajar/ws1/install/ros2_socketcan_msgs/share/ros2_socketcan_msgs/cmake/ros2_socketcan_msgs__rosidl_typesupport_introspection_cExport-noconfig.cmake
[0.379s] -- Up-to-date: /home/adha/belajar/ws1/install/ros2_socketcan_msgs/share/ros2_socketcan_msgs/cmake/ros2_socketcan_msgs__rosidl_typesupport_cExport.cmake
[0.379s] -- Up-to-date: /home/adha/belajar/ws1/install/ros2_socketcan_msgs/share/ros2_socketcan_msgs/cmake/ros2_socketcan_msgs__rosidl_typesupport_cExport-noconfig.cmake
[0.380s] -- Up-to-date: /home/adha/belajar/ws1/install/ros2_socketcan_msgs/share/ros2_socketcan_msgs/cmake/export_ros2_socketcan_msgs__rosidl_generator_cppExport.cmake
[0.380s] -- Up-to-date: /home/adha/belajar/ws1/install/ros2_socketcan_msgs/share/ros2_socketcan_msgs/cmake/export_ros2_socketcan_msgs__rosidl_typesupport_fastrtps_cppExport.cmake
[0.380s] -- Up-to-date: /home/adha/belajar/ws1/install/ros2_socketcan_msgs/share/ros2_socketcan_msgs/cmake/export_ros2_socketcan_msgs__rosidl_typesupport_fastrtps_cppExport-noconfig.cmake
[0.380s] -- Up-to-date: /home/adha/belajar/ws1/install/ros2_socketcan_msgs/share/ros2_socketcan_msgs/cmake/ros2_socketcan_msgs__rosidl_typesupport_introspection_cppExport.cmake
[0.380s] -- Up-to-date: /home/adha/belajar/ws1/install/ros2_socketcan_msgs/share/ros2_socketcan_msgs/cmake/ros2_socketcan_msgs__rosidl_typesupport_introspection_cppExport-noconfig.cmake
[0.380s] -- Up-to-date: /home/adha/belajar/ws1/install/ros2_socketcan_msgs/share/ros2_socketcan_msgs/cmake/ros2_socketcan_msgs__rosidl_typesupport_cppExport.cmake
[0.380s] -- Up-to-date: /home/adha/belajar/ws1/install/ros2_socketcan_msgs/share/ros2_socketcan_msgs/cmake/ros2_socketcan_msgs__rosidl_typesupport_cppExport-noconfig.cmake
[0.380s] -- Up-to-date: /home/adha/belajar/ws1/install/ros2_socketcan_msgs/share/ros2_socketcan_msgs/cmake/export_ros2_socketcan_msgs__rosidl_generator_pyExport.cmake
[0.380s] -- Up-to-date: /home/adha/belajar/ws1/install/ros2_socketcan_msgs/share/ros2_socketcan_msgs/cmake/export_ros2_socketcan_msgs__rosidl_generator_pyExport-noconfig.cmake
[0.380s] -- Up-to-date: /home/adha/belajar/ws1/install/ros2_socketcan_msgs/share/ros2_socketcan_msgs/cmake/rosidl_cmake-extras.cmake
[0.380s] -- Up-to-date: /home/adha/belajar/ws1/install/ros2_socketcan_msgs/share/ros2_socketcan_msgs/cmake/ament_cmake_export_dependencies-extras.cmake
[0.380s] -- Up-to-date: /home/adha/belajar/ws1/install/ros2_socketcan_msgs/share/ros2_socketcan_msgs/cmake/ament_cmake_export_include_directories-extras.cmake
[0.380s] -- Up-to-date: /home/adha/belajar/ws1/install/ros2_socketcan_msgs/share/ros2_socketcan_msgs/cmake/ament_cmake_export_libraries-extras.cmake
[0.380s] -- Up-to-date: /home/adha/belajar/ws1/install/ros2_socketcan_msgs/share/ros2_socketcan_msgs/cmake/ament_cmake_export_targets-extras.cmake
[0.381s] -- Up-to-date: /home/adha/belajar/ws1/install/ros2_socketcan_msgs/share/ros2_socketcan_msgs/cmake/rosidl_cmake_export_typesupport_targets-extras.cmake
[0.381s] -- Up-to-date: /home/adha/belajar/ws1/install/ros2_socketcan_msgs/share/ros2_socketcan_msgs/cmake/rosidl_cmake_export_typesupport_libraries-extras.cmake
[0.381s] -- Up-to-date: /home/adha/belajar/ws1/install/ros2_socketcan_msgs/share/ros2_socketcan_msgs/cmake/ros2_socketcan_msgsConfig.cmake
[0.381s] -- Up-to-date: /home/adha/belajar/ws1/install/ros2_socketcan_msgs/share/ros2_socketcan_msgs/cmake/ros2_socketcan_msgsConfig-version.cmake
[0.381s] -- Up-to-date: /home/adha/belajar/ws1/install/ros2_socketcan_msgs/share/ros2_socketcan_msgs/package.xml
[0.383s] Invoked command in '/home/adha/belajar/ws1/build/ros2_socketcan_msgs' returned '0': CMAKE_PREFIX_PATH=${CMAKE_PREFIX_PATH}:/opt/ros/jazzy DEBUGINFOD_URLS=https://debuginfod.ubuntu.com /usr/bin/cmake --install /home/adha/belajar/ws1/build/ros2_socketcan_msgs
