[0.035s] Invoking command in '/home/alyazahrarr/tubesss/tubes_dagoz/build/msgs': CMAKE_PREFIX_PATH=${CMAKE_PREFIX_PATH}:/home/alyazahrarr/ros2_ws/install/launch_testing_examples:/home/alyazahrarr/ros2_ws/install/examples_rclpy_pointcloud_publisher:/home/alyazahrarr/ros2_ws/install/examples_rclpy_minimal_subscriber:/home/alyazahrarr/ros2_ws/install/examples_rclpy_minimal_service:/home/alyazahrarr/ros2_ws/install/examples_rclpy_minimal_publisher:/home/alyazahrarr/ros2_ws/install/examples_rclpy_minimal_client:/home/alyazahrarr/ros2_ws/install/examples_rclpy_minimal_action_server:/home/alyazahrarr/ros2_ws/install/examples_rclpy_minimal_action_client:/home/alyazahrarr/ros2_ws/install/examples_rclpy_guard_conditions:/home/alyazahrarr/ros2_ws/install/examples_rclpy_executors:/opt/ros/jazzy DEBUGINFOD_URLS=https://debuginfod.ubuntu.com /usr/bin/cmake --build /home/alyazahrarr/tubesss/tubes_dagoz/build/msgs -- -j8 -l8
[0.162s] [  2%] Built target msgs__rosidl_generator_type_description
[0.203s] [  2%] Built target ament_cmake_python_copy_msgs
[0.292s] [ 17%] Built target msgs__rosidl_generator_c
[0.295s] [ 20%] Built target msgs__cpp
[0.467s] [ 29%] Built target msgs__rosidl_typesupport_fastrtps_c
[0.467s] [ 38%] Built target msgs__rosidl_typesupport_c
[0.470s] [ 47%] Built target msgs__rosidl_typesupport_fastrtps_cpp
[0.486s] [ 55%] Built target msgs__rosidl_typesupport_introspection_c
[0.493s] [ 64%] Built target msgs__rosidl_typesupport_cpp
[0.494s] [ 73%] Built target msgs__rosidl_typesupport_introspection_cpp
[0.550s] [ 73%] Built target msgs
[0.614s] [ 76%] Built target msgs__py
[0.682s] [ 82%] Built target msgs__rosidl_generator_py
[0.788s] [ 88%] Built target msgs_s__rosidl_typesupport_introspection_c
[0.804s] [ 94%] Built target msgs_s__rosidl_typesupport_fastrtps_c
[0.819s] [100%] Built target msgs_s__rosidl_typesupport_c
[1.102s] running egg_info
[1.153s] writing msgs.egg-info/PKG-INFO
[1.153s] writing dependency_links to msgs.egg-info/dependency_links.txt
[1.154s] writing top-level names to msgs.egg-info/top_level.txt
[1.300s] reading manifest file 'msgs.egg-info/SOURCES.txt'
[1.301s] writing manifest file 'msgs.egg-info/SOURCES.txt'
[1.369s] [100%] Built target ament_cmake_python_build_msgs_egg
[1.400s] Invoked command in '/home/alyazahrarr/tubesss/tubes_dagoz/build/msgs' returned '0': CMAKE_PREFIX_PATH=${CMAKE_PREFIX_PATH}:/home/alyazahrarr/ros2_ws/install/launch_testing_examples:/home/alyazahrarr/ros2_ws/install/examples_rclpy_pointcloud_publisher:/home/alyazahrarr/ros2_ws/install/examples_rclpy_minimal_subscriber:/home/alyazahrarr/ros2_ws/install/examples_rclpy_minimal_service:/home/alyazahrarr/ros2_ws/install/examples_rclpy_minimal_publisher:/home/alyazahrarr/ros2_ws/install/examples_rclpy_minimal_client:/home/alyazahrarr/ros2_ws/install/examples_rclpy_minimal_action_server:/home/alyazahrarr/ros2_ws/install/examples_rclpy_minimal_action_client:/home/alyazahrarr/ros2_ws/install/examples_rclpy_guard_conditions:/home/alyazahrarr/ros2_ws/install/examples_rclpy_executors:/opt/ros/jazzy DEBUGINFOD_URLS=https://debuginfod.ubuntu.com /usr/bin/cmake --build /home/alyazahrarr/tubesss/tubes_dagoz/build/msgs -- -j8 -l8
[1.546s] Invoking command in '/home/alyazahrarr/tubesss/tubes_dagoz/build/msgs': CMAKE_PREFIX_PATH=${CMAKE_PREFIX_PATH}:/home/alyazahrarr/ros2_ws/install/launch_testing_examples:/home/alyazahrarr/ros2_ws/install/examples_rclpy_pointcloud_publisher:/home/alyazahrarr/ros2_ws/install/examples_rclpy_minimal_subscriber:/home/alyazahrarr/ros2_ws/install/examples_rclpy_minimal_service:/home/alyazahrarr/ros2_ws/install/examples_rclpy_minimal_publisher:/home/alyazahrarr/ros2_ws/install/examples_rclpy_minimal_client:/home/alyazahrarr/ros2_ws/install/examples_rclpy_minimal_action_server:/home/alyazahrarr/ros2_ws/install/examples_rclpy_minimal_action_client:/home/alyazahrarr/ros2_ws/install/examples_rclpy_guard_conditions:/home/alyazahrarr/ros2_ws/install/examples_rclpy_executors:/opt/ros/jazzy DEBUGINFOD_URLS=https://debuginfod.ubuntu.com /usr/bin/cmake --install /home/alyazahrarr/tubesss/tubes_dagoz/build/msgs
[1.563s] -- Install configuration: ""
[1.563s] -- Up-to-date: /home/alyazahrarr/tubesss/tubes_dagoz/install/msgs/share/ament_index/resource_index/rosidl_interfaces/msgs
[1.564s] -- Up-to-date: /home/alyazahrarr/tubesss/tubes_dagoz/install/msgs/share/msgs/msg/HardwareCommand.json
[1.564s] -- Up-to-date: /home/alyazahrarr/tubesss/tubes_dagoz/install/msgs/include/msgs/msgs
[1.564s] -- Up-to-date: /home/alyazahrarr/tubesss/tubes_dagoz/install/msgs/include/msgs/msgs/msg
[1.565s] -- Up-to-date: /home/alyazahrarr/tubesss/tubes_dagoz/install/msgs/include/msgs/msgs/msg/hardware_command.h
[1.565s] -- Up-to-date: /home/alyazahrarr/tubesss/tubes_dagoz/install/msgs/include/msgs/msgs/msg/detail
[1.566s] -- Up-to-date: /home/alyazahrarr/tubesss/tubes_dagoz/install/msgs/include/msgs/msgs/msg/detail/hardware_command__struct.h
[1.566s] -- Up-to-date: /home/alyazahrarr/tubesss/tubes_dagoz/install/msgs/include/msgs/msgs/msg/detail/hardware_command__type_support.h
[1.567s] -- Up-to-date: /home/alyazahrarr/tubesss/tubes_dagoz/install/msgs/include/msgs/msgs/msg/detail/hardware_command__functions.c
[1.567s] -- Up-to-date: /home/alyazahrarr/tubesss/tubes_dagoz/install/msgs/include/msgs/msgs/msg/detail/hardware_command__functions.h
[1.568s] -- Up-to-date: /home/alyazahrarr/tubesss/tubes_dagoz/install/msgs/include/msgs/msgs/msg/detail/hardware_command__type_support.c
[1.568s] -- Up-to-date: /home/alyazahrarr/tubesss/tubes_dagoz/install/msgs/include/msgs/msgs/msg/detail/hardware_command__description.c
[1.569s] -- Up-to-date: /home/alyazahrarr/tubesss/tubes_dagoz/install/msgs/include/msgs/msgs/msg/rosidl_generator_c__visibility_control.h
[1.569s] -- Up-to-date: /home/alyazahrarr/tubesss/tubes_dagoz/install/msgs/share/msgs/environment/library_path.sh
[1.569s] -- Up-to-date: /home/alyazahrarr/tubesss/tubes_dagoz/install/msgs/share/msgs/environment/library_path.dsv
[1.570s] -- Up-to-date: /home/alyazahrarr/tubesss/tubes_dagoz/install/msgs/lib/libmsgs__rosidl_generator_c.so
[1.570s] -- Up-to-date: /home/alyazahrarr/tubesss/tubes_dagoz/install/msgs/include/msgs/msgs
[1.571s] -- Up-to-date: /home/alyazahrarr/tubesss/tubes_dagoz/install/msgs/include/msgs/msgs/msg
[1.571s] -- Up-to-date: /home/alyazahrarr/tubesss/tubes_dagoz/install/msgs/include/msgs/msgs/msg/detail
[1.572s] -- Up-to-date: /home/alyazahrarr/tubesss/tubes_dagoz/install/msgs/include/msgs/msgs/msg/detail/hardware_command__rosidl_typesupport_fastrtps_c.h
[1.572s] -- Up-to-date: /home/alyazahrarr/tubesss/tubes_dagoz/install/msgs/include/msgs/msgs/msg/rosidl_typesupport_fastrtps_c__visibility_control.h
[1.573s] -- Up-to-date: /home/alyazahrarr/tubesss/tubes_dagoz/install/msgs/lib/libmsgs__rosidl_typesupport_fastrtps_c.so
[1.573s] -- Up-to-date: /home/alyazahrarr/tubesss/tubes_dagoz/install/msgs/include/msgs/msgs
[1.573s] -- Up-to-date: /home/alyazahrarr/tubesss/tubes_dagoz/install/msgs/include/msgs/msgs/msg
[1.574s] -- Up-to-date: /home/alyazahrarr/tubesss/tubes_dagoz/install/msgs/include/msgs/msgs/msg/detail
[1.574s] -- Up-to-date: /home/alyazahrarr/tubesss/tubes_dagoz/install/msgs/include/msgs/msgs/msg/detail/hardware_command__builder.hpp
[1.575s] -- Up-to-date: /home/alyazahrarr/tubesss/tubes_dagoz/install/msgs/include/msgs/msgs/msg/detail/hardware_command__traits.hpp
[1.576s] -- Up-to-date: /home/alyazahrarr/tubesss/tubes_dagoz/install/msgs/include/msgs/msgs/msg/detail/hardware_command__type_support.hpp
[1.577s] -- Up-to-date: /home/alyazahrarr/tubesss/tubes_dagoz/install/msgs/include/msgs/msgs/msg/detail/hardware_command__struct.hpp
[1.577s] -- Up-to-date: /home/alyazahrarr/tubesss/tubes_dagoz/install/msgs/include/msgs/msgs/msg/hardware_command.hpp
[1.577s] -- Up-to-date: /home/alyazahrarr/tubesss/tubes_dagoz/install/msgs/include/msgs/msgs/msg/rosidl_generator_cpp__visibility_control.hpp
[1.578s] -- Up-to-date: /home/alyazahrarr/tubesss/tubes_dagoz/install/msgs/include/msgs/msgs
[1.579s] -- Up-to-date: /home/alyazahrarr/tubesss/tubes_dagoz/install/msgs/include/msgs/msgs/msg
[1.579s] -- Up-to-date: /home/alyazahrarr/tubesss/tubes_dagoz/install/msgs/include/msgs/msgs/msg/detail
[1.580s] -- Up-to-date: /home/alyazahrarr/tubesss/tubes_dagoz/install/msgs/include/msgs/msgs/msg/detail/dds_fastrtps
[1.580s] -- Up-to-date: /home/alyazahrarr/tubesss/tubes_dagoz/install/msgs/include/msgs/msgs/msg/detail/hardware_command__rosidl_typesupport_fastrtps_cpp.hpp
[1.581s] -- Up-to-date: /home/alyazahrarr/tubesss/tubes_dagoz/install/msgs/include/msgs/msgs/msg/rosidl_typesupport_fastrtps_cpp__visibility_control.h
[1.581s] -- Up-to-date: /home/alyazahrarr/tubesss/tubes_dagoz/install/msgs/lib/libmsgs__rosidl_typesupport_fastrtps_cpp.so
[1.583s] -- Up-to-date: /home/alyazahrarr/tubesss/tubes_dagoz/install/msgs/include/msgs/msgs
[1.584s] -- Up-to-date: /home/alyazahrarr/tubesss/tubes_dagoz/install/msgs/include/msgs/msgs/msg
[1.584s] -- Up-to-date: /home/alyazahrarr/tubesss/tubes_dagoz/install/msgs/include/msgs/msgs/msg/detail
[1.585s] -- Up-to-date: /home/alyazahrarr/tubesss/tubes_dagoz/install/msgs/include/msgs/msgs/msg/detail/hardware_command__rosidl_typesupport_introspection_c.h
[1.585s] -- Up-to-date: /home/alyazahrarr/tubesss/tubes_dagoz/install/msgs/include/msgs/msgs/msg/detail/hardware_command__type_support.c
[1.585s] -- Up-to-date: /home/alyazahrarr/tubesss/tubes_dagoz/install/msgs/include/msgs/msgs/msg/rosidl_typesupport_introspection_c__visibility_control.h
[1.585s] -- Up-to-date: /home/alyazahrarr/tubesss/tubes_dagoz/install/msgs/lib/libmsgs__rosidl_typesupport_introspection_c.so
[1.586s] -- Up-to-date: /home/alyazahrarr/tubesss/tubes_dagoz/install/msgs/lib/libmsgs__rosidl_typesupport_c.so
[1.586s] -- Up-to-date: /home/alyazahrarr/tubesss/tubes_dagoz/install/msgs/include/msgs/msgs
[1.586s] -- Up-to-date: /home/alyazahrarr/tubesss/tubes_dagoz/install/msgs/include/msgs/msgs/msg
[1.586s] -- Up-to-date: /home/alyazahrarr/tubesss/tubes_dagoz/install/msgs/include/msgs/msgs/msg/detail
[1.587s] -- Up-to-date: /home/alyazahrarr/tubesss/tubes_dagoz/install/msgs/include/msgs/msgs/msg/detail/hardware_command__rosidl_typesupport_introspection_cpp.hpp
[1.587s] -- Up-to-date: /home/alyazahrarr/tubesss/tubes_dagoz/install/msgs/include/msgs/msgs/msg/detail/hardware_command__type_support.cpp
[1.587s] -- Up-to-date: /home/alyazahrarr/tubesss/tubes_dagoz/install/msgs/lib/libmsgs__rosidl_typesupport_introspection_cpp.so
[1.587s] -- Up-to-date: /home/alyazahrarr/tubesss/tubes_dagoz/install/msgs/lib/libmsgs__rosidl_typesupport_cpp.so
[1.588s] -- Up-to-date: /home/alyazahrarr/tubesss/tubes_dagoz/install/msgs/share/msgs/environment/pythonpath.sh
[1.588s] -- Up-to-date: /home/alyazahrarr/tubesss/tubes_dagoz/install/msgs/share/msgs/environment/pythonpath.dsv
[1.588s] -- Up-to-date: /home/alyazahrarr/tubesss/tubes_dagoz/install/msgs/lib/python3.12/site-packages/msgs-0.0.0-py3.12.egg-info
[1.588s] -- Installing: /home/alyazahrarr/tubesss/tubes_dagoz/install/msgs/lib/python3.12/site-packages/msgs-0.0.0-py3.12.egg-info/dependency_links.txt
[1.589s] -- Installing: /home/alyazahrarr/tubesss/tubes_dagoz/install/msgs/lib/python3.12/site-packages/msgs-0.0.0-py3.12.egg-info/SOURCES.txt
[1.589s] -- Installing: /home/alyazahrarr/tubesss/tubes_dagoz/install/msgs/lib/python3.12/site-packages/msgs-0.0.0-py3.12.egg-info/PKG-INFO
[1.589s] -- Installing: /home/alyazahrarr/tubesss/tubes_dagoz/install/msgs/lib/python3.12/site-packages/msgs-0.0.0-py3.12.egg-info/top_level.txt
[1.589s] -- Up-to-date: /home/alyazahrarr/tubesss/tubes_dagoz/install/msgs/lib/python3.12/site-packages/msgs
[1.590s] -- Up-to-date: /home/alyazahrarr/tubesss/tubes_dagoz/install/msgs/lib/python3.12/site-packages/msgs/msgs_s__rosidl_typesupport_c.so
[1.590s] -- Up-to-date: /home/alyazahrarr/tubesss/tubes_dagoz/install/msgs/lib/python3.12/site-packages/msgs/_msgs_s.ep.rosidl_typesupport_introspection_c.c
[1.590s] -- Up-to-date: /home/alyazahrarr/tubesss/tubes_dagoz/install/msgs/lib/python3.12/site-packages/msgs/_msgs_s.ep.rosidl_typesupport_fastrtps_c.c
[1.591s] -- Up-to-date: /home/alyazahrarr/tubesss/tubes_dagoz/install/msgs/lib/python3.12/site-packages/msgs/__init__.py
[1.591s] -- Up-to-date: /home/alyazahrarr/tubesss/tubes_dagoz/install/msgs/lib/python3.12/site-packages/msgs/_msgs_s.ep.rosidl_typesupport_c.c
[1.591s] -- Up-to-date: /home/alyazahrarr/tubesss/tubes_dagoz/install/msgs/lib/python3.12/site-packages/msgs/msgs_s__rosidl_typesupport_fastrtps_c.so
[1.591s] -- Up-to-date: /home/alyazahrarr/tubesss/tubes_dagoz/install/msgs/lib/python3.12/site-packages/msgs/msgs_s__rosidl_typesupport_introspection_c.so
[1.592s] -- Up-to-date: /home/alyazahrarr/tubesss/tubes_dagoz/install/msgs/lib/python3.12/site-packages/msgs/msg
[1.592s] -- Up-to-date: /home/alyazahrarr/tubesss/tubes_dagoz/install/msgs/lib/python3.12/site-packages/msgs/msg/__init__.py
[1.592s] -- Up-to-date: /home/alyazahrarr/tubesss/tubes_dagoz/install/msgs/lib/python3.12/site-packages/msgs/msg/_hardware_command.py
[1.592s] -- Up-to-date: /home/alyazahrarr/tubesss/tubes_dagoz/install/msgs/lib/python3.12/site-packages/msgs/msg/_hardware_command_s.c
[1.664s] Listing '/home/alyazahrarr/tubesss/tubes_dagoz/install/msgs/lib/python3.12/site-packages/msgs'...
[1.664s] Listing '/home/alyazahrarr/tubesss/tubes_dagoz/install/msgs/lib/python3.12/site-packages/msgs/msg'...
[1.676s] -- Up-to-date: /home/alyazahrarr/tubesss/tubes_dagoz/install/msgs/lib/python3.12/site-packages/msgs/msgs_s__rosidl_typesupport_fastrtps_c.so
[1.676s] -- Up-to-date: /home/alyazahrarr/tubesss/tubes_dagoz/install/msgs/lib/python3.12/site-packages/msgs/msgs_s__rosidl_typesupport_introspection_c.so
[1.677s] -- Up-to-date: /home/alyazahrarr/tubesss/tubes_dagoz/install/msgs/lib/python3.12/site-packages/msgs/msgs_s__rosidl_typesupport_c.so
[1.678s] -- Up-to-date: /home/alyazahrarr/tubesss/tubes_dagoz/install/msgs/lib/libmsgs__rosidl_generator_py.so
[1.678s] -- Up-to-date: /home/alyazahrarr/tubesss/tubes_dagoz/install/msgs/share/msgs/msg/HardwareCommand.idl
[1.679s] -- Up-to-date: /home/alyazahrarr/tubesss/tubes_dagoz/install/msgs/share/msgs/msg/HardwareCommand.msg
[1.679s] -- Up-to-date: /home/alyazahrarr/tubesss/tubes_dagoz/install/msgs/share/ament_index/resource_index/package_run_dependencies/msgs
[1.680s] -- Up-to-date: /home/alyazahrarr/tubesss/tubes_dagoz/install/msgs/share/ament_index/resource_index/parent_prefix_path/msgs
[1.680s] -- Up-to-date: /home/alyazahrarr/tubesss/tubes_dagoz/install/msgs/share/msgs/environment/ament_prefix_path.sh
[1.680s] -- Up-to-date: /home/alyazahrarr/tubesss/tubes_dagoz/install/msgs/share/msgs/environment/ament_prefix_path.dsv
[1.681s] -- Up-to-date: /home/alyazahrarr/tubesss/tubes_dagoz/install/msgs/share/msgs/environment/path.sh
[1.681s] -- Up-to-date: /home/alyazahrarr/tubesss/tubes_dagoz/install/msgs/share/msgs/environment/path.dsv
[1.681s] -- Up-to-date: /home/alyazahrarr/tubesss/tubes_dagoz/install/msgs/share/msgs/local_setup.bash
[1.682s] -- Up-to-date: /home/alyazahrarr/tubesss/tubes_dagoz/install/msgs/share/msgs/local_setup.sh
[1.683s] -- Up-to-date: /home/alyazahrarr/tubesss/tubes_dagoz/install/msgs/share/msgs/local_setup.zsh
[1.683s] -- Up-to-date: /home/alyazahrarr/tubesss/tubes_dagoz/install/msgs/share/msgs/local_setup.dsv
[1.683s] -- Installing: /home/alyazahrarr/tubesss/tubes_dagoz/install/msgs/share/msgs/package.dsv
[1.683s] -- Up-to-date: /home/alyazahrarr/tubesss/tubes_dagoz/install/msgs/share/ament_index/resource_index/packages/msgs
[1.684s] -- Up-to-date: /home/alyazahrarr/tubesss/tubes_dagoz/install/msgs/share/msgs/cmake/export_msgs__rosidl_generator_cExport.cmake
[1.684s] -- Up-to-date: /home/alyazahrarr/tubesss/tubes_dagoz/install/msgs/share/msgs/cmake/export_msgs__rosidl_generator_cExport-noconfig.cmake
[1.685s] -- Up-to-date: /home/alyazahrarr/tubesss/tubes_dagoz/install/msgs/share/msgs/cmake/export_msgs__rosidl_typesupport_fastrtps_cExport.cmake
[1.685s] -- Up-to-date: /home/alyazahrarr/tubesss/tubes_dagoz/install/msgs/share/msgs/cmake/export_msgs__rosidl_typesupport_fastrtps_cExport-noconfig.cmake
[1.686s] -- Up-to-date: /home/alyazahrarr/tubesss/tubes_dagoz/install/msgs/share/msgs/cmake/export_msgs__rosidl_generator_cppExport.cmake
[1.686s] -- Up-to-date: /home/alyazahrarr/tubesss/tubes_dagoz/install/msgs/share/msgs/cmake/export_msgs__rosidl_typesupport_fastrtps_cppExport.cmake
[1.686s] -- Up-to-date: /home/alyazahrarr/tubesss/tubes_dagoz/install/msgs/share/msgs/cmake/export_msgs__rosidl_typesupport_fastrtps_cppExport-noconfig.cmake
[1.686s] -- Up-to-date: /home/alyazahrarr/tubesss/tubes_dagoz/install/msgs/share/msgs/cmake/msgs__rosidl_typesupport_introspection_cExport.cmake
[1.687s] -- Up-to-date: /home/alyazahrarr/tubesss/tubes_dagoz/install/msgs/share/msgs/cmake/msgs__rosidl_typesupport_introspection_cExport-noconfig.cmake
[1.688s] -- Up-to-date: /home/alyazahrarr/tubesss/tubes_dagoz/install/msgs/share/msgs/cmake/msgs__rosidl_typesupport_cExport.cmake
[1.688s] -- Up-to-date: /home/alyazahrarr/tubesss/tubes_dagoz/install/msgs/share/msgs/cmake/msgs__rosidl_typesupport_cExport-noconfig.cmake
[1.688s] -- Up-to-date: /home/alyazahrarr/tubesss/tubes_dagoz/install/msgs/share/msgs/cmake/msgs__rosidl_typesupport_introspection_cppExport.cmake
[1.688s] -- Up-to-date: /home/alyazahrarr/tubesss/tubes_dagoz/install/msgs/share/msgs/cmake/msgs__rosidl_typesupport_introspection_cppExport-noconfig.cmake
[1.689s] -- Up-to-date: /home/alyazahrarr/tubesss/tubes_dagoz/install/msgs/share/msgs/cmake/msgs__rosidl_typesupport_cppExport.cmake
[1.689s] -- Up-to-date: /home/alyazahrarr/tubesss/tubes_dagoz/install/msgs/share/msgs/cmake/msgs__rosidl_typesupport_cppExport-noconfig.cmake
[1.690s] -- Up-to-date: /home/alyazahrarr/tubesss/tubes_dagoz/install/msgs/share/msgs/cmake/export_msgs__rosidl_generator_pyExport.cmake
[1.690s] -- Up-to-date: /home/alyazahrarr/tubesss/tubes_dagoz/install/msgs/share/msgs/cmake/export_msgs__rosidl_generator_pyExport-noconfig.cmake
[1.690s] -- Up-to-date: /home/alyazahrarr/tubesss/tubes_dagoz/install/msgs/share/msgs/cmake/rosidl_cmake-extras.cmake
[1.691s] -- Up-to-date: /home/alyazahrarr/tubesss/tubes_dagoz/install/msgs/share/msgs/cmake/ament_cmake_export_include_directories-extras.cmake
[1.691s] -- Up-to-date: /home/alyazahrarr/tubesss/tubes_dagoz/install/msgs/share/msgs/cmake/ament_cmake_export_libraries-extras.cmake
[1.691s] -- Up-to-date: /home/alyazahrarr/tubesss/tubes_dagoz/install/msgs/share/msgs/cmake/ament_cmake_export_targets-extras.cmake
[1.692s] -- Up-to-date: /home/alyazahrarr/tubesss/tubes_dagoz/install/msgs/share/msgs/cmake/rosidl_cmake_export_typesupport_targets-extras.cmake
[1.692s] -- Up-to-date: /home/alyazahrarr/tubesss/tubes_dagoz/install/msgs/share/msgs/cmake/ament_cmake_export_dependencies-extras.cmake
[1.692s] -- Up-to-date: /home/alyazahrarr/tubesss/tubes_dagoz/install/msgs/share/msgs/cmake/rosidl_cmake_export_typesupport_libraries-extras.cmake
[1.695s] -- Up-to-date: /home/alyazahrarr/tubesss/tubes_dagoz/install/msgs/share/msgs/cmake/msgsConfig.cmake
[1.695s] -- Up-to-date: /home/alyazahrarr/tubesss/tubes_dagoz/install/msgs/share/msgs/cmake/msgsConfig-version.cmake
[1.695s] -- Up-to-date: /home/alyazahrarr/tubesss/tubes_dagoz/install/msgs/share/msgs/package.xml
[1.697s] Invoked command in '/home/alyazahrarr/tubesss/tubes_dagoz/build/msgs' returned '0': CMAKE_PREFIX_PATH=${CMAKE_PREFIX_PATH}:/home/alyazahrarr/ros2_ws/install/launch_testing_examples:/home/alyazahrarr/ros2_ws/install/examples_rclpy_pointcloud_publisher:/home/alyazahrarr/ros2_ws/install/examples_rclpy_minimal_subscriber:/home/alyazahrarr/ros2_ws/install/examples_rclpy_minimal_service:/home/alyazahrarr/ros2_ws/install/examples_rclpy_minimal_publisher:/home/alyazahrarr/ros2_ws/install/examples_rclpy_minimal_client:/home/alyazahrarr/ros2_ws/install/examples_rclpy_minimal_action_server:/home/alyazahrarr/ros2_ws/install/examples_rclpy_minimal_action_client:/home/alyazahrarr/ros2_ws/install/examples_rclpy_guard_conditions:/home/alyazahrarr/ros2_ws/install/examples_rclpy_executors:/opt/ros/jazzy DEBUGINFOD_URLS=https://debuginfod.ubuntu.com /usr/bin/cmake --install /home/alyazahrarr/tubesss/tubes_dagoz/build/msgs
