[0.023s] Invoking command in '/home/alyazahrarr/tubesss/tubes_dagoz/build/ros2_socketcan': AMENT_PREFIX_PATH=/home/alyazahrarr/tubesss/tubes_dagoz/install/ros2_socketcan_msgs:/home/alyazahrarr/tubesss/tubes_dagoz/install/can_msgs:${AMENT_PREFIX_PATH} CMAKE_PREFIX_PATH=/home/alyazahrarr/tubesss/tubes_dagoz/install/ros2_socketcan_msgs:/home/alyazahrarr/tubesss/tubes_dagoz/install/can_msgs:/home/alyazahrarr/ros2_ws/install/my_package:/home/alyazahrarr/ros2_ws/install/examples_rclcpp_wait_set:/home/alyazahrarr/ros2_ws/install/examples_rclcpp_multithreaded_executor:/home/alyazahrarr/ros2_ws/install/examples_rclcpp_minimal_timer:/home/alyazahrarr/ros2_ws/install/examples_rclcpp_minimal_subscriber:/home/alyazahrarr/ros2_ws/install/examples_rclcpp_minimal_service:/home/alyazahrarr/ros2_ws/install/examples_rclcpp_minimal_publisher:/home/alyazahrarr/ros2_ws/install/examples_rclcpp_minimal_composition:/home/alyazahrarr/ros2_ws/install/examples_rclcpp_minimal_client:/home/alyazahrarr/ros2_ws/install/examples_rclcpp_minimal_action_server:/home/alyazahrarr/ros2_ws/install/examples_rclcpp_minimal_action_client:/home/alyazahrarr/ros2_ws/install/examples_rclcpp_cbg_executor:/home/alyazahrarr/ros2_ws/install/examples_rclcpp_async_client:/opt/ros/jazzy/opt/gz_math_vendor:/opt/ros/jazzy/opt/gz_utils_vendor:/opt/ros/jazzy/opt/gz_cmake_vendor:/home/alyazahrarr/ros2_ws/install/launch_testing_examples:/home/alyazahrarr/ros2_ws/install/examples_rclpy_pointcloud_publisher:/home/alyazahrarr/ros2_ws/install/examples_rclpy_minimal_subscriber:/home/alyazahrarr/ros2_ws/install/examples_rclpy_minimal_service:/home/alyazahrarr/ros2_ws/install/examples_rclpy_minimal_publisher:/home/alyazahrarr/ros2_ws/install/examples_rclpy_minimal_client:/home/alyazahrarr/ros2_ws/install/examples_rclpy_minimal_action_server:/home/alyazahrarr/ros2_ws/install/examples_rclpy_minimal_action_client:/home/alyazahrarr/ros2_ws/install/examples_rclpy_guard_conditions:/home/alyazahrarr/ros2_ws/install/examples_rclpy_executors:/opt/ros/jazzy DEBUGINFOD_URLS=https://debuginfod.ubuntu.com LD_LIBRARY_PATH=/home/alyazahrarr/tubesss/tubes_dagoz/install/ros2_socketcan_msgs/lib:/home/alyazahrarr/tubesss/tubes_dagoz/install/can_msgs/lib:${LD_LIBRARY_PATH} PYTHONPATH=/home/alyazahrarr/tubesss/tubes_dagoz/install/ros2_socketcan_msgs/lib/python3.12/site-packages:/home/alyazahrarr/tubesss/tubes_dagoz/install/can_msgs/lib/python3.12/site-packages:${PYTHONPATH} /usr/bin/cmake /home/alyazahrarr/tubesss/tubes_dagoz/src/ros2_socketcan/ros2_socketcan -DCMAKE_INSTALL_PREFIX=/home/alyazahrarr/tubesss/tubes_dagoz/install/ros2_socketcan
[0.104s] -- The C compiler identification is GNU 13.2.0
[0.193s] -- The CXX compiler identification is GNU 13.2.0
[0.214s] -- Detecting C compiler ABI info
[0.341s] -- Detecting C compiler ABI info - done
[0.354s] -- Check for working C compiler: /usr/bin/cc - skipped
[0.354s] -- Detecting C compile features
[0.355s] -- Detecting C compile features - done
[0.366s] -- Detecting CXX compiler ABI info
[0.522s] -- Detecting CXX compiler ABI info - done
[0.537s] -- Check for working CXX compiler: /usr/bin/c++ - skipped
[0.537s] -- Detecting CXX compile features
[0.538s] -- Detecting CXX compile features - done
[0.543s] -- Found ament_cmake_auto: 2.5.2 (/opt/ros/jazzy/share/ament_cmake_auto/cmake)
[0.793s] -- Found Python3: /usr/bin/python3 (found version "3.12.3") found components: Interpreter 
[1.185s] -- Found rosidl_generator_c: 4.6.3 (/opt/ros/jazzy/share/rosidl_generator_c/cmake)
[1.209s] -- Found rosidl_generator_cpp: 4.6.3 (/opt/ros/jazzy/share/rosidl_generator_cpp/cmake)
[1.238s] -- Using all available rosidl_typesupport_c: rosidl_typesupport_fastrtps_c;rosidl_typesupport_introspection_c
[1.264s] -- Using all available rosidl_typesupport_cpp: rosidl_typesupport_fastrtps_cpp;rosidl_typesupport_introspection_cpp
[1.383s] -- Found rmw_implementation_cmake: 7.3.1 (/opt/ros/jazzy/share/rmw_implementation_cmake/cmake)
[1.389s] -- Found rmw_fastrtps_cpp: 8.4.1 (/opt/ros/jazzy/share/rmw_fastrtps_cpp/cmake)
[1.497s] -- Found OpenSSL: /usr/lib/x86_64-linux-gnu/libcrypto.so (found version "3.0.13")  
[1.527s] -- Found FastRTPS: /opt/ros/jazzy/include (Required is at least version "2.13") 
[1.556s] -- Using RMW implementation 'rmw_fastrtps_cpp' as default
[1.860s] -- Found ament_lint_auto: 0.17.1 (/opt/ros/jazzy/share/ament_lint_auto/cmake)
[1.903s] -- Found gtest sources under '/opt/ros/jazzy/src/gtest_vendor': C++ tests using 'Google Test' will be built
[1.908s] -- Performing Test CMAKE_HAVE_LIBC_PTHREAD
[2.035s] -- Performing Test CMAKE_HAVE_LIBC_PTHREAD - Success
[2.037s] -- Found Threads: TRUE  
[2.044s] -- Added test 'copyright' to check source files copyright and LICENSE
[2.049s] -- Added test 'cppcheck' to perform static code analysis on C / C++ code
[2.049s] -- Configured cppcheck include dirs: /home/alyazahrarr/tubesss/tubes_dagoz/src/ros2_socketcan/ros2_socketcan/include
[2.050s] -- Configured cppcheck exclude dirs and/or files: 
[2.053s] -- Added test 'cpplint' to check C / C++ code against the Google style
[2.054s] -- Configured cpplint exclude dirs and/or files: 
[2.055s] -- Added test 'flake8' to check Python code syntax and style conventions
[2.056s] -- Configured 'flake8' exclude dirs and/or files: 
[2.058s] -- Added test 'lint_cmake' to check CMake code style
[2.059s] -- Added test 'pep257' to check Python code against some of the docstring style conventions in PEP 257
[2.063s] -- Added test 'uncrustify' to check C / C++ code style
[2.063s] -- Configured uncrustify additional arguments: 
[2.065s] -- Added test 'xmllint' to check XML markup files
[2.071s] -- Configuring done (2.0s)
[2.121s] -- Generating done (0.0s)
[2.125s] -- Build files have been written to: /home/alyazahrarr/tubesss/tubes_dagoz/build/ros2_socketcan
[2.138s] Invoked command in '/home/alyazahrarr/tubesss/tubes_dagoz/build/ros2_socketcan' returned '0': AMENT_PREFIX_PATH=/home/alyazahrarr/tubesss/tubes_dagoz/install/ros2_socketcan_msgs:/home/alyazahrarr/tubesss/tubes_dagoz/install/can_msgs:${AMENT_PREFIX_PATH} CMAKE_PREFIX_PATH=/home/alyazahrarr/tubesss/tubes_dagoz/install/ros2_socketcan_msgs:/home/alyazahrarr/tubesss/tubes_dagoz/install/can_msgs:/home/alyazahrarr/ros2_ws/install/my_package:/home/alyazahrarr/ros2_ws/install/examples_rclcpp_wait_set:/home/alyazahrarr/ros2_ws/install/examples_rclcpp_multithreaded_executor:/home/alyazahrarr/ros2_ws/install/examples_rclcpp_minimal_timer:/home/alyazahrarr/ros2_ws/install/examples_rclcpp_minimal_subscriber:/home/alyazahrarr/ros2_ws/install/examples_rclcpp_minimal_service:/home/alyazahrarr/ros2_ws/install/examples_rclcpp_minimal_publisher:/home/alyazahrarr/ros2_ws/install/examples_rclcpp_minimal_composition:/home/alyazahrarr/ros2_ws/install/examples_rclcpp_minimal_client:/home/alyazahrarr/ros2_ws/install/examples_rclcpp_minimal_action_server:/home/alyazahrarr/ros2_ws/install/examples_rclcpp_minimal_action_client:/home/alyazahrarr/ros2_ws/install/examples_rclcpp_cbg_executor:/home/alyazahrarr/ros2_ws/install/examples_rclcpp_async_client:/opt/ros/jazzy/opt/gz_math_vendor:/opt/ros/jazzy/opt/gz_utils_vendor:/opt/ros/jazzy/opt/gz_cmake_vendor:/home/alyazahrarr/ros2_ws/install/launch_testing_examples:/home/alyazahrarr/ros2_ws/install/examples_rclpy_pointcloud_publisher:/home/alyazahrarr/ros2_ws/install/examples_rclpy_minimal_subscriber:/home/alyazahrarr/ros2_ws/install/examples_rclpy_minimal_service:/home/alyazahrarr/ros2_ws/install/examples_rclpy_minimal_publisher:/home/alyazahrarr/ros2_ws/install/examples_rclpy_minimal_client:/home/alyazahrarr/ros2_ws/install/examples_rclpy_minimal_action_server:/home/alyazahrarr/ros2_ws/install/examples_rclpy_minimal_action_client:/home/alyazahrarr/ros2_ws/install/examples_rclpy_guard_conditions:/home/alyazahrarr/ros2_ws/install/examples_rclpy_executors:/opt/ros/jazzy DEBUGINFOD_URLS=https://debuginfod.ubuntu.com LD_LIBRARY_PATH=/home/alyazahrarr/tubesss/tubes_dagoz/install/ros2_socketcan_msgs/lib:/home/alyazahrarr/tubesss/tubes_dagoz/install/can_msgs/lib:${LD_LIBRARY_PATH} PYTHONPATH=/home/alyazahrarr/tubesss/tubes_dagoz/install/ros2_socketcan_msgs/lib/python3.12/site-packages:/home/alyazahrarr/tubesss/tubes_dagoz/install/can_msgs/lib/python3.12/site-packages:${PYTHONPATH} /usr/bin/cmake /home/alyazahrarr/tubesss/tubes_dagoz/src/ros2_socketcan/ros2_socketcan -DCMAKE_INSTALL_PREFIX=/home/alyazahrarr/tubesss/tubes_dagoz/install/ros2_socketcan
[2.140s] Invoking command in '/home/alyazahrarr/tubesss/tubes_dagoz/build/ros2_socketcan': AMENT_PREFIX_PATH=/home/alyazahrarr/tubesss/tubes_dagoz/install/ros2_socketcan_msgs:/home/alyazahrarr/tubesss/tubes_dagoz/install/can_msgs:${AMENT_PREFIX_PATH} CMAKE_PREFIX_PATH=/home/alyazahrarr/tubesss/tubes_dagoz/install/ros2_socketcan_msgs:/home/alyazahrarr/tubesss/tubes_dagoz/install/can_msgs:/home/alyazahrarr/ros2_ws/install/my_package:/home/alyazahrarr/ros2_ws/install/examples_rclcpp_wait_set:/home/alyazahrarr/ros2_ws/install/examples_rclcpp_multithreaded_executor:/home/alyazahrarr/ros2_ws/install/examples_rclcpp_minimal_timer:/home/alyazahrarr/ros2_ws/install/examples_rclcpp_minimal_subscriber:/home/alyazahrarr/ros2_ws/install/examples_rclcpp_minimal_service:/home/alyazahrarr/ros2_ws/install/examples_rclcpp_minimal_publisher:/home/alyazahrarr/ros2_ws/install/examples_rclcpp_minimal_composition:/home/alyazahrarr/ros2_ws/install/examples_rclcpp_minimal_client:/home/alyazahrarr/ros2_ws/install/examples_rclcpp_minimal_action_server:/home/alyazahrarr/ros2_ws/install/examples_rclcpp_minimal_action_client:/home/alyazahrarr/ros2_ws/install/examples_rclcpp_cbg_executor:/home/alyazahrarr/ros2_ws/install/examples_rclcpp_async_client:/opt/ros/jazzy/opt/gz_math_vendor:/opt/ros/jazzy/opt/gz_utils_vendor:/opt/ros/jazzy/opt/gz_cmake_vendor:/home/alyazahrarr/ros2_ws/install/launch_testing_examples:/home/alyazahrarr/ros2_ws/install/examples_rclpy_pointcloud_publisher:/home/alyazahrarr/ros2_ws/install/examples_rclpy_minimal_subscriber:/home/alyazahrarr/ros2_ws/install/examples_rclpy_minimal_service:/home/alyazahrarr/ros2_ws/install/examples_rclpy_minimal_publisher:/home/alyazahrarr/ros2_ws/install/examples_rclpy_minimal_client:/home/alyazahrarr/ros2_ws/install/examples_rclpy_minimal_action_server:/home/alyazahrarr/ros2_ws/install/examples_rclpy_minimal_action_client:/home/alyazahrarr/ros2_ws/install/examples_rclpy_guard_conditions:/home/alyazahrarr/ros2_ws/install/examples_rclpy_executors:/opt/ros/jazzy DEBUGINFOD_URLS=https://debuginfod.ubuntu.com LD_LIBRARY_PATH=/home/alyazahrarr/tubesss/tubes_dagoz/install/ros2_socketcan_msgs/lib:/home/alyazahrarr/tubesss/tubes_dagoz/install/can_msgs/lib:${LD_LIBRARY_PATH} PYTHONPATH=/home/alyazahrarr/tubesss/tubes_dagoz/install/ros2_socketcan_msgs/lib/python3.12/site-packages:/home/alyazahrarr/tubesss/tubes_dagoz/install/can_msgs/lib/python3.12/site-packages:${PYTHONPATH} /usr/bin/cmake --build /home/alyazahrarr/tubesss/tubes_dagoz/build/ros2_socketcan -- -j8 -l8
[2.227s] [  9%] [32mBuilding CXX object CMakeFiles/socket_can_sender_node_exe.dir/rclcpp_components/node_main_socket_can_sender_node_exe.cpp.o[0m
[2.227s] [  9%] [32mBuilding CXX object gtest/CMakeFiles/gtest_main.dir/src/gtest_main.cc.o[0m
[2.227s] [ 14%] [32mBuilding CXX object CMakeFiles/ros2_socketcan.dir/src/socket_can_sender.cpp.o[0m
[2.227s] [ 19%] [32mBuilding CXX object CMakeFiles/ros2_socketcan.dir/src/socket_can_id.cpp.o[0m
[2.228s] [ 28%] [32mBuilding CXX object CMakeFiles/ros2_socketcan.dir/src/socket_can_common.cpp.o[0m
[2.228s] [ 28%] [32mBuilding CXX object CMakeFiles/ros2_socketcan.dir/src/socket_can_receiver.cpp.o[0m
[2.232s] [ 38%] [32mBuilding CXX object CMakeFiles/socket_can_receiver_node_exe.dir/rclcpp_components/node_main_socket_can_receiver_node_exe.cpp.o[0m
[2.232s] [ 38%] [32mBuilding CXX object gtest/CMakeFiles/gtest.dir/src/gtest-all.cc.o[0m
[3.742s] [ 42%] [32m[1mLinking CXX shared library libros2_socketcan.so[0m
[4.121s] [ 47%] [32m[1mLinking CXX static library libgtest_main.a[0m
[4.200s] [ 47%] Built target ros2_socketcan
[4.201s] [ 47%] Built target gtest_main
[4.235s] [ 52%] [32mBuilding CXX object CMakeFiles/socket_can_receiver_node.dir/src/socket_can_receiver_node.cpp.o[0m
[8.736s] [ 57%] [32m[1mLinking CXX executable socket_can_sender_node_exe[0m
[8.845s] [ 61%] [32m[1mLinking CXX executable socket_can_receiver_node_exe[0m
[8.966s] [ 61%] Built target socket_can_sender_node_exe
[9.064s] [ 61%] Built target socket_can_receiver_node_exe
[9.433s] [ 66%] [32m[1mLinking CXX static library libgtest.a[0m
[9.520s] [ 66%] Built target gtest
[9.552s] [ 80%] [32mBuilding CXX object CMakeFiles/ros2_socketcan_test.dir/test/sanity_checks.cpp.o[0m
[9.552s] [ 80%] [32mBuilding CXX object CMakeFiles/ros2_socketcan_test.dir/test/gtest_main.cpp.o[0m
[9.552s] [ 80%] [32mBuilding CXX object CMakeFiles/ros2_socketcan_test.dir/test/receiver.cpp.o[0m
[12.007s] [ 85%] [32m[1mLinking CXX executable ros2_socketcan_test[0m
[12.331s] [ 85%] Built target ros2_socketcan_test
[14.100s] [ 90%] [32m[1mLinking CXX shared library libsocket_can_receiver_node.so[0m
[14.406s] [ 90%] Built target socket_can_receiver_node
[14.434s] [ 95%] [32mBuilding CXX object CMakeFiles/socket_can_sender_node.dir/src/socket_can_sender_node.cpp.o[0m
[28.444s] [100%] [32m[1mLinking CXX shared library libsocket_can_sender_node.so[0m
[28.947s] [100%] Built target socket_can_sender_node
[28.964s] Invoked command in '/home/alyazahrarr/tubesss/tubes_dagoz/build/ros2_socketcan' returned '0': AMENT_PREFIX_PATH=/home/alyazahrarr/tubesss/tubes_dagoz/install/ros2_socketcan_msgs:/home/alyazahrarr/tubesss/tubes_dagoz/install/can_msgs:${AMENT_PREFIX_PATH} CMAKE_PREFIX_PATH=/home/alyazahrarr/tubesss/tubes_dagoz/install/ros2_socketcan_msgs:/home/alyazahrarr/tubesss/tubes_dagoz/install/can_msgs:/home/alyazahrarr/ros2_ws/install/my_package:/home/alyazahrarr/ros2_ws/install/examples_rclcpp_wait_set:/home/alyazahrarr/ros2_ws/install/examples_rclcpp_multithreaded_executor:/home/alyazahrarr/ros2_ws/install/examples_rclcpp_minimal_timer:/home/alyazahrarr/ros2_ws/install/examples_rclcpp_minimal_subscriber:/home/alyazahrarr/ros2_ws/install/examples_rclcpp_minimal_service:/home/alyazahrarr/ros2_ws/install/examples_rclcpp_minimal_publisher:/home/alyazahrarr/ros2_ws/install/examples_rclcpp_minimal_composition:/home/alyazahrarr/ros2_ws/install/examples_rclcpp_minimal_client:/home/alyazahrarr/ros2_ws/install/examples_rclcpp_minimal_action_server:/home/alyazahrarr/ros2_ws/install/examples_rclcpp_minimal_action_client:/home/alyazahrarr/ros2_ws/install/examples_rclcpp_cbg_executor:/home/alyazahrarr/ros2_ws/install/examples_rclcpp_async_client:/opt/ros/jazzy/opt/gz_math_vendor:/opt/ros/jazzy/opt/gz_utils_vendor:/opt/ros/jazzy/opt/gz_cmake_vendor:/home/alyazahrarr/ros2_ws/install/launch_testing_examples:/home/alyazahrarr/ros2_ws/install/examples_rclpy_pointcloud_publisher:/home/alyazahrarr/ros2_ws/install/examples_rclpy_minimal_subscriber:/home/alyazahrarr/ros2_ws/install/examples_rclpy_minimal_service:/home/alyazahrarr/ros2_ws/install/examples_rclpy_minimal_publisher:/home/alyazahrarr/ros2_ws/install/examples_rclpy_minimal_client:/home/alyazahrarr/ros2_ws/install/examples_rclpy_minimal_action_server:/home/alyazahrarr/ros2_ws/install/examples_rclpy_minimal_action_client:/home/alyazahrarr/ros2_ws/install/examples_rclpy_guard_conditions:/home/alyazahrarr/ros2_ws/install/examples_rclpy_executors:/opt/ros/jazzy DEBUGINFOD_URLS=https://debuginfod.ubuntu.com LD_LIBRARY_PATH=/home/alyazahrarr/tubesss/tubes_dagoz/install/ros2_socketcan_msgs/lib:/home/alyazahrarr/tubesss/tubes_dagoz/install/can_msgs/lib:${LD_LIBRARY_PATH} PYTHONPATH=/home/alyazahrarr/tubesss/tubes_dagoz/install/ros2_socketcan_msgs/lib/python3.12/site-packages:/home/alyazahrarr/tubesss/tubes_dagoz/install/can_msgs/lib/python3.12/site-packages:${PYTHONPATH} /usr/bin/cmake --build /home/alyazahrarr/tubesss/tubes_dagoz/build/ros2_socketcan -- -j8 -l8
[29.028s] Invoking command in '/home/alyazahrarr/tubesss/tubes_dagoz/build/ros2_socketcan': AMENT_PREFIX_PATH=/home/alyazahrarr/tubesss/tubes_dagoz/install/ros2_socketcan_msgs:/home/alyazahrarr/tubesss/tubes_dagoz/install/can_msgs:${AMENT_PREFIX_PATH} CMAKE_PREFIX_PATH=/home/alyazahrarr/tubesss/tubes_dagoz/install/ros2_socketcan_msgs:/home/alyazahrarr/tubesss/tubes_dagoz/install/can_msgs:/home/alyazahrarr/ros2_ws/install/my_package:/home/alyazahrarr/ros2_ws/install/examples_rclcpp_wait_set:/home/alyazahrarr/ros2_ws/install/examples_rclcpp_multithreaded_executor:/home/alyazahrarr/ros2_ws/install/examples_rclcpp_minimal_timer:/home/alyazahrarr/ros2_ws/install/examples_rclcpp_minimal_subscriber:/home/alyazahrarr/ros2_ws/install/examples_rclcpp_minimal_service:/home/alyazahrarr/ros2_ws/install/examples_rclcpp_minimal_publisher:/home/alyazahrarr/ros2_ws/install/examples_rclcpp_minimal_composition:/home/alyazahrarr/ros2_ws/install/examples_rclcpp_minimal_client:/home/alyazahrarr/ros2_ws/install/examples_rclcpp_minimal_action_server:/home/alyazahrarr/ros2_ws/install/examples_rclcpp_minimal_action_client:/home/alyazahrarr/ros2_ws/install/examples_rclcpp_cbg_executor:/home/alyazahrarr/ros2_ws/install/examples_rclcpp_async_client:/opt/ros/jazzy/opt/gz_math_vendor:/opt/ros/jazzy/opt/gz_utils_vendor:/opt/ros/jazzy/opt/gz_cmake_vendor:/home/alyazahrarr/ros2_ws/install/launch_testing_examples:/home/alyazahrarr/ros2_ws/install/examples_rclpy_pointcloud_publisher:/home/alyazahrarr/ros2_ws/install/examples_rclpy_minimal_subscriber:/home/alyazahrarr/ros2_ws/install/examples_rclpy_minimal_service:/home/alyazahrarr/ros2_ws/install/examples_rclpy_minimal_publisher:/home/alyazahrarr/ros2_ws/install/examples_rclpy_minimal_client:/home/alyazahrarr/ros2_ws/install/examples_rclpy_minimal_action_server:/home/alyazahrarr/ros2_ws/install/examples_rclpy_minimal_action_client:/home/alyazahrarr/ros2_ws/install/examples_rclpy_guard_conditions:/home/alyazahrarr/ros2_ws/install/examples_rclpy_executors:/opt/ros/jazzy DEBUGINFOD_URLS=https://debuginfod.ubuntu.com LD_LIBRARY_PATH=/home/alyazahrarr/tubesss/tubes_dagoz/install/ros2_socketcan_msgs/lib:/home/alyazahrarr/tubesss/tubes_dagoz/install/can_msgs/lib:${LD_LIBRARY_PATH} PYTHONPATH=/home/alyazahrarr/tubesss/tubes_dagoz/install/ros2_socketcan_msgs/lib/python3.12/site-packages:/home/alyazahrarr/tubesss/tubes_dagoz/install/can_msgs/lib/python3.12/site-packages:${PYTHONPATH} /usr/bin/cmake --install /home/alyazahrarr/tubesss/tubes_dagoz/build/ros2_socketcan
[29.042s] -- Install configuration: ""
[29.042s] -- Installing: /home/alyazahrarr/tubesss/tubes_dagoz/install/ros2_socketcan/lib/ros2_socketcan/socket_can_receiver_node_exe
[29.043s] -- Set non-toolchain portion of runtime path of "/home/alyazahrarr/tubesss/tubes_dagoz/install/ros2_socketcan/lib/ros2_socketcan/socket_can_receiver_node_exe" to ""
[29.043s] -- Installing: /home/alyazahrarr/tubesss/tubes_dagoz/install/ros2_socketcan/lib/ros2_socketcan/socket_can_sender_node_exe
[29.044s] -- Set non-toolchain portion of runtime path of "/home/alyazahrarr/tubesss/tubes_dagoz/install/ros2_socketcan/lib/ros2_socketcan/socket_can_sender_node_exe" to ""
[29.044s] -- Installing: /home/alyazahrarr/tubesss/tubes_dagoz/install/ros2_socketcan/include
[29.044s] -- Installing: /home/alyazahrarr/tubesss/tubes_dagoz/install/ros2_socketcan/include/ros2_socketcan
[29.045s] -- Installing: /home/alyazahrarr/tubesss/tubes_dagoz/install/ros2_socketcan/include/ros2_socketcan/socket_can_receiver_node.hpp
[29.045s] -- Installing: /home/alyazahrarr/tubesss/tubes_dagoz/install/ros2_socketcan/include/ros2_socketcan/visibility_control.hpp
[29.045s] -- Installing: /home/alyazahrarr/tubesss/tubes_dagoz/install/ros2_socketcan/include/ros2_socketcan/socket_can_sender.hpp
[29.045s] -- Installing: /home/alyazahrarr/tubesss/tubes_dagoz/install/ros2_socketcan/include/ros2_socketcan/socket_can_id.hpp
[29.046s] -- Installing: /home/alyazahrarr/tubesss/tubes_dagoz/install/ros2_socketcan/include/ros2_socketcan/socket_can_receiver.hpp
[29.046s] -- Installing: /home/alyazahrarr/tubesss/tubes_dagoz/install/ros2_socketcan/include/ros2_socketcan/socket_can_sender_node.hpp
[29.046s] -- Installing: /home/alyazahrarr/tubesss/tubes_dagoz/install/ros2_socketcan/include/ros2_socketcan/socket_can_common.hpp
[29.046s] -- Installing: /home/alyazahrarr/tubesss/tubes_dagoz/install/ros2_socketcan/share/ros2_socketcan/environment/library_path.sh
[29.046s] -- Installing: /home/alyazahrarr/tubesss/tubes_dagoz/install/ros2_socketcan/share/ros2_socketcan/environment/library_path.dsv
[29.047s] -- Installing: /home/alyazahrarr/tubesss/tubes_dagoz/install/ros2_socketcan/lib/libros2_socketcan.so
[29.048s] -- Set non-toolchain portion of runtime path of "/home/alyazahrarr/tubesss/tubes_dagoz/install/ros2_socketcan/lib/libros2_socketcan.so" to ""
[29.048s] -- Installing: /home/alyazahrarr/tubesss/tubes_dagoz/install/ros2_socketcan/lib/libsocket_can_receiver_node.so
[29.051s] -- Set non-toolchain portion of runtime path of "/home/alyazahrarr/tubesss/tubes_dagoz/install/ros2_socketcan/lib/libsocket_can_receiver_node.so" to ""
[29.051s] -- Installing: /home/alyazahrarr/tubesss/tubes_dagoz/install/ros2_socketcan/lib/libsocket_can_sender_node.so
[29.060s] -- Set non-toolchain portion of runtime path of "/home/alyazahrarr/tubesss/tubes_dagoz/install/ros2_socketcan/lib/libsocket_can_sender_node.so" to ""
[29.060s] -- Installing: /home/alyazahrarr/tubesss/tubes_dagoz/install/ros2_socketcan/share/ros2_socketcan/launch
[29.060s] -- Installing: /home/alyazahrarr/tubesss/tubes_dagoz/install/ros2_socketcan/share/ros2_socketcan/launch/socket_can_receiver.launch.py
[29.060s] -- Installing: /home/alyazahrarr/tubesss/tubes_dagoz/install/ros2_socketcan/share/ros2_socketcan/launch/socket_can_bridge.launch.xml
[29.060s] -- Installing: /home/alyazahrarr/tubesss/tubes_dagoz/install/ros2_socketcan/share/ros2_socketcan/launch/socket_can_sender.launch.py
[29.061s] -- Installing: /home/alyazahrarr/tubesss/tubes_dagoz/install/ros2_socketcan/share/ament_index/resource_index/package_run_dependencies/ros2_socketcan
[29.061s] -- Installing: /home/alyazahrarr/tubesss/tubes_dagoz/install/ros2_socketcan/share/ament_index/resource_index/parent_prefix_path/ros2_socketcan
[29.061s] -- Installing: /home/alyazahrarr/tubesss/tubes_dagoz/install/ros2_socketcan/share/ros2_socketcan/environment/ament_prefix_path.sh
[29.061s] -- Installing: /home/alyazahrarr/tubesss/tubes_dagoz/install/ros2_socketcan/share/ros2_socketcan/environment/ament_prefix_path.dsv
[29.062s] -- Installing: /home/alyazahrarr/tubesss/tubes_dagoz/install/ros2_socketcan/share/ros2_socketcan/environment/path.sh
[29.062s] -- Installing: /home/alyazahrarr/tubesss/tubes_dagoz/install/ros2_socketcan/share/ros2_socketcan/environment/path.dsv
[29.062s] -- Installing: /home/alyazahrarr/tubesss/tubes_dagoz/install/ros2_socketcan/share/ros2_socketcan/local_setup.bash
[29.062s] -- Installing: /home/alyazahrarr/tubesss/tubes_dagoz/install/ros2_socketcan/share/ros2_socketcan/local_setup.sh
[29.063s] -- Installing: /home/alyazahrarr/tubesss/tubes_dagoz/install/ros2_socketcan/share/ros2_socketcan/local_setup.zsh
[29.063s] -- Installing: /home/alyazahrarr/tubesss/tubes_dagoz/install/ros2_socketcan/share/ros2_socketcan/local_setup.dsv
[29.063s] -- Installing: /home/alyazahrarr/tubesss/tubes_dagoz/install/ros2_socketcan/share/ros2_socketcan/package.dsv
[29.064s] -- Installing: /home/alyazahrarr/tubesss/tubes_dagoz/install/ros2_socketcan/share/ament_index/resource_index/packages/ros2_socketcan
[29.064s] -- Installing: /home/alyazahrarr/tubesss/tubes_dagoz/install/ros2_socketcan/share/ament_index/resource_index/rclcpp_components/ros2_socketcan
[29.064s] -- Installing: /home/alyazahrarr/tubesss/tubes_dagoz/install/ros2_socketcan/share/ros2_socketcan/cmake/ament_cmake_export_dependencies-extras.cmake
[29.064s] -- Installing: /home/alyazahrarr/tubesss/tubes_dagoz/install/ros2_socketcan/share/ros2_socketcan/cmake/ament_cmake_export_include_directories-extras.cmake
[29.065s] -- Installing: /home/alyazahrarr/tubesss/tubes_dagoz/install/ros2_socketcan/share/ros2_socketcan/cmake/ament_cmake_export_libraries-extras.cmake
[29.065s] -- Installing: /home/alyazahrarr/tubesss/tubes_dagoz/install/ros2_socketcan/share/ros2_socketcan/cmake/ros2_socketcanConfig.cmake
[29.065s] -- Installing: /home/alyazahrarr/tubesss/tubes_dagoz/install/ros2_socketcan/share/ros2_socketcan/cmake/ros2_socketcanConfig-version.cmake
[29.065s] -- Installing: /home/alyazahrarr/tubesss/tubes_dagoz/install/ros2_socketcan/share/ros2_socketcan/package.xml
[29.069s] Invoked command in '/home/alyazahrarr/tubesss/tubes_dagoz/build/ros2_socketcan' returned '0': AMENT_PREFIX_PATH=/home/alyazahrarr/tubesss/tubes_dagoz/install/ros2_socketcan_msgs:/home/alyazahrarr/tubesss/tubes_dagoz/install/can_msgs:${AMENT_PREFIX_PATH} CMAKE_PREFIX_PATH=/home/alyazahrarr/tubesss/tubes_dagoz/install/ros2_socketcan_msgs:/home/alyazahrarr/tubesss/tubes_dagoz/install/can_msgs:/home/alyazahrarr/ros2_ws/install/my_package:/home/alyazahrarr/ros2_ws/install/examples_rclcpp_wait_set:/home/alyazahrarr/ros2_ws/install/examples_rclcpp_multithreaded_executor:/home/alyazahrarr/ros2_ws/install/examples_rclcpp_minimal_timer:/home/alyazahrarr/ros2_ws/install/examples_rclcpp_minimal_subscriber:/home/alyazahrarr/ros2_ws/install/examples_rclcpp_minimal_service:/home/alyazahrarr/ros2_ws/install/examples_rclcpp_minimal_publisher:/home/alyazahrarr/ros2_ws/install/examples_rclcpp_minimal_composition:/home/alyazahrarr/ros2_ws/install/examples_rclcpp_minimal_client:/home/alyazahrarr/ros2_ws/install/examples_rclcpp_minimal_action_server:/home/alyazahrarr/ros2_ws/install/examples_rclcpp_minimal_action_client:/home/alyazahrarr/ros2_ws/install/examples_rclcpp_cbg_executor:/home/alyazahrarr/ros2_ws/install/examples_rclcpp_async_client:/opt/ros/jazzy/opt/gz_math_vendor:/opt/ros/jazzy/opt/gz_utils_vendor:/opt/ros/jazzy/opt/gz_cmake_vendor:/home/alyazahrarr/ros2_ws/install/launch_testing_examples:/home/alyazahrarr/ros2_ws/install/examples_rclpy_pointcloud_publisher:/home/alyazahrarr/ros2_ws/install/examples_rclpy_minimal_subscriber:/home/alyazahrarr/ros2_ws/install/examples_rclpy_minimal_service:/home/alyazahrarr/ros2_ws/install/examples_rclpy_minimal_publisher:/home/alyazahrarr/ros2_ws/install/examples_rclpy_minimal_client:/home/alyazahrarr/ros2_ws/install/examples_rclpy_minimal_action_server:/home/alyazahrarr/ros2_ws/install/examples_rclpy_minimal_action_client:/home/alyazahrarr/ros2_ws/install/examples_rclpy_guard_conditions:/home/alyazahrarr/ros2_ws/install/examples_rclpy_executors:/opt/ros/jazzy DEBUGINFOD_URLS=https://debuginfod.ubuntu.com LD_LIBRARY_PATH=/home/alyazahrarr/tubesss/tubes_dagoz/install/ros2_socketcan_msgs/lib:/home/alyazahrarr/tubesss/tubes_dagoz/install/can_msgs/lib:${LD_LIBRARY_PATH} PYTHONPATH=/home/alyazahrarr/tubesss/tubes_dagoz/install/ros2_socketcan_msgs/lib/python3.12/site-packages:/home/alyazahrarr/tubesss/tubes_dagoz/install/can_msgs/lib/python3.12/site-packages:${PYTHONPATH} /usr/bin/cmake --install /home/alyazahrarr/tubesss/tubes_dagoz/build/ros2_socketcan
