[0.056s] DEBUG:colcon:Command line arguments: ['/usr/bin/colcon', 'build']
[0.056s] DEBUG:colcon:Parsed command line arguments: Namespace(log_base=None, log_level=None, verb_name='build', build_base='build', install_base='install', merge_install=False, symlink_install=False, test_result_base=None, continue_on_error=False, executor='parallel', parallel_workers=12, event_handlers=None, ignore_user_meta=False, metas=['./colcon.meta'], base_paths=['.'], packages_ignore=None, packages_ignore_regex=None, paths=None, packages_up_to=None, packages_up_to_regex=None, packages_above=None, packages_above_and_dependencies=None, packages_above_depth=None, packages_select_by_dep=None, packages_skip_by_dep=None, packages_skip_up_to=None, packages_select_build_failed=False, packages_skip_build_finished=False, packages_select_test_failures=False, packages_skip_test_passed=False, packages_select=None, packages_skip=None, packages_select_regex=None, packages_skip_regex=None, packages_start=None, packages_end=None, allow_overriding=[], cmake_args=None, cmake_target=None, cmake_target_skip_unavailable=False, cmake_clean_cache=False, cmake_clean_first=False, cmake_force_configure=False, ament_cmake_args=None, catkin_cmake_args=None, catkin_skip_building_tests=False, verb_parser=<colcon_defaults.argument_parser.defaults.DefaultArgumentsDecorator object at 0x7cee09c68410>, verb_extension=<colcon_core.verb.build.BuildVerb object at 0x7cee09d635f0>, main=<bound method BuildVerb.main of <colcon_core.verb.build.BuildVerb object at 0x7cee09d635f0>>)
[0.077s] Level 1:colcon.colcon_core.package_discovery:discover_packages(colcon_meta) check parameters
[0.077s] Level 1:colcon.colcon_core.package_discovery:discover_packages(recursive) check parameters
[0.077s] Level 1:colcon.colcon_core.package_discovery:discover_packages(ignore) check parameters
[0.077s] Level 1:colcon.colcon_core.package_discovery:discover_packages(path) check parameters
[0.077s] Level 1:colcon.colcon_core.package_discovery:discover_packages(colcon_meta) discover
[0.077s] Level 1:colcon.colcon_core.package_discovery:discover_packages(recursive) discover
[0.078s] INFO:colcon.colcon_core.package_discovery:Crawling recursively for packages in '/home/adha/belajar/ws1'
[0.078s] Level 1:colcon.colcon_core.package_identification:_identify(.) by extensions ['ignore', 'ignore_ament_install']
[0.078s] Level 1:colcon.colcon_core.package_identification:_identify(.) by extension 'ignore'
[0.078s] Level 1:colcon.colcon_core.package_identification:_identify(.) by extension 'ignore_ament_install'
[0.078s] Level 1:colcon.colcon_core.package_identification:_identify(.) by extensions ['colcon_pkg']
[0.078s] Level 1:colcon.colcon_core.package_identification:_identify(.) by extension 'colcon_pkg'
[0.078s] Level 1:colcon.colcon_core.package_identification:_identify(.) by extensions ['colcon_meta']
[0.078s] Level 1:colcon.colcon_core.package_identification:_identify(.) by extension 'colcon_meta'
[0.078s] Level 1:colcon.colcon_core.package_identification:_identify(.) by extensions ['ros']
[0.078s] Level 1:colcon.colcon_core.package_identification:_identify(.) by extension 'ros'
[0.092s] Level 1:colcon.colcon_core.package_identification:_identify(.) by extensions ['cmake', 'python']
[0.092s] Level 1:colcon.colcon_core.package_identification:_identify(.) by extension 'cmake'
[0.092s] Level 1:colcon.colcon_core.package_identification:_identify(.) by extension 'python'
[0.092s] Level 1:colcon.colcon_core.package_identification:_identify(.) by extensions ['python_setup_py']
[0.092s] Level 1:colcon.colcon_core.package_identification:_identify(.) by extension 'python_setup_py'
[0.092s] Level 1:colcon.colcon_core.package_identification:_identify(build) by extensions ['ignore', 'ignore_ament_install']
[0.092s] Level 1:colcon.colcon_core.package_identification:_identify(build) by extension 'ignore'
[0.093s] Level 1:colcon.colcon_core.package_identification:_identify(build) ignored
[0.093s] Level 1:colcon.colcon_core.package_identification:_identify(install) by extensions ['ignore', 'ignore_ament_install']
[0.093s] Level 1:colcon.colcon_core.package_identification:_identify(install) by extension 'ignore'
[0.093s] Level 1:colcon.colcon_core.package_identification:_identify(install) ignored
[0.093s] Level 1:colcon.colcon_core.package_identification:_identify(log) by extensions ['ignore', 'ignore_ament_install']
[0.093s] Level 1:colcon.colcon_core.package_identification:_identify(log) by extension 'ignore'
[0.093s] Level 1:colcon.colcon_core.package_identification:_identify(log) ignored
[0.093s] Level 1:colcon.colcon_core.package_identification:_identify(src) by extensions ['ignore', 'ignore_ament_install']
[0.093s] Level 1:colcon.colcon_core.package_identification:_identify(src) by extension 'ignore'
[0.093s] Level 1:colcon.colcon_core.package_identification:_identify(src) by extension 'ignore_ament_install'
[0.093s] Level 1:colcon.colcon_core.package_identification:_identify(src) by extensions ['colcon_pkg']
[0.093s] Level 1:colcon.colcon_core.package_identification:_identify(src) by extension 'colcon_pkg'
[0.093s] Level 1:colcon.colcon_core.package_identification:_identify(src) by extensions ['colcon_meta']
[0.093s] Level 1:colcon.colcon_core.package_identification:_identify(src) by extension 'colcon_meta'
[0.093s] Level 1:colcon.colcon_core.package_identification:_identify(src) by extensions ['ros']
[0.093s] Level 1:colcon.colcon_core.package_identification:_identify(src) by extension 'ros'
[0.093s] Level 1:colcon.colcon_core.package_identification:_identify(src) by extensions ['cmake', 'python']
[0.093s] Level 1:colcon.colcon_core.package_identification:_identify(src) by extension 'cmake'
[0.093s] Level 1:colcon.colcon_core.package_identification:_identify(src) by extension 'python'
[0.093s] Level 1:colcon.colcon_core.package_identification:_identify(src) by extensions ['python_setup_py']
[0.093s] Level 1:colcon.colcon_core.package_identification:_identify(src) by extension 'python_setup_py'
[0.093s] Level 1:colcon.colcon_core.package_identification:_identify(src/control) by extensions ['ignore', 'ignore_ament_install']
[0.093s] Level 1:colcon.colcon_core.package_identification:_identify(src/control) by extension 'ignore'
[0.093s] Level 1:colcon.colcon_core.package_identification:_identify(src/control) by extension 'ignore_ament_install'
[0.093s] Level 1:colcon.colcon_core.package_identification:_identify(src/control) by extensions ['colcon_pkg']
[0.093s] Level 1:colcon.colcon_core.package_identification:_identify(src/control) by extension 'colcon_pkg'
[0.093s] Level 1:colcon.colcon_core.package_identification:_identify(src/control) by extensions ['colcon_meta']
[0.093s] Level 1:colcon.colcon_core.package_identification:_identify(src/control) by extension 'colcon_meta'
[0.093s] Level 1:colcon.colcon_core.package_identification:_identify(src/control) by extensions ['ros']
[0.093s] Level 1:colcon.colcon_core.package_identification:_identify(src/control) by extension 'ros'
[0.095s] DEBUG:colcon.colcon_core.package_identification:Package 'src/control' with type 'ros.ament_cmake' and name 'control'
[0.095s] Level 1:colcon.colcon_core.package_identification:_identify(src/msgs) by extensions ['ignore', 'ignore_ament_install']
[0.095s] Level 1:colcon.colcon_core.package_identification:_identify(src/msgs) by extension 'ignore'
[0.095s] Level 1:colcon.colcon_core.package_identification:_identify(src/msgs) by extension 'ignore_ament_install'
[0.095s] Level 1:colcon.colcon_core.package_identification:_identify(src/msgs) by extensions ['colcon_pkg']
[0.095s] Level 1:colcon.colcon_core.package_identification:_identify(src/msgs) by extension 'colcon_pkg'
[0.095s] Level 1:colcon.colcon_core.package_identification:_identify(src/msgs) by extensions ['colcon_meta']
[0.095s] Level 1:colcon.colcon_core.package_identification:_identify(src/msgs) by extension 'colcon_meta'
[0.095s] Level 1:colcon.colcon_core.package_identification:_identify(src/msgs) by extensions ['ros']
[0.095s] Level 1:colcon.colcon_core.package_identification:_identify(src/msgs) by extension 'ros'
[0.096s] DEBUG:colcon.colcon_core.package_identification:Package 'src/msgs' with type 'ros.ament_cmake' and name 'msgs'
[0.096s] Level 1:colcon.colcon_core.package_identification:_identify(src/ros2_socketcan) by extensions ['ignore', 'ignore_ament_install']
[0.096s] Level 1:colcon.colcon_core.package_identification:_identify(src/ros2_socketcan) by extension 'ignore'
[0.096s] Level 1:colcon.colcon_core.package_identification:_identify(src/ros2_socketcan) by extension 'ignore_ament_install'
[0.096s] Level 1:colcon.colcon_core.package_identification:_identify(src/ros2_socketcan) by extensions ['colcon_pkg']
[0.096s] Level 1:colcon.colcon_core.package_identification:_identify(src/ros2_socketcan) by extension 'colcon_pkg'
[0.096s] Level 1:colcon.colcon_core.package_identification:_identify(src/ros2_socketcan) by extensions ['colcon_meta']
[0.096s] Level 1:colcon.colcon_core.package_identification:_identify(src/ros2_socketcan) by extension 'colcon_meta'
[0.096s] Level 1:colcon.colcon_core.package_identification:_identify(src/ros2_socketcan) by extensions ['ros']
[0.096s] Level 1:colcon.colcon_core.package_identification:_identify(src/ros2_socketcan) by extension 'ros'
[0.096s] Level 1:colcon.colcon_core.package_identification:_identify(src/ros2_socketcan) by extensions ['cmake', 'python']
[0.096s] Level 1:colcon.colcon_core.package_identification:_identify(src/ros2_socketcan) by extension 'cmake'
[0.096s] Level 1:colcon.colcon_core.package_identification:_identify(src/ros2_socketcan) by extension 'python'
[0.096s] Level 1:colcon.colcon_core.package_identification:_identify(src/ros2_socketcan) by extensions ['python_setup_py']
[0.096s] Level 1:colcon.colcon_core.package_identification:_identify(src/ros2_socketcan) by extension 'python_setup_py'
[0.096s] Level 1:colcon.colcon_core.package_identification:_identify(src/ros2_socketcan/can_msgs) by extensions ['ignore', 'ignore_ament_install']
[0.096s] Level 1:colcon.colcon_core.package_identification:_identify(src/ros2_socketcan/can_msgs) by extension 'ignore'
[0.096s] Level 1:colcon.colcon_core.package_identification:_identify(src/ros2_socketcan/can_msgs) by extension 'ignore_ament_install'
[0.096s] Level 1:colcon.colcon_core.package_identification:_identify(src/ros2_socketcan/can_msgs) by extensions ['colcon_pkg']
[0.096s] Level 1:colcon.colcon_core.package_identification:_identify(src/ros2_socketcan/can_msgs) by extension 'colcon_pkg'
[0.096s] Level 1:colcon.colcon_core.package_identification:_identify(src/ros2_socketcan/can_msgs) by extensions ['colcon_meta']
[0.096s] Level 1:colcon.colcon_core.package_identification:_identify(src/ros2_socketcan/can_msgs) by extension 'colcon_meta'
[0.096s] Level 1:colcon.colcon_core.package_identification:_identify(src/ros2_socketcan/can_msgs) by extensions ['ros']
[0.096s] Level 1:colcon.colcon_core.package_identification:_identify(src/ros2_socketcan/can_msgs) by extension 'ros'
[0.096s] DEBUG:colcon.colcon_core.package_identification:Package 'src/ros2_socketcan/can_msgs' with type 'ros.ament_cmake' and name 'can_msgs'
[0.097s] Level 1:colcon.colcon_core.package_identification:_identify(src/ros2_socketcan/ros2_socketcan) by extensions ['ignore', 'ignore_ament_install']
[0.097s] Level 1:colcon.colcon_core.package_identification:_identify(src/ros2_socketcan/ros2_socketcan) by extension 'ignore'
[0.097s] Level 1:colcon.colcon_core.package_identification:_identify(src/ros2_socketcan/ros2_socketcan) by extension 'ignore_ament_install'
[0.097s] Level 1:colcon.colcon_core.package_identification:_identify(src/ros2_socketcan/ros2_socketcan) by extensions ['colcon_pkg']
[0.097s] Level 1:colcon.colcon_core.package_identification:_identify(src/ros2_socketcan/ros2_socketcan) by extension 'colcon_pkg'
[0.097s] Level 1:colcon.colcon_core.package_identification:_identify(src/ros2_socketcan/ros2_socketcan) by extensions ['colcon_meta']
[0.097s] Level 1:colcon.colcon_core.package_identification:_identify(src/ros2_socketcan/ros2_socketcan) by extension 'colcon_meta'
[0.097s] Level 1:colcon.colcon_core.package_identification:_identify(src/ros2_socketcan/ros2_socketcan) by extensions ['ros']
[0.097s] Level 1:colcon.colcon_core.package_identification:_identify(src/ros2_socketcan/ros2_socketcan) by extension 'ros'
[0.097s] DEBUG:colcon.colcon_core.package_identification:Package 'src/ros2_socketcan/ros2_socketcan' with type 'ros.ament_cmake' and name 'ros2_socketcan'
[0.097s] Level 1:colcon.colcon_core.package_identification:_identify(src/ros2_socketcan/ros2_socketcan_msgs) by extensions ['ignore', 'ignore_ament_install']
[0.097s] Level 1:colcon.colcon_core.package_identification:_identify(src/ros2_socketcan/ros2_socketcan_msgs) by extension 'ignore'
[0.097s] Level 1:colcon.colcon_core.package_identification:_identify(src/ros2_socketcan/ros2_socketcan_msgs) by extension 'ignore_ament_install'
[0.097s] Level 1:colcon.colcon_core.package_identification:_identify(src/ros2_socketcan/ros2_socketcan_msgs) by extensions ['colcon_pkg']
[0.097s] Level 1:colcon.colcon_core.package_identification:_identify(src/ros2_socketcan/ros2_socketcan_msgs) by extension 'colcon_pkg'
[0.097s] Level 1:colcon.colcon_core.package_identification:_identify(src/ros2_socketcan/ros2_socketcan_msgs) by extensions ['colcon_meta']
[0.097s] Level 1:colcon.colcon_core.package_identification:_identify(src/ros2_socketcan/ros2_socketcan_msgs) by extension 'colcon_meta'
[0.097s] Level 1:colcon.colcon_core.package_identification:_identify(src/ros2_socketcan/ros2_socketcan_msgs) by extensions ['ros']
[0.097s] Level 1:colcon.colcon_core.package_identification:_identify(src/ros2_socketcan/ros2_socketcan_msgs) by extension 'ros'
[0.098s] DEBUG:colcon.colcon_core.package_identification:Package 'src/ros2_socketcan/ros2_socketcan_msgs' with type 'ros.ament_cmake' and name 'ros2_socketcan_msgs'
[0.098s] Level 1:colcon.colcon_core.package_discovery:discover_packages(recursive) using defaults
[0.098s] Level 1:colcon.colcon_core.package_discovery:discover_packages(ignore) discover
[0.098s] Level 1:colcon.colcon_core.package_discovery:discover_packages(ignore) using defaults
[0.098s] Level 1:colcon.colcon_core.package_discovery:discover_packages(path) discover
[0.098s] Level 1:colcon.colcon_core.package_discovery:discover_packages(path) using defaults
[0.108s] Level 1:colcon.colcon_core.package_discovery:discover_packages(prefix_path) check parameters
[0.108s] Level 1:colcon.colcon_core.package_discovery:discover_packages(prefix_path) discover
[0.109s] DEBUG:colcon.colcon_installed_package_information.package_discovery:Found 6 installed packages in /home/adha/belajar/ws1/install
[0.110s] DEBUG:colcon.colcon_installed_package_information.package_discovery:Found 285 installed packages in /opt/ros/jazzy
[0.111s] Level 1:colcon.colcon_core.package_discovery:discover_packages(prefix_path) using defaults
[0.133s] Level 5:colcon.colcon_core.verb:set package 'can_msgs' build argument 'cmake_args' from command line to 'None'
[0.133s] Level 5:colcon.colcon_core.verb:set package 'can_msgs' build argument 'cmake_target' from command line to 'None'
[0.133s] Level 5:colcon.colcon_core.verb:set package 'can_msgs' build argument 'cmake_target_skip_unavailable' from command line to 'False'
[0.133s] Level 5:colcon.colcon_core.verb:set package 'can_msgs' build argument 'cmake_clean_cache' from command line to 'False'
[0.133s] Level 5:colcon.colcon_core.verb:set package 'can_msgs' build argument 'cmake_clean_first' from command line to 'False'
[0.133s] Level 5:colcon.colcon_core.verb:set package 'can_msgs' build argument 'cmake_force_configure' from command line to 'False'
[0.133s] Level 5:colcon.colcon_core.verb:set package 'can_msgs' build argument 'ament_cmake_args' from command line to 'None'
[0.133s] Level 5:colcon.colcon_core.verb:set package 'can_msgs' build argument 'catkin_cmake_args' from command line to 'None'
[0.133s] Level 5:colcon.colcon_core.verb:set package 'can_msgs' build argument 'catkin_skip_building_tests' from command line to 'False'
[0.133s] DEBUG:colcon.colcon_core.verb:Building package 'can_msgs' with the following arguments: {'ament_cmake_args': None, 'build_base': '/home/adha/belajar/ws1/build/can_msgs', 'catkin_cmake_args': None, 'catkin_skip_building_tests': False, 'cmake_args': None, 'cmake_clean_cache': False, 'cmake_clean_first': False, 'cmake_force_configure': False, 'cmake_target': None, 'cmake_target_skip_unavailable': False, 'install_base': '/home/adha/belajar/ws1/install/can_msgs', 'merge_install': False, 'path': '/home/adha/belajar/ws1/src/ros2_socketcan/can_msgs', 'symlink_install': False, 'test_result_base': None}
[0.133s] Level 5:colcon.colcon_core.verb:set package 'msgs' build argument 'cmake_args' from command line to 'None'
[0.133s] Level 5:colcon.colcon_core.verb:set package 'msgs' build argument 'cmake_target' from command line to 'None'
[0.133s] Level 5:colcon.colcon_core.verb:set package 'msgs' build argument 'cmake_target_skip_unavailable' from command line to 'False'
[0.133s] Level 5:colcon.colcon_core.verb:set package 'msgs' build argument 'cmake_clean_cache' from command line to 'False'
[0.133s] Level 5:colcon.colcon_core.verb:set package 'msgs' build argument 'cmake_clean_first' from command line to 'False'
[0.133s] Level 5:colcon.colcon_core.verb:set package 'msgs' build argument 'cmake_force_configure' from command line to 'False'
[0.133s] Level 5:colcon.colcon_core.verb:set package 'msgs' build argument 'ament_cmake_args' from command line to 'None'
[0.133s] Level 5:colcon.colcon_core.verb:set package 'msgs' build argument 'catkin_cmake_args' from command line to 'None'
[0.133s] Level 5:colcon.colcon_core.verb:set package 'msgs' build argument 'catkin_skip_building_tests' from command line to 'False'
[0.133s] DEBUG:colcon.colcon_core.verb:Building package 'msgs' with the following arguments: {'ament_cmake_args': None, 'build_base': '/home/adha/belajar/ws1/build/msgs', 'catkin_cmake_args': None, 'catkin_skip_building_tests': False, 'cmake_args': None, 'cmake_clean_cache': False, 'cmake_clean_first': False, 'cmake_force_configure': False, 'cmake_target': None, 'cmake_target_skip_unavailable': False, 'install_base': '/home/adha/belajar/ws1/install/msgs', 'merge_install': False, 'path': '/home/adha/belajar/ws1/src/msgs', 'symlink_install': False, 'test_result_base': None}
[0.133s] Level 5:colcon.colcon_core.verb:set package 'ros2_socketcan_msgs' build argument 'cmake_args' from command line to 'None'
[0.133s] Level 5:colcon.colcon_core.verb:set package 'ros2_socketcan_msgs' build argument 'cmake_target' from command line to 'None'
[0.133s] Level 5:colcon.colcon_core.verb:set package 'ros2_socketcan_msgs' build argument 'cmake_target_skip_unavailable' from command line to 'False'
[0.133s] Level 5:colcon.colcon_core.verb:set package 'ros2_socketcan_msgs' build argument 'cmake_clean_cache' from command line to 'False'
[0.133s] Level 5:colcon.colcon_core.verb:set package 'ros2_socketcan_msgs' build argument 'cmake_clean_first' from command line to 'False'
[0.133s] Level 5:colcon.colcon_core.verb:set package 'ros2_socketcan_msgs' build argument 'cmake_force_configure' from command line to 'False'
[0.133s] Level 5:colcon.colcon_core.verb:set package 'ros2_socketcan_msgs' build argument 'ament_cmake_args' from command line to 'None'
[0.133s] Level 5:colcon.colcon_core.verb:set package 'ros2_socketcan_msgs' build argument 'catkin_cmake_args' from command line to 'None'
[0.133s] Level 5:colcon.colcon_core.verb:set package 'ros2_socketcan_msgs' build argument 'catkin_skip_building_tests' from command line to 'False'
[0.133s] DEBUG:colcon.colcon_core.verb:Building package 'ros2_socketcan_msgs' with the following arguments: {'ament_cmake_args': None, 'build_base': '/home/adha/belajar/ws1/build/ros2_socketcan_msgs', 'catkin_cmake_args': None, 'catkin_skip_building_tests': False, 'cmake_args': None, 'cmake_clean_cache': False, 'cmake_clean_first': False, 'cmake_force_configure': False, 'cmake_target': None, 'cmake_target_skip_unavailable': False, 'install_base': '/home/adha/belajar/ws1/install/ros2_socketcan_msgs', 'merge_install': False, 'path': '/home/adha/belajar/ws1/src/ros2_socketcan/ros2_socketcan_msgs', 'symlink_install': False, 'test_result_base': None}
[0.134s] Level 5:colcon.colcon_core.verb:set package 'ros2_socketcan' build argument 'cmake_args' from command line to 'None'
[0.134s] Level 5:colcon.colcon_core.verb:set package 'ros2_socketcan' build argument 'cmake_target' from command line to 'None'
[0.134s] Level 5:colcon.colcon_core.verb:set package 'ros2_socketcan' build argument 'cmake_target_skip_unavailable' from command line to 'False'
[0.134s] Level 5:colcon.colcon_core.verb:set package 'ros2_socketcan' build argument 'cmake_clean_cache' from command line to 'False'
[0.134s] Level 5:colcon.colcon_core.verb:set package 'ros2_socketcan' build argument 'cmake_clean_first' from command line to 'False'
[0.134s] Level 5:colcon.colcon_core.verb:set package 'ros2_socketcan' build argument 'cmake_force_configure' from command line to 'False'
[0.134s] Level 5:colcon.colcon_core.verb:set package 'ros2_socketcan' build argument 'ament_cmake_args' from command line to 'None'
[0.134s] Level 5:colcon.colcon_core.verb:set package 'ros2_socketcan' build argument 'catkin_cmake_args' from command line to 'None'
[0.134s] Level 5:colcon.colcon_core.verb:set package 'ros2_socketcan' build argument 'catkin_skip_building_tests' from command line to 'False'
[0.134s] DEBUG:colcon.colcon_core.verb:Building package 'ros2_socketcan' with the following arguments: {'ament_cmake_args': None, 'build_base': '/home/adha/belajar/ws1/build/ros2_socketcan', 'catkin_cmake_args': None, 'catkin_skip_building_tests': False, 'cmake_args': None, 'cmake_clean_cache': False, 'cmake_clean_first': False, 'cmake_force_configure': False, 'cmake_target': None, 'cmake_target_skip_unavailable': False, 'install_base': '/home/adha/belajar/ws1/install/ros2_socketcan', 'merge_install': False, 'path': '/home/adha/belajar/ws1/src/ros2_socketcan/ros2_socketcan', 'symlink_install': False, 'test_result_base': None}
[0.134s] Level 5:colcon.colcon_core.verb:set package 'control' build argument 'cmake_args' from command line to 'None'
[0.134s] Level 5:colcon.colcon_core.verb:set package 'control' build argument 'cmake_target' from command line to 'None'
[0.134s] Level 5:colcon.colcon_core.verb:set package 'control' build argument 'cmake_target_skip_unavailable' from command line to 'False'
[0.134s] Level 5:colcon.colcon_core.verb:set package 'control' build argument 'cmake_clean_cache' from command line to 'False'
[0.134s] Level 5:colcon.colcon_core.verb:set package 'control' build argument 'cmake_clean_first' from command line to 'False'
[0.134s] Level 5:colcon.colcon_core.verb:set package 'control' build argument 'cmake_force_configure' from command line to 'False'
[0.134s] Level 5:colcon.colcon_core.verb:set package 'control' build argument 'ament_cmake_args' from command line to 'None'
[0.134s] Level 5:colcon.colcon_core.verb:set package 'control' build argument 'catkin_cmake_args' from command line to 'None'
[0.134s] Level 5:colcon.colcon_core.verb:set package 'control' build argument 'catkin_skip_building_tests' from command line to 'False'
[0.134s] DEBUG:colcon.colcon_core.verb:Building package 'control' with the following arguments: {'ament_cmake_args': None, 'build_base': '/home/adha/belajar/ws1/build/control', 'catkin_cmake_args': None, 'catkin_skip_building_tests': False, 'cmake_args': None, 'cmake_clean_cache': False, 'cmake_clean_first': False, 'cmake_force_configure': False, 'cmake_target': None, 'cmake_target_skip_unavailable': False, 'install_base': '/home/adha/belajar/ws1/install/control', 'merge_install': False, 'path': '/home/adha/belajar/ws1/src/control', 'symlink_install': False, 'test_result_base': None}
[0.134s] INFO:colcon.colcon_core.executor:Executing jobs using 'parallel' executor
[0.135s] DEBUG:colcon.colcon_parallel_executor.executor.parallel:run_until_complete
[0.135s] INFO:colcon.colcon_ros.task.ament_cmake.build:Building ROS package in '/home/adha/belajar/ws1/src/ros2_socketcan/can_msgs' with build type 'ament_cmake'
[0.135s] INFO:colcon.colcon_cmake.task.cmake.build:Building CMake package in '/home/adha/belajar/ws1/src/ros2_socketcan/can_msgs'
[0.137s] INFO:colcon.colcon_core.plugin_system:Skipping extension 'colcon_core.shell.bat': Not used on non-Windows systems
[0.138s] INFO:colcon.colcon_core.shell:Skip shell extension 'powershell' for command environment: Not usable outside of PowerShell
[0.138s] DEBUG:colcon.colcon_core.shell:Skip shell extension 'dsv' for command environment
[0.140s] INFO:colcon.colcon_ros.task.ament_cmake.build:Building ROS package in '/home/adha/belajar/ws1/src/ros2_socketcan/ros2_socketcan_msgs' with build type 'ament_cmake'
[0.141s] INFO:colcon.colcon_cmake.task.cmake.build:Building CMake package in '/home/adha/belajar/ws1/src/ros2_socketcan/ros2_socketcan_msgs'
[0.141s] INFO:colcon.colcon_core.shell:Skip shell extension 'powershell' for command environment: Not usable outside of PowerShell
[0.141s] DEBUG:colcon.colcon_core.shell:Skip shell extension 'dsv' for command environment
[0.143s] INFO:colcon.colcon_ros.task.ament_cmake.build:Building ROS package in '/home/adha/belajar/ws1/src/msgs' with build type 'ament_cmake'
[0.143s] INFO:colcon.colcon_cmake.task.cmake.build:Building CMake package in '/home/adha/belajar/ws1/src/msgs'
[0.143s] INFO:colcon.colcon_core.shell:Skip shell extension 'powershell' for command environment: Not usable outside of PowerShell
[0.143s] DEBUG:colcon.colcon_core.shell:Skip shell extension 'dsv' for command environment
[0.148s] DEBUG:colcon.colcon_core.event_handler.log_command:Invoking command in '/home/adha/belajar/ws1/build/can_msgs': CMAKE_PREFIX_PATH=${CMAKE_PREFIX_PATH}:/opt/ros/jazzy DEBUGINFOD_URLS=https://debuginfod.ubuntu.com /usr/bin/cmake --build /home/adha/belajar/ws1/build/can_msgs -- -j12 -l12
[0.150s] DEBUG:colcon.colcon_core.event_handler.log_command:Invoking command in '/home/adha/belajar/ws1/build/ros2_socketcan_msgs': CMAKE_PREFIX_PATH=${CMAKE_PREFIX_PATH}:/opt/ros/jazzy DEBUGINFOD_URLS=https://debuginfod.ubuntu.com /usr/bin/cmake --build /home/adha/belajar/ws1/build/ros2_socketcan_msgs -- -j12 -l12
[0.152s] DEBUG:colcon.colcon_core.event_handler.log_command:Invoking command in '/home/adha/belajar/ws1/build/msgs': CMAKE_PREFIX_PATH=${CMAKE_PREFIX_PATH}:/opt/ros/jazzy DEBUGINFOD_URLS=https://debuginfod.ubuntu.com /usr/bin/cmake --build /home/adha/belajar/ws1/build/msgs -- -j12 -l12
[0.430s] DEBUG:colcon.colcon_core.event_handler.log_command:Invoked command in '/home/adha/belajar/ws1/build/msgs' returned '0': CMAKE_PREFIX_PATH=${CMAKE_PREFIX_PATH}:/opt/ros/jazzy DEBUGINFOD_URLS=https://debuginfod.ubuntu.com /usr/bin/cmake --build /home/adha/belajar/ws1/build/msgs -- -j12 -l12
[0.431s] DEBUG:colcon.colcon_core.event_handler.log_command:Invoked command in '/home/adha/belajar/ws1/build/can_msgs' returned '0': CMAKE_PREFIX_PATH=${CMAKE_PREFIX_PATH}:/opt/ros/jazzy DEBUGINFOD_URLS=https://debuginfod.ubuntu.com /usr/bin/cmake --build /home/adha/belajar/ws1/build/can_msgs -- -j12 -l12
[0.434s] DEBUG:colcon.colcon_core.event_handler.log_command:Invoked command in '/home/adha/belajar/ws1/build/ros2_socketcan_msgs' returned '0': CMAKE_PREFIX_PATH=${CMAKE_PREFIX_PATH}:/opt/ros/jazzy DEBUGINFOD_URLS=https://debuginfod.ubuntu.com /usr/bin/cmake --build /home/adha/belajar/ws1/build/ros2_socketcan_msgs -- -j12 -l12
[0.486s] DEBUG:colcon.colcon_core.event_handler.log_command:Invoking command in '/home/adha/belajar/ws1/build/can_msgs': CMAKE_PREFIX_PATH=${CMAKE_PREFIX_PATH}:/opt/ros/jazzy DEBUGINFOD_URLS=https://debuginfod.ubuntu.com /usr/bin/cmake --install /home/adha/belajar/ws1/build/can_msgs
[0.487s] DEBUG:colcon.colcon_core.event_handler.log_command:Invoking command in '/home/adha/belajar/ws1/build/msgs': CMAKE_PREFIX_PATH=${CMAKE_PREFIX_PATH}:/opt/ros/jazzy DEBUGINFOD_URLS=https://debuginfod.ubuntu.com /usr/bin/cmake --install /home/adha/belajar/ws1/build/msgs
[0.488s] DEBUG:colcon.colcon_core.event_handler.log_command:Invoking command in '/home/adha/belajar/ws1/build/ros2_socketcan_msgs': CMAKE_PREFIX_PATH=${CMAKE_PREFIX_PATH}:/opt/ros/jazzy DEBUGINFOD_URLS=https://debuginfod.ubuntu.com /usr/bin/cmake --install /home/adha/belajar/ws1/build/ros2_socketcan_msgs
[0.536s] Level 1:colcon.colcon_core.environment:create_environment_scripts_only(msgs)
[0.537s] DEBUG:colcon.colcon_core.event_handler.log_command:Invoked command in '/home/adha/belajar/ws1/build/msgs' returned '0': CMAKE_PREFIX_PATH=${CMAKE_PREFIX_PATH}:/opt/ros/jazzy DEBUGINFOD_URLS=https://debuginfod.ubuntu.com /usr/bin/cmake --install /home/adha/belajar/ws1/build/msgs
[0.539s] Level 1:colcon.colcon_core.environment:checking '/home/adha/belajar/ws1/install/msgs' for CMake module files
[0.539s] Level 1:colcon.colcon_core.environment:checking '/home/adha/belajar/ws1/install/msgs' for CMake config files
[0.540s] Level 1:colcon.colcon_core.shell:create_environment_hook('msgs', 'cmake_prefix_path')
[0.540s] INFO:colcon.colcon_core.shell:Creating environment hook '/home/adha/belajar/ws1/install/msgs/share/msgs/hook/cmake_prefix_path.ps1'
[0.540s] INFO:colcon.colcon_core.shell:Creating environment descriptor '/home/adha/belajar/ws1/install/msgs/share/msgs/hook/cmake_prefix_path.dsv'
[0.541s] INFO:colcon.colcon_core.shell:Creating environment hook '/home/adha/belajar/ws1/install/msgs/share/msgs/hook/cmake_prefix_path.sh'
[0.541s] Level 1:colcon.colcon_core.environment:checking '/home/adha/belajar/ws1/install/msgs/lib'
[0.541s] Level 1:colcon.colcon_core.shell:create_environment_hook('msgs', 'ld_library_path_lib')
[0.541s] INFO:colcon.colcon_core.shell:Creating environment hook '/home/adha/belajar/ws1/install/msgs/share/msgs/hook/ld_library_path_lib.ps1'
[0.542s] INFO:colcon.colcon_core.shell:Creating environment descriptor '/home/adha/belajar/ws1/install/msgs/share/msgs/hook/ld_library_path_lib.dsv'
[0.542s] INFO:colcon.colcon_core.shell:Creating environment hook '/home/adha/belajar/ws1/install/msgs/share/msgs/hook/ld_library_path_lib.sh'
[0.542s] Level 1:colcon.colcon_core.environment:checking '/home/adha/belajar/ws1/install/msgs/bin'
[0.542s] Level 1:colcon.colcon_core.environment:checking '/home/adha/belajar/ws1/install/msgs/lib/pkgconfig/msgs.pc'
[0.542s] Level 1:colcon.colcon_core.environment:checking '/home/adha/belajar/ws1/install/msgs/lib/python3.12/site-packages'
[0.542s] Level 1:colcon.colcon_core.shell:create_environment_hook('msgs', 'pythonpath')
[0.542s] INFO:colcon.colcon_core.shell:Creating environment hook '/home/adha/belajar/ws1/install/msgs/share/msgs/hook/pythonpath.ps1'
[0.543s] INFO:colcon.colcon_core.shell:Creating environment descriptor '/home/adha/belajar/ws1/install/msgs/share/msgs/hook/pythonpath.dsv'
[0.543s] INFO:colcon.colcon_core.shell:Creating environment hook '/home/adha/belajar/ws1/install/msgs/share/msgs/hook/pythonpath.sh'
[0.543s] Level 1:colcon.colcon_core.environment:checking '/home/adha/belajar/ws1/install/msgs/bin'
[0.543s] INFO:colcon.colcon_core.shell:Creating package script '/home/adha/belajar/ws1/install/msgs/share/msgs/package.ps1'
[0.544s] INFO:colcon.colcon_core.shell:Creating package descriptor '/home/adha/belajar/ws1/install/msgs/share/msgs/package.dsv'
[0.544s] INFO:colcon.colcon_core.shell:Creating package script '/home/adha/belajar/ws1/install/msgs/share/msgs/package.sh'
[0.545s] INFO:colcon.colcon_core.shell:Creating package script '/home/adha/belajar/ws1/install/msgs/share/msgs/package.bash'
[0.545s] INFO:colcon.colcon_core.shell:Creating package script '/home/adha/belajar/ws1/install/msgs/share/msgs/package.zsh'
[0.546s] Level 1:colcon.colcon_core.environment:create_file_with_runtime_dependencies(/home/adha/belajar/ws1/install/msgs/share/colcon-core/packages/msgs)
[0.547s] Level 1:colcon.colcon_core.environment:create_environment_scripts_only(ros2_socketcan_msgs)
[0.547s] Level 1:colcon.colcon_core.environment:checking '/home/adha/belajar/ws1/install/ros2_socketcan_msgs' for CMake module files
[0.548s] DEBUG:colcon.colcon_core.event_handler.log_command:Invoked command in '/home/adha/belajar/ws1/build/ros2_socketcan_msgs' returned '0': CMAKE_PREFIX_PATH=${CMAKE_PREFIX_PATH}:/opt/ros/jazzy DEBUGINFOD_URLS=https://debuginfod.ubuntu.com /usr/bin/cmake --install /home/adha/belajar/ws1/build/ros2_socketcan_msgs
[0.548s] Level 1:colcon.colcon_core.environment:checking '/home/adha/belajar/ws1/install/ros2_socketcan_msgs' for CMake config files
[0.548s] Level 1:colcon.colcon_core.shell:create_environment_hook('ros2_socketcan_msgs', 'cmake_prefix_path')
[0.549s] INFO:colcon.colcon_core.shell:Creating environment hook '/home/adha/belajar/ws1/install/ros2_socketcan_msgs/share/ros2_socketcan_msgs/hook/cmake_prefix_path.ps1'
[0.549s] INFO:colcon.colcon_core.shell:Creating environment descriptor '/home/adha/belajar/ws1/install/ros2_socketcan_msgs/share/ros2_socketcan_msgs/hook/cmake_prefix_path.dsv'
[0.549s] INFO:colcon.colcon_core.shell:Creating environment hook '/home/adha/belajar/ws1/install/ros2_socketcan_msgs/share/ros2_socketcan_msgs/hook/cmake_prefix_path.sh'
[0.549s] Level 1:colcon.colcon_core.environment:checking '/home/adha/belajar/ws1/install/ros2_socketcan_msgs/lib'
[0.549s] Level 1:colcon.colcon_core.shell:create_environment_hook('ros2_socketcan_msgs', 'ld_library_path_lib')
[0.550s] INFO:colcon.colcon_core.shell:Creating environment hook '/home/adha/belajar/ws1/install/ros2_socketcan_msgs/share/ros2_socketcan_msgs/hook/ld_library_path_lib.ps1'
[0.550s] INFO:colcon.colcon_core.shell:Creating environment descriptor '/home/adha/belajar/ws1/install/ros2_socketcan_msgs/share/ros2_socketcan_msgs/hook/ld_library_path_lib.dsv'
[0.550s] INFO:colcon.colcon_core.shell:Creating environment hook '/home/adha/belajar/ws1/install/ros2_socketcan_msgs/share/ros2_socketcan_msgs/hook/ld_library_path_lib.sh'
[0.550s] Level 1:colcon.colcon_core.environment:checking '/home/adha/belajar/ws1/install/ros2_socketcan_msgs/bin'
[0.550s] Level 1:colcon.colcon_core.environment:checking '/home/adha/belajar/ws1/install/ros2_socketcan_msgs/lib/pkgconfig/ros2_socketcan_msgs.pc'
[0.550s] Level 1:colcon.colcon_core.environment:checking '/home/adha/belajar/ws1/install/ros2_socketcan_msgs/lib/python3.12/site-packages'
[0.551s] Level 1:colcon.colcon_core.shell:create_environment_hook('ros2_socketcan_msgs', 'pythonpath')
[0.551s] INFO:colcon.colcon_core.shell:Creating environment hook '/home/adha/belajar/ws1/install/ros2_socketcan_msgs/share/ros2_socketcan_msgs/hook/pythonpath.ps1'
[0.551s] INFO:colcon.colcon_core.shell:Creating environment descriptor '/home/adha/belajar/ws1/install/ros2_socketcan_msgs/share/ros2_socketcan_msgs/hook/pythonpath.dsv'
[0.551s] INFO:colcon.colcon_core.shell:Creating environment hook '/home/adha/belajar/ws1/install/ros2_socketcan_msgs/share/ros2_socketcan_msgs/hook/pythonpath.sh'
[0.552s] Level 1:colcon.colcon_core.environment:checking '/home/adha/belajar/ws1/install/ros2_socketcan_msgs/bin'
[0.552s] INFO:colcon.colcon_core.shell:Creating package script '/home/adha/belajar/ws1/install/ros2_socketcan_msgs/share/ros2_socketcan_msgs/package.ps1'
[0.552s] INFO:colcon.colcon_core.shell:Creating package descriptor '/home/adha/belajar/ws1/install/ros2_socketcan_msgs/share/ros2_socketcan_msgs/package.dsv'
[0.553s] INFO:colcon.colcon_core.shell:Creating package script '/home/adha/belajar/ws1/install/ros2_socketcan_msgs/share/ros2_socketcan_msgs/package.sh'
[0.553s] INFO:colcon.colcon_core.shell:Creating package script '/home/adha/belajar/ws1/install/ros2_socketcan_msgs/share/ros2_socketcan_msgs/package.bash'
[0.553s] INFO:colcon.colcon_core.shell:Creating package script '/home/adha/belajar/ws1/install/ros2_socketcan_msgs/share/ros2_socketcan_msgs/package.zsh'
[0.554s] Level 1:colcon.colcon_core.environment:create_file_with_runtime_dependencies(/home/adha/belajar/ws1/install/ros2_socketcan_msgs/share/colcon-core/packages/ros2_socketcan_msgs)
[0.555s] Level 1:colcon.colcon_core.environment:create_environment_scripts_only(can_msgs)
[0.555s] Level 1:colcon.colcon_core.environment:checking '/home/adha/belajar/ws1/install/can_msgs' for CMake module files
[0.555s] DEBUG:colcon.colcon_core.event_handler.log_command:Invoked command in '/home/adha/belajar/ws1/build/can_msgs' returned '0': CMAKE_PREFIX_PATH=${CMAKE_PREFIX_PATH}:/opt/ros/jazzy DEBUGINFOD_URLS=https://debuginfod.ubuntu.com /usr/bin/cmake --install /home/adha/belajar/ws1/build/can_msgs
[0.555s] Level 1:colcon.colcon_core.environment:checking '/home/adha/belajar/ws1/install/can_msgs' for CMake config files
[0.556s] Level 1:colcon.colcon_core.shell:create_environment_hook('can_msgs', 'cmake_prefix_path')
[0.556s] INFO:colcon.colcon_core.shell:Creating environment hook '/home/adha/belajar/ws1/install/can_msgs/share/can_msgs/hook/cmake_prefix_path.ps1'
[0.556s] INFO:colcon.colcon_core.shell:Creating environment descriptor '/home/adha/belajar/ws1/install/can_msgs/share/can_msgs/hook/cmake_prefix_path.dsv'
[0.556s] INFO:colcon.colcon_core.shell:Creating environment hook '/home/adha/belajar/ws1/install/can_msgs/share/can_msgs/hook/cmake_prefix_path.sh'
[0.557s] Level 1:colcon.colcon_core.environment:checking '/home/adha/belajar/ws1/install/can_msgs/lib'
[0.557s] Level 1:colcon.colcon_core.shell:create_environment_hook('can_msgs', 'ld_library_path_lib')
[0.557s] INFO:colcon.colcon_core.shell:Creating environment hook '/home/adha/belajar/ws1/install/can_msgs/share/can_msgs/hook/ld_library_path_lib.ps1'
[0.557s] INFO:colcon.colcon_core.shell:Creating environment descriptor '/home/adha/belajar/ws1/install/can_msgs/share/can_msgs/hook/ld_library_path_lib.dsv'
[0.557s] INFO:colcon.colcon_core.shell:Creating environment hook '/home/adha/belajar/ws1/install/can_msgs/share/can_msgs/hook/ld_library_path_lib.sh'
[0.557s] Level 1:colcon.colcon_core.environment:checking '/home/adha/belajar/ws1/install/can_msgs/bin'
[0.557s] Level 1:colcon.colcon_core.environment:checking '/home/adha/belajar/ws1/install/can_msgs/lib/pkgconfig/can_msgs.pc'
[0.558s] Level 1:colcon.colcon_core.environment:checking '/home/adha/belajar/ws1/install/can_msgs/lib/python3.12/site-packages'
[0.558s] Level 1:colcon.colcon_core.shell:create_environment_hook('can_msgs', 'pythonpath')
[0.558s] INFO:colcon.colcon_core.shell:Creating environment hook '/home/adha/belajar/ws1/install/can_msgs/share/can_msgs/hook/pythonpath.ps1'
[0.558s] INFO:colcon.colcon_core.shell:Creating environment descriptor '/home/adha/belajar/ws1/install/can_msgs/share/can_msgs/hook/pythonpath.dsv'
[0.558s] INFO:colcon.colcon_core.shell:Creating environment hook '/home/adha/belajar/ws1/install/can_msgs/share/can_msgs/hook/pythonpath.sh'
[0.559s] Level 1:colcon.colcon_core.environment:checking '/home/adha/belajar/ws1/install/can_msgs/bin'
[0.559s] INFO:colcon.colcon_core.shell:Creating package script '/home/adha/belajar/ws1/install/can_msgs/share/can_msgs/package.ps1'
[0.559s] INFO:colcon.colcon_core.shell:Creating package descriptor '/home/adha/belajar/ws1/install/can_msgs/share/can_msgs/package.dsv'
[0.559s] INFO:colcon.colcon_core.shell:Creating package script '/home/adha/belajar/ws1/install/can_msgs/share/can_msgs/package.sh'
[0.559s] INFO:colcon.colcon_core.shell:Creating package script '/home/adha/belajar/ws1/install/can_msgs/share/can_msgs/package.bash'
[0.560s] INFO:colcon.colcon_core.shell:Creating package script '/home/adha/belajar/ws1/install/can_msgs/share/can_msgs/package.zsh'
[0.560s] Level 1:colcon.colcon_core.environment:create_file_with_runtime_dependencies(/home/adha/belajar/ws1/install/can_msgs/share/colcon-core/packages/can_msgs)
[0.608s] Level 1:colcon.colcon_core.environment:create_environment_scripts_only(msgs)
[0.608s] Level 1:colcon.colcon_core.environment:checking '/home/adha/belajar/ws1/install/msgs' for CMake module files
[0.608s] Level 1:colcon.colcon_core.environment:checking '/home/adha/belajar/ws1/install/msgs' for CMake config files
[0.609s] Level 1:colcon.colcon_core.shell:create_environment_hook('msgs', 'cmake_prefix_path')
[0.609s] INFO:colcon.colcon_core.shell:Creating environment hook '/home/adha/belajar/ws1/install/msgs/share/msgs/hook/cmake_prefix_path.ps1'
[0.609s] INFO:colcon.colcon_core.shell:Creating environment descriptor '/home/adha/belajar/ws1/install/msgs/share/msgs/hook/cmake_prefix_path.dsv'
[0.610s] INFO:colcon.colcon_core.shell:Creating environment hook '/home/adha/belajar/ws1/install/msgs/share/msgs/hook/cmake_prefix_path.sh'
[0.610s] Level 1:colcon.colcon_core.environment:checking '/home/adha/belajar/ws1/install/msgs/lib'
[0.610s] Level 1:colcon.colcon_core.shell:create_environment_hook('msgs', 'ld_library_path_lib')
[0.610s] INFO:colcon.colcon_core.shell:Creating environment hook '/home/adha/belajar/ws1/install/msgs/share/msgs/hook/ld_library_path_lib.ps1'
[0.610s] INFO:colcon.colcon_core.shell:Creating environment descriptor '/home/adha/belajar/ws1/install/msgs/share/msgs/hook/ld_library_path_lib.dsv'
[0.611s] INFO:colcon.colcon_core.shell:Creating environment hook '/home/adha/belajar/ws1/install/msgs/share/msgs/hook/ld_library_path_lib.sh'
[0.611s] Level 1:colcon.colcon_core.environment:checking '/home/adha/belajar/ws1/install/msgs/bin'
[0.611s] Level 1:colcon.colcon_core.environment:checking '/home/adha/belajar/ws1/install/msgs/lib/pkgconfig/msgs.pc'
[0.611s] Level 1:colcon.colcon_core.environment:checking '/home/adha/belajar/ws1/install/msgs/lib/python3.12/site-packages'
[0.611s] Level 1:colcon.colcon_core.shell:create_environment_hook('msgs', 'pythonpath')
[0.612s] INFO:colcon.colcon_core.shell:Creating environment hook '/home/adha/belajar/ws1/install/msgs/share/msgs/hook/pythonpath.ps1'
[0.612s] INFO:colcon.colcon_core.shell:Creating environment descriptor '/home/adha/belajar/ws1/install/msgs/share/msgs/hook/pythonpath.dsv'
[0.613s] INFO:colcon.colcon_core.shell:Creating environment hook '/home/adha/belajar/ws1/install/msgs/share/msgs/hook/pythonpath.sh'
[0.613s] Level 1:colcon.colcon_core.environment:checking '/home/adha/belajar/ws1/install/msgs/bin'
[0.614s] INFO:colcon.colcon_core.shell:Creating package script '/home/adha/belajar/ws1/install/msgs/share/msgs/package.ps1'
[0.615s] INFO:colcon.colcon_core.shell:Creating package descriptor '/home/adha/belajar/ws1/install/msgs/share/msgs/package.dsv'
[0.615s] INFO:colcon.colcon_core.shell:Creating package script '/home/adha/belajar/ws1/install/msgs/share/msgs/package.sh'
[0.616s] INFO:colcon.colcon_core.shell:Creating package script '/home/adha/belajar/ws1/install/msgs/share/msgs/package.bash'
[0.616s] INFO:colcon.colcon_core.shell:Creating package script '/home/adha/belajar/ws1/install/msgs/share/msgs/package.zsh'
[0.617s] Level 1:colcon.colcon_core.environment:create_file_with_runtime_dependencies(/home/adha/belajar/ws1/install/msgs/share/colcon-core/packages/msgs)
[0.618s] Level 1:colcon.colcon_core.environment:create_environment_scripts_only(ros2_socketcan_msgs)
[0.619s] Level 1:colcon.colcon_core.environment:checking '/home/adha/belajar/ws1/install/ros2_socketcan_msgs' for CMake module files
[0.619s] Level 1:colcon.colcon_core.environment:checking '/home/adha/belajar/ws1/install/ros2_socketcan_msgs' for CMake config files
[0.619s] Level 1:colcon.colcon_core.shell:create_environment_hook('ros2_socketcan_msgs', 'cmake_prefix_path')
[0.620s] INFO:colcon.colcon_core.shell:Creating environment hook '/home/adha/belajar/ws1/install/ros2_socketcan_msgs/share/ros2_socketcan_msgs/hook/cmake_prefix_path.ps1'
[0.620s] INFO:colcon.colcon_core.shell:Creating environment descriptor '/home/adha/belajar/ws1/install/ros2_socketcan_msgs/share/ros2_socketcan_msgs/hook/cmake_prefix_path.dsv'
[0.620s] INFO:colcon.colcon_core.shell:Creating environment hook '/home/adha/belajar/ws1/install/ros2_socketcan_msgs/share/ros2_socketcan_msgs/hook/cmake_prefix_path.sh'
[0.621s] Level 1:colcon.colcon_core.environment:checking '/home/adha/belajar/ws1/install/ros2_socketcan_msgs/lib'
[0.621s] Level 1:colcon.colcon_core.shell:create_environment_hook('ros2_socketcan_msgs', 'ld_library_path_lib')
[0.621s] INFO:colcon.colcon_core.shell:Creating environment hook '/home/adha/belajar/ws1/install/ros2_socketcan_msgs/share/ros2_socketcan_msgs/hook/ld_library_path_lib.ps1'
[0.621s] INFO:colcon.colcon_core.shell:Creating environment descriptor '/home/adha/belajar/ws1/install/ros2_socketcan_msgs/share/ros2_socketcan_msgs/hook/ld_library_path_lib.dsv'
[0.622s] INFO:colcon.colcon_core.shell:Creating environment hook '/home/adha/belajar/ws1/install/ros2_socketcan_msgs/share/ros2_socketcan_msgs/hook/ld_library_path_lib.sh'
[0.622s] Level 1:colcon.colcon_core.environment:checking '/home/adha/belajar/ws1/install/ros2_socketcan_msgs/bin'
[0.622s] Level 1:colcon.colcon_core.environment:checking '/home/adha/belajar/ws1/install/ros2_socketcan_msgs/lib/pkgconfig/ros2_socketcan_msgs.pc'
[0.622s] Level 1:colcon.colcon_core.environment:checking '/home/adha/belajar/ws1/install/ros2_socketcan_msgs/lib/python3.12/site-packages'
[0.622s] Level 1:colcon.colcon_core.shell:create_environment_hook('ros2_socketcan_msgs', 'pythonpath')
[0.623s] INFO:colcon.colcon_core.shell:Creating environment hook '/home/adha/belajar/ws1/install/ros2_socketcan_msgs/share/ros2_socketcan_msgs/hook/pythonpath.ps1'
[0.623s] INFO:colcon.colcon_core.shell:Creating environment descriptor '/home/adha/belajar/ws1/install/ros2_socketcan_msgs/share/ros2_socketcan_msgs/hook/pythonpath.dsv'
[0.624s] INFO:colcon.colcon_core.shell:Creating environment hook '/home/adha/belajar/ws1/install/ros2_socketcan_msgs/share/ros2_socketcan_msgs/hook/pythonpath.sh'
[0.624s] Level 1:colcon.colcon_core.environment:checking '/home/adha/belajar/ws1/install/ros2_socketcan_msgs/bin'
[0.625s] INFO:colcon.colcon_core.shell:Creating package script '/home/adha/belajar/ws1/install/ros2_socketcan_msgs/share/ros2_socketcan_msgs/package.ps1'
[0.626s] INFO:colcon.colcon_core.shell:Creating package descriptor '/home/adha/belajar/ws1/install/ros2_socketcan_msgs/share/ros2_socketcan_msgs/package.dsv'
[0.626s] INFO:colcon.colcon_core.shell:Creating package script '/home/adha/belajar/ws1/install/ros2_socketcan_msgs/share/ros2_socketcan_msgs/package.sh'
[0.627s] INFO:colcon.colcon_core.shell:Creating package script '/home/adha/belajar/ws1/install/ros2_socketcan_msgs/share/ros2_socketcan_msgs/package.bash'
[0.627s] INFO:colcon.colcon_core.shell:Creating package script '/home/adha/belajar/ws1/install/ros2_socketcan_msgs/share/ros2_socketcan_msgs/package.zsh'
[0.627s] Level 1:colcon.colcon_core.environment:create_file_with_runtime_dependencies(/home/adha/belajar/ws1/install/ros2_socketcan_msgs/share/colcon-core/packages/ros2_socketcan_msgs)
[0.629s] Level 1:colcon.colcon_core.environment:create_environment_scripts_only(can_msgs)
[0.629s] Level 1:colcon.colcon_core.environment:checking '/home/adha/belajar/ws1/install/can_msgs' for CMake module files
[0.630s] Level 1:colcon.colcon_core.environment:checking '/home/adha/belajar/ws1/install/can_msgs' for CMake config files
[0.630s] Level 1:colcon.colcon_core.shell:create_environment_hook('can_msgs', 'cmake_prefix_path')
[0.630s] INFO:colcon.colcon_core.shell:Creating environment hook '/home/adha/belajar/ws1/install/can_msgs/share/can_msgs/hook/cmake_prefix_path.ps1'
[0.631s] INFO:colcon.colcon_core.shell:Creating environment descriptor '/home/adha/belajar/ws1/install/can_msgs/share/can_msgs/hook/cmake_prefix_path.dsv'
[0.631s] INFO:colcon.colcon_core.shell:Creating environment hook '/home/adha/belajar/ws1/install/can_msgs/share/can_msgs/hook/cmake_prefix_path.sh'
[0.631s] Level 1:colcon.colcon_core.environment:checking '/home/adha/belajar/ws1/install/can_msgs/lib'
[0.631s] Level 1:colcon.colcon_core.shell:create_environment_hook('can_msgs', 'ld_library_path_lib')
[0.632s] INFO:colcon.colcon_core.shell:Creating environment hook '/home/adha/belajar/ws1/install/can_msgs/share/can_msgs/hook/ld_library_path_lib.ps1'
[0.632s] INFO:colcon.colcon_core.shell:Creating environment descriptor '/home/adha/belajar/ws1/install/can_msgs/share/can_msgs/hook/ld_library_path_lib.dsv'
[0.632s] INFO:colcon.colcon_core.shell:Creating environment hook '/home/adha/belajar/ws1/install/can_msgs/share/can_msgs/hook/ld_library_path_lib.sh'
[0.632s] Level 1:colcon.colcon_core.environment:checking '/home/adha/belajar/ws1/install/can_msgs/bin'
[0.632s] Level 1:colcon.colcon_core.environment:checking '/home/adha/belajar/ws1/install/can_msgs/lib/pkgconfig/can_msgs.pc'
[0.633s] Level 1:colcon.colcon_core.environment:checking '/home/adha/belajar/ws1/install/can_msgs/lib/python3.12/site-packages'
[0.633s] Level 1:colcon.colcon_core.shell:create_environment_hook('can_msgs', 'pythonpath')
[0.633s] INFO:colcon.colcon_core.shell:Creating environment hook '/home/adha/belajar/ws1/install/can_msgs/share/can_msgs/hook/pythonpath.ps1'
[0.633s] INFO:colcon.colcon_core.shell:Creating environment descriptor '/home/adha/belajar/ws1/install/can_msgs/share/can_msgs/hook/pythonpath.dsv'
[0.634s] INFO:colcon.colcon_core.shell:Creating environment hook '/home/adha/belajar/ws1/install/can_msgs/share/can_msgs/hook/pythonpath.sh'
[0.635s] Level 1:colcon.colcon_core.environment:checking '/home/adha/belajar/ws1/install/can_msgs/bin'
[0.635s] INFO:colcon.colcon_core.shell:Creating package script '/home/adha/belajar/ws1/install/can_msgs/share/can_msgs/package.ps1'
[0.636s] INFO:colcon.colcon_core.shell:Creating package descriptor '/home/adha/belajar/ws1/install/can_msgs/share/can_msgs/package.dsv'
[0.637s] INFO:colcon.colcon_core.shell:Creating package script '/home/adha/belajar/ws1/install/can_msgs/share/can_msgs/package.sh'
[0.637s] INFO:colcon.colcon_core.shell:Creating package script '/home/adha/belajar/ws1/install/can_msgs/share/can_msgs/package.bash'
[0.637s] INFO:colcon.colcon_core.shell:Creating package script '/home/adha/belajar/ws1/install/can_msgs/share/can_msgs/package.zsh'
[0.638s] Level 1:colcon.colcon_core.environment:create_file_with_runtime_dependencies(/home/adha/belajar/ws1/install/can_msgs/share/colcon-core/packages/can_msgs)
[0.638s] INFO:colcon.colcon_ros.task.ament_cmake.build:Building ROS package in '/home/adha/belajar/ws1/src/ros2_socketcan/ros2_socketcan' with build type 'ament_cmake'
[0.638s] INFO:colcon.colcon_cmake.task.cmake.build:Building CMake package in '/home/adha/belajar/ws1/src/ros2_socketcan/ros2_socketcan'
[0.638s] INFO:colcon.colcon_core.shell:Skip shell extension 'powershell' for command environment: Not usable outside of PowerShell
[0.638s] DEBUG:colcon.colcon_core.shell:Skip shell extension 'dsv' for command environment
[0.655s] DEBUG:colcon.colcon_core.event_handler.log_command:Invoking command in '/home/adha/belajar/ws1/build/ros2_socketcan': CMAKE_PREFIX_PATH=/home/adha/belajar/ws1/install/ros2_socketcan_msgs:/home/adha/belajar/ws1/install/can_msgs:/home/adha/belajar/ws1/install/control:/home/adha/belajar/ws1/install/ros2_socketcan:/home/adha/belajar/ws1/install/msgs:/opt/ros/jazzy/opt/gz_math_vendor:/opt/ros/jazzy/opt/gz_utils_vendor:/opt/ros/jazzy/opt/gz_cmake_vendor:/opt/ros/jazzy DEBUGINFOD_URLS=https://debuginfod.ubuntu.com LD_LIBRARY_PATH=/home/adha/belajar/ws1/install/ros2_socketcan_msgs/lib:/home/adha/belajar/ws1/install/can_msgs/lib:/home/adha/belajar/ws1/install/ros2_socketcan/lib:/home/adha/belajar/ws1/install/msgs/lib:/opt/ros/jazzy/opt/rviz_ogre_vendor/lib:/opt/ros/jazzy/lib/x86_64-linux-gnu:/opt/ros/jazzy/opt/gz_math_vendor/lib:/opt/ros/jazzy/opt/gz_utils_vendor/lib:/opt/ros/jazzy/opt/gz_cmake_vendor/lib:/opt/ros/jazzy/lib PYTHONPATH=/home/adha/belajar/ws1/install/ros2_socketcan_msgs/lib/python3.12/site-packages:/home/adha/belajar/ws1/install/can_msgs/lib/python3.12/site-packages:/home/adha/belajar/ws1/install/msgs/lib/python3.12/site-packages:/opt/ros/jazzy/lib/python3.12/site-packages /usr/bin/cmake --build /home/adha/belajar/ws1/build/ros2_socketcan -- -j12 -l12
[0.820s] DEBUG:colcon.colcon_core.event_handler.log_command:Invoked command in '/home/adha/belajar/ws1/build/ros2_socketcan' returned '0': CMAKE_PREFIX_PATH=/home/adha/belajar/ws1/install/ros2_socketcan_msgs:/home/adha/belajar/ws1/install/can_msgs:/home/adha/belajar/ws1/install/control:/home/adha/belajar/ws1/install/ros2_socketcan:/home/adha/belajar/ws1/install/msgs:/opt/ros/jazzy/opt/gz_math_vendor:/opt/ros/jazzy/opt/gz_utils_vendor:/opt/ros/jazzy/opt/gz_cmake_vendor:/opt/ros/jazzy DEBUGINFOD_URLS=https://debuginfod.ubuntu.com LD_LIBRARY_PATH=/home/adha/belajar/ws1/install/ros2_socketcan_msgs/lib:/home/adha/belajar/ws1/install/can_msgs/lib:/home/adha/belajar/ws1/install/ros2_socketcan/lib:/home/adha/belajar/ws1/install/msgs/lib:/opt/ros/jazzy/opt/rviz_ogre_vendor/lib:/opt/ros/jazzy/lib/x86_64-linux-gnu:/opt/ros/jazzy/opt/gz_math_vendor/lib:/opt/ros/jazzy/opt/gz_utils_vendor/lib:/opt/ros/jazzy/opt/gz_cmake_vendor/lib:/opt/ros/jazzy/lib PYTHONPATH=/home/adha/belajar/ws1/install/ros2_socketcan_msgs/lib/python3.12/site-packages:/home/adha/belajar/ws1/install/can_msgs/lib/python3.12/site-packages:/home/adha/belajar/ws1/install/msgs/lib/python3.12/site-packages:/opt/ros/jazzy/lib/python3.12/site-packages /usr/bin/cmake --build /home/adha/belajar/ws1/build/ros2_socketcan -- -j12 -l12
[0.871s] DEBUG:colcon.colcon_core.event_handler.log_command:Invoking command in '/home/adha/belajar/ws1/build/ros2_socketcan': CMAKE_PREFIX_PATH=/home/adha/belajar/ws1/install/ros2_socketcan_msgs:/home/adha/belajar/ws1/install/can_msgs:/home/adha/belajar/ws1/install/control:/home/adha/belajar/ws1/install/ros2_socketcan:/home/adha/belajar/ws1/install/msgs:/opt/ros/jazzy/opt/gz_math_vendor:/opt/ros/jazzy/opt/gz_utils_vendor:/opt/ros/jazzy/opt/gz_cmake_vendor:/opt/ros/jazzy DEBUGINFOD_URLS=https://debuginfod.ubuntu.com LD_LIBRARY_PATH=/home/adha/belajar/ws1/install/ros2_socketcan_msgs/lib:/home/adha/belajar/ws1/install/can_msgs/lib:/home/adha/belajar/ws1/install/ros2_socketcan/lib:/home/adha/belajar/ws1/install/msgs/lib:/opt/ros/jazzy/opt/rviz_ogre_vendor/lib:/opt/ros/jazzy/lib/x86_64-linux-gnu:/opt/ros/jazzy/opt/gz_math_vendor/lib:/opt/ros/jazzy/opt/gz_utils_vendor/lib:/opt/ros/jazzy/opt/gz_cmake_vendor/lib:/opt/ros/jazzy/lib PYTHONPATH=/home/adha/belajar/ws1/install/ros2_socketcan_msgs/lib/python3.12/site-packages:/home/adha/belajar/ws1/install/can_msgs/lib/python3.12/site-packages:/home/adha/belajar/ws1/install/msgs/lib/python3.12/site-packages:/opt/ros/jazzy/lib/python3.12/site-packages /usr/bin/cmake --install /home/adha/belajar/ws1/build/ros2_socketcan
[0.883s] Level 1:colcon.colcon_core.environment:create_environment_scripts_only(ros2_socketcan)
[0.883s] Level 1:colcon.colcon_core.environment:checking '/home/adha/belajar/ws1/install/ros2_socketcan' for CMake module files
[0.884s] DEBUG:colcon.colcon_core.event_handler.log_command:Invoked command in '/home/adha/belajar/ws1/build/ros2_socketcan' returned '0': CMAKE_PREFIX_PATH=/home/adha/belajar/ws1/install/ros2_socketcan_msgs:/home/adha/belajar/ws1/install/can_msgs:/home/adha/belajar/ws1/install/control:/home/adha/belajar/ws1/install/ros2_socketcan:/home/adha/belajar/ws1/install/msgs:/opt/ros/jazzy/opt/gz_math_vendor:/opt/ros/jazzy/opt/gz_utils_vendor:/opt/ros/jazzy/opt/gz_cmake_vendor:/opt/ros/jazzy DEBUGINFOD_URLS=https://debuginfod.ubuntu.com LD_LIBRARY_PATH=/home/adha/belajar/ws1/install/ros2_socketcan_msgs/lib:/home/adha/belajar/ws1/install/can_msgs/lib:/home/adha/belajar/ws1/install/ros2_socketcan/lib:/home/adha/belajar/ws1/install/msgs/lib:/opt/ros/jazzy/opt/rviz_ogre_vendor/lib:/opt/ros/jazzy/lib/x86_64-linux-gnu:/opt/ros/jazzy/opt/gz_math_vendor/lib:/opt/ros/jazzy/opt/gz_utils_vendor/lib:/opt/ros/jazzy/opt/gz_cmake_vendor/lib:/opt/ros/jazzy/lib PYTHONPATH=/home/adha/belajar/ws1/install/ros2_socketcan_msgs/lib/python3.12/site-packages:/home/adha/belajar/ws1/install/can_msgs/lib/python3.12/site-packages:/home/adha/belajar/ws1/install/msgs/lib/python3.12/site-packages:/opt/ros/jazzy/lib/python3.12/site-packages /usr/bin/cmake --install /home/adha/belajar/ws1/build/ros2_socketcan
[0.884s] Level 1:colcon.colcon_core.environment:checking '/home/adha/belajar/ws1/install/ros2_socketcan' for CMake config files
[0.885s] Level 1:colcon.colcon_core.shell:create_environment_hook('ros2_socketcan', 'cmake_prefix_path')
[0.885s] INFO:colcon.colcon_core.shell:Creating environment hook '/home/adha/belajar/ws1/install/ros2_socketcan/share/ros2_socketcan/hook/cmake_prefix_path.ps1'
[0.885s] INFO:colcon.colcon_core.shell:Creating environment descriptor '/home/adha/belajar/ws1/install/ros2_socketcan/share/ros2_socketcan/hook/cmake_prefix_path.dsv'
[0.886s] INFO:colcon.colcon_core.shell:Creating environment hook '/home/adha/belajar/ws1/install/ros2_socketcan/share/ros2_socketcan/hook/cmake_prefix_path.sh'
[0.886s] Level 1:colcon.colcon_core.environment:checking '/home/adha/belajar/ws1/install/ros2_socketcan/lib'
[0.886s] Level 1:colcon.colcon_core.shell:create_environment_hook('ros2_socketcan', 'ld_library_path_lib')
[0.886s] INFO:colcon.colcon_core.shell:Creating environment hook '/home/adha/belajar/ws1/install/ros2_socketcan/share/ros2_socketcan/hook/ld_library_path_lib.ps1'
[0.887s] INFO:colcon.colcon_core.shell:Creating environment descriptor '/home/adha/belajar/ws1/install/ros2_socketcan/share/ros2_socketcan/hook/ld_library_path_lib.dsv'
[0.887s] INFO:colcon.colcon_core.shell:Creating environment hook '/home/adha/belajar/ws1/install/ros2_socketcan/share/ros2_socketcan/hook/ld_library_path_lib.sh'
[0.888s] Level 1:colcon.colcon_core.environment:checking '/home/adha/belajar/ws1/install/ros2_socketcan/bin'
[0.888s] Level 1:colcon.colcon_core.environment:checking '/home/adha/belajar/ws1/install/ros2_socketcan/lib/pkgconfig/ros2_socketcan.pc'
[0.888s] Level 1:colcon.colcon_core.environment:checking '/home/adha/belajar/ws1/install/ros2_socketcan/lib/python3.12/site-packages'
[0.888s] Level 1:colcon.colcon_core.environment:checking '/home/adha/belajar/ws1/install/ros2_socketcan/bin'
[0.889s] INFO:colcon.colcon_core.shell:Creating package script '/home/adha/belajar/ws1/install/ros2_socketcan/share/ros2_socketcan/package.ps1'
[0.890s] INFO:colcon.colcon_core.shell:Creating package descriptor '/home/adha/belajar/ws1/install/ros2_socketcan/share/ros2_socketcan/package.dsv'
[0.890s] INFO:colcon.colcon_core.shell:Creating package script '/home/adha/belajar/ws1/install/ros2_socketcan/share/ros2_socketcan/package.sh'
[0.891s] INFO:colcon.colcon_core.shell:Creating package script '/home/adha/belajar/ws1/install/ros2_socketcan/share/ros2_socketcan/package.bash'
[0.891s] INFO:colcon.colcon_core.shell:Creating package script '/home/adha/belajar/ws1/install/ros2_socketcan/share/ros2_socketcan/package.zsh'
[0.892s] Level 1:colcon.colcon_core.environment:create_file_with_runtime_dependencies(/home/adha/belajar/ws1/install/ros2_socketcan/share/colcon-core/packages/ros2_socketcan)
[0.946s] Level 1:colcon.colcon_core.environment:create_environment_scripts_only(ros2_socketcan)
[0.946s] Level 1:colcon.colcon_core.environment:checking '/home/adha/belajar/ws1/install/ros2_socketcan' for CMake module files
[0.947s] Level 1:colcon.colcon_core.environment:checking '/home/adha/belajar/ws1/install/ros2_socketcan' for CMake config files
[0.947s] Level 1:colcon.colcon_core.shell:create_environment_hook('ros2_socketcan', 'cmake_prefix_path')
[0.947s] INFO:colcon.colcon_core.shell:Creating environment hook '/home/adha/belajar/ws1/install/ros2_socketcan/share/ros2_socketcan/hook/cmake_prefix_path.ps1'
[0.948s] INFO:colcon.colcon_core.shell:Creating environment descriptor '/home/adha/belajar/ws1/install/ros2_socketcan/share/ros2_socketcan/hook/cmake_prefix_path.dsv'
[0.948s] INFO:colcon.colcon_core.shell:Creating environment hook '/home/adha/belajar/ws1/install/ros2_socketcan/share/ros2_socketcan/hook/cmake_prefix_path.sh'
[0.949s] Level 1:colcon.colcon_core.environment:checking '/home/adha/belajar/ws1/install/ros2_socketcan/lib'
[0.949s] Level 1:colcon.colcon_core.shell:create_environment_hook('ros2_socketcan', 'ld_library_path_lib')
[0.949s] INFO:colcon.colcon_core.shell:Creating environment hook '/home/adha/belajar/ws1/install/ros2_socketcan/share/ros2_socketcan/hook/ld_library_path_lib.ps1'
[0.949s] INFO:colcon.colcon_core.shell:Creating environment descriptor '/home/adha/belajar/ws1/install/ros2_socketcan/share/ros2_socketcan/hook/ld_library_path_lib.dsv'
[0.949s] INFO:colcon.colcon_core.shell:Creating environment hook '/home/adha/belajar/ws1/install/ros2_socketcan/share/ros2_socketcan/hook/ld_library_path_lib.sh'
[0.950s] Level 1:colcon.colcon_core.environment:checking '/home/adha/belajar/ws1/install/ros2_socketcan/bin'
[0.950s] Level 1:colcon.colcon_core.environment:checking '/home/adha/belajar/ws1/install/ros2_socketcan/lib/pkgconfig/ros2_socketcan.pc'
[0.950s] Level 1:colcon.colcon_core.environment:checking '/home/adha/belajar/ws1/install/ros2_socketcan/lib/python3.12/site-packages'
[0.950s] Level 1:colcon.colcon_core.environment:checking '/home/adha/belajar/ws1/install/ros2_socketcan/bin'
[0.950s] INFO:colcon.colcon_core.shell:Creating package script '/home/adha/belajar/ws1/install/ros2_socketcan/share/ros2_socketcan/package.ps1'
[0.951s] INFO:colcon.colcon_core.shell:Creating package descriptor '/home/adha/belajar/ws1/install/ros2_socketcan/share/ros2_socketcan/package.dsv'
[0.951s] INFO:colcon.colcon_core.shell:Creating package script '/home/adha/belajar/ws1/install/ros2_socketcan/share/ros2_socketcan/package.sh'
[0.951s] INFO:colcon.colcon_core.shell:Creating package script '/home/adha/belajar/ws1/install/ros2_socketcan/share/ros2_socketcan/package.bash'
[0.952s] INFO:colcon.colcon_core.shell:Creating package script '/home/adha/belajar/ws1/install/ros2_socketcan/share/ros2_socketcan/package.zsh'
[0.952s] Level 1:colcon.colcon_core.environment:create_file_with_runtime_dependencies(/home/adha/belajar/ws1/install/ros2_socketcan/share/colcon-core/packages/ros2_socketcan)
[0.952s] INFO:colcon.colcon_ros.task.ament_cmake.build:Building ROS package in '/home/adha/belajar/ws1/src/control' with build type 'ament_cmake'
[0.952s] INFO:colcon.colcon_cmake.task.cmake.build:Building CMake package in '/home/adha/belajar/ws1/src/control'
[0.952s] INFO:colcon.colcon_core.shell:Skip shell extension 'powershell' for command environment: Not usable outside of PowerShell
[0.952s] DEBUG:colcon.colcon_core.shell:Skip shell extension 'dsv' for command environment
[0.968s] DEBUG:colcon.colcon_core.event_handler.log_command:Invoking command in '/home/adha/belajar/ws1/build/control': CMAKE_PREFIX_PATH=/home/adha/belajar/ws1/install/ros2_socketcan:/home/adha/belajar/ws1/install/ros2_socketcan_msgs:/home/adha/belajar/ws1/install/msgs:/home/adha/belajar/ws1/install/can_msgs:/home/adha/belajar/ws1/install/control:/opt/ros/jazzy/opt/gz_math_vendor:/opt/ros/jazzy/opt/gz_utils_vendor:/opt/ros/jazzy/opt/gz_cmake_vendor:/opt/ros/jazzy DEBUGINFOD_URLS=https://debuginfod.ubuntu.com /usr/bin/cmake --build /home/adha/belajar/ws1/build/control -- -j12 -l12
[4.727s] DEBUG:colcon.colcon_core.event_handler.log_command:Invoked command in '/home/adha/belajar/ws1/build/control' returned '2': CMAKE_PREFIX_PATH=/home/adha/belajar/ws1/install/ros2_socketcan:/home/adha/belajar/ws1/install/ros2_socketcan_msgs:/home/adha/belajar/ws1/install/msgs:/home/adha/belajar/ws1/install/can_msgs:/home/adha/belajar/ws1/install/control:/opt/ros/jazzy/opt/gz_math_vendor:/opt/ros/jazzy/opt/gz_utils_vendor:/opt/ros/jazzy/opt/gz_cmake_vendor:/opt/ros/jazzy DEBUGINFOD_URLS=https://debuginfod.ubuntu.com /usr/bin/cmake --build /home/adha/belajar/ws1/build/control -- -j12 -l12
[4.753s] Level 1:colcon.colcon_core.environment:create_environment_scripts_only(control)
[4.753s] Level 1:colcon.colcon_core.environment:checking '/home/adha/belajar/ws1/install/control' for CMake module files
[4.753s] Level 1:colcon.colcon_core.environment:checking '/home/adha/belajar/ws1/install/control' for CMake config files
[4.754s] Level 1:colcon.colcon_core.shell:create_environment_hook('control', 'cmake_prefix_path')
[4.754s] INFO:colcon.colcon_core.shell:Creating environment hook '/home/adha/belajar/ws1/install/control/share/control/hook/cmake_prefix_path.ps1'
[4.754s] INFO:colcon.colcon_core.shell:Creating environment descriptor '/home/adha/belajar/ws1/install/control/share/control/hook/cmake_prefix_path.dsv'
[4.754s] INFO:colcon.colcon_core.shell:Creating environment hook '/home/adha/belajar/ws1/install/control/share/control/hook/cmake_prefix_path.sh'
[4.755s] Level 1:colcon.colcon_core.environment:checking '/home/adha/belajar/ws1/install/control/lib'
[4.755s] Level 1:colcon.colcon_core.environment:checking '/home/adha/belajar/ws1/install/control/bin'
[4.755s] Level 1:colcon.colcon_core.environment:checking '/home/adha/belajar/ws1/install/control/lib/pkgconfig/control.pc'
[4.755s] Level 1:colcon.colcon_core.environment:checking '/home/adha/belajar/ws1/install/control/lib/python3.12/site-packages'
[4.755s] Level 1:colcon.colcon_core.environment:checking '/home/adha/belajar/ws1/install/control/bin'
[4.755s] INFO:colcon.colcon_core.shell:Creating package script '/home/adha/belajar/ws1/install/control/share/control/package.ps1'
[4.756s] INFO:colcon.colcon_core.shell:Creating package descriptor '/home/adha/belajar/ws1/install/control/share/control/package.dsv'
[4.756s] INFO:colcon.colcon_core.shell:Creating package script '/home/adha/belajar/ws1/install/control/share/control/package.sh'
[4.756s] INFO:colcon.colcon_core.shell:Creating package script '/home/adha/belajar/ws1/install/control/share/control/package.bash'
[4.756s] INFO:colcon.colcon_core.shell:Creating package script '/home/adha/belajar/ws1/install/control/share/control/package.zsh'
[4.756s] Level 1:colcon.colcon_core.environment:create_file_with_runtime_dependencies(/home/adha/belajar/ws1/install/control/share/colcon-core/packages/control)
[4.767s] DEBUG:colcon.colcon_parallel_executor.executor.parallel:closing loop
[4.767s] DEBUG:colcon.colcon_parallel_executor.executor.parallel:loop closed
[4.767s] DEBUG:colcon.colcon_parallel_executor.executor.parallel:run_until_complete finished with '2'
[4.767s] DEBUG:colcon.colcon_core.event_reactor:joining thread
[4.771s] INFO:colcon.colcon_core.plugin_system:Skipping extension 'colcon_notification.desktop_notification.terminal_notifier': Not used on non-Darwin systems
[4.771s] INFO:colcon.colcon_core.plugin_system:Skipping extension 'colcon_notification.desktop_notification.win32': Not used on non-Windows systems
[4.771s] INFO:colcon.colcon_notification.desktop_notification:Sending desktop notification using 'notify2'
[4.780s] DEBUG:colcon.colcon_core.event_reactor:joined thread
[4.780s] INFO:colcon.colcon_core.shell:Creating prefix script '/home/adha/belajar/ws1/install/local_setup.ps1'
[4.781s] INFO:colcon.colcon_core.shell:Creating prefix util module '/home/adha/belajar/ws1/install/_local_setup_util_ps1.py'
[4.781s] INFO:colcon.colcon_core.shell:Creating prefix chain script '/home/adha/belajar/ws1/install/setup.ps1'
[4.782s] INFO:colcon.colcon_core.shell:Creating prefix script '/home/adha/belajar/ws1/install/local_setup.sh'
[4.782s] INFO:colcon.colcon_core.shell:Creating prefix util module '/home/adha/belajar/ws1/install/_local_setup_util_sh.py'
[4.783s] INFO:colcon.colcon_core.shell:Creating prefix chain script '/home/adha/belajar/ws1/install/setup.sh'
[4.783s] INFO:colcon.colcon_core.shell:Creating prefix script '/home/adha/belajar/ws1/install/local_setup.bash'
[4.783s] INFO:colcon.colcon_core.shell:Creating prefix chain script '/home/adha/belajar/ws1/install/setup.bash'
[4.784s] INFO:colcon.colcon_core.shell:Creating prefix script '/home/adha/belajar/ws1/install/local_setup.zsh'
[4.784s] INFO:colcon.colcon_core.shell:Creating prefix chain script '/home/adha/belajar/ws1/install/setup.zsh'
