[0.038s] Invoking command in '/home/adha/belajar/ws1/build/can_msgs': CMAKE_PREFIX_PATH=${CMAKE_PREFIX_PATH}:/opt/ros/jazzy DEBUGINFOD_URLS=https://debuginfod.ubuntu.com /usr/bin/cmake --build /home/adha/belajar/ws1/build/can_msgs -- -j12 -l12
[0.174s] [  2%] Built target can_msgs__rosidl_generator_type_description
[0.198s] [  2%] Built target ament_cmake_python_copy_can_msgs
[0.228s] [  5%] Built target can_msgs__cpp
[0.237s] [ 20%] Built target can_msgs__rosidl_generator_c
[0.356s] [ 29%] Built target can_msgs__rosidl_typesupport_introspection_cpp
[0.360s] [ 38%] Built target can_msgs__rosidl_typesupport_introspection_c
[0.369s] [ 47%] Built target can_msgs__rosidl_typesupport_fastrtps_c
[0.370s] [ 55%] Built target can_msgs__rosidl_typesupport_cpp
[0.376s] [ 64%] Built target can_msgs__rosidl_typesupport_fastrtps_cpp
[0.380s] [ 73%] Built target can_msgs__rosidl_typesupport_c
[0.433s] [ 73%] Built target can_msgs
[0.486s] [ 76%] Built target can_msgs__py
[0.545s] [ 82%] Built target can_msgs__rosidl_generator_py
[0.623s] [ 88%] Built target can_msgs_s__rosidl_typesupport_c
[0.623s] [ 94%] Built target can_msgs_s__rosidl_typesupport_fastrtps_c
[0.624s] [100%] Built target can_msgs_s__rosidl_typesupport_introspection_c
[0.684s] running egg_info
[0.714s] writing can_msgs.egg-info/PKG-INFO
[0.715s] writing dependency_links to can_msgs.egg-info/dependency_links.txt
[0.715s] writing top-level names to can_msgs.egg-info/top_level.txt
[0.795s] reading manifest file 'can_msgs.egg-info/SOURCES.txt'
[0.796s] writing manifest file 'can_msgs.egg-info/SOURCES.txt'
[0.864s] [100%] Built target ament_cmake_python_build_can_msgs_egg
[0.892s] Invoked command in '/home/adha/belajar/ws1/build/can_msgs' returned '0': CMAKE_PREFIX_PATH=${CMAKE_PREFIX_PATH}:/opt/ros/jazzy DEBUGINFOD_URLS=https://debuginfod.ubuntu.com /usr/bin/cmake --build /home/adha/belajar/ws1/build/can_msgs -- -j12 -l12
[1.070s] Invoking command in '/home/adha/belajar/ws1/build/can_msgs': CMAKE_PREFIX_PATH=${CMAKE_PREFIX_PATH}:/opt/ros/jazzy DEBUGINFOD_URLS=https://debuginfod.ubuntu.com /usr/bin/cmake --install /home/adha/belajar/ws1/build/can_msgs
[1.092s] -- Install configuration: ""
[1.092s] -- Up-to-date: /home/adha/belajar/ws1/install/can_msgs/share/ament_index/resource_index/rosidl_interfaces/can_msgs
[1.092s] -- Up-to-date: /home/adha/belajar/ws1/install/can_msgs/share/can_msgs/msg/Frame.json
[1.092s] -- Up-to-date: /home/adha/belajar/ws1/install/can_msgs/include/can_msgs/can_msgs
[1.093s] -- Up-to-date: /home/adha/belajar/ws1/install/can_msgs/include/can_msgs/can_msgs/msg
[1.093s] -- Up-to-date: /home/adha/belajar/ws1/install/can_msgs/include/can_msgs/can_msgs/msg/rosidl_generator_c__visibility_control.h
[1.093s] -- Up-to-date: /home/adha/belajar/ws1/install/can_msgs/include/can_msgs/can_msgs/msg/frame.h
[1.093s] -- Up-to-date: /home/adha/belajar/ws1/install/can_msgs/include/can_msgs/can_msgs/msg/detail
[1.093s] -- Up-to-date: /home/adha/belajar/ws1/install/can_msgs/include/can_msgs/can_msgs/msg/detail/frame__description.c
[1.094s] -- Up-to-date: /home/adha/belajar/ws1/install/can_msgs/include/can_msgs/can_msgs/msg/detail/frame__struct.h
[1.094s] -- Up-to-date: /home/adha/belajar/ws1/install/can_msgs/include/can_msgs/can_msgs/msg/detail/frame__functions.h
[1.094s] -- Up-to-date: /home/adha/belajar/ws1/install/can_msgs/include/can_msgs/can_msgs/msg/detail/frame__type_support.h
[1.094s] -- Up-to-date: /home/adha/belajar/ws1/install/can_msgs/include/can_msgs/can_msgs/msg/detail/frame__type_support.c
[1.094s] -- Up-to-date: /home/adha/belajar/ws1/install/can_msgs/include/can_msgs/can_msgs/msg/detail/frame__functions.c
[1.096s] -- Up-to-date: /home/adha/belajar/ws1/install/can_msgs/share/can_msgs/environment/library_path.sh
[1.097s] -- Up-to-date: /home/adha/belajar/ws1/install/can_msgs/share/can_msgs/environment/library_path.dsv
[1.097s] -- Up-to-date: /home/adha/belajar/ws1/install/can_msgs/lib/libcan_msgs__rosidl_generator_c.so
[1.097s] -- Up-to-date: /home/adha/belajar/ws1/install/can_msgs/include/can_msgs/can_msgs
[1.097s] -- Up-to-date: /home/adha/belajar/ws1/install/can_msgs/include/can_msgs/can_msgs/msg
[1.097s] -- Up-to-date: /home/adha/belajar/ws1/install/can_msgs/include/can_msgs/can_msgs/msg/rosidl_typesupport_fastrtps_c__visibility_control.h
[1.097s] -- Up-to-date: /home/adha/belajar/ws1/install/can_msgs/include/can_msgs/can_msgs/msg/detail
[1.097s] -- Up-to-date: /home/adha/belajar/ws1/install/can_msgs/include/can_msgs/can_msgs/msg/detail/frame__rosidl_typesupport_fastrtps_c.h
[1.097s] -- Up-to-date: /home/adha/belajar/ws1/install/can_msgs/lib/libcan_msgs__rosidl_typesupport_fastrtps_c.so
[1.098s] -- Up-to-date: /home/adha/belajar/ws1/install/can_msgs/include/can_msgs/can_msgs
[1.098s] -- Up-to-date: /home/adha/belajar/ws1/install/can_msgs/include/can_msgs/can_msgs/msg
[1.098s] -- Up-to-date: /home/adha/belajar/ws1/install/can_msgs/include/can_msgs/can_msgs/msg/rosidl_typesupport_introspection_c__visibility_control.h
[1.098s] -- Up-to-date: /home/adha/belajar/ws1/install/can_msgs/include/can_msgs/can_msgs/msg/detail
[1.098s] -- Up-to-date: /home/adha/belajar/ws1/install/can_msgs/include/can_msgs/can_msgs/msg/detail/frame__rosidl_typesupport_introspection_c.h
[1.098s] -- Up-to-date: /home/adha/belajar/ws1/install/can_msgs/include/can_msgs/can_msgs/msg/detail/frame__type_support.c
[1.099s] -- Up-to-date: /home/adha/belajar/ws1/install/can_msgs/lib/libcan_msgs__rosidl_typesupport_introspection_c.so
[1.099s] -- Up-to-date: /home/adha/belajar/ws1/install/can_msgs/lib/libcan_msgs__rosidl_typesupport_c.so
[1.100s] -- Up-to-date: /home/adha/belajar/ws1/install/can_msgs/include/can_msgs/can_msgs
[1.101s] -- Up-to-date: /home/adha/belajar/ws1/install/can_msgs/include/can_msgs/can_msgs/msg
[1.101s] -- Up-to-date: /home/adha/belajar/ws1/install/can_msgs/include/can_msgs/can_msgs/msg/rosidl_generator_cpp__visibility_control.hpp
[1.101s] -- Up-to-date: /home/adha/belajar/ws1/install/can_msgs/include/can_msgs/can_msgs/msg/frame.hpp
[1.101s] -- Up-to-date: /home/adha/belajar/ws1/install/can_msgs/include/can_msgs/can_msgs/msg/detail
[1.101s] -- Up-to-date: /home/adha/belajar/ws1/install/can_msgs/include/can_msgs/can_msgs/msg/detail/frame__type_support.hpp
[1.101s] -- Up-to-date: /home/adha/belajar/ws1/install/can_msgs/include/can_msgs/can_msgs/msg/detail/frame__traits.hpp
[1.101s] -- Up-to-date: /home/adha/belajar/ws1/install/can_msgs/include/can_msgs/can_msgs/msg/detail/frame__builder.hpp
[1.101s] -- Up-to-date: /home/adha/belajar/ws1/install/can_msgs/include/can_msgs/can_msgs/msg/detail/frame__struct.hpp
[1.101s] -- Up-to-date: /home/adha/belajar/ws1/install/can_msgs/include/can_msgs/can_msgs
[1.101s] -- Up-to-date: /home/adha/belajar/ws1/install/can_msgs/include/can_msgs/can_msgs/msg
[1.101s] -- Up-to-date: /home/adha/belajar/ws1/install/can_msgs/include/can_msgs/can_msgs/msg/rosidl_typesupport_fastrtps_cpp__visibility_control.h
[1.101s] -- Up-to-date: /home/adha/belajar/ws1/install/can_msgs/include/can_msgs/can_msgs/msg/detail
[1.102s] -- Up-to-date: /home/adha/belajar/ws1/install/can_msgs/include/can_msgs/can_msgs/msg/detail/dds_fastrtps
[1.102s] -- Up-to-date: /home/adha/belajar/ws1/install/can_msgs/include/can_msgs/can_msgs/msg/detail/frame__rosidl_typesupport_fastrtps_cpp.hpp
[1.102s] -- Up-to-date: /home/adha/belajar/ws1/install/can_msgs/lib/libcan_msgs__rosidl_typesupport_fastrtps_cpp.so
[1.102s] -- Up-to-date: /home/adha/belajar/ws1/install/can_msgs/include/can_msgs/can_msgs
[1.102s] -- Up-to-date: /home/adha/belajar/ws1/install/can_msgs/include/can_msgs/can_msgs/msg
[1.102s] -- Up-to-date: /home/adha/belajar/ws1/install/can_msgs/include/can_msgs/can_msgs/msg/detail
[1.102s] -- Up-to-date: /home/adha/belajar/ws1/install/can_msgs/include/can_msgs/can_msgs/msg/detail/frame__type_support.cpp
[1.102s] -- Up-to-date: /home/adha/belajar/ws1/install/can_msgs/include/can_msgs/can_msgs/msg/detail/frame__rosidl_typesupport_introspection_cpp.hpp
[1.103s] -- Up-to-date: /home/adha/belajar/ws1/install/can_msgs/lib/libcan_msgs__rosidl_typesupport_introspection_cpp.so
[1.104s] -- Up-to-date: /home/adha/belajar/ws1/install/can_msgs/lib/libcan_msgs__rosidl_typesupport_cpp.so
[1.105s] -- Up-to-date: /home/adha/belajar/ws1/install/can_msgs/share/can_msgs/environment/pythonpath.sh
[1.106s] -- Up-to-date: /home/adha/belajar/ws1/install/can_msgs/share/can_msgs/environment/pythonpath.dsv
[1.107s] -- Up-to-date: /home/adha/belajar/ws1/install/can_msgs/lib/python3.12/site-packages/can_msgs-2.0.0-py3.12.egg-info
[1.107s] -- Installing: /home/adha/belajar/ws1/install/can_msgs/lib/python3.12/site-packages/can_msgs-2.0.0-py3.12.egg-info/dependency_links.txt
[1.107s] -- Installing: /home/adha/belajar/ws1/install/can_msgs/lib/python3.12/site-packages/can_msgs-2.0.0-py3.12.egg-info/top_level.txt
[1.108s] -- Installing: /home/adha/belajar/ws1/install/can_msgs/lib/python3.12/site-packages/can_msgs-2.0.0-py3.12.egg-info/SOURCES.txt
[1.108s] -- Installing: /home/adha/belajar/ws1/install/can_msgs/lib/python3.12/site-packages/can_msgs-2.0.0-py3.12.egg-info/PKG-INFO
[1.109s] -- Up-to-date: /home/adha/belajar/ws1/install/can_msgs/lib/python3.12/site-packages/can_msgs
[1.109s] -- Up-to-date: /home/adha/belajar/ws1/install/can_msgs/lib/python3.12/site-packages/can_msgs/msg
[1.109s] -- Up-to-date: /home/adha/belajar/ws1/install/can_msgs/lib/python3.12/site-packages/can_msgs/msg/__init__.py
[1.109s] -- Up-to-date: /home/adha/belajar/ws1/install/can_msgs/lib/python3.12/site-packages/can_msgs/msg/_frame_s.c
[1.109s] -- Up-to-date: /home/adha/belajar/ws1/install/can_msgs/lib/python3.12/site-packages/can_msgs/msg/_frame.py
[1.109s] -- Up-to-date: /home/adha/belajar/ws1/install/can_msgs/lib/python3.12/site-packages/can_msgs/__init__.py
[1.109s] -- Up-to-date: /home/adha/belajar/ws1/install/can_msgs/lib/python3.12/site-packages/can_msgs/can_msgs_s__rosidl_typesupport_introspection_c.so
[1.110s] -- Up-to-date: /home/adha/belajar/ws1/install/can_msgs/lib/python3.12/site-packages/can_msgs/_can_msgs_s.ep.rosidl_typesupport_c.c
[1.110s] -- Up-to-date: /home/adha/belajar/ws1/install/can_msgs/lib/python3.12/site-packages/can_msgs/can_msgs_s__rosidl_typesupport_fastrtps_c.so
[1.110s] -- Up-to-date: /home/adha/belajar/ws1/install/can_msgs/lib/python3.12/site-packages/can_msgs/_can_msgs_s.ep.rosidl_typesupport_introspection_c.c
[1.110s] -- Up-to-date: /home/adha/belajar/ws1/install/can_msgs/lib/python3.12/site-packages/can_msgs/can_msgs_s__rosidl_typesupport_c.so
[1.110s] -- Up-to-date: /home/adha/belajar/ws1/install/can_msgs/lib/python3.12/site-packages/can_msgs/_can_msgs_s.ep.rosidl_typesupport_fastrtps_c.c
[1.183s] Listing '/home/adha/belajar/ws1/install/can_msgs/lib/python3.12/site-packages/can_msgs'...
[1.183s] Listing '/home/adha/belajar/ws1/install/can_msgs/lib/python3.12/site-packages/can_msgs/msg'...
[1.195s] -- Up-to-date: /home/adha/belajar/ws1/install/can_msgs/lib/python3.12/site-packages/can_msgs/can_msgs_s__rosidl_typesupport_fastrtps_c.so
[1.196s] -- Up-to-date: /home/adha/belajar/ws1/install/can_msgs/lib/python3.12/site-packages/can_msgs/can_msgs_s__rosidl_typesupport_introspection_c.so
[1.196s] -- Up-to-date: /home/adha/belajar/ws1/install/can_msgs/lib/python3.12/site-packages/can_msgs/can_msgs_s__rosidl_typesupport_c.so
[1.197s] -- Up-to-date: /home/adha/belajar/ws1/install/can_msgs/lib/libcan_msgs__rosidl_generator_py.so
[1.198s] -- Up-to-date: /home/adha/belajar/ws1/install/can_msgs/share/can_msgs/msg/Frame.idl
[1.198s] -- Up-to-date: /home/adha/belajar/ws1/install/can_msgs/share/can_msgs/msg/Frame.msg
[1.198s] -- Up-to-date: /home/adha/belajar/ws1/install/can_msgs/share/ament_index/resource_index/package_run_dependencies/can_msgs
[1.199s] -- Up-to-date: /home/adha/belajar/ws1/install/can_msgs/share/ament_index/resource_index/parent_prefix_path/can_msgs
[1.199s] -- Up-to-date: /home/adha/belajar/ws1/install/can_msgs/share/can_msgs/environment/ament_prefix_path.sh
[1.199s] -- Up-to-date: /home/adha/belajar/ws1/install/can_msgs/share/can_msgs/environment/ament_prefix_path.dsv
[1.199s] -- Up-to-date: /home/adha/belajar/ws1/install/can_msgs/share/can_msgs/environment/path.sh
[1.199s] -- Up-to-date: /home/adha/belajar/ws1/install/can_msgs/share/can_msgs/environment/path.dsv
[1.199s] -- Up-to-date: /home/adha/belajar/ws1/install/can_msgs/share/can_msgs/local_setup.bash
[1.199s] -- Up-to-date: /home/adha/belajar/ws1/install/can_msgs/share/can_msgs/local_setup.sh
[1.199s] -- Up-to-date: /home/adha/belajar/ws1/install/can_msgs/share/can_msgs/local_setup.zsh
[1.199s] -- Up-to-date: /home/adha/belajar/ws1/install/can_msgs/share/can_msgs/local_setup.dsv
[1.199s] -- Installing: /home/adha/belajar/ws1/install/can_msgs/share/can_msgs/package.dsv
[1.200s] -- Up-to-date: /home/adha/belajar/ws1/install/can_msgs/share/ament_index/resource_index/packages/can_msgs
[1.201s] -- Up-to-date: /home/adha/belajar/ws1/install/can_msgs/share/can_msgs/cmake/export_can_msgs__rosidl_generator_cExport.cmake
[1.201s] -- Up-to-date: /home/adha/belajar/ws1/install/can_msgs/share/can_msgs/cmake/export_can_msgs__rosidl_generator_cExport-noconfig.cmake
[1.202s] -- Up-to-date: /home/adha/belajar/ws1/install/can_msgs/share/can_msgs/cmake/export_can_msgs__rosidl_typesupport_fastrtps_cExport.cmake
[1.202s] -- Up-to-date: /home/adha/belajar/ws1/install/can_msgs/share/can_msgs/cmake/export_can_msgs__rosidl_typesupport_fastrtps_cExport-noconfig.cmake
[1.202s] -- Up-to-date: /home/adha/belajar/ws1/install/can_msgs/share/can_msgs/cmake/can_msgs__rosidl_typesupport_introspection_cExport.cmake
[1.203s] -- Up-to-date: /home/adha/belajar/ws1/install/can_msgs/share/can_msgs/cmake/can_msgs__rosidl_typesupport_introspection_cExport-noconfig.cmake
[1.203s] -- Up-to-date: /home/adha/belajar/ws1/install/can_msgs/share/can_msgs/cmake/can_msgs__rosidl_typesupport_cExport.cmake
[1.203s] -- Up-to-date: /home/adha/belajar/ws1/install/can_msgs/share/can_msgs/cmake/can_msgs__rosidl_typesupport_cExport-noconfig.cmake
[1.204s] -- Up-to-date: /home/adha/belajar/ws1/install/can_msgs/share/can_msgs/cmake/export_can_msgs__rosidl_generator_cppExport.cmake
[1.207s] -- Up-to-date: /home/adha/belajar/ws1/install/can_msgs/share/can_msgs/cmake/export_can_msgs__rosidl_typesupport_fastrtps_cppExport.cmake
[1.207s] -- Up-to-date: /home/adha/belajar/ws1/install/can_msgs/share/can_msgs/cmake/export_can_msgs__rosidl_typesupport_fastrtps_cppExport-noconfig.cmake
[1.207s] -- Up-to-date: /home/adha/belajar/ws1/install/can_msgs/share/can_msgs/cmake/can_msgs__rosidl_typesupport_introspection_cppExport.cmake
[1.207s] -- Up-to-date: /home/adha/belajar/ws1/install/can_msgs/share/can_msgs/cmake/can_msgs__rosidl_typesupport_introspection_cppExport-noconfig.cmake
[1.207s] -- Up-to-date: /home/adha/belajar/ws1/install/can_msgs/share/can_msgs/cmake/can_msgs__rosidl_typesupport_cppExport.cmake
[1.208s] -- Up-to-date: /home/adha/belajar/ws1/install/can_msgs/share/can_msgs/cmake/can_msgs__rosidl_typesupport_cppExport-noconfig.cmake
[1.208s] -- Up-to-date: /home/adha/belajar/ws1/install/can_msgs/share/can_msgs/cmake/export_can_msgs__rosidl_generator_pyExport.cmake
[1.208s] -- Up-to-date: /home/adha/belajar/ws1/install/can_msgs/share/can_msgs/cmake/export_can_msgs__rosidl_generator_pyExport-noconfig.cmake
[1.208s] -- Up-to-date: /home/adha/belajar/ws1/install/can_msgs/share/can_msgs/cmake/rosidl_cmake-extras.cmake
[1.208s] -- Up-to-date: /home/adha/belajar/ws1/install/can_msgs/share/can_msgs/cmake/ament_cmake_export_dependencies-extras.cmake
[1.209s] -- Up-to-date: /home/adha/belajar/ws1/install/can_msgs/share/can_msgs/cmake/ament_cmake_export_include_directories-extras.cmake
[1.209s] -- Up-to-date: /home/adha/belajar/ws1/install/can_msgs/share/can_msgs/cmake/ament_cmake_export_libraries-extras.cmake
[1.209s] -- Up-to-date: /home/adha/belajar/ws1/install/can_msgs/share/can_msgs/cmake/ament_cmake_export_targets-extras.cmake
[1.209s] -- Up-to-date: /home/adha/belajar/ws1/install/can_msgs/share/can_msgs/cmake/rosidl_cmake_export_typesupport_targets-extras.cmake
[1.209s] -- Up-to-date: /home/adha/belajar/ws1/install/can_msgs/share/can_msgs/cmake/rosidl_cmake_export_typesupport_libraries-extras.cmake
[1.209s] -- Up-to-date: /home/adha/belajar/ws1/install/can_msgs/share/can_msgs/cmake/can_msgsConfig.cmake
[1.209s] -- Up-to-date: /home/adha/belajar/ws1/install/can_msgs/share/can_msgs/cmake/can_msgsConfig-version.cmake
[1.209s] -- Up-to-date: /home/adha/belajar/ws1/install/can_msgs/share/can_msgs/package.xml
[1.255s] Invoked command in '/home/adha/belajar/ws1/build/can_msgs' returned '0': CMAKE_PREFIX_PATH=${CMAKE_PREFIX_PATH}:/opt/ros/jazzy DEBUGINFOD_URLS=https://debuginfod.ubuntu.com /usr/bin/cmake --install /home/adha/belajar/ws1/build/can_msgs
