[0.033s] Invoking command in '/home/adha/belajar/ws1/build/ros2_socketcan_msgs': CMAKE_PREFIX_PATH=${CMAKE_PREFIX_PATH}:/opt/ros/jazzy DEBUGINFOD_URLS=https://debuginfod.ubuntu.com /usr/bin/cmake --build /home/adha/belajar/ws1/build/ros2_socketcan_msgs -- -j12 -l12
[0.160s] [  2%] Built target ros2_socketcan_msgs__rosidl_generator_type_description
[0.187s] [  2%] Built target ament_cmake_python_copy_ros2_socketcan_msgs
[0.219s] [  5%] Built target ros2_socketcan_msgs__cpp
[0.222s] [ 20%] Built target ros2_socketcan_msgs__rosidl_generator_c
[0.328s] [ 29%] Built target ros2_socketcan_msgs__rosidl_typesupport_fastrtps_c
[0.343s] [ 50%] Built target ros2_socketcan_msgs__rosidl_typesupport_fastrtps_cpp
[0.343s] [ 50%] Built target ros2_socketcan_msgs__rosidl_typesupport_introspection_c
[0.346s] [ 55%] Built target ros2_socketcan_msgs__rosidl_typesupport_cpp
[0.350s] [ 64%] Built target ros2_socketcan_msgs__rosidl_typesupport_introspection_cpp
[0.355s] [ 73%] Built target ros2_socketcan_msgs__rosidl_typesupport_c
[0.413s] [ 73%] Built target ros2_socketcan_msgs
[0.466s] [ 76%] Built target ros2_socketcan_msgs__py
[0.525s] [ 82%] Built target ros2_socketcan_msgs__rosidl_generator_py
[0.602s] [ 94%] Built target ros2_socketcan_msgs_s__rosidl_typesupport_fastrtps_c
[0.603s] [ 94%] Built target ros2_socketcan_msgs_s__rosidl_typesupport_introspection_c
[0.603s] [100%] Built target ros2_socketcan_msgs_s__rosidl_typesupport_c
[0.689s] running egg_info
[0.717s] writing ros2_socketcan_msgs.egg-info/PKG-INFO
[0.718s] writing dependency_links to ros2_socketcan_msgs.egg-info/dependency_links.txt
[0.718s] writing top-level names to ros2_socketcan_msgs.egg-info/top_level.txt
[0.798s] reading manifest file 'ros2_socketcan_msgs.egg-info/SOURCES.txt'
[0.800s] writing manifest file 'ros2_socketcan_msgs.egg-info/SOURCES.txt'
[0.860s] [100%] Built target ament_cmake_python_build_ros2_socketcan_msgs_egg
[0.890s] Invoked command in '/home/adha/belajar/ws1/build/ros2_socketcan_msgs' returned '0': CMAKE_PREFIX_PATH=${CMAKE_PREFIX_PATH}:/opt/ros/jazzy DEBUGINFOD_URLS=https://debuginfod.ubuntu.com /usr/bin/cmake --build /home/adha/belajar/ws1/build/ros2_socketcan_msgs -- -j12 -l12
[1.053s] Invoking command in '/home/adha/belajar/ws1/build/ros2_socketcan_msgs': CMAKE_PREFIX_PATH=${CMAKE_PREFIX_PATH}:/opt/ros/jazzy DEBUGINFOD_URLS=https://debuginfod.ubuntu.com /usr/bin/cmake --install /home/adha/belajar/ws1/build/ros2_socketcan_msgs
[1.071s] -- Install configuration: ""
[1.071s] -- Up-to-date: /home/adha/belajar/ws1/install/ros2_socketcan_msgs/share/ament_index/resource_index/rosidl_interfaces/ros2_socketcan_msgs
[1.072s] -- Up-to-date: /home/adha/belajar/ws1/install/ros2_socketcan_msgs/share/ros2_socketcan_msgs/msg/FdFrame.json
[1.073s] -- Up-to-date: /home/adha/belajar/ws1/install/ros2_socketcan_msgs/include/ros2_socketcan_msgs/ros2_socketcan_msgs
[1.074s] -- Up-to-date: /home/adha/belajar/ws1/install/ros2_socketcan_msgs/include/ros2_socketcan_msgs/ros2_socketcan_msgs/msg
[1.074s] -- Up-to-date: /home/adha/belajar/ws1/install/ros2_socketcan_msgs/include/ros2_socketcan_msgs/ros2_socketcan_msgs/msg/fd_frame.h
[1.074s] -- Up-to-date: /home/adha/belajar/ws1/install/ros2_socketcan_msgs/include/ros2_socketcan_msgs/ros2_socketcan_msgs/msg/rosidl_generator_c__visibility_control.h
[1.074s] -- Up-to-date: /home/adha/belajar/ws1/install/ros2_socketcan_msgs/include/ros2_socketcan_msgs/ros2_socketcan_msgs/msg/detail
[1.074s] -- Up-to-date: /home/adha/belajar/ws1/install/ros2_socketcan_msgs/include/ros2_socketcan_msgs/ros2_socketcan_msgs/msg/detail/fd_frame__functions.h
[1.074s] -- Up-to-date: /home/adha/belajar/ws1/install/ros2_socketcan_msgs/include/ros2_socketcan_msgs/ros2_socketcan_msgs/msg/detail/fd_frame__type_support.h
[1.074s] -- Up-to-date: /home/adha/belajar/ws1/install/ros2_socketcan_msgs/include/ros2_socketcan_msgs/ros2_socketcan_msgs/msg/detail/fd_frame__description.c
[1.075s] -- Up-to-date: /home/adha/belajar/ws1/install/ros2_socketcan_msgs/include/ros2_socketcan_msgs/ros2_socketcan_msgs/msg/detail/fd_frame__functions.c
[1.075s] -- Up-to-date: /home/adha/belajar/ws1/install/ros2_socketcan_msgs/include/ros2_socketcan_msgs/ros2_socketcan_msgs/msg/detail/fd_frame__struct.h
[1.075s] -- Up-to-date: /home/adha/belajar/ws1/install/ros2_socketcan_msgs/include/ros2_socketcan_msgs/ros2_socketcan_msgs/msg/detail/fd_frame__type_support.c
[1.075s] -- Up-to-date: /home/adha/belajar/ws1/install/ros2_socketcan_msgs/share/ros2_socketcan_msgs/environment/library_path.sh
[1.075s] -- Up-to-date: /home/adha/belajar/ws1/install/ros2_socketcan_msgs/share/ros2_socketcan_msgs/environment/library_path.dsv
[1.075s] -- Up-to-date: /home/adha/belajar/ws1/install/ros2_socketcan_msgs/lib/libros2_socketcan_msgs__rosidl_generator_c.so
[1.075s] -- Up-to-date: /home/adha/belajar/ws1/install/ros2_socketcan_msgs/include/ros2_socketcan_msgs/ros2_socketcan_msgs
[1.075s] -- Up-to-date: /home/adha/belajar/ws1/install/ros2_socketcan_msgs/include/ros2_socketcan_msgs/ros2_socketcan_msgs/msg
[1.076s] -- Up-to-date: /home/adha/belajar/ws1/install/ros2_socketcan_msgs/include/ros2_socketcan_msgs/ros2_socketcan_msgs/msg/rosidl_typesupport_fastrtps_c__visibility_control.h
[1.076s] -- Up-to-date: /home/adha/belajar/ws1/install/ros2_socketcan_msgs/include/ros2_socketcan_msgs/ros2_socketcan_msgs/msg/detail
[1.076s] -- Up-to-date: /home/adha/belajar/ws1/install/ros2_socketcan_msgs/include/ros2_socketcan_msgs/ros2_socketcan_msgs/msg/detail/fd_frame__rosidl_typesupport_fastrtps_c.h
[1.077s] -- Up-to-date: /home/adha/belajar/ws1/install/ros2_socketcan_msgs/lib/libros2_socketcan_msgs__rosidl_typesupport_fastrtps_c.so
[1.077s] -- Up-to-date: /home/adha/belajar/ws1/install/ros2_socketcan_msgs/include/ros2_socketcan_msgs/ros2_socketcan_msgs
[1.078s] -- Up-to-date: /home/adha/belajar/ws1/install/ros2_socketcan_msgs/include/ros2_socketcan_msgs/ros2_socketcan_msgs/msg
[1.078s] -- Up-to-date: /home/adha/belajar/ws1/install/ros2_socketcan_msgs/include/ros2_socketcan_msgs/ros2_socketcan_msgs/msg/rosidl_typesupport_introspection_c__visibility_control.h
[1.078s] -- Up-to-date: /home/adha/belajar/ws1/install/ros2_socketcan_msgs/include/ros2_socketcan_msgs/ros2_socketcan_msgs/msg/detail
[1.079s] -- Up-to-date: /home/adha/belajar/ws1/install/ros2_socketcan_msgs/include/ros2_socketcan_msgs/ros2_socketcan_msgs/msg/detail/fd_frame__rosidl_typesupport_introspection_c.h
[1.079s] -- Up-to-date: /home/adha/belajar/ws1/install/ros2_socketcan_msgs/include/ros2_socketcan_msgs/ros2_socketcan_msgs/msg/detail/fd_frame__type_support.c
[1.079s] -- Up-to-date: /home/adha/belajar/ws1/install/ros2_socketcan_msgs/lib/libros2_socketcan_msgs__rosidl_typesupport_introspection_c.so
[1.079s] -- Up-to-date: /home/adha/belajar/ws1/install/ros2_socketcan_msgs/lib/libros2_socketcan_msgs__rosidl_typesupport_c.so
[1.080s] -- Up-to-date: /home/adha/belajar/ws1/install/ros2_socketcan_msgs/include/ros2_socketcan_msgs/ros2_socketcan_msgs
[1.080s] -- Up-to-date: /home/adha/belajar/ws1/install/ros2_socketcan_msgs/include/ros2_socketcan_msgs/ros2_socketcan_msgs/msg
[1.080s] -- Up-to-date: /home/adha/belajar/ws1/install/ros2_socketcan_msgs/include/ros2_socketcan_msgs/ros2_socketcan_msgs/msg/rosidl_generator_cpp__visibility_control.hpp
[1.080s] -- Up-to-date: /home/adha/belajar/ws1/install/ros2_socketcan_msgs/include/ros2_socketcan_msgs/ros2_socketcan_msgs/msg/fd_frame.hpp
[1.080s] -- Up-to-date: /home/adha/belajar/ws1/install/ros2_socketcan_msgs/include/ros2_socketcan_msgs/ros2_socketcan_msgs/msg/detail
[1.080s] -- Up-to-date: /home/adha/belajar/ws1/install/ros2_socketcan_msgs/include/ros2_socketcan_msgs/ros2_socketcan_msgs/msg/detail/fd_frame__builder.hpp
[1.080s] -- Up-to-date: /home/adha/belajar/ws1/install/ros2_socketcan_msgs/include/ros2_socketcan_msgs/ros2_socketcan_msgs/msg/detail/fd_frame__type_support.hpp
[1.080s] -- Up-to-date: /home/adha/belajar/ws1/install/ros2_socketcan_msgs/include/ros2_socketcan_msgs/ros2_socketcan_msgs/msg/detail/fd_frame__struct.hpp
[1.080s] -- Up-to-date: /home/adha/belajar/ws1/install/ros2_socketcan_msgs/include/ros2_socketcan_msgs/ros2_socketcan_msgs/msg/detail/fd_frame__traits.hpp
[1.080s] -- Up-to-date: /home/adha/belajar/ws1/install/ros2_socketcan_msgs/include/ros2_socketcan_msgs/ros2_socketcan_msgs
[1.080s] -- Up-to-date: /home/adha/belajar/ws1/install/ros2_socketcan_msgs/include/ros2_socketcan_msgs/ros2_socketcan_msgs/msg
[1.080s] -- Up-to-date: /home/adha/belajar/ws1/install/ros2_socketcan_msgs/include/ros2_socketcan_msgs/ros2_socketcan_msgs/msg/rosidl_typesupport_fastrtps_cpp__visibility_control.h
[1.080s] -- Up-to-date: /home/adha/belajar/ws1/install/ros2_socketcan_msgs/include/ros2_socketcan_msgs/ros2_socketcan_msgs/msg/detail
[1.080s] -- Up-to-date: /home/adha/belajar/ws1/install/ros2_socketcan_msgs/include/ros2_socketcan_msgs/ros2_socketcan_msgs/msg/detail/dds_fastrtps
[1.081s] -- Up-to-date: /home/adha/belajar/ws1/install/ros2_socketcan_msgs/include/ros2_socketcan_msgs/ros2_socketcan_msgs/msg/detail/fd_frame__rosidl_typesupport_fastrtps_cpp.hpp
[1.081s] -- Up-to-date: /home/adha/belajar/ws1/install/ros2_socketcan_msgs/lib/libros2_socketcan_msgs__rosidl_typesupport_fastrtps_cpp.so
[1.082s] -- Up-to-date: /home/adha/belajar/ws1/install/ros2_socketcan_msgs/include/ros2_socketcan_msgs/ros2_socketcan_msgs
[1.082s] -- Up-to-date: /home/adha/belajar/ws1/install/ros2_socketcan_msgs/include/ros2_socketcan_msgs/ros2_socketcan_msgs/msg
[1.082s] -- Up-to-date: /home/adha/belajar/ws1/install/ros2_socketcan_msgs/include/ros2_socketcan_msgs/ros2_socketcan_msgs/msg/detail
[1.083s] -- Up-to-date: /home/adha/belajar/ws1/install/ros2_socketcan_msgs/include/ros2_socketcan_msgs/ros2_socketcan_msgs/msg/detail/fd_frame__rosidl_typesupport_introspection_cpp.hpp
[1.083s] -- Up-to-date: /home/adha/belajar/ws1/install/ros2_socketcan_msgs/include/ros2_socketcan_msgs/ros2_socketcan_msgs/msg/detail/fd_frame__type_support.cpp
[1.084s] -- Up-to-date: /home/adha/belajar/ws1/install/ros2_socketcan_msgs/lib/libros2_socketcan_msgs__rosidl_typesupport_introspection_cpp.so
[1.086s] -- Up-to-date: /home/adha/belajar/ws1/install/ros2_socketcan_msgs/lib/libros2_socketcan_msgs__rosidl_typesupport_cpp.so
[1.087s] -- Up-to-date: /home/adha/belajar/ws1/install/ros2_socketcan_msgs/share/ros2_socketcan_msgs/environment/pythonpath.sh
[1.087s] -- Up-to-date: /home/adha/belajar/ws1/install/ros2_socketcan_msgs/share/ros2_socketcan_msgs/environment/pythonpath.dsv
[1.087s] -- Up-to-date: /home/adha/belajar/ws1/install/ros2_socketcan_msgs/lib/python3.12/site-packages/ros2_socketcan_msgs-1.3.0-py3.12.egg-info
[1.087s] -- Installing: /home/adha/belajar/ws1/install/ros2_socketcan_msgs/lib/python3.12/site-packages/ros2_socketcan_msgs-1.3.0-py3.12.egg-info/dependency_links.txt
[1.088s] -- Installing: /home/adha/belajar/ws1/install/ros2_socketcan_msgs/lib/python3.12/site-packages/ros2_socketcan_msgs-1.3.0-py3.12.egg-info/top_level.txt
[1.088s] -- Installing: /home/adha/belajar/ws1/install/ros2_socketcan_msgs/lib/python3.12/site-packages/ros2_socketcan_msgs-1.3.0-py3.12.egg-info/SOURCES.txt
[1.088s] -- Installing: /home/adha/belajar/ws1/install/ros2_socketcan_msgs/lib/python3.12/site-packages/ros2_socketcan_msgs-1.3.0-py3.12.egg-info/PKG-INFO
[1.089s] -- Up-to-date: /home/adha/belajar/ws1/install/ros2_socketcan_msgs/lib/python3.12/site-packages/ros2_socketcan_msgs
[1.089s] -- Up-to-date: /home/adha/belajar/ws1/install/ros2_socketcan_msgs/lib/python3.12/site-packages/ros2_socketcan_msgs/ros2_socketcan_msgs_s__rosidl_typesupport_c.so
[1.089s] -- Up-to-date: /home/adha/belajar/ws1/install/ros2_socketcan_msgs/lib/python3.12/site-packages/ros2_socketcan_msgs/msg
[1.089s] -- Up-to-date: /home/adha/belajar/ws1/install/ros2_socketcan_msgs/lib/python3.12/site-packages/ros2_socketcan_msgs/msg/_fd_frame.py
[1.089s] -- Up-to-date: /home/adha/belajar/ws1/install/ros2_socketcan_msgs/lib/python3.12/site-packages/ros2_socketcan_msgs/msg/_fd_frame_s.c
[1.090s] -- Up-to-date: /home/adha/belajar/ws1/install/ros2_socketcan_msgs/lib/python3.12/site-packages/ros2_socketcan_msgs/msg/__init__.py
[1.090s] -- Up-to-date: /home/adha/belajar/ws1/install/ros2_socketcan_msgs/lib/python3.12/site-packages/ros2_socketcan_msgs/_ros2_socketcan_msgs_s.ep.rosidl_typesupport_introspection_c.c
[1.090s] -- Up-to-date: /home/adha/belajar/ws1/install/ros2_socketcan_msgs/lib/python3.12/site-packages/ros2_socketcan_msgs/__init__.py
[1.090s] -- Up-to-date: /home/adha/belajar/ws1/install/ros2_socketcan_msgs/lib/python3.12/site-packages/ros2_socketcan_msgs/ros2_socketcan_msgs_s__rosidl_typesupport_fastrtps_c.so
[1.090s] -- Up-to-date: /home/adha/belajar/ws1/install/ros2_socketcan_msgs/lib/python3.12/site-packages/ros2_socketcan_msgs/_ros2_socketcan_msgs_s.ep.rosidl_typesupport_c.c
[1.090s] -- Up-to-date: /home/adha/belajar/ws1/install/ros2_socketcan_msgs/lib/python3.12/site-packages/ros2_socketcan_msgs/_ros2_socketcan_msgs_s.ep.rosidl_typesupport_fastrtps_c.c
[1.091s] -- Up-to-date: /home/adha/belajar/ws1/install/ros2_socketcan_msgs/lib/python3.12/site-packages/ros2_socketcan_msgs/ros2_socketcan_msgs_s__rosidl_typesupport_introspection_c.so
[1.157s] Listing '/home/adha/belajar/ws1/install/ros2_socketcan_msgs/lib/python3.12/site-packages/ros2_socketcan_msgs'...
[1.157s] Listing '/home/adha/belajar/ws1/install/ros2_socketcan_msgs/lib/python3.12/site-packages/ros2_socketcan_msgs/msg'...
[1.169s] -- Up-to-date: /home/adha/belajar/ws1/install/ros2_socketcan_msgs/lib/python3.12/site-packages/ros2_socketcan_msgs/ros2_socketcan_msgs_s__rosidl_typesupport_fastrtps_c.so
[1.170s] -- Up-to-date: /home/adha/belajar/ws1/install/ros2_socketcan_msgs/lib/python3.12/site-packages/ros2_socketcan_msgs/ros2_socketcan_msgs_s__rosidl_typesupport_introspection_c.so
[1.171s] -- Up-to-date: /home/adha/belajar/ws1/install/ros2_socketcan_msgs/lib/python3.12/site-packages/ros2_socketcan_msgs/ros2_socketcan_msgs_s__rosidl_typesupport_c.so
[1.173s] -- Up-to-date: /home/adha/belajar/ws1/install/ros2_socketcan_msgs/lib/libros2_socketcan_msgs__rosidl_generator_py.so
[1.173s] -- Up-to-date: /home/adha/belajar/ws1/install/ros2_socketcan_msgs/share/ros2_socketcan_msgs/msg/FdFrame.idl
[1.173s] -- Up-to-date: /home/adha/belajar/ws1/install/ros2_socketcan_msgs/share/ros2_socketcan_msgs/msg/FdFrame.msg
[1.173s] -- Up-to-date: /home/adha/belajar/ws1/install/ros2_socketcan_msgs/share/ament_index/resource_index/package_run_dependencies/ros2_socketcan_msgs
[1.174s] -- Up-to-date: /home/adha/belajar/ws1/install/ros2_socketcan_msgs/share/ament_index/resource_index/parent_prefix_path/ros2_socketcan_msgs
[1.174s] -- Up-to-date: /home/adha/belajar/ws1/install/ros2_socketcan_msgs/share/ros2_socketcan_msgs/environment/ament_prefix_path.sh
[1.174s] -- Up-to-date: /home/adha/belajar/ws1/install/ros2_socketcan_msgs/share/ros2_socketcan_msgs/environment/ament_prefix_path.dsv
[1.174s] -- Up-to-date: /home/adha/belajar/ws1/install/ros2_socketcan_msgs/share/ros2_socketcan_msgs/environment/path.sh
[1.175s] -- Up-to-date: /home/adha/belajar/ws1/install/ros2_socketcan_msgs/share/ros2_socketcan_msgs/environment/path.dsv
[1.175s] -- Up-to-date: /home/adha/belajar/ws1/install/ros2_socketcan_msgs/share/ros2_socketcan_msgs/local_setup.bash
[1.175s] -- Up-to-date: /home/adha/belajar/ws1/install/ros2_socketcan_msgs/share/ros2_socketcan_msgs/local_setup.sh
[1.175s] -- Up-to-date: /home/adha/belajar/ws1/install/ros2_socketcan_msgs/share/ros2_socketcan_msgs/local_setup.zsh
[1.175s] -- Up-to-date: /home/adha/belajar/ws1/install/ros2_socketcan_msgs/share/ros2_socketcan_msgs/local_setup.dsv
[1.175s] -- Installing: /home/adha/belajar/ws1/install/ros2_socketcan_msgs/share/ros2_socketcan_msgs/package.dsv
[1.176s] -- Up-to-date: /home/adha/belajar/ws1/install/ros2_socketcan_msgs/share/ament_index/resource_index/packages/ros2_socketcan_msgs
[1.176s] -- Up-to-date: /home/adha/belajar/ws1/install/ros2_socketcan_msgs/share/ros2_socketcan_msgs/cmake/export_ros2_socketcan_msgs__rosidl_generator_cExport.cmake
[1.176s] -- Up-to-date: /home/adha/belajar/ws1/install/ros2_socketcan_msgs/share/ros2_socketcan_msgs/cmake/export_ros2_socketcan_msgs__rosidl_generator_cExport-noconfig.cmake
[1.177s] -- Up-to-date: /home/adha/belajar/ws1/install/ros2_socketcan_msgs/share/ros2_socketcan_msgs/cmake/export_ros2_socketcan_msgs__rosidl_typesupport_fastrtps_cExport.cmake
[1.178s] -- Up-to-date: /home/adha/belajar/ws1/install/ros2_socketcan_msgs/share/ros2_socketcan_msgs/cmake/export_ros2_socketcan_msgs__rosidl_typesupport_fastrtps_cExport-noconfig.cmake
[1.178s] -- Up-to-date: /home/adha/belajar/ws1/install/ros2_socketcan_msgs/share/ros2_socketcan_msgs/cmake/ros2_socketcan_msgs__rosidl_typesupport_introspection_cExport.cmake
[1.179s] -- Up-to-date: /home/adha/belajar/ws1/install/ros2_socketcan_msgs/share/ros2_socketcan_msgs/cmake/ros2_socketcan_msgs__rosidl_typesupport_introspection_cExport-noconfig.cmake
[1.179s] -- Up-to-date: /home/adha/belajar/ws1/install/ros2_socketcan_msgs/share/ros2_socketcan_msgs/cmake/ros2_socketcan_msgs__rosidl_typesupport_cExport.cmake
[1.179s] -- Up-to-date: /home/adha/belajar/ws1/install/ros2_socketcan_msgs/share/ros2_socketcan_msgs/cmake/ros2_socketcan_msgs__rosidl_typesupport_cExport-noconfig.cmake
[1.180s] -- Up-to-date: /home/adha/belajar/ws1/install/ros2_socketcan_msgs/share/ros2_socketcan_msgs/cmake/export_ros2_socketcan_msgs__rosidl_generator_cppExport.cmake
[1.180s] -- Up-to-date: /home/adha/belajar/ws1/install/ros2_socketcan_msgs/share/ros2_socketcan_msgs/cmake/export_ros2_socketcan_msgs__rosidl_typesupport_fastrtps_cppExport.cmake
[1.181s] -- Up-to-date: /home/adha/belajar/ws1/install/ros2_socketcan_msgs/share/ros2_socketcan_msgs/cmake/export_ros2_socketcan_msgs__rosidl_typesupport_fastrtps_cppExport-noconfig.cmake
[1.181s] -- Up-to-date: /home/adha/belajar/ws1/install/ros2_socketcan_msgs/share/ros2_socketcan_msgs/cmake/ros2_socketcan_msgs__rosidl_typesupport_introspection_cppExport.cmake
[1.182s] -- Up-to-date: /home/adha/belajar/ws1/install/ros2_socketcan_msgs/share/ros2_socketcan_msgs/cmake/ros2_socketcan_msgs__rosidl_typesupport_introspection_cppExport-noconfig.cmake
[1.182s] -- Up-to-date: /home/adha/belajar/ws1/install/ros2_socketcan_msgs/share/ros2_socketcan_msgs/cmake/ros2_socketcan_msgs__rosidl_typesupport_cppExport.cmake
[1.183s] -- Up-to-date: /home/adha/belajar/ws1/install/ros2_socketcan_msgs/share/ros2_socketcan_msgs/cmake/ros2_socketcan_msgs__rosidl_typesupport_cppExport-noconfig.cmake
[1.183s] -- Up-to-date: /home/adha/belajar/ws1/install/ros2_socketcan_msgs/share/ros2_socketcan_msgs/cmake/export_ros2_socketcan_msgs__rosidl_generator_pyExport.cmake
[1.183s] -- Up-to-date: /home/adha/belajar/ws1/install/ros2_socketcan_msgs/share/ros2_socketcan_msgs/cmake/export_ros2_socketcan_msgs__rosidl_generator_pyExport-noconfig.cmake
[1.184s] -- Up-to-date: /home/adha/belajar/ws1/install/ros2_socketcan_msgs/share/ros2_socketcan_msgs/cmake/rosidl_cmake-extras.cmake
[1.184s] -- Up-to-date: /home/adha/belajar/ws1/install/ros2_socketcan_msgs/share/ros2_socketcan_msgs/cmake/ament_cmake_export_dependencies-extras.cmake
[1.184s] -- Up-to-date: /home/adha/belajar/ws1/install/ros2_socketcan_msgs/share/ros2_socketcan_msgs/cmake/ament_cmake_export_include_directories-extras.cmake
[1.184s] -- Up-to-date: /home/adha/belajar/ws1/install/ros2_socketcan_msgs/share/ros2_socketcan_msgs/cmake/ament_cmake_export_libraries-extras.cmake
[1.184s] -- Up-to-date: /home/adha/belajar/ws1/install/ros2_socketcan_msgs/share/ros2_socketcan_msgs/cmake/ament_cmake_export_targets-extras.cmake
[1.184s] -- Up-to-date: /home/adha/belajar/ws1/install/ros2_socketcan_msgs/share/ros2_socketcan_msgs/cmake/rosidl_cmake_export_typesupport_targets-extras.cmake
[1.186s] -- Up-to-date: /home/adha/belajar/ws1/install/ros2_socketcan_msgs/share/ros2_socketcan_msgs/cmake/rosidl_cmake_export_typesupport_libraries-extras.cmake
[1.186s] -- Up-to-date: /home/adha/belajar/ws1/install/ros2_socketcan_msgs/share/ros2_socketcan_msgs/cmake/ros2_socketcan_msgsConfig.cmake
[1.186s] -- Up-to-date: /home/adha/belajar/ws1/install/ros2_socketcan_msgs/share/ros2_socketcan_msgs/cmake/ros2_socketcan_msgsConfig-version.cmake
[1.186s] -- Up-to-date: /home/adha/belajar/ws1/install/ros2_socketcan_msgs/share/ros2_socketcan_msgs/package.xml
[1.193s] Invoked command in '/home/adha/belajar/ws1/build/ros2_socketcan_msgs' returned '0': CMAKE_PREFIX_PATH=${CMAKE_PREFIX_PATH}:/opt/ros/jazzy DEBUGINFOD_URLS=https://debuginfod.ubuntu.com /usr/bin/cmake --install /home/adha/belajar/ws1/build/ros2_socketcan_msgs
