[0.012s] Invoking command in '/home/adha/belajar/ws1/build/control': CMAKE_PREFIX_PATH=/home/adha/belajar/ws1/install/ros2_socketcan:/home/adha/belajar/ws1/install/ros2_socketcan_msgs:/home/adha/belajar/ws1/install/msgs:/home/adha/belajar/ws1/install/can_msgs:/home/adha/belajar/ws1/install/control:/opt/ros/jazzy/opt/gz_math_vendor:/opt/ros/jazzy/opt/gz_utils_vendor:/opt/ros/jazzy/opt/gz_cmake_vendor:/opt/ros/jazzy DEBUGINFOD_URLS=https://debuginfod.ubuntu.com /usr/bin/cmake --build /home/adha/belajar/ws1/build/control -- -j12 -l12
[0.069s] [ 75%] [32mBuilding CXX object CMakeFiles/translator_node.dir/src/translator_node.cpp.o[0m
[0.069s] [ 75%] Built target keyboard_input
[6.334s] [100%] [32m[1mLinking CXX executable translator_node[0m
[6.584s] [100%] Built target translator_node
[6.593s] Invoked command in '/home/adha/belajar/ws1/build/control' returned '0': CMAKE_PREFIX_PATH=/home/adha/belajar/ws1/install/ros2_socketcan:/home/adha/belajar/ws1/install/ros2_socketcan_msgs:/home/adha/belajar/ws1/install/msgs:/home/adha/belajar/ws1/install/can_msgs:/home/adha/belajar/ws1/install/control:/opt/ros/jazzy/opt/gz_math_vendor:/opt/ros/jazzy/opt/gz_utils_vendor:/opt/ros/jazzy/opt/gz_cmake_vendor:/opt/ros/jazzy DEBUGINFOD_URLS=https://debuginfod.ubuntu.com /usr/bin/cmake --build /home/adha/belajar/ws1/build/control -- -j12 -l12
[6.622s] Invoking command in '/home/adha/belajar/ws1/build/control': CMAKE_PREFIX_PATH=/home/adha/belajar/ws1/install/ros2_socketcan:/home/adha/belajar/ws1/install/ros2_socketcan_msgs:/home/adha/belajar/ws1/install/msgs:/home/adha/belajar/ws1/install/can_msgs:/home/adha/belajar/ws1/install/control:/opt/ros/jazzy/opt/gz_math_vendor:/opt/ros/jazzy/opt/gz_utils_vendor:/opt/ros/jazzy/opt/gz_cmake_vendor:/opt/ros/jazzy DEBUGINFOD_URLS=https://debuginfod.ubuntu.com /usr/bin/cmake --install /home/adha/belajar/ws1/build/control
[6.628s] -- Install configuration: ""
[6.628s] -- Up-to-date: /home/adha/belajar/ws1/install/control/lib/control/keyboard_input
[6.628s] -- Installing: /home/adha/belajar/ws1/install/control/lib/control/translator_node
[6.633s] -- Set non-toolchain portion of runtime path of "/home/adha/belajar/ws1/install/control/lib/control/translator_node" to ""
[6.634s] -- Up-to-date: /home/adha/belajar/ws1/install/control/share/ament_index/resource_index/package_run_dependencies/control
[6.634s] -- Up-to-date: /home/adha/belajar/ws1/install/control/share/ament_index/resource_index/parent_prefix_path/control
[6.634s] -- Up-to-date: /home/adha/belajar/ws1/install/control/share/control/environment/ament_prefix_path.sh
[6.634s] -- Up-to-date: /home/adha/belajar/ws1/install/control/share/control/environment/ament_prefix_path.dsv
[6.634s] -- Up-to-date: /home/adha/belajar/ws1/install/control/share/control/environment/path.sh
[6.634s] -- Up-to-date: /home/adha/belajar/ws1/install/control/share/control/environment/path.dsv
[6.634s] -- Up-to-date: /home/adha/belajar/ws1/install/control/share/control/local_setup.bash
[6.634s] -- Up-to-date: /home/adha/belajar/ws1/install/control/share/control/local_setup.sh
[6.634s] -- Up-to-date: /home/adha/belajar/ws1/install/control/share/control/local_setup.zsh
[6.634s] -- Up-to-date: /home/adha/belajar/ws1/install/control/share/control/local_setup.dsv
[6.634s] -- Installing: /home/adha/belajar/ws1/install/control/share/control/package.dsv
[6.634s] -- Up-to-date: /home/adha/belajar/ws1/install/control/share/ament_index/resource_index/packages/control
[6.634s] -- Up-to-date: /home/adha/belajar/ws1/install/control/share/control/cmake/controlConfig.cmake
[6.635s] -- Up-to-date: /home/adha/belajar/ws1/install/control/share/control/cmake/controlConfig-version.cmake
[6.635s] -- Up-to-date: /home/adha/belajar/ws1/install/control/share/control/package.xml
[6.635s] Invoked command in '/home/adha/belajar/ws1/build/control' returned '0': CMAKE_PREFIX_PATH=/home/adha/belajar/ws1/install/ros2_socketcan:/home/adha/belajar/ws1/install/ros2_socketcan_msgs:/home/adha/belajar/ws1/install/msgs:/home/adha/belajar/ws1/install/can_msgs:/home/adha/belajar/ws1/install/control:/opt/ros/jazzy/opt/gz_math_vendor:/opt/ros/jazzy/opt/gz_utils_vendor:/opt/ros/jazzy/opt/gz_cmake_vendor:/opt/ros/jazzy DEBUGINFOD_URLS=https://debuginfod.ubuntu.com /usr/bin/cmake --install /home/adha/belajar/ws1/build/control
