[0.038s] Invoking command in '/home/alyazahrarr/tubesss/tubes_dagoz/build/can_msgs': CMAKE_PREFIX_PATH=${CMAKE_PREFIX_PATH}:/home/alyazahrarr/ros2_ws/install/launch_testing_examples:/home/alyazahrarr/ros2_ws/install/examples_rclpy_pointcloud_publisher:/home/alyazahrarr/ros2_ws/install/examples_rclpy_minimal_subscriber:/home/alyazahrarr/ros2_ws/install/examples_rclpy_minimal_service:/home/alyazahrarr/ros2_ws/install/examples_rclpy_minimal_publisher:/home/alyazahrarr/ros2_ws/install/examples_rclpy_minimal_client:/home/alyazahrarr/ros2_ws/install/examples_rclpy_minimal_action_server:/home/alyazahrarr/ros2_ws/install/examples_rclpy_minimal_action_client:/home/alyazahrarr/ros2_ws/install/examples_rclpy_guard_conditions:/home/alyazahrarr/ros2_ws/install/examples_rclpy_executors:/opt/ros/jazzy DEBUGINFOD_URLS=https://debuginfod.ubuntu.com /usr/bin/cmake --build /home/alyazahrarr/tubesss/tubes_dagoz/build/can_msgs -- -j8 -l8
[0.140s] [  2%] Built target can_msgs__rosidl_generator_type_description
[0.164s] [  2%] Built target ament_cmake_python_copy_can_msgs
[0.205s] [ 17%] Built target can_msgs__rosidl_generator_c
[0.206s] [ 20%] Built target can_msgs__cpp
[0.325s] [ 29%] Built target can_msgs__rosidl_typesupport_introspection_c
[0.329s] [ 38%] Built target can_msgs__rosidl_typesupport_fastrtps_c
[0.341s] [ 47%] Built target can_msgs__rosidl_typesupport_fastrtps_cpp
[0.357s] [ 55%] Built target can_msgs__rosidl_typesupport_c
[0.394s] [ 64%] Built target can_msgs__rosidl_typesupport_introspection_cpp
[0.419s] [ 73%] Built target can_msgs__rosidl_typesupport_cpp
[0.470s] [ 73%] Built target can_msgs
[0.521s] [ 76%] Built target can_msgs__py
[0.590s] [ 82%] Built target can_msgs__rosidl_generator_py
[0.666s] [ 88%] Built target can_msgs_s__rosidl_typesupport_fastrtps_c
[0.682s] [ 94%] Built target can_msgs_s__rosidl_typesupport_c
[0.696s] [100%] Built target can_msgs_s__rosidl_typesupport_introspection_c
[0.948s] running egg_info
[1.002s] writing can_msgs.egg-info/PKG-INFO
[1.004s] writing dependency_links to can_msgs.egg-info/dependency_links.txt
[1.005s] writing top-level names to can_msgs.egg-info/top_level.txt
[1.151s] reading manifest file 'can_msgs.egg-info/SOURCES.txt'
[1.155s] writing manifest file 'can_msgs.egg-info/SOURCES.txt'
[1.215s] [100%] Built target ament_cmake_python_build_can_msgs_egg
[1.237s] Invoked command in '/home/alyazahrarr/tubesss/tubes_dagoz/build/can_msgs' returned '0': CMAKE_PREFIX_PATH=${CMAKE_PREFIX_PATH}:/home/alyazahrarr/ros2_ws/install/launch_testing_examples:/home/alyazahrarr/ros2_ws/install/examples_rclpy_pointcloud_publisher:/home/alyazahrarr/ros2_ws/install/examples_rclpy_minimal_subscriber:/home/alyazahrarr/ros2_ws/install/examples_rclpy_minimal_service:/home/alyazahrarr/ros2_ws/install/examples_rclpy_minimal_publisher:/home/alyazahrarr/ros2_ws/install/examples_rclpy_minimal_client:/home/alyazahrarr/ros2_ws/install/examples_rclpy_minimal_action_server:/home/alyazahrarr/ros2_ws/install/examples_rclpy_minimal_action_client:/home/alyazahrarr/ros2_ws/install/examples_rclpy_guard_conditions:/home/alyazahrarr/ros2_ws/install/examples_rclpy_executors:/opt/ros/jazzy DEBUGINFOD_URLS=https://debuginfod.ubuntu.com /usr/bin/cmake --build /home/alyazahrarr/tubesss/tubes_dagoz/build/can_msgs -- -j8 -l8
[1.369s] Invoking command in '/home/alyazahrarr/tubesss/tubes_dagoz/build/can_msgs': CMAKE_PREFIX_PATH=${CMAKE_PREFIX_PATH}:/home/alyazahrarr/ros2_ws/install/launch_testing_examples:/home/alyazahrarr/ros2_ws/install/examples_rclpy_pointcloud_publisher:/home/alyazahrarr/ros2_ws/install/examples_rclpy_minimal_subscriber:/home/alyazahrarr/ros2_ws/install/examples_rclpy_minimal_service:/home/alyazahrarr/ros2_ws/install/examples_rclpy_minimal_publisher:/home/alyazahrarr/ros2_ws/install/examples_rclpy_minimal_client:/home/alyazahrarr/ros2_ws/install/examples_rclpy_minimal_action_server:/home/alyazahrarr/ros2_ws/install/examples_rclpy_minimal_action_client:/home/alyazahrarr/ros2_ws/install/examples_rclpy_guard_conditions:/home/alyazahrarr/ros2_ws/install/examples_rclpy_executors:/opt/ros/jazzy DEBUGINFOD_URLS=https://debuginfod.ubuntu.com /usr/bin/cmake --install /home/alyazahrarr/tubesss/tubes_dagoz/build/can_msgs
[1.391s] -- Install configuration: ""
[1.392s] -- Up-to-date: /home/alyazahrarr/tubesss/tubes_dagoz/install/can_msgs/share/ament_index/resource_index/rosidl_interfaces/can_msgs
[1.393s] -- Up-to-date: /home/alyazahrarr/tubesss/tubes_dagoz/install/can_msgs/share/can_msgs/msg/Frame.json
[1.393s] -- Up-to-date: /home/alyazahrarr/tubesss/tubes_dagoz/install/can_msgs/include/can_msgs/can_msgs
[1.394s] -- Up-to-date: /home/alyazahrarr/tubesss/tubes_dagoz/install/can_msgs/include/can_msgs/can_msgs/msg
[1.395s] -- Up-to-date: /home/alyazahrarr/tubesss/tubes_dagoz/install/can_msgs/include/can_msgs/can_msgs/msg/detail
[1.395s] -- Up-to-date: /home/alyazahrarr/tubesss/tubes_dagoz/install/can_msgs/include/can_msgs/can_msgs/msg/detail/frame__struct.h
[1.395s] -- Up-to-date: /home/alyazahrarr/tubesss/tubes_dagoz/install/can_msgs/include/can_msgs/can_msgs/msg/detail/frame__functions.c
[1.396s] -- Up-to-date: /home/alyazahrarr/tubesss/tubes_dagoz/install/can_msgs/include/can_msgs/can_msgs/msg/detail/frame__functions.h
[1.396s] -- Installing: /home/alyazahrarr/tubesss/tubes_dagoz/install/can_msgs/include/can_msgs/can_msgs/msg/detail/frame__type_support.c
[1.396s] -- Up-to-date: /home/alyazahrarr/tubesss/tubes_dagoz/install/can_msgs/include/can_msgs/can_msgs/msg/detail/frame__description.c
[1.397s] -- Up-to-date: /home/alyazahrarr/tubesss/tubes_dagoz/install/can_msgs/include/can_msgs/can_msgs/msg/detail/frame__type_support.h
[1.397s] -- Up-to-date: /home/alyazahrarr/tubesss/tubes_dagoz/install/can_msgs/include/can_msgs/can_msgs/msg/rosidl_generator_c__visibility_control.h
[1.397s] -- Up-to-date: /home/alyazahrarr/tubesss/tubes_dagoz/install/can_msgs/include/can_msgs/can_msgs/msg/frame.h
[1.397s] -- Up-to-date: /home/alyazahrarr/tubesss/tubes_dagoz/install/can_msgs/share/can_msgs/environment/library_path.sh
[1.398s] -- Up-to-date: /home/alyazahrarr/tubesss/tubes_dagoz/install/can_msgs/share/can_msgs/environment/library_path.dsv
[1.399s] -- Up-to-date: /home/alyazahrarr/tubesss/tubes_dagoz/install/can_msgs/lib/libcan_msgs__rosidl_generator_c.so
[1.399s] -- Up-to-date: /home/alyazahrarr/tubesss/tubes_dagoz/install/can_msgs/include/can_msgs/can_msgs
[1.399s] -- Up-to-date: /home/alyazahrarr/tubesss/tubes_dagoz/install/can_msgs/include/can_msgs/can_msgs/msg
[1.399s] -- Up-to-date: /home/alyazahrarr/tubesss/tubes_dagoz/install/can_msgs/include/can_msgs/can_msgs/msg/detail
[1.400s] -- Up-to-date: /home/alyazahrarr/tubesss/tubes_dagoz/install/can_msgs/include/can_msgs/can_msgs/msg/detail/frame__rosidl_typesupport_fastrtps_c.h
[1.400s] -- Up-to-date: /home/alyazahrarr/tubesss/tubes_dagoz/install/can_msgs/include/can_msgs/can_msgs/msg/rosidl_typesupport_fastrtps_c__visibility_control.h
[1.400s] -- Up-to-date: /home/alyazahrarr/tubesss/tubes_dagoz/install/can_msgs/lib/libcan_msgs__rosidl_typesupport_fastrtps_c.so
[1.406s] -- Up-to-date: /home/alyazahrarr/tubesss/tubes_dagoz/install/can_msgs/include/can_msgs/can_msgs
[1.406s] -- Up-to-date: /home/alyazahrarr/tubesss/tubes_dagoz/install/can_msgs/include/can_msgs/can_msgs/msg
[1.406s] -- Up-to-date: /home/alyazahrarr/tubesss/tubes_dagoz/install/can_msgs/include/can_msgs/can_msgs/msg/detail
[1.407s] -- Installing: /home/alyazahrarr/tubesss/tubes_dagoz/install/can_msgs/include/can_msgs/can_msgs/msg/detail/frame__type_support.c
[1.407s] -- Up-to-date: /home/alyazahrarr/tubesss/tubes_dagoz/install/can_msgs/include/can_msgs/can_msgs/msg/detail/frame__rosidl_typesupport_introspection_c.h
[1.407s] -- Up-to-date: /home/alyazahrarr/tubesss/tubes_dagoz/install/can_msgs/include/can_msgs/can_msgs/msg/rosidl_typesupport_introspection_c__visibility_control.h
[1.408s] -- Up-to-date: /home/alyazahrarr/tubesss/tubes_dagoz/install/can_msgs/lib/libcan_msgs__rosidl_typesupport_introspection_c.so
[1.412s] -- Up-to-date: /home/alyazahrarr/tubesss/tubes_dagoz/install/can_msgs/lib/libcan_msgs__rosidl_typesupport_c.so
[1.413s] -- Up-to-date: /home/alyazahrarr/tubesss/tubes_dagoz/install/can_msgs/include/can_msgs/can_msgs
[1.414s] -- Up-to-date: /home/alyazahrarr/tubesss/tubes_dagoz/install/can_msgs/include/can_msgs/can_msgs/msg
[1.414s] -- Up-to-date: /home/alyazahrarr/tubesss/tubes_dagoz/install/can_msgs/include/can_msgs/can_msgs/msg/detail
[1.414s] -- Up-to-date: /home/alyazahrarr/tubesss/tubes_dagoz/install/can_msgs/include/can_msgs/can_msgs/msg/detail/frame__type_support.hpp
[1.415s] -- Up-to-date: /home/alyazahrarr/tubesss/tubes_dagoz/install/can_msgs/include/can_msgs/can_msgs/msg/detail/frame__builder.hpp
[1.415s] -- Up-to-date: /home/alyazahrarr/tubesss/tubes_dagoz/install/can_msgs/include/can_msgs/can_msgs/msg/detail/frame__traits.hpp
[1.415s] -- Up-to-date: /home/alyazahrarr/tubesss/tubes_dagoz/install/can_msgs/include/can_msgs/can_msgs/msg/detail/frame__struct.hpp
[1.416s] -- Up-to-date: /home/alyazahrarr/tubesss/tubes_dagoz/install/can_msgs/include/can_msgs/can_msgs/msg/frame.hpp
[1.416s] -- Up-to-date: /home/alyazahrarr/tubesss/tubes_dagoz/install/can_msgs/include/can_msgs/can_msgs/msg/rosidl_generator_cpp__visibility_control.hpp
[1.418s] -- Up-to-date: /home/alyazahrarr/tubesss/tubes_dagoz/install/can_msgs/include/can_msgs/can_msgs
[1.418s] -- Up-to-date: /home/alyazahrarr/tubesss/tubes_dagoz/install/can_msgs/include/can_msgs/can_msgs/msg
[1.419s] -- Up-to-date: /home/alyazahrarr/tubesss/tubes_dagoz/install/can_msgs/include/can_msgs/can_msgs/msg/detail
[1.419s] -- Up-to-date: /home/alyazahrarr/tubesss/tubes_dagoz/install/can_msgs/include/can_msgs/can_msgs/msg/detail/dds_fastrtps
[1.419s] -- Up-to-date: /home/alyazahrarr/tubesss/tubes_dagoz/install/can_msgs/include/can_msgs/can_msgs/msg/detail/frame__rosidl_typesupport_fastrtps_cpp.hpp
[1.419s] -- Up-to-date: /home/alyazahrarr/tubesss/tubes_dagoz/install/can_msgs/include/can_msgs/can_msgs/msg/rosidl_typesupport_fastrtps_cpp__visibility_control.h
[1.426s] -- Up-to-date: /home/alyazahrarr/tubesss/tubes_dagoz/install/can_msgs/lib/libcan_msgs__rosidl_typesupport_fastrtps_cpp.so
[1.426s] -- Up-to-date: /home/alyazahrarr/tubesss/tubes_dagoz/install/can_msgs/include/can_msgs/can_msgs
[1.426s] -- Up-to-date: /home/alyazahrarr/tubesss/tubes_dagoz/install/can_msgs/include/can_msgs/can_msgs/msg
[1.427s] -- Up-to-date: /home/alyazahrarr/tubesss/tubes_dagoz/install/can_msgs/include/can_msgs/can_msgs/msg/detail
[1.427s] -- Up-to-date: /home/alyazahrarr/tubesss/tubes_dagoz/install/can_msgs/include/can_msgs/can_msgs/msg/detail/frame__type_support.cpp
[1.427s] -- Up-to-date: /home/alyazahrarr/tubesss/tubes_dagoz/install/can_msgs/include/can_msgs/can_msgs/msg/detail/frame__rosidl_typesupport_introspection_cpp.hpp
[1.427s] -- Up-to-date: /home/alyazahrarr/tubesss/tubes_dagoz/install/can_msgs/lib/libcan_msgs__rosidl_typesupport_introspection_cpp.so
[1.428s] -- Up-to-date: /home/alyazahrarr/tubesss/tubes_dagoz/install/can_msgs/lib/libcan_msgs__rosidl_typesupport_cpp.so
[1.428s] -- Up-to-date: /home/alyazahrarr/tubesss/tubes_dagoz/install/can_msgs/share/can_msgs/environment/pythonpath.sh
[1.428s] -- Up-to-date: /home/alyazahrarr/tubesss/tubes_dagoz/install/can_msgs/share/can_msgs/environment/pythonpath.dsv
[1.428s] -- Up-to-date: /home/alyazahrarr/tubesss/tubes_dagoz/install/can_msgs/lib/python3.12/site-packages/can_msgs-2.0.0-py3.12.egg-info
[1.429s] -- Installing: /home/alyazahrarr/tubesss/tubes_dagoz/install/can_msgs/lib/python3.12/site-packages/can_msgs-2.0.0-py3.12.egg-info/dependency_links.txt
[1.429s] -- Installing: /home/alyazahrarr/tubesss/tubes_dagoz/install/can_msgs/lib/python3.12/site-packages/can_msgs-2.0.0-py3.12.egg-info/SOURCES.txt
[1.429s] -- Installing: /home/alyazahrarr/tubesss/tubes_dagoz/install/can_msgs/lib/python3.12/site-packages/can_msgs-2.0.0-py3.12.egg-info/PKG-INFO
[1.429s] -- Installing: /home/alyazahrarr/tubesss/tubes_dagoz/install/can_msgs/lib/python3.12/site-packages/can_msgs-2.0.0-py3.12.egg-info/top_level.txt
[1.430s] -- Up-to-date: /home/alyazahrarr/tubesss/tubes_dagoz/install/can_msgs/lib/python3.12/site-packages/can_msgs
[1.430s] -- Up-to-date: /home/alyazahrarr/tubesss/tubes_dagoz/install/can_msgs/lib/python3.12/site-packages/can_msgs/_can_msgs_s.ep.rosidl_typesupport_c.c
[1.430s] -- Up-to-date: /home/alyazahrarr/tubesss/tubes_dagoz/install/can_msgs/lib/python3.12/site-packages/can_msgs/can_msgs_s__rosidl_typesupport_introspection_c.so
[1.430s] -- Up-to-date: /home/alyazahrarr/tubesss/tubes_dagoz/install/can_msgs/lib/python3.12/site-packages/can_msgs/_can_msgs_s.ep.rosidl_typesupport_fastrtps_c.c
[1.431s] -- Up-to-date: /home/alyazahrarr/tubesss/tubes_dagoz/install/can_msgs/lib/python3.12/site-packages/can_msgs/__init__.py
[1.431s] -- Up-to-date: /home/alyazahrarr/tubesss/tubes_dagoz/install/can_msgs/lib/python3.12/site-packages/can_msgs/can_msgs_s__rosidl_typesupport_fastrtps_c.so
[1.431s] -- Up-to-date: /home/alyazahrarr/tubesss/tubes_dagoz/install/can_msgs/lib/python3.12/site-packages/can_msgs/_can_msgs_s.ep.rosidl_typesupport_introspection_c.c
[1.431s] -- Up-to-date: /home/alyazahrarr/tubesss/tubes_dagoz/install/can_msgs/lib/python3.12/site-packages/can_msgs/can_msgs_s__rosidl_typesupport_c.so
[1.432s] -- Up-to-date: /home/alyazahrarr/tubesss/tubes_dagoz/install/can_msgs/lib/python3.12/site-packages/can_msgs/msg
[1.432s] -- Up-to-date: /home/alyazahrarr/tubesss/tubes_dagoz/install/can_msgs/lib/python3.12/site-packages/can_msgs/msg/__init__.py
[1.432s] -- Up-to-date: /home/alyazahrarr/tubesss/tubes_dagoz/install/can_msgs/lib/python3.12/site-packages/can_msgs/msg/_frame_s.c
[1.432s] -- Up-to-date: /home/alyazahrarr/tubesss/tubes_dagoz/install/can_msgs/lib/python3.12/site-packages/can_msgs/msg/_frame.py
[1.525s] Listing '/home/alyazahrarr/tubesss/tubes_dagoz/install/can_msgs/lib/python3.12/site-packages/can_msgs'...
[1.525s] Listing '/home/alyazahrarr/tubesss/tubes_dagoz/install/can_msgs/lib/python3.12/site-packages/can_msgs/msg'...
[1.537s] -- Up-to-date: /home/alyazahrarr/tubesss/tubes_dagoz/install/can_msgs/lib/python3.12/site-packages/can_msgs/can_msgs_s__rosidl_typesupport_fastrtps_c.so
[1.538s] -- Up-to-date: /home/alyazahrarr/tubesss/tubes_dagoz/install/can_msgs/lib/python3.12/site-packages/can_msgs/can_msgs_s__rosidl_typesupport_introspection_c.so
[1.539s] -- Up-to-date: /home/alyazahrarr/tubesss/tubes_dagoz/install/can_msgs/lib/python3.12/site-packages/can_msgs/can_msgs_s__rosidl_typesupport_c.so
[1.540s] -- Up-to-date: /home/alyazahrarr/tubesss/tubes_dagoz/install/can_msgs/lib/libcan_msgs__rosidl_generator_py.so
[1.542s] -- Up-to-date: /home/alyazahrarr/tubesss/tubes_dagoz/install/can_msgs/share/can_msgs/msg/Frame.idl
[1.542s] -- Up-to-date: /home/alyazahrarr/tubesss/tubes_dagoz/install/can_msgs/share/can_msgs/msg/Frame.msg
[1.542s] -- Up-to-date: /home/alyazahrarr/tubesss/tubes_dagoz/install/can_msgs/share/ament_index/resource_index/package_run_dependencies/can_msgs
[1.543s] -- Up-to-date: /home/alyazahrarr/tubesss/tubes_dagoz/install/can_msgs/share/ament_index/resource_index/parent_prefix_path/can_msgs
[1.543s] -- Up-to-date: /home/alyazahrarr/tubesss/tubes_dagoz/install/can_msgs/share/can_msgs/environment/ament_prefix_path.sh
[1.543s] -- Up-to-date: /home/alyazahrarr/tubesss/tubes_dagoz/install/can_msgs/share/can_msgs/environment/ament_prefix_path.dsv
[1.544s] -- Up-to-date: /home/alyazahrarr/tubesss/tubes_dagoz/install/can_msgs/share/can_msgs/environment/path.sh
[1.544s] -- Up-to-date: /home/alyazahrarr/tubesss/tubes_dagoz/install/can_msgs/share/can_msgs/environment/path.dsv
[1.544s] -- Up-to-date: /home/alyazahrarr/tubesss/tubes_dagoz/install/can_msgs/share/can_msgs/local_setup.bash
[1.545s] -- Up-to-date: /home/alyazahrarr/tubesss/tubes_dagoz/install/can_msgs/share/can_msgs/local_setup.sh
[1.545s] -- Up-to-date: /home/alyazahrarr/tubesss/tubes_dagoz/install/can_msgs/share/can_msgs/local_setup.zsh
[1.545s] -- Up-to-date: /home/alyazahrarr/tubesss/tubes_dagoz/install/can_msgs/share/can_msgs/local_setup.dsv
[1.546s] -- Installing: /home/alyazahrarr/tubesss/tubes_dagoz/install/can_msgs/share/can_msgs/package.dsv
[1.547s] -- Up-to-date: /home/alyazahrarr/tubesss/tubes_dagoz/install/can_msgs/share/ament_index/resource_index/packages/can_msgs
[1.547s] -- Up-to-date: /home/alyazahrarr/tubesss/tubes_dagoz/install/can_msgs/share/can_msgs/cmake/export_can_msgs__rosidl_generator_cExport.cmake
[1.548s] -- Up-to-date: /home/alyazahrarr/tubesss/tubes_dagoz/install/can_msgs/share/can_msgs/cmake/export_can_msgs__rosidl_generator_cExport-noconfig.cmake
[1.548s] -- Up-to-date: /home/alyazahrarr/tubesss/tubes_dagoz/install/can_msgs/share/can_msgs/cmake/export_can_msgs__rosidl_typesupport_fastrtps_cExport.cmake
[1.548s] -- Up-to-date: /home/alyazahrarr/tubesss/tubes_dagoz/install/can_msgs/share/can_msgs/cmake/export_can_msgs__rosidl_typesupport_fastrtps_cExport-noconfig.cmake
[1.549s] -- Up-to-date: /home/alyazahrarr/tubesss/tubes_dagoz/install/can_msgs/share/can_msgs/cmake/can_msgs__rosidl_typesupport_introspection_cExport.cmake
[1.549s] -- Up-to-date: /home/alyazahrarr/tubesss/tubes_dagoz/install/can_msgs/share/can_msgs/cmake/can_msgs__rosidl_typesupport_introspection_cExport-noconfig.cmake
[1.551s] -- Up-to-date: /home/alyazahrarr/tubesss/tubes_dagoz/install/can_msgs/share/can_msgs/cmake/can_msgs__rosidl_typesupport_cExport.cmake
[1.551s] -- Up-to-date: /home/alyazahrarr/tubesss/tubes_dagoz/install/can_msgs/share/can_msgs/cmake/can_msgs__rosidl_typesupport_cExport-noconfig.cmake
[1.551s] -- Up-to-date: /home/alyazahrarr/tubesss/tubes_dagoz/install/can_msgs/share/can_msgs/cmake/export_can_msgs__rosidl_generator_cppExport.cmake
[1.552s] -- Up-to-date: /home/alyazahrarr/tubesss/tubes_dagoz/install/can_msgs/share/can_msgs/cmake/export_can_msgs__rosidl_typesupport_fastrtps_cppExport.cmake
[1.552s] -- Up-to-date: /home/alyazahrarr/tubesss/tubes_dagoz/install/can_msgs/share/can_msgs/cmake/export_can_msgs__rosidl_typesupport_fastrtps_cppExport-noconfig.cmake
[1.552s] -- Up-to-date: /home/alyazahrarr/tubesss/tubes_dagoz/install/can_msgs/share/can_msgs/cmake/can_msgs__rosidl_typesupport_introspection_cppExport.cmake
[1.552s] -- Up-to-date: /home/alyazahrarr/tubesss/tubes_dagoz/install/can_msgs/share/can_msgs/cmake/can_msgs__rosidl_typesupport_introspection_cppExport-noconfig.cmake
[1.552s] -- Up-to-date: /home/alyazahrarr/tubesss/tubes_dagoz/install/can_msgs/share/can_msgs/cmake/can_msgs__rosidl_typesupport_cppExport.cmake
[1.554s] -- Up-to-date: /home/alyazahrarr/tubesss/tubes_dagoz/install/can_msgs/share/can_msgs/cmake/can_msgs__rosidl_typesupport_cppExport-noconfig.cmake
[1.556s] -- Up-to-date: /home/alyazahrarr/tubesss/tubes_dagoz/install/can_msgs/share/can_msgs/cmake/export_can_msgs__rosidl_generator_pyExport.cmake
[1.556s] -- Up-to-date: /home/alyazahrarr/tubesss/tubes_dagoz/install/can_msgs/share/can_msgs/cmake/export_can_msgs__rosidl_generator_pyExport-noconfig.cmake
[1.557s] -- Up-to-date: /home/alyazahrarr/tubesss/tubes_dagoz/install/can_msgs/share/can_msgs/cmake/rosidl_cmake-extras.cmake
[1.557s] -- Up-to-date: /home/alyazahrarr/tubesss/tubes_dagoz/install/can_msgs/share/can_msgs/cmake/ament_cmake_export_dependencies-extras.cmake
[1.557s] -- Up-to-date: /home/alyazahrarr/tubesss/tubes_dagoz/install/can_msgs/share/can_msgs/cmake/ament_cmake_export_include_directories-extras.cmake
[1.558s] -- Up-to-date: /home/alyazahrarr/tubesss/tubes_dagoz/install/can_msgs/share/can_msgs/cmake/ament_cmake_export_libraries-extras.cmake
[1.558s] -- Up-to-date: /home/alyazahrarr/tubesss/tubes_dagoz/install/can_msgs/share/can_msgs/cmake/ament_cmake_export_targets-extras.cmake
[1.560s] -- Up-to-date: /home/alyazahrarr/tubesss/tubes_dagoz/install/can_msgs/share/can_msgs/cmake/rosidl_cmake_export_typesupport_targets-extras.cmake
[1.560s] -- Up-to-date: /home/alyazahrarr/tubesss/tubes_dagoz/install/can_msgs/share/can_msgs/cmake/rosidl_cmake_export_typesupport_libraries-extras.cmake
[1.561s] -- Up-to-date: /home/alyazahrarr/tubesss/tubes_dagoz/install/can_msgs/share/can_msgs/cmake/can_msgsConfig.cmake
[1.561s] -- Up-to-date: /home/alyazahrarr/tubesss/tubes_dagoz/install/can_msgs/share/can_msgs/cmake/can_msgsConfig-version.cmake
[1.561s] -- Up-to-date: /home/alyazahrarr/tubesss/tubes_dagoz/install/can_msgs/share/can_msgs/package.xml
[1.580s] Invoked command in '/home/alyazahrarr/tubesss/tubes_dagoz/build/can_msgs' returned '0': CMAKE_PREFIX_PATH=${CMAKE_PREFIX_PATH}:/home/alyazahrarr/ros2_ws/install/launch_testing_examples:/home/alyazahrarr/ros2_ws/install/examples_rclpy_pointcloud_publisher:/home/alyazahrarr/ros2_ws/install/examples_rclpy_minimal_subscriber:/home/alyazahrarr/ros2_ws/install/examples_rclpy_minimal_service:/home/alyazahrarr/ros2_ws/install/examples_rclpy_minimal_publisher:/home/alyazahrarr/ros2_ws/install/examples_rclpy_minimal_client:/home/alyazahrarr/ros2_ws/install/examples_rclpy_minimal_action_server:/home/alyazahrarr/ros2_ws/install/examples_rclpy_minimal_action_client:/home/alyazahrarr/ros2_ws/install/examples_rclpy_guard_conditions:/home/alyazahrarr/ros2_ws/install/examples_rclpy_executors:/opt/ros/jazzy DEBUGINFOD_URLS=https://debuginfod.ubuntu.com /usr/bin/cmake --install /home/alyazahrarr/tubesss/tubes_dagoz/build/can_msgs
