[ 50%] Built target keyboard_input
[ 75%] [32mBuilding CXX object CMakeFiles/translator_node.dir/src/translator_node.cpp.o[0m
[100%] [32m[1mLinking CXX executable translator_node[0m
[100%] Built target translator_node
-- Install configuration: ""
-- Up-to-date: /home/alyazahrarr/tubesss/tubes_dagoz/install/control/lib/control/keyboard_input
-- Installing: /home/alyazahrarr/tubesss/tubes_dagoz/install/control/lib/control/translator_node
-- Set non-toolchain portion of runtime path of "/home/alyazahrarr/tubesss/tubes_dagoz/install/control/lib/control/translator_node" to ""
-- Up-to-date: /home/alyazahrarr/tubesss/tubes_dagoz/install/control/share/ament_index/resource_index/package_run_dependencies/control
-- Up-to-date: /home/alyazahrarr/tubesss/tubes_dagoz/install/control/share/ament_index/resource_index/parent_prefix_path/control
-- Up-to-date: /home/alyazahrarr/tubesss/tubes_dagoz/install/control/share/control/environment/ament_prefix_path.sh
-- Up-to-date: /home/alyazahrarr/tubesss/tubes_dagoz/install/control/share/control/environment/ament_prefix_path.dsv
-- Up-to-date: /home/alyazahrarr/tubesss/tubes_dagoz/install/control/share/control/environment/path.sh
-- Up-to-date: /home/alyazahrarr/tubesss/tubes_dagoz/install/control/share/control/environment/path.dsv
-- Up-to-date: /home/alyazahrarr/tubesss/tubes_dagoz/install/control/share/control/local_setup.bash
-- Up-to-date: /home/alyazahrarr/tubesss/tubes_dagoz/install/control/share/control/local_setup.sh
-- Up-to-date: /home/alyazahrarr/tubesss/tubes_dagoz/install/control/share/control/local_setup.zsh
-- Up-to-date: /home/alyazahrarr/tubesss/tubes_dagoz/install/control/share/control/local_setup.dsv
-- Installing: /home/alyazahrarr/tubesss/tubes_dagoz/install/control/share/control/package.dsv
-- Up-to-date: /home/alyazahrarr/tubesss/tubes_dagoz/install/control/share/ament_index/resource_index/packages/control
-- Up-to-date: /home/alyazahrarr/tubesss/tubes_dagoz/install/control/share/control/cmake/controlConfig.cmake
-- Up-to-date: /home/alyazahrarr/tubesss/tubes_dagoz/install/control/share/control/cmake/controlConfig-version.cmake
-- Up-to-date: /home/alyazahrarr/tubesss/tubes_dagoz/install/control/share/control/package.xml
