[0.023s] Invoking command in '/home/adha/belajar/ws1/build/can_msgs': CMAKE_PREFIX_PATH=${CMAKE_PREFIX_PATH}:/opt/ros/jazzy DEBUGINFOD_URLS=https://debuginfod.ubuntu.com /usr/bin/cmake --build /home/adha/belajar/ws1/build/can_msgs -- -j12 -l12
[0.096s] [  2%] Built target can_msgs__rosidl_generator_type_description
[0.112s] [  2%] Built target ament_cmake_python_copy_can_msgs
[0.129s] [  5%] Built target can_msgs__cpp
[0.131s] [ 20%] Built target can_msgs__rosidl_generator_c
[0.173s] [ 29%] Built target can_msgs__rosidl_typesupport_introspection_c
[0.181s] [ 38%] Built target can_msgs__rosidl_typesupport_introspection_cpp
[0.199s] [ 50%] Built target can_msgs__rosidl_typesupport_fastrtps_cpp
[0.200s] [ 55%] Built target can_msgs__rosidl_typesupport_cpp
[0.201s] [ 64%] Built target can_msgs__rosidl_typesupport_c
[0.202s] [ 73%] Built target can_msgs__rosidl_typesupport_fastrtps_c
[0.235s] [ 73%] Built target can_msgs
[0.260s] [ 76%] Built target can_msgs__py
[0.287s] [ 82%] Built target can_msgs__rosidl_generator_py
[0.320s] [ 94%] Built target can_msgs_s__rosidl_typesupport_c
[0.321s] [ 94%] Built target can_msgs_s__rosidl_typesupport_introspection_c
[0.323s] [100%] Built target can_msgs_s__rosidl_typesupport_fastrtps_c
[0.369s] running egg_info
[0.384s] writing can_msgs.egg-info/PKG-INFO
[0.384s] writing dependency_links to can_msgs.egg-info/dependency_links.txt
[0.384s] writing top-level names to can_msgs.egg-info/top_level.txt
[0.419s] reading manifest file 'can_msgs.egg-info/SOURCES.txt'
[0.420s] writing manifest file 'can_msgs.egg-info/SOURCES.txt'
[0.461s] [100%] Built target ament_cmake_python_build_can_msgs_egg
[0.477s] Invoked command in '/home/adha/belajar/ws1/build/can_msgs' returned '0': CMAKE_PREFIX_PATH=${CMAKE_PREFIX_PATH}:/opt/ros/jazzy DEBUGINFOD_URLS=https://debuginfod.ubuntu.com /usr/bin/cmake --build /home/adha/belajar/ws1/build/can_msgs -- -j12 -l12
[0.540s] Invoking command in '/home/adha/belajar/ws1/build/can_msgs': CMAKE_PREFIX_PATH=${CMAKE_PREFIX_PATH}:/opt/ros/jazzy DEBUGINFOD_URLS=https://debuginfod.ubuntu.com /usr/bin/cmake --install /home/adha/belajar/ws1/build/can_msgs
[0.548s] -- Install configuration: ""
[0.548s] -- Up-to-date: /home/adha/belajar/ws1/install/can_msgs/share/ament_index/resource_index/rosidl_interfaces/can_msgs
[0.548s] -- Up-to-date: /home/adha/belajar/ws1/install/can_msgs/share/can_msgs/msg/Frame.json
[0.548s] -- Up-to-date: /home/adha/belajar/ws1/install/can_msgs/include/can_msgs/can_msgs
[0.549s] -- Up-to-date: /home/adha/belajar/ws1/install/can_msgs/include/can_msgs/can_msgs/msg
[0.549s] -- Up-to-date: /home/adha/belajar/ws1/install/can_msgs/include/can_msgs/can_msgs/msg/rosidl_generator_c__visibility_control.h
[0.549s] -- Up-to-date: /home/adha/belajar/ws1/install/can_msgs/include/can_msgs/can_msgs/msg/frame.h
[0.549s] -- Up-to-date: /home/adha/belajar/ws1/install/can_msgs/include/can_msgs/can_msgs/msg/detail
[0.549s] -- Up-to-date: /home/adha/belajar/ws1/install/can_msgs/include/can_msgs/can_msgs/msg/detail/frame__description.c
[0.549s] -- Up-to-date: /home/adha/belajar/ws1/install/can_msgs/include/can_msgs/can_msgs/msg/detail/frame__struct.h
[0.549s] -- Up-to-date: /home/adha/belajar/ws1/install/can_msgs/include/can_msgs/can_msgs/msg/detail/frame__functions.h
[0.549s] -- Up-to-date: /home/adha/belajar/ws1/install/can_msgs/include/can_msgs/can_msgs/msg/detail/frame__type_support.h
[0.549s] -- Up-to-date: /home/adha/belajar/ws1/install/can_msgs/include/can_msgs/can_msgs/msg/detail/frame__type_support.c
[0.549s] -- Up-to-date: /home/adha/belajar/ws1/install/can_msgs/include/can_msgs/can_msgs/msg/detail/frame__functions.c
[0.550s] -- Up-to-date: /home/adha/belajar/ws1/install/can_msgs/share/can_msgs/environment/library_path.sh
[0.550s] -- Up-to-date: /home/adha/belajar/ws1/install/can_msgs/share/can_msgs/environment/library_path.dsv
[0.551s] -- Up-to-date: /home/adha/belajar/ws1/install/can_msgs/lib/libcan_msgs__rosidl_generator_c.so
[0.551s] -- Up-to-date: /home/adha/belajar/ws1/install/can_msgs/include/can_msgs/can_msgs
[0.551s] -- Up-to-date: /home/adha/belajar/ws1/install/can_msgs/include/can_msgs/can_msgs/msg
[0.551s] -- Up-to-date: /home/adha/belajar/ws1/install/can_msgs/include/can_msgs/can_msgs/msg/rosidl_typesupport_fastrtps_c__visibility_control.h
[0.551s] -- Up-to-date: /home/adha/belajar/ws1/install/can_msgs/include/can_msgs/can_msgs/msg/detail
[0.552s] -- Up-to-date: /home/adha/belajar/ws1/install/can_msgs/include/can_msgs/can_msgs/msg/detail/frame__rosidl_typesupport_fastrtps_c.h
[0.552s] -- Up-to-date: /home/adha/belajar/ws1/install/can_msgs/lib/libcan_msgs__rosidl_typesupport_fastrtps_c.so
[0.552s] -- Up-to-date: /home/adha/belajar/ws1/install/can_msgs/include/can_msgs/can_msgs
[0.552s] -- Up-to-date: /home/adha/belajar/ws1/install/can_msgs/include/can_msgs/can_msgs/msg
[0.552s] -- Up-to-date: /home/adha/belajar/ws1/install/can_msgs/include/can_msgs/can_msgs/msg/rosidl_typesupport_introspection_c__visibility_control.h
[0.552s] -- Up-to-date: /home/adha/belajar/ws1/install/can_msgs/include/can_msgs/can_msgs/msg/detail
[0.553s] -- Up-to-date: /home/adha/belajar/ws1/install/can_msgs/include/can_msgs/can_msgs/msg/detail/frame__rosidl_typesupport_introspection_c.h
[0.553s] -- Up-to-date: /home/adha/belajar/ws1/install/can_msgs/include/can_msgs/can_msgs/msg/detail/frame__type_support.c
[0.553s] -- Up-to-date: /home/adha/belajar/ws1/install/can_msgs/lib/libcan_msgs__rosidl_typesupport_introspection_c.so
[0.553s] -- Up-to-date: /home/adha/belajar/ws1/install/can_msgs/lib/libcan_msgs__rosidl_typesupport_c.so
[0.553s] -- Up-to-date: /home/adha/belajar/ws1/install/can_msgs/include/can_msgs/can_msgs
[0.553s] -- Up-to-date: /home/adha/belajar/ws1/install/can_msgs/include/can_msgs/can_msgs/msg
[0.554s] -- Up-to-date: /home/adha/belajar/ws1/install/can_msgs/include/can_msgs/can_msgs/msg/rosidl_generator_cpp__visibility_control.hpp
[0.554s] -- Up-to-date: /home/adha/belajar/ws1/install/can_msgs/include/can_msgs/can_msgs/msg/frame.hpp
[0.554s] -- Up-to-date: /home/adha/belajar/ws1/install/can_msgs/include/can_msgs/can_msgs/msg/detail
[0.554s] -- Up-to-date: /home/adha/belajar/ws1/install/can_msgs/include/can_msgs/can_msgs/msg/detail/frame__type_support.hpp
[0.554s] -- Up-to-date: /home/adha/belajar/ws1/install/can_msgs/include/can_msgs/can_msgs/msg/detail/frame__traits.hpp
[0.554s] -- Up-to-date: /home/adha/belajar/ws1/install/can_msgs/include/can_msgs/can_msgs/msg/detail/frame__builder.hpp
[0.554s] -- Up-to-date: /home/adha/belajar/ws1/install/can_msgs/include/can_msgs/can_msgs/msg/detail/frame__struct.hpp
[0.554s] -- Up-to-date: /home/adha/belajar/ws1/install/can_msgs/include/can_msgs/can_msgs
[0.554s] -- Up-to-date: /home/adha/belajar/ws1/install/can_msgs/include/can_msgs/can_msgs/msg
[0.554s] -- Up-to-date: /home/adha/belajar/ws1/install/can_msgs/include/can_msgs/can_msgs/msg/rosidl_typesupport_fastrtps_cpp__visibility_control.h
[0.554s] -- Up-to-date: /home/adha/belajar/ws1/install/can_msgs/include/can_msgs/can_msgs/msg/detail
[0.554s] -- Up-to-date: /home/adha/belajar/ws1/install/can_msgs/include/can_msgs/can_msgs/msg/detail/dds_fastrtps
[0.554s] -- Up-to-date: /home/adha/belajar/ws1/install/can_msgs/include/can_msgs/can_msgs/msg/detail/frame__rosidl_typesupport_fastrtps_cpp.hpp
[0.554s] -- Up-to-date: /home/adha/belajar/ws1/install/can_msgs/lib/libcan_msgs__rosidl_typesupport_fastrtps_cpp.so
[0.554s] -- Up-to-date: /home/adha/belajar/ws1/install/can_msgs/include/can_msgs/can_msgs
[0.555s] -- Up-to-date: /home/adha/belajar/ws1/install/can_msgs/include/can_msgs/can_msgs/msg
[0.555s] -- Up-to-date: /home/adha/belajar/ws1/install/can_msgs/include/can_msgs/can_msgs/msg/detail
[0.555s] -- Up-to-date: /home/adha/belajar/ws1/install/can_msgs/include/can_msgs/can_msgs/msg/detail/frame__type_support.cpp
[0.555s] -- Up-to-date: /home/adha/belajar/ws1/install/can_msgs/include/can_msgs/can_msgs/msg/detail/frame__rosidl_typesupport_introspection_cpp.hpp
[0.555s] -- Up-to-date: /home/adha/belajar/ws1/install/can_msgs/lib/libcan_msgs__rosidl_typesupport_introspection_cpp.so
[0.555s] -- Up-to-date: /home/adha/belajar/ws1/install/can_msgs/lib/libcan_msgs__rosidl_typesupport_cpp.so
[0.555s] -- Up-to-date: /home/adha/belajar/ws1/install/can_msgs/share/can_msgs/environment/pythonpath.sh
[0.555s] -- Up-to-date: /home/adha/belajar/ws1/install/can_msgs/share/can_msgs/environment/pythonpath.dsv
[0.555s] -- Up-to-date: /home/adha/belajar/ws1/install/can_msgs/lib/python3.12/site-packages/can_msgs-2.0.0-py3.12.egg-info
[0.555s] -- Installing: /home/adha/belajar/ws1/install/can_msgs/lib/python3.12/site-packages/can_msgs-2.0.0-py3.12.egg-info/dependency_links.txt
[0.555s] -- Installing: /home/adha/belajar/ws1/install/can_msgs/lib/python3.12/site-packages/can_msgs-2.0.0-py3.12.egg-info/top_level.txt
[0.556s] -- Installing: /home/adha/belajar/ws1/install/can_msgs/lib/python3.12/site-packages/can_msgs-2.0.0-py3.12.egg-info/SOURCES.txt
[0.556s] -- Installing: /home/adha/belajar/ws1/install/can_msgs/lib/python3.12/site-packages/can_msgs-2.0.0-py3.12.egg-info/PKG-INFO
[0.556s] -- Up-to-date: /home/adha/belajar/ws1/install/can_msgs/lib/python3.12/site-packages/can_msgs
[0.556s] -- Up-to-date: /home/adha/belajar/ws1/install/can_msgs/lib/python3.12/site-packages/can_msgs/msg
[0.556s] -- Up-to-date: /home/adha/belajar/ws1/install/can_msgs/lib/python3.12/site-packages/can_msgs/msg/__init__.py
[0.556s] -- Up-to-date: /home/adha/belajar/ws1/install/can_msgs/lib/python3.12/site-packages/can_msgs/msg/_frame_s.c
[0.556s] -- Up-to-date: /home/adha/belajar/ws1/install/can_msgs/lib/python3.12/site-packages/can_msgs/msg/_frame.py
[0.557s] -- Up-to-date: /home/adha/belajar/ws1/install/can_msgs/lib/python3.12/site-packages/can_msgs/__init__.py
[0.557s] -- Up-to-date: /home/adha/belajar/ws1/install/can_msgs/lib/python3.12/site-packages/can_msgs/can_msgs_s__rosidl_typesupport_introspection_c.so
[0.557s] -- Up-to-date: /home/adha/belajar/ws1/install/can_msgs/lib/python3.12/site-packages/can_msgs/_can_msgs_s.ep.rosidl_typesupport_c.c
[0.557s] -- Up-to-date: /home/adha/belajar/ws1/install/can_msgs/lib/python3.12/site-packages/can_msgs/can_msgs_s__rosidl_typesupport_fastrtps_c.so
[0.557s] -- Up-to-date: /home/adha/belajar/ws1/install/can_msgs/lib/python3.12/site-packages/can_msgs/_can_msgs_s.ep.rosidl_typesupport_introspection_c.c
[0.557s] -- Up-to-date: /home/adha/belajar/ws1/install/can_msgs/lib/python3.12/site-packages/can_msgs/can_msgs_s__rosidl_typesupport_c.so
[0.557s] -- Up-to-date: /home/adha/belajar/ws1/install/can_msgs/lib/python3.12/site-packages/can_msgs/_can_msgs_s.ep.rosidl_typesupport_fastrtps_c.c
[0.583s] Listing '/home/adha/belajar/ws1/install/can_msgs/lib/python3.12/site-packages/can_msgs'...
[0.583s] Listing '/home/adha/belajar/ws1/install/can_msgs/lib/python3.12/site-packages/can_msgs/msg'...
[0.588s] -- Up-to-date: /home/adha/belajar/ws1/install/can_msgs/lib/python3.12/site-packages/can_msgs/can_msgs_s__rosidl_typesupport_fastrtps_c.so
[0.588s] -- Up-to-date: /home/adha/belajar/ws1/install/can_msgs/lib/python3.12/site-packages/can_msgs/can_msgs_s__rosidl_typesupport_introspection_c.so
[0.588s] -- Up-to-date: /home/adha/belajar/ws1/install/can_msgs/lib/python3.12/site-packages/can_msgs/can_msgs_s__rosidl_typesupport_c.so
[0.588s] -- Up-to-date: /home/adha/belajar/ws1/install/can_msgs/lib/libcan_msgs__rosidl_generator_py.so
[0.588s] -- Up-to-date: /home/adha/belajar/ws1/install/can_msgs/share/can_msgs/msg/Frame.idl
[0.588s] -- Up-to-date: /home/adha/belajar/ws1/install/can_msgs/share/can_msgs/msg/Frame.msg
[0.588s] -- Up-to-date: /home/adha/belajar/ws1/install/can_msgs/share/ament_index/resource_index/package_run_dependencies/can_msgs
[0.588s] -- Up-to-date: /home/adha/belajar/ws1/install/can_msgs/share/ament_index/resource_index/parent_prefix_path/can_msgs
[0.588s] -- Up-to-date: /home/adha/belajar/ws1/install/can_msgs/share/can_msgs/environment/ament_prefix_path.sh
[0.589s] -- Up-to-date: /home/adha/belajar/ws1/install/can_msgs/share/can_msgs/environment/ament_prefix_path.dsv
[0.589s] -- Up-to-date: /home/adha/belajar/ws1/install/can_msgs/share/can_msgs/environment/path.sh
[0.589s] -- Up-to-date: /home/adha/belajar/ws1/install/can_msgs/share/can_msgs/environment/path.dsv
[0.589s] -- Up-to-date: /home/adha/belajar/ws1/install/can_msgs/share/can_msgs/local_setup.bash
[0.589s] -- Up-to-date: /home/adha/belajar/ws1/install/can_msgs/share/can_msgs/local_setup.sh
[0.590s] -- Up-to-date: /home/adha/belajar/ws1/install/can_msgs/share/can_msgs/local_setup.zsh
[0.590s] -- Up-to-date: /home/adha/belajar/ws1/install/can_msgs/share/can_msgs/local_setup.dsv
[0.590s] -- Installing: /home/adha/belajar/ws1/install/can_msgs/share/can_msgs/package.dsv
[0.590s] -- Up-to-date: /home/adha/belajar/ws1/install/can_msgs/share/ament_index/resource_index/packages/can_msgs
[0.590s] -- Up-to-date: /home/adha/belajar/ws1/install/can_msgs/share/can_msgs/cmake/export_can_msgs__rosidl_generator_cExport.cmake
[0.590s] -- Up-to-date: /home/adha/belajar/ws1/install/can_msgs/share/can_msgs/cmake/export_can_msgs__rosidl_generator_cExport-noconfig.cmake
[0.590s] -- Up-to-date: /home/adha/belajar/ws1/install/can_msgs/share/can_msgs/cmake/export_can_msgs__rosidl_typesupport_fastrtps_cExport.cmake
[0.590s] -- Up-to-date: /home/adha/belajar/ws1/install/can_msgs/share/can_msgs/cmake/export_can_msgs__rosidl_typesupport_fastrtps_cExport-noconfig.cmake
[0.590s] -- Up-to-date: /home/adha/belajar/ws1/install/can_msgs/share/can_msgs/cmake/can_msgs__rosidl_typesupport_introspection_cExport.cmake
[0.590s] -- Up-to-date: /home/adha/belajar/ws1/install/can_msgs/share/can_msgs/cmake/can_msgs__rosidl_typesupport_introspection_cExport-noconfig.cmake
[0.590s] -- Up-to-date: /home/adha/belajar/ws1/install/can_msgs/share/can_msgs/cmake/can_msgs__rosidl_typesupport_cExport.cmake
[0.590s] -- Up-to-date: /home/adha/belajar/ws1/install/can_msgs/share/can_msgs/cmake/can_msgs__rosidl_typesupport_cExport-noconfig.cmake
[0.590s] -- Up-to-date: /home/adha/belajar/ws1/install/can_msgs/share/can_msgs/cmake/export_can_msgs__rosidl_generator_cppExport.cmake
[0.591s] -- Up-to-date: /home/adha/belajar/ws1/install/can_msgs/share/can_msgs/cmake/export_can_msgs__rosidl_typesupport_fastrtps_cppExport.cmake
[0.591s] -- Up-to-date: /home/adha/belajar/ws1/install/can_msgs/share/can_msgs/cmake/export_can_msgs__rosidl_typesupport_fastrtps_cppExport-noconfig.cmake
[0.591s] -- Up-to-date: /home/adha/belajar/ws1/install/can_msgs/share/can_msgs/cmake/can_msgs__rosidl_typesupport_introspection_cppExport.cmake
[0.591s] -- Up-to-date: /home/adha/belajar/ws1/install/can_msgs/share/can_msgs/cmake/can_msgs__rosidl_typesupport_introspection_cppExport-noconfig.cmake
[0.591s] -- Up-to-date: /home/adha/belajar/ws1/install/can_msgs/share/can_msgs/cmake/can_msgs__rosidl_typesupport_cppExport.cmake
[0.591s] -- Up-to-date: /home/adha/belajar/ws1/install/can_msgs/share/can_msgs/cmake/can_msgs__rosidl_typesupport_cppExport-noconfig.cmake
[0.592s] -- Up-to-date: /home/adha/belajar/ws1/install/can_msgs/share/can_msgs/cmake/export_can_msgs__rosidl_generator_pyExport.cmake
[0.592s] -- Up-to-date: /home/adha/belajar/ws1/install/can_msgs/share/can_msgs/cmake/export_can_msgs__rosidl_generator_pyExport-noconfig.cmake
[0.592s] -- Up-to-date: /home/adha/belajar/ws1/install/can_msgs/share/can_msgs/cmake/rosidl_cmake-extras.cmake
[0.592s] -- Up-to-date: /home/adha/belajar/ws1/install/can_msgs/share/can_msgs/cmake/ament_cmake_export_dependencies-extras.cmake
[0.592s] -- Up-to-date: /home/adha/belajar/ws1/install/can_msgs/share/can_msgs/cmake/ament_cmake_export_include_directories-extras.cmake
[0.592s] -- Up-to-date: /home/adha/belajar/ws1/install/can_msgs/share/can_msgs/cmake/ament_cmake_export_libraries-extras.cmake
[0.592s] -- Up-to-date: /home/adha/belajar/ws1/install/can_msgs/share/can_msgs/cmake/ament_cmake_export_targets-extras.cmake
[0.592s] -- Up-to-date: /home/adha/belajar/ws1/install/can_msgs/share/can_msgs/cmake/rosidl_cmake_export_typesupport_targets-extras.cmake
[0.592s] -- Up-to-date: /home/adha/belajar/ws1/install/can_msgs/share/can_msgs/cmake/rosidl_cmake_export_typesupport_libraries-extras.cmake
[0.592s] -- Up-to-date: /home/adha/belajar/ws1/install/can_msgs/share/can_msgs/cmake/can_msgsConfig.cmake
[0.592s] -- Up-to-date: /home/adha/belajar/ws1/install/can_msgs/share/can_msgs/cmake/can_msgsConfig-version.cmake
[0.592s] -- Up-to-date: /home/adha/belajar/ws1/install/can_msgs/share/can_msgs/package.xml
[0.608s] Invoked command in '/home/adha/belajar/ws1/build/can_msgs' returned '0': CMAKE_PREFIX_PATH=${CMAKE_PREFIX_PATH}:/opt/ros/jazzy DEBUGINFOD_URLS=https://debuginfod.ubuntu.com /usr/bin/cmake --install /home/adha/belajar/ws1/build/can_msgs
