[0.123s] Invoking command in '/home/alyazahrarr/tubes_dagoz/build/can_msgs': CMAKE_PREFIX_PATH=${CMAKE_PREFIX_PATH}:/home/alyazahrarr/ros2_ws/install/launch_testing_examples:/home/alyazahrarr/ros2_ws/install/examples_rclpy_pointcloud_publisher:/home/alyazahrarr/ros2_ws/install/examples_rclpy_minimal_subscriber:/home/alyazahrarr/ros2_ws/install/examples_rclpy_minimal_service:/home/alyazahrarr/ros2_ws/install/examples_rclpy_minimal_publisher:/home/alyazahrarr/ros2_ws/install/examples_rclpy_minimal_client:/home/alyazahrarr/ros2_ws/install/examples_rclpy_minimal_action_server:/home/alyazahrarr/ros2_ws/install/examples_rclpy_minimal_action_client:/home/alyazahrarr/ros2_ws/install/examples_rclpy_guard_conditions:/home/alyazahrarr/ros2_ws/install/examples_rclpy_executors:/opt/ros/jazzy DEBUGINFOD_URLS=https://debuginfod.ubuntu.com /usr/bin/cmake --build /home/alyazahrarr/tubes_dagoz/build/can_msgs -- -j8 -l8
[0.384s] [  2%] Built target can_msgs__rosidl_generator_type_description
[0.427s] [  2%] Built target ament_cmake_python_copy_can_msgs
[0.524s] [ 20%] Built target can_msgs__rosidl_generator_c
[0.525s] [ 20%] Built target can_msgs__cpp
[0.782s] [ 29%] Built target can_msgs__rosidl_typesupport_c
[0.783s] [ 38%] Built target can_msgs__rosidl_typesupport_fastrtps_c
[0.809s] [ 47%] Built target can_msgs__rosidl_typesupport_fastrtps_cpp
[0.839s] [ 55%] Built target can_msgs__rosidl_typesupport_cpp
[0.871s] [ 64%] Built target can_msgs__rosidl_typesupport_introspection_c
[0.910s] [ 73%] Built target can_msgs__rosidl_typesupport_introspection_cpp
[1.046s] [ 73%] Built target can_msgs
[1.179s] [ 76%] Built target can_msgs__py
[1.313s] [ 82%] Built target can_msgs__rosidl_generator_py
[1.467s] [ 88%] Built target can_msgs_s__rosidl_typesupport_fastrtps_c
[1.478s] [ 94%] Built target can_msgs_s__rosidl_typesupport_introspection_c
[1.507s] [100%] Built target can_msgs_s__rosidl_typesupport_c
[2.116s] running egg_info
[2.237s] writing can_msgs.egg-info/PKG-INFO
[2.237s] writing dependency_links to can_msgs.egg-info/dependency_links.txt
[2.238s] writing top-level names to can_msgs.egg-info/top_level.txt
[2.572s] reading manifest file 'can_msgs.egg-info/SOURCES.txt'
[2.575s] writing manifest file 'can_msgs.egg-info/SOURCES.txt'
[2.710s] [100%] Built target ament_cmake_python_build_can_msgs_egg
[2.763s] Invoked command in '/home/alyazahrarr/tubes_dagoz/build/can_msgs' returned '0': CMAKE_PREFIX_PATH=${CMAKE_PREFIX_PATH}:/home/alyazahrarr/ros2_ws/install/launch_testing_examples:/home/alyazahrarr/ros2_ws/install/examples_rclpy_pointcloud_publisher:/home/alyazahrarr/ros2_ws/install/examples_rclpy_minimal_subscriber:/home/alyazahrarr/ros2_ws/install/examples_rclpy_minimal_service:/home/alyazahrarr/ros2_ws/install/examples_rclpy_minimal_publisher:/home/alyazahrarr/ros2_ws/install/examples_rclpy_minimal_client:/home/alyazahrarr/ros2_ws/install/examples_rclpy_minimal_action_server:/home/alyazahrarr/ros2_ws/install/examples_rclpy_minimal_action_client:/home/alyazahrarr/ros2_ws/install/examples_rclpy_guard_conditions:/home/alyazahrarr/ros2_ws/install/examples_rclpy_executors:/opt/ros/jazzy DEBUGINFOD_URLS=https://debuginfod.ubuntu.com /usr/bin/cmake --build /home/alyazahrarr/tubes_dagoz/build/can_msgs -- -j8 -l8
[3.064s] Invoking command in '/home/alyazahrarr/tubes_dagoz/build/can_msgs': CMAKE_PREFIX_PATH=${CMAKE_PREFIX_PATH}:/home/alyazahrarr/ros2_ws/install/launch_testing_examples:/home/alyazahrarr/ros2_ws/install/examples_rclpy_pointcloud_publisher:/home/alyazahrarr/ros2_ws/install/examples_rclpy_minimal_subscriber:/home/alyazahrarr/ros2_ws/install/examples_rclpy_minimal_service:/home/alyazahrarr/ros2_ws/install/examples_rclpy_minimal_publisher:/home/alyazahrarr/ros2_ws/install/examples_rclpy_minimal_client:/home/alyazahrarr/ros2_ws/install/examples_rclpy_minimal_action_server:/home/alyazahrarr/ros2_ws/install/examples_rclpy_minimal_action_client:/home/alyazahrarr/ros2_ws/install/examples_rclpy_guard_conditions:/home/alyazahrarr/ros2_ws/install/examples_rclpy_executors:/opt/ros/jazzy DEBUGINFOD_URLS=https://debuginfod.ubuntu.com /usr/bin/cmake --install /home/alyazahrarr/tubes_dagoz/build/can_msgs
[3.102s] -- Install configuration: ""
[3.104s] -- Up-to-date: /home/alyazahrarr/tubes_dagoz/install/can_msgs/share/ament_index/resource_index/rosidl_interfaces/can_msgs
[3.105s] -- Up-to-date: /home/alyazahrarr/tubes_dagoz/install/can_msgs/share/can_msgs/msg/Frame.json
[3.106s] -- Up-to-date: /home/alyazahrarr/tubes_dagoz/install/can_msgs/include/can_msgs/can_msgs
[3.107s] -- Up-to-date: /home/alyazahrarr/tubes_dagoz/install/can_msgs/include/can_msgs/can_msgs/msg
[3.108s] -- Up-to-date: /home/alyazahrarr/tubes_dagoz/install/can_msgs/include/can_msgs/can_msgs/msg/detail
[3.108s] -- Up-to-date: /home/alyazahrarr/tubes_dagoz/install/can_msgs/include/can_msgs/can_msgs/msg/detail/frame__struct.h
[3.109s] -- Up-to-date: /home/alyazahrarr/tubes_dagoz/install/can_msgs/include/can_msgs/can_msgs/msg/detail/frame__functions.c
[3.110s] -- Up-to-date: /home/alyazahrarr/tubes_dagoz/install/can_msgs/include/can_msgs/can_msgs/msg/detail/frame__functions.h
[3.111s] -- Installing: /home/alyazahrarr/tubes_dagoz/install/can_msgs/include/can_msgs/can_msgs/msg/detail/frame__type_support.c
[3.112s] -- Up-to-date: /home/alyazahrarr/tubes_dagoz/install/can_msgs/include/can_msgs/can_msgs/msg/detail/frame__description.c
[3.113s] -- Up-to-date: /home/alyazahrarr/tubes_dagoz/install/can_msgs/include/can_msgs/can_msgs/msg/detail/frame__type_support.h
[3.114s] -- Up-to-date: /home/alyazahrarr/tubes_dagoz/install/can_msgs/include/can_msgs/can_msgs/msg/rosidl_generator_c__visibility_control.h
[3.114s] -- Up-to-date: /home/alyazahrarr/tubes_dagoz/install/can_msgs/include/can_msgs/can_msgs/msg/frame.h
[3.115s] -- Up-to-date: /home/alyazahrarr/tubes_dagoz/install/can_msgs/share/can_msgs/environment/library_path.sh
[3.115s] -- Up-to-date: /home/alyazahrarr/tubes_dagoz/install/can_msgs/share/can_msgs/environment/library_path.dsv
[3.116s] -- Up-to-date: /home/alyazahrarr/tubes_dagoz/install/can_msgs/lib/libcan_msgs__rosidl_generator_c.so
[3.116s] -- Up-to-date: /home/alyazahrarr/tubes_dagoz/install/can_msgs/include/can_msgs/can_msgs
[3.116s] -- Up-to-date: /home/alyazahrarr/tubes_dagoz/install/can_msgs/include/can_msgs/can_msgs/msg
[3.117s] -- Up-to-date: /home/alyazahrarr/tubes_dagoz/install/can_msgs/include/can_msgs/can_msgs/msg/detail
[3.117s] -- Up-to-date: /home/alyazahrarr/tubes_dagoz/install/can_msgs/include/can_msgs/can_msgs/msg/detail/frame__rosidl_typesupport_fastrtps_c.h
[3.117s] -- Up-to-date: /home/alyazahrarr/tubes_dagoz/install/can_msgs/include/can_msgs/can_msgs/msg/rosidl_typesupport_fastrtps_c__visibility_control.h
[3.118s] -- Up-to-date: /home/alyazahrarr/tubes_dagoz/install/can_msgs/lib/libcan_msgs__rosidl_typesupport_fastrtps_c.so
[3.118s] -- Up-to-date: /home/alyazahrarr/tubes_dagoz/install/can_msgs/include/can_msgs/can_msgs
[3.119s] -- Up-to-date: /home/alyazahrarr/tubes_dagoz/install/can_msgs/include/can_msgs/can_msgs/msg
[3.119s] -- Up-to-date: /home/alyazahrarr/tubes_dagoz/install/can_msgs/include/can_msgs/can_msgs/msg/detail
[3.119s] -- Installing: /home/alyazahrarr/tubes_dagoz/install/can_msgs/include/can_msgs/can_msgs/msg/detail/frame__type_support.c
[3.120s] -- Up-to-date: /home/alyazahrarr/tubes_dagoz/install/can_msgs/include/can_msgs/can_msgs/msg/detail/frame__rosidl_typesupport_introspection_c.h
[3.120s] -- Up-to-date: /home/alyazahrarr/tubes_dagoz/install/can_msgs/include/can_msgs/can_msgs/msg/rosidl_typesupport_introspection_c__visibility_control.h
[3.121s] -- Up-to-date: /home/alyazahrarr/tubes_dagoz/install/can_msgs/lib/libcan_msgs__rosidl_typesupport_introspection_c.so
[3.121s] -- Up-to-date: /home/alyazahrarr/tubes_dagoz/install/can_msgs/lib/libcan_msgs__rosidl_typesupport_c.so
[3.122s] -- Up-to-date: /home/alyazahrarr/tubes_dagoz/install/can_msgs/include/can_msgs/can_msgs
[3.122s] -- Up-to-date: /home/alyazahrarr/tubes_dagoz/install/can_msgs/include/can_msgs/can_msgs/msg
[3.124s] -- Up-to-date: /home/alyazahrarr/tubes_dagoz/install/can_msgs/include/can_msgs/can_msgs/msg/detail
[3.124s] -- Up-to-date: /home/alyazahrarr/tubes_dagoz/install/can_msgs/include/can_msgs/can_msgs/msg/detail/frame__type_support.hpp
[3.125s] -- Up-to-date: /home/alyazahrarr/tubes_dagoz/install/can_msgs/include/can_msgs/can_msgs/msg/detail/frame__builder.hpp
[3.126s] -- Up-to-date: /home/alyazahrarr/tubes_dagoz/install/can_msgs/include/can_msgs/can_msgs/msg/detail/frame__traits.hpp
[3.127s] -- Up-to-date: /home/alyazahrarr/tubes_dagoz/install/can_msgs/include/can_msgs/can_msgs/msg/detail/frame__struct.hpp
[3.130s] -- Up-to-date: /home/alyazahrarr/tubes_dagoz/install/can_msgs/include/can_msgs/can_msgs/msg/frame.hpp
[3.130s] -- Up-to-date: /home/alyazahrarr/tubes_dagoz/install/can_msgs/include/can_msgs/can_msgs/msg/rosidl_generator_cpp__visibility_control.hpp
[3.130s] -- Up-to-date: /home/alyazahrarr/tubes_dagoz/install/can_msgs/include/can_msgs/can_msgs
[3.131s] -- Up-to-date: /home/alyazahrarr/tubes_dagoz/install/can_msgs/include/can_msgs/can_msgs/msg
[3.131s] -- Up-to-date: /home/alyazahrarr/tubes_dagoz/install/can_msgs/include/can_msgs/can_msgs/msg/detail
[3.132s] -- Up-to-date: /home/alyazahrarr/tubes_dagoz/install/can_msgs/include/can_msgs/can_msgs/msg/detail/dds_fastrtps
[3.132s] -- Up-to-date: /home/alyazahrarr/tubes_dagoz/install/can_msgs/include/can_msgs/can_msgs/msg/detail/frame__rosidl_typesupport_fastrtps_cpp.hpp
[3.132s] -- Up-to-date: /home/alyazahrarr/tubes_dagoz/install/can_msgs/include/can_msgs/can_msgs/msg/rosidl_typesupport_fastrtps_cpp__visibility_control.h
[3.133s] -- Up-to-date: /home/alyazahrarr/tubes_dagoz/install/can_msgs/lib/libcan_msgs__rosidl_typesupport_fastrtps_cpp.so
[3.133s] -- Up-to-date: /home/alyazahrarr/tubes_dagoz/install/can_msgs/include/can_msgs/can_msgs
[3.134s] -- Up-to-date: /home/alyazahrarr/tubes_dagoz/install/can_msgs/include/can_msgs/can_msgs/msg
[3.134s] -- Up-to-date: /home/alyazahrarr/tubes_dagoz/install/can_msgs/include/can_msgs/can_msgs/msg/detail
[3.134s] -- Up-to-date: /home/alyazahrarr/tubes_dagoz/install/can_msgs/include/can_msgs/can_msgs/msg/detail/frame__type_support.cpp
[3.135s] -- Up-to-date: /home/alyazahrarr/tubes_dagoz/install/can_msgs/include/can_msgs/can_msgs/msg/detail/frame__rosidl_typesupport_introspection_cpp.hpp
[3.135s] -- Up-to-date: /home/alyazahrarr/tubes_dagoz/install/can_msgs/lib/libcan_msgs__rosidl_typesupport_introspection_cpp.so
[3.135s] -- Up-to-date: /home/alyazahrarr/tubes_dagoz/install/can_msgs/lib/libcan_msgs__rosidl_typesupport_cpp.so
[3.136s] -- Up-to-date: /home/alyazahrarr/tubes_dagoz/install/can_msgs/share/can_msgs/environment/pythonpath.sh
[3.138s] -- Up-to-date: /home/alyazahrarr/tubes_dagoz/install/can_msgs/share/can_msgs/environment/pythonpath.dsv
[3.139s] -- Up-to-date: /home/alyazahrarr/tubes_dagoz/install/can_msgs/lib/python3.12/site-packages/can_msgs-2.0.0-py3.12.egg-info
[3.139s] -- Installing: /home/alyazahrarr/tubes_dagoz/install/can_msgs/lib/python3.12/site-packages/can_msgs-2.0.0-py3.12.egg-info/dependency_links.txt
[3.140s] -- Installing: /home/alyazahrarr/tubes_dagoz/install/can_msgs/lib/python3.12/site-packages/can_msgs-2.0.0-py3.12.egg-info/SOURCES.txt
[3.140s] -- Installing: /home/alyazahrarr/tubes_dagoz/install/can_msgs/lib/python3.12/site-packages/can_msgs-2.0.0-py3.12.egg-info/PKG-INFO
[3.141s] -- Installing: /home/alyazahrarr/tubes_dagoz/install/can_msgs/lib/python3.12/site-packages/can_msgs-2.0.0-py3.12.egg-info/top_level.txt
[3.141s] -- Up-to-date: /home/alyazahrarr/tubes_dagoz/install/can_msgs/lib/python3.12/site-packages/can_msgs
[3.141s] -- Up-to-date: /home/alyazahrarr/tubes_dagoz/install/can_msgs/lib/python3.12/site-packages/can_msgs/_can_msgs_s.ep.rosidl_typesupport_c.c
[3.142s] -- Up-to-date: /home/alyazahrarr/tubes_dagoz/install/can_msgs/lib/python3.12/site-packages/can_msgs/can_msgs_s__rosidl_typesupport_introspection_c.so
[3.142s] -- Up-to-date: /home/alyazahrarr/tubes_dagoz/install/can_msgs/lib/python3.12/site-packages/can_msgs/_can_msgs_s.ep.rosidl_typesupport_fastrtps_c.c
[3.142s] -- Up-to-date: /home/alyazahrarr/tubes_dagoz/install/can_msgs/lib/python3.12/site-packages/can_msgs/__init__.py
[3.143s] -- Up-to-date: /home/alyazahrarr/tubes_dagoz/install/can_msgs/lib/python3.12/site-packages/can_msgs/can_msgs_s__rosidl_typesupport_fastrtps_c.so
[3.143s] -- Up-to-date: /home/alyazahrarr/tubes_dagoz/install/can_msgs/lib/python3.12/site-packages/can_msgs/_can_msgs_s.ep.rosidl_typesupport_introspection_c.c
[3.143s] -- Up-to-date: /home/alyazahrarr/tubes_dagoz/install/can_msgs/lib/python3.12/site-packages/can_msgs/can_msgs_s__rosidl_typesupport_c.so
[3.143s] -- Up-to-date: /home/alyazahrarr/tubes_dagoz/install/can_msgs/lib/python3.12/site-packages/can_msgs/msg
[3.144s] -- Up-to-date: /home/alyazahrarr/tubes_dagoz/install/can_msgs/lib/python3.12/site-packages/can_msgs/msg/__init__.py
[3.144s] -- Up-to-date: /home/alyazahrarr/tubes_dagoz/install/can_msgs/lib/python3.12/site-packages/can_msgs/msg/_frame_s.c
[3.144s] -- Up-to-date: /home/alyazahrarr/tubes_dagoz/install/can_msgs/lib/python3.12/site-packages/can_msgs/msg/_frame.py
[3.320s] Listing '/home/alyazahrarr/tubes_dagoz/install/can_msgs/lib/python3.12/site-packages/can_msgs'...
[3.320s] Listing '/home/alyazahrarr/tubes_dagoz/install/can_msgs/lib/python3.12/site-packages/can_msgs/msg'...
[3.348s] -- Up-to-date: /home/alyazahrarr/tubes_dagoz/install/can_msgs/lib/python3.12/site-packages/can_msgs/can_msgs_s__rosidl_typesupport_fastrtps_c.so
[3.350s] -- Up-to-date: /home/alyazahrarr/tubes_dagoz/install/can_msgs/lib/python3.12/site-packages/can_msgs/can_msgs_s__rosidl_typesupport_introspection_c.so
[3.352s] -- Up-to-date: /home/alyazahrarr/tubes_dagoz/install/can_msgs/lib/python3.12/site-packages/can_msgs/can_msgs_s__rosidl_typesupport_c.so
[3.354s] -- Up-to-date: /home/alyazahrarr/tubes_dagoz/install/can_msgs/lib/libcan_msgs__rosidl_generator_py.so
[3.356s] -- Up-to-date: /home/alyazahrarr/tubes_dagoz/install/can_msgs/share/can_msgs/msg/Frame.idl
[3.357s] -- Up-to-date: /home/alyazahrarr/tubes_dagoz/install/can_msgs/share/can_msgs/msg/Frame.msg
[3.358s] -- Up-to-date: /home/alyazahrarr/tubes_dagoz/install/can_msgs/share/ament_index/resource_index/package_run_dependencies/can_msgs
[3.358s] -- Up-to-date: /home/alyazahrarr/tubes_dagoz/install/can_msgs/share/ament_index/resource_index/parent_prefix_path/can_msgs
[3.358s] -- Up-to-date: /home/alyazahrarr/tubes_dagoz/install/can_msgs/share/can_msgs/environment/ament_prefix_path.sh
[3.359s] -- Up-to-date: /home/alyazahrarr/tubes_dagoz/install/can_msgs/share/can_msgs/environment/ament_prefix_path.dsv
[3.360s] -- Up-to-date: /home/alyazahrarr/tubes_dagoz/install/can_msgs/share/can_msgs/environment/path.sh
[3.360s] -- Up-to-date: /home/alyazahrarr/tubes_dagoz/install/can_msgs/share/can_msgs/environment/path.dsv
[3.360s] -- Up-to-date: /home/alyazahrarr/tubes_dagoz/install/can_msgs/share/can_msgs/local_setup.bash
[3.361s] -- Up-to-date: /home/alyazahrarr/tubes_dagoz/install/can_msgs/share/can_msgs/local_setup.sh
[3.361s] -- Up-to-date: /home/alyazahrarr/tubes_dagoz/install/can_msgs/share/can_msgs/local_setup.zsh
[3.361s] -- Up-to-date: /home/alyazahrarr/tubes_dagoz/install/can_msgs/share/can_msgs/local_setup.dsv
[3.362s] -- Installing: /home/alyazahrarr/tubes_dagoz/install/can_msgs/share/can_msgs/package.dsv
[3.362s] -- Up-to-date: /home/alyazahrarr/tubes_dagoz/install/can_msgs/share/ament_index/resource_index/packages/can_msgs
[3.363s] -- Up-to-date: /home/alyazahrarr/tubes_dagoz/install/can_msgs/share/can_msgs/cmake/export_can_msgs__rosidl_generator_cExport.cmake
[3.363s] -- Up-to-date: /home/alyazahrarr/tubes_dagoz/install/can_msgs/share/can_msgs/cmake/export_can_msgs__rosidl_generator_cExport-noconfig.cmake
[3.363s] -- Up-to-date: /home/alyazahrarr/tubes_dagoz/install/can_msgs/share/can_msgs/cmake/export_can_msgs__rosidl_typesupport_fastrtps_cExport.cmake
[3.364s] -- Up-to-date: /home/alyazahrarr/tubes_dagoz/install/can_msgs/share/can_msgs/cmake/export_can_msgs__rosidl_typesupport_fastrtps_cExport-noconfig.cmake
[3.364s] -- Up-to-date: /home/alyazahrarr/tubes_dagoz/install/can_msgs/share/can_msgs/cmake/can_msgs__rosidl_typesupport_introspection_cExport.cmake
[3.364s] -- Up-to-date: /home/alyazahrarr/tubes_dagoz/install/can_msgs/share/can_msgs/cmake/can_msgs__rosidl_typesupport_introspection_cExport-noconfig.cmake
[3.365s] -- Up-to-date: /home/alyazahrarr/tubes_dagoz/install/can_msgs/share/can_msgs/cmake/can_msgs__rosidl_typesupport_cExport.cmake
[3.365s] -- Up-to-date: /home/alyazahrarr/tubes_dagoz/install/can_msgs/share/can_msgs/cmake/can_msgs__rosidl_typesupport_cExport-noconfig.cmake
[3.366s] -- Up-to-date: /home/alyazahrarr/tubes_dagoz/install/can_msgs/share/can_msgs/cmake/export_can_msgs__rosidl_generator_cppExport.cmake
[3.366s] -- Up-to-date: /home/alyazahrarr/tubes_dagoz/install/can_msgs/share/can_msgs/cmake/export_can_msgs__rosidl_typesupport_fastrtps_cppExport.cmake
[3.366s] -- Up-to-date: /home/alyazahrarr/tubes_dagoz/install/can_msgs/share/can_msgs/cmake/export_can_msgs__rosidl_typesupport_fastrtps_cppExport-noconfig.cmake
[3.367s] -- Up-to-date: /home/alyazahrarr/tubes_dagoz/install/can_msgs/share/can_msgs/cmake/can_msgs__rosidl_typesupport_introspection_cppExport.cmake
[3.368s] -- Up-to-date: /home/alyazahrarr/tubes_dagoz/install/can_msgs/share/can_msgs/cmake/can_msgs__rosidl_typesupport_introspection_cppExport-noconfig.cmake
[3.369s] -- Up-to-date: /home/alyazahrarr/tubes_dagoz/install/can_msgs/share/can_msgs/cmake/can_msgs__rosidl_typesupport_cppExport.cmake
[3.369s] -- Up-to-date: /home/alyazahrarr/tubes_dagoz/install/can_msgs/share/can_msgs/cmake/can_msgs__rosidl_typesupport_cppExport-noconfig.cmake
[3.370s] -- Up-to-date: /home/alyazahrarr/tubes_dagoz/install/can_msgs/share/can_msgs/cmake/export_can_msgs__rosidl_generator_pyExport.cmake
[3.370s] -- Up-to-date: /home/alyazahrarr/tubes_dagoz/install/can_msgs/share/can_msgs/cmake/export_can_msgs__rosidl_generator_pyExport-noconfig.cmake
[3.371s] -- Up-to-date: /home/alyazahrarr/tubes_dagoz/install/can_msgs/share/can_msgs/cmake/rosidl_cmake-extras.cmake
[3.372s] -- Up-to-date: /home/alyazahrarr/tubes_dagoz/install/can_msgs/share/can_msgs/cmake/ament_cmake_export_dependencies-extras.cmake
[3.372s] -- Up-to-date: /home/alyazahrarr/tubes_dagoz/install/can_msgs/share/can_msgs/cmake/ament_cmake_export_include_directories-extras.cmake
[3.373s] -- Up-to-date: /home/alyazahrarr/tubes_dagoz/install/can_msgs/share/can_msgs/cmake/ament_cmake_export_libraries-extras.cmake
[3.373s] -- Up-to-date: /home/alyazahrarr/tubes_dagoz/install/can_msgs/share/can_msgs/cmake/ament_cmake_export_targets-extras.cmake
[3.373s] -- Up-to-date: /home/alyazahrarr/tubes_dagoz/install/can_msgs/share/can_msgs/cmake/rosidl_cmake_export_typesupport_targets-extras.cmake
[3.374s] -- Up-to-date: /home/alyazahrarr/tubes_dagoz/install/can_msgs/share/can_msgs/cmake/rosidl_cmake_export_typesupport_libraries-extras.cmake
[3.374s] -- Up-to-date: /home/alyazahrarr/tubes_dagoz/install/can_msgs/share/can_msgs/cmake/can_msgsConfig.cmake
[3.374s] -- Up-to-date: /home/alyazahrarr/tubes_dagoz/install/can_msgs/share/can_msgs/cmake/can_msgsConfig-version.cmake
[3.374s] -- Up-to-date: /home/alyazahrarr/tubes_dagoz/install/can_msgs/share/can_msgs/package.xml
[3.381s] Invoked command in '/home/alyazahrarr/tubes_dagoz/build/can_msgs' returned '0': CMAKE_PREFIX_PATH=${CMAKE_PREFIX_PATH}:/home/alyazahrarr/ros2_ws/install/launch_testing_examples:/home/alyazahrarr/ros2_ws/install/examples_rclpy_pointcloud_publisher:/home/alyazahrarr/ros2_ws/install/examples_rclpy_minimal_subscriber:/home/alyazahrarr/ros2_ws/install/examples_rclpy_minimal_service:/home/alyazahrarr/ros2_ws/install/examples_rclpy_minimal_publisher:/home/alyazahrarr/ros2_ws/install/examples_rclpy_minimal_client:/home/alyazahrarr/ros2_ws/install/examples_rclpy_minimal_action_server:/home/alyazahrarr/ros2_ws/install/examples_rclpy_minimal_action_client:/home/alyazahrarr/ros2_ws/install/examples_rclpy_guard_conditions:/home/alyazahrarr/ros2_ws/install/examples_rclpy_executors:/opt/ros/jazzy DEBUGINFOD_URLS=https://debuginfod.ubuntu.com /usr/bin/cmake --install /home/alyazahrarr/tubes_dagoz/build/can_msgs
