-- Found ament_cmake: 2.5.2 (/opt/ros/jazzy/share/ament_cmake/cmake)
-- Found Python3: /usr/bin/python3 (found version "3.12.3") found components: Interpreter 
-- Found rosidl_default_generators: 1.6.0 (/opt/ros/jazzy/share/rosidl_default_generators/cmake)
-- Using all available rosidl_typesupport_c: rosidl_typesupport_fastrtps_c;rosidl_typesupport_introspection_c
-- Using all available rosidl_typesupport_cpp: rosidl_typesupport_fastrtps_cpp;rosidl_typesupport_introspection_cpp
-- Found rosidl_adapter: 4.6.3 (/opt/ros/jazzy/share/rosidl_adapter/cmake)
-- Found std_msgs: 5.3.5 (/opt/ros/jazzy/share/std_msgs/cmake)
-- Found ament_lint_auto: 0.17.1 (/opt/ros/jazzy/share/ament_lint_auto/cmake)
-- Found ament_cmake_ros: 0.12.0 (/opt/ros/jazzy/share/ament_cmake_ros/cmake)
-- Using all available rosidl_typesupport_c: rosidl_typesupport_fastrtps_c;rosidl_typesupport_introspection_c
-- Using all available rosidl_typesupport_cpp: rosidl_typesupport_fastrtps_cpp;rosidl_typesupport_introspection_cpp
-- Found python_cmake_module: 0.11.1 (/opt/ros/jazzy/share/python_cmake_module/cmake)
-- Found Python3: /usr/bin/python3 (found version "3.12.3") found components: Interpreter Development NumPy Development.Module Development.Embed 
-- Added test 'copyright' to check source files copyright and LICENSE
-- Added test 'lint_cmake' to check CMake code style
-- Added test 'xmllint' to check XML markup files
-- Configuring done (2.2s)
-- Generating done (0.1s)
-- Build files have been written to: /home/alyazahrarr/tubesss/tubes_dagoz/build/can_msgs
[  2%] Built target can_msgs__rosidl_generator_type_description
[  2%] Built target ament_cmake_python_copy_can_msgs
[  5%] [32mBuilding C object CMakeFiles/can_msgs__rosidl_generator_c.dir/rosidl_generator_c/can_msgs/msg/detail/frame__type_support.c.o[0m
[  8%] Built target can_msgs__cpp
[ 11%] [32m[1mLinking C shared library libcan_msgs__rosidl_generator_c.so[0m
[ 20%] Built target can_msgs__rosidl_generator_c
[ 23%] [32mBuilding CXX object CMakeFiles/can_msgs__rosidl_typesupport_cpp.dir/rosidl_typesupport_cpp/can_msgs/msg/frame__type_support.cpp.o[0m
[ 26%] [32mBuilding CXX object CMakeFiles/can_msgs__rosidl_typesupport_introspection_cpp.dir/rosidl_typesupport_introspection_cpp/can_msgs/msg/detail/frame__type_support.cpp.o[0m
[ 29%] [32mBuilding CXX object CMakeFiles/can_msgs__rosidl_typesupport_c.dir/rosidl_typesupport_c/can_msgs/msg/frame__type_support.cpp.o[0m
[ 32%] [32mBuilding CXX object CMakeFiles/can_msgs__rosidl_typesupport_fastrtps_c.dir/rosidl_typesupport_fastrtps_c/can_msgs/msg/detail/frame__type_support_c.cpp.o[0m
[ 35%] [32mBuilding CXX object CMakeFiles/can_msgs__rosidl_typesupport_fastrtps_cpp.dir/rosidl_typesupport_fastrtps_cpp/can_msgs/msg/detail/dds_fastrtps/frame__type_support.cpp.o[0m
[ 38%] [32mBuilding C object CMakeFiles/can_msgs__rosidl_typesupport_introspection_c.dir/rosidl_typesupport_introspection_c/can_msgs/msg/detail/frame__type_support.c.o[0m
[ 41%] [32m[1mLinking CXX shared library libcan_msgs__rosidl_typesupport_c.so[0m
[ 44%] [32m[1mLinking C shared library libcan_msgs__rosidl_typesupport_introspection_c.so[0m
running egg_info
[ 47%] Built target can_msgs__rosidl_typesupport_introspection_c
writing can_msgs.egg-info/PKG-INFO
writing dependency_links to can_msgs.egg-info/dependency_links.txt
writing top-level names to can_msgs.egg-info/top_level.txt
[ 50%] Built target can_msgs__rosidl_typesupport_c
reading manifest file 'can_msgs.egg-info/SOURCES.txt'
writing manifest file 'can_msgs.egg-info/SOURCES.txt'
[ 50%] Built target ament_cmake_python_build_can_msgs_egg
[ 52%] [32m[1mLinking CXX shared library libcan_msgs__rosidl_typesupport_cpp.so[0m
[ 55%] Built target can_msgs__rosidl_typesupport_cpp
[ 58%] [32m[1mLinking CXX shared library libcan_msgs__rosidl_typesupport_introspection_cpp.so[0m
[ 61%] Built target can_msgs__rosidl_typesupport_introspection_cpp
[ 64%] [32m[1mLinking CXX shared library libcan_msgs__rosidl_typesupport_fastrtps_cpp.so[0m
[ 67%] [32m[1mLinking CXX shared library libcan_msgs__rosidl_typesupport_fastrtps_c.so[0m
[ 70%] Built target can_msgs__rosidl_typesupport_fastrtps_cpp
[ 73%] Built target can_msgs__rosidl_typesupport_fastrtps_c
[ 73%] Built target can_msgs
[ 76%] Built target can_msgs__py
[ 79%] [32m[1mLinking C shared library libcan_msgs__rosidl_generator_py.so[0m
[ 82%] Built target can_msgs__rosidl_generator_py
[ 85%] [32mBuilding C object CMakeFiles/can_msgs_s__rosidl_typesupport_fastrtps_c.dir/rosidl_generator_py/can_msgs/_can_msgs_s.ep.rosidl_typesupport_fastrtps_c.c.o[0m
[ 91%] [32mBuilding C object CMakeFiles/can_msgs_s__rosidl_typesupport_c.dir/rosidl_generator_py/can_msgs/_can_msgs_s.ep.rosidl_typesupport_c.c.o[0m
[ 91%] [32mBuilding C object CMakeFiles/can_msgs_s__rosidl_typesupport_introspection_c.dir/rosidl_generator_py/can_msgs/_can_msgs_s.ep.rosidl_typesupport_introspection_c.c.o[0m
[ 94%] [32m[1mLinking C shared module rosidl_generator_py/can_msgs/can_msgs_s__rosidl_typesupport_introspection_c.so[0m
[ 97%] [32m[1mLinking C shared module rosidl_generator_py/can_msgs/can_msgs_s__rosidl_typesupport_fastrtps_c.so[0m
[ 97%] Built target can_msgs_s__rosidl_typesupport_introspection_c
[ 97%] Built target can_msgs_s__rosidl_typesupport_fastrtps_c
[100%] [32m[1mLinking C shared module rosidl_generator_py/can_msgs/can_msgs_s__rosidl_typesupport_c.so[0m
[100%] Built target can_msgs_s__rosidl_typesupport_c
-- Install configuration: ""
-- Up-to-date: /home/alyazahrarr/tubesss/tubes_dagoz/install/can_msgs/share/ament_index/resource_index/rosidl_interfaces/can_msgs
-- Up-to-date: /home/alyazahrarr/tubesss/tubes_dagoz/install/can_msgs/share/can_msgs/msg/Frame.json
-- Up-to-date: /home/alyazahrarr/tubesss/tubes_dagoz/install/can_msgs/include/can_msgs/can_msgs
-- Up-to-date: /home/alyazahrarr/tubesss/tubes_dagoz/install/can_msgs/include/can_msgs/can_msgs/msg
-- Up-to-date: /home/alyazahrarr/tubesss/tubes_dagoz/install/can_msgs/include/can_msgs/can_msgs/msg/detail
-- Up-to-date: /home/alyazahrarr/tubesss/tubes_dagoz/install/can_msgs/include/can_msgs/can_msgs/msg/detail/frame__struct.h
-- Up-to-date: /home/alyazahrarr/tubesss/tubes_dagoz/install/can_msgs/include/can_msgs/can_msgs/msg/detail/frame__functions.c
-- Up-to-date: /home/alyazahrarr/tubesss/tubes_dagoz/install/can_msgs/include/can_msgs/can_msgs/msg/detail/frame__functions.h
-- Installing: /home/alyazahrarr/tubesss/tubes_dagoz/install/can_msgs/include/can_msgs/can_msgs/msg/detail/frame__type_support.c
-- Up-to-date: /home/alyazahrarr/tubesss/tubes_dagoz/install/can_msgs/include/can_msgs/can_msgs/msg/detail/frame__description.c
-- Up-to-date: /home/alyazahrarr/tubesss/tubes_dagoz/install/can_msgs/include/can_msgs/can_msgs/msg/detail/frame__type_support.h
-- Up-to-date: /home/alyazahrarr/tubesss/tubes_dagoz/install/can_msgs/include/can_msgs/can_msgs/msg/rosidl_generator_c__visibility_control.h
-- Up-to-date: /home/alyazahrarr/tubesss/tubes_dagoz/install/can_msgs/include/can_msgs/can_msgs/msg/frame.h
-- Up-to-date: /home/alyazahrarr/tubesss/tubes_dagoz/install/can_msgs/share/can_msgs/environment/library_path.sh
-- Up-to-date: /home/alyazahrarr/tubesss/tubes_dagoz/install/can_msgs/share/can_msgs/environment/library_path.dsv
-- Installing: /home/alyazahrarr/tubesss/tubes_dagoz/install/can_msgs/lib/libcan_msgs__rosidl_generator_c.so
-- Set non-toolchain portion of runtime path of "/home/alyazahrarr/tubesss/tubes_dagoz/install/can_msgs/lib/libcan_msgs__rosidl_generator_c.so" to ""
-- Up-to-date: /home/alyazahrarr/tubesss/tubes_dagoz/install/can_msgs/include/can_msgs/can_msgs
-- Up-to-date: /home/alyazahrarr/tubesss/tubes_dagoz/install/can_msgs/include/can_msgs/can_msgs/msg
-- Up-to-date: /home/alyazahrarr/tubesss/tubes_dagoz/install/can_msgs/include/can_msgs/can_msgs/msg/detail
-- Up-to-date: /home/alyazahrarr/tubesss/tubes_dagoz/install/can_msgs/include/can_msgs/can_msgs/msg/detail/frame__rosidl_typesupport_fastrtps_c.h
-- Up-to-date: /home/alyazahrarr/tubesss/tubes_dagoz/install/can_msgs/include/can_msgs/can_msgs/msg/rosidl_typesupport_fastrtps_c__visibility_control.h
-- Installing: /home/alyazahrarr/tubesss/tubes_dagoz/install/can_msgs/lib/libcan_msgs__rosidl_typesupport_fastrtps_c.so
-- Set non-toolchain portion of runtime path of "/home/alyazahrarr/tubesss/tubes_dagoz/install/can_msgs/lib/libcan_msgs__rosidl_typesupport_fastrtps_c.so" to ""
-- Up-to-date: /home/alyazahrarr/tubesss/tubes_dagoz/install/can_msgs/include/can_msgs/can_msgs
-- Up-to-date: /home/alyazahrarr/tubesss/tubes_dagoz/install/can_msgs/include/can_msgs/can_msgs/msg
-- Up-to-date: /home/alyazahrarr/tubesss/tubes_dagoz/install/can_msgs/include/can_msgs/can_msgs/msg/detail
-- Installing: /home/alyazahrarr/tubesss/tubes_dagoz/install/can_msgs/include/can_msgs/can_msgs/msg/detail/frame__type_support.c
-- Up-to-date: /home/alyazahrarr/tubesss/tubes_dagoz/install/can_msgs/include/can_msgs/can_msgs/msg/detail/frame__rosidl_typesupport_introspection_c.h
-- Up-to-date: /home/alyazahrarr/tubesss/tubes_dagoz/install/can_msgs/include/can_msgs/can_msgs/msg/rosidl_typesupport_introspection_c__visibility_control.h
-- Installing: /home/alyazahrarr/tubesss/tubes_dagoz/install/can_msgs/lib/libcan_msgs__rosidl_typesupport_introspection_c.so
-- Set non-toolchain portion of runtime path of "/home/alyazahrarr/tubesss/tubes_dagoz/install/can_msgs/lib/libcan_msgs__rosidl_typesupport_introspection_c.so" to ""
-- Installing: /home/alyazahrarr/tubesss/tubes_dagoz/install/can_msgs/lib/libcan_msgs__rosidl_typesupport_c.so
-- Set non-toolchain portion of runtime path of "/home/alyazahrarr/tubesss/tubes_dagoz/install/can_msgs/lib/libcan_msgs__rosidl_typesupport_c.so" to ""
-- Up-to-date: /home/alyazahrarr/tubesss/tubes_dagoz/install/can_msgs/include/can_msgs/can_msgs
-- Up-to-date: /home/alyazahrarr/tubesss/tubes_dagoz/install/can_msgs/include/can_msgs/can_msgs/msg
-- Up-to-date: /home/alyazahrarr/tubesss/tubes_dagoz/install/can_msgs/include/can_msgs/can_msgs/msg/detail
-- Up-to-date: /home/alyazahrarr/tubesss/tubes_dagoz/install/can_msgs/include/can_msgs/can_msgs/msg/detail/frame__type_support.hpp
-- Up-to-date: /home/alyazahrarr/tubesss/tubes_dagoz/install/can_msgs/include/can_msgs/can_msgs/msg/detail/frame__builder.hpp
-- Up-to-date: /home/alyazahrarr/tubesss/tubes_dagoz/install/can_msgs/include/can_msgs/can_msgs/msg/detail/frame__traits.hpp
-- Up-to-date: /home/alyazahrarr/tubesss/tubes_dagoz/install/can_msgs/include/can_msgs/can_msgs/msg/detail/frame__struct.hpp
-- Up-to-date: /home/alyazahrarr/tubesss/tubes_dagoz/install/can_msgs/include/can_msgs/can_msgs/msg/frame.hpp
-- Up-to-date: /home/alyazahrarr/tubesss/tubes_dagoz/install/can_msgs/include/can_msgs/can_msgs/msg/rosidl_generator_cpp__visibility_control.hpp
-- Up-to-date: /home/alyazahrarr/tubesss/tubes_dagoz/install/can_msgs/include/can_msgs/can_msgs
-- Up-to-date: /home/alyazahrarr/tubesss/tubes_dagoz/install/can_msgs/include/can_msgs/can_msgs/msg
-- Up-to-date: /home/alyazahrarr/tubesss/tubes_dagoz/install/can_msgs/include/can_msgs/can_msgs/msg/detail
-- Up-to-date: /home/alyazahrarr/tubesss/tubes_dagoz/install/can_msgs/include/can_msgs/can_msgs/msg/detail/dds_fastrtps
-- Up-to-date: /home/alyazahrarr/tubesss/tubes_dagoz/install/can_msgs/include/can_msgs/can_msgs/msg/detail/frame__rosidl_typesupport_fastrtps_cpp.hpp
-- Up-to-date: /home/alyazahrarr/tubesss/tubes_dagoz/install/can_msgs/include/can_msgs/can_msgs/msg/rosidl_typesupport_fastrtps_cpp__visibility_control.h
-- Installing: /home/alyazahrarr/tubesss/tubes_dagoz/install/can_msgs/lib/libcan_msgs__rosidl_typesupport_fastrtps_cpp.so
-- Set non-toolchain portion of runtime path of "/home/alyazahrarr/tubesss/tubes_dagoz/install/can_msgs/lib/libcan_msgs__rosidl_typesupport_fastrtps_cpp.so" to ""
-- Up-to-date: /home/alyazahrarr/tubesss/tubes_dagoz/install/can_msgs/include/can_msgs/can_msgs
-- Up-to-date: /home/alyazahrarr/tubesss/tubes_dagoz/install/can_msgs/include/can_msgs/can_msgs/msg
-- Up-to-date: /home/alyazahrarr/tubesss/tubes_dagoz/install/can_msgs/include/can_msgs/can_msgs/msg/detail
-- Up-to-date: /home/alyazahrarr/tubesss/tubes_dagoz/install/can_msgs/include/can_msgs/can_msgs/msg/detail/frame__type_support.cpp
-- Up-to-date: /home/alyazahrarr/tubesss/tubes_dagoz/install/can_msgs/include/can_msgs/can_msgs/msg/detail/frame__rosidl_typesupport_introspection_cpp.hpp
-- Installing: /home/alyazahrarr/tubesss/tubes_dagoz/install/can_msgs/lib/libcan_msgs__rosidl_typesupport_introspection_cpp.so
-- Set non-toolchain portion of runtime path of "/home/alyazahrarr/tubesss/tubes_dagoz/install/can_msgs/lib/libcan_msgs__rosidl_typesupport_introspection_cpp.so" to ""
-- Installing: /home/alyazahrarr/tubesss/tubes_dagoz/install/can_msgs/lib/libcan_msgs__rosidl_typesupport_cpp.so
-- Set non-toolchain portion of runtime path of "/home/alyazahrarr/tubesss/tubes_dagoz/install/can_msgs/lib/libcan_msgs__rosidl_typesupport_cpp.so" to ""
-- Up-to-date: /home/alyazahrarr/tubesss/tubes_dagoz/install/can_msgs/share/can_msgs/environment/pythonpath.sh
-- Up-to-date: /home/alyazahrarr/tubesss/tubes_dagoz/install/can_msgs/share/can_msgs/environment/pythonpath.dsv
-- Up-to-date: /home/alyazahrarr/tubesss/tubes_dagoz/install/can_msgs/lib/python3.12/site-packages/can_msgs-2.0.0-py3.12.egg-info
-- Installing: /home/alyazahrarr/tubesss/tubes_dagoz/install/can_msgs/lib/python3.12/site-packages/can_msgs-2.0.0-py3.12.egg-info/dependency_links.txt
-- Installing: /home/alyazahrarr/tubesss/tubes_dagoz/install/can_msgs/lib/python3.12/site-packages/can_msgs-2.0.0-py3.12.egg-info/SOURCES.txt
-- Installing: /home/alyazahrarr/tubesss/tubes_dagoz/install/can_msgs/lib/python3.12/site-packages/can_msgs-2.0.0-py3.12.egg-info/PKG-INFO
-- Installing: /home/alyazahrarr/tubesss/tubes_dagoz/install/can_msgs/lib/python3.12/site-packages/can_msgs-2.0.0-py3.12.egg-info/top_level.txt
-- Up-to-date: /home/alyazahrarr/tubesss/tubes_dagoz/install/can_msgs/lib/python3.12/site-packages/can_msgs
-- Up-to-date: /home/alyazahrarr/tubesss/tubes_dagoz/install/can_msgs/lib/python3.12/site-packages/can_msgs/_can_msgs_s.ep.rosidl_typesupport_c.c
-- Installing: /home/alyazahrarr/tubesss/tubes_dagoz/install/can_msgs/lib/python3.12/site-packages/can_msgs/can_msgs_s__rosidl_typesupport_introspection_c.so
-- Up-to-date: /home/alyazahrarr/tubesss/tubes_dagoz/install/can_msgs/lib/python3.12/site-packages/can_msgs/_can_msgs_s.ep.rosidl_typesupport_fastrtps_c.c
-- Installing: /home/alyazahrarr/tubesss/tubes_dagoz/install/can_msgs/lib/python3.12/site-packages/can_msgs/__init__.py
-- Installing: /home/alyazahrarr/tubesss/tubes_dagoz/install/can_msgs/lib/python3.12/site-packages/can_msgs/can_msgs_s__rosidl_typesupport_fastrtps_c.so
-- Up-to-date: /home/alyazahrarr/tubesss/tubes_dagoz/install/can_msgs/lib/python3.12/site-packages/can_msgs/_can_msgs_s.ep.rosidl_typesupport_introspection_c.c
-- Installing: /home/alyazahrarr/tubesss/tubes_dagoz/install/can_msgs/lib/python3.12/site-packages/can_msgs/can_msgs_s__rosidl_typesupport_c.so
-- Up-to-date: /home/alyazahrarr/tubesss/tubes_dagoz/install/can_msgs/lib/python3.12/site-packages/can_msgs/msg
-- Up-to-date: /home/alyazahrarr/tubesss/tubes_dagoz/install/can_msgs/lib/python3.12/site-packages/can_msgs/msg/__init__.py
-- Up-to-date: /home/alyazahrarr/tubesss/tubes_dagoz/install/can_msgs/lib/python3.12/site-packages/can_msgs/msg/_frame_s.c
-- Up-to-date: /home/alyazahrarr/tubesss/tubes_dagoz/install/can_msgs/lib/python3.12/site-packages/can_msgs/msg/_frame.py
Listing '/home/alyazahrarr/tubesss/tubes_dagoz/install/can_msgs/lib/python3.12/site-packages/can_msgs'...
Compiling '/home/alyazahrarr/tubesss/tubes_dagoz/install/can_msgs/lib/python3.12/site-packages/can_msgs/__init__.py'...
Listing '/home/alyazahrarr/tubesss/tubes_dagoz/install/can_msgs/lib/python3.12/site-packages/can_msgs/msg'...
-- Installing: /home/alyazahrarr/tubesss/tubes_dagoz/install/can_msgs/lib/python3.12/site-packages/can_msgs/can_msgs_s__rosidl_typesupport_fastrtps_c.so
-- Set non-toolchain portion of runtime path of "/home/alyazahrarr/tubesss/tubes_dagoz/install/can_msgs/lib/python3.12/site-packages/can_msgs/can_msgs_s__rosidl_typesupport_fastrtps_c.so" to ""
-- Installing: /home/alyazahrarr/tubesss/tubes_dagoz/install/can_msgs/lib/python3.12/site-packages/can_msgs/can_msgs_s__rosidl_typesupport_introspection_c.so
-- Set non-toolchain portion of runtime path of "/home/alyazahrarr/tubesss/tubes_dagoz/install/can_msgs/lib/python3.12/site-packages/can_msgs/can_msgs_s__rosidl_typesupport_introspection_c.so" to ""
-- Installing: /home/alyazahrarr/tubesss/tubes_dagoz/install/can_msgs/lib/python3.12/site-packages/can_msgs/can_msgs_s__rosidl_typesupport_c.so
-- Set non-toolchain portion of runtime path of "/home/alyazahrarr/tubesss/tubes_dagoz/install/can_msgs/lib/python3.12/site-packages/can_msgs/can_msgs_s__rosidl_typesupport_c.so" to ""
-- Installing: /home/alyazahrarr/tubesss/tubes_dagoz/install/can_msgs/lib/libcan_msgs__rosidl_generator_py.so
-- Set non-toolchain portion of runtime path of "/home/alyazahrarr/tubesss/tubes_dagoz/install/can_msgs/lib/libcan_msgs__rosidl_generator_py.so" to ""
-- Up-to-date: /home/alyazahrarr/tubesss/tubes_dagoz/install/can_msgs/share/can_msgs/msg/Frame.idl
-- Up-to-date: /home/alyazahrarr/tubesss/tubes_dagoz/install/can_msgs/share/can_msgs/msg/Frame.msg
-- Up-to-date: /home/alyazahrarr/tubesss/tubes_dagoz/install/can_msgs/share/ament_index/resource_index/package_run_dependencies/can_msgs
-- Up-to-date: /home/alyazahrarr/tubesss/tubes_dagoz/install/can_msgs/share/ament_index/resource_index/parent_prefix_path/can_msgs
-- Up-to-date: /home/alyazahrarr/tubesss/tubes_dagoz/install/can_msgs/share/can_msgs/environment/ament_prefix_path.sh
-- Up-to-date: /home/alyazahrarr/tubesss/tubes_dagoz/install/can_msgs/share/can_msgs/environment/ament_prefix_path.dsv
-- Up-to-date: /home/alyazahrarr/tubesss/tubes_dagoz/install/can_msgs/share/can_msgs/environment/path.sh
-- Up-to-date: /home/alyazahrarr/tubesss/tubes_dagoz/install/can_msgs/share/can_msgs/environment/path.dsv
-- Up-to-date: /home/alyazahrarr/tubesss/tubes_dagoz/install/can_msgs/share/can_msgs/local_setup.bash
-- Up-to-date: /home/alyazahrarr/tubesss/tubes_dagoz/install/can_msgs/share/can_msgs/local_setup.sh
-- Up-to-date: /home/alyazahrarr/tubesss/tubes_dagoz/install/can_msgs/share/can_msgs/local_setup.zsh
-- Up-to-date: /home/alyazahrarr/tubesss/tubes_dagoz/install/can_msgs/share/can_msgs/local_setup.dsv
-- Installing: /home/alyazahrarr/tubesss/tubes_dagoz/install/can_msgs/share/can_msgs/package.dsv
-- Up-to-date: /home/alyazahrarr/tubesss/tubes_dagoz/install/can_msgs/share/ament_index/resource_index/packages/can_msgs
-- Up-to-date: /home/alyazahrarr/tubesss/tubes_dagoz/install/can_msgs/share/can_msgs/cmake/export_can_msgs__rosidl_generator_cExport.cmake
-- Up-to-date: /home/alyazahrarr/tubesss/tubes_dagoz/install/can_msgs/share/can_msgs/cmake/export_can_msgs__rosidl_generator_cExport-noconfig.cmake
-- Up-to-date: /home/alyazahrarr/tubesss/tubes_dagoz/install/can_msgs/share/can_msgs/cmake/export_can_msgs__rosidl_typesupport_fastrtps_cExport.cmake
-- Up-to-date: /home/alyazahrarr/tubesss/tubes_dagoz/install/can_msgs/share/can_msgs/cmake/export_can_msgs__rosidl_typesupport_fastrtps_cExport-noconfig.cmake
-- Up-to-date: /home/alyazahrarr/tubesss/tubes_dagoz/install/can_msgs/share/can_msgs/cmake/can_msgs__rosidl_typesupport_introspection_cExport.cmake
-- Up-to-date: /home/alyazahrarr/tubesss/tubes_dagoz/install/can_msgs/share/can_msgs/cmake/can_msgs__rosidl_typesupport_introspection_cExport-noconfig.cmake
-- Up-to-date: /home/alyazahrarr/tubesss/tubes_dagoz/install/can_msgs/share/can_msgs/cmake/can_msgs__rosidl_typesupport_cExport.cmake
-- Up-to-date: /home/alyazahrarr/tubesss/tubes_dagoz/install/can_msgs/share/can_msgs/cmake/can_msgs__rosidl_typesupport_cExport-noconfig.cmake
-- Up-to-date: /home/alyazahrarr/tubesss/tubes_dagoz/install/can_msgs/share/can_msgs/cmake/export_can_msgs__rosidl_generator_cppExport.cmake
-- Up-to-date: /home/alyazahrarr/tubesss/tubes_dagoz/install/can_msgs/share/can_msgs/cmake/export_can_msgs__rosidl_typesupport_fastrtps_cppExport.cmake
-- Up-to-date: /home/alyazahrarr/tubesss/tubes_dagoz/install/can_msgs/share/can_msgs/cmake/export_can_msgs__rosidl_typesupport_fastrtps_cppExport-noconfig.cmake
-- Up-to-date: /home/alyazahrarr/tubesss/tubes_dagoz/install/can_msgs/share/can_msgs/cmake/can_msgs__rosidl_typesupport_introspection_cppExport.cmake
-- Up-to-date: /home/alyazahrarr/tubesss/tubes_dagoz/install/can_msgs/share/can_msgs/cmake/can_msgs__rosidl_typesupport_introspection_cppExport-noconfig.cmake
-- Up-to-date: /home/alyazahrarr/tubesss/tubes_dagoz/install/can_msgs/share/can_msgs/cmake/can_msgs__rosidl_typesupport_cppExport.cmake
-- Up-to-date: /home/alyazahrarr/tubesss/tubes_dagoz/install/can_msgs/share/can_msgs/cmake/can_msgs__rosidl_typesupport_cppExport-noconfig.cmake
-- Up-to-date: /home/alyazahrarr/tubesss/tubes_dagoz/install/can_msgs/share/can_msgs/cmake/export_can_msgs__rosidl_generator_pyExport.cmake
-- Up-to-date: /home/alyazahrarr/tubesss/tubes_dagoz/install/can_msgs/share/can_msgs/cmake/export_can_msgs__rosidl_generator_pyExport-noconfig.cmake
-- Up-to-date: /home/alyazahrarr/tubesss/tubes_dagoz/install/can_msgs/share/can_msgs/cmake/rosidl_cmake-extras.cmake
-- Up-to-date: /home/alyazahrarr/tubesss/tubes_dagoz/install/can_msgs/share/can_msgs/cmake/ament_cmake_export_dependencies-extras.cmake
-- Up-to-date: /home/alyazahrarr/tubesss/tubes_dagoz/install/can_msgs/share/can_msgs/cmake/ament_cmake_export_include_directories-extras.cmake
-- Up-to-date: /home/alyazahrarr/tubesss/tubes_dagoz/install/can_msgs/share/can_msgs/cmake/ament_cmake_export_libraries-extras.cmake
-- Up-to-date: /home/alyazahrarr/tubesss/tubes_dagoz/install/can_msgs/share/can_msgs/cmake/ament_cmake_export_targets-extras.cmake
-- Up-to-date: /home/alyazahrarr/tubesss/tubes_dagoz/install/can_msgs/share/can_msgs/cmake/rosidl_cmake_export_typesupport_targets-extras.cmake
-- Up-to-date: /home/alyazahrarr/tubesss/tubes_dagoz/install/can_msgs/share/can_msgs/cmake/rosidl_cmake_export_typesupport_libraries-extras.cmake
-- Up-to-date: /home/alyazahrarr/tubesss/tubes_dagoz/install/can_msgs/share/can_msgs/cmake/can_msgsConfig.cmake
-- Up-to-date: /home/alyazahrarr/tubesss/tubes_dagoz/install/can_msgs/share/can_msgs/cmake/can_msgsConfig-version.cmake
-- Up-to-date: /home/alyazahrarr/tubesss/tubes_dagoz/install/can_msgs/share/can_msgs/package.xml
