[0.016s] Invoking command in '/home/adha/belajar/ws1/build/control': AMENT_PREFIX_PATH=/home/adha/belajar/ws1/install/ros2_socketcan:/home/adha/belajar/ws1/install/ros2_socketcan_msgs:/home/adha/belajar/ws1/install/msgs:/home/adha/belajar/ws1/install/can_msgs:${AMENT_PREFIX_PATH} CMAKE_PREFIX_PATH=/home/adha/belajar/ws1/install/ros2_socketcan:/home/adha/belajar/ws1/install/ros2_socketcan_msgs:/home/adha/belajar/ws1/install/msgs:/home/adha/belajar/ws1/install/can_msgs:/opt/ros/jazzy/opt/gz_math_vendor:/opt/ros/jazzy/opt/gz_utils_vendor:/opt/ros/jazzy/opt/gz_cmake_vendor:/opt/ros/jazzy DEBUGINFOD_URLS=https://debuginfod.ubuntu.com LD_LIBRARY_PATH=/home/adha/belajar/ws1/install/ros2_socketcan/lib:/home/adha/belajar/ws1/install/ros2_socketcan_msgs/lib:/home/adha/belajar/ws1/install/msgs/lib:/home/adha/belajar/ws1/install/can_msgs/lib:${LD_LIBRARY_PATH} PYTHONPATH=/home/adha/belajar/ws1/install/ros2_socketcan_msgs/lib/python3.12/site-packages:/home/adha/belajar/ws1/install/msgs/lib/python3.12/site-packages:/home/adha/belajar/ws1/install/can_msgs/lib/python3.12/site-packages:${PYTHONPATH} /usr/bin/cmake --build /home/adha/belajar/ws1/build/control -- -j12 -l12
[0.070s] [ 25%] [32mBuilding CXX object CMakeFiles/keyboard_input.dir/src/keyboard_input.cpp.o[0m
[0.074s] [ 75%] Built target translator_node
[3.538s] [100%] [32m[1mLinking CXX executable keyboard_input[0m
[3.694s] [100%] Built target keyboard_input
[3.704s] Invoked command in '/home/adha/belajar/ws1/build/control' returned '0': AMENT_PREFIX_PATH=/home/adha/belajar/ws1/install/ros2_socketcan:/home/adha/belajar/ws1/install/ros2_socketcan_msgs:/home/adha/belajar/ws1/install/msgs:/home/adha/belajar/ws1/install/can_msgs:${AMENT_PREFIX_PATH} CMAKE_PREFIX_PATH=/home/adha/belajar/ws1/install/ros2_socketcan:/home/adha/belajar/ws1/install/ros2_socketcan_msgs:/home/adha/belajar/ws1/install/msgs:/home/adha/belajar/ws1/install/can_msgs:/opt/ros/jazzy/opt/gz_math_vendor:/opt/ros/jazzy/opt/gz_utils_vendor:/opt/ros/jazzy/opt/gz_cmake_vendor:/opt/ros/jazzy DEBUGINFOD_URLS=https://debuginfod.ubuntu.com LD_LIBRARY_PATH=/home/adha/belajar/ws1/install/ros2_socketcan/lib:/home/adha/belajar/ws1/install/ros2_socketcan_msgs/lib:/home/adha/belajar/ws1/install/msgs/lib:/home/adha/belajar/ws1/install/can_msgs/lib:${LD_LIBRARY_PATH} PYTHONPATH=/home/adha/belajar/ws1/install/ros2_socketcan_msgs/lib/python3.12/site-packages:/home/adha/belajar/ws1/install/msgs/lib/python3.12/site-packages:/home/adha/belajar/ws1/install/can_msgs/lib/python3.12/site-packages:${PYTHONPATH} /usr/bin/cmake --build /home/adha/belajar/ws1/build/control -- -j12 -l12
[3.731s] Invoking command in '/home/adha/belajar/ws1/build/control': AMENT_PREFIX_PATH=/home/adha/belajar/ws1/install/ros2_socketcan:/home/adha/belajar/ws1/install/ros2_socketcan_msgs:/home/adha/belajar/ws1/install/msgs:/home/adha/belajar/ws1/install/can_msgs:${AMENT_PREFIX_PATH} CMAKE_PREFIX_PATH=/home/adha/belajar/ws1/install/ros2_socketcan:/home/adha/belajar/ws1/install/ros2_socketcan_msgs:/home/adha/belajar/ws1/install/msgs:/home/adha/belajar/ws1/install/can_msgs:/opt/ros/jazzy/opt/gz_math_vendor:/opt/ros/jazzy/opt/gz_utils_vendor:/opt/ros/jazzy/opt/gz_cmake_vendor:/opt/ros/jazzy DEBUGINFOD_URLS=https://debuginfod.ubuntu.com LD_LIBRARY_PATH=/home/adha/belajar/ws1/install/ros2_socketcan/lib:/home/adha/belajar/ws1/install/ros2_socketcan_msgs/lib:/home/adha/belajar/ws1/install/msgs/lib:/home/adha/belajar/ws1/install/can_msgs/lib:${LD_LIBRARY_PATH} PYTHONPATH=/home/adha/belajar/ws1/install/ros2_socketcan_msgs/lib/python3.12/site-packages:/home/adha/belajar/ws1/install/msgs/lib/python3.12/site-packages:/home/adha/belajar/ws1/install/can_msgs/lib/python3.12/site-packages:${PYTHONPATH} /usr/bin/cmake --install /home/adha/belajar/ws1/build/control
[3.738s] -- Install configuration: ""
[3.738s] -- Installing: /home/adha/belajar/ws1/install/control/lib/control/keyboard_input
[3.739s] -- Set non-toolchain portion of runtime path of "/home/adha/belajar/ws1/install/control/lib/control/keyboard_input" to ""
[3.739s] -- Up-to-date: /home/adha/belajar/ws1/install/control/lib/control/translator_node
[3.739s] -- Up-to-date: /home/adha/belajar/ws1/install/control/share/ament_index/resource_index/package_run_dependencies/control
[3.739s] -- Up-to-date: /home/adha/belajar/ws1/install/control/share/ament_index/resource_index/parent_prefix_path/control
[3.740s] -- Up-to-date: /home/adha/belajar/ws1/install/control/share/control/environment/ament_prefix_path.sh
[3.740s] -- Up-to-date: /home/adha/belajar/ws1/install/control/share/control/environment/ament_prefix_path.dsv
[3.740s] -- Up-to-date: /home/adha/belajar/ws1/install/control/share/control/environment/path.sh
[3.740s] -- Up-to-date: /home/adha/belajar/ws1/install/control/share/control/environment/path.dsv
[3.740s] -- Up-to-date: /home/adha/belajar/ws1/install/control/share/control/local_setup.bash
[3.740s] -- Up-to-date: /home/adha/belajar/ws1/install/control/share/control/local_setup.sh
[3.740s] -- Up-to-date: /home/adha/belajar/ws1/install/control/share/control/local_setup.zsh
[3.741s] -- Up-to-date: /home/adha/belajar/ws1/install/control/share/control/local_setup.dsv
[3.741s] -- Installing: /home/adha/belajar/ws1/install/control/share/control/package.dsv
[3.741s] -- Up-to-date: /home/adha/belajar/ws1/install/control/share/ament_index/resource_index/packages/control
[3.741s] -- Up-to-date: /home/adha/belajar/ws1/install/control/share/control/cmake/controlConfig.cmake
[3.741s] -- Up-to-date: /home/adha/belajar/ws1/install/control/share/control/cmake/controlConfig-version.cmake
[3.741s] -- Up-to-date: /home/adha/belajar/ws1/install/control/share/control/package.xml
[3.742s] Invoked command in '/home/adha/belajar/ws1/build/control' returned '0': AMENT_PREFIX_PATH=/home/adha/belajar/ws1/install/ros2_socketcan:/home/adha/belajar/ws1/install/ros2_socketcan_msgs:/home/adha/belajar/ws1/install/msgs:/home/adha/belajar/ws1/install/can_msgs:${AMENT_PREFIX_PATH} CMAKE_PREFIX_PATH=/home/adha/belajar/ws1/install/ros2_socketcan:/home/adha/belajar/ws1/install/ros2_socketcan_msgs:/home/adha/belajar/ws1/install/msgs:/home/adha/belajar/ws1/install/can_msgs:/opt/ros/jazzy/opt/gz_math_vendor:/opt/ros/jazzy/opt/gz_utils_vendor:/opt/ros/jazzy/opt/gz_cmake_vendor:/opt/ros/jazzy DEBUGINFOD_URLS=https://debuginfod.ubuntu.com LD_LIBRARY_PATH=/home/adha/belajar/ws1/install/ros2_socketcan/lib:/home/adha/belajar/ws1/install/ros2_socketcan_msgs/lib:/home/adha/belajar/ws1/install/msgs/lib:/home/adha/belajar/ws1/install/can_msgs/lib:${LD_LIBRARY_PATH} PYTHONPATH=/home/adha/belajar/ws1/install/ros2_socketcan_msgs/lib/python3.12/site-packages:/home/adha/belajar/ws1/install/msgs/lib/python3.12/site-packages:/home/adha/belajar/ws1/install/can_msgs/lib/python3.12/site-packages:${PYTHONPATH} /usr/bin/cmake --install /home/adha/belajar/ws1/build/control
