[0.029s] Invoking command in '/home/adha/belajar/ws1/build/ros2_socketcan_msgs': CMAKE_PREFIX_PATH=${CMAKE_PREFIX_PATH}:/opt/ros/jazzy DEBUGINFOD_URLS=https://debuginfod.ubuntu.com /usr/bin/cmake --build /home/adha/belajar/ws1/build/ros2_socketcan_msgs -- -j12 -l12
[0.148s] [  2%] Built target ros2_socketcan_msgs__rosidl_generator_type_description
[0.177s] [  2%] Built target ament_cmake_python_copy_ros2_socketcan_msgs
[0.210s] [  5%] Built target ros2_socketcan_msgs__cpp
[0.220s] [ 20%] Built target ros2_socketcan_msgs__rosidl_generator_c
[0.324s] [ 29%] Built target ros2_socketcan_msgs__rosidl_typesupport_cpp
[0.340s] [ 38%] Built target ros2_socketcan_msgs__rosidl_typesupport_c
[0.346s] [ 47%] Built target ros2_socketcan_msgs__rosidl_typesupport_fastrtps_c
[0.352s] [ 55%] Built target ros2_socketcan_msgs__rosidl_typesupport_introspection_c
[0.353s] [ 64%] Built target ros2_socketcan_msgs__rosidl_typesupport_fastrtps_cpp
[0.354s] [ 73%] Built target ros2_socketcan_msgs__rosidl_typesupport_introspection_cpp
[0.405s] [ 73%] Built target ros2_socketcan_msgs
[0.457s] [ 76%] Built target ros2_socketcan_msgs__py
[0.517s] [ 82%] Built target ros2_socketcan_msgs__rosidl_generator_py
[0.584s] [ 88%] Built target ros2_socketcan_msgs_s__rosidl_typesupport_c
[0.585s] [ 94%] Built target ros2_socketcan_msgs_s__rosidl_typesupport_fastrtps_c
[0.587s] [100%] Built target ros2_socketcan_msgs_s__rosidl_typesupport_introspection_c
[0.682s] running egg_info
[0.719s] writing ros2_socketcan_msgs.egg-info/PKG-INFO
[0.720s] writing dependency_links to ros2_socketcan_msgs.egg-info/dependency_links.txt
[0.720s] writing top-level names to ros2_socketcan_msgs.egg-info/top_level.txt
[0.806s] reading manifest file 'ros2_socketcan_msgs.egg-info/SOURCES.txt'
[0.807s] writing manifest file 'ros2_socketcan_msgs.egg-info/SOURCES.txt'
[0.885s] [100%] Built target ament_cmake_python_build_ros2_socketcan_msgs_egg
[0.917s] Invoked command in '/home/adha/belajar/ws1/build/ros2_socketcan_msgs' returned '0': CMAKE_PREFIX_PATH=${CMAKE_PREFIX_PATH}:/opt/ros/jazzy DEBUGINFOD_URLS=https://debuginfod.ubuntu.com /usr/bin/cmake --build /home/adha/belajar/ws1/build/ros2_socketcan_msgs -- -j12 -l12
[1.063s] Invoking command in '/home/adha/belajar/ws1/build/ros2_socketcan_msgs': CMAKE_PREFIX_PATH=${CMAKE_PREFIX_PATH}:/opt/ros/jazzy DEBUGINFOD_URLS=https://debuginfod.ubuntu.com /usr/bin/cmake --install /home/adha/belajar/ws1/build/ros2_socketcan_msgs
[1.080s] -- Install configuration: ""
[1.087s] -- Up-to-date: /home/adha/belajar/ws1/install/ros2_socketcan_msgs/share/ament_index/resource_index/rosidl_interfaces/ros2_socketcan_msgs
[1.090s] -- Up-to-date: /home/adha/belajar/ws1/install/ros2_socketcan_msgs/share/ros2_socketcan_msgs/msg/FdFrame.json
[1.090s] -- Up-to-date: /home/adha/belajar/ws1/install/ros2_socketcan_msgs/include/ros2_socketcan_msgs/ros2_socketcan_msgs
[1.090s] -- Up-to-date: /home/adha/belajar/ws1/install/ros2_socketcan_msgs/include/ros2_socketcan_msgs/ros2_socketcan_msgs/msg
[1.090s] -- Up-to-date: /home/adha/belajar/ws1/install/ros2_socketcan_msgs/include/ros2_socketcan_msgs/ros2_socketcan_msgs/msg/fd_frame.h
[1.090s] -- Up-to-date: /home/adha/belajar/ws1/install/ros2_socketcan_msgs/include/ros2_socketcan_msgs/ros2_socketcan_msgs/msg/rosidl_generator_c__visibility_control.h
[1.090s] -- Up-to-date: /home/adha/belajar/ws1/install/ros2_socketcan_msgs/include/ros2_socketcan_msgs/ros2_socketcan_msgs/msg/detail
[1.091s] -- Up-to-date: /home/adha/belajar/ws1/install/ros2_socketcan_msgs/include/ros2_socketcan_msgs/ros2_socketcan_msgs/msg/detail/fd_frame__functions.h
[1.091s] -- Up-to-date: /home/adha/belajar/ws1/install/ros2_socketcan_msgs/include/ros2_socketcan_msgs/ros2_socketcan_msgs/msg/detail/fd_frame__type_support.h
[1.091s] -- Up-to-date: /home/adha/belajar/ws1/install/ros2_socketcan_msgs/include/ros2_socketcan_msgs/ros2_socketcan_msgs/msg/detail/fd_frame__description.c
[1.091s] -- Up-to-date: /home/adha/belajar/ws1/install/ros2_socketcan_msgs/include/ros2_socketcan_msgs/ros2_socketcan_msgs/msg/detail/fd_frame__functions.c
[1.091s] -- Up-to-date: /home/adha/belajar/ws1/install/ros2_socketcan_msgs/include/ros2_socketcan_msgs/ros2_socketcan_msgs/msg/detail/fd_frame__struct.h
[1.091s] -- Up-to-date: /home/adha/belajar/ws1/install/ros2_socketcan_msgs/include/ros2_socketcan_msgs/ros2_socketcan_msgs/msg/detail/fd_frame__type_support.c
[1.092s] -- Up-to-date: /home/adha/belajar/ws1/install/ros2_socketcan_msgs/share/ros2_socketcan_msgs/environment/library_path.sh
[1.092s] -- Up-to-date: /home/adha/belajar/ws1/install/ros2_socketcan_msgs/share/ros2_socketcan_msgs/environment/library_path.dsv
[1.092s] -- Up-to-date: /home/adha/belajar/ws1/install/ros2_socketcan_msgs/lib/libros2_socketcan_msgs__rosidl_generator_c.so
[1.092s] -- Up-to-date: /home/adha/belajar/ws1/install/ros2_socketcan_msgs/include/ros2_socketcan_msgs/ros2_socketcan_msgs
[1.092s] -- Up-to-date: /home/adha/belajar/ws1/install/ros2_socketcan_msgs/include/ros2_socketcan_msgs/ros2_socketcan_msgs/msg
[1.092s] -- Up-to-date: /home/adha/belajar/ws1/install/ros2_socketcan_msgs/include/ros2_socketcan_msgs/ros2_socketcan_msgs/msg/rosidl_typesupport_fastrtps_c__visibility_control.h
[1.092s] -- Up-to-date: /home/adha/belajar/ws1/install/ros2_socketcan_msgs/include/ros2_socketcan_msgs/ros2_socketcan_msgs/msg/detail
[1.093s] -- Up-to-date: /home/adha/belajar/ws1/install/ros2_socketcan_msgs/include/ros2_socketcan_msgs/ros2_socketcan_msgs/msg/detail/fd_frame__rosidl_typesupport_fastrtps_c.h
[1.093s] -- Up-to-date: /home/adha/belajar/ws1/install/ros2_socketcan_msgs/lib/libros2_socketcan_msgs__rosidl_typesupport_fastrtps_c.so
[1.093s] -- Up-to-date: /home/adha/belajar/ws1/install/ros2_socketcan_msgs/include/ros2_socketcan_msgs/ros2_socketcan_msgs
[1.093s] -- Up-to-date: /home/adha/belajar/ws1/install/ros2_socketcan_msgs/include/ros2_socketcan_msgs/ros2_socketcan_msgs/msg
[1.093s] -- Up-to-date: /home/adha/belajar/ws1/install/ros2_socketcan_msgs/include/ros2_socketcan_msgs/ros2_socketcan_msgs/msg/rosidl_typesupport_introspection_c__visibility_control.h
[1.093s] -- Up-to-date: /home/adha/belajar/ws1/install/ros2_socketcan_msgs/include/ros2_socketcan_msgs/ros2_socketcan_msgs/msg/detail
[1.094s] -- Up-to-date: /home/adha/belajar/ws1/install/ros2_socketcan_msgs/include/ros2_socketcan_msgs/ros2_socketcan_msgs/msg/detail/fd_frame__rosidl_typesupport_introspection_c.h
[1.094s] -- Up-to-date: /home/adha/belajar/ws1/install/ros2_socketcan_msgs/include/ros2_socketcan_msgs/ros2_socketcan_msgs/msg/detail/fd_frame__type_support.c
[1.094s] -- Up-to-date: /home/adha/belajar/ws1/install/ros2_socketcan_msgs/lib/libros2_socketcan_msgs__rosidl_typesupport_introspection_c.so
[1.094s] -- Up-to-date: /home/adha/belajar/ws1/install/ros2_socketcan_msgs/lib/libros2_socketcan_msgs__rosidl_typesupport_c.so
[1.094s] -- Up-to-date: /home/adha/belajar/ws1/install/ros2_socketcan_msgs/include/ros2_socketcan_msgs/ros2_socketcan_msgs
[1.094s] -- Up-to-date: /home/adha/belajar/ws1/install/ros2_socketcan_msgs/include/ros2_socketcan_msgs/ros2_socketcan_msgs/msg
[1.095s] -- Up-to-date: /home/adha/belajar/ws1/install/ros2_socketcan_msgs/include/ros2_socketcan_msgs/ros2_socketcan_msgs/msg/rosidl_generator_cpp__visibility_control.hpp
[1.095s] -- Up-to-date: /home/adha/belajar/ws1/install/ros2_socketcan_msgs/include/ros2_socketcan_msgs/ros2_socketcan_msgs/msg/fd_frame.hpp
[1.095s] -- Up-to-date: /home/adha/belajar/ws1/install/ros2_socketcan_msgs/include/ros2_socketcan_msgs/ros2_socketcan_msgs/msg/detail
[1.095s] -- Up-to-date: /home/adha/belajar/ws1/install/ros2_socketcan_msgs/include/ros2_socketcan_msgs/ros2_socketcan_msgs/msg/detail/fd_frame__builder.hpp
[1.095s] -- Up-to-date: /home/adha/belajar/ws1/install/ros2_socketcan_msgs/include/ros2_socketcan_msgs/ros2_socketcan_msgs/msg/detail/fd_frame__type_support.hpp
[1.095s] -- Up-to-date: /home/adha/belajar/ws1/install/ros2_socketcan_msgs/include/ros2_socketcan_msgs/ros2_socketcan_msgs/msg/detail/fd_frame__struct.hpp
[1.095s] -- Up-to-date: /home/adha/belajar/ws1/install/ros2_socketcan_msgs/include/ros2_socketcan_msgs/ros2_socketcan_msgs/msg/detail/fd_frame__traits.hpp
[1.096s] -- Up-to-date: /home/adha/belajar/ws1/install/ros2_socketcan_msgs/include/ros2_socketcan_msgs/ros2_socketcan_msgs
[1.096s] -- Up-to-date: /home/adha/belajar/ws1/install/ros2_socketcan_msgs/include/ros2_socketcan_msgs/ros2_socketcan_msgs/msg
[1.096s] -- Up-to-date: /home/adha/belajar/ws1/install/ros2_socketcan_msgs/include/ros2_socketcan_msgs/ros2_socketcan_msgs/msg/rosidl_typesupport_fastrtps_cpp__visibility_control.h
[1.096s] -- Up-to-date: /home/adha/belajar/ws1/install/ros2_socketcan_msgs/include/ros2_socketcan_msgs/ros2_socketcan_msgs/msg/detail
[1.096s] -- Up-to-date: /home/adha/belajar/ws1/install/ros2_socketcan_msgs/include/ros2_socketcan_msgs/ros2_socketcan_msgs/msg/detail/dds_fastrtps
[1.096s] -- Up-to-date: /home/adha/belajar/ws1/install/ros2_socketcan_msgs/include/ros2_socketcan_msgs/ros2_socketcan_msgs/msg/detail/fd_frame__rosidl_typesupport_fastrtps_cpp.hpp
[1.097s] -- Up-to-date: /home/adha/belajar/ws1/install/ros2_socketcan_msgs/lib/libros2_socketcan_msgs__rosidl_typesupport_fastrtps_cpp.so
[1.097s] -- Up-to-date: /home/adha/belajar/ws1/install/ros2_socketcan_msgs/include/ros2_socketcan_msgs/ros2_socketcan_msgs
[1.097s] -- Up-to-date: /home/adha/belajar/ws1/install/ros2_socketcan_msgs/include/ros2_socketcan_msgs/ros2_socketcan_msgs/msg
[1.097s] -- Up-to-date: /home/adha/belajar/ws1/install/ros2_socketcan_msgs/include/ros2_socketcan_msgs/ros2_socketcan_msgs/msg/detail
[1.097s] -- Up-to-date: /home/adha/belajar/ws1/install/ros2_socketcan_msgs/include/ros2_socketcan_msgs/ros2_socketcan_msgs/msg/detail/fd_frame__rosidl_typesupport_introspection_cpp.hpp
[1.097s] -- Up-to-date: /home/adha/belajar/ws1/install/ros2_socketcan_msgs/include/ros2_socketcan_msgs/ros2_socketcan_msgs/msg/detail/fd_frame__type_support.cpp
[1.097s] -- Up-to-date: /home/adha/belajar/ws1/install/ros2_socketcan_msgs/lib/libros2_socketcan_msgs__rosidl_typesupport_introspection_cpp.so
[1.097s] -- Up-to-date: /home/adha/belajar/ws1/install/ros2_socketcan_msgs/lib/libros2_socketcan_msgs__rosidl_typesupport_cpp.so
[1.097s] -- Up-to-date: /home/adha/belajar/ws1/install/ros2_socketcan_msgs/share/ros2_socketcan_msgs/environment/pythonpath.sh
[1.098s] -- Up-to-date: /home/adha/belajar/ws1/install/ros2_socketcan_msgs/share/ros2_socketcan_msgs/environment/pythonpath.dsv
[1.098s] -- Up-to-date: /home/adha/belajar/ws1/install/ros2_socketcan_msgs/lib/python3.12/site-packages/ros2_socketcan_msgs-1.3.0-py3.12.egg-info
[1.098s] -- Installing: /home/adha/belajar/ws1/install/ros2_socketcan_msgs/lib/python3.12/site-packages/ros2_socketcan_msgs-1.3.0-py3.12.egg-info/dependency_links.txt
[1.098s] -- Installing: /home/adha/belajar/ws1/install/ros2_socketcan_msgs/lib/python3.12/site-packages/ros2_socketcan_msgs-1.3.0-py3.12.egg-info/top_level.txt
[1.098s] -- Installing: /home/adha/belajar/ws1/install/ros2_socketcan_msgs/lib/python3.12/site-packages/ros2_socketcan_msgs-1.3.0-py3.12.egg-info/SOURCES.txt
[1.098s] -- Installing: /home/adha/belajar/ws1/install/ros2_socketcan_msgs/lib/python3.12/site-packages/ros2_socketcan_msgs-1.3.0-py3.12.egg-info/PKG-INFO
[1.098s] -- Up-to-date: /home/adha/belajar/ws1/install/ros2_socketcan_msgs/lib/python3.12/site-packages/ros2_socketcan_msgs
[1.098s] -- Up-to-date: /home/adha/belajar/ws1/install/ros2_socketcan_msgs/lib/python3.12/site-packages/ros2_socketcan_msgs/ros2_socketcan_msgs_s__rosidl_typesupport_c.so
[1.098s] -- Up-to-date: /home/adha/belajar/ws1/install/ros2_socketcan_msgs/lib/python3.12/site-packages/ros2_socketcan_msgs/msg
[1.098s] -- Up-to-date: /home/adha/belajar/ws1/install/ros2_socketcan_msgs/lib/python3.12/site-packages/ros2_socketcan_msgs/msg/_fd_frame.py
[1.099s] -- Up-to-date: /home/adha/belajar/ws1/install/ros2_socketcan_msgs/lib/python3.12/site-packages/ros2_socketcan_msgs/msg/_fd_frame_s.c
[1.099s] -- Up-to-date: /home/adha/belajar/ws1/install/ros2_socketcan_msgs/lib/python3.12/site-packages/ros2_socketcan_msgs/msg/__init__.py
[1.099s] -- Up-to-date: /home/adha/belajar/ws1/install/ros2_socketcan_msgs/lib/python3.12/site-packages/ros2_socketcan_msgs/_ros2_socketcan_msgs_s.ep.rosidl_typesupport_introspection_c.c
[1.099s] -- Up-to-date: /home/adha/belajar/ws1/install/ros2_socketcan_msgs/lib/python3.12/site-packages/ros2_socketcan_msgs/__init__.py
[1.099s] -- Up-to-date: /home/adha/belajar/ws1/install/ros2_socketcan_msgs/lib/python3.12/site-packages/ros2_socketcan_msgs/ros2_socketcan_msgs_s__rosidl_typesupport_fastrtps_c.so
[1.099s] -- Up-to-date: /home/adha/belajar/ws1/install/ros2_socketcan_msgs/lib/python3.12/site-packages/ros2_socketcan_msgs/_ros2_socketcan_msgs_s.ep.rosidl_typesupport_c.c
[1.099s] -- Up-to-date: /home/adha/belajar/ws1/install/ros2_socketcan_msgs/lib/python3.12/site-packages/ros2_socketcan_msgs/_ros2_socketcan_msgs_s.ep.rosidl_typesupport_fastrtps_c.c
[1.099s] -- Up-to-date: /home/adha/belajar/ws1/install/ros2_socketcan_msgs/lib/python3.12/site-packages/ros2_socketcan_msgs/ros2_socketcan_msgs_s__rosidl_typesupport_introspection_c.so
[1.162s] Listing '/home/adha/belajar/ws1/install/ros2_socketcan_msgs/lib/python3.12/site-packages/ros2_socketcan_msgs'...
[1.162s] Listing '/home/adha/belajar/ws1/install/ros2_socketcan_msgs/lib/python3.12/site-packages/ros2_socketcan_msgs/msg'...
[1.177s] -- Up-to-date: /home/adha/belajar/ws1/install/ros2_socketcan_msgs/lib/python3.12/site-packages/ros2_socketcan_msgs/ros2_socketcan_msgs_s__rosidl_typesupport_fastrtps_c.so
[1.177s] -- Up-to-date: /home/adha/belajar/ws1/install/ros2_socketcan_msgs/lib/python3.12/site-packages/ros2_socketcan_msgs/ros2_socketcan_msgs_s__rosidl_typesupport_introspection_c.so
[1.178s] -- Up-to-date: /home/adha/belajar/ws1/install/ros2_socketcan_msgs/lib/python3.12/site-packages/ros2_socketcan_msgs/ros2_socketcan_msgs_s__rosidl_typesupport_c.so
[1.178s] -- Up-to-date: /home/adha/belajar/ws1/install/ros2_socketcan_msgs/lib/libros2_socketcan_msgs__rosidl_generator_py.so
[1.179s] -- Up-to-date: /home/adha/belajar/ws1/install/ros2_socketcan_msgs/share/ros2_socketcan_msgs/msg/FdFrame.idl
[1.179s] -- Up-to-date: /home/adha/belajar/ws1/install/ros2_socketcan_msgs/share/ros2_socketcan_msgs/msg/FdFrame.msg
[1.179s] -- Up-to-date: /home/adha/belajar/ws1/install/ros2_socketcan_msgs/share/ament_index/resource_index/package_run_dependencies/ros2_socketcan_msgs
[1.179s] -- Up-to-date: /home/adha/belajar/ws1/install/ros2_socketcan_msgs/share/ament_index/resource_index/parent_prefix_path/ros2_socketcan_msgs
[1.179s] -- Up-to-date: /home/adha/belajar/ws1/install/ros2_socketcan_msgs/share/ros2_socketcan_msgs/environment/ament_prefix_path.sh
[1.179s] -- Up-to-date: /home/adha/belajar/ws1/install/ros2_socketcan_msgs/share/ros2_socketcan_msgs/environment/ament_prefix_path.dsv
[1.179s] -- Up-to-date: /home/adha/belajar/ws1/install/ros2_socketcan_msgs/share/ros2_socketcan_msgs/environment/path.sh
[1.179s] -- Up-to-date: /home/adha/belajar/ws1/install/ros2_socketcan_msgs/share/ros2_socketcan_msgs/environment/path.dsv
[1.179s] -- Up-to-date: /home/adha/belajar/ws1/install/ros2_socketcan_msgs/share/ros2_socketcan_msgs/local_setup.bash
[1.180s] -- Up-to-date: /home/adha/belajar/ws1/install/ros2_socketcan_msgs/share/ros2_socketcan_msgs/local_setup.sh
[1.180s] -- Up-to-date: /home/adha/belajar/ws1/install/ros2_socketcan_msgs/share/ros2_socketcan_msgs/local_setup.zsh
[1.180s] -- Up-to-date: /home/adha/belajar/ws1/install/ros2_socketcan_msgs/share/ros2_socketcan_msgs/local_setup.dsv
[1.181s] -- Installing: /home/adha/belajar/ws1/install/ros2_socketcan_msgs/share/ros2_socketcan_msgs/package.dsv
[1.182s] -- Up-to-date: /home/adha/belajar/ws1/install/ros2_socketcan_msgs/share/ament_index/resource_index/packages/ros2_socketcan_msgs
[1.182s] -- Up-to-date: /home/adha/belajar/ws1/install/ros2_socketcan_msgs/share/ros2_socketcan_msgs/cmake/export_ros2_socketcan_msgs__rosidl_generator_cExport.cmake
[1.182s] -- Up-to-date: /home/adha/belajar/ws1/install/ros2_socketcan_msgs/share/ros2_socketcan_msgs/cmake/export_ros2_socketcan_msgs__rosidl_generator_cExport-noconfig.cmake
[1.182s] -- Up-to-date: /home/adha/belajar/ws1/install/ros2_socketcan_msgs/share/ros2_socketcan_msgs/cmake/export_ros2_socketcan_msgs__rosidl_typesupport_fastrtps_cExport.cmake
[1.182s] -- Up-to-date: /home/adha/belajar/ws1/install/ros2_socketcan_msgs/share/ros2_socketcan_msgs/cmake/export_ros2_socketcan_msgs__rosidl_typesupport_fastrtps_cExport-noconfig.cmake
[1.182s] -- Up-to-date: /home/adha/belajar/ws1/install/ros2_socketcan_msgs/share/ros2_socketcan_msgs/cmake/ros2_socketcan_msgs__rosidl_typesupport_introspection_cExport.cmake
[1.182s] -- Up-to-date: /home/adha/belajar/ws1/install/ros2_socketcan_msgs/share/ros2_socketcan_msgs/cmake/ros2_socketcan_msgs__rosidl_typesupport_introspection_cExport-noconfig.cmake
[1.183s] -- Up-to-date: /home/adha/belajar/ws1/install/ros2_socketcan_msgs/share/ros2_socketcan_msgs/cmake/ros2_socketcan_msgs__rosidl_typesupport_cExport.cmake
[1.183s] -- Up-to-date: /home/adha/belajar/ws1/install/ros2_socketcan_msgs/share/ros2_socketcan_msgs/cmake/ros2_socketcan_msgs__rosidl_typesupport_cExport-noconfig.cmake
[1.183s] -- Up-to-date: /home/adha/belajar/ws1/install/ros2_socketcan_msgs/share/ros2_socketcan_msgs/cmake/export_ros2_socketcan_msgs__rosidl_generator_cppExport.cmake
[1.183s] -- Up-to-date: /home/adha/belajar/ws1/install/ros2_socketcan_msgs/share/ros2_socketcan_msgs/cmake/export_ros2_socketcan_msgs__rosidl_typesupport_fastrtps_cppExport.cmake
[1.183s] -- Up-to-date: /home/adha/belajar/ws1/install/ros2_socketcan_msgs/share/ros2_socketcan_msgs/cmake/export_ros2_socketcan_msgs__rosidl_typesupport_fastrtps_cppExport-noconfig.cmake
[1.183s] -- Up-to-date: /home/adha/belajar/ws1/install/ros2_socketcan_msgs/share/ros2_socketcan_msgs/cmake/ros2_socketcan_msgs__rosidl_typesupport_introspection_cppExport.cmake
[1.183s] -- Up-to-date: /home/adha/belajar/ws1/install/ros2_socketcan_msgs/share/ros2_socketcan_msgs/cmake/ros2_socketcan_msgs__rosidl_typesupport_introspection_cppExport-noconfig.cmake
[1.183s] -- Up-to-date: /home/adha/belajar/ws1/install/ros2_socketcan_msgs/share/ros2_socketcan_msgs/cmake/ros2_socketcan_msgs__rosidl_typesupport_cppExport.cmake
[1.183s] -- Up-to-date: /home/adha/belajar/ws1/install/ros2_socketcan_msgs/share/ros2_socketcan_msgs/cmake/ros2_socketcan_msgs__rosidl_typesupport_cppExport-noconfig.cmake
[1.183s] -- Up-to-date: /home/adha/belajar/ws1/install/ros2_socketcan_msgs/share/ros2_socketcan_msgs/cmake/export_ros2_socketcan_msgs__rosidl_generator_pyExport.cmake
[1.183s] -- Up-to-date: /home/adha/belajar/ws1/install/ros2_socketcan_msgs/share/ros2_socketcan_msgs/cmake/export_ros2_socketcan_msgs__rosidl_generator_pyExport-noconfig.cmake
[1.184s] -- Up-to-date: /home/adha/belajar/ws1/install/ros2_socketcan_msgs/share/ros2_socketcan_msgs/cmake/rosidl_cmake-extras.cmake
[1.184s] -- Up-to-date: /home/adha/belajar/ws1/install/ros2_socketcan_msgs/share/ros2_socketcan_msgs/cmake/ament_cmake_export_dependencies-extras.cmake
[1.184s] -- Up-to-date: /home/adha/belajar/ws1/install/ros2_socketcan_msgs/share/ros2_socketcan_msgs/cmake/ament_cmake_export_include_directories-extras.cmake
[1.184s] -- Up-to-date: /home/adha/belajar/ws1/install/ros2_socketcan_msgs/share/ros2_socketcan_msgs/cmake/ament_cmake_export_libraries-extras.cmake
[1.184s] -- Up-to-date: /home/adha/belajar/ws1/install/ros2_socketcan_msgs/share/ros2_socketcan_msgs/cmake/ament_cmake_export_targets-extras.cmake
[1.184s] -- Up-to-date: /home/adha/belajar/ws1/install/ros2_socketcan_msgs/share/ros2_socketcan_msgs/cmake/rosidl_cmake_export_typesupport_targets-extras.cmake
[1.184s] -- Up-to-date: /home/adha/belajar/ws1/install/ros2_socketcan_msgs/share/ros2_socketcan_msgs/cmake/rosidl_cmake_export_typesupport_libraries-extras.cmake
[1.184s] -- Up-to-date: /home/adha/belajar/ws1/install/ros2_socketcan_msgs/share/ros2_socketcan_msgs/cmake/ros2_socketcan_msgsConfig.cmake
[1.184s] -- Up-to-date: /home/adha/belajar/ws1/install/ros2_socketcan_msgs/share/ros2_socketcan_msgs/cmake/ros2_socketcan_msgsConfig-version.cmake
[1.184s] -- Up-to-date: /home/adha/belajar/ws1/install/ros2_socketcan_msgs/share/ros2_socketcan_msgs/package.xml
[1.226s] Invoked command in '/home/adha/belajar/ws1/build/ros2_socketcan_msgs' returned '0': CMAKE_PREFIX_PATH=${CMAKE_PREFIX_PATH}:/opt/ros/jazzy DEBUGINFOD_URLS=https://debuginfod.ubuntu.com /usr/bin/cmake --install /home/adha/belajar/ws1/build/ros2_socketcan_msgs
