[ 50%] Built target keyboard_input
[ 75%] [32mBuilding CXX object CMakeFiles/translator_node.dir/src/translator_node.cpp.o[0m
[01m[K/home/alyazahrarr/tubes_dagoz/src/control/src/translator_node.cpp:66:2:[m[K [01;31m[Kerror: [m[Kexpected ‘[01m[K}[m[K’ at end of input
   66 | }
      |  [01;31m[K^[m[K
[01m[K/home/alyazahrarr/tubes_dagoz/src/control/src/translator_node.cpp:8:1:[m[K [01;36m[Knote: [m[Kto match this ‘[01m[K{[m[K’
    8 | [01;36m[K{[m[K
      | [01;36m[K^[m[K
[01m[K/home/alyazahrarr/tubes_dagoz/src/control/src/translator_node.cpp:[m[K In constructor ‘[01m[KTranslatorNode::[01;32m[KTranslatorNode[m[K()[m[K’:
[01m[K/home/alyazahrarr/tubes_dagoz/src/control/src/translator_node.cpp:17:5:[m[K [01;31m[Kerror: [m[K‘[01m[Ksubscription_[m[K’ was not declared in this scope; did you mean ‘[01m[Krmw_subscription_t[m[K’?
   17 |     [01;31m[Ksubscription_[m[K = this->create_subscription<geometry_msgs::msg::Twist>("cmd_vel", 10, topic_callback);
      |     [01;31m[K^~~~~~~~~~~~~[m[K
      |     [32m[Krmw_subscription_t[m[K
[01m[K/home/alyazahrarr/tubes_dagoz/src/control/src/translator_node.cpp:19:5:[m[K [01;31m[Kerror: [m[K‘[01m[Kpublisher_[m[K’ was not declared in this scope; did you mean ‘[01m[Krmw_publisher_t[m[K’?
   19 |     [01;31m[Kpublisher_[m[K = this->create_publisher<geometry_msgs::msg::Twist>("control/locomotion", 10);
      |     [01;31m[K^~~~~~~~~~[m[K
      |     [32m[Krmw_publisher_t[m[K
[01m[K/home/alyazahrarr/tubes_dagoz/src/control/src/translator_node.cpp:20:5:[m[K [01;31m[Kerror: [m[K‘[01m[Ktimer_[m[K’ was not declared in this scope; did you mean ‘[01m[Ktimer_t[m[K’?
   20 |     [01;31m[Ktimer_[m[K = this->create_wall_timer(
      |     [01;31m[K^~~~~~[m[K
      |     [32m[Ktimer_t[m[K
In file included from [01m[K/opt/ros/jazzy/include/rclcpp/rclcpp/utilities.hpp:19[m[K,
                 from [01m[K/opt/ros/jazzy/include/rclcpp/rclcpp/logging.hpp:25[m[K,
                 from [01m[K/opt/ros/jazzy/include/rclcpp/rclcpp/copy_all_parameter_values.hpp:27[m[K,
                 from [01m[K/opt/ros/jazzy/include/rclcpp/rclcpp/rclcpp.hpp:171[m[K,
                 from [01m[K/home/alyazahrarr/tubes_dagoz/src/control/src/translator_node.cpp:4[m[K:
/usr/include/c++/13/functional: In instantiation of ‘[01m[Kstruct std::_Bind_check_arity<void (TranslatorNode::*)(std::shared_ptr<geometry_msgs::msg::Twist_<std::allocator<void> > >), TranslatorNode*>[m[K’:
[01m[K/usr/include/c++/13/functional:859:12:[m[K   required from ‘[01m[Kstruct std::_Bind_helper<false, void (TranslatorNode::*)(std::shared_ptr<geometry_msgs::msg::Twist_<std::allocator<void> > >), TranslatorNode*>[m[K’
[01m[K/usr/include/c++/13/functional:881:5:[m[K   required by substitution of ‘[01m[Ktemplate<class _Func, class ... _BoundArgs> typename std::_Bind_helper<std::__is_socketlike<_Func>::value, _Func, _BoundArgs ...>::type std::[01;32m[Kbind[m[K(_Func&&, _BoundArgs&& ...) [35m[K[with _Func = void (TranslatorNode::*)(std::shared_ptr<geometry_msgs::msg::Twist_<std::allocator<void> > >); _BoundArgs = {TranslatorNode*}][m[K[m[K’
[01m[K/home/alyazahrarr/tubes_dagoz/src/control/src/translator_node.cpp:22:18:[m[K   required from here
[01m[K/usr/include/c++/13/functional:847:21:[m[K [01;31m[Kerror: [m[Kstatic assertion failed: Wrong number of arguments for pointer-to-member
  846 |       static_assert(_Varargs::[01;31m[Kvalue[m[K
      |                               [01;31m[K~~~~~[m[K
  847 | [01;31m[K                    ? sizeof...(_BoundArgs) >= _Arity::value + 1[m[K
      |                     [01;31m[K^~~~~~~~~~~~~~~~~~~~~~~~~~~~~~~~~~~~~~~~~~~~[m[K
  848 | [01;31m[K                    : sizeof...(_BoundArgs) == _Arity::value + 1[m[K,
      |                     [01;31m[K~~~~~~~~~~~~~~~~~~~~~~~~~~~~~~~~~~~~~~~~~~~~[m[K
[01m[K/usr/include/c++/13/functional:847:21:[m[K [01;36m[Knote: [m[K‘[01m[K(false ? (1 >= (((long unsigned int)std::integral_constant<long unsigned int, 1>::value) + 1)) : (1 == (((long unsigned int)std::integral_constant<long unsigned int, 1>::value) + 1)))[m[K’ evaluates to false
[01m[K/home/alyazahrarr/tubes_dagoz/src/control/src/translator_node.cpp:20:37:[m[K [01;31m[Kerror: [m[Kno matching function for call to ‘[01m[KTranslatorNode::create_wall_timer(std::chrono::milliseconds, std::_Bind_helper<false, void (TranslatorNode::*)(std::shared_ptr<geometry_msgs::msg::Twist_<std::allocator<void> > >), TranslatorNode*>::type)[m[K’
   20 |     timer_ = [01;31m[Kthis->create_wall_timer([m[K
      |              [01;31m[K~~~~~~~~~~~~~~~~~~~~~~~^[m[K
   21 | [01;31m[K        std::chrono::milliseconds(1000),[m[K
      |         [01;31m[K~~~~~~~~~~~~~~~~~~~~~~~~~~~~~~~~[m[K
   22 | [01;31m[K        std::bind(&TranslatorNode::cmd_vel_callback, this))[m[K;
      |         [01;31m[K~~~~~~~~~~~~~~~~~~~~~~~~~~~~~~~~~~~~~~~~~~~~~~~~~~~[m[K
In file included from [01m[K/opt/ros/jazzy/include/rclcpp/rclcpp/executors/single_threaded_executor.hpp:28[m[K,
                 from [01m[K/opt/ros/jazzy/include/rclcpp/rclcpp/executors.hpp:22[m[K,
                 from [01m[K/opt/ros/jazzy/include/rclcpp/rclcpp/rclcpp.hpp:172[m[K:
[01m[K/opt/ros/jazzy/include/rclcpp/rclcpp/node.hpp:241:3:[m[K [01;36m[Knote: [m[Kcandidate: ‘[01m[Ktemplate<class DurationRepT, class DurationT, class CallbackT> typename rclcpp::WallTimer<CallbackT>::SharedPtr rclcpp::Node::[01;32m[Kcreate_wall_timer[m[K(std::chrono::duration<_Rep1, _Period1>, CallbackT, rclcpp::CallbackGroup::SharedPtr, bool)[m[K’
  241 |   [01;36m[Kcreate_wall_timer[m[K(
      |   [01;36m[K^~~~~~~~~~~~~~~~~[m[K
[01m[K/opt/ros/jazzy/include/rclcpp/rclcpp/node.hpp:241:3:[m[K [01;36m[Knote: [m[K  template argument deduction/substitution failed:
In file included from [01m[K/opt/ros/jazzy/include/rclcpp/rclcpp/node.hpp:1663[m[K:
/opt/ros/jazzy/include/rclcpp/rclcpp/node_impl.hpp: In substitution of ‘[01m[Ktemplate<class DurationRepT, class DurationT, class CallbackT> typename rclcpp::WallTimer<CallbackT>::SharedPtr rclcpp::Node::[01;32m[Kcreate_wall_timer[m[K(std::chrono::duration<_Rep1, _Period1>, CallbackT, rclcpp::CallbackGroup::SharedPtr, bool) [35m[K[with DurationRepT = long int; DurationT = std::ratio<1, 1000>; CallbackT = std::_Bind<void (TranslatorNode::*(TranslatorNode*))(std::shared_ptr<geometry_msgs::msg::Twist_<std::allocator<void> > >)>][m[K[m[K’:
[01m[K/home/alyazahrarr/tubes_dagoz/src/control/src/translator_node.cpp:20:37:[m[K   required from here
[01m[K/opt/ros/jazzy/include/rclcpp/rclcpp/node_impl.hpp:110:1:[m[K [01;31m[Kerror: [m[Kno type named ‘[01m[Ktype[m[K’ in ‘[01m[Kstruct std::enable_if<false, void>[m[K’
  110 | [01;31m[KNode[m[K::create_wall_timer(
      | [01;31m[K^~~~[m[K
[01m[K/opt/ros/jazzy/include/rclcpp/rclcpp/node_impl.hpp:110:1:[m[K [01;31m[Kerror: [m[Kno type named ‘[01m[Ktype[m[K’ in ‘[01m[Kstruct std::enable_if<false, void>[m[K’
[01m[K/opt/ros/jazzy/include/rclcpp/rclcpp/node_impl.hpp:110:1:[m[K [01;36m[Knote: [m[Kinvalid template non-type parameter
[01m[K/home/alyazahrarr/tubes_dagoz/src/control/src/translator_node.cpp:[m[K In lambda function:
[01m[K/home/alyazahrarr/tubes_dagoz/src/control/src/translator_node.cpp:31:20:[m[K [01;31m[Kerror: [m[K‘[01m[Kini_buat_tes[m[K’ has not been declared
   31 |     auto message = [01;31m[Kini_buat_tes[m[K::msg::HardwareCommand();
      |                    [01;31m[K^~~~~~~~~~~~[m[K
[01m[K/home/alyazahrarr/tubes_dagoz/src/control/src/translator_node.cpp:52:5:[m[K [01;31m[Kerror: [m[K‘[01m[Kpublisher_[m[K’ was not declared in this scope; did you mean ‘[01m[Krmw_publisher_t[m[K’?
   52 |     [01;31m[Kpublisher_[m[K->publish(msg);
      |     [01;31m[K^~~~~~~~~~[m[K
      |     [32m[Krmw_publisher_t[m[K
[01m[K/home/alyazahrarr/tubes_dagoz/src/control/src/translator_node.cpp:[m[K In member function ‘[01m[Kvoid TranslatorNode::[01;32m[Kcmd_vel_callback[m[K(geometry_msgs::msg::Twist_<std::allocator<void> >::SharedPtr)[m[K’:
[01m[K/home/alyazahrarr/tubes_dagoz/src/control/src/translator_node.cpp:55:3:[m[K [01;31m[Kerror: [m[Kexpected ‘[01m[K;[m[K’ before ‘[01m[Krclcpp[m[K’
   55 |   [01;31m[Krclcpp[m[K::Publisher<geometry_msgs::msg::Twist>::SharedPtr publisher_;
      |   [01;31m[K^~~~~~[m[K
[01m[K/home/alyazahrarr/tubes_dagoz/src/control/src/translator_node.cpp:[m[K At global scope:
[01m[K/home/alyazahrarr/tubes_dagoz/src/control/src/translator_node.cpp:66:2:[m[K [01;31m[Kerror: [m[Kexpected unqualified-id at end of input
   66 | }
      |  [01;31m[K^[m[K
gmake[2]: *** [CMakeFiles/translator_node.dir/build.make:76: CMakeFiles/translator_node.dir/src/translator_node.cpp.o] Error 1
gmake[1]: *** [CMakeFiles/Makefile2:165: CMakeFiles/translator_node.dir/all] Error 2
gmake: *** [Makefile:146: all] Error 2
