[0.010s] Invoking command in '/home/adha/belajar/ws1/build/ros2_socketcan': CMAKE_PREFIX_PATH=/home/adha/belajar/ws1/install/ros2_socketcan_msgs:/home/adha/belajar/ws1/install/can_msgs:/home/adha/belajar/ws1/install/ros2_socketcan:/home/adha/belajar/ws1/install/control:/home/adha/belajar/ws1/install/msgs:/opt/ros/jazzy/opt/gz_math_vendor:/opt/ros/jazzy/opt/gz_utils_vendor:/opt/ros/jazzy/opt/gz_cmake_vendor:/opt/ros/jazzy DEBUGINFOD_URLS=https://debuginfod.ubuntu.com LD_LIBRARY_PATH=/home/adha/belajar/ws1/install/ros2_socketcan_msgs/lib:/home/adha/belajar/ws1/install/can_msgs/lib:/home/adha/belajar/ws1/install/ros2_socketcan/lib:/home/adha/belajar/ws1/install/msgs/lib:/opt/ros/jazzy/opt/rviz_ogre_vendor/lib:/opt/ros/jazzy/lib/x86_64-linux-gnu:/opt/ros/jazzy/opt/gz_math_vendor/lib:/opt/ros/jazzy/opt/gz_utils_vendor/lib:/opt/ros/jazzy/opt/gz_cmake_vendor/lib:/opt/ros/jazzy/lib PYTHONPATH=/home/adha/belajar/ws1/install/ros2_socketcan_msgs/lib/python3.12/site-packages:/home/adha/belajar/ws1/install/can_msgs/lib/python3.12/site-packages:/home/adha/belajar/ws1/install/msgs/lib/python3.12/site-packages:/opt/ros/jazzy/lib/python3.12/site-packages /usr/bin/cmake --build /home/adha/belajar/ws1/build/ros2_socketcan -- -j12 -l12
[0.056s] [ 14%] Built target gtest
[0.056s] [ 19%] Built target gtest_main
[0.056s] [ 28%] Built target socket_can_sender_node_exe
[0.058s] [ 52%] Built target ros2_socketcan
[0.058s] [ 61%] Built target socket_can_receiver_node_exe
[0.082s] [ 80%] Built target socket_can_receiver_node
[0.082s] [ 90%] Built target ros2_socketcan_test
[0.106s] [100%] Built target socket_can_sender_node
[0.116s] Invoked command in '/home/adha/belajar/ws1/build/ros2_socketcan' returned '0': CMAKE_PREFIX_PATH=/home/adha/belajar/ws1/install/ros2_socketcan_msgs:/home/adha/belajar/ws1/install/can_msgs:/home/adha/belajar/ws1/install/ros2_socketcan:/home/adha/belajar/ws1/install/control:/home/adha/belajar/ws1/install/msgs:/opt/ros/jazzy/opt/gz_math_vendor:/opt/ros/jazzy/opt/gz_utils_vendor:/opt/ros/jazzy/opt/gz_cmake_vendor:/opt/ros/jazzy DEBUGINFOD_URLS=https://debuginfod.ubuntu.com LD_LIBRARY_PATH=/home/adha/belajar/ws1/install/ros2_socketcan_msgs/lib:/home/adha/belajar/ws1/install/can_msgs/lib:/home/adha/belajar/ws1/install/ros2_socketcan/lib:/home/adha/belajar/ws1/install/msgs/lib:/opt/ros/jazzy/opt/rviz_ogre_vendor/lib:/opt/ros/jazzy/lib/x86_64-linux-gnu:/opt/ros/jazzy/opt/gz_math_vendor/lib:/opt/ros/jazzy/opt/gz_utils_vendor/lib:/opt/ros/jazzy/opt/gz_cmake_vendor/lib:/opt/ros/jazzy/lib PYTHONPATH=/home/adha/belajar/ws1/install/ros2_socketcan_msgs/lib/python3.12/site-packages:/home/adha/belajar/ws1/install/can_msgs/lib/python3.12/site-packages:/home/adha/belajar/ws1/install/msgs/lib/python3.12/site-packages:/opt/ros/jazzy/lib/python3.12/site-packages /usr/bin/cmake --build /home/adha/belajar/ws1/build/ros2_socketcan -- -j12 -l12
[0.162s] Invoking command in '/home/adha/belajar/ws1/build/ros2_socketcan': CMAKE_PREFIX_PATH=/home/adha/belajar/ws1/install/ros2_socketcan_msgs:/home/adha/belajar/ws1/install/can_msgs:/home/adha/belajar/ws1/install/ros2_socketcan:/home/adha/belajar/ws1/install/control:/home/adha/belajar/ws1/install/msgs:/opt/ros/jazzy/opt/gz_math_vendor:/opt/ros/jazzy/opt/gz_utils_vendor:/opt/ros/jazzy/opt/gz_cmake_vendor:/opt/ros/jazzy DEBUGINFOD_URLS=https://debuginfod.ubuntu.com LD_LIBRARY_PATH=/home/adha/belajar/ws1/install/ros2_socketcan_msgs/lib:/home/adha/belajar/ws1/install/can_msgs/lib:/home/adha/belajar/ws1/install/ros2_socketcan/lib:/home/adha/belajar/ws1/install/msgs/lib:/opt/ros/jazzy/opt/rviz_ogre_vendor/lib:/opt/ros/jazzy/lib/x86_64-linux-gnu:/opt/ros/jazzy/opt/gz_math_vendor/lib:/opt/ros/jazzy/opt/gz_utils_vendor/lib:/opt/ros/jazzy/opt/gz_cmake_vendor/lib:/opt/ros/jazzy/lib PYTHONPATH=/home/adha/belajar/ws1/install/ros2_socketcan_msgs/lib/python3.12/site-packages:/home/adha/belajar/ws1/install/can_msgs/lib/python3.12/site-packages:/home/adha/belajar/ws1/install/msgs/lib/python3.12/site-packages:/opt/ros/jazzy/lib/python3.12/site-packages /usr/bin/cmake --install /home/adha/belajar/ws1/build/ros2_socketcan
[0.169s] -- Install configuration: ""
[0.169s] -- Up-to-date: /home/adha/belajar/ws1/install/ros2_socketcan/lib/ros2_socketcan/socket_can_receiver_node_exe
[0.169s] -- Up-to-date: /home/adha/belajar/ws1/install/ros2_socketcan/lib/ros2_socketcan/socket_can_sender_node_exe
[0.169s] -- Up-to-date: /home/adha/belajar/ws1/install/ros2_socketcan/include
[0.169s] -- Up-to-date: /home/adha/belajar/ws1/install/ros2_socketcan/include/ros2_socketcan
[0.169s] -- Up-to-date: /home/adha/belajar/ws1/install/ros2_socketcan/include/ros2_socketcan/socket_can_id.hpp
[0.169s] -- Up-to-date: /home/adha/belajar/ws1/install/ros2_socketcan/include/ros2_socketcan/socket_can_sender_node.hpp
[0.169s] -- Up-to-date: /home/adha/belajar/ws1/install/ros2_socketcan/include/ros2_socketcan/socket_can_sender.hpp
[0.169s] -- Up-to-date: /home/adha/belajar/ws1/install/ros2_socketcan/include/ros2_socketcan/visibility_control.hpp
[0.169s] -- Up-to-date: /home/adha/belajar/ws1/install/ros2_socketcan/include/ros2_socketcan/socket_can_receiver_node.hpp
[0.169s] -- Up-to-date: /home/adha/belajar/ws1/install/ros2_socketcan/include/ros2_socketcan/socket_can_common.hpp
[0.169s] -- Up-to-date: /home/adha/belajar/ws1/install/ros2_socketcan/include/ros2_socketcan/socket_can_receiver.hpp
[0.169s] -- Up-to-date: /home/adha/belajar/ws1/install/ros2_socketcan/share/ros2_socketcan/environment/library_path.sh
[0.169s] -- Up-to-date: /home/adha/belajar/ws1/install/ros2_socketcan/share/ros2_socketcan/environment/library_path.dsv
[0.169s] -- Up-to-date: /home/adha/belajar/ws1/install/ros2_socketcan/lib/libros2_socketcan.so
[0.170s] -- Up-to-date: /home/adha/belajar/ws1/install/ros2_socketcan/lib/libsocket_can_receiver_node.so
[0.170s] -- Up-to-date: /home/adha/belajar/ws1/install/ros2_socketcan/lib/libsocket_can_sender_node.so
[0.170s] -- Up-to-date: /home/adha/belajar/ws1/install/ros2_socketcan/share/ros2_socketcan/launch
[0.170s] -- Up-to-date: /home/adha/belajar/ws1/install/ros2_socketcan/share/ros2_socketcan/launch/socket_can_receiver.launch.py
[0.170s] -- Up-to-date: /home/adha/belajar/ws1/install/ros2_socketcan/share/ros2_socketcan/launch/socket_can_bridge.launch.xml
[0.170s] -- Up-to-date: /home/adha/belajar/ws1/install/ros2_socketcan/share/ros2_socketcan/launch/socket_can_sender.launch.py
[0.170s] -- Up-to-date: /home/adha/belajar/ws1/install/ros2_socketcan/share/ament_index/resource_index/package_run_dependencies/ros2_socketcan
[0.170s] -- Up-to-date: /home/adha/belajar/ws1/install/ros2_socketcan/share/ament_index/resource_index/parent_prefix_path/ros2_socketcan
[0.170s] -- Up-to-date: /home/adha/belajar/ws1/install/ros2_socketcan/share/ros2_socketcan/environment/ament_prefix_path.sh
[0.170s] -- Up-to-date: /home/adha/belajar/ws1/install/ros2_socketcan/share/ros2_socketcan/environment/ament_prefix_path.dsv
[0.170s] -- Up-to-date: /home/adha/belajar/ws1/install/ros2_socketcan/share/ros2_socketcan/environment/path.sh
[0.170s] -- Up-to-date: /home/adha/belajar/ws1/install/ros2_socketcan/share/ros2_socketcan/environment/path.dsv
[0.170s] -- Up-to-date: /home/adha/belajar/ws1/install/ros2_socketcan/share/ros2_socketcan/local_setup.bash
[0.170s] -- Up-to-date: /home/adha/belajar/ws1/install/ros2_socketcan/share/ros2_socketcan/local_setup.sh
[0.170s] -- Up-to-date: /home/adha/belajar/ws1/install/ros2_socketcan/share/ros2_socketcan/local_setup.zsh
[0.170s] -- Up-to-date: /home/adha/belajar/ws1/install/ros2_socketcan/share/ros2_socketcan/local_setup.dsv
[0.170s] -- Installing: /home/adha/belajar/ws1/install/ros2_socketcan/share/ros2_socketcan/package.dsv
[0.170s] -- Up-to-date: /home/adha/belajar/ws1/install/ros2_socketcan/share/ament_index/resource_index/packages/ros2_socketcan
[0.170s] -- Up-to-date: /home/adha/belajar/ws1/install/ros2_socketcan/share/ament_index/resource_index/rclcpp_components/ros2_socketcan
[0.171s] -- Up-to-date: /home/adha/belajar/ws1/install/ros2_socketcan/share/ros2_socketcan/cmake/ament_cmake_export_dependencies-extras.cmake
[0.171s] -- Up-to-date: /home/adha/belajar/ws1/install/ros2_socketcan/share/ros2_socketcan/cmake/ament_cmake_export_include_directories-extras.cmake
[0.171s] -- Up-to-date: /home/adha/belajar/ws1/install/ros2_socketcan/share/ros2_socketcan/cmake/ament_cmake_export_libraries-extras.cmake
[0.171s] -- Up-to-date: /home/adha/belajar/ws1/install/ros2_socketcan/share/ros2_socketcan/cmake/ros2_socketcanConfig.cmake
[0.171s] -- Up-to-date: /home/adha/belajar/ws1/install/ros2_socketcan/share/ros2_socketcan/cmake/ros2_socketcanConfig-version.cmake
[0.171s] -- Up-to-date: /home/adha/belajar/ws1/install/ros2_socketcan/share/ros2_socketcan/package.xml
[0.172s] Invoked command in '/home/adha/belajar/ws1/build/ros2_socketcan' returned '0': CMAKE_PREFIX_PATH=/home/adha/belajar/ws1/install/ros2_socketcan_msgs:/home/adha/belajar/ws1/install/can_msgs:/home/adha/belajar/ws1/install/ros2_socketcan:/home/adha/belajar/ws1/install/control:/home/adha/belajar/ws1/install/msgs:/opt/ros/jazzy/opt/gz_math_vendor:/opt/ros/jazzy/opt/gz_utils_vendor:/opt/ros/jazzy/opt/gz_cmake_vendor:/opt/ros/jazzy DEBUGINFOD_URLS=https://debuginfod.ubuntu.com LD_LIBRARY_PATH=/home/adha/belajar/ws1/install/ros2_socketcan_msgs/lib:/home/adha/belajar/ws1/install/can_msgs/lib:/home/adha/belajar/ws1/install/ros2_socketcan/lib:/home/adha/belajar/ws1/install/msgs/lib:/opt/ros/jazzy/opt/rviz_ogre_vendor/lib:/opt/ros/jazzy/lib/x86_64-linux-gnu:/opt/ros/jazzy/opt/gz_math_vendor/lib:/opt/ros/jazzy/opt/gz_utils_vendor/lib:/opt/ros/jazzy/opt/gz_cmake_vendor/lib:/opt/ros/jazzy/lib PYTHONPATH=/home/adha/belajar/ws1/install/ros2_socketcan_msgs/lib/python3.12/site-packages:/home/adha/belajar/ws1/install/can_msgs/lib/python3.12/site-packages:/home/adha/belajar/ws1/install/msgs/lib/python3.12/site-packages:/opt/ros/jazzy/lib/python3.12/site-packages /usr/bin/cmake --install /home/adha/belajar/ws1/build/ros2_socketcan
