[0.040s] Invoking command in '/home/alyazahrarr/tubesss/tubes_dagoz/build/msgs': CMAKE_PREFIX_PATH=${CMAKE_PREFIX_PATH}:/home/alyazahrarr/ros2_ws/install/launch_testing_examples:/home/alyazahrarr/ros2_ws/install/examples_rclpy_pointcloud_publisher:/home/alyazahrarr/ros2_ws/install/examples_rclpy_minimal_subscriber:/home/alyazahrarr/ros2_ws/install/examples_rclpy_minimal_service:/home/alyazahrarr/ros2_ws/install/examples_rclpy_minimal_publisher:/home/alyazahrarr/ros2_ws/install/examples_rclpy_minimal_client:/home/alyazahrarr/ros2_ws/install/examples_rclpy_minimal_action_server:/home/alyazahrarr/ros2_ws/install/examples_rclpy_minimal_action_client:/home/alyazahrarr/ros2_ws/install/examples_rclpy_guard_conditions:/home/alyazahrarr/ros2_ws/install/examples_rclpy_executors:/opt/ros/jazzy DEBUGINFOD_URLS=https://debuginfod.ubuntu.com /usr/bin/cmake --build /home/alyazahrarr/tubesss/tubes_dagoz/build/msgs -- -j8 -l8
[0.160s] [  2%] Built target msgs__rosidl_generator_type_description
[0.199s] [  2%] Built target ament_cmake_python_copy_msgs
[0.249s] [ 17%] Built target msgs__rosidl_generator_c
[0.249s] [ 20%] Built target msgs__cpp
[0.379s] [ 29%] Built target msgs__rosidl_typesupport_cpp
[0.395s] [ 38%] Built target msgs__rosidl_typesupport_introspection_cpp
[0.419s] [ 47%] Built target msgs__rosidl_typesupport_introspection_c
[0.431s] [ 55%] Built target msgs__rosidl_typesupport_fastrtps_c
[0.448s] [ 64%] Built target msgs__rosidl_typesupport_c
[0.492s] [ 73%] Built target msgs__rosidl_typesupport_fastrtps_cpp
[0.552s] [ 73%] Built target msgs
[0.620s] [ 76%] Built target msgs__py
[0.689s] [ 82%] Built target msgs__rosidl_generator_py
[0.791s] [ 88%] Built target msgs_s__rosidl_typesupport_c
[0.792s] [ 94%] Built target msgs_s__rosidl_typesupport_fastrtps_c
[0.795s] [100%] Built target msgs_s__rosidl_typesupport_introspection_c
[1.020s] running egg_info
[1.109s] writing msgs.egg-info/PKG-INFO
[1.110s] writing dependency_links to msgs.egg-info/dependency_links.txt
[1.110s] writing top-level names to msgs.egg-info/top_level.txt
[1.294s] reading manifest file 'msgs.egg-info/SOURCES.txt'
[1.296s] writing manifest file 'msgs.egg-info/SOURCES.txt'
[1.366s] [100%] Built target ament_cmake_python_build_msgs_egg
[1.393s] Invoked command in '/home/alyazahrarr/tubesss/tubes_dagoz/build/msgs' returned '0': CMAKE_PREFIX_PATH=${CMAKE_PREFIX_PATH}:/home/alyazahrarr/ros2_ws/install/launch_testing_examples:/home/alyazahrarr/ros2_ws/install/examples_rclpy_pointcloud_publisher:/home/alyazahrarr/ros2_ws/install/examples_rclpy_minimal_subscriber:/home/alyazahrarr/ros2_ws/install/examples_rclpy_minimal_service:/home/alyazahrarr/ros2_ws/install/examples_rclpy_minimal_publisher:/home/alyazahrarr/ros2_ws/install/examples_rclpy_minimal_client:/home/alyazahrarr/ros2_ws/install/examples_rclpy_minimal_action_server:/home/alyazahrarr/ros2_ws/install/examples_rclpy_minimal_action_client:/home/alyazahrarr/ros2_ws/install/examples_rclpy_guard_conditions:/home/alyazahrarr/ros2_ws/install/examples_rclpy_executors:/opt/ros/jazzy DEBUGINFOD_URLS=https://debuginfod.ubuntu.com /usr/bin/cmake --build /home/alyazahrarr/tubesss/tubes_dagoz/build/msgs -- -j8 -l8
[1.537s] Invoking command in '/home/alyazahrarr/tubesss/tubes_dagoz/build/msgs': CMAKE_PREFIX_PATH=${CMAKE_PREFIX_PATH}:/home/alyazahrarr/ros2_ws/install/launch_testing_examples:/home/alyazahrarr/ros2_ws/install/examples_rclpy_pointcloud_publisher:/home/alyazahrarr/ros2_ws/install/examples_rclpy_minimal_subscriber:/home/alyazahrarr/ros2_ws/install/examples_rclpy_minimal_service:/home/alyazahrarr/ros2_ws/install/examples_rclpy_minimal_publisher:/home/alyazahrarr/ros2_ws/install/examples_rclpy_minimal_client:/home/alyazahrarr/ros2_ws/install/examples_rclpy_minimal_action_server:/home/alyazahrarr/ros2_ws/install/examples_rclpy_minimal_action_client:/home/alyazahrarr/ros2_ws/install/examples_rclpy_guard_conditions:/home/alyazahrarr/ros2_ws/install/examples_rclpy_executors:/opt/ros/jazzy DEBUGINFOD_URLS=https://debuginfod.ubuntu.com /usr/bin/cmake --install /home/alyazahrarr/tubesss/tubes_dagoz/build/msgs
[1.574s] -- Install configuration: ""
[1.574s] -- Up-to-date: /home/alyazahrarr/tubesss/tubes_dagoz/install/msgs/share/ament_index/resource_index/rosidl_interfaces/msgs
[1.575s] -- Up-to-date: /home/alyazahrarr/tubesss/tubes_dagoz/install/msgs/share/msgs/msg/HardwareCommand.json
[1.575s] -- Up-to-date: /home/alyazahrarr/tubesss/tubes_dagoz/install/msgs/include/msgs/msgs
[1.575s] -- Up-to-date: /home/alyazahrarr/tubesss/tubes_dagoz/install/msgs/include/msgs/msgs/msg
[1.576s] -- Up-to-date: /home/alyazahrarr/tubesss/tubes_dagoz/install/msgs/include/msgs/msgs/msg/hardware_command.h
[1.576s] -- Up-to-date: /home/alyazahrarr/tubesss/tubes_dagoz/install/msgs/include/msgs/msgs/msg/detail
[1.576s] -- Up-to-date: /home/alyazahrarr/tubesss/tubes_dagoz/install/msgs/include/msgs/msgs/msg/detail/hardware_command__struct.h
[1.576s] -- Up-to-date: /home/alyazahrarr/tubesss/tubes_dagoz/install/msgs/include/msgs/msgs/msg/detail/hardware_command__type_support.h
[1.577s] -- Up-to-date: /home/alyazahrarr/tubesss/tubes_dagoz/install/msgs/include/msgs/msgs/msg/detail/hardware_command__functions.c
[1.577s] -- Up-to-date: /home/alyazahrarr/tubesss/tubes_dagoz/install/msgs/include/msgs/msgs/msg/detail/hardware_command__functions.h
[1.578s] -- Up-to-date: /home/alyazahrarr/tubesss/tubes_dagoz/install/msgs/include/msgs/msgs/msg/detail/hardware_command__type_support.c
[1.578s] -- Up-to-date: /home/alyazahrarr/tubesss/tubes_dagoz/install/msgs/include/msgs/msgs/msg/detail/hardware_command__description.c
[1.578s] -- Up-to-date: /home/alyazahrarr/tubesss/tubes_dagoz/install/msgs/include/msgs/msgs/msg/rosidl_generator_c__visibility_control.h
[1.579s] -- Up-to-date: /home/alyazahrarr/tubesss/tubes_dagoz/install/msgs/share/msgs/environment/library_path.sh
[1.579s] -- Up-to-date: /home/alyazahrarr/tubesss/tubes_dagoz/install/msgs/share/msgs/environment/library_path.dsv
[1.579s] -- Up-to-date: /home/alyazahrarr/tubesss/tubes_dagoz/install/msgs/lib/libmsgs__rosidl_generator_c.so
[1.579s] -- Up-to-date: /home/alyazahrarr/tubesss/tubes_dagoz/install/msgs/include/msgs/msgs
[1.579s] -- Up-to-date: /home/alyazahrarr/tubesss/tubes_dagoz/install/msgs/include/msgs/msgs/msg
[1.579s] -- Up-to-date: /home/alyazahrarr/tubesss/tubes_dagoz/install/msgs/include/msgs/msgs/msg/detail
[1.580s] -- Up-to-date: /home/alyazahrarr/tubesss/tubes_dagoz/install/msgs/include/msgs/msgs/msg/detail/hardware_command__rosidl_typesupport_fastrtps_c.h
[1.580s] -- Up-to-date: /home/alyazahrarr/tubesss/tubes_dagoz/install/msgs/include/msgs/msgs/msg/rosidl_typesupport_fastrtps_c__visibility_control.h
[1.580s] -- Up-to-date: /home/alyazahrarr/tubesss/tubes_dagoz/install/msgs/lib/libmsgs__rosidl_typesupport_fastrtps_c.so
[1.583s] -- Up-to-date: /home/alyazahrarr/tubesss/tubes_dagoz/install/msgs/include/msgs/msgs
[1.583s] -- Up-to-date: /home/alyazahrarr/tubesss/tubes_dagoz/install/msgs/include/msgs/msgs/msg
[1.583s] -- Up-to-date: /home/alyazahrarr/tubesss/tubes_dagoz/install/msgs/include/msgs/msgs/msg/detail
[1.583s] -- Up-to-date: /home/alyazahrarr/tubesss/tubes_dagoz/install/msgs/include/msgs/msgs/msg/detail/hardware_command__builder.hpp
[1.583s] -- Up-to-date: /home/alyazahrarr/tubesss/tubes_dagoz/install/msgs/include/msgs/msgs/msg/detail/hardware_command__traits.hpp
[1.584s] -- Up-to-date: /home/alyazahrarr/tubesss/tubes_dagoz/install/msgs/include/msgs/msgs/msg/detail/hardware_command__type_support.hpp
[1.585s] -- Up-to-date: /home/alyazahrarr/tubesss/tubes_dagoz/install/msgs/include/msgs/msgs/msg/detail/hardware_command__struct.hpp
[1.585s] -- Up-to-date: /home/alyazahrarr/tubesss/tubes_dagoz/install/msgs/include/msgs/msgs/msg/hardware_command.hpp
[1.585s] -- Up-to-date: /home/alyazahrarr/tubesss/tubes_dagoz/install/msgs/include/msgs/msgs/msg/rosidl_generator_cpp__visibility_control.hpp
[1.585s] -- Up-to-date: /home/alyazahrarr/tubesss/tubes_dagoz/install/msgs/include/msgs/msgs
[1.586s] -- Up-to-date: /home/alyazahrarr/tubesss/tubes_dagoz/install/msgs/include/msgs/msgs/msg
[1.586s] -- Up-to-date: /home/alyazahrarr/tubesss/tubes_dagoz/install/msgs/include/msgs/msgs/msg/detail
[1.586s] -- Up-to-date: /home/alyazahrarr/tubesss/tubes_dagoz/install/msgs/include/msgs/msgs/msg/detail/dds_fastrtps
[1.586s] -- Up-to-date: /home/alyazahrarr/tubesss/tubes_dagoz/install/msgs/include/msgs/msgs/msg/detail/hardware_command__rosidl_typesupport_fastrtps_cpp.hpp
[1.586s] -- Up-to-date: /home/alyazahrarr/tubesss/tubes_dagoz/install/msgs/include/msgs/msgs/msg/rosidl_typesupport_fastrtps_cpp__visibility_control.h
[1.591s] -- Up-to-date: /home/alyazahrarr/tubesss/tubes_dagoz/install/msgs/lib/libmsgs__rosidl_typesupport_fastrtps_cpp.so
[1.591s] -- Up-to-date: /home/alyazahrarr/tubesss/tubes_dagoz/install/msgs/include/msgs/msgs
[1.591s] -- Up-to-date: /home/alyazahrarr/tubesss/tubes_dagoz/install/msgs/include/msgs/msgs/msg
[1.592s] -- Up-to-date: /home/alyazahrarr/tubesss/tubes_dagoz/install/msgs/include/msgs/msgs/msg/detail
[1.592s] -- Up-to-date: /home/alyazahrarr/tubesss/tubes_dagoz/install/msgs/include/msgs/msgs/msg/detail/hardware_command__rosidl_typesupport_introspection_c.h
[1.592s] -- Up-to-date: /home/alyazahrarr/tubesss/tubes_dagoz/install/msgs/include/msgs/msgs/msg/detail/hardware_command__type_support.c
[1.592s] -- Up-to-date: /home/alyazahrarr/tubesss/tubes_dagoz/install/msgs/include/msgs/msgs/msg/rosidl_typesupport_introspection_c__visibility_control.h
[1.593s] -- Up-to-date: /home/alyazahrarr/tubesss/tubes_dagoz/install/msgs/lib/libmsgs__rosidl_typesupport_introspection_c.so
[1.596s] -- Up-to-date: /home/alyazahrarr/tubesss/tubes_dagoz/install/msgs/lib/libmsgs__rosidl_typesupport_c.so
[1.596s] -- Up-to-date: /home/alyazahrarr/tubesss/tubes_dagoz/install/msgs/include/msgs/msgs
[1.596s] -- Up-to-date: /home/alyazahrarr/tubesss/tubes_dagoz/install/msgs/include/msgs/msgs/msg
[1.596s] -- Up-to-date: /home/alyazahrarr/tubesss/tubes_dagoz/install/msgs/include/msgs/msgs/msg/detail
[1.596s] -- Up-to-date: /home/alyazahrarr/tubesss/tubes_dagoz/install/msgs/include/msgs/msgs/msg/detail/hardware_command__rosidl_typesupport_introspection_cpp.hpp
[1.597s] -- Up-to-date: /home/alyazahrarr/tubesss/tubes_dagoz/install/msgs/include/msgs/msgs/msg/detail/hardware_command__type_support.cpp
[1.598s] -- Up-to-date: /home/alyazahrarr/tubesss/tubes_dagoz/install/msgs/lib/libmsgs__rosidl_typesupport_introspection_cpp.so
[1.598s] -- Up-to-date: /home/alyazahrarr/tubesss/tubes_dagoz/install/msgs/lib/libmsgs__rosidl_typesupport_cpp.so
[1.598s] -- Up-to-date: /home/alyazahrarr/tubesss/tubes_dagoz/install/msgs/share/msgs/environment/pythonpath.sh
[1.598s] -- Up-to-date: /home/alyazahrarr/tubesss/tubes_dagoz/install/msgs/share/msgs/environment/pythonpath.dsv
[1.598s] -- Up-to-date: /home/alyazahrarr/tubesss/tubes_dagoz/install/msgs/lib/python3.12/site-packages/msgs-0.0.0-py3.12.egg-info
[1.599s] -- Installing: /home/alyazahrarr/tubesss/tubes_dagoz/install/msgs/lib/python3.12/site-packages/msgs-0.0.0-py3.12.egg-info/dependency_links.txt
[1.599s] -- Installing: /home/alyazahrarr/tubesss/tubes_dagoz/install/msgs/lib/python3.12/site-packages/msgs-0.0.0-py3.12.egg-info/SOURCES.txt
[1.599s] -- Installing: /home/alyazahrarr/tubesss/tubes_dagoz/install/msgs/lib/python3.12/site-packages/msgs-0.0.0-py3.12.egg-info/PKG-INFO
[1.599s] -- Installing: /home/alyazahrarr/tubesss/tubes_dagoz/install/msgs/lib/python3.12/site-packages/msgs-0.0.0-py3.12.egg-info/top_level.txt
[1.599s] -- Up-to-date: /home/alyazahrarr/tubesss/tubes_dagoz/install/msgs/lib/python3.12/site-packages/msgs
[1.599s] -- Up-to-date: /home/alyazahrarr/tubesss/tubes_dagoz/install/msgs/lib/python3.12/site-packages/msgs/msgs_s__rosidl_typesupport_c.so
[1.599s] -- Up-to-date: /home/alyazahrarr/tubesss/tubes_dagoz/install/msgs/lib/python3.12/site-packages/msgs/_msgs_s.ep.rosidl_typesupport_introspection_c.c
[1.600s] -- Up-to-date: /home/alyazahrarr/tubesss/tubes_dagoz/install/msgs/lib/python3.12/site-packages/msgs/_msgs_s.ep.rosidl_typesupport_fastrtps_c.c
[1.600s] -- Up-to-date: /home/alyazahrarr/tubesss/tubes_dagoz/install/msgs/lib/python3.12/site-packages/msgs/__init__.py
[1.600s] -- Up-to-date: /home/alyazahrarr/tubesss/tubes_dagoz/install/msgs/lib/python3.12/site-packages/msgs/_msgs_s.ep.rosidl_typesupport_c.c
[1.600s] -- Up-to-date: /home/alyazahrarr/tubesss/tubes_dagoz/install/msgs/lib/python3.12/site-packages/msgs/msgs_s__rosidl_typesupport_fastrtps_c.so
[1.600s] -- Up-to-date: /home/alyazahrarr/tubesss/tubes_dagoz/install/msgs/lib/python3.12/site-packages/msgs/msgs_s__rosidl_typesupport_introspection_c.so
[1.600s] -- Up-to-date: /home/alyazahrarr/tubesss/tubes_dagoz/install/msgs/lib/python3.12/site-packages/msgs/msg
[1.600s] -- Up-to-date: /home/alyazahrarr/tubesss/tubes_dagoz/install/msgs/lib/python3.12/site-packages/msgs/msg/__init__.py
[1.601s] -- Up-to-date: /home/alyazahrarr/tubesss/tubes_dagoz/install/msgs/lib/python3.12/site-packages/msgs/msg/_hardware_command.py
[1.601s] -- Up-to-date: /home/alyazahrarr/tubesss/tubes_dagoz/install/msgs/lib/python3.12/site-packages/msgs/msg/_hardware_command_s.c
[1.715s] Listing '/home/alyazahrarr/tubesss/tubes_dagoz/install/msgs/lib/python3.12/site-packages/msgs'...
[1.716s] Listing '/home/alyazahrarr/tubesss/tubes_dagoz/install/msgs/lib/python3.12/site-packages/msgs/msg'...
[1.737s] -- Up-to-date: /home/alyazahrarr/tubesss/tubes_dagoz/install/msgs/lib/python3.12/site-packages/msgs/msgs_s__rosidl_typesupport_fastrtps_c.so
[1.738s] -- Up-to-date: /home/alyazahrarr/tubesss/tubes_dagoz/install/msgs/lib/python3.12/site-packages/msgs/msgs_s__rosidl_typesupport_introspection_c.so
[1.739s] -- Up-to-date: /home/alyazahrarr/tubesss/tubes_dagoz/install/msgs/lib/python3.12/site-packages/msgs/msgs_s__rosidl_typesupport_c.so
[1.750s] -- Up-to-date: /home/alyazahrarr/tubesss/tubes_dagoz/install/msgs/lib/libmsgs__rosidl_generator_py.so
[1.752s] -- Up-to-date: /home/alyazahrarr/tubesss/tubes_dagoz/install/msgs/share/msgs/msg/HardwareCommand.idl
[1.753s] -- Up-to-date: /home/alyazahrarr/tubesss/tubes_dagoz/install/msgs/share/msgs/msg/HardwareCommand.msg
[1.754s] -- Up-to-date: /home/alyazahrarr/tubesss/tubes_dagoz/install/msgs/share/ament_index/resource_index/package_run_dependencies/msgs
[1.754s] -- Up-to-date: /home/alyazahrarr/tubesss/tubes_dagoz/install/msgs/share/ament_index/resource_index/parent_prefix_path/msgs
[1.754s] -- Up-to-date: /home/alyazahrarr/tubesss/tubes_dagoz/install/msgs/share/msgs/environment/ament_prefix_path.sh
[1.754s] -- Up-to-date: /home/alyazahrarr/tubesss/tubes_dagoz/install/msgs/share/msgs/environment/ament_prefix_path.dsv
[1.755s] -- Up-to-date: /home/alyazahrarr/tubesss/tubes_dagoz/install/msgs/share/msgs/environment/path.sh
[1.755s] -- Up-to-date: /home/alyazahrarr/tubesss/tubes_dagoz/install/msgs/share/msgs/environment/path.dsv
[1.756s] -- Up-to-date: /home/alyazahrarr/tubesss/tubes_dagoz/install/msgs/share/msgs/local_setup.bash
[1.758s] -- Up-to-date: /home/alyazahrarr/tubesss/tubes_dagoz/install/msgs/share/msgs/local_setup.sh
[1.758s] -- Up-to-date: /home/alyazahrarr/tubesss/tubes_dagoz/install/msgs/share/msgs/local_setup.zsh
[1.758s] -- Up-to-date: /home/alyazahrarr/tubesss/tubes_dagoz/install/msgs/share/msgs/local_setup.dsv
[1.759s] -- Installing: /home/alyazahrarr/tubesss/tubes_dagoz/install/msgs/share/msgs/package.dsv
[1.759s] -- Up-to-date: /home/alyazahrarr/tubesss/tubes_dagoz/install/msgs/share/ament_index/resource_index/packages/msgs
[1.759s] -- Up-to-date: /home/alyazahrarr/tubesss/tubes_dagoz/install/msgs/share/msgs/cmake/export_msgs__rosidl_generator_cExport.cmake
[1.759s] -- Up-to-date: /home/alyazahrarr/tubesss/tubes_dagoz/install/msgs/share/msgs/cmake/export_msgs__rosidl_generator_cExport-noconfig.cmake
[1.759s] -- Up-to-date: /home/alyazahrarr/tubesss/tubes_dagoz/install/msgs/share/msgs/cmake/export_msgs__rosidl_typesupport_fastrtps_cExport.cmake
[1.760s] -- Up-to-date: /home/alyazahrarr/tubesss/tubes_dagoz/install/msgs/share/msgs/cmake/export_msgs__rosidl_typesupport_fastrtps_cExport-noconfig.cmake
[1.760s] -- Up-to-date: /home/alyazahrarr/tubesss/tubes_dagoz/install/msgs/share/msgs/cmake/export_msgs__rosidl_generator_cppExport.cmake
[1.760s] -- Up-to-date: /home/alyazahrarr/tubesss/tubes_dagoz/install/msgs/share/msgs/cmake/export_msgs__rosidl_typesupport_fastrtps_cppExport.cmake
[1.760s] -- Up-to-date: /home/alyazahrarr/tubesss/tubes_dagoz/install/msgs/share/msgs/cmake/export_msgs__rosidl_typesupport_fastrtps_cppExport-noconfig.cmake
[1.761s] -- Up-to-date: /home/alyazahrarr/tubesss/tubes_dagoz/install/msgs/share/msgs/cmake/msgs__rosidl_typesupport_introspection_cExport.cmake
[1.761s] -- Up-to-date: /home/alyazahrarr/tubesss/tubes_dagoz/install/msgs/share/msgs/cmake/msgs__rosidl_typesupport_introspection_cExport-noconfig.cmake
[1.762s] -- Up-to-date: /home/alyazahrarr/tubesss/tubes_dagoz/install/msgs/share/msgs/cmake/msgs__rosidl_typesupport_cExport.cmake
[1.763s] -- Up-to-date: /home/alyazahrarr/tubesss/tubes_dagoz/install/msgs/share/msgs/cmake/msgs__rosidl_typesupport_cExport-noconfig.cmake
[1.764s] -- Up-to-date: /home/alyazahrarr/tubesss/tubes_dagoz/install/msgs/share/msgs/cmake/msgs__rosidl_typesupport_introspection_cppExport.cmake
[1.764s] -- Up-to-date: /home/alyazahrarr/tubesss/tubes_dagoz/install/msgs/share/msgs/cmake/msgs__rosidl_typesupport_introspection_cppExport-noconfig.cmake
[1.765s] -- Up-to-date: /home/alyazahrarr/tubesss/tubes_dagoz/install/msgs/share/msgs/cmake/msgs__rosidl_typesupport_cppExport.cmake
[1.765s] -- Up-to-date: /home/alyazahrarr/tubesss/tubes_dagoz/install/msgs/share/msgs/cmake/msgs__rosidl_typesupport_cppExport-noconfig.cmake
[1.766s] -- Up-to-date: /home/alyazahrarr/tubesss/tubes_dagoz/install/msgs/share/msgs/cmake/export_msgs__rosidl_generator_pyExport.cmake
[1.767s] -- Up-to-date: /home/alyazahrarr/tubesss/tubes_dagoz/install/msgs/share/msgs/cmake/export_msgs__rosidl_generator_pyExport-noconfig.cmake
[1.767s] -- Up-to-date: /home/alyazahrarr/tubesss/tubes_dagoz/install/msgs/share/msgs/cmake/rosidl_cmake-extras.cmake
[1.767s] -- Up-to-date: /home/alyazahrarr/tubesss/tubes_dagoz/install/msgs/share/msgs/cmake/ament_cmake_export_include_directories-extras.cmake
[1.767s] -- Up-to-date: /home/alyazahrarr/tubesss/tubes_dagoz/install/msgs/share/msgs/cmake/ament_cmake_export_libraries-extras.cmake
[1.767s] -- Up-to-date: /home/alyazahrarr/tubesss/tubes_dagoz/install/msgs/share/msgs/cmake/ament_cmake_export_targets-extras.cmake
[1.767s] -- Up-to-date: /home/alyazahrarr/tubesss/tubes_dagoz/install/msgs/share/msgs/cmake/rosidl_cmake_export_typesupport_targets-extras.cmake
[1.767s] -- Up-to-date: /home/alyazahrarr/tubesss/tubes_dagoz/install/msgs/share/msgs/cmake/ament_cmake_export_dependencies-extras.cmake
[1.768s] -- Up-to-date: /home/alyazahrarr/tubesss/tubes_dagoz/install/msgs/share/msgs/cmake/rosidl_cmake_export_typesupport_libraries-extras.cmake
[1.768s] -- Up-to-date: /home/alyazahrarr/tubesss/tubes_dagoz/install/msgs/share/msgs/cmake/msgsConfig.cmake
[1.768s] -- Up-to-date: /home/alyazahrarr/tubesss/tubes_dagoz/install/msgs/share/msgs/cmake/msgsConfig-version.cmake
[1.768s] -- Up-to-date: /home/alyazahrarr/tubesss/tubes_dagoz/install/msgs/share/msgs/package.xml
[1.799s] Invoked command in '/home/alyazahrarr/tubesss/tubes_dagoz/build/msgs' returned '0': CMAKE_PREFIX_PATH=${CMAKE_PREFIX_PATH}:/home/alyazahrarr/ros2_ws/install/launch_testing_examples:/home/alyazahrarr/ros2_ws/install/examples_rclpy_pointcloud_publisher:/home/alyazahrarr/ros2_ws/install/examples_rclpy_minimal_subscriber:/home/alyazahrarr/ros2_ws/install/examples_rclpy_minimal_service:/home/alyazahrarr/ros2_ws/install/examples_rclpy_minimal_publisher:/home/alyazahrarr/ros2_ws/install/examples_rclpy_minimal_client:/home/alyazahrarr/ros2_ws/install/examples_rclpy_minimal_action_server:/home/alyazahrarr/ros2_ws/install/examples_rclpy_minimal_action_client:/home/alyazahrarr/ros2_ws/install/examples_rclpy_guard_conditions:/home/alyazahrarr/ros2_ws/install/examples_rclpy_executors:/opt/ros/jazzy DEBUGINFOD_URLS=https://debuginfod.ubuntu.com /usr/bin/cmake --install /home/alyazahrarr/tubesss/tubes_dagoz/build/msgs
