[0.106s] DEBUG:colcon:Command line arguments: ['/usr/bin/colcon', 'build']
[0.106s] DEBUG:colcon:Parsed command line arguments: Namespace(log_base=None, log_level=None, verb_name='build', build_base='build', install_base='install', merge_install=False, symlink_install=False, test_result_base=None, continue_on_error=False, executor='parallel', parallel_workers=12, event_handlers=None, ignore_user_meta=False, metas=['./colcon.meta'], base_paths=['.'], packages_ignore=None, packages_ignore_regex=None, paths=None, packages_up_to=None, packages_up_to_regex=None, packages_above=None, packages_above_and_dependencies=None, packages_above_depth=None, packages_select_by_dep=None, packages_skip_by_dep=None, packages_skip_up_to=None, packages_select_build_failed=False, packages_skip_build_finished=False, packages_select_test_failures=False, packages_skip_test_passed=False, packages_select=None, packages_skip=None, packages_select_regex=None, packages_skip_regex=None, packages_start=None, packages_end=None, allow_overriding=[], cmake_args=None, cmake_target=None, cmake_target_skip_unavailable=False, cmake_clean_cache=False, cmake_clean_first=False, cmake_force_configure=False, ament_cmake_args=None, catkin_cmake_args=None, catkin_skip_building_tests=False, verb_parser=<colcon_defaults.argument_parser.defaults.DefaultArgumentsDecorator object at 0x72e810b70320>, verb_extension=<colcon_core.verb.build.BuildVerb object at 0x72e810c6b530>, main=<bound method BuildVerb.main of <colcon_core.verb.build.BuildVerb object at 0x72e810c6b530>>)
[0.146s] Level 1:colcon.colcon_core.package_discovery:discover_packages(colcon_meta) check parameters
[0.146s] Level 1:colcon.colcon_core.package_discovery:discover_packages(recursive) check parameters
[0.146s] Level 1:colcon.colcon_core.package_discovery:discover_packages(ignore) check parameters
[0.146s] Level 1:colcon.colcon_core.package_discovery:discover_packages(path) check parameters
[0.146s] Level 1:colcon.colcon_core.package_discovery:discover_packages(colcon_meta) discover
[0.146s] Level 1:colcon.colcon_core.package_discovery:discover_packages(recursive) discover
[0.146s] INFO:colcon.colcon_core.package_discovery:Crawling recursively for packages in '/home/adha/belajar/ws1'
[0.146s] Level 1:colcon.colcon_core.package_identification:_identify(.) by extensions ['ignore', 'ignore_ament_install']
[0.146s] Level 1:colcon.colcon_core.package_identification:_identify(.) by extension 'ignore'
[0.146s] Level 1:colcon.colcon_core.package_identification:_identify(.) by extension 'ignore_ament_install'
[0.146s] Level 1:colcon.colcon_core.package_identification:_identify(.) by extensions ['colcon_pkg']
[0.146s] Level 1:colcon.colcon_core.package_identification:_identify(.) by extension 'colcon_pkg'
[0.146s] Level 1:colcon.colcon_core.package_identification:_identify(.) by extensions ['colcon_meta']
[0.146s] Level 1:colcon.colcon_core.package_identification:_identify(.) by extension 'colcon_meta'
[0.146s] Level 1:colcon.colcon_core.package_identification:_identify(.) by extensions ['ros']
[0.146s] Level 1:colcon.colcon_core.package_identification:_identify(.) by extension 'ros'
[0.173s] Level 1:colcon.colcon_core.package_identification:_identify(.) by extensions ['cmake', 'python']
[0.173s] Level 1:colcon.colcon_core.package_identification:_identify(.) by extension 'cmake'
[0.174s] Level 1:colcon.colcon_core.package_identification:_identify(.) by extension 'python'
[0.174s] Level 1:colcon.colcon_core.package_identification:_identify(.) by extensions ['python_setup_py']
[0.174s] Level 1:colcon.colcon_core.package_identification:_identify(.) by extension 'python_setup_py'
[0.174s] Level 1:colcon.colcon_core.package_identification:_identify(build) by extensions ['ignore', 'ignore_ament_install']
[0.174s] Level 1:colcon.colcon_core.package_identification:_identify(build) by extension 'ignore'
[0.174s] Level 1:colcon.colcon_core.package_identification:_identify(build) ignored
[0.174s] Level 1:colcon.colcon_core.package_identification:_identify(install) by extensions ['ignore', 'ignore_ament_install']
[0.174s] Level 1:colcon.colcon_core.package_identification:_identify(install) by extension 'ignore'
[0.174s] Level 1:colcon.colcon_core.package_identification:_identify(install) ignored
[0.174s] Level 1:colcon.colcon_core.package_identification:_identify(log) by extensions ['ignore', 'ignore_ament_install']
[0.174s] Level 1:colcon.colcon_core.package_identification:_identify(log) by extension 'ignore'
[0.174s] Level 1:colcon.colcon_core.package_identification:_identify(log) ignored
[0.174s] Level 1:colcon.colcon_core.package_identification:_identify(src) by extensions ['ignore', 'ignore_ament_install']
[0.174s] Level 1:colcon.colcon_core.package_identification:_identify(src) by extension 'ignore'
[0.175s] Level 1:colcon.colcon_core.package_identification:_identify(src) by extension 'ignore_ament_install'
[0.175s] Level 1:colcon.colcon_core.package_identification:_identify(src) by extensions ['colcon_pkg']
[0.175s] Level 1:colcon.colcon_core.package_identification:_identify(src) by extension 'colcon_pkg'
[0.175s] Level 1:colcon.colcon_core.package_identification:_identify(src) by extensions ['colcon_meta']
[0.175s] Level 1:colcon.colcon_core.package_identification:_identify(src) by extension 'colcon_meta'
[0.175s] Level 1:colcon.colcon_core.package_identification:_identify(src) by extensions ['ros']
[0.175s] Level 1:colcon.colcon_core.package_identification:_identify(src) by extension 'ros'
[0.175s] Level 1:colcon.colcon_core.package_identification:_identify(src) by extensions ['cmake', 'python']
[0.175s] Level 1:colcon.colcon_core.package_identification:_identify(src) by extension 'cmake'
[0.175s] Level 1:colcon.colcon_core.package_identification:_identify(src) by extension 'python'
[0.175s] Level 1:colcon.colcon_core.package_identification:_identify(src) by extensions ['python_setup_py']
[0.175s] Level 1:colcon.colcon_core.package_identification:_identify(src) by extension 'python_setup_py'
[0.175s] Level 1:colcon.colcon_core.package_identification:_identify(src/control) by extensions ['ignore', 'ignore_ament_install']
[0.175s] Level 1:colcon.colcon_core.package_identification:_identify(src/control) by extension 'ignore'
[0.175s] Level 1:colcon.colcon_core.package_identification:_identify(src/control) by extension 'ignore_ament_install'
[0.175s] Level 1:colcon.colcon_core.package_identification:_identify(src/control) by extensions ['colcon_pkg']
[0.175s] Level 1:colcon.colcon_core.package_identification:_identify(src/control) by extension 'colcon_pkg'
[0.175s] Level 1:colcon.colcon_core.package_identification:_identify(src/control) by extensions ['colcon_meta']
[0.175s] Level 1:colcon.colcon_core.package_identification:_identify(src/control) by extension 'colcon_meta'
[0.175s] Level 1:colcon.colcon_core.package_identification:_identify(src/control) by extensions ['ros']
[0.175s] Level 1:colcon.colcon_core.package_identification:_identify(src/control) by extension 'ros'
[0.178s] DEBUG:colcon.colcon_core.package_identification:Package 'src/control' with type 'ros.ament_cmake' and name 'control'
[0.179s] Level 1:colcon.colcon_core.package_identification:_identify(src/msgs) by extensions ['ignore', 'ignore_ament_install']
[0.179s] Level 1:colcon.colcon_core.package_identification:_identify(src/msgs) by extension 'ignore'
[0.179s] Level 1:colcon.colcon_core.package_identification:_identify(src/msgs) by extension 'ignore_ament_install'
[0.179s] Level 1:colcon.colcon_core.package_identification:_identify(src/msgs) by extensions ['colcon_pkg']
[0.179s] Level 1:colcon.colcon_core.package_identification:_identify(src/msgs) by extension 'colcon_pkg'
[0.179s] Level 1:colcon.colcon_core.package_identification:_identify(src/msgs) by extensions ['colcon_meta']
[0.179s] Level 1:colcon.colcon_core.package_identification:_identify(src/msgs) by extension 'colcon_meta'
[0.179s] Level 1:colcon.colcon_core.package_identification:_identify(src/msgs) by extensions ['ros']
[0.179s] Level 1:colcon.colcon_core.package_identification:_identify(src/msgs) by extension 'ros'
[0.179s] DEBUG:colcon.colcon_core.package_identification:Package 'src/msgs' with type 'ros.ament_cmake' and name 'msgs'
[0.180s] Level 1:colcon.colcon_core.package_identification:_identify(src/ros2_socketcan) by extensions ['ignore', 'ignore_ament_install']
[0.180s] Level 1:colcon.colcon_core.package_identification:_identify(src/ros2_socketcan) by extension 'ignore'
[0.180s] Level 1:colcon.colcon_core.package_identification:_identify(src/ros2_socketcan) by extension 'ignore_ament_install'
[0.180s] Level 1:colcon.colcon_core.package_identification:_identify(src/ros2_socketcan) by extensions ['colcon_pkg']
[0.180s] Level 1:colcon.colcon_core.package_identification:_identify(src/ros2_socketcan) by extension 'colcon_pkg'
[0.180s] Level 1:colcon.colcon_core.package_identification:_identify(src/ros2_socketcan) by extensions ['colcon_meta']
[0.180s] Level 1:colcon.colcon_core.package_identification:_identify(src/ros2_socketcan) by extension 'colcon_meta'
[0.180s] Level 1:colcon.colcon_core.package_identification:_identify(src/ros2_socketcan) by extensions ['ros']
[0.180s] Level 1:colcon.colcon_core.package_identification:_identify(src/ros2_socketcan) by extension 'ros'
[0.180s] Level 1:colcon.colcon_core.package_identification:_identify(src/ros2_socketcan) by extensions ['cmake', 'python']
[0.180s] Level 1:colcon.colcon_core.package_identification:_identify(src/ros2_socketcan) by extension 'cmake'
[0.180s] Level 1:colcon.colcon_core.package_identification:_identify(src/ros2_socketcan) by extension 'python'
[0.180s] Level 1:colcon.colcon_core.package_identification:_identify(src/ros2_socketcan) by extensions ['python_setup_py']
[0.180s] Level 1:colcon.colcon_core.package_identification:_identify(src/ros2_socketcan) by extension 'python_setup_py'
[0.180s] Level 1:colcon.colcon_core.package_identification:_identify(src/ros2_socketcan/can_msgs) by extensions ['ignore', 'ignore_ament_install']
[0.180s] Level 1:colcon.colcon_core.package_identification:_identify(src/ros2_socketcan/can_msgs) by extension 'ignore'
[0.180s] Level 1:colcon.colcon_core.package_identification:_identify(src/ros2_socketcan/can_msgs) by extension 'ignore_ament_install'
[0.180s] Level 1:colcon.colcon_core.package_identification:_identify(src/ros2_socketcan/can_msgs) by extensions ['colcon_pkg']
[0.180s] Level 1:colcon.colcon_core.package_identification:_identify(src/ros2_socketcan/can_msgs) by extension 'colcon_pkg'
[0.180s] Level 1:colcon.colcon_core.package_identification:_identify(src/ros2_socketcan/can_msgs) by extensions ['colcon_meta']
[0.180s] Level 1:colcon.colcon_core.package_identification:_identify(src/ros2_socketcan/can_msgs) by extension 'colcon_meta'
[0.180s] Level 1:colcon.colcon_core.package_identification:_identify(src/ros2_socketcan/can_msgs) by extensions ['ros']
[0.180s] Level 1:colcon.colcon_core.package_identification:_identify(src/ros2_socketcan/can_msgs) by extension 'ros'
[0.181s] DEBUG:colcon.colcon_core.package_identification:Package 'src/ros2_socketcan/can_msgs' with type 'ros.ament_cmake' and name 'can_msgs'
[0.181s] Level 1:colcon.colcon_core.package_identification:_identify(src/ros2_socketcan/ros2_socketcan) by extensions ['ignore', 'ignore_ament_install']
[0.181s] Level 1:colcon.colcon_core.package_identification:_identify(src/ros2_socketcan/ros2_socketcan) by extension 'ignore'
[0.181s] Level 1:colcon.colcon_core.package_identification:_identify(src/ros2_socketcan/ros2_socketcan) by extension 'ignore_ament_install'
[0.181s] Level 1:colcon.colcon_core.package_identification:_identify(src/ros2_socketcan/ros2_socketcan) by extensions ['colcon_pkg']
[0.181s] Level 1:colcon.colcon_core.package_identification:_identify(src/ros2_socketcan/ros2_socketcan) by extension 'colcon_pkg'
[0.181s] Level 1:colcon.colcon_core.package_identification:_identify(src/ros2_socketcan/ros2_socketcan) by extensions ['colcon_meta']
[0.181s] Level 1:colcon.colcon_core.package_identification:_identify(src/ros2_socketcan/ros2_socketcan) by extension 'colcon_meta'
[0.182s] Level 1:colcon.colcon_core.package_identification:_identify(src/ros2_socketcan/ros2_socketcan) by extensions ['ros']
[0.182s] Level 1:colcon.colcon_core.package_identification:_identify(src/ros2_socketcan/ros2_socketcan) by extension 'ros'
[0.183s] DEBUG:colcon.colcon_core.package_identification:Package 'src/ros2_socketcan/ros2_socketcan' with type 'ros.ament_cmake' and name 'ros2_socketcan'
[0.183s] Level 1:colcon.colcon_core.package_identification:_identify(src/ros2_socketcan/ros2_socketcan_msgs) by extensions ['ignore', 'ignore_ament_install']
[0.183s] Level 1:colcon.colcon_core.package_identification:_identify(src/ros2_socketcan/ros2_socketcan_msgs) by extension 'ignore'
[0.183s] Level 1:colcon.colcon_core.package_identification:_identify(src/ros2_socketcan/ros2_socketcan_msgs) by extension 'ignore_ament_install'
[0.183s] Level 1:colcon.colcon_core.package_identification:_identify(src/ros2_socketcan/ros2_socketcan_msgs) by extensions ['colcon_pkg']
[0.183s] Level 1:colcon.colcon_core.package_identification:_identify(src/ros2_socketcan/ros2_socketcan_msgs) by extension 'colcon_pkg'
[0.183s] Level 1:colcon.colcon_core.package_identification:_identify(src/ros2_socketcan/ros2_socketcan_msgs) by extensions ['colcon_meta']
[0.183s] Level 1:colcon.colcon_core.package_identification:_identify(src/ros2_socketcan/ros2_socketcan_msgs) by extension 'colcon_meta'
[0.183s] Level 1:colcon.colcon_core.package_identification:_identify(src/ros2_socketcan/ros2_socketcan_msgs) by extensions ['ros']
[0.183s] Level 1:colcon.colcon_core.package_identification:_identify(src/ros2_socketcan/ros2_socketcan_msgs) by extension 'ros'
[0.184s] DEBUG:colcon.colcon_core.package_identification:Package 'src/ros2_socketcan/ros2_socketcan_msgs' with type 'ros.ament_cmake' and name 'ros2_socketcan_msgs'
[0.184s] Level 1:colcon.colcon_core.package_discovery:discover_packages(recursive) using defaults
[0.184s] Level 1:colcon.colcon_core.package_discovery:discover_packages(ignore) discover
[0.184s] Level 1:colcon.colcon_core.package_discovery:discover_packages(ignore) using defaults
[0.184s] Level 1:colcon.colcon_core.package_discovery:discover_packages(path) discover
[0.184s] Level 1:colcon.colcon_core.package_discovery:discover_packages(path) using defaults
[0.203s] Level 1:colcon.colcon_core.package_discovery:discover_packages(prefix_path) check parameters
[0.203s] Level 1:colcon.colcon_core.package_discovery:discover_packages(prefix_path) discover
[0.205s] DEBUG:colcon.colcon_installed_package_information.package_discovery:Found 6 installed packages in /home/adha/belajar/ws1/install
[0.207s] DEBUG:colcon.colcon_installed_package_information.package_discovery:Found 285 installed packages in /opt/ros/jazzy
[0.208s] Level 1:colcon.colcon_core.package_discovery:discover_packages(prefix_path) using defaults
[0.250s] Level 5:colcon.colcon_core.verb:set package 'can_msgs' build argument 'cmake_args' from command line to 'None'
[0.250s] Level 5:colcon.colcon_core.verb:set package 'can_msgs' build argument 'cmake_target' from command line to 'None'
[0.250s] Level 5:colcon.colcon_core.verb:set package 'can_msgs' build argument 'cmake_target_skip_unavailable' from command line to 'False'
[0.250s] Level 5:colcon.colcon_core.verb:set package 'can_msgs' build argument 'cmake_clean_cache' from command line to 'False'
[0.250s] Level 5:colcon.colcon_core.verb:set package 'can_msgs' build argument 'cmake_clean_first' from command line to 'False'
[0.250s] Level 5:colcon.colcon_core.verb:set package 'can_msgs' build argument 'cmake_force_configure' from command line to 'False'
[0.250s] Level 5:colcon.colcon_core.verb:set package 'can_msgs' build argument 'ament_cmake_args' from command line to 'None'
[0.250s] Level 5:colcon.colcon_core.verb:set package 'can_msgs' build argument 'catkin_cmake_args' from command line to 'None'
[0.250s] Level 5:colcon.colcon_core.verb:set package 'can_msgs' build argument 'catkin_skip_building_tests' from command line to 'False'
[0.250s] DEBUG:colcon.colcon_core.verb:Building package 'can_msgs' with the following arguments: {'ament_cmake_args': None, 'build_base': '/home/adha/belajar/ws1/build/can_msgs', 'catkin_cmake_args': None, 'catkin_skip_building_tests': False, 'cmake_args': None, 'cmake_clean_cache': False, 'cmake_clean_first': False, 'cmake_force_configure': False, 'cmake_target': None, 'cmake_target_skip_unavailable': False, 'install_base': '/home/adha/belajar/ws1/install/can_msgs', 'merge_install': False, 'path': '/home/adha/belajar/ws1/src/ros2_socketcan/can_msgs', 'symlink_install': False, 'test_result_base': None}
[0.250s] Level 5:colcon.colcon_core.verb:set package 'msgs' build argument 'cmake_args' from command line to 'None'
[0.250s] Level 5:colcon.colcon_core.verb:set package 'msgs' build argument 'cmake_target' from command line to 'None'
[0.250s] Level 5:colcon.colcon_core.verb:set package 'msgs' build argument 'cmake_target_skip_unavailable' from command line to 'False'
[0.250s] Level 5:colcon.colcon_core.verb:set package 'msgs' build argument 'cmake_clean_cache' from command line to 'False'
[0.250s] Level 5:colcon.colcon_core.verb:set package 'msgs' build argument 'cmake_clean_first' from command line to 'False'
[0.250s] Level 5:colcon.colcon_core.verb:set package 'msgs' build argument 'cmake_force_configure' from command line to 'False'
[0.250s] Level 5:colcon.colcon_core.verb:set package 'msgs' build argument 'ament_cmake_args' from command line to 'None'
[0.250s] Level 5:colcon.colcon_core.verb:set package 'msgs' build argument 'catkin_cmake_args' from command line to 'None'
[0.250s] Level 5:colcon.colcon_core.verb:set package 'msgs' build argument 'catkin_skip_building_tests' from command line to 'False'
[0.250s] DEBUG:colcon.colcon_core.verb:Building package 'msgs' with the following arguments: {'ament_cmake_args': None, 'build_base': '/home/adha/belajar/ws1/build/msgs', 'catkin_cmake_args': None, 'catkin_skip_building_tests': False, 'cmake_args': None, 'cmake_clean_cache': False, 'cmake_clean_first': False, 'cmake_force_configure': False, 'cmake_target': None, 'cmake_target_skip_unavailable': False, 'install_base': '/home/adha/belajar/ws1/install/msgs', 'merge_install': False, 'path': '/home/adha/belajar/ws1/src/msgs', 'symlink_install': False, 'test_result_base': None}
[0.251s] Level 5:colcon.colcon_core.verb:set package 'ros2_socketcan_msgs' build argument 'cmake_args' from command line to 'None'
[0.251s] Level 5:colcon.colcon_core.verb:set package 'ros2_socketcan_msgs' build argument 'cmake_target' from command line to 'None'
[0.251s] Level 5:colcon.colcon_core.verb:set package 'ros2_socketcan_msgs' build argument 'cmake_target_skip_unavailable' from command line to 'False'
[0.251s] Level 5:colcon.colcon_core.verb:set package 'ros2_socketcan_msgs' build argument 'cmake_clean_cache' from command line to 'False'
[0.251s] Level 5:colcon.colcon_core.verb:set package 'ros2_socketcan_msgs' build argument 'cmake_clean_first' from command line to 'False'
[0.251s] Level 5:colcon.colcon_core.verb:set package 'ros2_socketcan_msgs' build argument 'cmake_force_configure' from command line to 'False'
[0.251s] Level 5:colcon.colcon_core.verb:set package 'ros2_socketcan_msgs' build argument 'ament_cmake_args' from command line to 'None'
[0.251s] Level 5:colcon.colcon_core.verb:set package 'ros2_socketcan_msgs' build argument 'catkin_cmake_args' from command line to 'None'
[0.251s] Level 5:colcon.colcon_core.verb:set package 'ros2_socketcan_msgs' build argument 'catkin_skip_building_tests' from command line to 'False'
[0.251s] DEBUG:colcon.colcon_core.verb:Building package 'ros2_socketcan_msgs' with the following arguments: {'ament_cmake_args': None, 'build_base': '/home/adha/belajar/ws1/build/ros2_socketcan_msgs', 'catkin_cmake_args': None, 'catkin_skip_building_tests': False, 'cmake_args': None, 'cmake_clean_cache': False, 'cmake_clean_first': False, 'cmake_force_configure': False, 'cmake_target': None, 'cmake_target_skip_unavailable': False, 'install_base': '/home/adha/belajar/ws1/install/ros2_socketcan_msgs', 'merge_install': False, 'path': '/home/adha/belajar/ws1/src/ros2_socketcan/ros2_socketcan_msgs', 'symlink_install': False, 'test_result_base': None}
[0.251s] Level 5:colcon.colcon_core.verb:set package 'control' build argument 'cmake_args' from command line to 'None'
[0.251s] Level 5:colcon.colcon_core.verb:set package 'control' build argument 'cmake_target' from command line to 'None'
[0.251s] Level 5:colcon.colcon_core.verb:set package 'control' build argument 'cmake_target_skip_unavailable' from command line to 'False'
[0.251s] Level 5:colcon.colcon_core.verb:set package 'control' build argument 'cmake_clean_cache' from command line to 'False'
[0.251s] Level 5:colcon.colcon_core.verb:set package 'control' build argument 'cmake_clean_first' from command line to 'False'
[0.251s] Level 5:colcon.colcon_core.verb:set package 'control' build argument 'cmake_force_configure' from command line to 'False'
[0.251s] Level 5:colcon.colcon_core.verb:set package 'control' build argument 'ament_cmake_args' from command line to 'None'
[0.251s] Level 5:colcon.colcon_core.verb:set package 'control' build argument 'catkin_cmake_args' from command line to 'None'
[0.251s] Level 5:colcon.colcon_core.verb:set package 'control' build argument 'catkin_skip_building_tests' from command line to 'False'
[0.251s] DEBUG:colcon.colcon_core.verb:Building package 'control' with the following arguments: {'ament_cmake_args': None, 'build_base': '/home/adha/belajar/ws1/build/control', 'catkin_cmake_args': None, 'catkin_skip_building_tests': False, 'cmake_args': None, 'cmake_clean_cache': False, 'cmake_clean_first': False, 'cmake_force_configure': False, 'cmake_target': None, 'cmake_target_skip_unavailable': False, 'install_base': '/home/adha/belajar/ws1/install/control', 'merge_install': False, 'path': '/home/adha/belajar/ws1/src/control', 'symlink_install': False, 'test_result_base': None}
[0.251s] Level 5:colcon.colcon_core.verb:set package 'ros2_socketcan' build argument 'cmake_args' from command line to 'None'
[0.251s] Level 5:colcon.colcon_core.verb:set package 'ros2_socketcan' build argument 'cmake_target' from command line to 'None'
[0.251s] Level 5:colcon.colcon_core.verb:set package 'ros2_socketcan' build argument 'cmake_target_skip_unavailable' from command line to 'False'
[0.251s] Level 5:colcon.colcon_core.verb:set package 'ros2_socketcan' build argument 'cmake_clean_cache' from command line to 'False'
[0.251s] Level 5:colcon.colcon_core.verb:set package 'ros2_socketcan' build argument 'cmake_clean_first' from command line to 'False'
[0.252s] Level 5:colcon.colcon_core.verb:set package 'ros2_socketcan' build argument 'cmake_force_configure' from command line to 'False'
[0.252s] Level 5:colcon.colcon_core.verb:set package 'ros2_socketcan' build argument 'ament_cmake_args' from command line to 'None'
[0.252s] Level 5:colcon.colcon_core.verb:set package 'ros2_socketcan' build argument 'catkin_cmake_args' from command line to 'None'
[0.252s] Level 5:colcon.colcon_core.verb:set package 'ros2_socketcan' build argument 'catkin_skip_building_tests' from command line to 'False'
[0.252s] DEBUG:colcon.colcon_core.verb:Building package 'ros2_socketcan' with the following arguments: {'ament_cmake_args': None, 'build_base': '/home/adha/belajar/ws1/build/ros2_socketcan', 'catkin_cmake_args': None, 'catkin_skip_building_tests': False, 'cmake_args': None, 'cmake_clean_cache': False, 'cmake_clean_first': False, 'cmake_force_configure': False, 'cmake_target': None, 'cmake_target_skip_unavailable': False, 'install_base': '/home/adha/belajar/ws1/install/ros2_socketcan', 'merge_install': False, 'path': '/home/adha/belajar/ws1/src/ros2_socketcan/ros2_socketcan', 'symlink_install': False, 'test_result_base': None}
[0.252s] INFO:colcon.colcon_core.executor:Executing jobs using 'parallel' executor
[0.253s] DEBUG:colcon.colcon_parallel_executor.executor.parallel:run_until_complete
[0.253s] INFO:colcon.colcon_ros.task.ament_cmake.build:Building ROS package in '/home/adha/belajar/ws1/src/ros2_socketcan/can_msgs' with build type 'ament_cmake'
[0.253s] INFO:colcon.colcon_cmake.task.cmake.build:Building CMake package in '/home/adha/belajar/ws1/src/ros2_socketcan/can_msgs'
[0.256s] INFO:colcon.colcon_core.plugin_system:Skipping extension 'colcon_core.shell.bat': Not used on non-Windows systems
[0.256s] INFO:colcon.colcon_core.shell:Skip shell extension 'powershell' for command environment: Not usable outside of PowerShell
[0.257s] DEBUG:colcon.colcon_core.shell:Skip shell extension 'dsv' for command environment
[0.261s] INFO:colcon.colcon_ros.task.ament_cmake.build:Building ROS package in '/home/adha/belajar/ws1/src/msgs' with build type 'ament_cmake'
[0.261s] INFO:colcon.colcon_cmake.task.cmake.build:Building CMake package in '/home/adha/belajar/ws1/src/msgs'
[0.261s] INFO:colcon.colcon_core.shell:Skip shell extension 'powershell' for command environment: Not usable outside of PowerShell
[0.261s] DEBUG:colcon.colcon_core.shell:Skip shell extension 'dsv' for command environment
[0.265s] INFO:colcon.colcon_ros.task.ament_cmake.build:Building ROS package in '/home/adha/belajar/ws1/src/ros2_socketcan/ros2_socketcan_msgs' with build type 'ament_cmake'
[0.265s] INFO:colcon.colcon_cmake.task.cmake.build:Building CMake package in '/home/adha/belajar/ws1/src/ros2_socketcan/ros2_socketcan_msgs'
[0.265s] INFO:colcon.colcon_core.shell:Skip shell extension 'powershell' for command environment: Not usable outside of PowerShell
[0.265s] DEBUG:colcon.colcon_core.shell:Skip shell extension 'dsv' for command environment
[0.274s] DEBUG:colcon.colcon_core.event_handler.log_command:Invoking command in '/home/adha/belajar/ws1/build/can_msgs': CMAKE_PREFIX_PATH=${CMAKE_PREFIX_PATH}:/opt/ros/jazzy DEBUGINFOD_URLS=https://debuginfod.ubuntu.com /usr/bin/cmake --build /home/adha/belajar/ws1/build/can_msgs -- -j12 -l12
[0.277s] DEBUG:colcon.colcon_core.event_handler.log_command:Invoking command in '/home/adha/belajar/ws1/build/msgs': CMAKE_PREFIX_PATH=${CMAKE_PREFIX_PATH}:/opt/ros/jazzy DEBUGINFOD_URLS=https://debuginfod.ubuntu.com /usr/bin/cmake --build /home/adha/belajar/ws1/build/msgs -- -j12 -l12
[0.280s] DEBUG:colcon.colcon_core.event_handler.log_command:Invoking command in '/home/adha/belajar/ws1/build/ros2_socketcan_msgs': CMAKE_PREFIX_PATH=${CMAKE_PREFIX_PATH}:/opt/ros/jazzy DEBUGINFOD_URLS=https://debuginfod.ubuntu.com /usr/bin/cmake --build /home/adha/belajar/ws1/build/ros2_socketcan_msgs -- -j12 -l12
[0.694s] DEBUG:colcon.colcon_core.event_handler.log_command:Invoked command in '/home/adha/belajar/ws1/build/msgs' returned '0': CMAKE_PREFIX_PATH=${CMAKE_PREFIX_PATH}:/opt/ros/jazzy DEBUGINFOD_URLS=https://debuginfod.ubuntu.com /usr/bin/cmake --build /home/adha/belajar/ws1/build/msgs -- -j12 -l12
[0.718s] DEBUG:colcon.colcon_core.event_handler.log_command:Invoked command in '/home/adha/belajar/ws1/build/can_msgs' returned '0': CMAKE_PREFIX_PATH=${CMAKE_PREFIX_PATH}:/opt/ros/jazzy DEBUGINFOD_URLS=https://debuginfod.ubuntu.com /usr/bin/cmake --build /home/adha/belajar/ws1/build/can_msgs -- -j12 -l12
[0.744s] DEBUG:colcon.colcon_core.event_handler.log_command:Invoked command in '/home/adha/belajar/ws1/build/ros2_socketcan_msgs' returned '0': CMAKE_PREFIX_PATH=${CMAKE_PREFIX_PATH}:/opt/ros/jazzy DEBUGINFOD_URLS=https://debuginfod.ubuntu.com /usr/bin/cmake --build /home/adha/belajar/ws1/build/ros2_socketcan_msgs -- -j12 -l12
[0.772s] DEBUG:colcon.colcon_core.event_handler.log_command:Invoking command in '/home/adha/belajar/ws1/build/msgs': CMAKE_PREFIX_PATH=${CMAKE_PREFIX_PATH}:/opt/ros/jazzy DEBUGINFOD_URLS=https://debuginfod.ubuntu.com /usr/bin/cmake --install /home/adha/belajar/ws1/build/msgs
[0.783s] DEBUG:colcon.colcon_core.event_handler.log_command:Invoking command in '/home/adha/belajar/ws1/build/can_msgs': CMAKE_PREFIX_PATH=${CMAKE_PREFIX_PATH}:/opt/ros/jazzy DEBUGINFOD_URLS=https://debuginfod.ubuntu.com /usr/bin/cmake --install /home/adha/belajar/ws1/build/can_msgs
[0.810s] DEBUG:colcon.colcon_core.event_handler.log_command:Invoking command in '/home/adha/belajar/ws1/build/ros2_socketcan_msgs': CMAKE_PREFIX_PATH=${CMAKE_PREFIX_PATH}:/opt/ros/jazzy DEBUGINFOD_URLS=https://debuginfod.ubuntu.com /usr/bin/cmake --install /home/adha/belajar/ws1/build/ros2_socketcan_msgs
[0.834s] Level 1:colcon.colcon_core.environment:create_environment_scripts_only(msgs)
[0.834s] DEBUG:colcon.colcon_core.event_handler.log_command:Invoked command in '/home/adha/belajar/ws1/build/msgs' returned '0': CMAKE_PREFIX_PATH=${CMAKE_PREFIX_PATH}:/opt/ros/jazzy DEBUGINFOD_URLS=https://debuginfod.ubuntu.com /usr/bin/cmake --install /home/adha/belajar/ws1/build/msgs
[0.838s] Level 1:colcon.colcon_core.environment:checking '/home/adha/belajar/ws1/install/msgs' for CMake module files
[0.839s] Level 1:colcon.colcon_core.environment:checking '/home/adha/belajar/ws1/install/msgs' for CMake config files
[0.840s] Level 1:colcon.colcon_core.shell:create_environment_hook('msgs', 'cmake_prefix_path')
[0.840s] INFO:colcon.colcon_core.shell:Creating environment hook '/home/adha/belajar/ws1/install/msgs/share/msgs/hook/cmake_prefix_path.ps1'
[0.840s] INFO:colcon.colcon_core.shell:Creating environment descriptor '/home/adha/belajar/ws1/install/msgs/share/msgs/hook/cmake_prefix_path.dsv'
[0.841s] INFO:colcon.colcon_core.shell:Creating environment hook '/home/adha/belajar/ws1/install/msgs/share/msgs/hook/cmake_prefix_path.sh'
[0.841s] Level 1:colcon.colcon_core.environment:checking '/home/adha/belajar/ws1/install/msgs/lib'
[0.842s] Level 1:colcon.colcon_core.shell:create_environment_hook('msgs', 'ld_library_path_lib')
[0.842s] INFO:colcon.colcon_core.shell:Creating environment hook '/home/adha/belajar/ws1/install/msgs/share/msgs/hook/ld_library_path_lib.ps1'
[0.842s] INFO:colcon.colcon_core.shell:Creating environment descriptor '/home/adha/belajar/ws1/install/msgs/share/msgs/hook/ld_library_path_lib.dsv'
[0.842s] INFO:colcon.colcon_core.shell:Creating environment hook '/home/adha/belajar/ws1/install/msgs/share/msgs/hook/ld_library_path_lib.sh'
[0.843s] Level 1:colcon.colcon_core.environment:checking '/home/adha/belajar/ws1/install/msgs/bin'
[0.843s] Level 1:colcon.colcon_core.environment:checking '/home/adha/belajar/ws1/install/msgs/lib/pkgconfig/msgs.pc'
[0.843s] Level 1:colcon.colcon_core.environment:checking '/home/adha/belajar/ws1/install/msgs/lib/python3.12/site-packages'
[0.843s] Level 1:colcon.colcon_core.shell:create_environment_hook('msgs', 'pythonpath')
[0.843s] INFO:colcon.colcon_core.shell:Creating environment hook '/home/adha/belajar/ws1/install/msgs/share/msgs/hook/pythonpath.ps1'
[0.843s] INFO:colcon.colcon_core.shell:Creating environment descriptor '/home/adha/belajar/ws1/install/msgs/share/msgs/hook/pythonpath.dsv'
[0.844s] INFO:colcon.colcon_core.shell:Creating environment hook '/home/adha/belajar/ws1/install/msgs/share/msgs/hook/pythonpath.sh'
[0.844s] Level 1:colcon.colcon_core.environment:checking '/home/adha/belajar/ws1/install/msgs/bin'
[0.844s] INFO:colcon.colcon_core.shell:Creating package script '/home/adha/belajar/ws1/install/msgs/share/msgs/package.ps1'
[0.845s] INFO:colcon.colcon_core.shell:Creating package descriptor '/home/adha/belajar/ws1/install/msgs/share/msgs/package.dsv'
[0.845s] INFO:colcon.colcon_core.shell:Creating package script '/home/adha/belajar/ws1/install/msgs/share/msgs/package.sh'
[0.846s] INFO:colcon.colcon_core.shell:Creating package script '/home/adha/belajar/ws1/install/msgs/share/msgs/package.bash'
[0.846s] INFO:colcon.colcon_core.shell:Creating package script '/home/adha/belajar/ws1/install/msgs/share/msgs/package.zsh'
[0.847s] Level 1:colcon.colcon_core.environment:create_file_with_runtime_dependencies(/home/adha/belajar/ws1/install/msgs/share/colcon-core/packages/msgs)
[0.848s] Level 1:colcon.colcon_core.environment:create_environment_scripts_only(can_msgs)
[0.848s] Level 1:colcon.colcon_core.environment:checking '/home/adha/belajar/ws1/install/can_msgs' for CMake module files
[0.849s] DEBUG:colcon.colcon_core.event_handler.log_command:Invoked command in '/home/adha/belajar/ws1/build/can_msgs' returned '0': CMAKE_PREFIX_PATH=${CMAKE_PREFIX_PATH}:/opt/ros/jazzy DEBUGINFOD_URLS=https://debuginfod.ubuntu.com /usr/bin/cmake --install /home/adha/belajar/ws1/build/can_msgs
[0.850s] Level 1:colcon.colcon_core.environment:checking '/home/adha/belajar/ws1/install/can_msgs' for CMake config files
[0.850s] Level 1:colcon.colcon_core.shell:create_environment_hook('can_msgs', 'cmake_prefix_path')
[0.850s] INFO:colcon.colcon_core.shell:Creating environment hook '/home/adha/belajar/ws1/install/can_msgs/share/can_msgs/hook/cmake_prefix_path.ps1'
[0.850s] INFO:colcon.colcon_core.shell:Creating environment descriptor '/home/adha/belajar/ws1/install/can_msgs/share/can_msgs/hook/cmake_prefix_path.dsv'
[0.850s] INFO:colcon.colcon_core.shell:Creating environment hook '/home/adha/belajar/ws1/install/can_msgs/share/can_msgs/hook/cmake_prefix_path.sh'
[0.851s] Level 1:colcon.colcon_core.environment:checking '/home/adha/belajar/ws1/install/can_msgs/lib'
[0.851s] Level 1:colcon.colcon_core.shell:create_environment_hook('can_msgs', 'ld_library_path_lib')
[0.851s] INFO:colcon.colcon_core.shell:Creating environment hook '/home/adha/belajar/ws1/install/can_msgs/share/can_msgs/hook/ld_library_path_lib.ps1'
[0.851s] INFO:colcon.colcon_core.shell:Creating environment descriptor '/home/adha/belajar/ws1/install/can_msgs/share/can_msgs/hook/ld_library_path_lib.dsv'
[0.851s] INFO:colcon.colcon_core.shell:Creating environment hook '/home/adha/belajar/ws1/install/can_msgs/share/can_msgs/hook/ld_library_path_lib.sh'
[0.852s] Level 1:colcon.colcon_core.environment:checking '/home/adha/belajar/ws1/install/can_msgs/bin'
[0.852s] Level 1:colcon.colcon_core.environment:checking '/home/adha/belajar/ws1/install/can_msgs/lib/pkgconfig/can_msgs.pc'
[0.852s] Level 1:colcon.colcon_core.environment:checking '/home/adha/belajar/ws1/install/can_msgs/lib/python3.12/site-packages'
[0.852s] Level 1:colcon.colcon_core.shell:create_environment_hook('can_msgs', 'pythonpath')
[0.852s] INFO:colcon.colcon_core.shell:Creating environment hook '/home/adha/belajar/ws1/install/can_msgs/share/can_msgs/hook/pythonpath.ps1'
[0.852s] INFO:colcon.colcon_core.shell:Creating environment descriptor '/home/adha/belajar/ws1/install/can_msgs/share/can_msgs/hook/pythonpath.dsv'
[0.853s] INFO:colcon.colcon_core.shell:Creating environment hook '/home/adha/belajar/ws1/install/can_msgs/share/can_msgs/hook/pythonpath.sh'
[0.853s] Level 1:colcon.colcon_core.environment:checking '/home/adha/belajar/ws1/install/can_msgs/bin'
[0.853s] INFO:colcon.colcon_core.shell:Creating package script '/home/adha/belajar/ws1/install/can_msgs/share/can_msgs/package.ps1'
[0.854s] INFO:colcon.colcon_core.shell:Creating package descriptor '/home/adha/belajar/ws1/install/can_msgs/share/can_msgs/package.dsv'
[0.854s] INFO:colcon.colcon_core.shell:Creating package script '/home/adha/belajar/ws1/install/can_msgs/share/can_msgs/package.sh'
[0.854s] INFO:colcon.colcon_core.shell:Creating package script '/home/adha/belajar/ws1/install/can_msgs/share/can_msgs/package.bash'
[0.855s] INFO:colcon.colcon_core.shell:Creating package script '/home/adha/belajar/ws1/install/can_msgs/share/can_msgs/package.zsh'
[0.855s] Level 1:colcon.colcon_core.environment:create_file_with_runtime_dependencies(/home/adha/belajar/ws1/install/can_msgs/share/colcon-core/packages/can_msgs)
[0.864s] Level 1:colcon.colcon_core.environment:create_environment_scripts_only(ros2_socketcan_msgs)
[0.865s] Level 1:colcon.colcon_core.environment:checking '/home/adha/belajar/ws1/install/ros2_socketcan_msgs' for CMake module files
[0.865s] DEBUG:colcon.colcon_core.event_handler.log_command:Invoked command in '/home/adha/belajar/ws1/build/ros2_socketcan_msgs' returned '0': CMAKE_PREFIX_PATH=${CMAKE_PREFIX_PATH}:/opt/ros/jazzy DEBUGINFOD_URLS=https://debuginfod.ubuntu.com /usr/bin/cmake --install /home/adha/belajar/ws1/build/ros2_socketcan_msgs
[0.866s] Level 1:colcon.colcon_core.environment:checking '/home/adha/belajar/ws1/install/ros2_socketcan_msgs' for CMake config files
[0.866s] Level 1:colcon.colcon_core.shell:create_environment_hook('ros2_socketcan_msgs', 'cmake_prefix_path')
[0.866s] INFO:colcon.colcon_core.shell:Creating environment hook '/home/adha/belajar/ws1/install/ros2_socketcan_msgs/share/ros2_socketcan_msgs/hook/cmake_prefix_path.ps1'
[0.866s] INFO:colcon.colcon_core.shell:Creating environment descriptor '/home/adha/belajar/ws1/install/ros2_socketcan_msgs/share/ros2_socketcan_msgs/hook/cmake_prefix_path.dsv'
[0.867s] INFO:colcon.colcon_core.shell:Creating environment hook '/home/adha/belajar/ws1/install/ros2_socketcan_msgs/share/ros2_socketcan_msgs/hook/cmake_prefix_path.sh'
[0.867s] Level 1:colcon.colcon_core.environment:checking '/home/adha/belajar/ws1/install/ros2_socketcan_msgs/lib'
[0.867s] Level 1:colcon.colcon_core.shell:create_environment_hook('ros2_socketcan_msgs', 'ld_library_path_lib')
[0.867s] INFO:colcon.colcon_core.shell:Creating environment hook '/home/adha/belajar/ws1/install/ros2_socketcan_msgs/share/ros2_socketcan_msgs/hook/ld_library_path_lib.ps1'
[0.867s] INFO:colcon.colcon_core.shell:Creating environment descriptor '/home/adha/belajar/ws1/install/ros2_socketcan_msgs/share/ros2_socketcan_msgs/hook/ld_library_path_lib.dsv'
[0.868s] INFO:colcon.colcon_core.shell:Creating environment hook '/home/adha/belajar/ws1/install/ros2_socketcan_msgs/share/ros2_socketcan_msgs/hook/ld_library_path_lib.sh'
[0.868s] Level 1:colcon.colcon_core.environment:checking '/home/adha/belajar/ws1/install/ros2_socketcan_msgs/bin'
[0.868s] Level 1:colcon.colcon_core.environment:checking '/home/adha/belajar/ws1/install/ros2_socketcan_msgs/lib/pkgconfig/ros2_socketcan_msgs.pc'
[0.868s] Level 1:colcon.colcon_core.environment:checking '/home/adha/belajar/ws1/install/ros2_socketcan_msgs/lib/python3.12/site-packages'
[0.868s] Level 1:colcon.colcon_core.shell:create_environment_hook('ros2_socketcan_msgs', 'pythonpath')
[0.868s] INFO:colcon.colcon_core.shell:Creating environment hook '/home/adha/belajar/ws1/install/ros2_socketcan_msgs/share/ros2_socketcan_msgs/hook/pythonpath.ps1'
[0.868s] INFO:colcon.colcon_core.shell:Creating environment descriptor '/home/adha/belajar/ws1/install/ros2_socketcan_msgs/share/ros2_socketcan_msgs/hook/pythonpath.dsv'
[0.869s] INFO:colcon.colcon_core.shell:Creating environment hook '/home/adha/belajar/ws1/install/ros2_socketcan_msgs/share/ros2_socketcan_msgs/hook/pythonpath.sh'
[0.869s] Level 1:colcon.colcon_core.environment:checking '/home/adha/belajar/ws1/install/ros2_socketcan_msgs/bin'
[0.869s] INFO:colcon.colcon_core.shell:Creating package script '/home/adha/belajar/ws1/install/ros2_socketcan_msgs/share/ros2_socketcan_msgs/package.ps1'
[0.870s] INFO:colcon.colcon_core.shell:Creating package descriptor '/home/adha/belajar/ws1/install/ros2_socketcan_msgs/share/ros2_socketcan_msgs/package.dsv'
[0.870s] INFO:colcon.colcon_core.shell:Creating package script '/home/adha/belajar/ws1/install/ros2_socketcan_msgs/share/ros2_socketcan_msgs/package.sh'
[0.871s] INFO:colcon.colcon_core.shell:Creating package script '/home/adha/belajar/ws1/install/ros2_socketcan_msgs/share/ros2_socketcan_msgs/package.bash'
[0.871s] INFO:colcon.colcon_core.shell:Creating package script '/home/adha/belajar/ws1/install/ros2_socketcan_msgs/share/ros2_socketcan_msgs/package.zsh'
[0.871s] Level 1:colcon.colcon_core.environment:create_file_with_runtime_dependencies(/home/adha/belajar/ws1/install/ros2_socketcan_msgs/share/colcon-core/packages/ros2_socketcan_msgs)
[0.900s] Level 1:colcon.colcon_core.environment:create_environment_scripts_only(msgs)
[0.901s] Level 1:colcon.colcon_core.environment:checking '/home/adha/belajar/ws1/install/msgs' for CMake module files
[0.901s] Level 1:colcon.colcon_core.environment:checking '/home/adha/belajar/ws1/install/msgs' for CMake config files
[0.901s] Level 1:colcon.colcon_core.shell:create_environment_hook('msgs', 'cmake_prefix_path')
[0.901s] INFO:colcon.colcon_core.shell:Creating environment hook '/home/adha/belajar/ws1/install/msgs/share/msgs/hook/cmake_prefix_path.ps1'
[0.902s] INFO:colcon.colcon_core.shell:Creating environment descriptor '/home/adha/belajar/ws1/install/msgs/share/msgs/hook/cmake_prefix_path.dsv'
[0.902s] INFO:colcon.colcon_core.shell:Creating environment hook '/home/adha/belajar/ws1/install/msgs/share/msgs/hook/cmake_prefix_path.sh'
[0.902s] Level 1:colcon.colcon_core.environment:checking '/home/adha/belajar/ws1/install/msgs/lib'
[0.903s] Level 1:colcon.colcon_core.shell:create_environment_hook('msgs', 'ld_library_path_lib')
[0.903s] INFO:colcon.colcon_core.shell:Creating environment hook '/home/adha/belajar/ws1/install/msgs/share/msgs/hook/ld_library_path_lib.ps1'
[0.903s] INFO:colcon.colcon_core.shell:Creating environment descriptor '/home/adha/belajar/ws1/install/msgs/share/msgs/hook/ld_library_path_lib.dsv'
[0.903s] INFO:colcon.colcon_core.shell:Creating environment hook '/home/adha/belajar/ws1/install/msgs/share/msgs/hook/ld_library_path_lib.sh'
[0.903s] Level 1:colcon.colcon_core.environment:checking '/home/adha/belajar/ws1/install/msgs/bin'
[0.903s] Level 1:colcon.colcon_core.environment:checking '/home/adha/belajar/ws1/install/msgs/lib/pkgconfig/msgs.pc'
[0.904s] Level 1:colcon.colcon_core.environment:checking '/home/adha/belajar/ws1/install/msgs/lib/python3.12/site-packages'
[0.904s] Level 1:colcon.colcon_core.shell:create_environment_hook('msgs', 'pythonpath')
[0.904s] INFO:colcon.colcon_core.shell:Creating environment hook '/home/adha/belajar/ws1/install/msgs/share/msgs/hook/pythonpath.ps1'
[0.904s] INFO:colcon.colcon_core.shell:Creating environment descriptor '/home/adha/belajar/ws1/install/msgs/share/msgs/hook/pythonpath.dsv'
[0.904s] INFO:colcon.colcon_core.shell:Creating environment hook '/home/adha/belajar/ws1/install/msgs/share/msgs/hook/pythonpath.sh'
[0.904s] Level 1:colcon.colcon_core.environment:checking '/home/adha/belajar/ws1/install/msgs/bin'
[0.905s] INFO:colcon.colcon_core.shell:Creating package script '/home/adha/belajar/ws1/install/msgs/share/msgs/package.ps1'
[0.905s] INFO:colcon.colcon_core.shell:Creating package descriptor '/home/adha/belajar/ws1/install/msgs/share/msgs/package.dsv'
[0.905s] INFO:colcon.colcon_core.shell:Creating package script '/home/adha/belajar/ws1/install/msgs/share/msgs/package.sh'
[0.906s] INFO:colcon.colcon_core.shell:Creating package script '/home/adha/belajar/ws1/install/msgs/share/msgs/package.bash'
[0.906s] INFO:colcon.colcon_core.shell:Creating package script '/home/adha/belajar/ws1/install/msgs/share/msgs/package.zsh'
[0.906s] Level 1:colcon.colcon_core.environment:create_file_with_runtime_dependencies(/home/adha/belajar/ws1/install/msgs/share/colcon-core/packages/msgs)
[0.906s] INFO:colcon.colcon_ros.task.ament_cmake.build:Building ROS package in '/home/adha/belajar/ws1/src/control' with build type 'ament_cmake'
[0.906s] INFO:colcon.colcon_cmake.task.cmake.build:Building CMake package in '/home/adha/belajar/ws1/src/control'
[0.906s] INFO:colcon.colcon_core.shell:Skip shell extension 'powershell' for command environment: Not usable outside of PowerShell
[0.906s] DEBUG:colcon.colcon_core.shell:Skip shell extension 'dsv' for command environment
[0.910s] Level 1:colcon.colcon_core.environment:create_environment_scripts_only(can_msgs)
[0.910s] Level 1:colcon.colcon_core.environment:checking '/home/adha/belajar/ws1/install/can_msgs' for CMake module files
[0.911s] Level 1:colcon.colcon_core.environment:checking '/home/adha/belajar/ws1/install/can_msgs' for CMake config files
[0.912s] Level 1:colcon.colcon_core.shell:create_environment_hook('can_msgs', 'cmake_prefix_path')
[0.912s] INFO:colcon.colcon_core.shell:Creating environment hook '/home/adha/belajar/ws1/install/can_msgs/share/can_msgs/hook/cmake_prefix_path.ps1'
[0.913s] INFO:colcon.colcon_core.shell:Creating environment descriptor '/home/adha/belajar/ws1/install/can_msgs/share/can_msgs/hook/cmake_prefix_path.dsv'
[0.913s] INFO:colcon.colcon_core.shell:Creating environment hook '/home/adha/belajar/ws1/install/can_msgs/share/can_msgs/hook/cmake_prefix_path.sh'
[0.914s] Level 1:colcon.colcon_core.environment:checking '/home/adha/belajar/ws1/install/can_msgs/lib'
[0.914s] Level 1:colcon.colcon_core.shell:create_environment_hook('can_msgs', 'ld_library_path_lib')
[0.915s] INFO:colcon.colcon_core.shell:Creating environment hook '/home/adha/belajar/ws1/install/can_msgs/share/can_msgs/hook/ld_library_path_lib.ps1'
[0.915s] INFO:colcon.colcon_core.shell:Creating environment descriptor '/home/adha/belajar/ws1/install/can_msgs/share/can_msgs/hook/ld_library_path_lib.dsv'
[0.915s] INFO:colcon.colcon_core.shell:Creating environment hook '/home/adha/belajar/ws1/install/can_msgs/share/can_msgs/hook/ld_library_path_lib.sh'
[0.916s] Level 1:colcon.colcon_core.environment:checking '/home/adha/belajar/ws1/install/can_msgs/bin'
[0.916s] Level 1:colcon.colcon_core.environment:checking '/home/adha/belajar/ws1/install/can_msgs/lib/pkgconfig/can_msgs.pc'
[0.916s] Level 1:colcon.colcon_core.environment:checking '/home/adha/belajar/ws1/install/can_msgs/lib/python3.12/site-packages'
[0.916s] Level 1:colcon.colcon_core.shell:create_environment_hook('can_msgs', 'pythonpath')
[0.916s] INFO:colcon.colcon_core.shell:Creating environment hook '/home/adha/belajar/ws1/install/can_msgs/share/can_msgs/hook/pythonpath.ps1'
[0.916s] INFO:colcon.colcon_core.shell:Creating environment descriptor '/home/adha/belajar/ws1/install/can_msgs/share/can_msgs/hook/pythonpath.dsv'
[0.916s] INFO:colcon.colcon_core.shell:Creating environment hook '/home/adha/belajar/ws1/install/can_msgs/share/can_msgs/hook/pythonpath.sh'
[0.917s] Level 1:colcon.colcon_core.environment:checking '/home/adha/belajar/ws1/install/can_msgs/bin'
[0.917s] INFO:colcon.colcon_core.shell:Creating package script '/home/adha/belajar/ws1/install/can_msgs/share/can_msgs/package.ps1'
[0.917s] INFO:colcon.colcon_core.shell:Creating package descriptor '/home/adha/belajar/ws1/install/can_msgs/share/can_msgs/package.dsv'
[0.918s] INFO:colcon.colcon_core.shell:Creating package script '/home/adha/belajar/ws1/install/can_msgs/share/can_msgs/package.sh'
[0.918s] INFO:colcon.colcon_core.shell:Creating package script '/home/adha/belajar/ws1/install/can_msgs/share/can_msgs/package.bash'
[0.918s] INFO:colcon.colcon_core.shell:Creating package script '/home/adha/belajar/ws1/install/can_msgs/share/can_msgs/package.zsh'
[0.919s] Level 1:colcon.colcon_core.environment:create_file_with_runtime_dependencies(/home/adha/belajar/ws1/install/can_msgs/share/colcon-core/packages/can_msgs)
[0.921s] DEBUG:colcon.colcon_core.event_handler.log_command:Invoking command in '/home/adha/belajar/ws1/build/control': CMAKE_PREFIX_PATH=/home/adha/belajar/ws1/install/msgs:/home/adha/belajar/ws1/install/ros2_socketcan:/home/adha/belajar/ws1/install/ros2_socketcan_msgs:/home/adha/belajar/ws1/install/control:/home/adha/belajar/ws1/install/can_msgs:/opt/ros/jazzy/opt/gz_math_vendor:/opt/ros/jazzy/opt/gz_utils_vendor:/opt/ros/jazzy/opt/gz_cmake_vendor:/opt/ros/jazzy DEBUGINFOD_URLS=https://debuginfod.ubuntu.com LD_LIBRARY_PATH=/home/adha/belajar/ws1/install/msgs/lib:/home/adha/belajar/ws1/install/ros2_socketcan/lib:/home/adha/belajar/ws1/install/ros2_socketcan_msgs/lib:/home/adha/belajar/ws1/install/can_msgs/lib:/opt/ros/jazzy/opt/rviz_ogre_vendor/lib:/opt/ros/jazzy/lib/x86_64-linux-gnu:/opt/ros/jazzy/opt/gz_math_vendor/lib:/opt/ros/jazzy/opt/gz_utils_vendor/lib:/opt/ros/jazzy/opt/gz_cmake_vendor/lib:/opt/ros/jazzy/lib PYTHONPATH=/home/adha/belajar/ws1/install/msgs/lib/python3.12/site-packages:/home/adha/belajar/ws1/install/ros2_socketcan_msgs/lib/python3.12/site-packages:/home/adha/belajar/ws1/install/can_msgs/lib/python3.12/site-packages:/opt/ros/jazzy/lib/python3.12/site-packages /usr/bin/cmake --build /home/adha/belajar/ws1/build/control -- -j12 -l12
[0.924s] Level 1:colcon.colcon_core.environment:create_environment_scripts_only(ros2_socketcan_msgs)
[0.925s] Level 1:colcon.colcon_core.environment:checking '/home/adha/belajar/ws1/install/ros2_socketcan_msgs' for CMake module files
[0.925s] Level 1:colcon.colcon_core.environment:checking '/home/adha/belajar/ws1/install/ros2_socketcan_msgs' for CMake config files
[0.926s] Level 1:colcon.colcon_core.shell:create_environment_hook('ros2_socketcan_msgs', 'cmake_prefix_path')
[0.926s] INFO:colcon.colcon_core.shell:Creating environment hook '/home/adha/belajar/ws1/install/ros2_socketcan_msgs/share/ros2_socketcan_msgs/hook/cmake_prefix_path.ps1'
[0.926s] INFO:colcon.colcon_core.shell:Creating environment descriptor '/home/adha/belajar/ws1/install/ros2_socketcan_msgs/share/ros2_socketcan_msgs/hook/cmake_prefix_path.dsv'
[0.926s] INFO:colcon.colcon_core.shell:Creating environment hook '/home/adha/belajar/ws1/install/ros2_socketcan_msgs/share/ros2_socketcan_msgs/hook/cmake_prefix_path.sh'
[0.927s] Level 1:colcon.colcon_core.environment:checking '/home/adha/belajar/ws1/install/ros2_socketcan_msgs/lib'
[0.927s] Level 1:colcon.colcon_core.shell:create_environment_hook('ros2_socketcan_msgs', 'ld_library_path_lib')
[0.927s] INFO:colcon.colcon_core.shell:Creating environment hook '/home/adha/belajar/ws1/install/ros2_socketcan_msgs/share/ros2_socketcan_msgs/hook/ld_library_path_lib.ps1'
[0.927s] INFO:colcon.colcon_core.shell:Creating environment descriptor '/home/adha/belajar/ws1/install/ros2_socketcan_msgs/share/ros2_socketcan_msgs/hook/ld_library_path_lib.dsv'
[0.927s] INFO:colcon.colcon_core.shell:Creating environment hook '/home/adha/belajar/ws1/install/ros2_socketcan_msgs/share/ros2_socketcan_msgs/hook/ld_library_path_lib.sh'
[0.927s] Level 1:colcon.colcon_core.environment:checking '/home/adha/belajar/ws1/install/ros2_socketcan_msgs/bin'
[0.927s] Level 1:colcon.colcon_core.environment:checking '/home/adha/belajar/ws1/install/ros2_socketcan_msgs/lib/pkgconfig/ros2_socketcan_msgs.pc'
[0.927s] Level 1:colcon.colcon_core.environment:checking '/home/adha/belajar/ws1/install/ros2_socketcan_msgs/lib/python3.12/site-packages'
[0.928s] Level 1:colcon.colcon_core.shell:create_environment_hook('ros2_socketcan_msgs', 'pythonpath')
[0.928s] INFO:colcon.colcon_core.shell:Creating environment hook '/home/adha/belajar/ws1/install/ros2_socketcan_msgs/share/ros2_socketcan_msgs/hook/pythonpath.ps1'
[0.928s] INFO:colcon.colcon_core.shell:Creating environment descriptor '/home/adha/belajar/ws1/install/ros2_socketcan_msgs/share/ros2_socketcan_msgs/hook/pythonpath.dsv'
[0.928s] INFO:colcon.colcon_core.shell:Creating environment hook '/home/adha/belajar/ws1/install/ros2_socketcan_msgs/share/ros2_socketcan_msgs/hook/pythonpath.sh'
[0.928s] Level 1:colcon.colcon_core.environment:checking '/home/adha/belajar/ws1/install/ros2_socketcan_msgs/bin'
[0.928s] INFO:colcon.colcon_core.shell:Creating package script '/home/adha/belajar/ws1/install/ros2_socketcan_msgs/share/ros2_socketcan_msgs/package.ps1'
[0.929s] INFO:colcon.colcon_core.shell:Creating package descriptor '/home/adha/belajar/ws1/install/ros2_socketcan_msgs/share/ros2_socketcan_msgs/package.dsv'
[0.929s] INFO:colcon.colcon_core.shell:Creating package script '/home/adha/belajar/ws1/install/ros2_socketcan_msgs/share/ros2_socketcan_msgs/package.sh'
[0.929s] INFO:colcon.colcon_core.shell:Creating package script '/home/adha/belajar/ws1/install/ros2_socketcan_msgs/share/ros2_socketcan_msgs/package.bash'
[0.930s] INFO:colcon.colcon_core.shell:Creating package script '/home/adha/belajar/ws1/install/ros2_socketcan_msgs/share/ros2_socketcan_msgs/package.zsh'
[0.930s] Level 1:colcon.colcon_core.environment:create_file_with_runtime_dependencies(/home/adha/belajar/ws1/install/ros2_socketcan_msgs/share/colcon-core/packages/ros2_socketcan_msgs)
[0.930s] INFO:colcon.colcon_ros.task.ament_cmake.build:Building ROS package in '/home/adha/belajar/ws1/src/ros2_socketcan/ros2_socketcan' with build type 'ament_cmake'
[0.930s] INFO:colcon.colcon_cmake.task.cmake.build:Building CMake package in '/home/adha/belajar/ws1/src/ros2_socketcan/ros2_socketcan'
[0.930s] INFO:colcon.colcon_core.shell:Skip shell extension 'powershell' for command environment: Not usable outside of PowerShell
[0.931s] DEBUG:colcon.colcon_core.shell:Skip shell extension 'dsv' for command environment
[0.941s] DEBUG:colcon.colcon_core.event_handler.log_command:Invoking command in '/home/adha/belajar/ws1/build/ros2_socketcan': CMAKE_PREFIX_PATH=/home/adha/belajar/ws1/install/ros2_socketcan_msgs:/home/adha/belajar/ws1/install/can_msgs:/home/adha/belajar/ws1/install/ros2_socketcan:/home/adha/belajar/ws1/install/control:/home/adha/belajar/ws1/install/msgs:/opt/ros/jazzy/opt/gz_math_vendor:/opt/ros/jazzy/opt/gz_utils_vendor:/opt/ros/jazzy/opt/gz_cmake_vendor:/opt/ros/jazzy DEBUGINFOD_URLS=https://debuginfod.ubuntu.com LD_LIBRARY_PATH=/home/adha/belajar/ws1/install/ros2_socketcan_msgs/lib:/home/adha/belajar/ws1/install/can_msgs/lib:/home/adha/belajar/ws1/install/ros2_socketcan/lib:/home/adha/belajar/ws1/install/msgs/lib:/opt/ros/jazzy/opt/rviz_ogre_vendor/lib:/opt/ros/jazzy/lib/x86_64-linux-gnu:/opt/ros/jazzy/opt/gz_math_vendor/lib:/opt/ros/jazzy/opt/gz_utils_vendor/lib:/opt/ros/jazzy/opt/gz_cmake_vendor/lib:/opt/ros/jazzy/lib PYTHONPATH=/home/adha/belajar/ws1/install/ros2_socketcan_msgs/lib/python3.12/site-packages:/home/adha/belajar/ws1/install/can_msgs/lib/python3.12/site-packages:/home/adha/belajar/ws1/install/msgs/lib/python3.12/site-packages:/opt/ros/jazzy/lib/python3.12/site-packages /usr/bin/cmake --build /home/adha/belajar/ws1/build/ros2_socketcan -- -j12 -l12
[1.080s] DEBUG:colcon.colcon_core.event_handler.log_command:Invoked command in '/home/adha/belajar/ws1/build/ros2_socketcan' returned '0': CMAKE_PREFIX_PATH=/home/adha/belajar/ws1/install/ros2_socketcan_msgs:/home/adha/belajar/ws1/install/can_msgs:/home/adha/belajar/ws1/install/ros2_socketcan:/home/adha/belajar/ws1/install/control:/home/adha/belajar/ws1/install/msgs:/opt/ros/jazzy/opt/gz_math_vendor:/opt/ros/jazzy/opt/gz_utils_vendor:/opt/ros/jazzy/opt/gz_cmake_vendor:/opt/ros/jazzy DEBUGINFOD_URLS=https://debuginfod.ubuntu.com LD_LIBRARY_PATH=/home/adha/belajar/ws1/install/ros2_socketcan_msgs/lib:/home/adha/belajar/ws1/install/can_msgs/lib:/home/adha/belajar/ws1/install/ros2_socketcan/lib:/home/adha/belajar/ws1/install/msgs/lib:/opt/ros/jazzy/opt/rviz_ogre_vendor/lib:/opt/ros/jazzy/lib/x86_64-linux-gnu:/opt/ros/jazzy/opt/gz_math_vendor/lib:/opt/ros/jazzy/opt/gz_utils_vendor/lib:/opt/ros/jazzy/opt/gz_cmake_vendor/lib:/opt/ros/jazzy/lib PYTHONPATH=/home/adha/belajar/ws1/install/ros2_socketcan_msgs/lib/python3.12/site-packages:/home/adha/belajar/ws1/install/can_msgs/lib/python3.12/site-packages:/home/adha/belajar/ws1/install/msgs/lib/python3.12/site-packages:/opt/ros/jazzy/lib/python3.12/site-packages /usr/bin/cmake --build /home/adha/belajar/ws1/build/ros2_socketcan -- -j12 -l12
[1.148s] DEBUG:colcon.colcon_core.event_handler.log_command:Invoking command in '/home/adha/belajar/ws1/build/ros2_socketcan': CMAKE_PREFIX_PATH=/home/adha/belajar/ws1/install/ros2_socketcan_msgs:/home/adha/belajar/ws1/install/can_msgs:/home/adha/belajar/ws1/install/ros2_socketcan:/home/adha/belajar/ws1/install/control:/home/adha/belajar/ws1/install/msgs:/opt/ros/jazzy/opt/gz_math_vendor:/opt/ros/jazzy/opt/gz_utils_vendor:/opt/ros/jazzy/opt/gz_cmake_vendor:/opt/ros/jazzy DEBUGINFOD_URLS=https://debuginfod.ubuntu.com LD_LIBRARY_PATH=/home/adha/belajar/ws1/install/ros2_socketcan_msgs/lib:/home/adha/belajar/ws1/install/can_msgs/lib:/home/adha/belajar/ws1/install/ros2_socketcan/lib:/home/adha/belajar/ws1/install/msgs/lib:/opt/ros/jazzy/opt/rviz_ogre_vendor/lib:/opt/ros/jazzy/lib/x86_64-linux-gnu:/opt/ros/jazzy/opt/gz_math_vendor/lib:/opt/ros/jazzy/opt/gz_utils_vendor/lib:/opt/ros/jazzy/opt/gz_cmake_vendor/lib:/opt/ros/jazzy/lib PYTHONPATH=/home/adha/belajar/ws1/install/ros2_socketcan_msgs/lib/python3.12/site-packages:/home/adha/belajar/ws1/install/can_msgs/lib/python3.12/site-packages:/home/adha/belajar/ws1/install/msgs/lib/python3.12/site-packages:/opt/ros/jazzy/lib/python3.12/site-packages /usr/bin/cmake --install /home/adha/belajar/ws1/build/ros2_socketcan
[1.175s] Level 1:colcon.colcon_core.environment:create_environment_scripts_only(ros2_socketcan)
[1.175s] Level 1:colcon.colcon_core.environment:checking '/home/adha/belajar/ws1/install/ros2_socketcan' for CMake module files
[1.175s] Level 1:colcon.colcon_core.environment:checking '/home/adha/belajar/ws1/install/ros2_socketcan' for CMake config files
[1.176s] Level 1:colcon.colcon_core.shell:create_environment_hook('ros2_socketcan', 'cmake_prefix_path')
[1.176s] INFO:colcon.colcon_core.shell:Creating environment hook '/home/adha/belajar/ws1/install/ros2_socketcan/share/ros2_socketcan/hook/cmake_prefix_path.ps1'
[1.176s] INFO:colcon.colcon_core.shell:Creating environment descriptor '/home/adha/belajar/ws1/install/ros2_socketcan/share/ros2_socketcan/hook/cmake_prefix_path.dsv'
[1.177s] DEBUG:colcon.colcon_core.event_handler.log_command:Invoked command in '/home/adha/belajar/ws1/build/ros2_socketcan' returned '0': CMAKE_PREFIX_PATH=/home/adha/belajar/ws1/install/ros2_socketcan_msgs:/home/adha/belajar/ws1/install/can_msgs:/home/adha/belajar/ws1/install/ros2_socketcan:/home/adha/belajar/ws1/install/control:/home/adha/belajar/ws1/install/msgs:/opt/ros/jazzy/opt/gz_math_vendor:/opt/ros/jazzy/opt/gz_utils_vendor:/opt/ros/jazzy/opt/gz_cmake_vendor:/opt/ros/jazzy DEBUGINFOD_URLS=https://debuginfod.ubuntu.com LD_LIBRARY_PATH=/home/adha/belajar/ws1/install/ros2_socketcan_msgs/lib:/home/adha/belajar/ws1/install/can_msgs/lib:/home/adha/belajar/ws1/install/ros2_socketcan/lib:/home/adha/belajar/ws1/install/msgs/lib:/opt/ros/jazzy/opt/rviz_ogre_vendor/lib:/opt/ros/jazzy/lib/x86_64-linux-gnu:/opt/ros/jazzy/opt/gz_math_vendor/lib:/opt/ros/jazzy/opt/gz_utils_vendor/lib:/opt/ros/jazzy/opt/gz_cmake_vendor/lib:/opt/ros/jazzy/lib PYTHONPATH=/home/adha/belajar/ws1/install/ros2_socketcan_msgs/lib/python3.12/site-packages:/home/adha/belajar/ws1/install/can_msgs/lib/python3.12/site-packages:/home/adha/belajar/ws1/install/msgs/lib/python3.12/site-packages:/opt/ros/jazzy/lib/python3.12/site-packages /usr/bin/cmake --install /home/adha/belajar/ws1/build/ros2_socketcan
[1.177s] INFO:colcon.colcon_core.shell:Creating environment hook '/home/adha/belajar/ws1/install/ros2_socketcan/share/ros2_socketcan/hook/cmake_prefix_path.sh'
[1.178s] Level 1:colcon.colcon_core.environment:checking '/home/adha/belajar/ws1/install/ros2_socketcan/lib'
[1.178s] Level 1:colcon.colcon_core.shell:create_environment_hook('ros2_socketcan', 'ld_library_path_lib')
[1.178s] INFO:colcon.colcon_core.shell:Creating environment hook '/home/adha/belajar/ws1/install/ros2_socketcan/share/ros2_socketcan/hook/ld_library_path_lib.ps1'
[1.178s] INFO:colcon.colcon_core.shell:Creating environment descriptor '/home/adha/belajar/ws1/install/ros2_socketcan/share/ros2_socketcan/hook/ld_library_path_lib.dsv'
[1.181s] INFO:colcon.colcon_core.shell:Creating environment hook '/home/adha/belajar/ws1/install/ros2_socketcan/share/ros2_socketcan/hook/ld_library_path_lib.sh'
[1.182s] Level 1:colcon.colcon_core.environment:checking '/home/adha/belajar/ws1/install/ros2_socketcan/bin'
[1.182s] Level 1:colcon.colcon_core.environment:checking '/home/adha/belajar/ws1/install/ros2_socketcan/lib/pkgconfig/ros2_socketcan.pc'
[1.182s] Level 1:colcon.colcon_core.environment:checking '/home/adha/belajar/ws1/install/ros2_socketcan/lib/python3.12/site-packages'
[1.182s] Level 1:colcon.colcon_core.environment:checking '/home/adha/belajar/ws1/install/ros2_socketcan/bin'
[1.182s] INFO:colcon.colcon_core.shell:Creating package script '/home/adha/belajar/ws1/install/ros2_socketcan/share/ros2_socketcan/package.ps1'
[1.183s] INFO:colcon.colcon_core.shell:Creating package descriptor '/home/adha/belajar/ws1/install/ros2_socketcan/share/ros2_socketcan/package.dsv'
[1.183s] INFO:colcon.colcon_core.shell:Creating package script '/home/adha/belajar/ws1/install/ros2_socketcan/share/ros2_socketcan/package.sh'
[1.183s] INFO:colcon.colcon_core.shell:Creating package script '/home/adha/belajar/ws1/install/ros2_socketcan/share/ros2_socketcan/package.bash'
[1.184s] INFO:colcon.colcon_core.shell:Creating package script '/home/adha/belajar/ws1/install/ros2_socketcan/share/ros2_socketcan/package.zsh'
[1.184s] Level 1:colcon.colcon_core.environment:create_file_with_runtime_dependencies(/home/adha/belajar/ws1/install/ros2_socketcan/share/colcon-core/packages/ros2_socketcan)
[1.264s] Level 1:colcon.colcon_core.environment:create_environment_scripts_only(ros2_socketcan)
[1.264s] Level 1:colcon.colcon_core.environment:checking '/home/adha/belajar/ws1/install/ros2_socketcan' for CMake module files
[1.265s] Level 1:colcon.colcon_core.environment:checking '/home/adha/belajar/ws1/install/ros2_socketcan' for CMake config files
[1.265s] Level 1:colcon.colcon_core.shell:create_environment_hook('ros2_socketcan', 'cmake_prefix_path')
[1.265s] INFO:colcon.colcon_core.shell:Creating environment hook '/home/adha/belajar/ws1/install/ros2_socketcan/share/ros2_socketcan/hook/cmake_prefix_path.ps1'
[1.266s] INFO:colcon.colcon_core.shell:Creating environment descriptor '/home/adha/belajar/ws1/install/ros2_socketcan/share/ros2_socketcan/hook/cmake_prefix_path.dsv'
[1.266s] INFO:colcon.colcon_core.shell:Creating environment hook '/home/adha/belajar/ws1/install/ros2_socketcan/share/ros2_socketcan/hook/cmake_prefix_path.sh'
[1.267s] Level 1:colcon.colcon_core.environment:checking '/home/adha/belajar/ws1/install/ros2_socketcan/lib'
[1.267s] Level 1:colcon.colcon_core.shell:create_environment_hook('ros2_socketcan', 'ld_library_path_lib')
[1.267s] INFO:colcon.colcon_core.shell:Creating environment hook '/home/adha/belajar/ws1/install/ros2_socketcan/share/ros2_socketcan/hook/ld_library_path_lib.ps1'
[1.268s] INFO:colcon.colcon_core.shell:Creating environment descriptor '/home/adha/belajar/ws1/install/ros2_socketcan/share/ros2_socketcan/hook/ld_library_path_lib.dsv'
[1.268s] INFO:colcon.colcon_core.shell:Creating environment hook '/home/adha/belajar/ws1/install/ros2_socketcan/share/ros2_socketcan/hook/ld_library_path_lib.sh'
[1.269s] Level 1:colcon.colcon_core.environment:checking '/home/adha/belajar/ws1/install/ros2_socketcan/bin'
[1.269s] Level 1:colcon.colcon_core.environment:checking '/home/adha/belajar/ws1/install/ros2_socketcan/lib/pkgconfig/ros2_socketcan.pc'
[1.269s] Level 1:colcon.colcon_core.environment:checking '/home/adha/belajar/ws1/install/ros2_socketcan/lib/python3.12/site-packages'
[1.269s] Level 1:colcon.colcon_core.environment:checking '/home/adha/belajar/ws1/install/ros2_socketcan/bin'
[1.269s] INFO:colcon.colcon_core.shell:Creating package script '/home/adha/belajar/ws1/install/ros2_socketcan/share/ros2_socketcan/package.ps1'
[1.271s] INFO:colcon.colcon_core.shell:Creating package descriptor '/home/adha/belajar/ws1/install/ros2_socketcan/share/ros2_socketcan/package.dsv'
[1.271s] INFO:colcon.colcon_core.shell:Creating package script '/home/adha/belajar/ws1/install/ros2_socketcan/share/ros2_socketcan/package.sh'
[1.273s] INFO:colcon.colcon_core.shell:Creating package script '/home/adha/belajar/ws1/install/ros2_socketcan/share/ros2_socketcan/package.bash'
[1.273s] INFO:colcon.colcon_core.shell:Creating package script '/home/adha/belajar/ws1/install/ros2_socketcan/share/ros2_socketcan/package.zsh'
[1.275s] Level 1:colcon.colcon_core.environment:create_file_with_runtime_dependencies(/home/adha/belajar/ws1/install/ros2_socketcan/share/colcon-core/packages/ros2_socketcan)
[1.743s] DEBUG:colcon.colcon_core.event_handler.log_command:Invoked command in '/home/adha/belajar/ws1/build/control' returned '2': CMAKE_PREFIX_PATH=/home/adha/belajar/ws1/install/msgs:/home/adha/belajar/ws1/install/ros2_socketcan:/home/adha/belajar/ws1/install/ros2_socketcan_msgs:/home/adha/belajar/ws1/install/control:/home/adha/belajar/ws1/install/can_msgs:/opt/ros/jazzy/opt/gz_math_vendor:/opt/ros/jazzy/opt/gz_utils_vendor:/opt/ros/jazzy/opt/gz_cmake_vendor:/opt/ros/jazzy DEBUGINFOD_URLS=https://debuginfod.ubuntu.com LD_LIBRARY_PATH=/home/adha/belajar/ws1/install/msgs/lib:/home/adha/belajar/ws1/install/ros2_socketcan/lib:/home/adha/belajar/ws1/install/ros2_socketcan_msgs/lib:/home/adha/belajar/ws1/install/can_msgs/lib:/opt/ros/jazzy/opt/rviz_ogre_vendor/lib:/opt/ros/jazzy/lib/x86_64-linux-gnu:/opt/ros/jazzy/opt/gz_math_vendor/lib:/opt/ros/jazzy/opt/gz_utils_vendor/lib:/opt/ros/jazzy/opt/gz_cmake_vendor/lib:/opt/ros/jazzy/lib PYTHONPATH=/home/adha/belajar/ws1/install/msgs/lib/python3.12/site-packages:/home/adha/belajar/ws1/install/ros2_socketcan_msgs/lib/python3.12/site-packages:/home/adha/belajar/ws1/install/can_msgs/lib/python3.12/site-packages:/opt/ros/jazzy/lib/python3.12/site-packages /usr/bin/cmake --build /home/adha/belajar/ws1/build/control -- -j12 -l12
[1.813s] Level 1:colcon.colcon_core.environment:create_environment_scripts_only(control)
[1.813s] Level 1:colcon.colcon_core.environment:checking '/home/adha/belajar/ws1/install/control' for CMake module files
[1.813s] Level 1:colcon.colcon_core.environment:checking '/home/adha/belajar/ws1/install/control' for CMake config files
[1.814s] Level 1:colcon.colcon_core.shell:create_environment_hook('control', 'cmake_prefix_path')
[1.814s] INFO:colcon.colcon_core.shell:Creating environment hook '/home/adha/belajar/ws1/install/control/share/control/hook/cmake_prefix_path.ps1'
[1.815s] INFO:colcon.colcon_core.shell:Creating environment descriptor '/home/adha/belajar/ws1/install/control/share/control/hook/cmake_prefix_path.dsv'
[1.816s] INFO:colcon.colcon_core.shell:Creating environment hook '/home/adha/belajar/ws1/install/control/share/control/hook/cmake_prefix_path.sh'
[1.816s] Level 1:colcon.colcon_core.environment:checking '/home/adha/belajar/ws1/install/control/lib'
[1.816s] Level 1:colcon.colcon_core.environment:checking '/home/adha/belajar/ws1/install/control/bin'
[1.816s] Level 1:colcon.colcon_core.environment:checking '/home/adha/belajar/ws1/install/control/lib/pkgconfig/control.pc'
[1.816s] Level 1:colcon.colcon_core.environment:checking '/home/adha/belajar/ws1/install/control/lib/python3.12/site-packages'
[1.816s] Level 1:colcon.colcon_core.environment:checking '/home/adha/belajar/ws1/install/control/bin'
[1.817s] INFO:colcon.colcon_core.shell:Creating package script '/home/adha/belajar/ws1/install/control/share/control/package.ps1'
[1.817s] INFO:colcon.colcon_core.shell:Creating package descriptor '/home/adha/belajar/ws1/install/control/share/control/package.dsv'
[1.817s] INFO:colcon.colcon_core.shell:Creating package script '/home/adha/belajar/ws1/install/control/share/control/package.sh'
[1.817s] INFO:colcon.colcon_core.shell:Creating package script '/home/adha/belajar/ws1/install/control/share/control/package.bash'
[1.818s] INFO:colcon.colcon_core.shell:Creating package script '/home/adha/belajar/ws1/install/control/share/control/package.zsh'
[1.818s] Level 1:colcon.colcon_core.environment:create_file_with_runtime_dependencies(/home/adha/belajar/ws1/install/control/share/colcon-core/packages/control)
[1.828s] DEBUG:colcon.colcon_parallel_executor.executor.parallel:closing loop
[1.829s] DEBUG:colcon.colcon_parallel_executor.executor.parallel:loop closed
[1.829s] DEBUG:colcon.colcon_parallel_executor.executor.parallel:run_until_complete finished with '2'
[1.829s] DEBUG:colcon.colcon_core.event_reactor:joining thread
[1.833s] INFO:colcon.colcon_core.plugin_system:Skipping extension 'colcon_notification.desktop_notification.terminal_notifier': Not used on non-Darwin systems
[1.833s] INFO:colcon.colcon_core.plugin_system:Skipping extension 'colcon_notification.desktop_notification.win32': Not used on non-Windows systems
[1.833s] INFO:colcon.colcon_notification.desktop_notification:Sending desktop notification using 'notify2'
[1.844s] DEBUG:colcon.colcon_core.event_reactor:joined thread
[1.844s] INFO:colcon.colcon_core.shell:Creating prefix script '/home/adha/belajar/ws1/install/local_setup.ps1'
[1.845s] INFO:colcon.colcon_core.shell:Creating prefix util module '/home/adha/belajar/ws1/install/_local_setup_util_ps1.py'
[1.846s] INFO:colcon.colcon_core.shell:Creating prefix chain script '/home/adha/belajar/ws1/install/setup.ps1'
[1.847s] INFO:colcon.colcon_core.shell:Creating prefix script '/home/adha/belajar/ws1/install/local_setup.sh'
[1.847s] INFO:colcon.colcon_core.shell:Creating prefix util module '/home/adha/belajar/ws1/install/_local_setup_util_sh.py'
[1.847s] INFO:colcon.colcon_core.shell:Creating prefix chain script '/home/adha/belajar/ws1/install/setup.sh'
[1.848s] INFO:colcon.colcon_core.shell:Creating prefix script '/home/adha/belajar/ws1/install/local_setup.bash'
[1.848s] INFO:colcon.colcon_core.shell:Creating prefix chain script '/home/adha/belajar/ws1/install/setup.bash'
[1.849s] INFO:colcon.colcon_core.shell:Creating prefix script '/home/adha/belajar/ws1/install/local_setup.zsh'
[1.850s] INFO:colcon.colcon_core.shell:Creating prefix chain script '/home/adha/belajar/ws1/install/setup.zsh'
