[0.186s] DEBUG:colcon:Command line arguments: ['/usr/bin/colcon', 'build']
[0.186s] DEBUG:colcon:Parsed command line arguments: Namespace(log_base=None, log_level=None, verb_name='build', build_base='build', install_base='install', merge_install=False, symlink_install=False, test_result_base=None, continue_on_error=False, executor='parallel', parallel_workers=12, event_handlers=None, ignore_user_meta=False, metas=['./colcon.meta'], base_paths=['.'], packages_ignore=None, packages_ignore_regex=None, paths=None, packages_up_to=None, packages_up_to_regex=None, packages_above=None, packages_above_and_dependencies=None, packages_above_depth=None, packages_select_by_dep=None, packages_skip_by_dep=None, packages_skip_up_to=None, packages_select_build_failed=False, packages_skip_build_finished=False, packages_select_test_failures=False, packages_skip_test_passed=False, packages_select=None, packages_skip=None, packages_select_regex=None, packages_skip_regex=None, packages_start=None, packages_end=None, allow_overriding=[], cmake_args=None, cmake_target=None, cmake_target_skip_unavailable=False, cmake_clean_cache=False, cmake_clean_first=False, cmake_force_configure=False, ament_cmake_args=None, catkin_cmake_args=None, catkin_skip_building_tests=False, verb_parser=<colcon_defaults.argument_parser.defaults.DefaultArgumentsDecorator object at 0x78d3e9b6c1a0>, verb_extension=<colcon_core.verb.build.BuildVerb object at 0x78d3e9b3fe30>, main=<bound method BuildVerb.main of <colcon_core.verb.build.BuildVerb object at 0x78d3e9b3fe30>>)
[0.254s] Level 1:colcon.colcon_core.package_discovery:discover_packages(colcon_meta) check parameters
[0.255s] Level 1:colcon.colcon_core.package_discovery:discover_packages(recursive) check parameters
[0.255s] Level 1:colcon.colcon_core.package_discovery:discover_packages(ignore) check parameters
[0.255s] Level 1:colcon.colcon_core.package_discovery:discover_packages(path) check parameters
[0.255s] Level 1:colcon.colcon_core.package_discovery:discover_packages(colcon_meta) discover
[0.255s] Level 1:colcon.colcon_core.package_discovery:discover_packages(recursive) discover
[0.255s] INFO:colcon.colcon_core.package_discovery:Crawling recursively for packages in '/home/adha/belajar/ws1'
[0.255s] Level 1:colcon.colcon_core.package_identification:_identify(.) by extensions ['ignore', 'ignore_ament_install']
[0.255s] Level 1:colcon.colcon_core.package_identification:_identify(.) by extension 'ignore'
[0.255s] Level 1:colcon.colcon_core.package_identification:_identify(.) by extension 'ignore_ament_install'
[0.256s] Level 1:colcon.colcon_core.package_identification:_identify(.) by extensions ['colcon_pkg']
[0.256s] Level 1:colcon.colcon_core.package_identification:_identify(.) by extension 'colcon_pkg'
[0.256s] Level 1:colcon.colcon_core.package_identification:_identify(.) by extensions ['colcon_meta']
[0.256s] Level 1:colcon.colcon_core.package_identification:_identify(.) by extension 'colcon_meta'
[0.256s] Level 1:colcon.colcon_core.package_identification:_identify(.) by extensions ['ros']
[0.256s] Level 1:colcon.colcon_core.package_identification:_identify(.) by extension 'ros'
[0.304s] Level 1:colcon.colcon_core.package_identification:_identify(.) by extensions ['cmake', 'python']
[0.304s] Level 1:colcon.colcon_core.package_identification:_identify(.) by extension 'cmake'
[0.304s] Level 1:colcon.colcon_core.package_identification:_identify(.) by extension 'python'
[0.304s] Level 1:colcon.colcon_core.package_identification:_identify(.) by extensions ['python_setup_py']
[0.304s] Level 1:colcon.colcon_core.package_identification:_identify(.) by extension 'python_setup_py'
[0.304s] Level 1:colcon.colcon_core.package_identification:_identify(build) by extensions ['ignore', 'ignore_ament_install']
[0.304s] Level 1:colcon.colcon_core.package_identification:_identify(build) by extension 'ignore'
[0.304s] Level 1:colcon.colcon_core.package_identification:_identify(build) ignored
[0.305s] Level 1:colcon.colcon_core.package_identification:_identify(install) by extensions ['ignore', 'ignore_ament_install']
[0.305s] Level 1:colcon.colcon_core.package_identification:_identify(install) by extension 'ignore'
[0.305s] Level 1:colcon.colcon_core.package_identification:_identify(install) ignored
[0.305s] Level 1:colcon.colcon_core.package_identification:_identify(log) by extensions ['ignore', 'ignore_ament_install']
[0.305s] Level 1:colcon.colcon_core.package_identification:_identify(log) by extension 'ignore'
[0.305s] Level 1:colcon.colcon_core.package_identification:_identify(log) ignored
[0.305s] Level 1:colcon.colcon_core.package_identification:_identify(src) by extensions ['ignore', 'ignore_ament_install']
[0.305s] Level 1:colcon.colcon_core.package_identification:_identify(src) by extension 'ignore'
[0.306s] Level 1:colcon.colcon_core.package_identification:_identify(src) by extension 'ignore_ament_install'
[0.306s] Level 1:colcon.colcon_core.package_identification:_identify(src) by extensions ['colcon_pkg']
[0.306s] Level 1:colcon.colcon_core.package_identification:_identify(src) by extension 'colcon_pkg'
[0.306s] Level 1:colcon.colcon_core.package_identification:_identify(src) by extensions ['colcon_meta']
[0.306s] Level 1:colcon.colcon_core.package_identification:_identify(src) by extension 'colcon_meta'
[0.306s] Level 1:colcon.colcon_core.package_identification:_identify(src) by extensions ['ros']
[0.306s] Level 1:colcon.colcon_core.package_identification:_identify(src) by extension 'ros'
[0.306s] Level 1:colcon.colcon_core.package_identification:_identify(src) by extensions ['cmake', 'python']
[0.306s] Level 1:colcon.colcon_core.package_identification:_identify(src) by extension 'cmake'
[0.306s] Level 1:colcon.colcon_core.package_identification:_identify(src) by extension 'python'
[0.306s] Level 1:colcon.colcon_core.package_identification:_identify(src) by extensions ['python_setup_py']
[0.306s] Level 1:colcon.colcon_core.package_identification:_identify(src) by extension 'python_setup_py'
[0.306s] Level 1:colcon.colcon_core.package_identification:_identify(src/control) by extensions ['ignore', 'ignore_ament_install']
[0.306s] Level 1:colcon.colcon_core.package_identification:_identify(src/control) by extension 'ignore'
[0.306s] Level 1:colcon.colcon_core.package_identification:_identify(src/control) by extension 'ignore_ament_install'
[0.307s] Level 1:colcon.colcon_core.package_identification:_identify(src/control) by extensions ['colcon_pkg']
[0.307s] Level 1:colcon.colcon_core.package_identification:_identify(src/control) by extension 'colcon_pkg'
[0.307s] Level 1:colcon.colcon_core.package_identification:_identify(src/control) by extensions ['colcon_meta']
[0.307s] Level 1:colcon.colcon_core.package_identification:_identify(src/control) by extension 'colcon_meta'
[0.307s] Level 1:colcon.colcon_core.package_identification:_identify(src/control) by extensions ['ros']
[0.307s] Level 1:colcon.colcon_core.package_identification:_identify(src/control) by extension 'ros'
[0.313s] DEBUG:colcon.colcon_core.package_identification:Package 'src/control' with type 'ros.ament_cmake' and name 'control'
[0.313s] Level 1:colcon.colcon_core.package_identification:_identify(src/msgs) by extensions ['ignore', 'ignore_ament_install']
[0.313s] Level 1:colcon.colcon_core.package_identification:_identify(src/msgs) by extension 'ignore'
[0.313s] Level 1:colcon.colcon_core.package_identification:_identify(src/msgs) by extension 'ignore_ament_install'
[0.314s] Level 1:colcon.colcon_core.package_identification:_identify(src/msgs) by extensions ['colcon_pkg']
[0.314s] Level 1:colcon.colcon_core.package_identification:_identify(src/msgs) by extension 'colcon_pkg'
[0.314s] Level 1:colcon.colcon_core.package_identification:_identify(src/msgs) by extensions ['colcon_meta']
[0.314s] Level 1:colcon.colcon_core.package_identification:_identify(src/msgs) by extension 'colcon_meta'
[0.314s] Level 1:colcon.colcon_core.package_identification:_identify(src/msgs) by extensions ['ros']
[0.314s] Level 1:colcon.colcon_core.package_identification:_identify(src/msgs) by extension 'ros'
[0.315s] DEBUG:colcon.colcon_core.package_identification:Package 'src/msgs' with type 'ros.ament_cmake' and name 'msgs'
[0.315s] Level 1:colcon.colcon_core.package_identification:_identify(src/ros2_socketcan) by extensions ['ignore', 'ignore_ament_install']
[0.315s] Level 1:colcon.colcon_core.package_identification:_identify(src/ros2_socketcan) by extension 'ignore'
[0.315s] Level 1:colcon.colcon_core.package_identification:_identify(src/ros2_socketcan) by extension 'ignore_ament_install'
[0.315s] Level 1:colcon.colcon_core.package_identification:_identify(src/ros2_socketcan) by extensions ['colcon_pkg']
[0.315s] Level 1:colcon.colcon_core.package_identification:_identify(src/ros2_socketcan) by extension 'colcon_pkg'
[0.315s] Level 1:colcon.colcon_core.package_identification:_identify(src/ros2_socketcan) by extensions ['colcon_meta']
[0.315s] Level 1:colcon.colcon_core.package_identification:_identify(src/ros2_socketcan) by extension 'colcon_meta'
[0.316s] Level 1:colcon.colcon_core.package_identification:_identify(src/ros2_socketcan) by extensions ['ros']
[0.316s] Level 1:colcon.colcon_core.package_identification:_identify(src/ros2_socketcan) by extension 'ros'
[0.316s] Level 1:colcon.colcon_core.package_identification:_identify(src/ros2_socketcan) by extensions ['cmake', 'python']
[0.316s] Level 1:colcon.colcon_core.package_identification:_identify(src/ros2_socketcan) by extension 'cmake'
[0.316s] Level 1:colcon.colcon_core.package_identification:_identify(src/ros2_socketcan) by extension 'python'
[0.316s] Level 1:colcon.colcon_core.package_identification:_identify(src/ros2_socketcan) by extensions ['python_setup_py']
[0.316s] Level 1:colcon.colcon_core.package_identification:_identify(src/ros2_socketcan) by extension 'python_setup_py'
[0.316s] Level 1:colcon.colcon_core.package_identification:_identify(src/ros2_socketcan/can_msgs) by extensions ['ignore', 'ignore_ament_install']
[0.316s] Level 1:colcon.colcon_core.package_identification:_identify(src/ros2_socketcan/can_msgs) by extension 'ignore'
[0.316s] Level 1:colcon.colcon_core.package_identification:_identify(src/ros2_socketcan/can_msgs) by extension 'ignore_ament_install'
[0.316s] Level 1:colcon.colcon_core.package_identification:_identify(src/ros2_socketcan/can_msgs) by extensions ['colcon_pkg']
[0.316s] Level 1:colcon.colcon_core.package_identification:_identify(src/ros2_socketcan/can_msgs) by extension 'colcon_pkg'
[0.316s] Level 1:colcon.colcon_core.package_identification:_identify(src/ros2_socketcan/can_msgs) by extensions ['colcon_meta']
[0.316s] Level 1:colcon.colcon_core.package_identification:_identify(src/ros2_socketcan/can_msgs) by extension 'colcon_meta'
[0.316s] Level 1:colcon.colcon_core.package_identification:_identify(src/ros2_socketcan/can_msgs) by extensions ['ros']
[0.316s] Level 1:colcon.colcon_core.package_identification:_identify(src/ros2_socketcan/can_msgs) by extension 'ros'
[0.318s] DEBUG:colcon.colcon_core.package_identification:Package 'src/ros2_socketcan/can_msgs' with type 'ros.ament_cmake' and name 'can_msgs'
[0.318s] Level 1:colcon.colcon_core.package_identification:_identify(src/ros2_socketcan/ros2_socketcan) by extensions ['ignore', 'ignore_ament_install']
[0.318s] Level 1:colcon.colcon_core.package_identification:_identify(src/ros2_socketcan/ros2_socketcan) by extension 'ignore'
[0.318s] Level 1:colcon.colcon_core.package_identification:_identify(src/ros2_socketcan/ros2_socketcan) by extension 'ignore_ament_install'
[0.318s] Level 1:colcon.colcon_core.package_identification:_identify(src/ros2_socketcan/ros2_socketcan) by extensions ['colcon_pkg']
[0.318s] Level 1:colcon.colcon_core.package_identification:_identify(src/ros2_socketcan/ros2_socketcan) by extension 'colcon_pkg'
[0.318s] Level 1:colcon.colcon_core.package_identification:_identify(src/ros2_socketcan/ros2_socketcan) by extensions ['colcon_meta']
[0.318s] Level 1:colcon.colcon_core.package_identification:_identify(src/ros2_socketcan/ros2_socketcan) by extension 'colcon_meta'
[0.318s] Level 1:colcon.colcon_core.package_identification:_identify(src/ros2_socketcan/ros2_socketcan) by extensions ['ros']
[0.318s] Level 1:colcon.colcon_core.package_identification:_identify(src/ros2_socketcan/ros2_socketcan) by extension 'ros'
[0.320s] DEBUG:colcon.colcon_core.package_identification:Package 'src/ros2_socketcan/ros2_socketcan' with type 'ros.ament_cmake' and name 'ros2_socketcan'
[0.320s] Level 1:colcon.colcon_core.package_identification:_identify(src/ros2_socketcan/ros2_socketcan_msgs) by extensions ['ignore', 'ignore_ament_install']
[0.320s] Level 1:colcon.colcon_core.package_identification:_identify(src/ros2_socketcan/ros2_socketcan_msgs) by extension 'ignore'
[0.320s] Level 1:colcon.colcon_core.package_identification:_identify(src/ros2_socketcan/ros2_socketcan_msgs) by extension 'ignore_ament_install'
[0.320s] Level 1:colcon.colcon_core.package_identification:_identify(src/ros2_socketcan/ros2_socketcan_msgs) by extensions ['colcon_pkg']
[0.320s] Level 1:colcon.colcon_core.package_identification:_identify(src/ros2_socketcan/ros2_socketcan_msgs) by extension 'colcon_pkg'
[0.320s] Level 1:colcon.colcon_core.package_identification:_identify(src/ros2_socketcan/ros2_socketcan_msgs) by extensions ['colcon_meta']
[0.320s] Level 1:colcon.colcon_core.package_identification:_identify(src/ros2_socketcan/ros2_socketcan_msgs) by extension 'colcon_meta'
[0.320s] Level 1:colcon.colcon_core.package_identification:_identify(src/ros2_socketcan/ros2_socketcan_msgs) by extensions ['ros']
[0.320s] Level 1:colcon.colcon_core.package_identification:_identify(src/ros2_socketcan/ros2_socketcan_msgs) by extension 'ros'
[0.321s] DEBUG:colcon.colcon_core.package_identification:Package 'src/ros2_socketcan/ros2_socketcan_msgs' with type 'ros.ament_cmake' and name 'ros2_socketcan_msgs'
[0.321s] Level 1:colcon.colcon_core.package_discovery:discover_packages(recursive) using defaults
[0.322s] Level 1:colcon.colcon_core.package_discovery:discover_packages(ignore) discover
[0.322s] Level 1:colcon.colcon_core.package_discovery:discover_packages(ignore) using defaults
[0.322s] Level 1:colcon.colcon_core.package_discovery:discover_packages(path) discover
[0.322s] Level 1:colcon.colcon_core.package_discovery:discover_packages(path) using defaults
[0.355s] Level 1:colcon.colcon_core.package_discovery:discover_packages(prefix_path) check parameters
[0.356s] Level 1:colcon.colcon_core.package_discovery:discover_packages(prefix_path) discover
[0.359s] DEBUG:colcon.colcon_installed_package_information.package_discovery:Found 6 installed packages in /home/adha/belajar/ws1/install
[0.363s] DEBUG:colcon.colcon_installed_package_information.package_discovery:Found 285 installed packages in /opt/ros/jazzy
[0.364s] Level 1:colcon.colcon_core.package_discovery:discover_packages(prefix_path) using defaults
[0.436s] Level 5:colcon.colcon_core.verb:set package 'can_msgs' build argument 'cmake_args' from command line to 'None'
[0.436s] Level 5:colcon.colcon_core.verb:set package 'can_msgs' build argument 'cmake_target' from command line to 'None'
[0.437s] Level 5:colcon.colcon_core.verb:set package 'can_msgs' build argument 'cmake_target_skip_unavailable' from command line to 'False'
[0.437s] Level 5:colcon.colcon_core.verb:set package 'can_msgs' build argument 'cmake_clean_cache' from command line to 'False'
[0.437s] Level 5:colcon.colcon_core.verb:set package 'can_msgs' build argument 'cmake_clean_first' from command line to 'False'
[0.437s] Level 5:colcon.colcon_core.verb:set package 'can_msgs' build argument 'cmake_force_configure' from command line to 'False'
[0.437s] Level 5:colcon.colcon_core.verb:set package 'can_msgs' build argument 'ament_cmake_args' from command line to 'None'
[0.437s] Level 5:colcon.colcon_core.verb:set package 'can_msgs' build argument 'catkin_cmake_args' from command line to 'None'
[0.437s] Level 5:colcon.colcon_core.verb:set package 'can_msgs' build argument 'catkin_skip_building_tests' from command line to 'False'
[0.437s] DEBUG:colcon.colcon_core.verb:Building package 'can_msgs' with the following arguments: {'ament_cmake_args': None, 'build_base': '/home/adha/belajar/ws1/build/can_msgs', 'catkin_cmake_args': None, 'catkin_skip_building_tests': False, 'cmake_args': None, 'cmake_clean_cache': False, 'cmake_clean_first': False, 'cmake_force_configure': False, 'cmake_target': None, 'cmake_target_skip_unavailable': False, 'install_base': '/home/adha/belajar/ws1/install/can_msgs', 'merge_install': False, 'path': '/home/adha/belajar/ws1/src/ros2_socketcan/can_msgs', 'symlink_install': False, 'test_result_base': None}
[0.437s] Level 5:colcon.colcon_core.verb:set package 'msgs' build argument 'cmake_args' from command line to 'None'
[0.437s] Level 5:colcon.colcon_core.verb:set package 'msgs' build argument 'cmake_target' from command line to 'None'
[0.437s] Level 5:colcon.colcon_core.verb:set package 'msgs' build argument 'cmake_target_skip_unavailable' from command line to 'False'
[0.437s] Level 5:colcon.colcon_core.verb:set package 'msgs' build argument 'cmake_clean_cache' from command line to 'False'
[0.437s] Level 5:colcon.colcon_core.verb:set package 'msgs' build argument 'cmake_clean_first' from command line to 'False'
[0.437s] Level 5:colcon.colcon_core.verb:set package 'msgs' build argument 'cmake_force_configure' from command line to 'False'
[0.437s] Level 5:colcon.colcon_core.verb:set package 'msgs' build argument 'ament_cmake_args' from command line to 'None'
[0.437s] Level 5:colcon.colcon_core.verb:set package 'msgs' build argument 'catkin_cmake_args' from command line to 'None'
[0.438s] Level 5:colcon.colcon_core.verb:set package 'msgs' build argument 'catkin_skip_building_tests' from command line to 'False'
[0.438s] DEBUG:colcon.colcon_core.verb:Building package 'msgs' with the following arguments: {'ament_cmake_args': None, 'build_base': '/home/adha/belajar/ws1/build/msgs', 'catkin_cmake_args': None, 'catkin_skip_building_tests': False, 'cmake_args': None, 'cmake_clean_cache': False, 'cmake_clean_first': False, 'cmake_force_configure': False, 'cmake_target': None, 'cmake_target_skip_unavailable': False, 'install_base': '/home/adha/belajar/ws1/install/msgs', 'merge_install': False, 'path': '/home/adha/belajar/ws1/src/msgs', 'symlink_install': False, 'test_result_base': None}
[0.438s] Level 5:colcon.colcon_core.verb:set package 'ros2_socketcan_msgs' build argument 'cmake_args' from command line to 'None'
[0.438s] Level 5:colcon.colcon_core.verb:set package 'ros2_socketcan_msgs' build argument 'cmake_target' from command line to 'None'
[0.438s] Level 5:colcon.colcon_core.verb:set package 'ros2_socketcan_msgs' build argument 'cmake_target_skip_unavailable' from command line to 'False'
[0.438s] Level 5:colcon.colcon_core.verb:set package 'ros2_socketcan_msgs' build argument 'cmake_clean_cache' from command line to 'False'
[0.438s] Level 5:colcon.colcon_core.verb:set package 'ros2_socketcan_msgs' build argument 'cmake_clean_first' from command line to 'False'
[0.438s] Level 5:colcon.colcon_core.verb:set package 'ros2_socketcan_msgs' build argument 'cmake_force_configure' from command line to 'False'
[0.438s] Level 5:colcon.colcon_core.verb:set package 'ros2_socketcan_msgs' build argument 'ament_cmake_args' from command line to 'None'
[0.438s] Level 5:colcon.colcon_core.verb:set package 'ros2_socketcan_msgs' build argument 'catkin_cmake_args' from command line to 'None'
[0.438s] Level 5:colcon.colcon_core.verb:set package 'ros2_socketcan_msgs' build argument 'catkin_skip_building_tests' from command line to 'False'
[0.438s] DEBUG:colcon.colcon_core.verb:Building package 'ros2_socketcan_msgs' with the following arguments: {'ament_cmake_args': None, 'build_base': '/home/adha/belajar/ws1/build/ros2_socketcan_msgs', 'catkin_cmake_args': None, 'catkin_skip_building_tests': False, 'cmake_args': None, 'cmake_clean_cache': False, 'cmake_clean_first': False, 'cmake_force_configure': False, 'cmake_target': None, 'cmake_target_skip_unavailable': False, 'install_base': '/home/adha/belajar/ws1/install/ros2_socketcan_msgs', 'merge_install': False, 'path': '/home/adha/belajar/ws1/src/ros2_socketcan/ros2_socketcan_msgs', 'symlink_install': False, 'test_result_base': None}
[0.439s] Level 5:colcon.colcon_core.verb:set package 'control' build argument 'cmake_args' from command line to 'None'
[0.439s] Level 5:colcon.colcon_core.verb:set package 'control' build argument 'cmake_target' from command line to 'None'
[0.439s] Level 5:colcon.colcon_core.verb:set package 'control' build argument 'cmake_target_skip_unavailable' from command line to 'False'
[0.439s] Level 5:colcon.colcon_core.verb:set package 'control' build argument 'cmake_clean_cache' from command line to 'False'
[0.439s] Level 5:colcon.colcon_core.verb:set package 'control' build argument 'cmake_clean_first' from command line to 'False'
[0.439s] Level 5:colcon.colcon_core.verb:set package 'control' build argument 'cmake_force_configure' from command line to 'False'
[0.439s] Level 5:colcon.colcon_core.verb:set package 'control' build argument 'ament_cmake_args' from command line to 'None'
[0.439s] Level 5:colcon.colcon_core.verb:set package 'control' build argument 'catkin_cmake_args' from command line to 'None'
[0.439s] Level 5:colcon.colcon_core.verb:set package 'control' build argument 'catkin_skip_building_tests' from command line to 'False'
[0.439s] DEBUG:colcon.colcon_core.verb:Building package 'control' with the following arguments: {'ament_cmake_args': None, 'build_base': '/home/adha/belajar/ws1/build/control', 'catkin_cmake_args': None, 'catkin_skip_building_tests': False, 'cmake_args': None, 'cmake_clean_cache': False, 'cmake_clean_first': False, 'cmake_force_configure': False, 'cmake_target': None, 'cmake_target_skip_unavailable': False, 'install_base': '/home/adha/belajar/ws1/install/control', 'merge_install': False, 'path': '/home/adha/belajar/ws1/src/control', 'symlink_install': False, 'test_result_base': None}
[0.439s] Level 5:colcon.colcon_core.verb:set package 'ros2_socketcan' build argument 'cmake_args' from command line to 'None'
[0.440s] Level 5:colcon.colcon_core.verb:set package 'ros2_socketcan' build argument 'cmake_target' from command line to 'None'
[0.440s] Level 5:colcon.colcon_core.verb:set package 'ros2_socketcan' build argument 'cmake_target_skip_unavailable' from command line to 'False'
[0.440s] Level 5:colcon.colcon_core.verb:set package 'ros2_socketcan' build argument 'cmake_clean_cache' from command line to 'False'
[0.440s] Level 5:colcon.colcon_core.verb:set package 'ros2_socketcan' build argument 'cmake_clean_first' from command line to 'False'
[0.440s] Level 5:colcon.colcon_core.verb:set package 'ros2_socketcan' build argument 'cmake_force_configure' from command line to 'False'
[0.440s] Level 5:colcon.colcon_core.verb:set package 'ros2_socketcan' build argument 'ament_cmake_args' from command line to 'None'
[0.440s] Level 5:colcon.colcon_core.verb:set package 'ros2_socketcan' build argument 'catkin_cmake_args' from command line to 'None'
[0.440s] Level 5:colcon.colcon_core.verb:set package 'ros2_socketcan' build argument 'catkin_skip_building_tests' from command line to 'False'
[0.440s] DEBUG:colcon.colcon_core.verb:Building package 'ros2_socketcan' with the following arguments: {'ament_cmake_args': None, 'build_base': '/home/adha/belajar/ws1/build/ros2_socketcan', 'catkin_cmake_args': None, 'catkin_skip_building_tests': False, 'cmake_args': None, 'cmake_clean_cache': False, 'cmake_clean_first': False, 'cmake_force_configure': False, 'cmake_target': None, 'cmake_target_skip_unavailable': False, 'install_base': '/home/adha/belajar/ws1/install/ros2_socketcan', 'merge_install': False, 'path': '/home/adha/belajar/ws1/src/ros2_socketcan/ros2_socketcan', 'symlink_install': False, 'test_result_base': None}
[0.440s] INFO:colcon.colcon_core.executor:Executing jobs using 'parallel' executor
[0.442s] DEBUG:colcon.colcon_parallel_executor.executor.parallel:run_until_complete
[0.442s] INFO:colcon.colcon_ros.task.ament_cmake.build:Building ROS package in '/home/adha/belajar/ws1/src/ros2_socketcan/can_msgs' with build type 'ament_cmake'
[0.442s] INFO:colcon.colcon_cmake.task.cmake.build:Building CMake package in '/home/adha/belajar/ws1/src/ros2_socketcan/can_msgs'
[0.447s] INFO:colcon.colcon_core.plugin_system:Skipping extension 'colcon_core.shell.bat': Not used on non-Windows systems
[0.448s] INFO:colcon.colcon_core.shell:Skip shell extension 'powershell' for command environment: Not usable outside of PowerShell
[0.448s] DEBUG:colcon.colcon_core.shell:Skip shell extension 'dsv' for command environment
[0.455s] INFO:colcon.colcon_ros.task.ament_cmake.build:Building ROS package in '/home/adha/belajar/ws1/src/msgs' with build type 'ament_cmake'
[0.456s] INFO:colcon.colcon_cmake.task.cmake.build:Building CMake package in '/home/adha/belajar/ws1/src/msgs'
[0.456s] INFO:colcon.colcon_core.shell:Skip shell extension 'powershell' for command environment: Not usable outside of PowerShell
[0.456s] DEBUG:colcon.colcon_core.shell:Skip shell extension 'dsv' for command environment
[0.463s] INFO:colcon.colcon_ros.task.ament_cmake.build:Building ROS package in '/home/adha/belajar/ws1/src/ros2_socketcan/ros2_socketcan_msgs' with build type 'ament_cmake'
[0.463s] INFO:colcon.colcon_cmake.task.cmake.build:Building CMake package in '/home/adha/belajar/ws1/src/ros2_socketcan/ros2_socketcan_msgs'
[0.463s] INFO:colcon.colcon_core.shell:Skip shell extension 'powershell' for command environment: Not usable outside of PowerShell
[0.463s] DEBUG:colcon.colcon_core.shell:Skip shell extension 'dsv' for command environment
[0.481s] DEBUG:colcon.colcon_core.event_handler.log_command:Invoking command in '/home/adha/belajar/ws1/build/can_msgs': CMAKE_PREFIX_PATH=${CMAKE_PREFIX_PATH}:/opt/ros/jazzy DEBUGINFOD_URLS=https://debuginfod.ubuntu.com /usr/bin/cmake --build /home/adha/belajar/ws1/build/can_msgs -- -j12 -l12
[0.489s] DEBUG:colcon.colcon_core.event_handler.log_command:Invoking command in '/home/adha/belajar/ws1/build/msgs': CMAKE_PREFIX_PATH=${CMAKE_PREFIX_PATH}:/opt/ros/jazzy DEBUGINFOD_URLS=https://debuginfod.ubuntu.com /usr/bin/cmake --build /home/adha/belajar/ws1/build/msgs -- -j12 -l12
[0.496s] DEBUG:colcon.colcon_core.event_handler.log_command:Invoking command in '/home/adha/belajar/ws1/build/ros2_socketcan_msgs': CMAKE_PREFIX_PATH=${CMAKE_PREFIX_PATH}:/opt/ros/jazzy DEBUGINFOD_URLS=https://debuginfod.ubuntu.com /usr/bin/cmake --build /home/adha/belajar/ws1/build/ros2_socketcan_msgs -- -j12 -l12
[1.335s] DEBUG:colcon.colcon_core.event_handler.log_command:Invoked command in '/home/adha/belajar/ws1/build/can_msgs' returned '0': CMAKE_PREFIX_PATH=${CMAKE_PREFIX_PATH}:/opt/ros/jazzy DEBUGINFOD_URLS=https://debuginfod.ubuntu.com /usr/bin/cmake --build /home/adha/belajar/ws1/build/can_msgs -- -j12 -l12
[1.353s] DEBUG:colcon.colcon_core.event_handler.log_command:Invoked command in '/home/adha/belajar/ws1/build/ros2_socketcan_msgs' returned '0': CMAKE_PREFIX_PATH=${CMAKE_PREFIX_PATH}:/opt/ros/jazzy DEBUGINFOD_URLS=https://debuginfod.ubuntu.com /usr/bin/cmake --build /home/adha/belajar/ws1/build/ros2_socketcan_msgs -- -j12 -l12
[1.373s] DEBUG:colcon.colcon_core.event_handler.log_command:Invoked command in '/home/adha/belajar/ws1/build/msgs' returned '0': CMAKE_PREFIX_PATH=${CMAKE_PREFIX_PATH}:/opt/ros/jazzy DEBUGINFOD_URLS=https://debuginfod.ubuntu.com /usr/bin/cmake --build /home/adha/belajar/ws1/build/msgs -- -j12 -l12
[1.513s] DEBUG:colcon.colcon_core.event_handler.log_command:Invoking command in '/home/adha/belajar/ws1/build/can_msgs': CMAKE_PREFIX_PATH=${CMAKE_PREFIX_PATH}:/opt/ros/jazzy DEBUGINFOD_URLS=https://debuginfod.ubuntu.com /usr/bin/cmake --install /home/adha/belajar/ws1/build/can_msgs
[1.517s] DEBUG:colcon.colcon_core.event_handler.log_command:Invoking command in '/home/adha/belajar/ws1/build/ros2_socketcan_msgs': CMAKE_PREFIX_PATH=${CMAKE_PREFIX_PATH}:/opt/ros/jazzy DEBUGINFOD_URLS=https://debuginfod.ubuntu.com /usr/bin/cmake --install /home/adha/belajar/ws1/build/ros2_socketcan_msgs
[1.528s] DEBUG:colcon.colcon_core.event_handler.log_command:Invoking command in '/home/adha/belajar/ws1/build/msgs': CMAKE_PREFIX_PATH=${CMAKE_PREFIX_PATH}:/opt/ros/jazzy DEBUGINFOD_URLS=https://debuginfod.ubuntu.com /usr/bin/cmake --install /home/adha/belajar/ws1/build/msgs
[1.655s] Level 1:colcon.colcon_core.environment:create_environment_scripts_only(ros2_socketcan_msgs)
[1.656s] DEBUG:colcon.colcon_core.event_handler.log_command:Invoked command in '/home/adha/belajar/ws1/build/ros2_socketcan_msgs' returned '0': CMAKE_PREFIX_PATH=${CMAKE_PREFIX_PATH}:/opt/ros/jazzy DEBUGINFOD_URLS=https://debuginfod.ubuntu.com /usr/bin/cmake --install /home/adha/belajar/ws1/build/ros2_socketcan_msgs
[1.660s] Level 1:colcon.colcon_core.environment:checking '/home/adha/belajar/ws1/install/ros2_socketcan_msgs' for CMake module files
[1.662s] Level 1:colcon.colcon_core.environment:checking '/home/adha/belajar/ws1/install/ros2_socketcan_msgs' for CMake config files
[1.663s] Level 1:colcon.colcon_core.shell:create_environment_hook('ros2_socketcan_msgs', 'cmake_prefix_path')
[1.663s] INFO:colcon.colcon_core.shell:Creating environment hook '/home/adha/belajar/ws1/install/ros2_socketcan_msgs/share/ros2_socketcan_msgs/hook/cmake_prefix_path.ps1'
[1.664s] INFO:colcon.colcon_core.shell:Creating environment descriptor '/home/adha/belajar/ws1/install/ros2_socketcan_msgs/share/ros2_socketcan_msgs/hook/cmake_prefix_path.dsv'
[1.664s] INFO:colcon.colcon_core.shell:Creating environment hook '/home/adha/belajar/ws1/install/ros2_socketcan_msgs/share/ros2_socketcan_msgs/hook/cmake_prefix_path.sh'
[1.666s] Level 1:colcon.colcon_core.environment:checking '/home/adha/belajar/ws1/install/ros2_socketcan_msgs/lib'
[1.666s] Level 1:colcon.colcon_core.shell:create_environment_hook('ros2_socketcan_msgs', 'ld_library_path_lib')
[1.666s] INFO:colcon.colcon_core.shell:Creating environment hook '/home/adha/belajar/ws1/install/ros2_socketcan_msgs/share/ros2_socketcan_msgs/hook/ld_library_path_lib.ps1'
[1.667s] INFO:colcon.colcon_core.shell:Creating environment descriptor '/home/adha/belajar/ws1/install/ros2_socketcan_msgs/share/ros2_socketcan_msgs/hook/ld_library_path_lib.dsv'
[1.667s] INFO:colcon.colcon_core.shell:Creating environment hook '/home/adha/belajar/ws1/install/ros2_socketcan_msgs/share/ros2_socketcan_msgs/hook/ld_library_path_lib.sh'
[1.668s] Level 1:colcon.colcon_core.environment:checking '/home/adha/belajar/ws1/install/ros2_socketcan_msgs/bin'
[1.668s] Level 1:colcon.colcon_core.environment:checking '/home/adha/belajar/ws1/install/ros2_socketcan_msgs/lib/pkgconfig/ros2_socketcan_msgs.pc'
[1.668s] Level 1:colcon.colcon_core.environment:checking '/home/adha/belajar/ws1/install/ros2_socketcan_msgs/lib/python3.12/site-packages'
[1.669s] Level 1:colcon.colcon_core.shell:create_environment_hook('ros2_socketcan_msgs', 'pythonpath')
[1.669s] INFO:colcon.colcon_core.shell:Creating environment hook '/home/adha/belajar/ws1/install/ros2_socketcan_msgs/share/ros2_socketcan_msgs/hook/pythonpath.ps1'
[1.669s] INFO:colcon.colcon_core.shell:Creating environment descriptor '/home/adha/belajar/ws1/install/ros2_socketcan_msgs/share/ros2_socketcan_msgs/hook/pythonpath.dsv'
[1.670s] INFO:colcon.colcon_core.shell:Creating environment hook '/home/adha/belajar/ws1/install/ros2_socketcan_msgs/share/ros2_socketcan_msgs/hook/pythonpath.sh'
[1.671s] Level 1:colcon.colcon_core.environment:checking '/home/adha/belajar/ws1/install/ros2_socketcan_msgs/bin'
[1.672s] INFO:colcon.colcon_core.shell:Creating package script '/home/adha/belajar/ws1/install/ros2_socketcan_msgs/share/ros2_socketcan_msgs/package.ps1'
[1.673s] INFO:colcon.colcon_core.shell:Creating package descriptor '/home/adha/belajar/ws1/install/ros2_socketcan_msgs/share/ros2_socketcan_msgs/package.dsv'
[1.674s] INFO:colcon.colcon_core.shell:Creating package script '/home/adha/belajar/ws1/install/ros2_socketcan_msgs/share/ros2_socketcan_msgs/package.sh'
[1.675s] INFO:colcon.colcon_core.shell:Creating package script '/home/adha/belajar/ws1/install/ros2_socketcan_msgs/share/ros2_socketcan_msgs/package.bash'
[1.676s] INFO:colcon.colcon_core.shell:Creating package script '/home/adha/belajar/ws1/install/ros2_socketcan_msgs/share/ros2_socketcan_msgs/package.zsh'
[1.677s] Level 1:colcon.colcon_core.environment:create_file_with_runtime_dependencies(/home/adha/belajar/ws1/install/ros2_socketcan_msgs/share/colcon-core/packages/ros2_socketcan_msgs)
[1.680s] Level 1:colcon.colcon_core.environment:create_environment_scripts_only(msgs)
[1.681s] Level 1:colcon.colcon_core.environment:checking '/home/adha/belajar/ws1/install/msgs' for CMake module files
[1.682s] DEBUG:colcon.colcon_core.event_handler.log_command:Invoked command in '/home/adha/belajar/ws1/build/msgs' returned '0': CMAKE_PREFIX_PATH=${CMAKE_PREFIX_PATH}:/opt/ros/jazzy DEBUGINFOD_URLS=https://debuginfod.ubuntu.com /usr/bin/cmake --install /home/adha/belajar/ws1/build/msgs
[1.683s] Level 1:colcon.colcon_core.environment:checking '/home/adha/belajar/ws1/install/msgs' for CMake config files
[1.684s] Level 1:colcon.colcon_core.shell:create_environment_hook('msgs', 'cmake_prefix_path')
[1.684s] INFO:colcon.colcon_core.shell:Creating environment hook '/home/adha/belajar/ws1/install/msgs/share/msgs/hook/cmake_prefix_path.ps1'
[1.685s] INFO:colcon.colcon_core.shell:Creating environment descriptor '/home/adha/belajar/ws1/install/msgs/share/msgs/hook/cmake_prefix_path.dsv'
[1.685s] INFO:colcon.colcon_core.shell:Creating environment hook '/home/adha/belajar/ws1/install/msgs/share/msgs/hook/cmake_prefix_path.sh'
[1.686s] Level 1:colcon.colcon_core.environment:checking '/home/adha/belajar/ws1/install/msgs/lib'
[1.686s] Level 1:colcon.colcon_core.shell:create_environment_hook('msgs', 'ld_library_path_lib')
[1.687s] INFO:colcon.colcon_core.shell:Creating environment hook '/home/adha/belajar/ws1/install/msgs/share/msgs/hook/ld_library_path_lib.ps1'
[1.687s] INFO:colcon.colcon_core.shell:Creating environment descriptor '/home/adha/belajar/ws1/install/msgs/share/msgs/hook/ld_library_path_lib.dsv'
[1.688s] INFO:colcon.colcon_core.shell:Creating environment hook '/home/adha/belajar/ws1/install/msgs/share/msgs/hook/ld_library_path_lib.sh'
[1.689s] Level 1:colcon.colcon_core.environment:checking '/home/adha/belajar/ws1/install/msgs/bin'
[1.689s] Level 1:colcon.colcon_core.environment:checking '/home/adha/belajar/ws1/install/msgs/lib/pkgconfig/msgs.pc'
[1.689s] Level 1:colcon.colcon_core.environment:checking '/home/adha/belajar/ws1/install/msgs/lib/python3.12/site-packages'
[1.689s] Level 1:colcon.colcon_core.shell:create_environment_hook('msgs', 'pythonpath')
[1.690s] INFO:colcon.colcon_core.shell:Creating environment hook '/home/adha/belajar/ws1/install/msgs/share/msgs/hook/pythonpath.ps1'
[1.690s] INFO:colcon.colcon_core.shell:Creating environment descriptor '/home/adha/belajar/ws1/install/msgs/share/msgs/hook/pythonpath.dsv'
[1.691s] INFO:colcon.colcon_core.shell:Creating environment hook '/home/adha/belajar/ws1/install/msgs/share/msgs/hook/pythonpath.sh'
[1.692s] Level 1:colcon.colcon_core.environment:checking '/home/adha/belajar/ws1/install/msgs/bin'
[1.692s] INFO:colcon.colcon_core.shell:Creating package script '/home/adha/belajar/ws1/install/msgs/share/msgs/package.ps1'
[1.693s] INFO:colcon.colcon_core.shell:Creating package descriptor '/home/adha/belajar/ws1/install/msgs/share/msgs/package.dsv'
[1.694s] INFO:colcon.colcon_core.shell:Creating package script '/home/adha/belajar/ws1/install/msgs/share/msgs/package.sh'
[1.695s] INFO:colcon.colcon_core.shell:Creating package script '/home/adha/belajar/ws1/install/msgs/share/msgs/package.bash'
[1.695s] INFO:colcon.colcon_core.shell:Creating package script '/home/adha/belajar/ws1/install/msgs/share/msgs/package.zsh'
[1.696s] Level 1:colcon.colcon_core.environment:create_file_with_runtime_dependencies(/home/adha/belajar/ws1/install/msgs/share/colcon-core/packages/msgs)
[1.697s] Level 1:colcon.colcon_core.environment:create_environment_scripts_only(can_msgs)
[1.698s] Level 1:colcon.colcon_core.environment:checking '/home/adha/belajar/ws1/install/can_msgs' for CMake module files
[1.699s] DEBUG:colcon.colcon_core.event_handler.log_command:Invoked command in '/home/adha/belajar/ws1/build/can_msgs' returned '0': CMAKE_PREFIX_PATH=${CMAKE_PREFIX_PATH}:/opt/ros/jazzy DEBUGINFOD_URLS=https://debuginfod.ubuntu.com /usr/bin/cmake --install /home/adha/belajar/ws1/build/can_msgs
[1.700s] Level 1:colcon.colcon_core.environment:checking '/home/adha/belajar/ws1/install/can_msgs' for CMake config files
[1.701s] Level 1:colcon.colcon_core.shell:create_environment_hook('can_msgs', 'cmake_prefix_path')
[1.701s] INFO:colcon.colcon_core.shell:Creating environment hook '/home/adha/belajar/ws1/install/can_msgs/share/can_msgs/hook/cmake_prefix_path.ps1'
[1.702s] INFO:colcon.colcon_core.shell:Creating environment descriptor '/home/adha/belajar/ws1/install/can_msgs/share/can_msgs/hook/cmake_prefix_path.dsv'
[1.702s] INFO:colcon.colcon_core.shell:Creating environment hook '/home/adha/belajar/ws1/install/can_msgs/share/can_msgs/hook/cmake_prefix_path.sh'
[1.703s] Level 1:colcon.colcon_core.environment:checking '/home/adha/belajar/ws1/install/can_msgs/lib'
[1.704s] Level 1:colcon.colcon_core.shell:create_environment_hook('can_msgs', 'ld_library_path_lib')
[1.704s] INFO:colcon.colcon_core.shell:Creating environment hook '/home/adha/belajar/ws1/install/can_msgs/share/can_msgs/hook/ld_library_path_lib.ps1'
[1.704s] INFO:colcon.colcon_core.shell:Creating environment descriptor '/home/adha/belajar/ws1/install/can_msgs/share/can_msgs/hook/ld_library_path_lib.dsv'
[1.705s] INFO:colcon.colcon_core.shell:Creating environment hook '/home/adha/belajar/ws1/install/can_msgs/share/can_msgs/hook/ld_library_path_lib.sh'
[1.706s] Level 1:colcon.colcon_core.environment:checking '/home/adha/belajar/ws1/install/can_msgs/bin'
[1.706s] Level 1:colcon.colcon_core.environment:checking '/home/adha/belajar/ws1/install/can_msgs/lib/pkgconfig/can_msgs.pc'
[1.706s] Level 1:colcon.colcon_core.environment:checking '/home/adha/belajar/ws1/install/can_msgs/lib/python3.12/site-packages'
[1.707s] Level 1:colcon.colcon_core.shell:create_environment_hook('can_msgs', 'pythonpath')
[1.707s] INFO:colcon.colcon_core.shell:Creating environment hook '/home/adha/belajar/ws1/install/can_msgs/share/can_msgs/hook/pythonpath.ps1'
[1.707s] INFO:colcon.colcon_core.shell:Creating environment descriptor '/home/adha/belajar/ws1/install/can_msgs/share/can_msgs/hook/pythonpath.dsv'
[1.708s] INFO:colcon.colcon_core.shell:Creating environment hook '/home/adha/belajar/ws1/install/can_msgs/share/can_msgs/hook/pythonpath.sh'
[1.709s] Level 1:colcon.colcon_core.environment:checking '/home/adha/belajar/ws1/install/can_msgs/bin'
[1.709s] INFO:colcon.colcon_core.shell:Creating package script '/home/adha/belajar/ws1/install/can_msgs/share/can_msgs/package.ps1'
[1.710s] INFO:colcon.colcon_core.shell:Creating package descriptor '/home/adha/belajar/ws1/install/can_msgs/share/can_msgs/package.dsv'
[1.711s] INFO:colcon.colcon_core.shell:Creating package script '/home/adha/belajar/ws1/install/can_msgs/share/can_msgs/package.sh'
[1.712s] INFO:colcon.colcon_core.shell:Creating package script '/home/adha/belajar/ws1/install/can_msgs/share/can_msgs/package.bash'
[1.713s] INFO:colcon.colcon_core.shell:Creating package script '/home/adha/belajar/ws1/install/can_msgs/share/can_msgs/package.zsh'
[1.713s] Level 1:colcon.colcon_core.environment:create_file_with_runtime_dependencies(/home/adha/belajar/ws1/install/can_msgs/share/colcon-core/packages/can_msgs)
[1.834s] Level 1:colcon.colcon_core.environment:create_environment_scripts_only(ros2_socketcan_msgs)
[1.835s] Level 1:colcon.colcon_core.environment:checking '/home/adha/belajar/ws1/install/ros2_socketcan_msgs' for CMake module files
[1.836s] Level 1:colcon.colcon_core.environment:checking '/home/adha/belajar/ws1/install/ros2_socketcan_msgs' for CMake config files
[1.837s] Level 1:colcon.colcon_core.shell:create_environment_hook('ros2_socketcan_msgs', 'cmake_prefix_path')
[1.837s] INFO:colcon.colcon_core.shell:Creating environment hook '/home/adha/belajar/ws1/install/ros2_socketcan_msgs/share/ros2_socketcan_msgs/hook/cmake_prefix_path.ps1'
[1.838s] INFO:colcon.colcon_core.shell:Creating environment descriptor '/home/adha/belajar/ws1/install/ros2_socketcan_msgs/share/ros2_socketcan_msgs/hook/cmake_prefix_path.dsv'
[1.839s] INFO:colcon.colcon_core.shell:Creating environment hook '/home/adha/belajar/ws1/install/ros2_socketcan_msgs/share/ros2_socketcan_msgs/hook/cmake_prefix_path.sh'
[1.840s] Level 1:colcon.colcon_core.environment:checking '/home/adha/belajar/ws1/install/ros2_socketcan_msgs/lib'
[1.840s] Level 1:colcon.colcon_core.shell:create_environment_hook('ros2_socketcan_msgs', 'ld_library_path_lib')
[1.840s] INFO:colcon.colcon_core.shell:Creating environment hook '/home/adha/belajar/ws1/install/ros2_socketcan_msgs/share/ros2_socketcan_msgs/hook/ld_library_path_lib.ps1'
[1.841s] INFO:colcon.colcon_core.shell:Creating environment descriptor '/home/adha/belajar/ws1/install/ros2_socketcan_msgs/share/ros2_socketcan_msgs/hook/ld_library_path_lib.dsv'
[1.841s] INFO:colcon.colcon_core.shell:Creating environment hook '/home/adha/belajar/ws1/install/ros2_socketcan_msgs/share/ros2_socketcan_msgs/hook/ld_library_path_lib.sh'
[1.842s] Level 1:colcon.colcon_core.environment:checking '/home/adha/belajar/ws1/install/ros2_socketcan_msgs/bin'
[1.842s] Level 1:colcon.colcon_core.environment:checking '/home/adha/belajar/ws1/install/ros2_socketcan_msgs/lib/pkgconfig/ros2_socketcan_msgs.pc'
[1.843s] Level 1:colcon.colcon_core.environment:checking '/home/adha/belajar/ws1/install/ros2_socketcan_msgs/lib/python3.12/site-packages'
[1.843s] Level 1:colcon.colcon_core.shell:create_environment_hook('ros2_socketcan_msgs', 'pythonpath')
[1.843s] INFO:colcon.colcon_core.shell:Creating environment hook '/home/adha/belajar/ws1/install/ros2_socketcan_msgs/share/ros2_socketcan_msgs/hook/pythonpath.ps1'
[1.844s] INFO:colcon.colcon_core.shell:Creating environment descriptor '/home/adha/belajar/ws1/install/ros2_socketcan_msgs/share/ros2_socketcan_msgs/hook/pythonpath.dsv'
[1.844s] INFO:colcon.colcon_core.shell:Creating environment hook '/home/adha/belajar/ws1/install/ros2_socketcan_msgs/share/ros2_socketcan_msgs/hook/pythonpath.sh'
[1.845s] Level 1:colcon.colcon_core.environment:checking '/home/adha/belajar/ws1/install/ros2_socketcan_msgs/bin'
[1.846s] INFO:colcon.colcon_core.shell:Creating package script '/home/adha/belajar/ws1/install/ros2_socketcan_msgs/share/ros2_socketcan_msgs/package.ps1'
[1.847s] INFO:colcon.colcon_core.shell:Creating package descriptor '/home/adha/belajar/ws1/install/ros2_socketcan_msgs/share/ros2_socketcan_msgs/package.dsv'
[1.848s] INFO:colcon.colcon_core.shell:Creating package script '/home/adha/belajar/ws1/install/ros2_socketcan_msgs/share/ros2_socketcan_msgs/package.sh'
[1.849s] INFO:colcon.colcon_core.shell:Creating package script '/home/adha/belajar/ws1/install/ros2_socketcan_msgs/share/ros2_socketcan_msgs/package.bash'
[1.851s] INFO:colcon.colcon_core.shell:Creating package script '/home/adha/belajar/ws1/install/ros2_socketcan_msgs/share/ros2_socketcan_msgs/package.zsh'
[1.852s] Level 1:colcon.colcon_core.environment:create_file_with_runtime_dependencies(/home/adha/belajar/ws1/install/ros2_socketcan_msgs/share/colcon-core/packages/ros2_socketcan_msgs)
[1.855s] Level 1:colcon.colcon_core.environment:create_environment_scripts_only(msgs)
[1.855s] Level 1:colcon.colcon_core.environment:checking '/home/adha/belajar/ws1/install/msgs' for CMake module files
[1.857s] Level 1:colcon.colcon_core.environment:checking '/home/adha/belajar/ws1/install/msgs' for CMake config files
[1.857s] Level 1:colcon.colcon_core.shell:create_environment_hook('msgs', 'cmake_prefix_path')
[1.858s] INFO:colcon.colcon_core.shell:Creating environment hook '/home/adha/belajar/ws1/install/msgs/share/msgs/hook/cmake_prefix_path.ps1'
[1.858s] INFO:colcon.colcon_core.shell:Creating environment descriptor '/home/adha/belajar/ws1/install/msgs/share/msgs/hook/cmake_prefix_path.dsv'
[1.859s] INFO:colcon.colcon_core.shell:Creating environment hook '/home/adha/belajar/ws1/install/msgs/share/msgs/hook/cmake_prefix_path.sh'
[1.860s] Level 1:colcon.colcon_core.environment:checking '/home/adha/belajar/ws1/install/msgs/lib'
[1.860s] Level 1:colcon.colcon_core.shell:create_environment_hook('msgs', 'ld_library_path_lib')
[1.860s] INFO:colcon.colcon_core.shell:Creating environment hook '/home/adha/belajar/ws1/install/msgs/share/msgs/hook/ld_library_path_lib.ps1'
[1.861s] INFO:colcon.colcon_core.shell:Creating environment descriptor '/home/adha/belajar/ws1/install/msgs/share/msgs/hook/ld_library_path_lib.dsv'
[1.862s] INFO:colcon.colcon_core.shell:Creating environment hook '/home/adha/belajar/ws1/install/msgs/share/msgs/hook/ld_library_path_lib.sh'
[1.862s] Level 1:colcon.colcon_core.environment:checking '/home/adha/belajar/ws1/install/msgs/bin'
[1.862s] Level 1:colcon.colcon_core.environment:checking '/home/adha/belajar/ws1/install/msgs/lib/pkgconfig/msgs.pc'
[1.863s] Level 1:colcon.colcon_core.environment:checking '/home/adha/belajar/ws1/install/msgs/lib/python3.12/site-packages'
[1.863s] Level 1:colcon.colcon_core.shell:create_environment_hook('msgs', 'pythonpath')
[1.863s] INFO:colcon.colcon_core.shell:Creating environment hook '/home/adha/belajar/ws1/install/msgs/share/msgs/hook/pythonpath.ps1'
[1.864s] INFO:colcon.colcon_core.shell:Creating environment descriptor '/home/adha/belajar/ws1/install/msgs/share/msgs/hook/pythonpath.dsv'
[1.865s] INFO:colcon.colcon_core.shell:Creating environment hook '/home/adha/belajar/ws1/install/msgs/share/msgs/hook/pythonpath.sh'
[1.865s] Level 1:colcon.colcon_core.environment:checking '/home/adha/belajar/ws1/install/msgs/bin'
[1.866s] INFO:colcon.colcon_core.shell:Creating package script '/home/adha/belajar/ws1/install/msgs/share/msgs/package.ps1'
[1.867s] INFO:colcon.colcon_core.shell:Creating package descriptor '/home/adha/belajar/ws1/install/msgs/share/msgs/package.dsv'
[1.868s] INFO:colcon.colcon_core.shell:Creating package script '/home/adha/belajar/ws1/install/msgs/share/msgs/package.sh'
[1.868s] INFO:colcon.colcon_core.shell:Creating package script '/home/adha/belajar/ws1/install/msgs/share/msgs/package.bash'
[1.869s] INFO:colcon.colcon_core.shell:Creating package script '/home/adha/belajar/ws1/install/msgs/share/msgs/package.zsh'
[1.870s] Level 1:colcon.colcon_core.environment:create_file_with_runtime_dependencies(/home/adha/belajar/ws1/install/msgs/share/colcon-core/packages/msgs)
[1.871s] INFO:colcon.colcon_ros.task.ament_cmake.build:Building ROS package in '/home/adha/belajar/ws1/src/control' with build type 'ament_cmake'
[1.871s] INFO:colcon.colcon_cmake.task.cmake.build:Building CMake package in '/home/adha/belajar/ws1/src/control'
[1.871s] INFO:colcon.colcon_core.shell:Skip shell extension 'powershell' for command environment: Not usable outside of PowerShell
[1.872s] DEBUG:colcon.colcon_core.shell:Skip shell extension 'dsv' for command environment
[1.881s] Level 1:colcon.colcon_core.environment:create_environment_scripts_only(can_msgs)
[1.882s] Level 1:colcon.colcon_core.environment:checking '/home/adha/belajar/ws1/install/can_msgs' for CMake module files
[1.883s] Level 1:colcon.colcon_core.environment:checking '/home/adha/belajar/ws1/install/can_msgs' for CMake config files
[1.884s] Level 1:colcon.colcon_core.shell:create_environment_hook('can_msgs', 'cmake_prefix_path')
[1.885s] INFO:colcon.colcon_core.shell:Creating environment hook '/home/adha/belajar/ws1/install/can_msgs/share/can_msgs/hook/cmake_prefix_path.ps1'
[1.886s] INFO:colcon.colcon_core.shell:Creating environment descriptor '/home/adha/belajar/ws1/install/can_msgs/share/can_msgs/hook/cmake_prefix_path.dsv'
[1.886s] INFO:colcon.colcon_core.shell:Creating environment hook '/home/adha/belajar/ws1/install/can_msgs/share/can_msgs/hook/cmake_prefix_path.sh'
[1.888s] Level 1:colcon.colcon_core.environment:checking '/home/adha/belajar/ws1/install/can_msgs/lib'
[1.888s] Level 1:colcon.colcon_core.shell:create_environment_hook('can_msgs', 'ld_library_path_lib')
[1.888s] INFO:colcon.colcon_core.shell:Creating environment hook '/home/adha/belajar/ws1/install/can_msgs/share/can_msgs/hook/ld_library_path_lib.ps1'
[1.889s] INFO:colcon.colcon_core.shell:Creating environment descriptor '/home/adha/belajar/ws1/install/can_msgs/share/can_msgs/hook/ld_library_path_lib.dsv'
[1.890s] INFO:colcon.colcon_core.shell:Creating environment hook '/home/adha/belajar/ws1/install/can_msgs/share/can_msgs/hook/ld_library_path_lib.sh'
[1.890s] Level 1:colcon.colcon_core.environment:checking '/home/adha/belajar/ws1/install/can_msgs/bin'
[1.890s] Level 1:colcon.colcon_core.environment:checking '/home/adha/belajar/ws1/install/can_msgs/lib/pkgconfig/can_msgs.pc'
[1.891s] Level 1:colcon.colcon_core.environment:checking '/home/adha/belajar/ws1/install/can_msgs/lib/python3.12/site-packages'
[1.891s] Level 1:colcon.colcon_core.shell:create_environment_hook('can_msgs', 'pythonpath')
[1.891s] INFO:colcon.colcon_core.shell:Creating environment hook '/home/adha/belajar/ws1/install/can_msgs/share/can_msgs/hook/pythonpath.ps1'
[1.892s] INFO:colcon.colcon_core.shell:Creating environment descriptor '/home/adha/belajar/ws1/install/can_msgs/share/can_msgs/hook/pythonpath.dsv'
[1.893s] INFO:colcon.colcon_core.shell:Creating environment hook '/home/adha/belajar/ws1/install/can_msgs/share/can_msgs/hook/pythonpath.sh'
[1.893s] Level 1:colcon.colcon_core.environment:checking '/home/adha/belajar/ws1/install/can_msgs/bin'
[1.894s] INFO:colcon.colcon_core.shell:Creating package script '/home/adha/belajar/ws1/install/can_msgs/share/can_msgs/package.ps1'
[1.895s] INFO:colcon.colcon_core.shell:Creating package descriptor '/home/adha/belajar/ws1/install/can_msgs/share/can_msgs/package.dsv'
[1.896s] INFO:colcon.colcon_core.shell:Creating package script '/home/adha/belajar/ws1/install/can_msgs/share/can_msgs/package.sh'
[1.896s] INFO:colcon.colcon_core.shell:Creating package script '/home/adha/belajar/ws1/install/can_msgs/share/can_msgs/package.bash'
[1.897s] INFO:colcon.colcon_core.shell:Creating package script '/home/adha/belajar/ws1/install/can_msgs/share/can_msgs/package.zsh'
[1.898s] Level 1:colcon.colcon_core.environment:create_file_with_runtime_dependencies(/home/adha/belajar/ws1/install/can_msgs/share/colcon-core/packages/can_msgs)
[1.899s] INFO:colcon.colcon_ros.task.ament_cmake.build:Building ROS package in '/home/adha/belajar/ws1/src/ros2_socketcan/ros2_socketcan' with build type 'ament_cmake'
[1.899s] INFO:colcon.colcon_cmake.task.cmake.build:Building CMake package in '/home/adha/belajar/ws1/src/ros2_socketcan/ros2_socketcan'
[1.900s] INFO:colcon.colcon_core.shell:Skip shell extension 'powershell' for command environment: Not usable outside of PowerShell
[1.900s] DEBUG:colcon.colcon_core.shell:Skip shell extension 'dsv' for command environment
[1.913s] DEBUG:colcon.colcon_core.event_handler.log_command:Invoking command in '/home/adha/belajar/ws1/build/control': CMAKE_PREFIX_PATH=/home/adha/belajar/ws1/install/msgs:/home/adha/belajar/ws1/install/ros2_socketcan:/home/adha/belajar/ws1/install/ros2_socketcan_msgs:/home/adha/belajar/ws1/install/control:/home/adha/belajar/ws1/install/can_msgs:/opt/ros/jazzy/opt/gz_math_vendor:/opt/ros/jazzy/opt/gz_utils_vendor:/opt/ros/jazzy/opt/gz_cmake_vendor:/opt/ros/jazzy DEBUGINFOD_URLS=https://debuginfod.ubuntu.com LD_LIBRARY_PATH=/home/adha/belajar/ws1/install/msgs/lib:/home/adha/belajar/ws1/install/ros2_socketcan/lib:/home/adha/belajar/ws1/install/ros2_socketcan_msgs/lib:/home/adha/belajar/ws1/install/can_msgs/lib:/opt/ros/jazzy/opt/rviz_ogre_vendor/lib:/opt/ros/jazzy/lib/x86_64-linux-gnu:/opt/ros/jazzy/opt/gz_math_vendor/lib:/opt/ros/jazzy/opt/gz_utils_vendor/lib:/opt/ros/jazzy/opt/gz_cmake_vendor/lib:/opt/ros/jazzy/lib PYTHONPATH=/home/adha/belajar/ws1/install/msgs/lib/python3.12/site-packages:/home/adha/belajar/ws1/install/ros2_socketcan_msgs/lib/python3.12/site-packages:/home/adha/belajar/ws1/install/can_msgs/lib/python3.12/site-packages:/opt/ros/jazzy/lib/python3.12/site-packages /usr/bin/cmake --build /home/adha/belajar/ws1/build/control -- -j12 -l12
[1.928s] DEBUG:colcon.colcon_core.event_handler.log_command:Invoking command in '/home/adha/belajar/ws1/build/ros2_socketcan': CMAKE_PREFIX_PATH=/home/adha/belajar/ws1/install/ros2_socketcan_msgs:/home/adha/belajar/ws1/install/can_msgs:/home/adha/belajar/ws1/install/ros2_socketcan:/home/adha/belajar/ws1/install/msgs:/home/adha/belajar/ws1/install/control:/opt/ros/jazzy/opt/gz_math_vendor:/opt/ros/jazzy/opt/gz_utils_vendor:/opt/ros/jazzy/opt/gz_cmake_vendor:/opt/ros/jazzy DEBUGINFOD_URLS=https://debuginfod.ubuntu.com LD_LIBRARY_PATH=/home/adha/belajar/ws1/install/ros2_socketcan_msgs/lib:/home/adha/belajar/ws1/install/can_msgs/lib:/home/adha/belajar/ws1/install/ros2_socketcan/lib:/home/adha/belajar/ws1/install/msgs/lib:/opt/ros/jazzy/opt/rviz_ogre_vendor/lib:/opt/ros/jazzy/lib/x86_64-linux-gnu:/opt/ros/jazzy/opt/gz_math_vendor/lib:/opt/ros/jazzy/opt/gz_utils_vendor/lib:/opt/ros/jazzy/opt/gz_cmake_vendor/lib:/opt/ros/jazzy/lib PYTHONPATH=/home/adha/belajar/ws1/install/ros2_socketcan_msgs/lib/python3.12/site-packages:/home/adha/belajar/ws1/install/can_msgs/lib/python3.12/site-packages:/home/adha/belajar/ws1/install/msgs/lib/python3.12/site-packages:/opt/ros/jazzy/lib/python3.12/site-packages /usr/bin/cmake --build /home/adha/belajar/ws1/build/ros2_socketcan -- -j12 -l12
[2.224s] DEBUG:colcon.colcon_core.event_handler.log_command:Invoked command in '/home/adha/belajar/ws1/build/ros2_socketcan' returned '0': CMAKE_PREFIX_PATH=/home/adha/belajar/ws1/install/ros2_socketcan_msgs:/home/adha/belajar/ws1/install/can_msgs:/home/adha/belajar/ws1/install/ros2_socketcan:/home/adha/belajar/ws1/install/msgs:/home/adha/belajar/ws1/install/control:/opt/ros/jazzy/opt/gz_math_vendor:/opt/ros/jazzy/opt/gz_utils_vendor:/opt/ros/jazzy/opt/gz_cmake_vendor:/opt/ros/jazzy DEBUGINFOD_URLS=https://debuginfod.ubuntu.com LD_LIBRARY_PATH=/home/adha/belajar/ws1/install/ros2_socketcan_msgs/lib:/home/adha/belajar/ws1/install/can_msgs/lib:/home/adha/belajar/ws1/install/ros2_socketcan/lib:/home/adha/belajar/ws1/install/msgs/lib:/opt/ros/jazzy/opt/rviz_ogre_vendor/lib:/opt/ros/jazzy/lib/x86_64-linux-gnu:/opt/ros/jazzy/opt/gz_math_vendor/lib:/opt/ros/jazzy/opt/gz_utils_vendor/lib:/opt/ros/jazzy/opt/gz_cmake_vendor/lib:/opt/ros/jazzy/lib PYTHONPATH=/home/adha/belajar/ws1/install/ros2_socketcan_msgs/lib/python3.12/site-packages:/home/adha/belajar/ws1/install/can_msgs/lib/python3.12/site-packages:/home/adha/belajar/ws1/install/msgs/lib/python3.12/site-packages:/opt/ros/jazzy/lib/python3.12/site-packages /usr/bin/cmake --build /home/adha/belajar/ws1/build/ros2_socketcan -- -j12 -l12
[2.359s] DEBUG:colcon.colcon_core.event_handler.log_command:Invoking command in '/home/adha/belajar/ws1/build/ros2_socketcan': CMAKE_PREFIX_PATH=/home/adha/belajar/ws1/install/ros2_socketcan_msgs:/home/adha/belajar/ws1/install/can_msgs:/home/adha/belajar/ws1/install/ros2_socketcan:/home/adha/belajar/ws1/install/msgs:/home/adha/belajar/ws1/install/control:/opt/ros/jazzy/opt/gz_math_vendor:/opt/ros/jazzy/opt/gz_utils_vendor:/opt/ros/jazzy/opt/gz_cmake_vendor:/opt/ros/jazzy DEBUGINFOD_URLS=https://debuginfod.ubuntu.com LD_LIBRARY_PATH=/home/adha/belajar/ws1/install/ros2_socketcan_msgs/lib:/home/adha/belajar/ws1/install/can_msgs/lib:/home/adha/belajar/ws1/install/ros2_socketcan/lib:/home/adha/belajar/ws1/install/msgs/lib:/opt/ros/jazzy/opt/rviz_ogre_vendor/lib:/opt/ros/jazzy/lib/x86_64-linux-gnu:/opt/ros/jazzy/opt/gz_math_vendor/lib:/opt/ros/jazzy/opt/gz_utils_vendor/lib:/opt/ros/jazzy/opt/gz_cmake_vendor/lib:/opt/ros/jazzy/lib PYTHONPATH=/home/adha/belajar/ws1/install/ros2_socketcan_msgs/lib/python3.12/site-packages:/home/adha/belajar/ws1/install/can_msgs/lib/python3.12/site-packages:/home/adha/belajar/ws1/install/msgs/lib/python3.12/site-packages:/opt/ros/jazzy/lib/python3.12/site-packages /usr/bin/cmake --install /home/adha/belajar/ws1/build/ros2_socketcan
[2.388s] Level 1:colcon.colcon_core.environment:create_environment_scripts_only(ros2_socketcan)
[2.389s] Level 1:colcon.colcon_core.environment:checking '/home/adha/belajar/ws1/install/ros2_socketcan' for CMake module files
[2.390s] DEBUG:colcon.colcon_core.event_handler.log_command:Invoked command in '/home/adha/belajar/ws1/build/ros2_socketcan' returned '0': CMAKE_PREFIX_PATH=/home/adha/belajar/ws1/install/ros2_socketcan_msgs:/home/adha/belajar/ws1/install/can_msgs:/home/adha/belajar/ws1/install/ros2_socketcan:/home/adha/belajar/ws1/install/msgs:/home/adha/belajar/ws1/install/control:/opt/ros/jazzy/opt/gz_math_vendor:/opt/ros/jazzy/opt/gz_utils_vendor:/opt/ros/jazzy/opt/gz_cmake_vendor:/opt/ros/jazzy DEBUGINFOD_URLS=https://debuginfod.ubuntu.com LD_LIBRARY_PATH=/home/adha/belajar/ws1/install/ros2_socketcan_msgs/lib:/home/adha/belajar/ws1/install/can_msgs/lib:/home/adha/belajar/ws1/install/ros2_socketcan/lib:/home/adha/belajar/ws1/install/msgs/lib:/opt/ros/jazzy/opt/rviz_ogre_vendor/lib:/opt/ros/jazzy/lib/x86_64-linux-gnu:/opt/ros/jazzy/opt/gz_math_vendor/lib:/opt/ros/jazzy/opt/gz_utils_vendor/lib:/opt/ros/jazzy/opt/gz_cmake_vendor/lib:/opt/ros/jazzy/lib PYTHONPATH=/home/adha/belajar/ws1/install/ros2_socketcan_msgs/lib/python3.12/site-packages:/home/adha/belajar/ws1/install/can_msgs/lib/python3.12/site-packages:/home/adha/belajar/ws1/install/msgs/lib/python3.12/site-packages:/opt/ros/jazzy/lib/python3.12/site-packages /usr/bin/cmake --install /home/adha/belajar/ws1/build/ros2_socketcan
[2.391s] Level 1:colcon.colcon_core.environment:checking '/home/adha/belajar/ws1/install/ros2_socketcan' for CMake config files
[2.391s] Level 1:colcon.colcon_core.shell:create_environment_hook('ros2_socketcan', 'cmake_prefix_path')
[2.391s] INFO:colcon.colcon_core.shell:Creating environment hook '/home/adha/belajar/ws1/install/ros2_socketcan/share/ros2_socketcan/hook/cmake_prefix_path.ps1'
[2.392s] INFO:colcon.colcon_core.shell:Creating environment descriptor '/home/adha/belajar/ws1/install/ros2_socketcan/share/ros2_socketcan/hook/cmake_prefix_path.dsv'
[2.393s] INFO:colcon.colcon_core.shell:Creating environment hook '/home/adha/belajar/ws1/install/ros2_socketcan/share/ros2_socketcan/hook/cmake_prefix_path.sh'
[2.394s] Level 1:colcon.colcon_core.environment:checking '/home/adha/belajar/ws1/install/ros2_socketcan/lib'
[2.394s] Level 1:colcon.colcon_core.shell:create_environment_hook('ros2_socketcan', 'ld_library_path_lib')
[2.394s] INFO:colcon.colcon_core.shell:Creating environment hook '/home/adha/belajar/ws1/install/ros2_socketcan/share/ros2_socketcan/hook/ld_library_path_lib.ps1'
[2.395s] INFO:colcon.colcon_core.shell:Creating environment descriptor '/home/adha/belajar/ws1/install/ros2_socketcan/share/ros2_socketcan/hook/ld_library_path_lib.dsv'
[2.395s] INFO:colcon.colcon_core.shell:Creating environment hook '/home/adha/belajar/ws1/install/ros2_socketcan/share/ros2_socketcan/hook/ld_library_path_lib.sh'
[2.396s] Level 1:colcon.colcon_core.environment:checking '/home/adha/belajar/ws1/install/ros2_socketcan/bin'
[2.396s] Level 1:colcon.colcon_core.environment:checking '/home/adha/belajar/ws1/install/ros2_socketcan/lib/pkgconfig/ros2_socketcan.pc'
[2.397s] Level 1:colcon.colcon_core.environment:checking '/home/adha/belajar/ws1/install/ros2_socketcan/lib/python3.12/site-packages'
[2.397s] Level 1:colcon.colcon_core.environment:checking '/home/adha/belajar/ws1/install/ros2_socketcan/bin'
[2.397s] INFO:colcon.colcon_core.shell:Creating package script '/home/adha/belajar/ws1/install/ros2_socketcan/share/ros2_socketcan/package.ps1'
[2.398s] INFO:colcon.colcon_core.shell:Creating package descriptor '/home/adha/belajar/ws1/install/ros2_socketcan/share/ros2_socketcan/package.dsv'
[2.399s] INFO:colcon.colcon_core.shell:Creating package script '/home/adha/belajar/ws1/install/ros2_socketcan/share/ros2_socketcan/package.sh'
[2.399s] INFO:colcon.colcon_core.shell:Creating package script '/home/adha/belajar/ws1/install/ros2_socketcan/share/ros2_socketcan/package.bash'
[2.400s] INFO:colcon.colcon_core.shell:Creating package script '/home/adha/belajar/ws1/install/ros2_socketcan/share/ros2_socketcan/package.zsh'
[2.401s] Level 1:colcon.colcon_core.environment:create_file_with_runtime_dependencies(/home/adha/belajar/ws1/install/ros2_socketcan/share/colcon-core/packages/ros2_socketcan)
[2.529s] Level 1:colcon.colcon_core.environment:create_environment_scripts_only(ros2_socketcan)
[2.529s] Level 1:colcon.colcon_core.environment:checking '/home/adha/belajar/ws1/install/ros2_socketcan' for CMake module files
[2.530s] Level 1:colcon.colcon_core.environment:checking '/home/adha/belajar/ws1/install/ros2_socketcan' for CMake config files
[2.531s] Level 1:colcon.colcon_core.shell:create_environment_hook('ros2_socketcan', 'cmake_prefix_path')
[2.531s] INFO:colcon.colcon_core.shell:Creating environment hook '/home/adha/belajar/ws1/install/ros2_socketcan/share/ros2_socketcan/hook/cmake_prefix_path.ps1'
[2.532s] INFO:colcon.colcon_core.shell:Creating environment descriptor '/home/adha/belajar/ws1/install/ros2_socketcan/share/ros2_socketcan/hook/cmake_prefix_path.dsv'
[2.533s] INFO:colcon.colcon_core.shell:Creating environment hook '/home/adha/belajar/ws1/install/ros2_socketcan/share/ros2_socketcan/hook/cmake_prefix_path.sh'
[2.534s] Level 1:colcon.colcon_core.environment:checking '/home/adha/belajar/ws1/install/ros2_socketcan/lib'
[2.534s] Level 1:colcon.colcon_core.shell:create_environment_hook('ros2_socketcan', 'ld_library_path_lib')
[2.534s] INFO:colcon.colcon_core.shell:Creating environment hook '/home/adha/belajar/ws1/install/ros2_socketcan/share/ros2_socketcan/hook/ld_library_path_lib.ps1'
[2.535s] INFO:colcon.colcon_core.shell:Creating environment descriptor '/home/adha/belajar/ws1/install/ros2_socketcan/share/ros2_socketcan/hook/ld_library_path_lib.dsv'
[2.535s] INFO:colcon.colcon_core.shell:Creating environment hook '/home/adha/belajar/ws1/install/ros2_socketcan/share/ros2_socketcan/hook/ld_library_path_lib.sh'
[2.536s] Level 1:colcon.colcon_core.environment:checking '/home/adha/belajar/ws1/install/ros2_socketcan/bin'
[2.536s] Level 1:colcon.colcon_core.environment:checking '/home/adha/belajar/ws1/install/ros2_socketcan/lib/pkgconfig/ros2_socketcan.pc'
[2.536s] Level 1:colcon.colcon_core.environment:checking '/home/adha/belajar/ws1/install/ros2_socketcan/lib/python3.12/site-packages'
[2.537s] Level 1:colcon.colcon_core.environment:checking '/home/adha/belajar/ws1/install/ros2_socketcan/bin'
[2.537s] INFO:colcon.colcon_core.shell:Creating package script '/home/adha/belajar/ws1/install/ros2_socketcan/share/ros2_socketcan/package.ps1'
[2.538s] INFO:colcon.colcon_core.shell:Creating package descriptor '/home/adha/belajar/ws1/install/ros2_socketcan/share/ros2_socketcan/package.dsv'
[2.539s] INFO:colcon.colcon_core.shell:Creating package script '/home/adha/belajar/ws1/install/ros2_socketcan/share/ros2_socketcan/package.sh'
[2.539s] INFO:colcon.colcon_core.shell:Creating package script '/home/adha/belajar/ws1/install/ros2_socketcan/share/ros2_socketcan/package.bash'
[2.540s] INFO:colcon.colcon_core.shell:Creating package script '/home/adha/belajar/ws1/install/ros2_socketcan/share/ros2_socketcan/package.zsh'
[2.541s] Level 1:colcon.colcon_core.environment:create_file_with_runtime_dependencies(/home/adha/belajar/ws1/install/ros2_socketcan/share/colcon-core/packages/ros2_socketcan)
[10.712s] DEBUG:colcon.colcon_core.event_handler.log_command:Invoked command in '/home/adha/belajar/ws1/build/control' returned '2': CMAKE_PREFIX_PATH=/home/adha/belajar/ws1/install/msgs:/home/adha/belajar/ws1/install/ros2_socketcan:/home/adha/belajar/ws1/install/ros2_socketcan_msgs:/home/adha/belajar/ws1/install/control:/home/adha/belajar/ws1/install/can_msgs:/opt/ros/jazzy/opt/gz_math_vendor:/opt/ros/jazzy/opt/gz_utils_vendor:/opt/ros/jazzy/opt/gz_cmake_vendor:/opt/ros/jazzy DEBUGINFOD_URLS=https://debuginfod.ubuntu.com LD_LIBRARY_PATH=/home/adha/belajar/ws1/install/msgs/lib:/home/adha/belajar/ws1/install/ros2_socketcan/lib:/home/adha/belajar/ws1/install/ros2_socketcan_msgs/lib:/home/adha/belajar/ws1/install/can_msgs/lib:/opt/ros/jazzy/opt/rviz_ogre_vendor/lib:/opt/ros/jazzy/lib/x86_64-linux-gnu:/opt/ros/jazzy/opt/gz_math_vendor/lib:/opt/ros/jazzy/opt/gz_utils_vendor/lib:/opt/ros/jazzy/opt/gz_cmake_vendor/lib:/opt/ros/jazzy/lib PYTHONPATH=/home/adha/belajar/ws1/install/msgs/lib/python3.12/site-packages:/home/adha/belajar/ws1/install/ros2_socketcan_msgs/lib/python3.12/site-packages:/home/adha/belajar/ws1/install/can_msgs/lib/python3.12/site-packages:/opt/ros/jazzy/lib/python3.12/site-packages /usr/bin/cmake --build /home/adha/belajar/ws1/build/control -- -j12 -l12
[10.744s] Level 1:colcon.colcon_core.environment:create_environment_scripts_only(control)
[10.744s] Level 1:colcon.colcon_core.environment:checking '/home/adha/belajar/ws1/install/control' for CMake module files
[10.744s] Level 1:colcon.colcon_core.environment:checking '/home/adha/belajar/ws1/install/control' for CMake config files
[10.744s] Level 1:colcon.colcon_core.shell:create_environment_hook('control', 'cmake_prefix_path')
[10.744s] INFO:colcon.colcon_core.shell:Creating environment hook '/home/adha/belajar/ws1/install/control/share/control/hook/cmake_prefix_path.ps1'
[10.745s] INFO:colcon.colcon_core.shell:Creating environment descriptor '/home/adha/belajar/ws1/install/control/share/control/hook/cmake_prefix_path.dsv'
[10.745s] INFO:colcon.colcon_core.shell:Creating environment hook '/home/adha/belajar/ws1/install/control/share/control/hook/cmake_prefix_path.sh'
[10.745s] Level 1:colcon.colcon_core.environment:checking '/home/adha/belajar/ws1/install/control/lib'
[10.745s] Level 1:colcon.colcon_core.environment:checking '/home/adha/belajar/ws1/install/control/bin'
[10.745s] Level 1:colcon.colcon_core.environment:checking '/home/adha/belajar/ws1/install/control/lib/pkgconfig/control.pc'
[10.746s] Level 1:colcon.colcon_core.environment:checking '/home/adha/belajar/ws1/install/control/lib/python3.12/site-packages'
[10.746s] Level 1:colcon.colcon_core.environment:checking '/home/adha/belajar/ws1/install/control/bin'
[10.746s] INFO:colcon.colcon_core.shell:Creating package script '/home/adha/belajar/ws1/install/control/share/control/package.ps1'
[10.746s] INFO:colcon.colcon_core.shell:Creating package descriptor '/home/adha/belajar/ws1/install/control/share/control/package.dsv'
[10.746s] INFO:colcon.colcon_core.shell:Creating package script '/home/adha/belajar/ws1/install/control/share/control/package.sh'
[10.747s] INFO:colcon.colcon_core.shell:Creating package script '/home/adha/belajar/ws1/install/control/share/control/package.bash'
[10.747s] INFO:colcon.colcon_core.shell:Creating package script '/home/adha/belajar/ws1/install/control/share/control/package.zsh'
[10.747s] Level 1:colcon.colcon_core.environment:create_file_with_runtime_dependencies(/home/adha/belajar/ws1/install/control/share/colcon-core/packages/control)
[10.757s] DEBUG:colcon.colcon_parallel_executor.executor.parallel:closing loop
[10.758s] DEBUG:colcon.colcon_parallel_executor.executor.parallel:loop closed
[10.758s] DEBUG:colcon.colcon_parallel_executor.executor.parallel:run_until_complete finished with '2'
[10.758s] DEBUG:colcon.colcon_core.event_reactor:joining thread
[10.762s] INFO:colcon.colcon_core.plugin_system:Skipping extension 'colcon_notification.desktop_notification.terminal_notifier': Not used on non-Darwin systems
[10.762s] INFO:colcon.colcon_core.plugin_system:Skipping extension 'colcon_notification.desktop_notification.win32': Not used on non-Windows systems
[10.762s] INFO:colcon.colcon_notification.desktop_notification:Sending desktop notification using 'notify2'
[10.771s] DEBUG:colcon.colcon_core.event_reactor:joined thread
[10.772s] INFO:colcon.colcon_core.shell:Creating prefix script '/home/adha/belajar/ws1/install/local_setup.ps1'
[10.772s] INFO:colcon.colcon_core.shell:Creating prefix util module '/home/adha/belajar/ws1/install/_local_setup_util_ps1.py'
[10.773s] INFO:colcon.colcon_core.shell:Creating prefix chain script '/home/adha/belajar/ws1/install/setup.ps1'
[10.773s] INFO:colcon.colcon_core.shell:Creating prefix script '/home/adha/belajar/ws1/install/local_setup.sh'
[10.773s] INFO:colcon.colcon_core.shell:Creating prefix util module '/home/adha/belajar/ws1/install/_local_setup_util_sh.py'
[10.774s] INFO:colcon.colcon_core.shell:Creating prefix chain script '/home/adha/belajar/ws1/install/setup.sh'
[10.774s] INFO:colcon.colcon_core.shell:Creating prefix script '/home/adha/belajar/ws1/install/local_setup.bash'
[10.775s] INFO:colcon.colcon_core.shell:Creating prefix chain script '/home/adha/belajar/ws1/install/setup.bash'
[10.775s] INFO:colcon.colcon_core.shell:Creating prefix script '/home/adha/belajar/ws1/install/local_setup.zsh'
[10.776s] INFO:colcon.colcon_core.shell:Creating prefix chain script '/home/adha/belajar/ws1/install/setup.zsh'
