[0.014s] Invoking command in '/home/adha/belajar/ws1/build/control': CMAKE_PREFIX_PATH=/home/adha/belajar/ws1/install/ros2_socketcan:/home/adha/belajar/ws1/install/ros2_socketcan_msgs:/home/adha/belajar/ws1/install/msgs:/home/adha/belajar/ws1/install/can_msgs:/home/adha/belajar/ws1/install/control:/opt/ros/jazzy/opt/gz_math_vendor:/opt/ros/jazzy/opt/gz_utils_vendor:/opt/ros/jazzy/opt/gz_cmake_vendor:/opt/ros/jazzy DEBUGINFOD_URLS=https://debuginfod.ubuntu.com /usr/bin/cmake --build /home/adha/belajar/ws1/build/control -- -j12 -l12
[0.062s] [ 50%] Built target keyboard_input
[0.068s] [ 75%] [32mBuilding CXX object CMakeFiles/translator_node.dir/src/translator_node.cpp.o[0m
[5.660s] [100%] [32m[1mLinking CXX executable translator_node[0m
[5.911s] [100%] Built target translator_node
[5.924s] Invoked command in '/home/adha/belajar/ws1/build/control' returned '0': CMAKE_PREFIX_PATH=/home/adha/belajar/ws1/install/ros2_socketcan:/home/adha/belajar/ws1/install/ros2_socketcan_msgs:/home/adha/belajar/ws1/install/msgs:/home/adha/belajar/ws1/install/can_msgs:/home/adha/belajar/ws1/install/control:/opt/ros/jazzy/opt/gz_math_vendor:/opt/ros/jazzy/opt/gz_utils_vendor:/opt/ros/jazzy/opt/gz_cmake_vendor:/opt/ros/jazzy DEBUGINFOD_URLS=https://debuginfod.ubuntu.com /usr/bin/cmake --build /home/adha/belajar/ws1/build/control -- -j12 -l12
[5.952s] Invoking command in '/home/adha/belajar/ws1/build/control': CMAKE_PREFIX_PATH=/home/adha/belajar/ws1/install/ros2_socketcan:/home/adha/belajar/ws1/install/ros2_socketcan_msgs:/home/adha/belajar/ws1/install/msgs:/home/adha/belajar/ws1/install/can_msgs:/home/adha/belajar/ws1/install/control:/opt/ros/jazzy/opt/gz_math_vendor:/opt/ros/jazzy/opt/gz_utils_vendor:/opt/ros/jazzy/opt/gz_cmake_vendor:/opt/ros/jazzy DEBUGINFOD_URLS=https://debuginfod.ubuntu.com /usr/bin/cmake --install /home/adha/belajar/ws1/build/control
[5.960s] -- Install configuration: ""
[5.961s] -- Installing: /home/adha/belajar/ws1/install/control/lib/control/keyboard_input
[5.962s] -- Set non-toolchain portion of runtime path of "/home/adha/belajar/ws1/install/control/lib/control/keyboard_input" to ""
[5.964s] -- Installing: /home/adha/belajar/ws1/install/control/lib/control/translator_node
[5.968s] -- Set non-toolchain portion of runtime path of "/home/adha/belajar/ws1/install/control/lib/control/translator_node" to ""
[5.968s] -- Installing: /home/adha/belajar/ws1/install/control/share/ament_index/resource_index/package_run_dependencies/control
[5.968s] -- Installing: /home/adha/belajar/ws1/install/control/share/ament_index/resource_index/parent_prefix_path/control
[5.969s] -- Up-to-date: /home/adha/belajar/ws1/install/control/share/control/environment/ament_prefix_path.sh
[5.969s] -- Up-to-date: /home/adha/belajar/ws1/install/control/share/control/environment/ament_prefix_path.dsv
[5.969s] -- Up-to-date: /home/adha/belajar/ws1/install/control/share/control/environment/path.sh
[5.969s] -- Up-to-date: /home/adha/belajar/ws1/install/control/share/control/environment/path.dsv
[5.969s] -- Up-to-date: /home/adha/belajar/ws1/install/control/share/control/local_setup.bash
[5.969s] -- Installing: /home/adha/belajar/ws1/install/control/share/control/local_setup.sh
[5.969s] -- Up-to-date: /home/adha/belajar/ws1/install/control/share/control/local_setup.zsh
[5.969s] -- Installing: /home/adha/belajar/ws1/install/control/share/control/local_setup.dsv
[5.969s] -- Installing: /home/adha/belajar/ws1/install/control/share/control/package.dsv
[5.969s] -- Up-to-date: /home/adha/belajar/ws1/install/control/share/ament_index/resource_index/packages/control
[5.969s] -- Installing: /home/adha/belajar/ws1/install/control/share/control/cmake/controlConfig.cmake
[5.969s] -- Up-to-date: /home/adha/belajar/ws1/install/control/share/control/cmake/controlConfig-version.cmake
[5.969s] -- Installing: /home/adha/belajar/ws1/install/control/share/control/package.xml
[5.972s] Invoked command in '/home/adha/belajar/ws1/build/control' returned '0': CMAKE_PREFIX_PATH=/home/adha/belajar/ws1/install/ros2_socketcan:/home/adha/belajar/ws1/install/ros2_socketcan_msgs:/home/adha/belajar/ws1/install/msgs:/home/adha/belajar/ws1/install/can_msgs:/home/adha/belajar/ws1/install/control:/opt/ros/jazzy/opt/gz_math_vendor:/opt/ros/jazzy/opt/gz_utils_vendor:/opt/ros/jazzy/opt/gz_cmake_vendor:/opt/ros/jazzy DEBUGINFOD_URLS=https://debuginfod.ubuntu.com /usr/bin/cmake --install /home/adha/belajar/ws1/build/control
