-- Found ament_cmake: 2.5.2 (/opt/ros/jazzy/share/ament_cmake/cmake)
-- Found Python3: /usr/bin/python3 (found version "3.12.3") found components: Interpreter 
-- Found rclcpp: 28.1.3 (/opt/ros/jazzy/share/rclcpp/cmake)
-- Found rosidl_generator_c: 4.6.3 (/opt/ros/jazzy/share/rosidl_generator_c/cmake)
-- Found rosidl_generator_cpp: 4.6.3 (/opt/ros/jazzy/share/rosidl_generator_cpp/cmake)
-- Using all available rosidl_typesupport_c: rosidl_typesupport_fastrtps_c;rosidl_typesupport_introspection_c
-- Using all available rosidl_typesupport_cpp: rosidl_typesupport_fastrtps_cpp;rosidl_typesupport_introspection_cpp
-- Found rmw_implementation_cmake: 7.3.1 (/opt/ros/jazzy/share/rmw_implementation_cmake/cmake)
-- Found rmw_fastrtps_cpp: 8.4.1 (/opt/ros/jazzy/share/rmw_fastrtps_cpp/cmake)
-- Using RMW implementation 'rmw_fastrtps_cpp' as default
-- Found std_msgs: 5.3.5 (/opt/ros/jazzy/share/std_msgs/cmake)
-- Found geometry_msgs: 5.3.5 (/opt/ros/jazzy/share/geometry_msgs/cmake)
-- Found rosidl_default_generators: 1.6.0 (/opt/ros/jazzy/share/rosidl_default_generators/cmake)
-- Found rosidl_adapter: 4.6.3 (/opt/ros/jazzy/share/rosidl_adapter/cmake)
-- Found ament_cmake_ros: 0.12.0 (/opt/ros/jazzy/share/ament_cmake_ros/cmake)
-- Using all available rosidl_typesupport_c: rosidl_typesupport_fastrtps_c;rosidl_typesupport_introspection_c
-- Using all available rosidl_typesupport_cpp: rosidl_typesupport_fastrtps_cpp;rosidl_typesupport_introspection_cpp
-- Found python_cmake_module: 0.11.1 (/opt/ros/jazzy/share/python_cmake_module/cmake)
-- Found Python3: /usr/bin/python3 (found version "3.12.3") found components: Interpreter Development NumPy Development.Module Development.Embed 
-- Found ament_lint_auto: 0.17.1 (/opt/ros/jazzy/share/ament_lint_auto/cmake)
-- Added test 'cppcheck' to perform static code analysis on C / C++ code
-- Configured cppcheck include dirs: /home/alyazahrarr/tubes_dagoz/src/control/include
-- Configured cppcheck exclude dirs and/or files: 
-- Added test 'lint_cmake' to check CMake code style
-- Added test 'uncrustify' to check C / C++ code style
-- Configured uncrustify additional arguments: 
-- Added test 'xmllint' to check XML markup files
-- Configuring done (6.2s)
-- Generating done (0.1s)
-- Build files have been written to: /home/alyazahrarr/tubes_dagoz/build/control
[  2%] Built target control__rosidl_generator_type_description
[  2%] Built target ament_cmake_python_copy_control
[  7%] Built target keyboard_input
[ 10%] [32mBuilding CXX object CMakeFiles/translator_node.dir/src/translator_node.cpp.o[0m
[ 13%] Built target control__cpp
[ 26%] Built target control__rosidl_generator_c
[ 28%] [34m[1mGenerating C++ type support for eProsima Fast-RTPS[0m
[ 31%] [34m[1mGenerating C++ type support dispatch for ROS interfaces[0m
[ 34%] [34m[1mGenerating C type support dispatch for ROS interfaces[0m
[ 36%] [34m[1mGenerating C introspection for ROS interfaces[0m
[ 39%] [34m[1mGenerating C type support for eProsima Fast-RTPS[0m
[ 42%] [34m[1mGenerating C++ introspection for ROS interfaces[0m
[01m[K/home/alyazahrarr/tubes_dagoz/src/control/src/translator_node.cpp:6:10:[m[K [01;31m[Kfatal error: [m[Kcontrol/msg/hardware_command.hpp: No such file or directory
    6 | #include [01;31m[K"control/msg/hardware_command.hpp"[m[K
      |          [01;31m[K^~~~~~~~~~~~~~~~~~~~~~~~~~~~~~~~~~[m[K
compilation terminated.
[ 44%] [32mBuilding CXX object CMakeFiles/control__rosidl_typesupport_cpp.dir/rosidl_typesupport_cpp/control/msg/hardware_command__type_support.cpp.o[0m
gmake[2]: *** [CMakeFiles/translator_node.dir/build.make:76: CMakeFiles/translator_node.dir/src/translator_node.cpp.o] Error 1
gmake[1]: *** [CMakeFiles/Makefile2:651: CMakeFiles/translator_node.dir/all] Error 2
gmake[1]: *** Waiting for unfinished jobs....
running egg_info
[ 47%] [32mBuilding C object CMakeFiles/control__rosidl_typesupport_introspection_c.dir/rosidl_typesupport_introspection_c/control/msg/detail/hardware_command__type_support.c.o[0m
[ 50%] [32mBuilding CXX object CMakeFiles/control__rosidl_typesupport_c.dir/rosidl_typesupport_c/control/msg/hardware_command__type_support.cpp.o[0m
writing control.egg-info/PKG-INFO
writing dependency_links to control.egg-info/dependency_links.txt
writing top-level names to control.egg-info/top_level.txt
[ 52%] [32mBuilding CXX object CMakeFiles/control__rosidl_typesupport_introspection_cpp.dir/rosidl_typesupport_introspection_cpp/control/msg/detail/hardware_command__type_support.cpp.o[0m
[ 55%] [32mBuilding CXX object CMakeFiles/control__rosidl_typesupport_fastrtps_c.dir/rosidl_typesupport_fastrtps_c/control/msg/detail/hardware_command__type_support_c.cpp.o[0m
[ 57%] [32m[1mLinking C shared library libcontrol__rosidl_typesupport_introspection_c.so[0m
[ 60%] [32mBuilding CXX object CMakeFiles/control__rosidl_typesupport_fastrtps_cpp.dir/rosidl_typesupport_fastrtps_cpp/control/msg/detail/dds_fastrtps/hardware_command__type_support.cpp.o[0m
[ 63%] [32m[1mLinking CXX shared library libcontrol__rosidl_typesupport_c.so[0m
[ 63%] Built target control__rosidl_typesupport_introspection_c
reading manifest file 'control.egg-info/SOURCES.txt'
writing manifest file 'control.egg-info/SOURCES.txt'
[ 63%] Built target control__rosidl_typesupport_c
[ 63%] Built target ament_cmake_python_build_control_egg
[ 65%] [32m[1mLinking CXX shared library libcontrol__rosidl_typesupport_cpp.so[0m
[ 65%] Built target control__rosidl_typesupport_cpp
[ 68%] [32m[1mLinking CXX shared library libcontrol__rosidl_typesupport_introspection_cpp.so[0m
[ 68%] Built target control__rosidl_typesupport_introspection_cpp
[ 71%] [32m[1mLinking CXX shared library libcontrol__rosidl_typesupport_fastrtps_c.so[0m
[ 73%] [32m[1mLinking CXX shared library libcontrol__rosidl_typesupport_fastrtps_cpp.so[0m
[ 73%] Built target control__rosidl_typesupport_fastrtps_c
[ 73%] Built target control__rosidl_typesupport_fastrtps_cpp
gmake: *** [Makefile:146: all] Error 2
