-- Found ament_cmake: 2.5.2 (/opt/ros/jazzy/share/ament_cmake/cmake)
-- Found rclcpp: 28.1.3 (/opt/ros/jazzy/share/rclcpp/cmake)
-- Found rosidl_generator_c: 4.6.3 (/opt/ros/jazzy/share/rosidl_generator_c/cmake)
-- Found rosidl_generator_cpp: 4.6.3 (/opt/ros/jazzy/share/rosidl_generator_cpp/cmake)
-- Using all available rosidl_typesupport_c: rosidl_typesupport_fastrtps_c;rosidl_typesupport_introspection_c
-- Using all available rosidl_typesupport_cpp: rosidl_typesupport_fastrtps_cpp;rosidl_typesupport_introspection_cpp
-- Found rmw_implementation_cmake: 7.3.1 (/opt/ros/jazzy/share/rmw_implementation_cmake/cmake)
-- Found rmw_fastrtps_cpp: 8.4.1 (/opt/ros/jazzy/share/rmw_fastrtps_cpp/cmake)
-- Using RMW implementation 'rmw_fastrtps_cpp' as default
-- Found std_msgs: 5.3.5 (/opt/ros/jazzy/share/std_msgs/cmake)
-- Found rosidl_default_generators: 1.6.0 (/opt/ros/jazzy/share/rosidl_default_generators/cmake)
-- Found rosidl_adapter: 4.6.3 (/opt/ros/jazzy/share/rosidl_adapter/cmake)
-- Found geometry_msgs: 5.3.5 (/opt/ros/jazzy/share/geometry_msgs/cmake)
[31mCMake Error at CMakeLists.txt:14 (find_package):
  By not providing "Findtutorial_interfaces.cmake" in CMAKE_MODULE_PATH this
  project has asked CMake to find a package configuration file provided by
  "tutorial_interfaces", but CMake did not find one.

  Could not find a package configuration file provided by
  "tutorial_interfaces" with any of the following names:

    tutorial_interfacesConfig.cmake
    tutorial_interfaces-config.cmake

  Add the installation prefix of "tutorial_interfaces" to CMAKE_PREFIX_PATH
  or set "tutorial_interfaces_DIR" to a directory containing one of the above
  files.  If "tutorial_interfaces" provides a separate development package or
  SDK, be sure it has been installed.

[0m
-- Configuring incomplete, errors occurred!
gmake: *** [Makefile:226: cmake_check_build_system] Error 1
