[  2%] Built target msgs__rosidl_generator_type_description
[  2%] Built target ament_cmake_python_copy_msgs
[  5%] Built target msgs__cpp
[ 20%] Built target msgs__rosidl_generator_c
[ 29%] Built target msgs__rosidl_typesupport_c
[ 41%] Built target msgs__rosidl_typesupport_introspection_c
[ 47%] Built target msgs__rosidl_typesupport_fastrtps_cpp
[ 55%] Built target msgs__rosidl_typesupport_cpp
[ 64%] Built target msgs__rosidl_typesupport_introspection_cpp
[ 73%] Built target msgs__rosidl_typesupport_fastrtps_c
[ 73%] Built target msgs
[ 76%] Built target msgs__py
[ 82%] Built target msgs__rosidl_generator_py
[ 88%] Built target msgs_s__rosidl_typesupport_fastrtps_c
[ 94%] Built target msgs_s__rosidl_typesupport_c
[100%] Built target msgs_s__rosidl_typesupport_introspection_c
running egg_info
writing msgs.egg-info/PKG-INFO
writing dependency_links to msgs.egg-info/dependency_links.txt
writing top-level names to msgs.egg-info/top_level.txt
reading manifest file 'msgs.egg-info/SOURCES.txt'
writing manifest file 'msgs.egg-info/SOURCES.txt'
[100%] Built target ament_cmake_python_build_msgs_egg
-- Install configuration: ""
-- Up-to-date: /home/adha/belajar/ws1/install/msgs/share/ament_index/resource_index/rosidl_interfaces/msgs
-- Up-to-date: /home/adha/belajar/ws1/install/msgs/share/msgs/msg/HardwareCommand.json
-- Up-to-date: /home/adha/belajar/ws1/install/msgs/include/msgs/msgs
-- Up-to-date: /home/adha/belajar/ws1/install/msgs/include/msgs/msgs/msg
-- Up-to-date: /home/adha/belajar/ws1/install/msgs/include/msgs/msgs/msg/hardware_command.h
-- Up-to-date: /home/adha/belajar/ws1/install/msgs/include/msgs/msgs/msg/rosidl_generator_c__visibility_control.h
-- Up-to-date: /home/adha/belajar/ws1/install/msgs/include/msgs/msgs/msg/detail
-- Up-to-date: /home/adha/belajar/ws1/install/msgs/include/msgs/msgs/msg/detail/hardware_command__functions.c
-- Up-to-date: /home/adha/belajar/ws1/install/msgs/include/msgs/msgs/msg/detail/hardware_command__description.c
-- Up-to-date: /home/adha/belajar/ws1/install/msgs/include/msgs/msgs/msg/detail/hardware_command__type_support.c
-- Up-to-date: /home/adha/belajar/ws1/install/msgs/include/msgs/msgs/msg/detail/hardware_command__struct.h
-- Up-to-date: /home/adha/belajar/ws1/install/msgs/include/msgs/msgs/msg/detail/hardware_command__functions.h
-- Up-to-date: /home/adha/belajar/ws1/install/msgs/include/msgs/msgs/msg/detail/hardware_command__type_support.h
-- Up-to-date: /home/adha/belajar/ws1/install/msgs/share/msgs/environment/library_path.sh
-- Up-to-date: /home/adha/belajar/ws1/install/msgs/share/msgs/environment/library_path.dsv
-- Up-to-date: /home/adha/belajar/ws1/install/msgs/lib/libmsgs__rosidl_generator_c.so
-- Up-to-date: /home/adha/belajar/ws1/install/msgs/include/msgs/msgs
-- Up-to-date: /home/adha/belajar/ws1/install/msgs/include/msgs/msgs/msg
-- Up-to-date: /home/adha/belajar/ws1/install/msgs/include/msgs/msgs/msg/rosidl_typesupport_fastrtps_c__visibility_control.h
-- Up-to-date: /home/adha/belajar/ws1/install/msgs/include/msgs/msgs/msg/detail
-- Up-to-date: /home/adha/belajar/ws1/install/msgs/include/msgs/msgs/msg/detail/hardware_command__rosidl_typesupport_fastrtps_c.h
-- Up-to-date: /home/adha/belajar/ws1/install/msgs/lib/libmsgs__rosidl_typesupport_fastrtps_c.so
-- Up-to-date: /home/adha/belajar/ws1/install/msgs/include/msgs/msgs
-- Up-to-date: /home/adha/belajar/ws1/install/msgs/include/msgs/msgs/msg
-- Up-to-date: /home/adha/belajar/ws1/install/msgs/include/msgs/msgs/msg/rosidl_generator_cpp__visibility_control.hpp
-- Up-to-date: /home/adha/belajar/ws1/install/msgs/include/msgs/msgs/msg/hardware_command.hpp
-- Up-to-date: /home/adha/belajar/ws1/install/msgs/include/msgs/msgs/msg/detail
-- Up-to-date: /home/adha/belajar/ws1/install/msgs/include/msgs/msgs/msg/detail/hardware_command__type_support.hpp
-- Up-to-date: /home/adha/belajar/ws1/install/msgs/include/msgs/msgs/msg/detail/hardware_command__struct.hpp
-- Up-to-date: /home/adha/belajar/ws1/install/msgs/include/msgs/msgs/msg/detail/hardware_command__traits.hpp
-- Up-to-date: /home/adha/belajar/ws1/install/msgs/include/msgs/msgs/msg/detail/hardware_command__builder.hpp
-- Up-to-date: /home/adha/belajar/ws1/install/msgs/include/msgs/msgs
-- Up-to-date: /home/adha/belajar/ws1/install/msgs/include/msgs/msgs/msg
-- Up-to-date: /home/adha/belajar/ws1/install/msgs/include/msgs/msgs/msg/rosidl_typesupport_fastrtps_cpp__visibility_control.h
-- Up-to-date: /home/adha/belajar/ws1/install/msgs/include/msgs/msgs/msg/detail
-- Up-to-date: /home/adha/belajar/ws1/install/msgs/include/msgs/msgs/msg/detail/dds_fastrtps
-- Up-to-date: /home/adha/belajar/ws1/install/msgs/include/msgs/msgs/msg/detail/hardware_command__rosidl_typesupport_fastrtps_cpp.hpp
-- Up-to-date: /home/adha/belajar/ws1/install/msgs/lib/libmsgs__rosidl_typesupport_fastrtps_cpp.so
-- Up-to-date: /home/adha/belajar/ws1/install/msgs/include/msgs/msgs
-- Up-to-date: /home/adha/belajar/ws1/install/msgs/include/msgs/msgs/msg
-- Up-to-date: /home/adha/belajar/ws1/install/msgs/include/msgs/msgs/msg/rosidl_typesupport_introspection_c__visibility_control.h
-- Up-to-date: /home/adha/belajar/ws1/install/msgs/include/msgs/msgs/msg/detail
-- Up-to-date: /home/adha/belajar/ws1/install/msgs/include/msgs/msgs/msg/detail/hardware_command__type_support.c
-- Up-to-date: /home/adha/belajar/ws1/install/msgs/include/msgs/msgs/msg/detail/hardware_command__rosidl_typesupport_introspection_c.h
-- Up-to-date: /home/adha/belajar/ws1/install/msgs/lib/libmsgs__rosidl_typesupport_introspection_c.so
-- Up-to-date: /home/adha/belajar/ws1/install/msgs/lib/libmsgs__rosidl_typesupport_c.so
-- Up-to-date: /home/adha/belajar/ws1/install/msgs/include/msgs/msgs
-- Up-to-date: /home/adha/belajar/ws1/install/msgs/include/msgs/msgs/msg
-- Up-to-date: /home/adha/belajar/ws1/install/msgs/include/msgs/msgs/msg/detail
-- Up-to-date: /home/adha/belajar/ws1/install/msgs/include/msgs/msgs/msg/detail/hardware_command__type_support.cpp
-- Up-to-date: /home/adha/belajar/ws1/install/msgs/include/msgs/msgs/msg/detail/hardware_command__rosidl_typesupport_introspection_cpp.hpp
-- Up-to-date: /home/adha/belajar/ws1/install/msgs/lib/libmsgs__rosidl_typesupport_introspection_cpp.so
-- Up-to-date: /home/adha/belajar/ws1/install/msgs/lib/libmsgs__rosidl_typesupport_cpp.so
-- Up-to-date: /home/adha/belajar/ws1/install/msgs/share/msgs/environment/pythonpath.sh
-- Up-to-date: /home/adha/belajar/ws1/install/msgs/share/msgs/environment/pythonpath.dsv
-- Up-to-date: /home/adha/belajar/ws1/install/msgs/lib/python3.12/site-packages/msgs-0.0.0-py3.12.egg-info
-- Installing: /home/adha/belajar/ws1/install/msgs/lib/python3.12/site-packages/msgs-0.0.0-py3.12.egg-info/dependency_links.txt
-- Installing: /home/adha/belajar/ws1/install/msgs/lib/python3.12/site-packages/msgs-0.0.0-py3.12.egg-info/top_level.txt
-- Installing: /home/adha/belajar/ws1/install/msgs/lib/python3.12/site-packages/msgs-0.0.0-py3.12.egg-info/SOURCES.txt
-- Installing: /home/adha/belajar/ws1/install/msgs/lib/python3.12/site-packages/msgs-0.0.0-py3.12.egg-info/PKG-INFO
-- Up-to-date: /home/adha/belajar/ws1/install/msgs/lib/python3.12/site-packages/msgs
-- Up-to-date: /home/adha/belajar/ws1/install/msgs/lib/python3.12/site-packages/msgs/msg
-- Up-to-date: /home/adha/belajar/ws1/install/msgs/lib/python3.12/site-packages/msgs/msg/__init__.py
-- Up-to-date: /home/adha/belajar/ws1/install/msgs/lib/python3.12/site-packages/msgs/msg/_hardware_command_s.c
-- Up-to-date: /home/adha/belajar/ws1/install/msgs/lib/python3.12/site-packages/msgs/msg/_hardware_command.py
-- Up-to-date: /home/adha/belajar/ws1/install/msgs/lib/python3.12/site-packages/msgs/_msgs_s.ep.rosidl_typesupport_c.c
-- Up-to-date: /home/adha/belajar/ws1/install/msgs/lib/python3.12/site-packages/msgs/__init__.py
-- Up-to-date: /home/adha/belajar/ws1/install/msgs/lib/python3.12/site-packages/msgs/msgs_s__rosidl_typesupport_introspection_c.so
-- Up-to-date: /home/adha/belajar/ws1/install/msgs/lib/python3.12/site-packages/msgs/_msgs_s.ep.rosidl_typesupport_fastrtps_c.c
-- Up-to-date: /home/adha/belajar/ws1/install/msgs/lib/python3.12/site-packages/msgs/_msgs_s.ep.rosidl_typesupport_introspection_c.c
-- Up-to-date: /home/adha/belajar/ws1/install/msgs/lib/python3.12/site-packages/msgs/msgs_s__rosidl_typesupport_fastrtps_c.so
-- Up-to-date: /home/adha/belajar/ws1/install/msgs/lib/python3.12/site-packages/msgs/msgs_s__rosidl_typesupport_c.so
Listing '/home/adha/belajar/ws1/install/msgs/lib/python3.12/site-packages/msgs'...
Listing '/home/adha/belajar/ws1/install/msgs/lib/python3.12/site-packages/msgs/msg'...
-- Up-to-date: /home/adha/belajar/ws1/install/msgs/lib/python3.12/site-packages/msgs/msgs_s__rosidl_typesupport_fastrtps_c.so
-- Up-to-date: /home/adha/belajar/ws1/install/msgs/lib/python3.12/site-packages/msgs/msgs_s__rosidl_typesupport_introspection_c.so
-- Up-to-date: /home/adha/belajar/ws1/install/msgs/lib/python3.12/site-packages/msgs/msgs_s__rosidl_typesupport_c.so
-- Up-to-date: /home/adha/belajar/ws1/install/msgs/lib/libmsgs__rosidl_generator_py.so
-- Up-to-date: /home/adha/belajar/ws1/install/msgs/share/msgs/msg/HardwareCommand.idl
-- Up-to-date: /home/adha/belajar/ws1/install/msgs/share/msgs/msg/HardwareCommand.msg
-- Up-to-date: /home/adha/belajar/ws1/install/msgs/share/ament_index/resource_index/package_run_dependencies/msgs
-- Up-to-date: /home/adha/belajar/ws1/install/msgs/share/ament_index/resource_index/parent_prefix_path/msgs
-- Up-to-date: /home/adha/belajar/ws1/install/msgs/share/msgs/environment/ament_prefix_path.sh
-- Up-to-date: /home/adha/belajar/ws1/install/msgs/share/msgs/environment/ament_prefix_path.dsv
-- Up-to-date: /home/adha/belajar/ws1/install/msgs/share/msgs/environment/path.sh
-- Up-to-date: /home/adha/belajar/ws1/install/msgs/share/msgs/environment/path.dsv
-- Up-to-date: /home/adha/belajar/ws1/install/msgs/share/msgs/local_setup.bash
-- Up-to-date: /home/adha/belajar/ws1/install/msgs/share/msgs/local_setup.sh
-- Up-to-date: /home/adha/belajar/ws1/install/msgs/share/msgs/local_setup.zsh
-- Up-to-date: /home/adha/belajar/ws1/install/msgs/share/msgs/local_setup.dsv
-- Installing: /home/adha/belajar/ws1/install/msgs/share/msgs/package.dsv
-- Up-to-date: /home/adha/belajar/ws1/install/msgs/share/ament_index/resource_index/packages/msgs
-- Up-to-date: /home/adha/belajar/ws1/install/msgs/share/msgs/cmake/export_msgs__rosidl_generator_cExport.cmake
-- Up-to-date: /home/adha/belajar/ws1/install/msgs/share/msgs/cmake/export_msgs__rosidl_generator_cExport-noconfig.cmake
-- Up-to-date: /home/adha/belajar/ws1/install/msgs/share/msgs/cmake/export_msgs__rosidl_typesupport_fastrtps_cExport.cmake
-- Up-to-date: /home/adha/belajar/ws1/install/msgs/share/msgs/cmake/export_msgs__rosidl_typesupport_fastrtps_cExport-noconfig.cmake
-- Up-to-date: /home/adha/belajar/ws1/install/msgs/share/msgs/cmake/export_msgs__rosidl_generator_cppExport.cmake
-- Up-to-date: /home/adha/belajar/ws1/install/msgs/share/msgs/cmake/export_msgs__rosidl_typesupport_fastrtps_cppExport.cmake
-- Up-to-date: /home/adha/belajar/ws1/install/msgs/share/msgs/cmake/export_msgs__rosidl_typesupport_fastrtps_cppExport-noconfig.cmake
-- Up-to-date: /home/adha/belajar/ws1/install/msgs/share/msgs/cmake/msgs__rosidl_typesupport_introspection_cExport.cmake
-- Up-to-date: /home/adha/belajar/ws1/install/msgs/share/msgs/cmake/msgs__rosidl_typesupport_introspection_cExport-noconfig.cmake
-- Up-to-date: /home/adha/belajar/ws1/install/msgs/share/msgs/cmake/msgs__rosidl_typesupport_cExport.cmake
-- Up-to-date: /home/adha/belajar/ws1/install/msgs/share/msgs/cmake/msgs__rosidl_typesupport_cExport-noconfig.cmake
-- Up-to-date: /home/adha/belajar/ws1/install/msgs/share/msgs/cmake/msgs__rosidl_typesupport_introspection_cppExport.cmake
-- Up-to-date: /home/adha/belajar/ws1/install/msgs/share/msgs/cmake/msgs__rosidl_typesupport_introspection_cppExport-noconfig.cmake
-- Up-to-date: /home/adha/belajar/ws1/install/msgs/share/msgs/cmake/msgs__rosidl_typesupport_cppExport.cmake
-- Up-to-date: /home/adha/belajar/ws1/install/msgs/share/msgs/cmake/msgs__rosidl_typesupport_cppExport-noconfig.cmake
-- Up-to-date: /home/adha/belajar/ws1/install/msgs/share/msgs/cmake/export_msgs__rosidl_generator_pyExport.cmake
-- Up-to-date: /home/adha/belajar/ws1/install/msgs/share/msgs/cmake/export_msgs__rosidl_generator_pyExport-noconfig.cmake
-- Up-to-date: /home/adha/belajar/ws1/install/msgs/share/msgs/cmake/rosidl_cmake-extras.cmake
-- Up-to-date: /home/adha/belajar/ws1/install/msgs/share/msgs/cmake/ament_cmake_export_include_directories-extras.cmake
-- Up-to-date: /home/adha/belajar/ws1/install/msgs/share/msgs/cmake/ament_cmake_export_libraries-extras.cmake
-- Up-to-date: /home/adha/belajar/ws1/install/msgs/share/msgs/cmake/ament_cmake_export_targets-extras.cmake
-- Up-to-date: /home/adha/belajar/ws1/install/msgs/share/msgs/cmake/rosidl_cmake_export_typesupport_targets-extras.cmake
-- Up-to-date: /home/adha/belajar/ws1/install/msgs/share/msgs/cmake/ament_cmake_export_dependencies-extras.cmake
-- Up-to-date: /home/adha/belajar/ws1/install/msgs/share/msgs/cmake/rosidl_cmake_export_typesupport_libraries-extras.cmake
-- Up-to-date: /home/adha/belajar/ws1/install/msgs/share/msgs/cmake/msgsConfig.cmake
-- Up-to-date: /home/adha/belajar/ws1/install/msgs/share/msgs/cmake/msgsConfig-version.cmake
-- Up-to-date: /home/adha/belajar/ws1/install/msgs/share/msgs/package.xml
