[0.036s] Invoking command in '/home/alyazahrarr/tubesss/tubes_dagoz/build/control': AMENT_PREFIX_PATH=/home/alyazahrarr/tubesss/tubes_dagoz/install/ros2_socketcan:/home/alyazahrarr/tubesss/tubes_dagoz/install/ros2_socketcan_msgs:/home/alyazahrarr/tubesss/tubes_dagoz/install/msgs:/home/alyazahrarr/tubesss/tubes_dagoz/install/can_msgs:${AMENT_PREFIX_PATH} CMAKE_PREFIX_PATH=/home/alyazahrarr/tubesss/tubes_dagoz/install/ros2_socketcan:/home/alyazahrarr/tubesss/tubes_dagoz/install/ros2_socketcan_msgs:/home/alyazahrarr/tubesss/tubes_dagoz/install/msgs:/home/alyazahrarr/tubesss/tubes_dagoz/install/can_msgs:/home/alyazahrarr/ros2_ws/install/my_package:/home/alyazahrarr/ros2_ws/install/examples_rclcpp_wait_set:/home/alyazahrarr/ros2_ws/install/examples_rclcpp_multithreaded_executor:/home/alyazahrarr/ros2_ws/install/examples_rclcpp_minimal_timer:/home/alyazahrarr/ros2_ws/install/examples_rclcpp_minimal_subscriber:/home/alyazahrarr/ros2_ws/install/examples_rclcpp_minimal_service:/home/alyazahrarr/ros2_ws/install/examples_rclcpp_minimal_publisher:/home/alyazahrarr/ros2_ws/install/examples_rclcpp_minimal_composition:/home/alyazahrarr/ros2_ws/install/examples_rclcpp_minimal_client:/home/alyazahrarr/ros2_ws/install/examples_rclcpp_minimal_action_server:/home/alyazahrarr/ros2_ws/install/examples_rclcpp_minimal_action_client:/home/alyazahrarr/ros2_ws/install/examples_rclcpp_cbg_executor:/home/alyazahrarr/ros2_ws/install/examples_rclcpp_async_client:/opt/ros/jazzy/opt/gz_math_vendor:/opt/ros/jazzy/opt/gz_utils_vendor:/opt/ros/jazzy/opt/gz_cmake_vendor:/home/alyazahrarr/ros2_ws/install/launch_testing_examples:/home/alyazahrarr/ros2_ws/install/examples_rclpy_pointcloud_publisher:/home/alyazahrarr/ros2_ws/install/examples_rclpy_minimal_subscriber:/home/alyazahrarr/ros2_ws/install/examples_rclpy_minimal_service:/home/alyazahrarr/ros2_ws/install/examples_rclpy_minimal_publisher:/home/alyazahrarr/ros2_ws/install/examples_rclpy_minimal_client:/home/alyazahrarr/ros2_ws/install/examples_rclpy_minimal_action_server:/home/alyazahrarr/ros2_ws/install/examples_rclpy_minimal_action_client:/home/alyazahrarr/ros2_ws/install/examples_rclpy_guard_conditions:/home/alyazahrarr/ros2_ws/install/examples_rclpy_executors:/opt/ros/jazzy DEBUGINFOD_URLS=https://debuginfod.ubuntu.com LD_LIBRARY_PATH=/home/alyazahrarr/tubesss/tubes_dagoz/install/ros2_socketcan/lib:/home/alyazahrarr/tubesss/tubes_dagoz/install/ros2_socketcan_msgs/lib:/home/alyazahrarr/tubesss/tubes_dagoz/install/msgs/lib:/home/alyazahrarr/tubesss/tubes_dagoz/install/can_msgs/lib:${LD_LIBRARY_PATH} PYTHONPATH=/home/alyazahrarr/tubesss/tubes_dagoz/install/ros2_socketcan_msgs/lib/python3.12/site-packages:/home/alyazahrarr/tubesss/tubes_dagoz/install/msgs/lib/python3.12/site-packages:/home/alyazahrarr/tubesss/tubes_dagoz/install/can_msgs/lib/python3.12/site-packages:${PYTHONPATH} /usr/bin/cmake --build /home/alyazahrarr/tubesss/tubes_dagoz/build/control -- -j8 -l8
[0.132s] [ 25%] [32mBuilding CXX object CMakeFiles/keyboard_input.dir/src/keyboard_input.cpp.o[0m
[0.133s] [ 75%] Built target translator_node
[3.881s] [01m[K/home/alyazahrarr/tubesss/tubes_dagoz/src/control/src/keyboard_input.cpp:[m[K In member function ‘[01m[Kvoid KeyboardInputNode::[01;32m[Kprocess_input[m[K()[m[K’:
[3.881s] [01m[K/home/alyazahrarr/tubesss/tubes_dagoz/src/control/src/keyboard_input.cpp:57:40:[m[K [01;31m[Kerror: [m[Kno matching function for call to ‘[01m[Krclcpp::Publisher<geometry_msgs::msg::Twist_<std::allocator<void> > >::publish(std_msgs::msg::String_<std::allocator<void> >&)[m[K’
[3.882s]    57 |                     [01;31m[Kpublisher_->publish(message)[m[K;
[3.882s]       |                     [01;31m[K~~~~~~~~~~~~~~~~~~~^~~~~~~~~[m[K
[3.882s] In file included from [01m[K/opt/ros/jazzy/include/rclcpp/rclcpp/topic_statistics/subscription_topic_statistics.hpp:31[m[K,
[3.883s]                  from [01m[K/opt/ros/jazzy/include/rclcpp/rclcpp/subscription.hpp:50[m[K,
[3.883s]                  from [01m[K/opt/ros/jazzy/include/rclcpp/rclcpp/any_executable.hpp:25[m[K,
[3.883s]                  from [01m[K/opt/ros/jazzy/include/rclcpp/rclcpp/memory_strategy.hpp:25[m[K,
[3.883s]                  from [01m[K/opt/ros/jazzy/include/rclcpp/rclcpp/memory_strategies.hpp:18[m[K,
[3.883s]                  from [01m[K/opt/ros/jazzy/include/rclcpp/rclcpp/executor_options.hpp:22[m[K,
[3.884s]                  from [01m[K/opt/ros/jazzy/include/rclcpp/rclcpp/executor.hpp:38[m[K,
[3.884s]                  from [01m[K/opt/ros/jazzy/include/rclcpp/rclcpp/executors/multi_threaded_executor.hpp:25[m[K,
[3.884s]                  from [01m[K/opt/ros/jazzy/include/rclcpp/rclcpp/executors.hpp:21[m[K,
[3.885s]                  from [01m[K/opt/ros/jazzy/include/rclcpp/rclcpp/rclcpp.hpp:172[m[K,
[3.885s]                  from [01m[K/home/alyazahrarr/tubesss/tubes_dagoz/src/control/src/keyboard_input.cpp:1[m[K:
[3.885s] [01m[K/opt/ros/jazzy/include/rclcpp/rclcpp/publisher.hpp:239:3:[m[K [01;36m[Knote: [m[Kcandidate: ‘[01m[Ktemplate<class T> std::enable_if_t<(rosidl_generator_traits::is_message<T>::value && std::is_same<T, typename rclcpp::TypeAdapter<MessageT>::ros_message_type>::value)> rclcpp::Publisher<MessageT, AllocatorT>::[01;32m[Kpublish[m[K(std::unique_ptr<T, typename std::conditional<std::is_same<typename std::allocator_traits<typename std::allocator_traits<_Allocator>::rebind_traits<typename rclcpp::TypeAdapter<MessageT, void, void>::ros_message_type>::allocator_type>::rebind_alloc<typename rclcpp::TypeAdapter<MessageT, void, void>::ros_message_type>, std::allocator<typename rclcpp::TypeAdapter<MessageT>::ros_message_type> >::value, std::default_delete<typename rclcpp::TypeAdapter<MessageT>::ros_message_type>, rclcpp::allocator::AllocatorDeleter<typename std::allocator_traits<_Allocator>::rebind_traits<typename rclcpp::TypeAdapter<MessageT, void, void>::ros_message_type>::allocator_type> >::type>) [35m[K[with MessageT = geometry_msgs::msg::Twist_<std::allocator<void> >; AllocatorT = std::allocator<void>][m[K[m[K’
[3.886s]   239 |   [01;36m[Kpublish[m[K(std::unique_ptr<T, ROSMessageTypeDeleter> msg)
[3.886s]       |   [01;36m[K^~~~~~~[m[K
[3.886s] [01m[K/opt/ros/jazzy/include/rclcpp/rclcpp/publisher.hpp:239:3:[m[K [01;36m[Knote: [m[K  template argument deduction/substitution failed:
[3.886s] [01m[K/home/alyazahrarr/tubesss/tubes_dagoz/src/control/src/keyboard_input.cpp:57:40:[m[K [01;36m[Knote: [m[K  ‘[01m[Kstd_msgs::msg::String_<std::allocator<void> >[m[K’ is not derived from ‘[01m[Kstd::unique_ptr<T, std::default_delete<geometry_msgs::msg::Twist_<std::allocator<void> > > >[m[K’
[3.886s]    57 |                     [01;36m[Kpublisher_->publish(message)[m[K;
[3.886s]       |                     [01;36m[K~~~~~~~~~~~~~~~~~~~^~~~~~~~~[m[K
[3.887s] [01m[K/opt/ros/jazzy/include/rclcpp/rclcpp/publisher.hpp:289:3:[m[K [01;36m[Knote: [m[Kcandidate: ‘[01m[Ktemplate<class T> std::enable_if_t<(rosidl_generator_traits::is_message<T>::value && std::is_same<T, typename rclcpp::TypeAdapter<MessageT>::ros_message_type>::value)> rclcpp::Publisher<MessageT, AllocatorT>::[01;32m[Kpublish[m[K(const T&) [35m[K[with MessageT = geometry_msgs::msg::Twist_<std::allocator<void> >; AllocatorT = std::allocator<void>][m[K[m[K’
[3.887s]   289 |   [01;36m[Kpublish[m[K(const T & msg)
[3.887s]       |   [01;36m[K^~~~~~~[m[K
[3.887s] [01m[K/opt/ros/jazzy/include/rclcpp/rclcpp/publisher.hpp:289:3:[m[K [01;36m[Knote: [m[K  template argument deduction/substitution failed:
[3.887s] In file included from [01m[K/usr/include/c++/13/bits/move.h:37[m[K,
[3.887s]                  from [01m[K/usr/include/c++/13/bits/new_allocator.h:36[m[K,
[3.887s]                  from [01m[K/usr/include/x86_64-linux-gnu/c++/13/bits/c++allocator.h:33[m[K,
[3.887s]                  from [01m[K/usr/include/c++/13/bits/allocator.h:46[m[K,
[3.887s]                  from [01m[K/usr/include/c++/13/memory:65[m[K,
[3.887s]                  from [01m[K/opt/ros/jazzy/include/rclcpp/rclcpp/rclcpp.hpp:169[m[K:
[3.888s] /usr/include/c++/13/type_traits: In substitution of ‘[01m[Ktemplate<bool _Cond, class _Tp> using std::enable_if_t = typename std::enable_if::type [35m[K[with bool _Cond = false; _Tp = void][m[K[m[K’:
[3.888s] [01m[K/opt/ros/jazzy/include/rclcpp/rclcpp/publisher.hpp:289:3:[m[K   required by substitution of ‘[01m[Ktemplate<class T> std::enable_if_t<(rosidl_generator_traits::is_message<T>::value && std::is_same<T, geometry_msgs::msg::Twist_<std::allocator<void> > >::value), void> rclcpp::Publisher<geometry_msgs::msg::Twist_<std::allocator<void> > >::[01;32m[Kpublish[m[K(const T&) [35m[K[with T = std_msgs::msg::String_<std::allocator<void> >][m[K[m[K’
[3.888s] [01m[K/home/alyazahrarr/tubesss/tubes_dagoz/src/control/src/keyboard_input.cpp:57:40:[m[K   required from here
[3.888s] [01m[K/usr/include/c++/13/type_traits:2610:11:[m[K [01;31m[Kerror: [m[Kno type named ‘[01m[Ktype[m[K’ in ‘[01m[Kstruct std::enable_if<false, void>[m[K’
[3.888s]  2610 |     using [01;31m[Kenable_if_t[m[K = typename enable_if<_Cond, _Tp>::type;
[3.888s]       |           [01;31m[K^~~~~~~~~~~[m[K
[3.888s] [01m[K/opt/ros/jazzy/include/rclcpp/rclcpp/publisher.hpp:319:3:[m[K [01;36m[Knote: [m[Kcandidate: ‘[01m[Ktemplate<class T> std::enable_if_t<(typename rclcpp::TypeAdapter<MessageT>::is_specialized::value && std::is_same<T, typename rclcpp::TypeAdapter<MessageT>::custom_type>::value)> rclcpp::Publisher<MessageT, AllocatorT>::[01;32m[Kpublish[m[K(std::unique_ptr<T, typename std::conditional<std::is_same<typename std::allocator_traits<typename std::allocator_traits<_Allocator>::rebind_traits<typename rclcpp::TypeAdapter<MessageT, void, void>::custom_type>::allocator_type>::rebind_alloc<typename rclcpp::TypeAdapter<MessageT, void, void>::custom_type>, std::allocator<typename rclcpp::TypeAdapter<MessageT>::custom_type> >::value, std::default_delete<typename rclcpp::TypeAdapter<MessageT>::custom_type>, rclcpp::allocator::AllocatorDeleter<typename std::allocator_traits<_Allocator>::rebind_traits<typename rclcpp::TypeAdapter<MessageT, void, void>::custom_type>::allocator_type> >::type>) [35m[K[with MessageT = geometry_msgs::msg::Twist_<std::allocator<void> >; AllocatorT = std::allocator<void>][m[K[m[K’
[3.888s]   319 |   [01;36m[Kpublish[m[K(std::unique_ptr<T, PublishedTypeDeleter> msg)
[3.888s]       |   [01;36m[K^~~~~~~[m[K
[3.888s] [01m[K/opt/ros/jazzy/include/rclcpp/rclcpp/publisher.hpp:319:3:[m[K [01;36m[Knote: [m[K  template argument deduction/substitution failed:
[3.889s] [01m[K/home/alyazahrarr/tubesss/tubes_dagoz/src/control/src/keyboard_input.cpp:57:40:[m[K [01;36m[Knote: [m[K  ‘[01m[Kstd_msgs::msg::String_<std::allocator<void> >[m[K’ is not derived from ‘[01m[Kstd::unique_ptr<T, std::default_delete<geometry_msgs::msg::Twist_<std::allocator<void> > > >[m[K’
[3.889s]    57 |                     [01;36m[Kpublisher_->publish(message)[m[K;
[3.889s]       |                     [01;36m[K~~~~~~~~~~~~~~~~~~~^~~~~~~~~[m[K
[3.889s] [01m[K/opt/ros/jazzy/include/rclcpp/rclcpp/publisher.hpp:366:3:[m[K [01;36m[Knote: [m[Kcandidate: ‘[01m[Ktemplate<class T> std::enable_if_t<(typename rclcpp::TypeAdapter<MessageT>::is_specialized::value && std::is_same<T, typename rclcpp::TypeAdapter<MessageT>::custom_type>::value)> rclcpp::Publisher<MessageT, AllocatorT>::[01;32m[Kpublish[m[K(const T&) [35m[K[with MessageT = geometry_msgs::msg::Twist_<std::allocator<void> >; AllocatorT = std::allocator<void>][m[K[m[K’
[3.889s]   366 |   [01;36m[Kpublish[m[K(const T & msg)
[3.889s]       |   [01;36m[K^~~~~~~[m[K
[3.889s] [01m[K/opt/ros/jazzy/include/rclcpp/rclcpp/publisher.hpp:366:3:[m[K [01;36m[Knote: [m[K  template argument deduction/substitution failed:
[3.890s] [01m[K/opt/ros/jazzy/include/rclcpp/rclcpp/publisher.hpp:384:3:[m[K [01;36m[Knote: [m[Kcandidate: ‘[01m[Kvoid rclcpp::Publisher<MessageT, AllocatorT>::[01;32m[Kpublish[m[K(const rcl_serialized_message_t&) [35m[K[with MessageT = geometry_msgs::msg::Twist_<std::allocator<void> >; AllocatorT = std::allocator<void>; rcl_serialized_message_t = rcutils_uint8_array_s][m[K[m[K’
[3.890s]   384 |   [01;36m[Kpublish[m[K(const rcl_serialized_message_t & serialized_msg)
[3.890s]       |   [01;36m[K^~~~~~~[m[K
[3.890s] [01m[K/opt/ros/jazzy/include/rclcpp/rclcpp/publisher.hpp:384:44:[m[K [01;36m[Knote: [m[K  no known conversion for argument 1 from ‘[01m[Kstd_msgs::msg::String_<std::allocator<void> >[m[K’ to ‘[01m[Kconst rcl_serialized_message_t&[m[K’ {aka ‘[01m[Kconst rcutils_uint8_array_s&[m[K’}
[3.890s]   384 |   publish([01;36m[Kconst rcl_serialized_message_t & serialized_msg[m[K)
[3.890s]       |           [01;36m[K~~~~~~~~~~~~~~~~~~~~~~~~~~~~~~~~~^~~~~~~~~~~~~~[m[K
[3.890s] [01m[K/opt/ros/jazzy/include/rclcpp/rclcpp/publisher.hpp:390:3:[m[K [01;36m[Knote: [m[Kcandidate: ‘[01m[Kvoid rclcpp::Publisher<MessageT, AllocatorT>::[01;32m[Kpublish[m[K(const rclcpp::SerializedMessage&) [35m[K[with MessageT = geometry_msgs::msg::Twist_<std::allocator<void> >; AllocatorT = std::allocator<void>][m[K[m[K’
[3.890s]   390 |   [01;36m[Kpublish[m[K(const SerializedMessage & serialized_msg)
[3.891s]       |   [01;36m[K^~~~~~~[m[K
[3.891s] [01m[K/opt/ros/jazzy/include/rclcpp/rclcpp/publisher.hpp:390:37:[m[K [01;36m[Knote: [m[K  no known conversion for argument 1 from ‘[01m[Kstd_msgs::msg::String_<std::allocator<void> >[m[K’ to ‘[01m[Kconst rclcpp::SerializedMessage&[m[K’
[3.891s]   390 |   publish([01;36m[Kconst SerializedMessage & serialized_msg[m[K)
[3.891s]       |           [01;36m[K~~~~~~~~~~~~~~~~~~~~~~~~~~^~~~~~~~~~~~~~[m[K
[3.891s] [01m[K/opt/ros/jazzy/include/rclcpp/rclcpp/publisher.hpp:404:3:[m[K [01;36m[Knote: [m[Kcandidate: ‘[01m[Kvoid rclcpp::Publisher<MessageT, AllocatorT>::[01;32m[Kpublish[m[K(rclcpp::LoanedMessage<typename rclcpp::TypeAdapter<MessageT>::ros_message_type, AllocatorT>&&) [35m[K[with MessageT = geometry_msgs::msg::Twist_<std::allocator<void> >; AllocatorT = std::allocator<void>; typename rclcpp::TypeAdapter<MessageT>::ros_message_type = geometry_msgs::msg::Twist_<std::allocator<void> >][m[K[m[K’
[3.891s]   404 |   [01;36m[Kpublish[m[K(rclcpp::LoanedMessage<ROSMessageType, AllocatorT> && loaned_msg)
[3.891s]       |   [01;36m[K^~~~~~~[m[K
[3.892s] [01m[K/opt/ros/jazzy/include/rclcpp/rclcpp/publisher.hpp:404:64:[m[K [01;36m[Knote: [m[K  no known conversion for argument 1 from ‘[01m[Kstd_msgs::msg::String_<std::allocator<void> >[m[K’ to ‘[01m[Krclcpp::LoanedMessage<geometry_msgs::msg::Twist_<std::allocator<void> >, std::allocator<void> >&&[m[K’
[3.892s]   404 | ublish([01;36m[Krclcpp::LoanedMessage<ROSMessageType, AllocatorT> && loaned_msg[m[K)
[3.892s]       |        [01;36m[K~~~~~~~~~~~~~~~~~~~~~~~~~~~~~~~~~~~~~~~~~~~~~~~~~~~~~^~~~~~~~~~[m[K
[3.892s] 
[3.892s] [01m[K/home/alyazahrarr/tubesss/tubes_dagoz/src/control/src/keyboard_input.cpp:62:40:[m[K [01;31m[Kerror: [m[Kno matching function for call to ‘[01m[Krclcpp::Publisher<geometry_msgs::msg::Twist_<std::allocator<void> > >::publish(std_msgs::msg::String_<std::allocator<void> >&)[m[K’
[3.892s]    62 |                     [01;31m[Kpublisher_->publish(message)[m[K;
[3.893s]       |                     [01;31m[K~~~~~~~~~~~~~~~~~~~^~~~~~~~~[m[K
[3.893s] [01m[K/opt/ros/jazzy/include/rclcpp/rclcpp/publisher.hpp:239:3:[m[K [01;36m[Knote: [m[Kcandidate: ‘[01m[Ktemplate<class T> std::enable_if_t<(rosidl_generator_traits::is_message<T>::value && std::is_same<T, typename rclcpp::TypeAdapter<MessageT>::ros_message_type>::value)> rclcpp::Publisher<MessageT, AllocatorT>::[01;32m[Kpublish[m[K(std::unique_ptr<T, typename std::conditional<std::is_same<typename std::allocator_traits<typename std::allocator_traits<_Allocator>::rebind_traits<typename rclcpp::TypeAdapter<MessageT, void, void>::ros_message_type>::allocator_type>::rebind_alloc<typename rclcpp::TypeAdapter<MessageT, void, void>::ros_message_type>, std::allocator<typename rclcpp::TypeAdapter<MessageT>::ros_message_type> >::value, std::default_delete<typename rclcpp::TypeAdapter<MessageT>::ros_message_type>, rclcpp::allocator::AllocatorDeleter<typename std::allocator_traits<_Allocator>::rebind_traits<typename rclcpp::TypeAdapter<MessageT, void, void>::ros_message_type>::allocator_type> >::type>) [35m[K[with MessageT = geometry_msgs::msg::Twist_<std::allocator<void> >; AllocatorT = std::allocator<void>][m[K[m[K’
[3.893s]   239 |   [01;36m[Kpublish[m[K(std::unique_ptr<T, ROSMessageTypeDeleter> msg)
[3.893s]       |   [01;36m[K^~~~~~~[m[K
[3.894s] [01m[K/opt/ros/jazzy/include/rclcpp/rclcpp/publisher.hpp:239:3:[m[K [01;36m[Knote: [m[K  template argument deduction/substitution failed:
[3.894s] [01m[K/home/alyazahrarr/tubesss/tubes_dagoz/src/control/src/keyboard_input.cpp:62:40:[m[K [01;36m[Knote: [m[K  ‘[01m[Kstd_msgs::msg::String_<std::allocator<void> >[m[K’ is not derived from ‘[01m[Kstd::unique_ptr<T, std::default_delete<geometry_msgs::msg::Twist_<std::allocator<void> > > >[m[K’
[3.894s]    62 |                     [01;36m[Kpublisher_->publish(message)[m[K;
[3.894s]       |                     [01;36m[K~~~~~~~~~~~~~~~~~~~^~~~~~~~~[m[K
[3.895s] [01m[K/opt/ros/jazzy/include/rclcpp/rclcpp/publisher.hpp:289:3:[m[K [01;36m[Knote: [m[Kcandidate: ‘[01m[Ktemplate<class T> std::enable_if_t<(rosidl_generator_traits::is_message<T>::value && std::is_same<T, typename rclcpp::TypeAdapter<MessageT>::ros_message_type>::value)> rclcpp::Publisher<MessageT, AllocatorT>::[01;32m[Kpublish[m[K(const T&) [35m[K[with MessageT = geometry_msgs::msg::Twist_<std::allocator<void> >; AllocatorT = std::allocator<void>][m[K[m[K’
[3.895s]   289 |   [01;36m[Kpublish[m[K(const T & msg)
[3.895s]       |   [01;36m[K^~~~~~~[m[K
[3.895s] [01m[K/opt/ros/jazzy/include/rclcpp/rclcpp/publisher.hpp:289:3:[m[K [01;36m[Knote: [m[K  template argument deduction/substitution failed:
[3.895s] [01m[K/opt/ros/jazzy/include/rclcpp/rclcpp/publisher.hpp:319:3:[m[K [01;36m[Knote: [m[Kcandidate: ‘[01m[Ktemplate<class T> std::enable_if_t<(typename rclcpp::TypeAdapter<MessageT>::is_specialized::value && std::is_same<T, typename rclcpp::TypeAdapter<MessageT>::custom_type>::value)> rclcpp::Publisher<MessageT, AllocatorT>::[01;32m[Kpublish[m[K(std::unique_ptr<T, typename std::conditional<std::is_same<typename std::allocator_traits<typename std::allocator_traits<_Allocator>::rebind_traits<typename rclcpp::TypeAdapter<MessageT, void, void>::custom_type>::allocator_type>::rebind_alloc<typename rclcpp::TypeAdapter<MessageT, void, void>::custom_type>, std::allocator<typename rclcpp::TypeAdapter<MessageT>::custom_type> >::value, std::default_delete<typename rclcpp::TypeAdapter<MessageT>::custom_type>, rclcpp::allocator::AllocatorDeleter<typename std::allocator_traits<_Allocator>::rebind_traits<typename rclcpp::TypeAdapter<MessageT, void, void>::custom_type>::allocator_type> >::type>) [35m[K[with MessageT = geometry_msgs::msg::Twist_<std::allocator<void> >; AllocatorT = std::allocator<void>][m[K[m[K’
[3.895s]   319 |   [01;36m[Kpublish[m[K(std::unique_ptr<T, PublishedTypeDeleter> msg)
[3.896s]       |   [01;36m[K^~~~~~~[m[K
[3.896s] [01m[K/opt/ros/jazzy/include/rclcpp/rclcpp/publisher.hpp:319:3:[m[K [01;36m[Knote: [m[K  template argument deduction/substitution failed:
[3.896s] [01m[K/home/alyazahrarr/tubesss/tubes_dagoz/src/control/src/keyboard_input.cpp:62:40:[m[K [01;36m[Knote: [m[K  ‘[01m[Kstd_msgs::msg::String_<std::allocator<void> >[m[K’ is not derived from ‘[01m[Kstd::unique_ptr<T, std::default_delete<geometry_msgs::msg::Twist_<std::allocator<void> > > >[m[K’
[3.896s]    62 |                     [01;36m[Kpublisher_->publish(message)[m[K;
[3.896s]       |                     [01;36m[K~~~~~~~~~~~~~~~~~~~^~~~~~~~~[m[K
[3.896s] [01m[K/opt/ros/jazzy/include/rclcpp/rclcpp/publisher.hpp:366:3:[m[K [01;36m[Knote: [m[Kcandidate: ‘[01m[Ktemplate<class T> std::enable_if_t<(typename rclcpp::TypeAdapter<MessageT>::is_specialized::value && std::is_same<T, typename rclcpp::TypeAdapter<MessageT>::custom_type>::value)> rclcpp::Publisher<MessageT, AllocatorT>::[01;32m[Kpublish[m[K(const T&) [35m[K[with MessageT = geometry_msgs::msg::Twist_<std::allocator<void> >; AllocatorT = std::allocator<void>][m[K[m[K’
[3.896s]   366 |   [01;36m[Kpublish[m[K(const T & msg)
[3.897s]       |   [01;36m[K^~~~~~~[m[K
[3.897s] [01m[K/opt/ros/jazzy/include/rclcpp/rclcpp/publisher.hpp:366:3:[m[K [01;36m[Knote: [m[K  template argument deduction/substitution failed:
[3.897s] [01m[K/opt/ros/jazzy/include/rclcpp/rclcpp/publisher.hpp:384:3:[m[K [01;36m[Knote: [m[Kcandidate: ‘[01m[Kvoid rclcpp::Publisher<MessageT, AllocatorT>::[01;32m[Kpublish[m[K(const rcl_serialized_message_t&) [35m[K[with MessageT = geometry_msgs::msg::Twist_<std::allocator<void> >; AllocatorT = std::allocator<void>; rcl_serialized_message_t = rcutils_uint8_array_s][m[K[m[K’
[3.897s]   384 |   [01;36m[Kpublish[m[K(const rcl_serialized_message_t & serialized_msg)
[3.897s]       |   [01;36m[K^~~~~~~[m[K
[3.897s] [01m[K/opt/ros/jazzy/include/rclcpp/rclcpp/publisher.hpp:384:44:[m[K [01;36m[Knote: [m[K  no known conversion for argument 1 from ‘[01m[Kstd_msgs::msg::String_<std::allocator<void> >[m[K’ to ‘[01m[Kconst rcl_serialized_message_t&[m[K’ {aka ‘[01m[Kconst rcutils_uint8_array_s&[m[K’}
[3.897s]   384 |   publish([01;36m[Kconst rcl_serialized_message_t & serialized_msg[m[K)
[3.898s]       |           [01;36m[K~~~~~~~~~~~~~~~~~~~~~~~~~~~~~~~~~^~~~~~~~~~~~~~[m[K
[3.898s] [01m[K/opt/ros/jazzy/include/rclcpp/rclcpp/publisher.hpp:390:3:[m[K [01;36m[Knote: [m[Kcandidate: ‘[01m[Kvoid rclcpp::Publisher<MessageT, AllocatorT>::[01;32m[Kpublish[m[K(const rclcpp::SerializedMessage&) [35m[K[with MessageT = geometry_msgs::msg::Twist_<std::allocator<void> >; AllocatorT = std::allocator<void>][m[K[m[K’
[3.898s]   390 |   [01;36m[Kpublish[m[K(const SerializedMessage & serialized_msg)
[3.898s]       |   [01;36m[K^~~~~~~[m[K
[3.898s] [01m[K/opt/ros/jazzy/include/rclcpp/rclcpp/publisher.hpp:390:37:[m[K [01;36m[Knote: [m[K  no known conversion for argument 1 from ‘[01m[Kstd_msgs::msg::String_<std::allocator<void> >[m[K’ to ‘[01m[Kconst rclcpp::SerializedMessage&[m[K’
[3.898s]   390 |   publish([01;36m[Kconst SerializedMessage & serialized_msg[m[K)
[3.898s]       |           [01;36m[K~~~~~~~~~~~~~~~~~~~~~~~~~~^~~~~~~~~~~~~~[m[K
[3.898s] [01m[K/opt/ros/jazzy/include/rclcpp/rclcpp/publisher.hpp:404:3:[m[K [01;36m[Knote: [m[Kcandidate: ‘[01m[Kvoid rclcpp::Publisher<MessageT, AllocatorT>::[01;32m[Kpublish[m[K(rclcpp::LoanedMessage<typename rclcpp::TypeAdapter<MessageT>::ros_message_type, AllocatorT>&&) [35m[K[with MessageT = geometry_msgs::msg::Twist_<std::allocator<void> >; AllocatorT = std::allocator<void>; typename rclcpp::TypeAdapter<MessageT>::ros_message_type = geometry_msgs::msg::Twist_<std::allocator<void> >][m[K[m[K’
[3.899s]   404 |   [01;36m[Kpublish[m[K(rclcpp::LoanedMessage<ROSMessageType, AllocatorT> && loaned_msg)
[3.899s]       |   [01;36m[K^~~~~~~[m[K
[3.899s] [01m[K/opt/ros/jazzy/include/rclcpp/rclcpp/publisher.hpp:404:64:[m[K [01;36m[Knote: [m[K  no known conversion for argument 1 from ‘[01m[Kstd_msgs::msg::String_<std::allocator<void> >[m[K’ to ‘[01m[Krclcpp::LoanedMessage<geometry_msgs::msg::Twist_<std::allocator<void> >, std::allocator<void> >&&[m[K’
[3.899s]   404 | ublish([01;36m[Krclcpp::LoanedMessage<ROSMessageType, AllocatorT> && loaned_msg[m[K)
[3.899s]       |        [01;36m[K~~~~~~~~~~~~~~~~~~~~~~~~~~~~~~~~~~~~~~~~~~~~~~~~~~~~~^~~~~~~~~~[m[K
[3.899s] 
[3.899s] [01m[K/home/alyazahrarr/tubesss/tubes_dagoz/src/control/src/keyboard_input.cpp:67:40:[m[K [01;31m[Kerror: [m[Kno matching function for call to ‘[01m[Krclcpp::Publisher<geometry_msgs::msg::Twist_<std::allocator<void> > >::publish(std_msgs::msg::String_<std::allocator<void> >&)[m[K’
[3.899s]    67 |                     [01;31m[Kpublisher_->publish(message)[m[K;
[3.900s]       |                     [01;31m[K~~~~~~~~~~~~~~~~~~~^~~~~~~~~[m[K
[3.900s] [01m[K/opt/ros/jazzy/include/rclcpp/rclcpp/publisher.hpp:239:3:[m[K [01;36m[Knote: [m[Kcandidate: ‘[01m[Ktemplate<class T> std::enable_if_t<(rosidl_generator_traits::is_message<T>::value && std::is_same<T, typename rclcpp::TypeAdapter<MessageT>::ros_message_type>::value)> rclcpp::Publisher<MessageT, AllocatorT>::[01;32m[Kpublish[m[K(std::unique_ptr<T, typename std::conditional<std::is_same<typename std::allocator_traits<typename std::allocator_traits<_Allocator>::rebind_traits<typename rclcpp::TypeAdapter<MessageT, void, void>::ros_message_type>::allocator_type>::rebind_alloc<typename rclcpp::TypeAdapter<MessageT, void, void>::ros_message_type>, std::allocator<typename rclcpp::TypeAdapter<MessageT>::ros_message_type> >::value, std::default_delete<typename rclcpp::TypeAdapter<MessageT>::ros_message_type>, rclcpp::allocator::AllocatorDeleter<typename std::allocator_traits<_Allocator>::rebind_traits<typename rclcpp::TypeAdapter<MessageT, void, void>::ros_message_type>::allocator_type> >::type>) [35m[K[with MessageT = geometry_msgs::msg::Twist_<std::allocator<void> >; AllocatorT = std::allocator<void>][m[K[m[K’
[3.900s]   239 |   [01;36m[Kpublish[m[K(std::unique_ptr<T, ROSMessageTypeDeleter> msg)
[3.900s]       |   [01;36m[K^~~~~~~[m[K
[3.900s] [01m[K/opt/ros/jazzy/include/rclcpp/rclcpp/publisher.hpp:239:3:[m[K [01;36m[Knote: [m[K  template argument deduction/substitution failed:
[3.900s] [01m[K/home/alyazahrarr/tubesss/tubes_dagoz/src/control/src/keyboard_input.cpp:67:40:[m[K [01;36m[Knote: [m[K  ‘[01m[Kstd_msgs::msg::String_<std::allocator<void> >[m[K’ is not derived from ‘[01m[Kstd::unique_ptr<T, std::default_delete<geometry_msgs::msg::Twist_<std::allocator<void> > > >[m[K’
[3.900s]    67 |                     [01;36m[Kpublisher_->publish(message)[m[K;
[3.900s]       |                     [01;36m[K~~~~~~~~~~~~~~~~~~~^~~~~~~~~[m[K
[3.901s] [01m[K/opt/ros/jazzy/include/rclcpp/rclcpp/publisher.hpp:289:3:[m[K [01;36m[Knote: [m[Kcandidate: ‘[01m[Ktemplate<class T> std::enable_if_t<(rosidl_generator_traits::is_message<T>::value && std::is_same<T, typename rclcpp::TypeAdapter<MessageT>::ros_message_type>::value)> rclcpp::Publisher<MessageT, AllocatorT>::[01;32m[Kpublish[m[K(const T&) [35m[K[with MessageT = geometry_msgs::msg::Twist_<std::allocator<void> >; AllocatorT = std::allocator<void>][m[K[m[K’
[3.901s]   289 |   [01;36m[Kpublish[m[K(const T & msg)
[3.901s]       |   [01;36m[K^~~~~~~[m[K
[3.901s] [01m[K/opt/ros/jazzy/include/rclcpp/rclcpp/publisher.hpp:289:3:[m[K [01;36m[Knote: [m[K  template argument deduction/substitution failed:
[3.901s] [01m[K/opt/ros/jazzy/include/rclcpp/rclcpp/publisher.hpp:319:3:[m[K [01;36m[Knote: [m[Kcandidate: ‘[01m[Ktemplate<class T> std::enable_if_t<(typename rclcpp::TypeAdapter<MessageT>::is_specialized::value && std::is_same<T, typename rclcpp::TypeAdapter<MessageT>::custom_type>::value)> rclcpp::Publisher<MessageT, AllocatorT>::[01;32m[Kpublish[m[K(std::unique_ptr<T, typename std::conditional<std::is_same<typename std::allocator_traits<typename std::allocator_traits<_Allocator>::rebind_traits<typename rclcpp::TypeAdapter<MessageT, void, void>::custom_type>::allocator_type>::rebind_alloc<typename rclcpp::TypeAdapter<MessageT, void, void>::custom_type>, std::allocator<typename rclcpp::TypeAdapter<MessageT>::custom_type> >::value, std::default_delete<typename rclcpp::TypeAdapter<MessageT>::custom_type>, rclcpp::allocator::AllocatorDeleter<typename std::allocator_traits<_Allocator>::rebind_traits<typename rclcpp::TypeAdapter<MessageT, void, void>::custom_type>::allocator_type> >::type>) [35m[K[with MessageT = geometry_msgs::msg::Twist_<std::allocator<void> >; AllocatorT = std::allocator<void>][m[K[m[K’
[3.901s]   319 |   [01;36m[Kpublish[m[K(std::unique_ptr<T, PublishedTypeDeleter> msg)
[3.901s]       |   [01;36m[K^~~~~~~[m[K
[3.901s] [01m[K/opt/ros/jazzy/include/rclcpp/rclcpp/publisher.hpp:319:3:[m[K [01;36m[Knote: [m[K  template argument deduction/substitution failed:
[3.901s] [01m[K/home/alyazahrarr/tubesss/tubes_dagoz/src/control/src/keyboard_input.cpp:67:40:[m[K [01;36m[Knote: [m[K  ‘[01m[Kstd_msgs::msg::String_<std::allocator<void> >[m[K’ is not derived from ‘[01m[Kstd::unique_ptr<T, std::default_delete<geometry_msgs::msg::Twist_<std::allocator<void> > > >[m[K’
[3.901s]    67 |                     [01;36m[Kpublisher_->publish(message)[m[K;
[3.902s]       |                     [01;36m[K~~~~~~~~~~~~~~~~~~~^~~~~~~~~[m[K
[3.902s] [01m[K/opt/ros/jazzy/include/rclcpp/rclcpp/publisher.hpp:366:3:[m[K [01;36m[Knote: [m[Kcandidate: ‘[01m[Ktemplate<class T> std::enable_if_t<(typename rclcpp::TypeAdapter<MessageT>::is_specialized::value && std::is_same<T, typename rclcpp::TypeAdapter<MessageT>::custom_type>::value)> rclcpp::Publisher<MessageT, AllocatorT>::[01;32m[Kpublish[m[K(const T&) [35m[K[with MessageT = geometry_msgs::msg::Twist_<std::allocator<void> >; AllocatorT = std::allocator<void>][m[K[m[K’
[3.902s]   366 |   [01;36m[Kpublish[m[K(const T & msg)
[3.902s]       |   [01;36m[K^~~~~~~[m[K
[3.902s] [01m[K/opt/ros/jazzy/include/rclcpp/rclcpp/publisher.hpp:366:3:[m[K [01;36m[Knote: [m[K  template argument deduction/substitution failed:
[3.902s] [01m[K/opt/ros/jazzy/include/rclcpp/rclcpp/publisher.hpp:384:3:[m[K [01;36m[Knote: [m[Kcandidate: ‘[01m[Kvoid rclcpp::Publisher<MessageT, AllocatorT>::[01;32m[Kpublish[m[K(const rcl_serialized_message_t&) [35m[K[with MessageT = geometry_msgs::msg::Twist_<std::allocator<void> >; AllocatorT = std::allocator<void>; rcl_serialized_message_t = rcutils_uint8_array_s][m[K[m[K’
[3.902s]   384 |   [01;36m[Kpublish[m[K(const rcl_serialized_message_t & serialized_msg)
[3.902s]       |   [01;36m[K^~~~~~~[m[K
[3.903s] [01m[K/opt/ros/jazzy/include/rclcpp/rclcpp/publisher.hpp:384:44:[m[K [01;36m[Knote: [m[K  no known conversion for argument 1 from ‘[01m[Kstd_msgs::msg::String_<std::allocator<void> >[m[K’ to ‘[01m[Kconst rcl_serialized_message_t&[m[K’ {aka ‘[01m[Kconst rcutils_uint8_array_s&[m[K’}
[3.903s]   384 |   publish([01;36m[Kconst rcl_serialized_message_t & serialized_msg[m[K)
[3.903s]       |           [01;36m[K~~~~~~~~~~~~~~~~~~~~~~~~~~~~~~~~~^~~~~~~~~~~~~~[m[K
[3.903s] [01m[K/opt/ros/jazzy/include/rclcpp/rclcpp/publisher.hpp:390:3:[m[K [01;36m[Knote: [m[Kcandidate: ‘[01m[Kvoid rclcpp::Publisher<MessageT, AllocatorT>::[01;32m[Kpublish[m[K(const rclcpp::SerializedMessage&) [35m[K[with MessageT = geometry_msgs::msg::Twist_<std::allocator<void> >; AllocatorT = std::allocator<void>][m[K[m[K’
[3.903s]   390 |   [01;36m[Kpublish[m[K(const SerializedMessage & serialized_msg)
[3.903s]       |   [01;36m[K^~~~~~~[m[K
[3.903s] [01m[K/opt/ros/jazzy/include/rclcpp/rclcpp/publisher.hpp:390:37:[m[K [01;36m[Knote: [m[K  no known conversion for argument 1 from ‘[01m[Kstd_msgs::msg::String_<std::allocator<void> >[m[K’ to ‘[01m[Kconst rclcpp::SerializedMessage&[m[K’
[3.903s]   390 |   publish([01;36m[Kconst SerializedMessage & serialized_msg[m[K)
[3.903s]       |           [01;36m[K~~~~~~~~~~~~~~~~~~~~~~~~~~^~~~~~~~~~~~~~[m[K
[3.904s] [01m[K/opt/ros/jazzy/include/rclcpp/rclcpp/publisher.hpp:404:3:[m[K [01;36m[Knote: [m[Kcandidate: ‘[01m[Kvoid rclcpp::Publisher<MessageT, AllocatorT>::[01;32m[Kpublish[m[K(rclcpp::LoanedMessage<typename rclcpp::TypeAdapter<MessageT>::ros_message_type, AllocatorT>&&) [35m[K[with MessageT = geometry_msgs::msg::Twist_<std::allocator<void> >; AllocatorT = std::allocator<void>; typename rclcpp::TypeAdapter<MessageT>::ros_message_type = geometry_msgs::msg::Twist_<std::allocator<void> >][m[K[m[K’
[3.904s]   404 |   [01;36m[Kpublish[m[K(rclcpp::LoanedMessage<ROSMessageType, AllocatorT> && loaned_msg)
[3.904s]       |   [01;36m[K^~~~~~~[m[K
[3.904s] [01m[K/opt/ros/jazzy/include/rclcpp/rclcpp/publisher.hpp:404:64:[m[K [01;36m[Knote: [m[K  no known conversion for argument 1 from ‘[01m[Kstd_msgs::msg::String_<std::allocator<void> >[m[K’ to ‘[01m[Krclcpp::LoanedMessage<geometry_msgs::msg::Twist_<std::allocator<void> >, std::allocator<void> >&&[m[K’
[3.904s]   404 | ublish([01;36m[Krclcpp::LoanedMessage<ROSMessageType, AllocatorT> && loaned_msg[m[K)
[3.904s]       |        [01;36m[K~~~~~~~~~~~~~~~~~~~~~~~~~~~~~~~~~~~~~~~~~~~~~~~~~~~~~^~~~~~~~~~[m[K
[3.904s] 
[5.838s] gmake[2]: *** [CMakeFiles/keyboard_input.dir/build.make:76: CMakeFiles/keyboard_input.dir/src/keyboard_input.cpp.o] Error 1
[5.838s] gmake[1]: *** [CMakeFiles/Makefile2:139: CMakeFiles/keyboard_input.dir/all] Error 2
[5.839s] gmake: *** [Makefile:146: all] Error 2
[5.842s] Invoked command in '/home/alyazahrarr/tubesss/tubes_dagoz/build/control' returned '2': AMENT_PREFIX_PATH=/home/alyazahrarr/tubesss/tubes_dagoz/install/ros2_socketcan:/home/alyazahrarr/tubesss/tubes_dagoz/install/ros2_socketcan_msgs:/home/alyazahrarr/tubesss/tubes_dagoz/install/msgs:/home/alyazahrarr/tubesss/tubes_dagoz/install/can_msgs:${AMENT_PREFIX_PATH} CMAKE_PREFIX_PATH=/home/alyazahrarr/tubesss/tubes_dagoz/install/ros2_socketcan:/home/alyazahrarr/tubesss/tubes_dagoz/install/ros2_socketcan_msgs:/home/alyazahrarr/tubesss/tubes_dagoz/install/msgs:/home/alyazahrarr/tubesss/tubes_dagoz/install/can_msgs:/home/alyazahrarr/ros2_ws/install/my_package:/home/alyazahrarr/ros2_ws/install/examples_rclcpp_wait_set:/home/alyazahrarr/ros2_ws/install/examples_rclcpp_multithreaded_executor:/home/alyazahrarr/ros2_ws/install/examples_rclcpp_minimal_timer:/home/alyazahrarr/ros2_ws/install/examples_rclcpp_minimal_subscriber:/home/alyazahrarr/ros2_ws/install/examples_rclcpp_minimal_service:/home/alyazahrarr/ros2_ws/install/examples_rclcpp_minimal_publisher:/home/alyazahrarr/ros2_ws/install/examples_rclcpp_minimal_composition:/home/alyazahrarr/ros2_ws/install/examples_rclcpp_minimal_client:/home/alyazahrarr/ros2_ws/install/examples_rclcpp_minimal_action_server:/home/alyazahrarr/ros2_ws/install/examples_rclcpp_minimal_action_client:/home/alyazahrarr/ros2_ws/install/examples_rclcpp_cbg_executor:/home/alyazahrarr/ros2_ws/install/examples_rclcpp_async_client:/opt/ros/jazzy/opt/gz_math_vendor:/opt/ros/jazzy/opt/gz_utils_vendor:/opt/ros/jazzy/opt/gz_cmake_vendor:/home/alyazahrarr/ros2_ws/install/launch_testing_examples:/home/alyazahrarr/ros2_ws/install/examples_rclpy_pointcloud_publisher:/home/alyazahrarr/ros2_ws/install/examples_rclpy_minimal_subscriber:/home/alyazahrarr/ros2_ws/install/examples_rclpy_minimal_service:/home/alyazahrarr/ros2_ws/install/examples_rclpy_minimal_publisher:/home/alyazahrarr/ros2_ws/install/examples_rclpy_minimal_client:/home/alyazahrarr/ros2_ws/install/examples_rclpy_minimal_action_server:/home/alyazahrarr/ros2_ws/install/examples_rclpy_minimal_action_client:/home/alyazahrarr/ros2_ws/install/examples_rclpy_guard_conditions:/home/alyazahrarr/ros2_ws/install/examples_rclpy_executors:/opt/ros/jazzy DEBUGINFOD_URLS=https://debuginfod.ubuntu.com LD_LIBRARY_PATH=/home/alyazahrarr/tubesss/tubes_dagoz/install/ros2_socketcan/lib:/home/alyazahrarr/tubesss/tubes_dagoz/install/ros2_socketcan_msgs/lib:/home/alyazahrarr/tubesss/tubes_dagoz/install/msgs/lib:/home/alyazahrarr/tubesss/tubes_dagoz/install/can_msgs/lib:${LD_LIBRARY_PATH} PYTHONPATH=/home/alyazahrarr/tubesss/tubes_dagoz/install/ros2_socketcan_msgs/lib/python3.12/site-packages:/home/alyazahrarr/tubesss/tubes_dagoz/install/msgs/lib/python3.12/site-packages:/home/alyazahrarr/tubesss/tubes_dagoz/install/can_msgs/lib/python3.12/site-packages:${PYTHONPATH} /usr/bin/cmake --build /home/alyazahrarr/tubesss/tubes_dagoz/build/control -- -j8 -l8
