[0.045s] Invoking command in '/home/alyazahrarr/tubes_dagoz/build/can_msgs': CMAKE_PREFIX_PATH=${CMAKE_PREFIX_PATH}:/home/alyazahrarr/ros2_ws/install/launch_testing_examples:/home/alyazahrarr/ros2_ws/install/examples_rclpy_pointcloud_publisher:/home/alyazahrarr/ros2_ws/install/examples_rclpy_minimal_subscriber:/home/alyazahrarr/ros2_ws/install/examples_rclpy_minimal_service:/home/alyazahrarr/ros2_ws/install/examples_rclpy_minimal_publisher:/home/alyazahrarr/ros2_ws/install/examples_rclpy_minimal_client:/home/alyazahrarr/ros2_ws/install/examples_rclpy_minimal_action_server:/home/alyazahrarr/ros2_ws/install/examples_rclpy_minimal_action_client:/home/alyazahrarr/ros2_ws/install/examples_rclpy_guard_conditions:/home/alyazahrarr/ros2_ws/install/examples_rclpy_executors:/opt/ros/jazzy DEBUGINFOD_URLS=https://debuginfod.ubuntu.com /usr/bin/cmake --build /home/alyazahrarr/tubes_dagoz/build/can_msgs -- -j8 -l8
[0.191s] [  2%] Built target can_msgs__rosidl_generator_type_description
[0.224s] [  2%] Built target ament_cmake_python_copy_can_msgs
[0.250s] [ 17%] Built target can_msgs__rosidl_generator_c
[0.250s] [ 20%] Built target can_msgs__cpp
[0.325s] [ 29%] Built target can_msgs__rosidl_typesupport_introspection_c
[0.338s] [ 38%] Built target can_msgs__rosidl_typesupport_c
[0.356s] [ 52%] Built target can_msgs__rosidl_typesupport_fastrtps_c
[0.359s] [ 55%] Built target can_msgs__rosidl_typesupport_introspection_cpp
[0.367s] [ 64%] Built target can_msgs__rosidl_typesupport_cpp
[0.374s] [ 73%] Built target can_msgs__rosidl_typesupport_fastrtps_cpp
[0.417s] [ 73%] Built target can_msgs
[0.452s] [ 76%] Built target can_msgs__py
[0.504s] [ 82%] Built target can_msgs__rosidl_generator_py
[0.574s] [ 88%] Built target can_msgs_s__rosidl_typesupport_fastrtps_c
[0.580s] [ 94%] Built target can_msgs_s__rosidl_typesupport_introspection_c
[0.585s] [100%] Built target can_msgs_s__rosidl_typesupport_c
[0.821s] running egg_info
[0.859s] writing can_msgs.egg-info/PKG-INFO
[0.860s] writing dependency_links to can_msgs.egg-info/dependency_links.txt
[0.860s] writing top-level names to can_msgs.egg-info/top_level.txt
[0.974s] reading manifest file 'can_msgs.egg-info/SOURCES.txt'
[0.975s] writing manifest file 'can_msgs.egg-info/SOURCES.txt'
[1.032s] [100%] Built target ament_cmake_python_build_can_msgs_egg
[1.057s] Invoked command in '/home/alyazahrarr/tubes_dagoz/build/can_msgs' returned '0': CMAKE_PREFIX_PATH=${CMAKE_PREFIX_PATH}:/home/alyazahrarr/ros2_ws/install/launch_testing_examples:/home/alyazahrarr/ros2_ws/install/examples_rclpy_pointcloud_publisher:/home/alyazahrarr/ros2_ws/install/examples_rclpy_minimal_subscriber:/home/alyazahrarr/ros2_ws/install/examples_rclpy_minimal_service:/home/alyazahrarr/ros2_ws/install/examples_rclpy_minimal_publisher:/home/alyazahrarr/ros2_ws/install/examples_rclpy_minimal_client:/home/alyazahrarr/ros2_ws/install/examples_rclpy_minimal_action_server:/home/alyazahrarr/ros2_ws/install/examples_rclpy_minimal_action_client:/home/alyazahrarr/ros2_ws/install/examples_rclpy_guard_conditions:/home/alyazahrarr/ros2_ws/install/examples_rclpy_executors:/opt/ros/jazzy DEBUGINFOD_URLS=https://debuginfod.ubuntu.com /usr/bin/cmake --build /home/alyazahrarr/tubes_dagoz/build/can_msgs -- -j8 -l8
[1.177s] Invoking command in '/home/alyazahrarr/tubes_dagoz/build/can_msgs': CMAKE_PREFIX_PATH=${CMAKE_PREFIX_PATH}:/home/alyazahrarr/ros2_ws/install/launch_testing_examples:/home/alyazahrarr/ros2_ws/install/examples_rclpy_pointcloud_publisher:/home/alyazahrarr/ros2_ws/install/examples_rclpy_minimal_subscriber:/home/alyazahrarr/ros2_ws/install/examples_rclpy_minimal_service:/home/alyazahrarr/ros2_ws/install/examples_rclpy_minimal_publisher:/home/alyazahrarr/ros2_ws/install/examples_rclpy_minimal_client:/home/alyazahrarr/ros2_ws/install/examples_rclpy_minimal_action_server:/home/alyazahrarr/ros2_ws/install/examples_rclpy_minimal_action_client:/home/alyazahrarr/ros2_ws/install/examples_rclpy_guard_conditions:/home/alyazahrarr/ros2_ws/install/examples_rclpy_executors:/opt/ros/jazzy DEBUGINFOD_URLS=https://debuginfod.ubuntu.com /usr/bin/cmake --install /home/alyazahrarr/tubes_dagoz/build/can_msgs
[1.191s] -- Install configuration: ""
[1.192s] -- Up-to-date: /home/alyazahrarr/tubes_dagoz/install/can_msgs/share/ament_index/resource_index/rosidl_interfaces/can_msgs
[1.192s] -- Up-to-date: /home/alyazahrarr/tubes_dagoz/install/can_msgs/share/can_msgs/msg/Frame.json
[1.193s] -- Up-to-date: /home/alyazahrarr/tubes_dagoz/install/can_msgs/include/can_msgs/can_msgs
[1.193s] -- Up-to-date: /home/alyazahrarr/tubes_dagoz/install/can_msgs/include/can_msgs/can_msgs/msg
[1.193s] -- Up-to-date: /home/alyazahrarr/tubes_dagoz/install/can_msgs/include/can_msgs/can_msgs/msg/detail
[1.193s] -- Up-to-date: /home/alyazahrarr/tubes_dagoz/install/can_msgs/include/can_msgs/can_msgs/msg/detail/frame__struct.h
[1.194s] -- Up-to-date: /home/alyazahrarr/tubes_dagoz/install/can_msgs/include/can_msgs/can_msgs/msg/detail/frame__functions.c
[1.194s] -- Up-to-date: /home/alyazahrarr/tubes_dagoz/install/can_msgs/include/can_msgs/can_msgs/msg/detail/frame__functions.h
[1.194s] -- Installing: /home/alyazahrarr/tubes_dagoz/install/can_msgs/include/can_msgs/can_msgs/msg/detail/frame__type_support.c
[1.194s] -- Up-to-date: /home/alyazahrarr/tubes_dagoz/install/can_msgs/include/can_msgs/can_msgs/msg/detail/frame__description.c
[1.194s] -- Up-to-date: /home/alyazahrarr/tubes_dagoz/install/can_msgs/include/can_msgs/can_msgs/msg/detail/frame__type_support.h
[1.195s] -- Up-to-date: /home/alyazahrarr/tubes_dagoz/install/can_msgs/include/can_msgs/can_msgs/msg/rosidl_generator_c__visibility_control.h
[1.195s] -- Up-to-date: /home/alyazahrarr/tubes_dagoz/install/can_msgs/include/can_msgs/can_msgs/msg/frame.h
[1.195s] -- Up-to-date: /home/alyazahrarr/tubes_dagoz/install/can_msgs/share/can_msgs/environment/library_path.sh
[1.195s] -- Up-to-date: /home/alyazahrarr/tubes_dagoz/install/can_msgs/share/can_msgs/environment/library_path.dsv
[1.196s] -- Up-to-date: /home/alyazahrarr/tubes_dagoz/install/can_msgs/lib/libcan_msgs__rosidl_generator_c.so
[1.196s] -- Up-to-date: /home/alyazahrarr/tubes_dagoz/install/can_msgs/include/can_msgs/can_msgs
[1.196s] -- Up-to-date: /home/alyazahrarr/tubes_dagoz/install/can_msgs/include/can_msgs/can_msgs/msg
[1.196s] -- Up-to-date: /home/alyazahrarr/tubes_dagoz/install/can_msgs/include/can_msgs/can_msgs/msg/detail
[1.197s] -- Up-to-date: /home/alyazahrarr/tubes_dagoz/install/can_msgs/include/can_msgs/can_msgs/msg/detail/frame__rosidl_typesupport_fastrtps_c.h
[1.197s] -- Up-to-date: /home/alyazahrarr/tubes_dagoz/install/can_msgs/include/can_msgs/can_msgs/msg/rosidl_typesupport_fastrtps_c__visibility_control.h
[1.198s] -- Up-to-date: /home/alyazahrarr/tubes_dagoz/install/can_msgs/lib/libcan_msgs__rosidl_typesupport_fastrtps_c.so
[1.198s] -- Up-to-date: /home/alyazahrarr/tubes_dagoz/install/can_msgs/include/can_msgs/can_msgs
[1.198s] -- Up-to-date: /home/alyazahrarr/tubes_dagoz/install/can_msgs/include/can_msgs/can_msgs/msg
[1.198s] -- Up-to-date: /home/alyazahrarr/tubes_dagoz/install/can_msgs/include/can_msgs/can_msgs/msg/detail
[1.198s] -- Installing: /home/alyazahrarr/tubes_dagoz/install/can_msgs/include/can_msgs/can_msgs/msg/detail/frame__type_support.c
[1.199s] -- Up-to-date: /home/alyazahrarr/tubes_dagoz/install/can_msgs/include/can_msgs/can_msgs/msg/detail/frame__rosidl_typesupport_introspection_c.h
[1.199s] -- Up-to-date: /home/alyazahrarr/tubes_dagoz/install/can_msgs/include/can_msgs/can_msgs/msg/rosidl_typesupport_introspection_c__visibility_control.h
[1.200s] -- Up-to-date: /home/alyazahrarr/tubes_dagoz/install/can_msgs/lib/libcan_msgs__rosidl_typesupport_introspection_c.so
[1.201s] -- Up-to-date: /home/alyazahrarr/tubes_dagoz/install/can_msgs/lib/libcan_msgs__rosidl_typesupport_c.so
[1.201s] -- Up-to-date: /home/alyazahrarr/tubes_dagoz/install/can_msgs/include/can_msgs/can_msgs
[1.202s] -- Up-to-date: /home/alyazahrarr/tubes_dagoz/install/can_msgs/include/can_msgs/can_msgs/msg
[1.202s] -- Up-to-date: /home/alyazahrarr/tubes_dagoz/install/can_msgs/include/can_msgs/can_msgs/msg/detail
[1.202s] -- Up-to-date: /home/alyazahrarr/tubes_dagoz/install/can_msgs/include/can_msgs/can_msgs/msg/detail/frame__type_support.hpp
[1.202s] -- Up-to-date: /home/alyazahrarr/tubes_dagoz/install/can_msgs/include/can_msgs/can_msgs/msg/detail/frame__builder.hpp
[1.202s] -- Up-to-date: /home/alyazahrarr/tubes_dagoz/install/can_msgs/include/can_msgs/can_msgs/msg/detail/frame__traits.hpp
[1.202s] -- Up-to-date: /home/alyazahrarr/tubes_dagoz/install/can_msgs/include/can_msgs/can_msgs/msg/detail/frame__struct.hpp
[1.203s] -- Up-to-date: /home/alyazahrarr/tubes_dagoz/install/can_msgs/include/can_msgs/can_msgs/msg/frame.hpp
[1.203s] -- Up-to-date: /home/alyazahrarr/tubes_dagoz/install/can_msgs/include/can_msgs/can_msgs/msg/rosidl_generator_cpp__visibility_control.hpp
[1.203s] -- Up-to-date: /home/alyazahrarr/tubes_dagoz/install/can_msgs/include/can_msgs/can_msgs
[1.203s] -- Up-to-date: /home/alyazahrarr/tubes_dagoz/install/can_msgs/include/can_msgs/can_msgs/msg
[1.203s] -- Up-to-date: /home/alyazahrarr/tubes_dagoz/install/can_msgs/include/can_msgs/can_msgs/msg/detail
[1.203s] -- Up-to-date: /home/alyazahrarr/tubes_dagoz/install/can_msgs/include/can_msgs/can_msgs/msg/detail/dds_fastrtps
[1.203s] -- Up-to-date: /home/alyazahrarr/tubes_dagoz/install/can_msgs/include/can_msgs/can_msgs/msg/detail/frame__rosidl_typesupport_fastrtps_cpp.hpp
[1.203s] -- Up-to-date: /home/alyazahrarr/tubes_dagoz/install/can_msgs/include/can_msgs/can_msgs/msg/rosidl_typesupport_fastrtps_cpp__visibility_control.h
[1.203s] -- Up-to-date: /home/alyazahrarr/tubes_dagoz/install/can_msgs/lib/libcan_msgs__rosidl_typesupport_fastrtps_cpp.so
[1.203s] -- Up-to-date: /home/alyazahrarr/tubes_dagoz/install/can_msgs/include/can_msgs/can_msgs
[1.204s] -- Up-to-date: /home/alyazahrarr/tubes_dagoz/install/can_msgs/include/can_msgs/can_msgs/msg
[1.204s] -- Up-to-date: /home/alyazahrarr/tubes_dagoz/install/can_msgs/include/can_msgs/can_msgs/msg/detail
[1.204s] -- Up-to-date: /home/alyazahrarr/tubes_dagoz/install/can_msgs/include/can_msgs/can_msgs/msg/detail/frame__type_support.cpp
[1.204s] -- Up-to-date: /home/alyazahrarr/tubes_dagoz/install/can_msgs/include/can_msgs/can_msgs/msg/detail/frame__rosidl_typesupport_introspection_cpp.hpp
[1.204s] -- Up-to-date: /home/alyazahrarr/tubes_dagoz/install/can_msgs/lib/libcan_msgs__rosidl_typesupport_introspection_cpp.so
[1.204s] -- Up-to-date: /home/alyazahrarr/tubes_dagoz/install/can_msgs/lib/libcan_msgs__rosidl_typesupport_cpp.so
[1.204s] -- Up-to-date: /home/alyazahrarr/tubes_dagoz/install/can_msgs/share/can_msgs/environment/pythonpath.sh
[1.205s] -- Up-to-date: /home/alyazahrarr/tubes_dagoz/install/can_msgs/share/can_msgs/environment/pythonpath.dsv
[1.205s] -- Up-to-date: /home/alyazahrarr/tubes_dagoz/install/can_msgs/lib/python3.12/site-packages/can_msgs-2.0.0-py3.12.egg-info
[1.205s] -- Installing: /home/alyazahrarr/tubes_dagoz/install/can_msgs/lib/python3.12/site-packages/can_msgs-2.0.0-py3.12.egg-info/dependency_links.txt
[1.205s] -- Installing: /home/alyazahrarr/tubes_dagoz/install/can_msgs/lib/python3.12/site-packages/can_msgs-2.0.0-py3.12.egg-info/SOURCES.txt
[1.205s] -- Installing: /home/alyazahrarr/tubes_dagoz/install/can_msgs/lib/python3.12/site-packages/can_msgs-2.0.0-py3.12.egg-info/PKG-INFO
[1.205s] -- Installing: /home/alyazahrarr/tubes_dagoz/install/can_msgs/lib/python3.12/site-packages/can_msgs-2.0.0-py3.12.egg-info/top_level.txt
[1.206s] -- Up-to-date: /home/alyazahrarr/tubes_dagoz/install/can_msgs/lib/python3.12/site-packages/can_msgs
[1.206s] -- Up-to-date: /home/alyazahrarr/tubes_dagoz/install/can_msgs/lib/python3.12/site-packages/can_msgs/_can_msgs_s.ep.rosidl_typesupport_c.c
[1.206s] -- Up-to-date: /home/alyazahrarr/tubes_dagoz/install/can_msgs/lib/python3.12/site-packages/can_msgs/can_msgs_s__rosidl_typesupport_introspection_c.so
[1.206s] -- Up-to-date: /home/alyazahrarr/tubes_dagoz/install/can_msgs/lib/python3.12/site-packages/can_msgs/_can_msgs_s.ep.rosidl_typesupport_fastrtps_c.c
[1.206s] -- Up-to-date: /home/alyazahrarr/tubes_dagoz/install/can_msgs/lib/python3.12/site-packages/can_msgs/__init__.py
[1.206s] -- Up-to-date: /home/alyazahrarr/tubes_dagoz/install/can_msgs/lib/python3.12/site-packages/can_msgs/can_msgs_s__rosidl_typesupport_fastrtps_c.so
[1.207s] -- Up-to-date: /home/alyazahrarr/tubes_dagoz/install/can_msgs/lib/python3.12/site-packages/can_msgs/_can_msgs_s.ep.rosidl_typesupport_introspection_c.c
[1.207s] -- Up-to-date: /home/alyazahrarr/tubes_dagoz/install/can_msgs/lib/python3.12/site-packages/can_msgs/can_msgs_s__rosidl_typesupport_c.so
[1.207s] -- Up-to-date: /home/alyazahrarr/tubes_dagoz/install/can_msgs/lib/python3.12/site-packages/can_msgs/msg
[1.207s] -- Up-to-date: /home/alyazahrarr/tubes_dagoz/install/can_msgs/lib/python3.12/site-packages/can_msgs/msg/__init__.py
[1.207s] -- Up-to-date: /home/alyazahrarr/tubes_dagoz/install/can_msgs/lib/python3.12/site-packages/can_msgs/msg/_frame_s.c
[1.208s] -- Up-to-date: /home/alyazahrarr/tubes_dagoz/install/can_msgs/lib/python3.12/site-packages/can_msgs/msg/_frame.py
[1.283s] Listing '/home/alyazahrarr/tubes_dagoz/install/can_msgs/lib/python3.12/site-packages/can_msgs'...
[1.283s] Listing '/home/alyazahrarr/tubes_dagoz/install/can_msgs/lib/python3.12/site-packages/can_msgs/msg'...
[1.294s] -- Up-to-date: /home/alyazahrarr/tubes_dagoz/install/can_msgs/lib/python3.12/site-packages/can_msgs/can_msgs_s__rosidl_typesupport_fastrtps_c.so
[1.295s] -- Up-to-date: /home/alyazahrarr/tubes_dagoz/install/can_msgs/lib/python3.12/site-packages/can_msgs/can_msgs_s__rosidl_typesupport_introspection_c.so
[1.295s] -- Up-to-date: /home/alyazahrarr/tubes_dagoz/install/can_msgs/lib/python3.12/site-packages/can_msgs/can_msgs_s__rosidl_typesupport_c.so
[1.296s] -- Up-to-date: /home/alyazahrarr/tubes_dagoz/install/can_msgs/lib/libcan_msgs__rosidl_generator_py.so
[1.297s] -- Up-to-date: /home/alyazahrarr/tubes_dagoz/install/can_msgs/share/can_msgs/msg/Frame.idl
[1.297s] -- Up-to-date: /home/alyazahrarr/tubes_dagoz/install/can_msgs/share/can_msgs/msg/Frame.msg
[1.297s] -- Up-to-date: /home/alyazahrarr/tubes_dagoz/install/can_msgs/share/ament_index/resource_index/package_run_dependencies/can_msgs
[1.298s] -- Up-to-date: /home/alyazahrarr/tubes_dagoz/install/can_msgs/share/ament_index/resource_index/parent_prefix_path/can_msgs
[1.298s] -- Up-to-date: /home/alyazahrarr/tubes_dagoz/install/can_msgs/share/can_msgs/environment/ament_prefix_path.sh
[1.298s] -- Up-to-date: /home/alyazahrarr/tubes_dagoz/install/can_msgs/share/can_msgs/environment/ament_prefix_path.dsv
[1.298s] -- Up-to-date: /home/alyazahrarr/tubes_dagoz/install/can_msgs/share/can_msgs/environment/path.sh
[1.299s] -- Up-to-date: /home/alyazahrarr/tubes_dagoz/install/can_msgs/share/can_msgs/environment/path.dsv
[1.299s] -- Up-to-date: /home/alyazahrarr/tubes_dagoz/install/can_msgs/share/can_msgs/local_setup.bash
[1.299s] -- Up-to-date: /home/alyazahrarr/tubes_dagoz/install/can_msgs/share/can_msgs/local_setup.sh
[1.299s] -- Up-to-date: /home/alyazahrarr/tubes_dagoz/install/can_msgs/share/can_msgs/local_setup.zsh
[1.299s] -- Up-to-date: /home/alyazahrarr/tubes_dagoz/install/can_msgs/share/can_msgs/local_setup.dsv
[1.300s] -- Installing: /home/alyazahrarr/tubes_dagoz/install/can_msgs/share/can_msgs/package.dsv
[1.300s] -- Up-to-date: /home/alyazahrarr/tubes_dagoz/install/can_msgs/share/ament_index/resource_index/packages/can_msgs
[1.300s] -- Up-to-date: /home/alyazahrarr/tubes_dagoz/install/can_msgs/share/can_msgs/cmake/export_can_msgs__rosidl_generator_cExport.cmake
[1.300s] -- Up-to-date: /home/alyazahrarr/tubes_dagoz/install/can_msgs/share/can_msgs/cmake/export_can_msgs__rosidl_generator_cExport-noconfig.cmake
[1.300s] -- Up-to-date: /home/alyazahrarr/tubes_dagoz/install/can_msgs/share/can_msgs/cmake/export_can_msgs__rosidl_typesupport_fastrtps_cExport.cmake
[1.301s] -- Up-to-date: /home/alyazahrarr/tubes_dagoz/install/can_msgs/share/can_msgs/cmake/export_can_msgs__rosidl_typesupport_fastrtps_cExport-noconfig.cmake
[1.301s] -- Up-to-date: /home/alyazahrarr/tubes_dagoz/install/can_msgs/share/can_msgs/cmake/can_msgs__rosidl_typesupport_introspection_cExport.cmake
[1.301s] -- Up-to-date: /home/alyazahrarr/tubes_dagoz/install/can_msgs/share/can_msgs/cmake/can_msgs__rosidl_typesupport_introspection_cExport-noconfig.cmake
[1.301s] -- Up-to-date: /home/alyazahrarr/tubes_dagoz/install/can_msgs/share/can_msgs/cmake/can_msgs__rosidl_typesupport_cExport.cmake
[1.301s] -- Up-to-date: /home/alyazahrarr/tubes_dagoz/install/can_msgs/share/can_msgs/cmake/can_msgs__rosidl_typesupport_cExport-noconfig.cmake
[1.302s] -- Up-to-date: /home/alyazahrarr/tubes_dagoz/install/can_msgs/share/can_msgs/cmake/export_can_msgs__rosidl_generator_cppExport.cmake
[1.302s] -- Up-to-date: /home/alyazahrarr/tubes_dagoz/install/can_msgs/share/can_msgs/cmake/export_can_msgs__rosidl_typesupport_fastrtps_cppExport.cmake
[1.302s] -- Up-to-date: /home/alyazahrarr/tubes_dagoz/install/can_msgs/share/can_msgs/cmake/export_can_msgs__rosidl_typesupport_fastrtps_cppExport-noconfig.cmake
[1.302s] -- Up-to-date: /home/alyazahrarr/tubes_dagoz/install/can_msgs/share/can_msgs/cmake/can_msgs__rosidl_typesupport_introspection_cppExport.cmake
[1.303s] -- Up-to-date: /home/alyazahrarr/tubes_dagoz/install/can_msgs/share/can_msgs/cmake/can_msgs__rosidl_typesupport_introspection_cppExport-noconfig.cmake
[1.303s] -- Up-to-date: /home/alyazahrarr/tubes_dagoz/install/can_msgs/share/can_msgs/cmake/can_msgs__rosidl_typesupport_cppExport.cmake
[1.303s] -- Up-to-date: /home/alyazahrarr/tubes_dagoz/install/can_msgs/share/can_msgs/cmake/can_msgs__rosidl_typesupport_cppExport-noconfig.cmake
[1.303s] -- Up-to-date: /home/alyazahrarr/tubes_dagoz/install/can_msgs/share/can_msgs/cmake/export_can_msgs__rosidl_generator_pyExport.cmake
[1.303s] -- Up-to-date: /home/alyazahrarr/tubes_dagoz/install/can_msgs/share/can_msgs/cmake/export_can_msgs__rosidl_generator_pyExport-noconfig.cmake
[1.304s] -- Up-to-date: /home/alyazahrarr/tubes_dagoz/install/can_msgs/share/can_msgs/cmake/rosidl_cmake-extras.cmake
[1.304s] -- Up-to-date: /home/alyazahrarr/tubes_dagoz/install/can_msgs/share/can_msgs/cmake/ament_cmake_export_dependencies-extras.cmake
[1.304s] -- Up-to-date: /home/alyazahrarr/tubes_dagoz/install/can_msgs/share/can_msgs/cmake/ament_cmake_export_include_directories-extras.cmake
[1.304s] -- Up-to-date: /home/alyazahrarr/tubes_dagoz/install/can_msgs/share/can_msgs/cmake/ament_cmake_export_libraries-extras.cmake
[1.304s] -- Up-to-date: /home/alyazahrarr/tubes_dagoz/install/can_msgs/share/can_msgs/cmake/ament_cmake_export_targets-extras.cmake
[1.305s] -- Up-to-date: /home/alyazahrarr/tubes_dagoz/install/can_msgs/share/can_msgs/cmake/rosidl_cmake_export_typesupport_targets-extras.cmake
[1.305s] -- Up-to-date: /home/alyazahrarr/tubes_dagoz/install/can_msgs/share/can_msgs/cmake/rosidl_cmake_export_typesupport_libraries-extras.cmake
[1.305s] -- Up-to-date: /home/alyazahrarr/tubes_dagoz/install/can_msgs/share/can_msgs/cmake/can_msgsConfig.cmake
[1.305s] -- Up-to-date: /home/alyazahrarr/tubes_dagoz/install/can_msgs/share/can_msgs/cmake/can_msgsConfig-version.cmake
[1.305s] -- Up-to-date: /home/alyazahrarr/tubes_dagoz/install/can_msgs/share/can_msgs/package.xml
[1.311s] Invoked command in '/home/alyazahrarr/tubes_dagoz/build/can_msgs' returned '0': CMAKE_PREFIX_PATH=${CMAKE_PREFIX_PATH}:/home/alyazahrarr/ros2_ws/install/launch_testing_examples:/home/alyazahrarr/ros2_ws/install/examples_rclpy_pointcloud_publisher:/home/alyazahrarr/ros2_ws/install/examples_rclpy_minimal_subscriber:/home/alyazahrarr/ros2_ws/install/examples_rclpy_minimal_service:/home/alyazahrarr/ros2_ws/install/examples_rclpy_minimal_publisher:/home/alyazahrarr/ros2_ws/install/examples_rclpy_minimal_client:/home/alyazahrarr/ros2_ws/install/examples_rclpy_minimal_action_server:/home/alyazahrarr/ros2_ws/install/examples_rclpy_minimal_action_client:/home/alyazahrarr/ros2_ws/install/examples_rclpy_guard_conditions:/home/alyazahrarr/ros2_ws/install/examples_rclpy_executors:/opt/ros/jazzy DEBUGINFOD_URLS=https://debuginfod.ubuntu.com /usr/bin/cmake --install /home/alyazahrarr/tubes_dagoz/build/can_msgs
