[0.048s] Invoking command in '/home/alyazahrarr/tubesss/tubes_dagoz/build/can_msgs': CMAKE_PREFIX_PATH=${CMAKE_PREFIX_PATH}:/home/alyazahrarr/ros2_ws/install/launch_testing_examples:/home/alyazahrarr/ros2_ws/install/examples_rclpy_pointcloud_publisher:/home/alyazahrarr/ros2_ws/install/examples_rclpy_minimal_subscriber:/home/alyazahrarr/ros2_ws/install/examples_rclpy_minimal_service:/home/alyazahrarr/ros2_ws/install/examples_rclpy_minimal_publisher:/home/alyazahrarr/ros2_ws/install/examples_rclpy_minimal_client:/home/alyazahrarr/ros2_ws/install/examples_rclpy_minimal_action_server:/home/alyazahrarr/ros2_ws/install/examples_rclpy_minimal_action_client:/home/alyazahrarr/ros2_ws/install/examples_rclpy_guard_conditions:/home/alyazahrarr/ros2_ws/install/examples_rclpy_executors:/opt/ros/jazzy DEBUGINFOD_URLS=https://debuginfod.ubuntu.com /usr/bin/cmake --build /home/alyazahrarr/tubesss/tubes_dagoz/build/can_msgs -- -j8 -l8
[0.183s] [  2%] Built target can_msgs__rosidl_generator_type_description
[0.233s] [  2%] Built target ament_cmake_python_copy_can_msgs
[0.255s] [  5%] Built target can_msgs__cpp
[0.281s] [ 20%] Built target can_msgs__rosidl_generator_c
[0.473s] [ 29%] Built target can_msgs__rosidl_typesupport_fastrtps_c
[0.474s] [ 38%] Built target can_msgs__rosidl_typesupport_cpp
[0.474s] [ 47%] Built target can_msgs__rosidl_typesupport_introspection_c
[0.475s] [ 55%] Built target can_msgs__rosidl_typesupport_introspection_cpp
[0.510s] [ 64%] Built target can_msgs__rosidl_typesupport_c
[0.510s] [ 73%] Built target can_msgs__rosidl_typesupport_fastrtps_cpp
[0.567s] [ 73%] Built target can_msgs
[0.632s] [ 76%] Built target can_msgs__py
[0.685s] [ 82%] Built target can_msgs__rosidl_generator_py
[0.776s] [ 88%] Built target can_msgs_s__rosidl_typesupport_fastrtps_c
[0.801s] [ 94%] Built target can_msgs_s__rosidl_typesupport_c
[0.823s] [100%] Built target can_msgs_s__rosidl_typesupport_introspection_c
[1.108s] running egg_info
[1.159s] writing can_msgs.egg-info/PKG-INFO
[1.159s] writing dependency_links to can_msgs.egg-info/dependency_links.txt
[1.160s] writing top-level names to can_msgs.egg-info/top_level.txt
[1.299s] reading manifest file 'can_msgs.egg-info/SOURCES.txt'
[1.300s] writing manifest file 'can_msgs.egg-info/SOURCES.txt'
[1.363s] [100%] Built target ament_cmake_python_build_can_msgs_egg
[1.389s] Invoked command in '/home/alyazahrarr/tubesss/tubes_dagoz/build/can_msgs' returned '0': CMAKE_PREFIX_PATH=${CMAKE_PREFIX_PATH}:/home/alyazahrarr/ros2_ws/install/launch_testing_examples:/home/alyazahrarr/ros2_ws/install/examples_rclpy_pointcloud_publisher:/home/alyazahrarr/ros2_ws/install/examples_rclpy_minimal_subscriber:/home/alyazahrarr/ros2_ws/install/examples_rclpy_minimal_service:/home/alyazahrarr/ros2_ws/install/examples_rclpy_minimal_publisher:/home/alyazahrarr/ros2_ws/install/examples_rclpy_minimal_client:/home/alyazahrarr/ros2_ws/install/examples_rclpy_minimal_action_server:/home/alyazahrarr/ros2_ws/install/examples_rclpy_minimal_action_client:/home/alyazahrarr/ros2_ws/install/examples_rclpy_guard_conditions:/home/alyazahrarr/ros2_ws/install/examples_rclpy_executors:/opt/ros/jazzy DEBUGINFOD_URLS=https://debuginfod.ubuntu.com /usr/bin/cmake --build /home/alyazahrarr/tubesss/tubes_dagoz/build/can_msgs -- -j8 -l8
[1.535s] Invoking command in '/home/alyazahrarr/tubesss/tubes_dagoz/build/can_msgs': CMAKE_PREFIX_PATH=${CMAKE_PREFIX_PATH}:/home/alyazahrarr/ros2_ws/install/launch_testing_examples:/home/alyazahrarr/ros2_ws/install/examples_rclpy_pointcloud_publisher:/home/alyazahrarr/ros2_ws/install/examples_rclpy_minimal_subscriber:/home/alyazahrarr/ros2_ws/install/examples_rclpy_minimal_service:/home/alyazahrarr/ros2_ws/install/examples_rclpy_minimal_publisher:/home/alyazahrarr/ros2_ws/install/examples_rclpy_minimal_client:/home/alyazahrarr/ros2_ws/install/examples_rclpy_minimal_action_server:/home/alyazahrarr/ros2_ws/install/examples_rclpy_minimal_action_client:/home/alyazahrarr/ros2_ws/install/examples_rclpy_guard_conditions:/home/alyazahrarr/ros2_ws/install/examples_rclpy_executors:/opt/ros/jazzy DEBUGINFOD_URLS=https://debuginfod.ubuntu.com /usr/bin/cmake --install /home/alyazahrarr/tubesss/tubes_dagoz/build/can_msgs
[1.555s] -- Install configuration: ""
[1.556s] -- Up-to-date: /home/alyazahrarr/tubesss/tubes_dagoz/install/can_msgs/share/ament_index/resource_index/rosidl_interfaces/can_msgs
[1.557s] -- Up-to-date: /home/alyazahrarr/tubesss/tubes_dagoz/install/can_msgs/share/can_msgs/msg/Frame.json
[1.557s] -- Up-to-date: /home/alyazahrarr/tubesss/tubes_dagoz/install/can_msgs/include/can_msgs/can_msgs
[1.557s] -- Up-to-date: /home/alyazahrarr/tubesss/tubes_dagoz/install/can_msgs/include/can_msgs/can_msgs/msg
[1.557s] -- Up-to-date: /home/alyazahrarr/tubesss/tubes_dagoz/install/can_msgs/include/can_msgs/can_msgs/msg/detail
[1.558s] -- Up-to-date: /home/alyazahrarr/tubesss/tubes_dagoz/install/can_msgs/include/can_msgs/can_msgs/msg/detail/frame__struct.h
[1.558s] -- Up-to-date: /home/alyazahrarr/tubesss/tubes_dagoz/install/can_msgs/include/can_msgs/can_msgs/msg/detail/frame__functions.c
[1.558s] -- Up-to-date: /home/alyazahrarr/tubesss/tubes_dagoz/install/can_msgs/include/can_msgs/can_msgs/msg/detail/frame__functions.h
[1.559s] -- Installing: /home/alyazahrarr/tubesss/tubes_dagoz/install/can_msgs/include/can_msgs/can_msgs/msg/detail/frame__type_support.c
[1.559s] -- Up-to-date: /home/alyazahrarr/tubesss/tubes_dagoz/install/can_msgs/include/can_msgs/can_msgs/msg/detail/frame__description.c
[1.559s] -- Up-to-date: /home/alyazahrarr/tubesss/tubes_dagoz/install/can_msgs/include/can_msgs/can_msgs/msg/detail/frame__type_support.h
[1.559s] -- Up-to-date: /home/alyazahrarr/tubesss/tubes_dagoz/install/can_msgs/include/can_msgs/can_msgs/msg/rosidl_generator_c__visibility_control.h
[1.561s] -- Up-to-date: /home/alyazahrarr/tubesss/tubes_dagoz/install/can_msgs/include/can_msgs/can_msgs/msg/frame.h
[1.562s] -- Up-to-date: /home/alyazahrarr/tubesss/tubes_dagoz/install/can_msgs/share/can_msgs/environment/library_path.sh
[1.563s] -- Up-to-date: /home/alyazahrarr/tubesss/tubes_dagoz/install/can_msgs/share/can_msgs/environment/library_path.dsv
[1.564s] -- Up-to-date: /home/alyazahrarr/tubesss/tubes_dagoz/install/can_msgs/lib/libcan_msgs__rosidl_generator_c.so
[1.565s] -- Up-to-date: /home/alyazahrarr/tubesss/tubes_dagoz/install/can_msgs/include/can_msgs/can_msgs
[1.566s] -- Up-to-date: /home/alyazahrarr/tubesss/tubes_dagoz/install/can_msgs/include/can_msgs/can_msgs/msg
[1.566s] -- Up-to-date: /home/alyazahrarr/tubesss/tubes_dagoz/install/can_msgs/include/can_msgs/can_msgs/msg/detail
[1.567s] -- Up-to-date: /home/alyazahrarr/tubesss/tubes_dagoz/install/can_msgs/include/can_msgs/can_msgs/msg/detail/frame__rosidl_typesupport_fastrtps_c.h
[1.569s] -- Up-to-date: /home/alyazahrarr/tubesss/tubes_dagoz/install/can_msgs/include/can_msgs/can_msgs/msg/rosidl_typesupport_fastrtps_c__visibility_control.h
[1.571s] -- Up-to-date: /home/alyazahrarr/tubesss/tubes_dagoz/install/can_msgs/lib/libcan_msgs__rosidl_typesupport_fastrtps_c.so
[1.571s] -- Up-to-date: /home/alyazahrarr/tubesss/tubes_dagoz/install/can_msgs/include/can_msgs/can_msgs
[1.572s] -- Up-to-date: /home/alyazahrarr/tubesss/tubes_dagoz/install/can_msgs/include/can_msgs/can_msgs/msg
[1.572s] -- Up-to-date: /home/alyazahrarr/tubesss/tubes_dagoz/install/can_msgs/include/can_msgs/can_msgs/msg/detail
[1.573s] -- Installing: /home/alyazahrarr/tubesss/tubes_dagoz/install/can_msgs/include/can_msgs/can_msgs/msg/detail/frame__type_support.c
[1.573s] -- Up-to-date: /home/alyazahrarr/tubesss/tubes_dagoz/install/can_msgs/include/can_msgs/can_msgs/msg/detail/frame__rosidl_typesupport_introspection_c.h
[1.573s] -- Up-to-date: /home/alyazahrarr/tubesss/tubes_dagoz/install/can_msgs/include/can_msgs/can_msgs/msg/rosidl_typesupport_introspection_c__visibility_control.h
[1.574s] -- Up-to-date: /home/alyazahrarr/tubesss/tubes_dagoz/install/can_msgs/lib/libcan_msgs__rosidl_typesupport_introspection_c.so
[1.574s] -- Up-to-date: /home/alyazahrarr/tubesss/tubes_dagoz/install/can_msgs/lib/libcan_msgs__rosidl_typesupport_c.so
[1.576s] -- Up-to-date: /home/alyazahrarr/tubesss/tubes_dagoz/install/can_msgs/include/can_msgs/can_msgs
[1.576s] -- Up-to-date: /home/alyazahrarr/tubesss/tubes_dagoz/install/can_msgs/include/can_msgs/can_msgs/msg
[1.578s] -- Up-to-date: /home/alyazahrarr/tubesss/tubes_dagoz/install/can_msgs/include/can_msgs/can_msgs/msg/detail
[1.578s] -- Up-to-date: /home/alyazahrarr/tubesss/tubes_dagoz/install/can_msgs/include/can_msgs/can_msgs/msg/detail/frame__type_support.hpp
[1.579s] -- Up-to-date: /home/alyazahrarr/tubesss/tubes_dagoz/install/can_msgs/include/can_msgs/can_msgs/msg/detail/frame__builder.hpp
[1.579s] -- Up-to-date: /home/alyazahrarr/tubesss/tubes_dagoz/install/can_msgs/include/can_msgs/can_msgs/msg/detail/frame__traits.hpp
[1.580s] -- Up-to-date: /home/alyazahrarr/tubesss/tubes_dagoz/install/can_msgs/include/can_msgs/can_msgs/msg/detail/frame__struct.hpp
[1.580s] -- Up-to-date: /home/alyazahrarr/tubesss/tubes_dagoz/install/can_msgs/include/can_msgs/can_msgs/msg/frame.hpp
[1.580s] -- Up-to-date: /home/alyazahrarr/tubesss/tubes_dagoz/install/can_msgs/include/can_msgs/can_msgs/msg/rosidl_generator_cpp__visibility_control.hpp
[1.581s] -- Up-to-date: /home/alyazahrarr/tubesss/tubes_dagoz/install/can_msgs/include/can_msgs/can_msgs
[1.581s] -- Up-to-date: /home/alyazahrarr/tubesss/tubes_dagoz/install/can_msgs/include/can_msgs/can_msgs/msg
[1.582s] -- Up-to-date: /home/alyazahrarr/tubesss/tubes_dagoz/install/can_msgs/include/can_msgs/can_msgs/msg/detail
[1.582s] -- Up-to-date: /home/alyazahrarr/tubesss/tubes_dagoz/install/can_msgs/include/can_msgs/can_msgs/msg/detail/dds_fastrtps
[1.582s] -- Up-to-date: /home/alyazahrarr/tubesss/tubes_dagoz/install/can_msgs/include/can_msgs/can_msgs/msg/detail/frame__rosidl_typesupport_fastrtps_cpp.hpp
[1.582s] -- Up-to-date: /home/alyazahrarr/tubesss/tubes_dagoz/install/can_msgs/include/can_msgs/can_msgs/msg/rosidl_typesupport_fastrtps_cpp__visibility_control.h
[1.583s] -- Up-to-date: /home/alyazahrarr/tubesss/tubes_dagoz/install/can_msgs/lib/libcan_msgs__rosidl_typesupport_fastrtps_cpp.so
[1.583s] -- Up-to-date: /home/alyazahrarr/tubesss/tubes_dagoz/install/can_msgs/include/can_msgs/can_msgs
[1.583s] -- Up-to-date: /home/alyazahrarr/tubesss/tubes_dagoz/install/can_msgs/include/can_msgs/can_msgs/msg
[1.584s] -- Up-to-date: /home/alyazahrarr/tubesss/tubes_dagoz/install/can_msgs/include/can_msgs/can_msgs/msg/detail
[1.584s] -- Up-to-date: /home/alyazahrarr/tubesss/tubes_dagoz/install/can_msgs/include/can_msgs/can_msgs/msg/detail/frame__type_support.cpp
[1.584s] -- Up-to-date: /home/alyazahrarr/tubesss/tubes_dagoz/install/can_msgs/include/can_msgs/can_msgs/msg/detail/frame__rosidl_typesupport_introspection_cpp.hpp
[1.585s] -- Up-to-date: /home/alyazahrarr/tubesss/tubes_dagoz/install/can_msgs/lib/libcan_msgs__rosidl_typesupport_introspection_cpp.so
[1.585s] -- Up-to-date: /home/alyazahrarr/tubesss/tubes_dagoz/install/can_msgs/lib/libcan_msgs__rosidl_typesupport_cpp.so
[1.586s] -- Up-to-date: /home/alyazahrarr/tubesss/tubes_dagoz/install/can_msgs/share/can_msgs/environment/pythonpath.sh
[1.586s] -- Up-to-date: /home/alyazahrarr/tubesss/tubes_dagoz/install/can_msgs/share/can_msgs/environment/pythonpath.dsv
[1.586s] -- Up-to-date: /home/alyazahrarr/tubesss/tubes_dagoz/install/can_msgs/lib/python3.12/site-packages/can_msgs-2.0.0-py3.12.egg-info
[1.587s] -- Installing: /home/alyazahrarr/tubesss/tubes_dagoz/install/can_msgs/lib/python3.12/site-packages/can_msgs-2.0.0-py3.12.egg-info/dependency_links.txt
[1.587s] -- Installing: /home/alyazahrarr/tubesss/tubes_dagoz/install/can_msgs/lib/python3.12/site-packages/can_msgs-2.0.0-py3.12.egg-info/SOURCES.txt
[1.587s] -- Installing: /home/alyazahrarr/tubesss/tubes_dagoz/install/can_msgs/lib/python3.12/site-packages/can_msgs-2.0.0-py3.12.egg-info/PKG-INFO
[1.588s] -- Installing: /home/alyazahrarr/tubesss/tubes_dagoz/install/can_msgs/lib/python3.12/site-packages/can_msgs-2.0.0-py3.12.egg-info/top_level.txt
[1.588s] -- Up-to-date: /home/alyazahrarr/tubesss/tubes_dagoz/install/can_msgs/lib/python3.12/site-packages/can_msgs
[1.588s] -- Up-to-date: /home/alyazahrarr/tubesss/tubes_dagoz/install/can_msgs/lib/python3.12/site-packages/can_msgs/_can_msgs_s.ep.rosidl_typesupport_c.c
[1.590s] -- Up-to-date: /home/alyazahrarr/tubesss/tubes_dagoz/install/can_msgs/lib/python3.12/site-packages/can_msgs/can_msgs_s__rosidl_typesupport_introspection_c.so
[1.591s] -- Up-to-date: /home/alyazahrarr/tubesss/tubes_dagoz/install/can_msgs/lib/python3.12/site-packages/can_msgs/_can_msgs_s.ep.rosidl_typesupport_fastrtps_c.c
[1.591s] -- Up-to-date: /home/alyazahrarr/tubesss/tubes_dagoz/install/can_msgs/lib/python3.12/site-packages/can_msgs/__init__.py
[1.591s] -- Up-to-date: /home/alyazahrarr/tubesss/tubes_dagoz/install/can_msgs/lib/python3.12/site-packages/can_msgs/can_msgs_s__rosidl_typesupport_fastrtps_c.so
[1.592s] -- Up-to-date: /home/alyazahrarr/tubesss/tubes_dagoz/install/can_msgs/lib/python3.12/site-packages/can_msgs/_can_msgs_s.ep.rosidl_typesupport_introspection_c.c
[1.592s] -- Up-to-date: /home/alyazahrarr/tubesss/tubes_dagoz/install/can_msgs/lib/python3.12/site-packages/can_msgs/can_msgs_s__rosidl_typesupport_c.so
[1.592s] -- Up-to-date: /home/alyazahrarr/tubesss/tubes_dagoz/install/can_msgs/lib/python3.12/site-packages/can_msgs/msg
[1.593s] -- Up-to-date: /home/alyazahrarr/tubesss/tubes_dagoz/install/can_msgs/lib/python3.12/site-packages/can_msgs/msg/__init__.py
[1.593s] -- Up-to-date: /home/alyazahrarr/tubesss/tubes_dagoz/install/can_msgs/lib/python3.12/site-packages/can_msgs/msg/_frame_s.c
[1.594s] -- Up-to-date: /home/alyazahrarr/tubesss/tubes_dagoz/install/can_msgs/lib/python3.12/site-packages/can_msgs/msg/_frame.py
[1.727s] Listing '/home/alyazahrarr/tubesss/tubes_dagoz/install/can_msgs/lib/python3.12/site-packages/can_msgs'...
[1.727s] Listing '/home/alyazahrarr/tubesss/tubes_dagoz/install/can_msgs/lib/python3.12/site-packages/can_msgs/msg'...
[1.745s] -- Up-to-date: /home/alyazahrarr/tubesss/tubes_dagoz/install/can_msgs/lib/python3.12/site-packages/can_msgs/can_msgs_s__rosidl_typesupport_fastrtps_c.so
[1.745s] -- Up-to-date: /home/alyazahrarr/tubesss/tubes_dagoz/install/can_msgs/lib/python3.12/site-packages/can_msgs/can_msgs_s__rosidl_typesupport_introspection_c.so
[1.746s] -- Up-to-date: /home/alyazahrarr/tubesss/tubes_dagoz/install/can_msgs/lib/python3.12/site-packages/can_msgs/can_msgs_s__rosidl_typesupport_c.so
[1.752s] -- Up-to-date: /home/alyazahrarr/tubesss/tubes_dagoz/install/can_msgs/lib/libcan_msgs__rosidl_generator_py.so
[1.753s] -- Up-to-date: /home/alyazahrarr/tubesss/tubes_dagoz/install/can_msgs/share/can_msgs/msg/Frame.idl
[1.753s] -- Up-to-date: /home/alyazahrarr/tubesss/tubes_dagoz/install/can_msgs/share/can_msgs/msg/Frame.msg
[1.753s] -- Up-to-date: /home/alyazahrarr/tubesss/tubes_dagoz/install/can_msgs/share/ament_index/resource_index/package_run_dependencies/can_msgs
[1.753s] -- Up-to-date: /home/alyazahrarr/tubesss/tubes_dagoz/install/can_msgs/share/ament_index/resource_index/parent_prefix_path/can_msgs
[1.753s] -- Up-to-date: /home/alyazahrarr/tubesss/tubes_dagoz/install/can_msgs/share/can_msgs/environment/ament_prefix_path.sh
[1.754s] -- Up-to-date: /home/alyazahrarr/tubesss/tubes_dagoz/install/can_msgs/share/can_msgs/environment/ament_prefix_path.dsv
[1.754s] -- Up-to-date: /home/alyazahrarr/tubesss/tubes_dagoz/install/can_msgs/share/can_msgs/environment/path.sh
[1.754s] -- Up-to-date: /home/alyazahrarr/tubesss/tubes_dagoz/install/can_msgs/share/can_msgs/environment/path.dsv
[1.754s] -- Up-to-date: /home/alyazahrarr/tubesss/tubes_dagoz/install/can_msgs/share/can_msgs/local_setup.bash
[1.754s] -- Up-to-date: /home/alyazahrarr/tubesss/tubes_dagoz/install/can_msgs/share/can_msgs/local_setup.sh
[1.754s] -- Up-to-date: /home/alyazahrarr/tubesss/tubes_dagoz/install/can_msgs/share/can_msgs/local_setup.zsh
[1.755s] -- Up-to-date: /home/alyazahrarr/tubesss/tubes_dagoz/install/can_msgs/share/can_msgs/local_setup.dsv
[1.755s] -- Installing: /home/alyazahrarr/tubesss/tubes_dagoz/install/can_msgs/share/can_msgs/package.dsv
[1.755s] -- Up-to-date: /home/alyazahrarr/tubesss/tubes_dagoz/install/can_msgs/share/ament_index/resource_index/packages/can_msgs
[1.755s] -- Up-to-date: /home/alyazahrarr/tubesss/tubes_dagoz/install/can_msgs/share/can_msgs/cmake/export_can_msgs__rosidl_generator_cExport.cmake
[1.755s] -- Up-to-date: /home/alyazahrarr/tubesss/tubes_dagoz/install/can_msgs/share/can_msgs/cmake/export_can_msgs__rosidl_generator_cExport-noconfig.cmake
[1.755s] -- Up-to-date: /home/alyazahrarr/tubesss/tubes_dagoz/install/can_msgs/share/can_msgs/cmake/export_can_msgs__rosidl_typesupport_fastrtps_cExport.cmake
[1.756s] -- Up-to-date: /home/alyazahrarr/tubesss/tubes_dagoz/install/can_msgs/share/can_msgs/cmake/export_can_msgs__rosidl_typesupport_fastrtps_cExport-noconfig.cmake
[1.756s] -- Up-to-date: /home/alyazahrarr/tubesss/tubes_dagoz/install/can_msgs/share/can_msgs/cmake/can_msgs__rosidl_typesupport_introspection_cExport.cmake
[1.756s] -- Up-to-date: /home/alyazahrarr/tubesss/tubes_dagoz/install/can_msgs/share/can_msgs/cmake/can_msgs__rosidl_typesupport_introspection_cExport-noconfig.cmake
[1.756s] -- Up-to-date: /home/alyazahrarr/tubesss/tubes_dagoz/install/can_msgs/share/can_msgs/cmake/can_msgs__rosidl_typesupport_cExport.cmake
[1.756s] -- Up-to-date: /home/alyazahrarr/tubesss/tubes_dagoz/install/can_msgs/share/can_msgs/cmake/can_msgs__rosidl_typesupport_cExport-noconfig.cmake
[1.756s] -- Up-to-date: /home/alyazahrarr/tubesss/tubes_dagoz/install/can_msgs/share/can_msgs/cmake/export_can_msgs__rosidl_generator_cppExport.cmake
[1.757s] -- Up-to-date: /home/alyazahrarr/tubesss/tubes_dagoz/install/can_msgs/share/can_msgs/cmake/export_can_msgs__rosidl_typesupport_fastrtps_cppExport.cmake
[1.757s] -- Up-to-date: /home/alyazahrarr/tubesss/tubes_dagoz/install/can_msgs/share/can_msgs/cmake/export_can_msgs__rosidl_typesupport_fastrtps_cppExport-noconfig.cmake
[1.757s] -- Up-to-date: /home/alyazahrarr/tubesss/tubes_dagoz/install/can_msgs/share/can_msgs/cmake/can_msgs__rosidl_typesupport_introspection_cppExport.cmake
[1.757s] -- Up-to-date: /home/alyazahrarr/tubesss/tubes_dagoz/install/can_msgs/share/can_msgs/cmake/can_msgs__rosidl_typesupport_introspection_cppExport-noconfig.cmake
[1.757s] -- Up-to-date: /home/alyazahrarr/tubesss/tubes_dagoz/install/can_msgs/share/can_msgs/cmake/can_msgs__rosidl_typesupport_cppExport.cmake
[1.758s] -- Up-to-date: /home/alyazahrarr/tubesss/tubes_dagoz/install/can_msgs/share/can_msgs/cmake/can_msgs__rosidl_typesupport_cppExport-noconfig.cmake
[1.758s] -- Up-to-date: /home/alyazahrarr/tubesss/tubes_dagoz/install/can_msgs/share/can_msgs/cmake/export_can_msgs__rosidl_generator_pyExport.cmake
[1.758s] -- Up-to-date: /home/alyazahrarr/tubesss/tubes_dagoz/install/can_msgs/share/can_msgs/cmake/export_can_msgs__rosidl_generator_pyExport-noconfig.cmake
[1.758s] -- Up-to-date: /home/alyazahrarr/tubesss/tubes_dagoz/install/can_msgs/share/can_msgs/cmake/rosidl_cmake-extras.cmake
[1.758s] -- Up-to-date: /home/alyazahrarr/tubesss/tubes_dagoz/install/can_msgs/share/can_msgs/cmake/ament_cmake_export_dependencies-extras.cmake
[1.758s] -- Up-to-date: /home/alyazahrarr/tubesss/tubes_dagoz/install/can_msgs/share/can_msgs/cmake/ament_cmake_export_include_directories-extras.cmake
[1.759s] -- Up-to-date: /home/alyazahrarr/tubesss/tubes_dagoz/install/can_msgs/share/can_msgs/cmake/ament_cmake_export_libraries-extras.cmake
[1.759s] -- Up-to-date: /home/alyazahrarr/tubesss/tubes_dagoz/install/can_msgs/share/can_msgs/cmake/ament_cmake_export_targets-extras.cmake
[1.759s] -- Up-to-date: /home/alyazahrarr/tubesss/tubes_dagoz/install/can_msgs/share/can_msgs/cmake/rosidl_cmake_export_typesupport_targets-extras.cmake
[1.759s] -- Up-to-date: /home/alyazahrarr/tubesss/tubes_dagoz/install/can_msgs/share/can_msgs/cmake/rosidl_cmake_export_typesupport_libraries-extras.cmake
[1.759s] -- Up-to-date: /home/alyazahrarr/tubesss/tubes_dagoz/install/can_msgs/share/can_msgs/cmake/can_msgsConfig.cmake
[1.760s] -- Up-to-date: /home/alyazahrarr/tubesss/tubes_dagoz/install/can_msgs/share/can_msgs/cmake/can_msgsConfig-version.cmake
[1.760s] -- Up-to-date: /home/alyazahrarr/tubesss/tubes_dagoz/install/can_msgs/share/can_msgs/package.xml
[1.809s] Invoked command in '/home/alyazahrarr/tubesss/tubes_dagoz/build/can_msgs' returned '0': CMAKE_PREFIX_PATH=${CMAKE_PREFIX_PATH}:/home/alyazahrarr/ros2_ws/install/launch_testing_examples:/home/alyazahrarr/ros2_ws/install/examples_rclpy_pointcloud_publisher:/home/alyazahrarr/ros2_ws/install/examples_rclpy_minimal_subscriber:/home/alyazahrarr/ros2_ws/install/examples_rclpy_minimal_service:/home/alyazahrarr/ros2_ws/install/examples_rclpy_minimal_publisher:/home/alyazahrarr/ros2_ws/install/examples_rclpy_minimal_client:/home/alyazahrarr/ros2_ws/install/examples_rclpy_minimal_action_server:/home/alyazahrarr/ros2_ws/install/examples_rclpy_minimal_action_client:/home/alyazahrarr/ros2_ws/install/examples_rclpy_guard_conditions:/home/alyazahrarr/ros2_ws/install/examples_rclpy_executors:/opt/ros/jazzy DEBUGINFOD_URLS=https://debuginfod.ubuntu.com /usr/bin/cmake --install /home/alyazahrarr/tubesss/tubes_dagoz/build/can_msgs
