[0.038s] Invoking command in '/home/alyazahrarr/tubes_dagoz/build/control': CMAKE_PREFIX_PATH=${CMAKE_PREFIX_PATH}:/home/alyazahrarr/ros2_ws/install/launch_testing_examples:/home/alyazahrarr/ros2_ws/install/examples_rclpy_pointcloud_publisher:/home/alyazahrarr/ros2_ws/install/examples_rclpy_minimal_subscriber:/home/alyazahrarr/ros2_ws/install/examples_rclpy_minimal_service:/home/alyazahrarr/ros2_ws/install/examples_rclpy_minimal_publisher:/home/alyazahrarr/ros2_ws/install/examples_rclpy_minimal_client:/home/alyazahrarr/ros2_ws/install/examples_rclpy_minimal_action_server:/home/alyazahrarr/ros2_ws/install/examples_rclpy_minimal_action_client:/home/alyazahrarr/ros2_ws/install/examples_rclpy_guard_conditions:/home/alyazahrarr/ros2_ws/install/examples_rclpy_executors:/opt/ros/jazzy DEBUGINFOD_URLS=https://debuginfod.ubuntu.com /usr/bin/cmake --build /home/alyazahrarr/tubes_dagoz/build/control -- -j8 -l8
[0.169s] [  2%] [34m[1mGenerating type hashes for ROS interfaces[0m
[0.170s] [  5%] [32mBuilding CXX object CMakeFiles/translate.dir/src/translate.cpp.o[0m
[0.209s] [ 10%] Built target keyboard_input
[0.213s] [ 15%] Built target translator_node
[0.217s] [ 15%] Built target ament_cmake_python_copy_control
[1.017s] running egg_info
[1.065s] writing control.egg-info/PKG-INFO
[1.066s] writing dependency_links to control.egg-info/dependency_links.txt
[1.066s] writing top-level names to control.egg-info/top_level.txt
[1.137s] [01m[K/home/alyazahrarr/tubes_dagoz/src/control/src/translate.cpp:3:10:[m[K [01;31m[Kfatal error: [m[Kcontrol/msg/hardware_command.hpp: No such file or directory
[1.138s]     3 | #include [01;31m[K"control/msg/hardware_command.hpp"[m[K  // Include the custom message
[1.138s]       |          [01;31m[K^~~~~~~~~~~~~~~~~~~~~~~~~~~~~~~~~~[m[K
[1.138s] compilation terminated.
[1.146s] gmake[2]: *** [CMakeFiles/translate.dir/build.make:76: CMakeFiles/translate.dir/src/translate.cpp.o] Error 1
[1.146s] gmake[1]: *** [CMakeFiles/Makefile2:679: CMakeFiles/translate.dir/all] Error 2
[1.147s] gmake[1]: *** Waiting for unfinished jobs....
[1.224s] reading manifest file 'control.egg-info/SOURCES.txt'
[1.225s] writing manifest file 'control.egg-info/SOURCES.txt'
[1.287s] [ 15%] Built target ament_cmake_python_build_control_egg
[4.443s] Traceback (most recent call last):
[4.444s]   File "/opt/ros/jazzy/lib/rosidl_generator_type_description/rosidl_generator_type_description", line 50, in <module>
[4.444s]     sys.exit(main())
[4.444s]              ^^^^^^
[4.444s]   File "/opt/ros/jazzy/lib/rosidl_generator_type_description/rosidl_generator_type_description", line 46, in main
[4.444s]     generate_type_hash(args.generator_arguments_file)
[4.445s]   File "/opt/ros/jazzy/lib/python3.12/site-packages/rosidl_generator_type_description/__init__.py", line 162, in generate_type_hash
[4.445s]     with include_path.open('r') as include_file:
[4.445s]          ^^^^^^^^^^^^^^^^^^^^^^
[4.445s]   File "/usr/lib/python3.12/pathlib.py", line 1015, in open
[4.445s]     return io.open(self, mode, buffering, encoding, errors, newline)
[4.445s]            ^^^^^^^^^^^^^^^^^^^^^^^^^^^^^^^^^^^^^^^^^^^^^^^^^^^^^^^^^
[4.445s] FileNotFoundError: [Errno 2] No such file or directory: '/home/alyazahrarr/tubes_dagoz/build/control/rosidl_generator_type_description/control/msg/Float32.json'
[4.520s] gmake[2]: *** [CMakeFiles/control__rosidl_generator_type_description.dir/build.make:75: rosidl_generator_type_description/control/msg/HardwareCommand.json] Error 1
[4.520s] gmake[1]: *** [CMakeFiles/Makefile2:273: CMakeFiles/control__rosidl_generator_type_description.dir/all] Error 2
[4.520s] gmake: *** [Makefile:146: all] Error 2
[4.524s] Invoked command in '/home/alyazahrarr/tubes_dagoz/build/control' returned '2': CMAKE_PREFIX_PATH=${CMAKE_PREFIX_PATH}:/home/alyazahrarr/ros2_ws/install/launch_testing_examples:/home/alyazahrarr/ros2_ws/install/examples_rclpy_pointcloud_publisher:/home/alyazahrarr/ros2_ws/install/examples_rclpy_minimal_subscriber:/home/alyazahrarr/ros2_ws/install/examples_rclpy_minimal_service:/home/alyazahrarr/ros2_ws/install/examples_rclpy_minimal_publisher:/home/alyazahrarr/ros2_ws/install/examples_rclpy_minimal_client:/home/alyazahrarr/ros2_ws/install/examples_rclpy_minimal_action_server:/home/alyazahrarr/ros2_ws/install/examples_rclpy_minimal_action_client:/home/alyazahrarr/ros2_ws/install/examples_rclpy_guard_conditions:/home/alyazahrarr/ros2_ws/install/examples_rclpy_executors:/opt/ros/jazzy DEBUGINFOD_URLS=https://debuginfod.ubuntu.com /usr/bin/cmake --build /home/alyazahrarr/tubes_dagoz/build/control -- -j8 -l8
