[0.031s] Invoking command in '/home/alyazahrarr/tubesss/tubes_dagoz/build/ros2_socketcan_msgs': CMAKE_PREFIX_PATH=${CMAKE_PREFIX_PATH}:/home/alyazahrarr/ros2_ws/install/launch_testing_examples:/home/alyazahrarr/ros2_ws/install/examples_rclpy_pointcloud_publisher:/home/alyazahrarr/ros2_ws/install/examples_rclpy_minimal_subscriber:/home/alyazahrarr/ros2_ws/install/examples_rclpy_minimal_service:/home/alyazahrarr/ros2_ws/install/examples_rclpy_minimal_publisher:/home/alyazahrarr/ros2_ws/install/examples_rclpy_minimal_client:/home/alyazahrarr/ros2_ws/install/examples_rclpy_minimal_action_server:/home/alyazahrarr/ros2_ws/install/examples_rclpy_minimal_action_client:/home/alyazahrarr/ros2_ws/install/examples_rclpy_guard_conditions:/home/alyazahrarr/ros2_ws/install/examples_rclpy_executors:/opt/ros/jazzy DEBUGINFOD_URLS=https://debuginfod.ubuntu.com /usr/bin/cmake /home/alyazahrarr/tubesss/tubes_dagoz/src/ros2_socketcan/ros2_socketcan_msgs -DCMAKE_INSTALL_PREFIX=/home/alyazahrarr/tubesss/tubes_dagoz/install/ros2_socketcan_msgs
[0.143s] -- The C compiler identification is GNU 13.2.0
[0.250s] -- The CXX compiler identification is GNU 13.2.0
[0.276s] -- Detecting C compiler ABI info
[0.421s] -- Detecting C compiler ABI info - done
[0.441s] -- Check for working C compiler: /usr/bin/cc - skipped
[0.442s] -- Detecting C compile features
[0.443s] -- Detecting C compile features - done
[0.457s] -- Detecting CXX compiler ABI info
[0.616s] -- Detecting CXX compiler ABI info - done
[0.632s] -- Check for working CXX compiler: /usr/bin/c++ - skipped
[0.633s] -- Detecting CXX compile features
[0.634s] -- Detecting CXX compile features - done
[0.639s] -- Found ament_cmake_auto: 2.5.2 (/opt/ros/jazzy/share/ament_cmake_auto/cmake)
[0.928s] -- Found Python3: /usr/bin/python3 (found version "3.12.3") found components: Interpreter 
[1.308s] -- Using all available rosidl_typesupport_c: rosidl_typesupport_fastrtps_c;rosidl_typesupport_introspection_c
[1.419s] -- Using all available rosidl_typesupport_cpp: rosidl_typesupport_fastrtps_cpp;rosidl_typesupport_introspection_cpp
[1.514s] -- Found rosidl_adapter: 4.6.3 (/opt/ros/jazzy/share/rosidl_adapter/cmake)
[2.523s] -- Found ament_cmake_cppcheck: 0.17.1 (/opt/ros/jazzy/share/ament_cmake_cppcheck/cmake)
[2.530s] -- Found ament_cmake_cpplint: 0.17.1 (/opt/ros/jazzy/share/ament_cmake_cpplint/cmake)
[2.537s] -- Found ament_cmake_uncrustify: 0.17.1 (/opt/ros/jazzy/share/ament_cmake_uncrustify/cmake)
[2.547s] -- Found ament_cmake_ros: 0.12.0 (/opt/ros/jazzy/share/ament_cmake_ros/cmake)
[3.394s] -- Using all available rosidl_typesupport_c: rosidl_typesupport_fastrtps_c;rosidl_typesupport_introspection_c
[4.573s] -- Using all available rosidl_typesupport_cpp: rosidl_typesupport_fastrtps_cpp;rosidl_typesupport_introspection_cpp
[4.582s] -- Found python_cmake_module: 0.11.1 (/opt/ros/jazzy/share/python_cmake_module/cmake)
[4.830s] -- Found PythonExtra: /usr/bin/python3  
[5.652s] -- Found Python3: /usr/bin/python3 (found version "3.12.3") found components: Interpreter Development NumPy Development.Module Development.Embed 
[5.773s] -- Found ament_cmake_flake8: 0.17.1 (/opt/ros/jazzy/share/ament_cmake_flake8/cmake)
[5.780s] -- Found ament_cmake_pep257: 0.17.1 (/opt/ros/jazzy/share/ament_cmake_pep257/cmake)
[5.788s] -- Found ament_lint_auto: 0.17.1 (/opt/ros/jazzy/share/ament_lint_auto/cmake)
[5.827s] -- Added test 'copyright' to check source files copyright and LICENSE
[5.829s] -- Added test 'lint_cmake' to check CMake code style
[5.830s] -- Added test 'xmllint' to check XML markup files
[5.836s] -- Configuring done (5.8s)
[5.897s] -- Generating done (0.0s)
[5.902s] -- Build files have been written to: /home/alyazahrarr/tubesss/tubes_dagoz/build/ros2_socketcan_msgs
[5.924s] Invoked command in '/home/alyazahrarr/tubesss/tubes_dagoz/build/ros2_socketcan_msgs' returned '0': CMAKE_PREFIX_PATH=${CMAKE_PREFIX_PATH}:/home/alyazahrarr/ros2_ws/install/launch_testing_examples:/home/alyazahrarr/ros2_ws/install/examples_rclpy_pointcloud_publisher:/home/alyazahrarr/ros2_ws/install/examples_rclpy_minimal_subscriber:/home/alyazahrarr/ros2_ws/install/examples_rclpy_minimal_service:/home/alyazahrarr/ros2_ws/install/examples_rclpy_minimal_publisher:/home/alyazahrarr/ros2_ws/install/examples_rclpy_minimal_client:/home/alyazahrarr/ros2_ws/install/examples_rclpy_minimal_action_server:/home/alyazahrarr/ros2_ws/install/examples_rclpy_minimal_action_client:/home/alyazahrarr/ros2_ws/install/examples_rclpy_guard_conditions:/home/alyazahrarr/ros2_ws/install/examples_rclpy_executors:/opt/ros/jazzy DEBUGINFOD_URLS=https://debuginfod.ubuntu.com /usr/bin/cmake /home/alyazahrarr/tubesss/tubes_dagoz/src/ros2_socketcan/ros2_socketcan_msgs -DCMAKE_INSTALL_PREFIX=/home/alyazahrarr/tubesss/tubes_dagoz/install/ros2_socketcan_msgs
[5.926s] Invoking command in '/home/alyazahrarr/tubesss/tubes_dagoz/build/ros2_socketcan_msgs': CMAKE_PREFIX_PATH=${CMAKE_PREFIX_PATH}:/home/alyazahrarr/ros2_ws/install/launch_testing_examples:/home/alyazahrarr/ros2_ws/install/examples_rclpy_pointcloud_publisher:/home/alyazahrarr/ros2_ws/install/examples_rclpy_minimal_subscriber:/home/alyazahrarr/ros2_ws/install/examples_rclpy_minimal_service:/home/alyazahrarr/ros2_ws/install/examples_rclpy_minimal_publisher:/home/alyazahrarr/ros2_ws/install/examples_rclpy_minimal_client:/home/alyazahrarr/ros2_ws/install/examples_rclpy_minimal_action_server:/home/alyazahrarr/ros2_ws/install/examples_rclpy_minimal_action_client:/home/alyazahrarr/ros2_ws/install/examples_rclpy_guard_conditions:/home/alyazahrarr/ros2_ws/install/examples_rclpy_executors:/opt/ros/jazzy DEBUGINFOD_URLS=https://debuginfod.ubuntu.com /usr/bin/cmake --build /home/alyazahrarr/tubesss/tubes_dagoz/build/ros2_socketcan_msgs -- -j8 -l8
[6.036s] [  2%] [34m[1mGenerating type hashes for ROS interfaces[0m
[6.054s] [  2%] Built target ament_cmake_python_copy_ros2_socketcan_msgs
[6.470s] [  2%] Built target ros2_socketcan_msgs__rosidl_generator_type_description
[6.493s] [  5%] [34m[1mGenerating C code for ROS interfaces[0m
[6.509s] [  8%] [34m[1mGenerating C++ code for ROS interfaces[0m
[6.744s] running egg_info
[6.746s] creating ros2_socketcan_msgs.egg-info
[6.817s] writing ros2_socketcan_msgs.egg-info/PKG-INFO
[6.818s] writing dependency_links to ros2_socketcan_msgs.egg-info/dependency_links.txt
[6.819s] writing top-level names to ros2_socketcan_msgs.egg-info/top_level.txt
[6.819s] writing manifest file 'ros2_socketcan_msgs.egg-info/SOURCES.txt'
[6.963s] reading manifest file 'ros2_socketcan_msgs.egg-info/SOURCES.txt'
[6.968s] writing manifest file 'ros2_socketcan_msgs.egg-info/SOURCES.txt'
[7.086s] [  8%] Built target ament_cmake_python_build_ros2_socketcan_msgs_egg
[7.296s] [  8%] Built target ros2_socketcan_msgs__cpp
[7.573s] [ 11%] [32mBuilding C object CMakeFiles/ros2_socketcan_msgs__rosidl_generator_c.dir/rosidl_generator_c/ros2_socketcan_msgs/msg/detail/fd_frame__type_support.c.o[0m
[7.575s] [ 14%] [32mBuilding C object CMakeFiles/ros2_socketcan_msgs__rosidl_generator_c.dir/rosidl_generator_c/ros2_socketcan_msgs/msg/detail/fd_frame__description.c.o[0m
[7.582s] [ 17%] [32mBuilding C object CMakeFiles/ros2_socketcan_msgs__rosidl_generator_c.dir/rosidl_generator_c/ros2_socketcan_msgs/msg/detail/fd_frame__functions.c.o[0m
[7.782s] [ 20%] [32m[1mLinking C shared library libros2_socketcan_msgs__rosidl_generator_c.so[0m
[7.879s] [ 20%] Built target ros2_socketcan_msgs__rosidl_generator_c
[7.913s] [ 23%] [34m[1mGenerating C++ type support dispatch for ROS interfaces[0m
[7.923s] [ 26%] [34m[1mGenerating C type support dispatch for ROS interfaces[0m
[7.929s] [ 29%] [34m[1mGenerating C introspection for ROS interfaces[0m
[7.954s] [ 32%] [34m[1mGenerating C++ type support for eProsima Fast-RTPS[0m
[7.954s] [ 35%] [34m[1mGenerating C++ introspection for ROS interfaces[0m
[7.956s] [ 38%] [34m[1mGenerating C type support for eProsima Fast-RTPS[0m
[9.560s] [ 41%] [32mBuilding C object CMakeFiles/ros2_socketcan_msgs__rosidl_typesupport_introspection_c.dir/rosidl_typesupport_introspection_c/ros2_socketcan_msgs/msg/detail/fd_frame__type_support.c.o[0m
[9.650s] [ 44%] [32mBuilding CXX object CMakeFiles/ros2_socketcan_msgs__rosidl_typesupport_cpp.dir/rosidl_typesupport_cpp/ros2_socketcan_msgs/msg/fd_frame__type_support.cpp.o[0m
[9.667s] [ 47%] [32mBuilding CXX object CMakeFiles/ros2_socketcan_msgs__rosidl_typesupport_fastrtps_cpp.dir/rosidl_typesupport_fastrtps_cpp/ros2_socketcan_msgs/msg/detail/dds_fastrtps/fd_frame__type_support.cpp.o[0m
[9.735s] [ 50%] [32mBuilding CXX object CMakeFiles/ros2_socketcan_msgs__rosidl_typesupport_c.dir/rosidl_typesupport_c/ros2_socketcan_msgs/msg/fd_frame__type_support.cpp.o[0m
[9.919s] [ 52%] [32m[1mLinking C shared library libros2_socketcan_msgs__rosidl_typesupport_introspection_c.so[0m
[9.960s] [ 55%] [32mBuilding CXX object CMakeFiles/ros2_socketcan_msgs__rosidl_typesupport_introspection_cpp.dir/rosidl_typesupport_introspection_cpp/ros2_socketcan_msgs/msg/detail/fd_frame__type_support.cpp.o[0m
[10.052s] [ 58%] [32m[1mLinking CXX shared library libros2_socketcan_msgs__rosidl_typesupport_c.so[0m
[10.069s] [ 58%] Built target ros2_socketcan_msgs__rosidl_typesupport_introspection_c
[10.086s] [ 61%] [32mBuilding CXX object CMakeFiles/ros2_socketcan_msgs__rosidl_typesupport_fastrtps_c.dir/rosidl_typesupport_fastrtps_c/ros2_socketcan_msgs/msg/detail/fd_frame__type_support_c.cpp.o[0m
[10.165s] [ 61%] Built target ros2_socketcan_msgs__rosidl_typesupport_c
[10.825s] [ 64%] [32m[1mLinking CXX shared library libros2_socketcan_msgs__rosidl_typesupport_cpp.so[0m
[10.962s] [ 64%] Built target ros2_socketcan_msgs__rosidl_typesupport_cpp
[11.118s] [ 67%] [32m[1mLinking CXX shared library libros2_socketcan_msgs__rosidl_typesupport_introspection_cpp.so[0m
[11.310s] [ 67%] Built target ros2_socketcan_msgs__rosidl_typesupport_introspection_cpp
[11.382s] [ 70%] [32m[1mLinking CXX shared library libros2_socketcan_msgs__rosidl_typesupport_fastrtps_cpp.so[0m
[11.508s] [ 73%] [32m[1mLinking CXX shared library libros2_socketcan_msgs__rosidl_typesupport_fastrtps_c.so[0m
[11.518s] [ 73%] Built target ros2_socketcan_msgs__rosidl_typesupport_fastrtps_cpp
[11.596s] [ 73%] Built target ros2_socketcan_msgs__rosidl_typesupport_fastrtps_c
[11.626s] [ 73%] Built target ros2_socketcan_msgs
[11.659s] [ 76%] [34m[1mGenerating Python code for ROS interfaces[0m
[12.166s] [ 76%] Built target ros2_socketcan_msgs__py
[12.193s] [ 79%] [32mBuilding C object CMakeFiles/ros2_socketcan_msgs__rosidl_generator_py.dir/rosidl_generator_py/ros2_socketcan_msgs/msg/_fd_frame_s.c.o[0m
[12.464s] [ 82%] [32m[1mLinking C shared library libros2_socketcan_msgs__rosidl_generator_py.so[0m
[12.530s] [ 82%] Built target ros2_socketcan_msgs__rosidl_generator_py
[12.565s] [ 85%] [32mBuilding C object CMakeFiles/ros2_socketcan_msgs_s__rosidl_typesupport_c.dir/rosidl_generator_py/ros2_socketcan_msgs/_ros2_socketcan_msgs_s.ep.rosidl_typesupport_c.c.o[0m
[12.566s] [ 88%] [32mBuilding C object CMakeFiles/ros2_socketcan_msgs_s__rosidl_typesupport_introspection_c.dir/rosidl_generator_py/ros2_socketcan_msgs/_ros2_socketcan_msgs_s.ep.rosidl_typesupport_introspection_c.c.o[0m
[12.572s] [ 91%] [32mBuilding C object CMakeFiles/ros2_socketcan_msgs_s__rosidl_typesupport_fastrtps_c.dir/rosidl_generator_py/ros2_socketcan_msgs/_ros2_socketcan_msgs_s.ep.rosidl_typesupport_fastrtps_c.c.o[0m
[12.869s] [ 94%] [32m[1mLinking C shared module rosidl_generator_py/ros2_socketcan_msgs/ros2_socketcan_msgs_s__rosidl_typesupport_fastrtps_c.so[0m
[12.872s] [ 97%] [32m[1mLinking C shared module rosidl_generator_py/ros2_socketcan_msgs/ros2_socketcan_msgs_s__rosidl_typesupport_c.so[0m
[12.877s] [100%] [32m[1mLinking C shared module rosidl_generator_py/ros2_socketcan_msgs/ros2_socketcan_msgs_s__rosidl_typesupport_introspection_c.so[0m
[12.928s] [100%] Built target ros2_socketcan_msgs_s__rosidl_typesupport_fastrtps_c
[12.936s] [100%] Built target ros2_socketcan_msgs_s__rosidl_typesupport_c
[12.943s] [100%] Built target ros2_socketcan_msgs_s__rosidl_typesupport_introspection_c
[12.960s] Invoked command in '/home/alyazahrarr/tubesss/tubes_dagoz/build/ros2_socketcan_msgs' returned '0': CMAKE_PREFIX_PATH=${CMAKE_PREFIX_PATH}:/home/alyazahrarr/ros2_ws/install/launch_testing_examples:/home/alyazahrarr/ros2_ws/install/examples_rclpy_pointcloud_publisher:/home/alyazahrarr/ros2_ws/install/examples_rclpy_minimal_subscriber:/home/alyazahrarr/ros2_ws/install/examples_rclpy_minimal_service:/home/alyazahrarr/ros2_ws/install/examples_rclpy_minimal_publisher:/home/alyazahrarr/ros2_ws/install/examples_rclpy_minimal_client:/home/alyazahrarr/ros2_ws/install/examples_rclpy_minimal_action_server:/home/alyazahrarr/ros2_ws/install/examples_rclpy_minimal_action_client:/home/alyazahrarr/ros2_ws/install/examples_rclpy_guard_conditions:/home/alyazahrarr/ros2_ws/install/examples_rclpy_executors:/opt/ros/jazzy DEBUGINFOD_URLS=https://debuginfod.ubuntu.com /usr/bin/cmake --build /home/alyazahrarr/tubesss/tubes_dagoz/build/ros2_socketcan_msgs -- -j8 -l8
[13.047s] Invoking command in '/home/alyazahrarr/tubesss/tubes_dagoz/build/ros2_socketcan_msgs': CMAKE_PREFIX_PATH=${CMAKE_PREFIX_PATH}:/home/alyazahrarr/ros2_ws/install/launch_testing_examples:/home/alyazahrarr/ros2_ws/install/examples_rclpy_pointcloud_publisher:/home/alyazahrarr/ros2_ws/install/examples_rclpy_minimal_subscriber:/home/alyazahrarr/ros2_ws/install/examples_rclpy_minimal_service:/home/alyazahrarr/ros2_ws/install/examples_rclpy_minimal_publisher:/home/alyazahrarr/ros2_ws/install/examples_rclpy_minimal_client:/home/alyazahrarr/ros2_ws/install/examples_rclpy_minimal_action_server:/home/alyazahrarr/ros2_ws/install/examples_rclpy_minimal_action_client:/home/alyazahrarr/ros2_ws/install/examples_rclpy_guard_conditions:/home/alyazahrarr/ros2_ws/install/examples_rclpy_executors:/opt/ros/jazzy DEBUGINFOD_URLS=https://debuginfod.ubuntu.com /usr/bin/cmake --install /home/alyazahrarr/tubesss/tubes_dagoz/build/ros2_socketcan_msgs
[13.061s] -- Install configuration: ""
[13.062s] -- Installing: /home/alyazahrarr/tubesss/tubes_dagoz/install/ros2_socketcan_msgs/share/ament_index/resource_index/rosidl_interfaces/ros2_socketcan_msgs
[13.062s] -- Installing: /home/alyazahrarr/tubesss/tubes_dagoz/install/ros2_socketcan_msgs/share/ros2_socketcan_msgs/msg/FdFrame.json
[13.063s] -- Installing: /home/alyazahrarr/tubesss/tubes_dagoz/install/ros2_socketcan_msgs/include/ros2_socketcan_msgs/ros2_socketcan_msgs
[13.063s] -- Installing: /home/alyazahrarr/tubesss/tubes_dagoz/install/ros2_socketcan_msgs/include/ros2_socketcan_msgs/ros2_socketcan_msgs/msg
[13.063s] -- Installing: /home/alyazahrarr/tubesss/tubes_dagoz/install/ros2_socketcan_msgs/include/ros2_socketcan_msgs/ros2_socketcan_msgs/msg/detail
[13.064s] -- Installing: /home/alyazahrarr/tubesss/tubes_dagoz/install/ros2_socketcan_msgs/include/ros2_socketcan_msgs/ros2_socketcan_msgs/msg/detail/fd_frame__type_support.h
[13.064s] -- Installing: /home/alyazahrarr/tubesss/tubes_dagoz/install/ros2_socketcan_msgs/include/ros2_socketcan_msgs/ros2_socketcan_msgs/msg/detail/fd_frame__functions.c
[13.064s] -- Installing: /home/alyazahrarr/tubesss/tubes_dagoz/install/ros2_socketcan_msgs/include/ros2_socketcan_msgs/ros2_socketcan_msgs/msg/detail/fd_frame__functions.h
[13.064s] -- Installing: /home/alyazahrarr/tubesss/tubes_dagoz/install/ros2_socketcan_msgs/include/ros2_socketcan_msgs/ros2_socketcan_msgs/msg/detail/fd_frame__struct.h
[13.065s] -- Installing: /home/alyazahrarr/tubesss/tubes_dagoz/install/ros2_socketcan_msgs/include/ros2_socketcan_msgs/ros2_socketcan_msgs/msg/detail/fd_frame__description.c
[13.065s] -- Installing: /home/alyazahrarr/tubesss/tubes_dagoz/install/ros2_socketcan_msgs/include/ros2_socketcan_msgs/ros2_socketcan_msgs/msg/detail/fd_frame__type_support.c
[13.065s] -- Installing: /home/alyazahrarr/tubesss/tubes_dagoz/install/ros2_socketcan_msgs/include/ros2_socketcan_msgs/ros2_socketcan_msgs/msg/fd_frame.h
[13.065s] -- Installing: /home/alyazahrarr/tubesss/tubes_dagoz/install/ros2_socketcan_msgs/include/ros2_socketcan_msgs/ros2_socketcan_msgs/msg/rosidl_generator_c__visibility_control.h
[13.066s] -- Installing: /home/alyazahrarr/tubesss/tubes_dagoz/install/ros2_socketcan_msgs/share/ros2_socketcan_msgs/environment/library_path.sh
[13.066s] -- Installing: /home/alyazahrarr/tubesss/tubes_dagoz/install/ros2_socketcan_msgs/share/ros2_socketcan_msgs/environment/library_path.dsv
[13.066s] -- Installing: /home/alyazahrarr/tubesss/tubes_dagoz/install/ros2_socketcan_msgs/lib/libros2_socketcan_msgs__rosidl_generator_c.so
[13.066s] -- Set non-toolchain portion of runtime path of "/home/alyazahrarr/tubesss/tubes_dagoz/install/ros2_socketcan_msgs/lib/libros2_socketcan_msgs__rosidl_generator_c.so" to ""
[13.066s] -- Up-to-date: /home/alyazahrarr/tubesss/tubes_dagoz/install/ros2_socketcan_msgs/include/ros2_socketcan_msgs/ros2_socketcan_msgs
[13.067s] -- Up-to-date: /home/alyazahrarr/tubesss/tubes_dagoz/install/ros2_socketcan_msgs/include/ros2_socketcan_msgs/ros2_socketcan_msgs/msg
[13.067s] -- Up-to-date: /home/alyazahrarr/tubesss/tubes_dagoz/install/ros2_socketcan_msgs/include/ros2_socketcan_msgs/ros2_socketcan_msgs/msg/detail
[13.067s] -- Installing: /home/alyazahrarr/tubesss/tubes_dagoz/install/ros2_socketcan_msgs/include/ros2_socketcan_msgs/ros2_socketcan_msgs/msg/detail/fd_frame__rosidl_typesupport_fastrtps_c.h
[13.067s] -- Installing: /home/alyazahrarr/tubesss/tubes_dagoz/install/ros2_socketcan_msgs/include/ros2_socketcan_msgs/ros2_socketcan_msgs/msg/rosidl_typesupport_fastrtps_c__visibility_control.h
[13.067s] -- Installing: /home/alyazahrarr/tubesss/tubes_dagoz/install/ros2_socketcan_msgs/lib/libros2_socketcan_msgs__rosidl_typesupport_fastrtps_c.so
[13.067s] -- Set non-toolchain portion of runtime path of "/home/alyazahrarr/tubesss/tubes_dagoz/install/ros2_socketcan_msgs/lib/libros2_socketcan_msgs__rosidl_typesupport_fastrtps_c.so" to ""
[13.067s] -- Up-to-date: /home/alyazahrarr/tubesss/tubes_dagoz/install/ros2_socketcan_msgs/include/ros2_socketcan_msgs/ros2_socketcan_msgs
[13.068s] -- Up-to-date: /home/alyazahrarr/tubesss/tubes_dagoz/install/ros2_socketcan_msgs/include/ros2_socketcan_msgs/ros2_socketcan_msgs/msg
[13.068s] -- Up-to-date: /home/alyazahrarr/tubesss/tubes_dagoz/install/ros2_socketcan_msgs/include/ros2_socketcan_msgs/ros2_socketcan_msgs/msg/detail
[13.068s] -- Installing: /home/alyazahrarr/tubesss/tubes_dagoz/install/ros2_socketcan_msgs/include/ros2_socketcan_msgs/ros2_socketcan_msgs/msg/detail/fd_frame__rosidl_typesupport_introspection_c.h
[13.068s] -- Installing: /home/alyazahrarr/tubesss/tubes_dagoz/install/ros2_socketcan_msgs/include/ros2_socketcan_msgs/ros2_socketcan_msgs/msg/detail/fd_frame__type_support.c
[13.069s] -- Installing: /home/alyazahrarr/tubesss/tubes_dagoz/install/ros2_socketcan_msgs/include/ros2_socketcan_msgs/ros2_socketcan_msgs/msg/rosidl_typesupport_introspection_c__visibility_control.h
[13.069s] -- Installing: /home/alyazahrarr/tubesss/tubes_dagoz/install/ros2_socketcan_msgs/lib/libros2_socketcan_msgs__rosidl_typesupport_introspection_c.so
[13.069s] -- Set non-toolchain portion of runtime path of "/home/alyazahrarr/tubesss/tubes_dagoz/install/ros2_socketcan_msgs/lib/libros2_socketcan_msgs__rosidl_typesupport_introspection_c.so" to ""
[13.069s] -- Installing: /home/alyazahrarr/tubesss/tubes_dagoz/install/ros2_socketcan_msgs/lib/libros2_socketcan_msgs__rosidl_typesupport_c.so
[13.069s] -- Set non-toolchain portion of runtime path of "/home/alyazahrarr/tubesss/tubes_dagoz/install/ros2_socketcan_msgs/lib/libros2_socketcan_msgs__rosidl_typesupport_c.so" to ""
[13.070s] -- Up-to-date: /home/alyazahrarr/tubesss/tubes_dagoz/install/ros2_socketcan_msgs/include/ros2_socketcan_msgs/ros2_socketcan_msgs
[13.070s] -- Up-to-date: /home/alyazahrarr/tubesss/tubes_dagoz/install/ros2_socketcan_msgs/include/ros2_socketcan_msgs/ros2_socketcan_msgs/msg
[13.070s] -- Up-to-date: /home/alyazahrarr/tubesss/tubes_dagoz/install/ros2_socketcan_msgs/include/ros2_socketcan_msgs/ros2_socketcan_msgs/msg/detail
[13.071s] -- Installing: /home/alyazahrarr/tubesss/tubes_dagoz/install/ros2_socketcan_msgs/include/ros2_socketcan_msgs/ros2_socketcan_msgs/msg/detail/fd_frame__traits.hpp
[13.071s] -- Installing: /home/alyazahrarr/tubesss/tubes_dagoz/install/ros2_socketcan_msgs/include/ros2_socketcan_msgs/ros2_socketcan_msgs/msg/detail/fd_frame__builder.hpp
[13.071s] -- Installing: /home/alyazahrarr/tubesss/tubes_dagoz/install/ros2_socketcan_msgs/include/ros2_socketcan_msgs/ros2_socketcan_msgs/msg/detail/fd_frame__struct.hpp
[13.071s] -- Installing: /home/alyazahrarr/tubesss/tubes_dagoz/install/ros2_socketcan_msgs/include/ros2_socketcan_msgs/ros2_socketcan_msgs/msg/detail/fd_frame__type_support.hpp
[13.071s] -- Installing: /home/alyazahrarr/tubesss/tubes_dagoz/install/ros2_socketcan_msgs/include/ros2_socketcan_msgs/ros2_socketcan_msgs/msg/rosidl_generator_cpp__visibility_control.hpp
[13.072s] -- Installing: /home/alyazahrarr/tubesss/tubes_dagoz/install/ros2_socketcan_msgs/include/ros2_socketcan_msgs/ros2_socketcan_msgs/msg/fd_frame.hpp
[13.072s] -- Up-to-date: /home/alyazahrarr/tubesss/tubes_dagoz/install/ros2_socketcan_msgs/include/ros2_socketcan_msgs/ros2_socketcan_msgs
[13.072s] -- Up-to-date: /home/alyazahrarr/tubesss/tubes_dagoz/install/ros2_socketcan_msgs/include/ros2_socketcan_msgs/ros2_socketcan_msgs/msg
[13.072s] -- Up-to-date: /home/alyazahrarr/tubesss/tubes_dagoz/install/ros2_socketcan_msgs/include/ros2_socketcan_msgs/ros2_socketcan_msgs/msg/detail
[13.073s] -- Installing: /home/alyazahrarr/tubesss/tubes_dagoz/install/ros2_socketcan_msgs/include/ros2_socketcan_msgs/ros2_socketcan_msgs/msg/detail/fd_frame__rosidl_typesupport_fastrtps_cpp.hpp
[13.073s] -- Installing: /home/alyazahrarr/tubesss/tubes_dagoz/install/ros2_socketcan_msgs/include/ros2_socketcan_msgs/ros2_socketcan_msgs/msg/detail/dds_fastrtps
[13.073s] -- Installing: /home/alyazahrarr/tubesss/tubes_dagoz/install/ros2_socketcan_msgs/include/ros2_socketcan_msgs/ros2_socketcan_msgs/msg/rosidl_typesupport_fastrtps_cpp__visibility_control.h
[13.073s] -- Installing: /home/alyazahrarr/tubesss/tubes_dagoz/install/ros2_socketcan_msgs/lib/libros2_socketcan_msgs__rosidl_typesupport_fastrtps_cpp.so
[13.073s] -- Set non-toolchain portion of runtime path of "/home/alyazahrarr/tubesss/tubes_dagoz/install/ros2_socketcan_msgs/lib/libros2_socketcan_msgs__rosidl_typesupport_fastrtps_cpp.so" to ""
[13.074s] -- Up-to-date: /home/alyazahrarr/tubesss/tubes_dagoz/install/ros2_socketcan_msgs/include/ros2_socketcan_msgs/ros2_socketcan_msgs
[13.074s] -- Up-to-date: /home/alyazahrarr/tubesss/tubes_dagoz/install/ros2_socketcan_msgs/include/ros2_socketcan_msgs/ros2_socketcan_msgs/msg
[13.074s] -- Up-to-date: /home/alyazahrarr/tubesss/tubes_dagoz/install/ros2_socketcan_msgs/include/ros2_socketcan_msgs/ros2_socketcan_msgs/msg/detail
[13.075s] -- Installing: /home/alyazahrarr/tubesss/tubes_dagoz/install/ros2_socketcan_msgs/include/ros2_socketcan_msgs/ros2_socketcan_msgs/msg/detail/fd_frame__rosidl_typesupport_introspection_cpp.hpp
[13.075s] -- Installing: /home/alyazahrarr/tubesss/tubes_dagoz/install/ros2_socketcan_msgs/include/ros2_socketcan_msgs/ros2_socketcan_msgs/msg/detail/fd_frame__type_support.cpp
[13.075s] -- Installing: /home/alyazahrarr/tubesss/tubes_dagoz/install/ros2_socketcan_msgs/lib/libros2_socketcan_msgs__rosidl_typesupport_introspection_cpp.so
[13.075s] -- Set non-toolchain portion of runtime path of "/home/alyazahrarr/tubesss/tubes_dagoz/install/ros2_socketcan_msgs/lib/libros2_socketcan_msgs__rosidl_typesupport_introspection_cpp.so" to ""
[13.075s] -- Installing: /home/alyazahrarr/tubesss/tubes_dagoz/install/ros2_socketcan_msgs/lib/libros2_socketcan_msgs__rosidl_typesupport_cpp.so
[13.076s] -- Set non-toolchain portion of runtime path of "/home/alyazahrarr/tubesss/tubes_dagoz/install/ros2_socketcan_msgs/lib/libros2_socketcan_msgs__rosidl_typesupport_cpp.so" to ""
[13.076s] -- Installing: /home/alyazahrarr/tubesss/tubes_dagoz/install/ros2_socketcan_msgs/share/ros2_socketcan_msgs/environment/pythonpath.sh
[13.076s] -- Installing: /home/alyazahrarr/tubesss/tubes_dagoz/install/ros2_socketcan_msgs/share/ros2_socketcan_msgs/environment/pythonpath.dsv
[13.076s] -- Installing: /home/alyazahrarr/tubesss/tubes_dagoz/install/ros2_socketcan_msgs/lib/python3.12/site-packages/ros2_socketcan_msgs-1.3.0-py3.12.egg-info
[13.077s] -- Installing: /home/alyazahrarr/tubesss/tubes_dagoz/install/ros2_socketcan_msgs/lib/python3.12/site-packages/ros2_socketcan_msgs-1.3.0-py3.12.egg-info/dependency_links.txt
[13.077s] -- Installing: /home/alyazahrarr/tubesss/tubes_dagoz/install/ros2_socketcan_msgs/lib/python3.12/site-packages/ros2_socketcan_msgs-1.3.0-py3.12.egg-info/SOURCES.txt
[13.077s] -- Installing: /home/alyazahrarr/tubesss/tubes_dagoz/install/ros2_socketcan_msgs/lib/python3.12/site-packages/ros2_socketcan_msgs-1.3.0-py3.12.egg-info/PKG-INFO
[13.078s] -- Installing: /home/alyazahrarr/tubesss/tubes_dagoz/install/ros2_socketcan_msgs/lib/python3.12/site-packages/ros2_socketcan_msgs-1.3.0-py3.12.egg-info/top_level.txt
[13.078s] -- Installing: /home/alyazahrarr/tubesss/tubes_dagoz/install/ros2_socketcan_msgs/lib/python3.12/site-packages/ros2_socketcan_msgs
[13.078s] -- Installing: /home/alyazahrarr/tubesss/tubes_dagoz/install/ros2_socketcan_msgs/lib/python3.12/site-packages/ros2_socketcan_msgs/_ros2_socketcan_msgs_s.ep.rosidl_typesupport_fastrtps_c.c
[13.078s] -- Installing: /home/alyazahrarr/tubesss/tubes_dagoz/install/ros2_socketcan_msgs/lib/python3.12/site-packages/ros2_socketcan_msgs/_ros2_socketcan_msgs_s.ep.rosidl_typesupport_c.c
[13.078s] -- Installing: /home/alyazahrarr/tubesss/tubes_dagoz/install/ros2_socketcan_msgs/lib/python3.12/site-packages/ros2_socketcan_msgs/ros2_socketcan_msgs_s__rosidl_typesupport_fastrtps_c.so
[13.079s] -- Installing: /home/alyazahrarr/tubesss/tubes_dagoz/install/ros2_socketcan_msgs/lib/python3.12/site-packages/ros2_socketcan_msgs/ros2_socketcan_msgs_s__rosidl_typesupport_introspection_c.so
[13.079s] -- Installing: /home/alyazahrarr/tubesss/tubes_dagoz/install/ros2_socketcan_msgs/lib/python3.12/site-packages/ros2_socketcan_msgs/ros2_socketcan_msgs_s__rosidl_typesupport_c.so
[13.079s] -- Installing: /home/alyazahrarr/tubesss/tubes_dagoz/install/ros2_socketcan_msgs/lib/python3.12/site-packages/ros2_socketcan_msgs/__init__.py
[13.079s] -- Installing: /home/alyazahrarr/tubesss/tubes_dagoz/install/ros2_socketcan_msgs/lib/python3.12/site-packages/ros2_socketcan_msgs/_ros2_socketcan_msgs_s.ep.rosidl_typesupport_introspection_c.c
[13.079s] -- Installing: /home/alyazahrarr/tubesss/tubes_dagoz/install/ros2_socketcan_msgs/lib/python3.12/site-packages/ros2_socketcan_msgs/msg
[13.079s] -- Installing: /home/alyazahrarr/tubesss/tubes_dagoz/install/ros2_socketcan_msgs/lib/python3.12/site-packages/ros2_socketcan_msgs/msg/__init__.py
[13.079s] -- Installing: /home/alyazahrarr/tubesss/tubes_dagoz/install/ros2_socketcan_msgs/lib/python3.12/site-packages/ros2_socketcan_msgs/msg/_fd_frame.py
[13.080s] -- Installing: /home/alyazahrarr/tubesss/tubes_dagoz/install/ros2_socketcan_msgs/lib/python3.12/site-packages/ros2_socketcan_msgs/msg/_fd_frame_s.c
[13.163s] Listing '/home/alyazahrarr/tubesss/tubes_dagoz/install/ros2_socketcan_msgs/lib/python3.12/site-packages/ros2_socketcan_msgs'...
[13.163s] Compiling '/home/alyazahrarr/tubesss/tubes_dagoz/install/ros2_socketcan_msgs/lib/python3.12/site-packages/ros2_socketcan_msgs/__init__.py'...
[13.163s] Listing '/home/alyazahrarr/tubesss/tubes_dagoz/install/ros2_socketcan_msgs/lib/python3.12/site-packages/ros2_socketcan_msgs/msg'...
[13.163s] Compiling '/home/alyazahrarr/tubesss/tubes_dagoz/install/ros2_socketcan_msgs/lib/python3.12/site-packages/ros2_socketcan_msgs/msg/__init__.py'...
[13.163s] Compiling '/home/alyazahrarr/tubesss/tubes_dagoz/install/ros2_socketcan_msgs/lib/python3.12/site-packages/ros2_socketcan_msgs/msg/_fd_frame.py'...
[13.171s] -- Installing: /home/alyazahrarr/tubesss/tubes_dagoz/install/ros2_socketcan_msgs/lib/python3.12/site-packages/ros2_socketcan_msgs/ros2_socketcan_msgs_s__rosidl_typesupport_fastrtps_c.so
[13.172s] -- Set non-toolchain portion of runtime path of "/home/alyazahrarr/tubesss/tubes_dagoz/install/ros2_socketcan_msgs/lib/python3.12/site-packages/ros2_socketcan_msgs/ros2_socketcan_msgs_s__rosidl_typesupport_fastrtps_c.so" to ""
[13.172s] -- Installing: /home/alyazahrarr/tubesss/tubes_dagoz/install/ros2_socketcan_msgs/lib/python3.12/site-packages/ros2_socketcan_msgs/ros2_socketcan_msgs_s__rosidl_typesupport_introspection_c.so
[13.172s] -- Set non-toolchain portion of runtime path of "/home/alyazahrarr/tubesss/tubes_dagoz/install/ros2_socketcan_msgs/lib/python3.12/site-packages/ros2_socketcan_msgs/ros2_socketcan_msgs_s__rosidl_typesupport_introspection_c.so" to ""
[13.173s] -- Installing: /home/alyazahrarr/tubesss/tubes_dagoz/install/ros2_socketcan_msgs/lib/python3.12/site-packages/ros2_socketcan_msgs/ros2_socketcan_msgs_s__rosidl_typesupport_c.so
[13.173s] -- Set non-toolchain portion of runtime path of "/home/alyazahrarr/tubesss/tubes_dagoz/install/ros2_socketcan_msgs/lib/python3.12/site-packages/ros2_socketcan_msgs/ros2_socketcan_msgs_s__rosidl_typesupport_c.so" to ""
[13.174s] -- Installing: /home/alyazahrarr/tubesss/tubes_dagoz/install/ros2_socketcan_msgs/lib/libros2_socketcan_msgs__rosidl_generator_py.so
[13.174s] -- Set non-toolchain portion of runtime path of "/home/alyazahrarr/tubesss/tubes_dagoz/install/ros2_socketcan_msgs/lib/libros2_socketcan_msgs__rosidl_generator_py.so" to ""
[13.174s] -- Installing: /home/alyazahrarr/tubesss/tubes_dagoz/install/ros2_socketcan_msgs/share/ros2_socketcan_msgs/msg/FdFrame.idl
[13.175s] -- Installing: /home/alyazahrarr/tubesss/tubes_dagoz/install/ros2_socketcan_msgs/share/ros2_socketcan_msgs/msg/FdFrame.msg
[13.175s] -- Installing: /home/alyazahrarr/tubesss/tubes_dagoz/install/ros2_socketcan_msgs/share/ament_index/resource_index/package_run_dependencies/ros2_socketcan_msgs
[13.175s] -- Installing: /home/alyazahrarr/tubesss/tubes_dagoz/install/ros2_socketcan_msgs/share/ament_index/resource_index/parent_prefix_path/ros2_socketcan_msgs
[13.175s] -- Installing: /home/alyazahrarr/tubesss/tubes_dagoz/install/ros2_socketcan_msgs/share/ros2_socketcan_msgs/environment/ament_prefix_path.sh
[13.176s] -- Installing: /home/alyazahrarr/tubesss/tubes_dagoz/install/ros2_socketcan_msgs/share/ros2_socketcan_msgs/environment/ament_prefix_path.dsv
[13.176s] -- Installing: /home/alyazahrarr/tubesss/tubes_dagoz/install/ros2_socketcan_msgs/share/ros2_socketcan_msgs/environment/path.sh
[13.176s] -- Installing: /home/alyazahrarr/tubesss/tubes_dagoz/install/ros2_socketcan_msgs/share/ros2_socketcan_msgs/environment/path.dsv
[13.177s] -- Installing: /home/alyazahrarr/tubesss/tubes_dagoz/install/ros2_socketcan_msgs/share/ros2_socketcan_msgs/local_setup.bash
[13.177s] -- Installing: /home/alyazahrarr/tubesss/tubes_dagoz/install/ros2_socketcan_msgs/share/ros2_socketcan_msgs/local_setup.sh
[13.177s] -- Installing: /home/alyazahrarr/tubesss/tubes_dagoz/install/ros2_socketcan_msgs/share/ros2_socketcan_msgs/local_setup.zsh
[13.177s] -- Installing: /home/alyazahrarr/tubesss/tubes_dagoz/install/ros2_socketcan_msgs/share/ros2_socketcan_msgs/local_setup.dsv
[13.178s] -- Installing: /home/alyazahrarr/tubesss/tubes_dagoz/install/ros2_socketcan_msgs/share/ros2_socketcan_msgs/package.dsv
[13.178s] -- Installing: /home/alyazahrarr/tubesss/tubes_dagoz/install/ros2_socketcan_msgs/share/ament_index/resource_index/packages/ros2_socketcan_msgs
[13.178s] -- Installing: /home/alyazahrarr/tubesss/tubes_dagoz/install/ros2_socketcan_msgs/share/ros2_socketcan_msgs/cmake/export_ros2_socketcan_msgs__rosidl_generator_cExport.cmake
[13.178s] -- Installing: /home/alyazahrarr/tubesss/tubes_dagoz/install/ros2_socketcan_msgs/share/ros2_socketcan_msgs/cmake/export_ros2_socketcan_msgs__rosidl_generator_cExport-noconfig.cmake
[13.179s] -- Installing: /home/alyazahrarr/tubesss/tubes_dagoz/install/ros2_socketcan_msgs/share/ros2_socketcan_msgs/cmake/export_ros2_socketcan_msgs__rosidl_typesupport_fastrtps_cExport.cmake
[13.179s] -- Installing: /home/alyazahrarr/tubesss/tubes_dagoz/install/ros2_socketcan_msgs/share/ros2_socketcan_msgs/cmake/export_ros2_socketcan_msgs__rosidl_typesupport_fastrtps_cExport-noconfig.cmake
[13.179s] -- Installing: /home/alyazahrarr/tubesss/tubes_dagoz/install/ros2_socketcan_msgs/share/ros2_socketcan_msgs/cmake/ros2_socketcan_msgs__rosidl_typesupport_introspection_cExport.cmake
[13.179s] -- Installing: /home/alyazahrarr/tubesss/tubes_dagoz/install/ros2_socketcan_msgs/share/ros2_socketcan_msgs/cmake/ros2_socketcan_msgs__rosidl_typesupport_introspection_cExport-noconfig.cmake
[13.180s] -- Installing: /home/alyazahrarr/tubesss/tubes_dagoz/install/ros2_socketcan_msgs/share/ros2_socketcan_msgs/cmake/ros2_socketcan_msgs__rosidl_typesupport_cExport.cmake
[13.180s] -- Installing: /home/alyazahrarr/tubesss/tubes_dagoz/install/ros2_socketcan_msgs/share/ros2_socketcan_msgs/cmake/ros2_socketcan_msgs__rosidl_typesupport_cExport-noconfig.cmake
[13.180s] -- Installing: /home/alyazahrarr/tubesss/tubes_dagoz/install/ros2_socketcan_msgs/share/ros2_socketcan_msgs/cmake/export_ros2_socketcan_msgs__rosidl_generator_cppExport.cmake
[13.180s] -- Installing: /home/alyazahrarr/tubesss/tubes_dagoz/install/ros2_socketcan_msgs/share/ros2_socketcan_msgs/cmake/export_ros2_socketcan_msgs__rosidl_typesupport_fastrtps_cppExport.cmake
[13.181s] -- Installing: /home/alyazahrarr/tubesss/tubes_dagoz/install/ros2_socketcan_msgs/share/ros2_socketcan_msgs/cmake/export_ros2_socketcan_msgs__rosidl_typesupport_fastrtps_cppExport-noconfig.cmake
[13.181s] -- Installing: /home/alyazahrarr/tubesss/tubes_dagoz/install/ros2_socketcan_msgs/share/ros2_socketcan_msgs/cmake/ros2_socketcan_msgs__rosidl_typesupport_introspection_cppExport.cmake
[13.181s] -- Installing: /home/alyazahrarr/tubesss/tubes_dagoz/install/ros2_socketcan_msgs/share/ros2_socketcan_msgs/cmake/ros2_socketcan_msgs__rosidl_typesupport_introspection_cppExport-noconfig.cmake
[13.181s] -- Installing: /home/alyazahrarr/tubesss/tubes_dagoz/install/ros2_socketcan_msgs/share/ros2_socketcan_msgs/cmake/ros2_socketcan_msgs__rosidl_typesupport_cppExport.cmake
[13.182s] -- Installing: /home/alyazahrarr/tubesss/tubes_dagoz/install/ros2_socketcan_msgs/share/ros2_socketcan_msgs/cmake/ros2_socketcan_msgs__rosidl_typesupport_cppExport-noconfig.cmake
[13.182s] -- Installing: /home/alyazahrarr/tubesss/tubes_dagoz/install/ros2_socketcan_msgs/share/ros2_socketcan_msgs/cmake/export_ros2_socketcan_msgs__rosidl_generator_pyExport.cmake
[13.182s] -- Installing: /home/alyazahrarr/tubesss/tubes_dagoz/install/ros2_socketcan_msgs/share/ros2_socketcan_msgs/cmake/export_ros2_socketcan_msgs__rosidl_generator_pyExport-noconfig.cmake
[13.182s] -- Installing: /home/alyazahrarr/tubesss/tubes_dagoz/install/ros2_socketcan_msgs/share/ros2_socketcan_msgs/cmake/rosidl_cmake-extras.cmake
[13.182s] -- Installing: /home/alyazahrarr/tubesss/tubes_dagoz/install/ros2_socketcan_msgs/share/ros2_socketcan_msgs/cmake/ament_cmake_export_dependencies-extras.cmake
[13.183s] -- Installing: /home/alyazahrarr/tubesss/tubes_dagoz/install/ros2_socketcan_msgs/share/ros2_socketcan_msgs/cmake/ament_cmake_export_include_directories-extras.cmake
[13.183s] -- Installing: /home/alyazahrarr/tubesss/tubes_dagoz/install/ros2_socketcan_msgs/share/ros2_socketcan_msgs/cmake/ament_cmake_export_libraries-extras.cmake
[13.183s] -- Installing: /home/alyazahrarr/tubesss/tubes_dagoz/install/ros2_socketcan_msgs/share/ros2_socketcan_msgs/cmake/ament_cmake_export_targets-extras.cmake
[13.183s] -- Installing: /home/alyazahrarr/tubesss/tubes_dagoz/install/ros2_socketcan_msgs/share/ros2_socketcan_msgs/cmake/rosidl_cmake_export_typesupport_targets-extras.cmake
[13.183s] -- Installing: /home/alyazahrarr/tubesss/tubes_dagoz/install/ros2_socketcan_msgs/share/ros2_socketcan_msgs/cmake/rosidl_cmake_export_typesupport_libraries-extras.cmake
[13.184s] -- Installing: /home/alyazahrarr/tubesss/tubes_dagoz/install/ros2_socketcan_msgs/share/ros2_socketcan_msgs/cmake/ros2_socketcan_msgsConfig.cmake
[13.184s] -- Installing: /home/alyazahrarr/tubesss/tubes_dagoz/install/ros2_socketcan_msgs/share/ros2_socketcan_msgs/cmake/ros2_socketcan_msgsConfig-version.cmake
[13.184s] -- Installing: /home/alyazahrarr/tubesss/tubes_dagoz/install/ros2_socketcan_msgs/share/ros2_socketcan_msgs/package.xml
[13.187s] Invoked command in '/home/alyazahrarr/tubesss/tubes_dagoz/build/ros2_socketcan_msgs' returned '0': CMAKE_PREFIX_PATH=${CMAKE_PREFIX_PATH}:/home/alyazahrarr/ros2_ws/install/launch_testing_examples:/home/alyazahrarr/ros2_ws/install/examples_rclpy_pointcloud_publisher:/home/alyazahrarr/ros2_ws/install/examples_rclpy_minimal_subscriber:/home/alyazahrarr/ros2_ws/install/examples_rclpy_minimal_service:/home/alyazahrarr/ros2_ws/install/examples_rclpy_minimal_publisher:/home/alyazahrarr/ros2_ws/install/examples_rclpy_minimal_client:/home/alyazahrarr/ros2_ws/install/examples_rclpy_minimal_action_server:/home/alyazahrarr/ros2_ws/install/examples_rclpy_minimal_action_client:/home/alyazahrarr/ros2_ws/install/examples_rclpy_guard_conditions:/home/alyazahrarr/ros2_ws/install/examples_rclpy_executors:/opt/ros/jazzy DEBUGINFOD_URLS=https://debuginfod.ubuntu.com /usr/bin/cmake --install /home/alyazahrarr/tubesss/tubes_dagoz/build/ros2_socketcan_msgs
