[0.016s] Invoking command in '/home/alyazahrarr/tubes_dagoz/build/ros2_socketcan_msgs': CMAKE_PREFIX_PATH=${CMAKE_PREFIX_PATH}:/home/alyazahrarr/ros2_ws/install/launch_testing_examples:/home/alyazahrarr/ros2_ws/install/examples_rclpy_pointcloud_publisher:/home/alyazahrarr/ros2_ws/install/examples_rclpy_minimal_subscriber:/home/alyazahrarr/ros2_ws/install/examples_rclpy_minimal_service:/home/alyazahrarr/ros2_ws/install/examples_rclpy_minimal_publisher:/home/alyazahrarr/ros2_ws/install/examples_rclpy_minimal_client:/home/alyazahrarr/ros2_ws/install/examples_rclpy_minimal_action_server:/home/alyazahrarr/ros2_ws/install/examples_rclpy_minimal_action_client:/home/alyazahrarr/ros2_ws/install/examples_rclpy_guard_conditions:/home/alyazahrarr/ros2_ws/install/examples_rclpy_executors:/opt/ros/jazzy DEBUGINFOD_URLS=https://debuginfod.ubuntu.com /usr/bin/cmake --build /home/alyazahrarr/tubes_dagoz/build/ros2_socketcan_msgs -- -j8 -l8
[0.067s] [  2%] Built target ros2_socketcan_msgs__rosidl_generator_type_description
[0.079s] [  2%] Built target ament_cmake_python_copy_ros2_socketcan_msgs
[0.090s] [ 17%] Built target ros2_socketcan_msgs__rosidl_generator_c
[0.093s] [ 20%] Built target ros2_socketcan_msgs__cpp
[0.126s] [ 29%] Built target ros2_socketcan_msgs__rosidl_typesupport_introspection_c
[0.126s] [ 38%] Built target ros2_socketcan_msgs__rosidl_typesupport_fastrtps_c
[0.126s] [ 47%] Built target ros2_socketcan_msgs__rosidl_typesupport_c
[0.128s] [ 64%] Built target ros2_socketcan_msgs__rosidl_typesupport_fastrtps_cpp
[0.128s] [ 64%] Built target ros2_socketcan_msgs__rosidl_typesupport_introspection_cpp
[0.131s] [ 73%] Built target ros2_socketcan_msgs__rosidl_typesupport_cpp
[0.152s] [ 73%] Built target ros2_socketcan_msgs
[0.172s] [ 76%] Built target ros2_socketcan_msgs__py
[0.199s] [ 82%] Built target ros2_socketcan_msgs__rosidl_generator_py
[0.221s] [100%] Built target ros2_socketcan_msgs_s__rosidl_typesupport_fastrtps_c
[0.222s] [100%] Built target ros2_socketcan_msgs_s__rosidl_typesupport_introspection_c
[0.222s] [100%] Built target ros2_socketcan_msgs_s__rosidl_typesupport_c
[0.354s] running egg_info
[0.380s] writing ros2_socketcan_msgs.egg-info/PKG-INFO
[0.380s] writing dependency_links to ros2_socketcan_msgs.egg-info/dependency_links.txt
[0.380s] writing top-level names to ros2_socketcan_msgs.egg-info/top_level.txt
[0.452s] reading manifest file 'ros2_socketcan_msgs.egg-info/SOURCES.txt'
[0.453s] writing manifest file 'ros2_socketcan_msgs.egg-info/SOURCES.txt'
[0.483s] [100%] Built target ament_cmake_python_build_ros2_socketcan_msgs_egg
