[0.044s] Invoking command in '/home/alyazahrarr/tubes_dagoz/build/ros2_socketcan': AMENT_PREFIX_PATH=/home/alyazahrarr/tubes_dagoz/install/ros2_socketcan_msgs:/home/alyazahrarr/tubes_dagoz/install/can_msgs:${AMENT_PREFIX_PATH} CMAKE_PREFIX_PATH=/home/alyazahrarr/tubes_dagoz/install/ros2_socketcan_msgs:/home/alyazahrarr/tubes_dagoz/install/can_msgs:/home/alyazahrarr/ros2_ws/install/my_package:/home/alyazahrarr/ros2_ws/install/examples_rclcpp_wait_set:/home/alyazahrarr/ros2_ws/install/examples_rclcpp_multithreaded_executor:/home/alyazahrarr/ros2_ws/install/examples_rclcpp_minimal_timer:/home/alyazahrarr/ros2_ws/install/examples_rclcpp_minimal_subscriber:/home/alyazahrarr/ros2_ws/install/examples_rclcpp_minimal_service:/home/alyazahrarr/ros2_ws/install/examples_rclcpp_minimal_publisher:/home/alyazahrarr/ros2_ws/install/examples_rclcpp_minimal_composition:/home/alyazahrarr/ros2_ws/install/examples_rclcpp_minimal_client:/home/alyazahrarr/ros2_ws/install/examples_rclcpp_minimal_action_server:/home/alyazahrarr/ros2_ws/install/examples_rclcpp_minimal_action_client:/home/alyazahrarr/ros2_ws/install/examples_rclcpp_cbg_executor:/home/alyazahrarr/ros2_ws/install/examples_rclcpp_async_client:/opt/ros/jazzy/opt/gz_math_vendor:/opt/ros/jazzy/opt/gz_utils_vendor:/opt/ros/jazzy/opt/gz_cmake_vendor:/home/alyazahrarr/ros2_ws/install/launch_testing_examples:/home/alyazahrarr/ros2_ws/install/examples_rclpy_pointcloud_publisher:/home/alyazahrarr/ros2_ws/install/examples_rclpy_minimal_subscriber:/home/alyazahrarr/ros2_ws/install/examples_rclpy_minimal_service:/home/alyazahrarr/ros2_ws/install/examples_rclpy_minimal_publisher:/home/alyazahrarr/ros2_ws/install/examples_rclpy_minimal_client:/home/alyazahrarr/ros2_ws/install/examples_rclpy_minimal_action_server:/home/alyazahrarr/ros2_ws/install/examples_rclpy_minimal_action_client:/home/alyazahrarr/ros2_ws/install/examples_rclpy_guard_conditions:/home/alyazahrarr/ros2_ws/install/examples_rclpy_executors:/opt/ros/jazzy DEBUGINFOD_URLS=https://debuginfod.ubuntu.com LD_LIBRARY_PATH=/home/alyazahrarr/tubes_dagoz/install/ros2_socketcan_msgs/lib:/home/alyazahrarr/tubes_dagoz/install/can_msgs/lib:${LD_LIBRARY_PATH} PYTHONPATH=/home/alyazahrarr/tubes_dagoz/install/ros2_socketcan_msgs/lib/python3.12/site-packages:/home/alyazahrarr/tubes_dagoz/install/can_msgs/lib/python3.12/site-packages:${PYTHONPATH} /usr/bin/cmake --build /home/alyazahrarr/tubes_dagoz/build/ros2_socketcan -- -j8 -l8
[0.230s] [  9%] Built target gtest_main
[0.232s] [ 33%] Built target gtest
[0.233s] [ 42%] Built target ros2_socketcan
[0.237s] [ 52%] Built target socket_can_sender_node_exe
[0.238s] [ 61%] Built target socket_can_receiver_node_exe
[0.285s] [ 80%] Built target ros2_socketcan_test
[0.289s] [ 90%] Built target socket_can_receiver_node
[0.346s] [100%] Built target socket_can_sender_node
[0.370s] Invoked command in '/home/alyazahrarr/tubes_dagoz/build/ros2_socketcan' returned '0': AMENT_PREFIX_PATH=/home/alyazahrarr/tubes_dagoz/install/ros2_socketcan_msgs:/home/alyazahrarr/tubes_dagoz/install/can_msgs:${AMENT_PREFIX_PATH} CMAKE_PREFIX_PATH=/home/alyazahrarr/tubes_dagoz/install/ros2_socketcan_msgs:/home/alyazahrarr/tubes_dagoz/install/can_msgs:/home/alyazahrarr/ros2_ws/install/my_package:/home/alyazahrarr/ros2_ws/install/examples_rclcpp_wait_set:/home/alyazahrarr/ros2_ws/install/examples_rclcpp_multithreaded_executor:/home/alyazahrarr/ros2_ws/install/examples_rclcpp_minimal_timer:/home/alyazahrarr/ros2_ws/install/examples_rclcpp_minimal_subscriber:/home/alyazahrarr/ros2_ws/install/examples_rclcpp_minimal_service:/home/alyazahrarr/ros2_ws/install/examples_rclcpp_minimal_publisher:/home/alyazahrarr/ros2_ws/install/examples_rclcpp_minimal_composition:/home/alyazahrarr/ros2_ws/install/examples_rclcpp_minimal_client:/home/alyazahrarr/ros2_ws/install/examples_rclcpp_minimal_action_server:/home/alyazahrarr/ros2_ws/install/examples_rclcpp_minimal_action_client:/home/alyazahrarr/ros2_ws/install/examples_rclcpp_cbg_executor:/home/alyazahrarr/ros2_ws/install/examples_rclcpp_async_client:/opt/ros/jazzy/opt/gz_math_vendor:/opt/ros/jazzy/opt/gz_utils_vendor:/opt/ros/jazzy/opt/gz_cmake_vendor:/home/alyazahrarr/ros2_ws/install/launch_testing_examples:/home/alyazahrarr/ros2_ws/install/examples_rclpy_pointcloud_publisher:/home/alyazahrarr/ros2_ws/install/examples_rclpy_minimal_subscriber:/home/alyazahrarr/ros2_ws/install/examples_rclpy_minimal_service:/home/alyazahrarr/ros2_ws/install/examples_rclpy_minimal_publisher:/home/alyazahrarr/ros2_ws/install/examples_rclpy_minimal_client:/home/alyazahrarr/ros2_ws/install/examples_rclpy_minimal_action_server:/home/alyazahrarr/ros2_ws/install/examples_rclpy_minimal_action_client:/home/alyazahrarr/ros2_ws/install/examples_rclpy_guard_conditions:/home/alyazahrarr/ros2_ws/install/examples_rclpy_executors:/opt/ros/jazzy DEBUGINFOD_URLS=https://debuginfod.ubuntu.com LD_LIBRARY_PATH=/home/alyazahrarr/tubes_dagoz/install/ros2_socketcan_msgs/lib:/home/alyazahrarr/tubes_dagoz/install/can_msgs/lib:${LD_LIBRARY_PATH} PYTHONPATH=/home/alyazahrarr/tubes_dagoz/install/ros2_socketcan_msgs/lib/python3.12/site-packages:/home/alyazahrarr/tubes_dagoz/install/can_msgs/lib/python3.12/site-packages:${PYTHONPATH} /usr/bin/cmake --build /home/alyazahrarr/tubes_dagoz/build/ros2_socketcan -- -j8 -l8
[0.545s] Invoking command in '/home/alyazahrarr/tubes_dagoz/build/ros2_socketcan': AMENT_PREFIX_PATH=/home/alyazahrarr/tubes_dagoz/install/ros2_socketcan_msgs:/home/alyazahrarr/tubes_dagoz/install/can_msgs:${AMENT_PREFIX_PATH} CMAKE_PREFIX_PATH=/home/alyazahrarr/tubes_dagoz/install/ros2_socketcan_msgs:/home/alyazahrarr/tubes_dagoz/install/can_msgs:/home/alyazahrarr/ros2_ws/install/my_package:/home/alyazahrarr/ros2_ws/install/examples_rclcpp_wait_set:/home/alyazahrarr/ros2_ws/install/examples_rclcpp_multithreaded_executor:/home/alyazahrarr/ros2_ws/install/examples_rclcpp_minimal_timer:/home/alyazahrarr/ros2_ws/install/examples_rclcpp_minimal_subscriber:/home/alyazahrarr/ros2_ws/install/examples_rclcpp_minimal_service:/home/alyazahrarr/ros2_ws/install/examples_rclcpp_minimal_publisher:/home/alyazahrarr/ros2_ws/install/examples_rclcpp_minimal_composition:/home/alyazahrarr/ros2_ws/install/examples_rclcpp_minimal_client:/home/alyazahrarr/ros2_ws/install/examples_rclcpp_minimal_action_server:/home/alyazahrarr/ros2_ws/install/examples_rclcpp_minimal_action_client:/home/alyazahrarr/ros2_ws/install/examples_rclcpp_cbg_executor:/home/alyazahrarr/ros2_ws/install/examples_rclcpp_async_client:/opt/ros/jazzy/opt/gz_math_vendor:/opt/ros/jazzy/opt/gz_utils_vendor:/opt/ros/jazzy/opt/gz_cmake_vendor:/home/alyazahrarr/ros2_ws/install/launch_testing_examples:/home/alyazahrarr/ros2_ws/install/examples_rclpy_pointcloud_publisher:/home/alyazahrarr/ros2_ws/install/examples_rclpy_minimal_subscriber:/home/alyazahrarr/ros2_ws/install/examples_rclpy_minimal_service:/home/alyazahrarr/ros2_ws/install/examples_rclpy_minimal_publisher:/home/alyazahrarr/ros2_ws/install/examples_rclpy_minimal_client:/home/alyazahrarr/ros2_ws/install/examples_rclpy_minimal_action_server:/home/alyazahrarr/ros2_ws/install/examples_rclpy_minimal_action_client:/home/alyazahrarr/ros2_ws/install/examples_rclpy_guard_conditions:/home/alyazahrarr/ros2_ws/install/examples_rclpy_executors:/opt/ros/jazzy DEBUGINFOD_URLS=https://debuginfod.ubuntu.com LD_LIBRARY_PATH=/home/alyazahrarr/tubes_dagoz/install/ros2_socketcan_msgs/lib:/home/alyazahrarr/tubes_dagoz/install/can_msgs/lib:${LD_LIBRARY_PATH} PYTHONPATH=/home/alyazahrarr/tubes_dagoz/install/ros2_socketcan_msgs/lib/python3.12/site-packages:/home/alyazahrarr/tubes_dagoz/install/can_msgs/lib/python3.12/site-packages:${PYTHONPATH} /usr/bin/cmake --install /home/alyazahrarr/tubes_dagoz/build/ros2_socketcan
[0.578s] -- Install configuration: ""
[0.579s] -- Up-to-date: /home/alyazahrarr/tubes_dagoz/install/ros2_socketcan/lib/ros2_socketcan/socket_can_receiver_node_exe
[0.581s] -- Up-to-date: /home/alyazahrarr/tubes_dagoz/install/ros2_socketcan/lib/ros2_socketcan/socket_can_sender_node_exe
[0.582s] -- Up-to-date: /home/alyazahrarr/tubes_dagoz/install/ros2_socketcan/include
[0.583s] -- Up-to-date: /home/alyazahrarr/tubes_dagoz/install/ros2_socketcan/include/ros2_socketcan
[0.584s] -- Up-to-date: /home/alyazahrarr/tubes_dagoz/install/ros2_socketcan/include/ros2_socketcan/socket_can_receiver_node.hpp
[0.584s] -- Up-to-date: /home/alyazahrarr/tubes_dagoz/install/ros2_socketcan/include/ros2_socketcan/visibility_control.hpp
[0.585s] -- Up-to-date: /home/alyazahrarr/tubes_dagoz/install/ros2_socketcan/include/ros2_socketcan/socket_can_sender.hpp
[0.586s] -- Up-to-date: /home/alyazahrarr/tubes_dagoz/install/ros2_socketcan/include/ros2_socketcan/socket_can_id.hpp
[0.586s] -- Up-to-date: /home/alyazahrarr/tubes_dagoz/install/ros2_socketcan/include/ros2_socketcan/socket_can_receiver.hpp
[0.587s] -- Up-to-date: /home/alyazahrarr/tubes_dagoz/install/ros2_socketcan/include/ros2_socketcan/socket_can_sender_node.hpp
[0.588s] -- Up-to-date: /home/alyazahrarr/tubes_dagoz/install/ros2_socketcan/include/ros2_socketcan/socket_can_common.hpp
[0.588s] -- Up-to-date: /home/alyazahrarr/tubes_dagoz/install/ros2_socketcan/share/ros2_socketcan/environment/library_path.sh
[0.589s] -- Up-to-date: /home/alyazahrarr/tubes_dagoz/install/ros2_socketcan/share/ros2_socketcan/environment/library_path.dsv
[0.590s] -- Up-to-date: /home/alyazahrarr/tubes_dagoz/install/ros2_socketcan/lib/libros2_socketcan.so
[0.591s] -- Up-to-date: /home/alyazahrarr/tubes_dagoz/install/ros2_socketcan/lib/libsocket_can_receiver_node.so
[0.592s] -- Up-to-date: /home/alyazahrarr/tubes_dagoz/install/ros2_socketcan/lib/libsocket_can_sender_node.so
[0.593s] -- Up-to-date: /home/alyazahrarr/tubes_dagoz/install/ros2_socketcan/share/ros2_socketcan/launch
[0.593s] -- Up-to-date: /home/alyazahrarr/tubes_dagoz/install/ros2_socketcan/share/ros2_socketcan/launch/socket_can_receiver.launch.py
[0.594s] -- Up-to-date: /home/alyazahrarr/tubes_dagoz/install/ros2_socketcan/share/ros2_socketcan/launch/socket_can_bridge.launch.xml
[0.595s] -- Up-to-date: /home/alyazahrarr/tubes_dagoz/install/ros2_socketcan/share/ros2_socketcan/launch/socket_can_sender.launch.py
[0.595s] -- Up-to-date: /home/alyazahrarr/tubes_dagoz/install/ros2_socketcan/share/ament_index/resource_index/package_run_dependencies/ros2_socketcan
[0.596s] -- Up-to-date: /home/alyazahrarr/tubes_dagoz/install/ros2_socketcan/share/ament_index/resource_index/parent_prefix_path/ros2_socketcan
[0.597s] -- Up-to-date: /home/alyazahrarr/tubes_dagoz/install/ros2_socketcan/share/ros2_socketcan/environment/ament_prefix_path.sh
[0.598s] -- Up-to-date: /home/alyazahrarr/tubes_dagoz/install/ros2_socketcan/share/ros2_socketcan/environment/ament_prefix_path.dsv
[0.599s] -- Up-to-date: /home/alyazahrarr/tubes_dagoz/install/ros2_socketcan/share/ros2_socketcan/environment/path.sh
[0.600s] -- Up-to-date: /home/alyazahrarr/tubes_dagoz/install/ros2_socketcan/share/ros2_socketcan/environment/path.dsv
[0.600s] -- Up-to-date: /home/alyazahrarr/tubes_dagoz/install/ros2_socketcan/share/ros2_socketcan/local_setup.bash
[0.601s] -- Up-to-date: /home/alyazahrarr/tubes_dagoz/install/ros2_socketcan/share/ros2_socketcan/local_setup.sh
[0.602s] -- Up-to-date: /home/alyazahrarr/tubes_dagoz/install/ros2_socketcan/share/ros2_socketcan/local_setup.zsh
[0.603s] -- Up-to-date: /home/alyazahrarr/tubes_dagoz/install/ros2_socketcan/share/ros2_socketcan/local_setup.dsv
[0.604s] -- Installing: /home/alyazahrarr/tubes_dagoz/install/ros2_socketcan/share/ros2_socketcan/package.dsv
[0.605s] -- Up-to-date: /home/alyazahrarr/tubes_dagoz/install/ros2_socketcan/share/ament_index/resource_index/packages/ros2_socketcan
[0.605s] -- Up-to-date: /home/alyazahrarr/tubes_dagoz/install/ros2_socketcan/share/ament_index/resource_index/rclcpp_components/ros2_socketcan
[0.608s] -- Up-to-date: /home/alyazahrarr/tubes_dagoz/install/ros2_socketcan/share/ros2_socketcan/cmake/ament_cmake_export_dependencies-extras.cmake
[0.609s] -- Up-to-date: /home/alyazahrarr/tubes_dagoz/install/ros2_socketcan/share/ros2_socketcan/cmake/ament_cmake_export_include_directories-extras.cmake
[0.609s] -- Up-to-date: /home/alyazahrarr/tubes_dagoz/install/ros2_socketcan/share/ros2_socketcan/cmake/ament_cmake_export_libraries-extras.cmake
[0.610s] -- Up-to-date: /home/alyazahrarr/tubes_dagoz/install/ros2_socketcan/share/ros2_socketcan/cmake/ros2_socketcanConfig.cmake
[0.610s] -- Up-to-date: /home/alyazahrarr/tubes_dagoz/install/ros2_socketcan/share/ros2_socketcan/cmake/ros2_socketcanConfig-version.cmake
[0.611s] -- Up-to-date: /home/alyazahrarr/tubes_dagoz/install/ros2_socketcan/share/ros2_socketcan/package.xml
[0.612s] Invoked command in '/home/alyazahrarr/tubes_dagoz/build/ros2_socketcan' returned '0': AMENT_PREFIX_PATH=/home/alyazahrarr/tubes_dagoz/install/ros2_socketcan_msgs:/home/alyazahrarr/tubes_dagoz/install/can_msgs:${AMENT_PREFIX_PATH} CMAKE_PREFIX_PATH=/home/alyazahrarr/tubes_dagoz/install/ros2_socketcan_msgs:/home/alyazahrarr/tubes_dagoz/install/can_msgs:/home/alyazahrarr/ros2_ws/install/my_package:/home/alyazahrarr/ros2_ws/install/examples_rclcpp_wait_set:/home/alyazahrarr/ros2_ws/install/examples_rclcpp_multithreaded_executor:/home/alyazahrarr/ros2_ws/install/examples_rclcpp_minimal_timer:/home/alyazahrarr/ros2_ws/install/examples_rclcpp_minimal_subscriber:/home/alyazahrarr/ros2_ws/install/examples_rclcpp_minimal_service:/home/alyazahrarr/ros2_ws/install/examples_rclcpp_minimal_publisher:/home/alyazahrarr/ros2_ws/install/examples_rclcpp_minimal_composition:/home/alyazahrarr/ros2_ws/install/examples_rclcpp_minimal_client:/home/alyazahrarr/ros2_ws/install/examples_rclcpp_minimal_action_server:/home/alyazahrarr/ros2_ws/install/examples_rclcpp_minimal_action_client:/home/alyazahrarr/ros2_ws/install/examples_rclcpp_cbg_executor:/home/alyazahrarr/ros2_ws/install/examples_rclcpp_async_client:/opt/ros/jazzy/opt/gz_math_vendor:/opt/ros/jazzy/opt/gz_utils_vendor:/opt/ros/jazzy/opt/gz_cmake_vendor:/home/alyazahrarr/ros2_ws/install/launch_testing_examples:/home/alyazahrarr/ros2_ws/install/examples_rclpy_pointcloud_publisher:/home/alyazahrarr/ros2_ws/install/examples_rclpy_minimal_subscriber:/home/alyazahrarr/ros2_ws/install/examples_rclpy_minimal_service:/home/alyazahrarr/ros2_ws/install/examples_rclpy_minimal_publisher:/home/alyazahrarr/ros2_ws/install/examples_rclpy_minimal_client:/home/alyazahrarr/ros2_ws/install/examples_rclpy_minimal_action_server:/home/alyazahrarr/ros2_ws/install/examples_rclpy_minimal_action_client:/home/alyazahrarr/ros2_ws/install/examples_rclpy_guard_conditions:/home/alyazahrarr/ros2_ws/install/examples_rclpy_executors:/opt/ros/jazzy DEBUGINFOD_URLS=https://debuginfod.ubuntu.com LD_LIBRARY_PATH=/home/alyazahrarr/tubes_dagoz/install/ros2_socketcan_msgs/lib:/home/alyazahrarr/tubes_dagoz/install/can_msgs/lib:${LD_LIBRARY_PATH} PYTHONPATH=/home/alyazahrarr/tubes_dagoz/install/ros2_socketcan_msgs/lib/python3.12/site-packages:/home/alyazahrarr/tubes_dagoz/install/can_msgs/lib/python3.12/site-packages:${PYTHONPATH} /usr/bin/cmake --install /home/alyazahrarr/tubes_dagoz/build/ros2_socketcan
