[0.026s] Invoking command in '/home/adha/belajar/ws1/build/msgs': CMAKE_PREFIX_PATH=${CMAKE_PREFIX_PATH}:/opt/ros/jazzy DEBUGINFOD_URLS=https://debuginfod.ubuntu.com /usr/bin/cmake --build /home/adha/belajar/ws1/build/msgs -- -j12 -l12
[0.147s] [  2%] Built target msgs__rosidl_generator_type_description
[0.176s] [  2%] Built target ament_cmake_python_copy_msgs
[0.206s] [  5%] Built target msgs__cpp
[0.208s] [ 20%] Built target msgs__rosidl_generator_c
[0.322s] [ 29%] Built target msgs__rosidl_typesupport_fastrtps_cpp
[0.329s] [ 38%] Built target msgs__rosidl_typesupport_introspection_c
[0.343s] [ 47%] Built target msgs__rosidl_typesupport_fastrtps_c
[0.369s] [ 55%] Built target msgs__rosidl_typesupport_c
[0.374s] [ 64%] Built target msgs__rosidl_typesupport_introspection_cpp
[0.375s] [ 73%] Built target msgs__rosidl_typesupport_cpp
[0.457s] [ 73%] Built target msgs
[0.553s] [ 76%] Built target msgs__py
[0.642s] [ 82%] Built target msgs__rosidl_generator_py
[0.732s] [ 88%] Built target msgs_s__rosidl_typesupport_fastrtps_c
[0.738s] [ 94%] Built target msgs_s__rosidl_typesupport_c
[0.763s] [100%] Built target msgs_s__rosidl_typesupport_introspection_c
[0.891s] running egg_info
[0.923s] writing msgs.egg-info/PKG-INFO
[0.924s] writing dependency_links to msgs.egg-info/dependency_links.txt
[0.924s] writing top-level names to msgs.egg-info/top_level.txt
[1.020s] reading manifest file 'msgs.egg-info/SOURCES.txt'
[1.021s] writing manifest file 'msgs.egg-info/SOURCES.txt'
[1.112s] [100%] Built target ament_cmake_python_build_msgs_egg
[1.146s] Invoked command in '/home/adha/belajar/ws1/build/msgs' returned '0': CMAKE_PREFIX_PATH=${CMAKE_PREFIX_PATH}:/opt/ros/jazzy DEBUGINFOD_URLS=https://debuginfod.ubuntu.com /usr/bin/cmake --build /home/adha/belajar/ws1/build/msgs -- -j12 -l12
[1.291s] Invoking command in '/home/adha/belajar/ws1/build/msgs': CMAKE_PREFIX_PATH=${CMAKE_PREFIX_PATH}:/opt/ros/jazzy DEBUGINFOD_URLS=https://debuginfod.ubuntu.com /usr/bin/cmake --install /home/adha/belajar/ws1/build/msgs
[1.321s] -- Install configuration: ""
[1.321s] -- Up-to-date: /home/adha/belajar/ws1/install/msgs/share/ament_index/resource_index/rosidl_interfaces/msgs
[1.321s] -- Up-to-date: /home/adha/belajar/ws1/install/msgs/share/msgs/msg/HardwareCommand.json
[1.322s] -- Up-to-date: /home/adha/belajar/ws1/install/msgs/include/msgs/msgs
[1.322s] -- Up-to-date: /home/adha/belajar/ws1/install/msgs/include/msgs/msgs/msg
[1.323s] -- Up-to-date: /home/adha/belajar/ws1/install/msgs/include/msgs/msgs/msg/hardware_command.h
[1.323s] -- Up-to-date: /home/adha/belajar/ws1/install/msgs/include/msgs/msgs/msg/rosidl_generator_c__visibility_control.h
[1.323s] -- Up-to-date: /home/adha/belajar/ws1/install/msgs/include/msgs/msgs/msg/detail
[1.324s] -- Up-to-date: /home/adha/belajar/ws1/install/msgs/include/msgs/msgs/msg/detail/hardware_command__functions.c
[1.324s] -- Up-to-date: /home/adha/belajar/ws1/install/msgs/include/msgs/msgs/msg/detail/hardware_command__description.c
[1.324s] -- Up-to-date: /home/adha/belajar/ws1/install/msgs/include/msgs/msgs/msg/detail/hardware_command__type_support.c
[1.324s] -- Up-to-date: /home/adha/belajar/ws1/install/msgs/include/msgs/msgs/msg/detail/hardware_command__struct.h
[1.325s] -- Up-to-date: /home/adha/belajar/ws1/install/msgs/include/msgs/msgs/msg/detail/hardware_command__functions.h
[1.325s] -- Up-to-date: /home/adha/belajar/ws1/install/msgs/include/msgs/msgs/msg/detail/hardware_command__type_support.h
[1.325s] -- Up-to-date: /home/adha/belajar/ws1/install/msgs/share/msgs/environment/library_path.sh
[1.326s] -- Up-to-date: /home/adha/belajar/ws1/install/msgs/share/msgs/environment/library_path.dsv
[1.326s] -- Up-to-date: /home/adha/belajar/ws1/install/msgs/lib/libmsgs__rosidl_generator_c.so
[1.326s] -- Up-to-date: /home/adha/belajar/ws1/install/msgs/include/msgs/msgs
[1.326s] -- Up-to-date: /home/adha/belajar/ws1/install/msgs/include/msgs/msgs/msg
[1.326s] -- Up-to-date: /home/adha/belajar/ws1/install/msgs/include/msgs/msgs/msg/rosidl_typesupport_fastrtps_c__visibility_control.h
[1.327s] -- Up-to-date: /home/adha/belajar/ws1/install/msgs/include/msgs/msgs/msg/detail
[1.327s] -- Up-to-date: /home/adha/belajar/ws1/install/msgs/include/msgs/msgs/msg/detail/hardware_command__rosidl_typesupport_fastrtps_c.h
[1.327s] -- Up-to-date: /home/adha/belajar/ws1/install/msgs/lib/libmsgs__rosidl_typesupport_fastrtps_c.so
[1.328s] -- Up-to-date: /home/adha/belajar/ws1/install/msgs/include/msgs/msgs
[1.328s] -- Up-to-date: /home/adha/belajar/ws1/install/msgs/include/msgs/msgs/msg
[1.328s] -- Up-to-date: /home/adha/belajar/ws1/install/msgs/include/msgs/msgs/msg/rosidl_generator_cpp__visibility_control.hpp
[1.328s] -- Up-to-date: /home/adha/belajar/ws1/install/msgs/include/msgs/msgs/msg/hardware_command.hpp
[1.329s] -- Up-to-date: /home/adha/belajar/ws1/install/msgs/include/msgs/msgs/msg/detail
[1.329s] -- Up-to-date: /home/adha/belajar/ws1/install/msgs/include/msgs/msgs/msg/detail/hardware_command__type_support.hpp
[1.329s] -- Up-to-date: /home/adha/belajar/ws1/install/msgs/include/msgs/msgs/msg/detail/hardware_command__struct.hpp
[1.329s] -- Up-to-date: /home/adha/belajar/ws1/install/msgs/include/msgs/msgs/msg/detail/hardware_command__traits.hpp
[1.329s] -- Up-to-date: /home/adha/belajar/ws1/install/msgs/include/msgs/msgs/msg/detail/hardware_command__builder.hpp
[1.330s] -- Up-to-date: /home/adha/belajar/ws1/install/msgs/include/msgs/msgs
[1.330s] -- Up-to-date: /home/adha/belajar/ws1/install/msgs/include/msgs/msgs/msg
[1.330s] -- Up-to-date: /home/adha/belajar/ws1/install/msgs/include/msgs/msgs/msg/rosidl_typesupport_fastrtps_cpp__visibility_control.h
[1.330s] -- Up-to-date: /home/adha/belajar/ws1/install/msgs/include/msgs/msgs/msg/detail
[1.331s] -- Up-to-date: /home/adha/belajar/ws1/install/msgs/include/msgs/msgs/msg/detail/dds_fastrtps
[1.331s] -- Up-to-date: /home/adha/belajar/ws1/install/msgs/include/msgs/msgs/msg/detail/hardware_command__rosidl_typesupport_fastrtps_cpp.hpp
[1.331s] -- Up-to-date: /home/adha/belajar/ws1/install/msgs/lib/libmsgs__rosidl_typesupport_fastrtps_cpp.so
[1.331s] -- Up-to-date: /home/adha/belajar/ws1/install/msgs/include/msgs/msgs
[1.332s] -- Up-to-date: /home/adha/belajar/ws1/install/msgs/include/msgs/msgs/msg
[1.332s] -- Up-to-date: /home/adha/belajar/ws1/install/msgs/include/msgs/msgs/msg/rosidl_typesupport_introspection_c__visibility_control.h
[1.332s] -- Up-to-date: /home/adha/belajar/ws1/install/msgs/include/msgs/msgs/msg/detail
[1.332s] -- Up-to-date: /home/adha/belajar/ws1/install/msgs/include/msgs/msgs/msg/detail/hardware_command__type_support.c
[1.332s] -- Up-to-date: /home/adha/belajar/ws1/install/msgs/include/msgs/msgs/msg/detail/hardware_command__rosidl_typesupport_introspection_c.h
[1.333s] -- Up-to-date: /home/adha/belajar/ws1/install/msgs/lib/libmsgs__rosidl_typesupport_introspection_c.so
[1.333s] -- Up-to-date: /home/adha/belajar/ws1/install/msgs/lib/libmsgs__rosidl_typesupport_c.so
[1.333s] -- Up-to-date: /home/adha/belajar/ws1/install/msgs/include/msgs/msgs
[1.333s] -- Up-to-date: /home/adha/belajar/ws1/install/msgs/include/msgs/msgs/msg
[1.333s] -- Up-to-date: /home/adha/belajar/ws1/install/msgs/include/msgs/msgs/msg/detail
[1.334s] -- Up-to-date: /home/adha/belajar/ws1/install/msgs/include/msgs/msgs/msg/detail/hardware_command__type_support.cpp
[1.334s] -- Up-to-date: /home/adha/belajar/ws1/install/msgs/include/msgs/msgs/msg/detail/hardware_command__rosidl_typesupport_introspection_cpp.hpp
[1.334s] -- Up-to-date: /home/adha/belajar/ws1/install/msgs/lib/libmsgs__rosidl_typesupport_introspection_cpp.so
[1.334s] -- Up-to-date: /home/adha/belajar/ws1/install/msgs/lib/libmsgs__rosidl_typesupport_cpp.so
[1.335s] -- Up-to-date: /home/adha/belajar/ws1/install/msgs/share/msgs/environment/pythonpath.sh
[1.335s] -- Up-to-date: /home/adha/belajar/ws1/install/msgs/share/msgs/environment/pythonpath.dsv
[1.335s] -- Up-to-date: /home/adha/belajar/ws1/install/msgs/lib/python3.12/site-packages/msgs-0.0.0-py3.12.egg-info
[1.335s] -- Installing: /home/adha/belajar/ws1/install/msgs/lib/python3.12/site-packages/msgs-0.0.0-py3.12.egg-info/dependency_links.txt
[1.335s] -- Installing: /home/adha/belajar/ws1/install/msgs/lib/python3.12/site-packages/msgs-0.0.0-py3.12.egg-info/top_level.txt
[1.336s] -- Installing: /home/adha/belajar/ws1/install/msgs/lib/python3.12/site-packages/msgs-0.0.0-py3.12.egg-info/SOURCES.txt
[1.336s] -- Installing: /home/adha/belajar/ws1/install/msgs/lib/python3.12/site-packages/msgs-0.0.0-py3.12.egg-info/PKG-INFO
[1.336s] -- Up-to-date: /home/adha/belajar/ws1/install/msgs/lib/python3.12/site-packages/msgs
[1.336s] -- Up-to-date: /home/adha/belajar/ws1/install/msgs/lib/python3.12/site-packages/msgs/msg
[1.336s] -- Up-to-date: /home/adha/belajar/ws1/install/msgs/lib/python3.12/site-packages/msgs/msg/__init__.py
[1.337s] -- Up-to-date: /home/adha/belajar/ws1/install/msgs/lib/python3.12/site-packages/msgs/msg/_hardware_command_s.c
[1.337s] -- Up-to-date: /home/adha/belajar/ws1/install/msgs/lib/python3.12/site-packages/msgs/msg/_hardware_command.py
[1.337s] -- Up-to-date: /home/adha/belajar/ws1/install/msgs/lib/python3.12/site-packages/msgs/_msgs_s.ep.rosidl_typesupport_c.c
[1.337s] -- Up-to-date: /home/adha/belajar/ws1/install/msgs/lib/python3.12/site-packages/msgs/__init__.py
[1.337s] -- Up-to-date: /home/adha/belajar/ws1/install/msgs/lib/python3.12/site-packages/msgs/msgs_s__rosidl_typesupport_introspection_c.so
[1.337s] -- Up-to-date: /home/adha/belajar/ws1/install/msgs/lib/python3.12/site-packages/msgs/_msgs_s.ep.rosidl_typesupport_fastrtps_c.c
[1.338s] -- Up-to-date: /home/adha/belajar/ws1/install/msgs/lib/python3.12/site-packages/msgs/_msgs_s.ep.rosidl_typesupport_introspection_c.c
[1.338s] -- Up-to-date: /home/adha/belajar/ws1/install/msgs/lib/python3.12/site-packages/msgs/msgs_s__rosidl_typesupport_fastrtps_c.so
[1.338s] -- Up-to-date: /home/adha/belajar/ws1/install/msgs/lib/python3.12/site-packages/msgs/msgs_s__rosidl_typesupport_c.so
[1.411s] Listing '/home/adha/belajar/ws1/install/msgs/lib/python3.12/site-packages/msgs'...
[1.411s] Listing '/home/adha/belajar/ws1/install/msgs/lib/python3.12/site-packages/msgs/msg'...
[1.427s] -- Up-to-date: /home/adha/belajar/ws1/install/msgs/lib/python3.12/site-packages/msgs/msgs_s__rosidl_typesupport_fastrtps_c.so
[1.427s] -- Up-to-date: /home/adha/belajar/ws1/install/msgs/lib/python3.12/site-packages/msgs/msgs_s__rosidl_typesupport_introspection_c.so
[1.430s] -- Up-to-date: /home/adha/belajar/ws1/install/msgs/lib/python3.12/site-packages/msgs/msgs_s__rosidl_typesupport_c.so
[1.430s] -- Up-to-date: /home/adha/belajar/ws1/install/msgs/lib/libmsgs__rosidl_generator_py.so
[1.430s] -- Up-to-date: /home/adha/belajar/ws1/install/msgs/share/msgs/msg/HardwareCommand.idl
[1.431s] -- Up-to-date: /home/adha/belajar/ws1/install/msgs/share/msgs/msg/HardwareCommand.msg
[1.431s] -- Up-to-date: /home/adha/belajar/ws1/install/msgs/share/ament_index/resource_index/package_run_dependencies/msgs
[1.431s] -- Up-to-date: /home/adha/belajar/ws1/install/msgs/share/ament_index/resource_index/parent_prefix_path/msgs
[1.431s] -- Up-to-date: /home/adha/belajar/ws1/install/msgs/share/msgs/environment/ament_prefix_path.sh
[1.432s] -- Up-to-date: /home/adha/belajar/ws1/install/msgs/share/msgs/environment/ament_prefix_path.dsv
[1.432s] -- Up-to-date: /home/adha/belajar/ws1/install/msgs/share/msgs/environment/path.sh
[1.432s] -- Up-to-date: /home/adha/belajar/ws1/install/msgs/share/msgs/environment/path.dsv
[1.433s] -- Up-to-date: /home/adha/belajar/ws1/install/msgs/share/msgs/local_setup.bash
[1.433s] -- Up-to-date: /home/adha/belajar/ws1/install/msgs/share/msgs/local_setup.sh
[1.433s] -- Up-to-date: /home/adha/belajar/ws1/install/msgs/share/msgs/local_setup.zsh
[1.433s] -- Up-to-date: /home/adha/belajar/ws1/install/msgs/share/msgs/local_setup.dsv
[1.433s] -- Installing: /home/adha/belajar/ws1/install/msgs/share/msgs/package.dsv
[1.433s] -- Up-to-date: /home/adha/belajar/ws1/install/msgs/share/ament_index/resource_index/packages/msgs
[1.435s] -- Up-to-date: /home/adha/belajar/ws1/install/msgs/share/msgs/cmake/export_msgs__rosidl_generator_cExport.cmake
[1.435s] -- Up-to-date: /home/adha/belajar/ws1/install/msgs/share/msgs/cmake/export_msgs__rosidl_generator_cExport-noconfig.cmake
[1.436s] -- Up-to-date: /home/adha/belajar/ws1/install/msgs/share/msgs/cmake/export_msgs__rosidl_typesupport_fastrtps_cExport.cmake
[1.436s] -- Up-to-date: /home/adha/belajar/ws1/install/msgs/share/msgs/cmake/export_msgs__rosidl_typesupport_fastrtps_cExport-noconfig.cmake
[1.436s] -- Up-to-date: /home/adha/belajar/ws1/install/msgs/share/msgs/cmake/export_msgs__rosidl_generator_cppExport.cmake
[1.436s] -- Up-to-date: /home/adha/belajar/ws1/install/msgs/share/msgs/cmake/export_msgs__rosidl_typesupport_fastrtps_cppExport.cmake
[1.436s] -- Up-to-date: /home/adha/belajar/ws1/install/msgs/share/msgs/cmake/export_msgs__rosidl_typesupport_fastrtps_cppExport-noconfig.cmake
[1.436s] -- Up-to-date: /home/adha/belajar/ws1/install/msgs/share/msgs/cmake/msgs__rosidl_typesupport_introspection_cExport.cmake
[1.436s] -- Up-to-date: /home/adha/belajar/ws1/install/msgs/share/msgs/cmake/msgs__rosidl_typesupport_introspection_cExport-noconfig.cmake
[1.436s] -- Up-to-date: /home/adha/belajar/ws1/install/msgs/share/msgs/cmake/msgs__rosidl_typesupport_cExport.cmake
[1.436s] -- Up-to-date: /home/adha/belajar/ws1/install/msgs/share/msgs/cmake/msgs__rosidl_typesupport_cExport-noconfig.cmake
[1.436s] -- Up-to-date: /home/adha/belajar/ws1/install/msgs/share/msgs/cmake/msgs__rosidl_typesupport_introspection_cppExport.cmake
[1.437s] -- Up-to-date: /home/adha/belajar/ws1/install/msgs/share/msgs/cmake/msgs__rosidl_typesupport_introspection_cppExport-noconfig.cmake
[1.437s] -- Up-to-date: /home/adha/belajar/ws1/install/msgs/share/msgs/cmake/msgs__rosidl_typesupport_cppExport.cmake
[1.437s] -- Up-to-date: /home/adha/belajar/ws1/install/msgs/share/msgs/cmake/msgs__rosidl_typesupport_cppExport-noconfig.cmake
[1.437s] -- Up-to-date: /home/adha/belajar/ws1/install/msgs/share/msgs/cmake/export_msgs__rosidl_generator_pyExport.cmake
[1.437s] -- Up-to-date: /home/adha/belajar/ws1/install/msgs/share/msgs/cmake/export_msgs__rosidl_generator_pyExport-noconfig.cmake
[1.437s] -- Up-to-date: /home/adha/belajar/ws1/install/msgs/share/msgs/cmake/rosidl_cmake-extras.cmake
[1.437s] -- Up-to-date: /home/adha/belajar/ws1/install/msgs/share/msgs/cmake/ament_cmake_export_include_directories-extras.cmake
[1.437s] -- Up-to-date: /home/adha/belajar/ws1/install/msgs/share/msgs/cmake/ament_cmake_export_libraries-extras.cmake
[1.437s] -- Up-to-date: /home/adha/belajar/ws1/install/msgs/share/msgs/cmake/ament_cmake_export_targets-extras.cmake
[1.437s] -- Up-to-date: /home/adha/belajar/ws1/install/msgs/share/msgs/cmake/rosidl_cmake_export_typesupport_targets-extras.cmake
[1.437s] -- Up-to-date: /home/adha/belajar/ws1/install/msgs/share/msgs/cmake/ament_cmake_export_dependencies-extras.cmake
[1.437s] -- Up-to-date: /home/adha/belajar/ws1/install/msgs/share/msgs/cmake/rosidl_cmake_export_typesupport_libraries-extras.cmake
[1.438s] -- Up-to-date: /home/adha/belajar/ws1/install/msgs/share/msgs/cmake/msgsConfig.cmake
[1.438s] -- Up-to-date: /home/adha/belajar/ws1/install/msgs/share/msgs/cmake/msgsConfig-version.cmake
[1.438s] -- Up-to-date: /home/adha/belajar/ws1/install/msgs/share/msgs/package.xml
[1.467s] Invoked command in '/home/adha/belajar/ws1/build/msgs' returned '0': CMAKE_PREFIX_PATH=${CMAKE_PREFIX_PATH}:/opt/ros/jazzy DEBUGINFOD_URLS=https://debuginfod.ubuntu.com /usr/bin/cmake --install /home/adha/belajar/ws1/build/msgs
