[0.032s] Invoking command in '/home/alyazahrarr/tubes_dagoz/build/control': CMAKE_PREFIX_PATH=${CMAKE_PREFIX_PATH}:/home/alyazahrarr/ros2_ws/install/launch_testing_examples:/home/alyazahrarr/ros2_ws/install/examples_rclpy_pointcloud_publisher:/home/alyazahrarr/ros2_ws/install/examples_rclpy_minimal_subscriber:/home/alyazahrarr/ros2_ws/install/examples_rclpy_minimal_service:/home/alyazahrarr/ros2_ws/install/examples_rclpy_minimal_publisher:/home/alyazahrarr/ros2_ws/install/examples_rclpy_minimal_client:/home/alyazahrarr/ros2_ws/install/examples_rclpy_minimal_action_server:/home/alyazahrarr/ros2_ws/install/examples_rclpy_minimal_action_client:/home/alyazahrarr/ros2_ws/install/examples_rclpy_guard_conditions:/home/alyazahrarr/ros2_ws/install/examples_rclpy_executors:/opt/ros/jazzy DEBUGINFOD_URLS=https://debuginfod.ubuntu.com /usr/bin/cmake --build /home/alyazahrarr/tubes_dagoz/build/control -- -j8 -l8
[0.089s] -- Found ament_cmake: 2.5.2 (/opt/ros/jazzy/share/ament_cmake/cmake)
[0.705s] -- Found rclcpp: 28.1.3 (/opt/ros/jazzy/share/rclcpp/cmake)
[0.765s] -- Found rosidl_generator_c: 4.6.3 (/opt/ros/jazzy/share/rosidl_generator_c/cmake)
[0.784s] -- Found rosidl_generator_cpp: 4.6.3 (/opt/ros/jazzy/share/rosidl_generator_cpp/cmake)
[0.813s] -- Using all available rosidl_typesupport_c: rosidl_typesupport_fastrtps_c;rosidl_typesupport_introspection_c
[0.844s] -- Using all available rosidl_typesupport_cpp: rosidl_typesupport_fastrtps_cpp;rosidl_typesupport_introspection_cpp
[0.979s] -- Found rmw_implementation_cmake: 7.3.1 (/opt/ros/jazzy/share/rmw_implementation_cmake/cmake)
[0.984s] -- Found rmw_fastrtps_cpp: 8.4.1 (/opt/ros/jazzy/share/rmw_fastrtps_cpp/cmake)
[1.117s] -- Using RMW implementation 'rmw_fastrtps_cpp' as default
[1.257s] -- Found std_msgs: 5.3.5 (/opt/ros/jazzy/share/std_msgs/cmake)
[1.286s] -- Found rosidl_default_generators: 1.6.0 (/opt/ros/jazzy/share/rosidl_default_generators/cmake)
[1.308s] -- Found rosidl_adapter: 4.6.3 (/opt/ros/jazzy/share/rosidl_adapter/cmake)
[1.311s] -- Found geometry_msgs: 5.3.5 (/opt/ros/jazzy/share/geometry_msgs/cmake)
[2.690s] -- Found ament_cmake_ros: 0.12.0 (/opt/ros/jazzy/share/ament_cmake_ros/cmake)
[4.426s] -- Using all available rosidl_typesupport_c: rosidl_typesupport_fastrtps_c;rosidl_typesupport_introspection_c
[5.075s] -- Using all available rosidl_typesupport_cpp: rosidl_typesupport_fastrtps_cpp;rosidl_typesupport_introspection_cpp
[5.085s] -- Found python_cmake_module: 0.11.1 (/opt/ros/jazzy/share/python_cmake_module/cmake)
[5.476s] -- Found PythonExtra: /usr/bin/python3  
[6.513s] -- Found Python3: /usr/bin/python3 (found version "3.12.3") found components: Interpreter Development NumPy Development.Module Development.Embed 
[6.592s] -- Found ament_lint_auto: 0.17.1 (/opt/ros/jazzy/share/ament_lint_auto/cmake)
[6.628s] -- Added test 'cppcheck' to perform static code analysis on C / C++ code
[6.632s] -- Configured cppcheck include dirs: /home/alyazahrarr/tubes_dagoz/src/control/include
[6.632s] -- Configured cppcheck exclude dirs and/or files: 
[6.634s] -- Added test 'lint_cmake' to check CMake code style
[6.637s] -- Added test 'uncrustify' to check C / C++ code style
[6.638s] -- Configured uncrustify additional arguments: 
[6.639s] -- Added test 'xmllint' to check XML markup files
[6.646s] -- Configuring done (6.6s)
[6.766s] -- Generating done (0.1s)
[6.773s] -- Build files have been written to: /home/alyazahrarr/tubes_dagoz/build/control
[6.856s] [  2%] [34m[1mGenerating type hashes for ROS interfaces[0m
[6.857s] [  5%] [32mBuilding CXX object CMakeFiles/translate.dir/src/translate.cpp.o[0m
[6.876s] [  7%] [32mBuilding CXX object CMakeFiles/translator_node.dir/src/translator_node.cpp.o[0m
[6.889s] [  7%] Built target ament_cmake_python_copy_control
[6.894s] [ 10%] [32mBuilding CXX object CMakeFiles/keyboard_input.dir/src/keyboard_input.cpp.o[0m
[7.409s] running egg_info
[7.411s] creating control.egg-info
[7.426s] [01m[K/home/alyazahrarr/tubes_dagoz/src/control/src/translate.cpp:3:10:[m[K [01;31m[Kfatal error: [m[Kcontrol/msg/hardware_command.hpp: No such file or directory
[7.427s]     3 | #include [01;31m[K"control/msg/hardware_command.hpp"[m[K  // Include the custom message
[7.427s]       |          [01;31m[K^~~~~~~~~~~~~~~~~~~~~~~~~~~~~~~~~~[m[K
[7.427s] compilation terminated.
[7.443s] gmake[2]: *** [CMakeFiles/translate.dir/build.make:76: CMakeFiles/translate.dir/src/translate.cpp.o] Error 1
[7.443s] gmake[1]: *** [CMakeFiles/Makefile2:679: CMakeFiles/translate.dir/all] Error 2
[7.443s] gmake[1]: *** Waiting for unfinished jobs....
[7.462s] writing control.egg-info/PKG-INFO
[7.462s] writing dependency_links to control.egg-info/dependency_links.txt
[7.463s] writing top-level names to control.egg-info/top_level.txt
[7.463s] writing manifest file 'control.egg-info/SOURCES.txt'
[7.652s] reading manifest file 'control.egg-info/SOURCES.txt'
[7.653s] writing manifest file 'control.egg-info/SOURCES.txt'
[7.718s] [ 10%] Built target ament_cmake_python_build_control_egg
[11.154s] Traceback (most recent call last):
[11.154s]   File "/opt/ros/jazzy/lib/rosidl_generator_type_description/rosidl_generator_type_description", line 50, in <module>
[11.155s]     sys.exit(main())
[11.155s]              ^^^^^^
[11.155s]   File "/opt/ros/jazzy/lib/rosidl_generator_type_description/rosidl_generator_type_description", line 46, in main
[11.155s]     generate_type_hash(args.generator_arguments_file)
[11.156s]   File "/opt/ros/jazzy/lib/python3.12/site-packages/rosidl_generator_type_description/__init__.py", line 162, in generate_type_hash
[11.156s]     with include_path.open('r') as include_file:
[11.156s]          ^^^^^^^^^^^^^^^^^^^^^^
[11.156s]   File "/usr/lib/python3.12/pathlib.py", line 1015, in open
[11.156s]     return io.open(self, mode, buffering, encoding, errors, newline)
[11.156s]            ^^^^^^^^^^^^^^^^^^^^^^^^^^^^^^^^^^^^^^^^^^^^^^^^^^^^^^^^^
[11.157s] FileNotFoundError: [Errno 2] No such file or directory: '/home/alyazahrarr/tubes_dagoz/build/control/rosidl_generator_type_description/control/msg/Float32.json'
[11.230s] gmake[2]: *** [CMakeFiles/control__rosidl_generator_type_description.dir/build.make:75: rosidl_generator_type_description/control/msg/HardwareCommand.json] Error 1
[11.231s] gmake[1]: *** [CMakeFiles/Makefile2:273: CMakeFiles/control__rosidl_generator_type_description.dir/all] Error 2
[17.987s] [ 12%] [32m[1mLinking CXX executable keyboard_input[0m
[18.381s] [ 12%] Built target keyboard_input
[25.078s] [ 15%] [32m[1mLinking CXX executable translator_node[0m
[25.623s] [ 15%] Built target translator_node
[25.626s] gmake: *** [Makefile:146: all] Error 2
[25.630s] Invoked command in '/home/alyazahrarr/tubes_dagoz/build/control' returned '2': CMAKE_PREFIX_PATH=${CMAKE_PREFIX_PATH}:/home/alyazahrarr/ros2_ws/install/launch_testing_examples:/home/alyazahrarr/ros2_ws/install/examples_rclpy_pointcloud_publisher:/home/alyazahrarr/ros2_ws/install/examples_rclpy_minimal_subscriber:/home/alyazahrarr/ros2_ws/install/examples_rclpy_minimal_service:/home/alyazahrarr/ros2_ws/install/examples_rclpy_minimal_publisher:/home/alyazahrarr/ros2_ws/install/examples_rclpy_minimal_client:/home/alyazahrarr/ros2_ws/install/examples_rclpy_minimal_action_server:/home/alyazahrarr/ros2_ws/install/examples_rclpy_minimal_action_client:/home/alyazahrarr/ros2_ws/install/examples_rclpy_guard_conditions:/home/alyazahrarr/ros2_ws/install/examples_rclpy_executors:/opt/ros/jazzy DEBUGINFOD_URLS=https://debuginfod.ubuntu.com /usr/bin/cmake --build /home/alyazahrarr/tubes_dagoz/build/control -- -j8 -l8
