[0.134s] DEBUG:colcon:Command line arguments: ['/usr/bin/colcon', 'build']
[0.134s] DEBUG:colcon:Parsed command line arguments: Namespace(log_base=None, log_level=None, verb_name='build', build_base='build', install_base='install', merge_install=False, symlink_install=False, test_result_base=None, continue_on_error=False, executor='parallel', parallel_workers=8, event_handlers=None, ignore_user_meta=False, metas=['./colcon.meta'], base_paths=['.'], packages_ignore=None, packages_ignore_regex=None, paths=None, packages_up_to=None, packages_up_to_regex=None, packages_above=None, packages_above_and_dependencies=None, packages_above_depth=None, packages_select_by_dep=None, packages_skip_by_dep=None, packages_skip_up_to=None, packages_select_build_failed=False, packages_skip_build_finished=False, packages_select_test_failures=False, packages_skip_test_passed=False, packages_select=None, packages_skip=None, packages_select_regex=None, packages_skip_regex=None, packages_start=None, packages_end=None, allow_overriding=[], cmake_args=None, cmake_target=None, cmake_target_skip_unavailable=False, cmake_clean_cache=False, cmake_clean_first=False, cmake_force_configure=False, ament_cmake_args=None, catkin_cmake_args=None, catkin_skip_building_tests=False, mixin_files=None, mixin=None, verb_parser=<colcon_mixin.mixin.mixin_argument.MixinArgumentDecorator object at 0x70a4cd383f50>, verb_extension=<colcon_core.verb.build.BuildVerb object at 0x70a4cd383bf0>, main=<bound method BuildVerb.main of <colcon_core.verb.build.BuildVerb object at 0x70a4cd383bf0>>, mixin_verb=('build',))
[0.179s] Level 1:colcon.colcon_core.package_discovery:discover_packages(colcon_meta) check parameters
[0.179s] Level 1:colcon.colcon_core.package_discovery:discover_packages(recursive) check parameters
[0.179s] Level 1:colcon.colcon_core.package_discovery:discover_packages(ignore) check parameters
[0.179s] Level 1:colcon.colcon_core.package_discovery:discover_packages(path) check parameters
[0.180s] Level 1:colcon.colcon_core.package_discovery:discover_packages(colcon_meta) discover
[0.180s] Level 1:colcon.colcon_core.package_discovery:discover_packages(recursive) discover
[0.180s] INFO:colcon.colcon_core.package_discovery:Crawling recursively for packages in '/home/alyazahrarr/tubesss/tubes_dagoz'
[0.180s] Level 1:colcon.colcon_core.package_identification:_identify(.) by extensions ['ignore', 'ignore_ament_install']
[0.180s] Level 1:colcon.colcon_core.package_identification:_identify(.) by extension 'ignore'
[0.180s] Level 1:colcon.colcon_core.package_identification:_identify(.) by extension 'ignore_ament_install'
[0.180s] Level 1:colcon.colcon_core.package_identification:_identify(.) by extensions ['colcon_pkg']
[0.180s] Level 1:colcon.colcon_core.package_identification:_identify(.) by extension 'colcon_pkg'
[0.180s] Level 1:colcon.colcon_core.package_identification:_identify(.) by extensions ['colcon_meta']
[0.180s] Level 1:colcon.colcon_core.package_identification:_identify(.) by extension 'colcon_meta'
[0.181s] Level 1:colcon.colcon_core.package_identification:_identify(.) by extensions ['ros']
[0.181s] Level 1:colcon.colcon_core.package_identification:_identify(.) by extension 'ros'
[0.212s] Level 1:colcon.colcon_core.package_identification:_identify(.) by extensions ['cmake', 'python']
[0.212s] Level 1:colcon.colcon_core.package_identification:_identify(.) by extension 'cmake'
[0.213s] Level 1:colcon.colcon_core.package_identification:_identify(.) by extension 'python'
[0.213s] Level 1:colcon.colcon_core.package_identification:_identify(.) by extensions ['python_setup_py']
[0.213s] Level 1:colcon.colcon_core.package_identification:_identify(.) by extension 'python_setup_py'
[0.213s] Level 1:colcon.colcon_core.package_identification:_identify(build) by extensions ['ignore', 'ignore_ament_install']
[0.213s] Level 1:colcon.colcon_core.package_identification:_identify(build) by extension 'ignore'
[0.213s] Level 1:colcon.colcon_core.package_identification:_identify(build) ignored
[0.213s] Level 1:colcon.colcon_core.package_identification:_identify(install) by extensions ['ignore', 'ignore_ament_install']
[0.214s] Level 1:colcon.colcon_core.package_identification:_identify(install) by extension 'ignore'
[0.214s] Level 1:colcon.colcon_core.package_identification:_identify(install) ignored
[0.214s] Level 1:colcon.colcon_core.package_identification:_identify(log) by extensions ['ignore', 'ignore_ament_install']
[0.214s] Level 1:colcon.colcon_core.package_identification:_identify(log) by extension 'ignore'
[0.214s] Level 1:colcon.colcon_core.package_identification:_identify(log) ignored
[0.214s] Level 1:colcon.colcon_core.package_identification:_identify(src) by extensions ['ignore', 'ignore_ament_install']
[0.214s] Level 1:colcon.colcon_core.package_identification:_identify(src) by extension 'ignore'
[0.214s] Level 1:colcon.colcon_core.package_identification:_identify(src) by extension 'ignore_ament_install'
[0.214s] Level 1:colcon.colcon_core.package_identification:_identify(src) by extensions ['colcon_pkg']
[0.214s] Level 1:colcon.colcon_core.package_identification:_identify(src) by extension 'colcon_pkg'
[0.214s] Level 1:colcon.colcon_core.package_identification:_identify(src) by extensions ['colcon_meta']
[0.214s] Level 1:colcon.colcon_core.package_identification:_identify(src) by extension 'colcon_meta'
[0.215s] Level 1:colcon.colcon_core.package_identification:_identify(src) by extensions ['ros']
[0.215s] Level 1:colcon.colcon_core.package_identification:_identify(src) by extension 'ros'
[0.215s] Level 1:colcon.colcon_core.package_identification:_identify(src) by extensions ['cmake', 'python']
[0.215s] Level 1:colcon.colcon_core.package_identification:_identify(src) by extension 'cmake'
[0.215s] Level 1:colcon.colcon_core.package_identification:_identify(src) by extension 'python'
[0.215s] Level 1:colcon.colcon_core.package_identification:_identify(src) by extensions ['python_setup_py']
[0.215s] Level 1:colcon.colcon_core.package_identification:_identify(src) by extension 'python_setup_py'
[0.215s] Level 1:colcon.colcon_core.package_identification:_identify(src/control) by extensions ['ignore', 'ignore_ament_install']
[0.215s] Level 1:colcon.colcon_core.package_identification:_identify(src/control) by extension 'ignore'
[0.215s] Level 1:colcon.colcon_core.package_identification:_identify(src/control) by extension 'ignore_ament_install'
[0.215s] Level 1:colcon.colcon_core.package_identification:_identify(src/control) by extensions ['colcon_pkg']
[0.215s] Level 1:colcon.colcon_core.package_identification:_identify(src/control) by extension 'colcon_pkg'
[0.215s] Level 1:colcon.colcon_core.package_identification:_identify(src/control) by extensions ['colcon_meta']
[0.216s] Level 1:colcon.colcon_core.package_identification:_identify(src/control) by extension 'colcon_meta'
[0.216s] Level 1:colcon.colcon_core.package_identification:_identify(src/control) by extensions ['ros']
[0.216s] Level 1:colcon.colcon_core.package_identification:_identify(src/control) by extension 'ros'
[0.219s] DEBUG:colcon.colcon_core.package_identification:Package 'src/control' with type 'ros.ament_cmake' and name 'control'
[0.219s] Level 1:colcon.colcon_core.package_identification:_identify(src/msgs) by extensions ['ignore', 'ignore_ament_install']
[0.219s] Level 1:colcon.colcon_core.package_identification:_identify(src/msgs) by extension 'ignore'
[0.219s] Level 1:colcon.colcon_core.package_identification:_identify(src/msgs) by extension 'ignore_ament_install'
[0.219s] Level 1:colcon.colcon_core.package_identification:_identify(src/msgs) by extensions ['colcon_pkg']
[0.219s] Level 1:colcon.colcon_core.package_identification:_identify(src/msgs) by extension 'colcon_pkg'
[0.220s] Level 1:colcon.colcon_core.package_identification:_identify(src/msgs) by extensions ['colcon_meta']
[0.220s] Level 1:colcon.colcon_core.package_identification:_identify(src/msgs) by extension 'colcon_meta'
[0.220s] Level 1:colcon.colcon_core.package_identification:_identify(src/msgs) by extensions ['ros']
[0.220s] Level 1:colcon.colcon_core.package_identification:_identify(src/msgs) by extension 'ros'
[0.220s] DEBUG:colcon.colcon_core.package_identification:Package 'src/msgs' with type 'ros.ament_cmake' and name 'msgs'
[0.220s] Level 1:colcon.colcon_core.package_identification:_identify(src/ros2_socketcan) by extensions ['ignore', 'ignore_ament_install']
[0.221s] Level 1:colcon.colcon_core.package_identification:_identify(src/ros2_socketcan) by extension 'ignore'
[0.221s] Level 1:colcon.colcon_core.package_identification:_identify(src/ros2_socketcan) by extension 'ignore_ament_install'
[0.221s] Level 1:colcon.colcon_core.package_identification:_identify(src/ros2_socketcan) by extensions ['colcon_pkg']
[0.221s] Level 1:colcon.colcon_core.package_identification:_identify(src/ros2_socketcan) by extension 'colcon_pkg'
[0.221s] Level 1:colcon.colcon_core.package_identification:_identify(src/ros2_socketcan) by extensions ['colcon_meta']
[0.221s] Level 1:colcon.colcon_core.package_identification:_identify(src/ros2_socketcan) by extension 'colcon_meta'
[0.221s] Level 1:colcon.colcon_core.package_identification:_identify(src/ros2_socketcan) by extensions ['ros']
[0.221s] Level 1:colcon.colcon_core.package_identification:_identify(src/ros2_socketcan) by extension 'ros'
[0.221s] Level 1:colcon.colcon_core.package_identification:_identify(src/ros2_socketcan) by extensions ['cmake', 'python']
[0.221s] Level 1:colcon.colcon_core.package_identification:_identify(src/ros2_socketcan) by extension 'cmake'
[0.221s] Level 1:colcon.colcon_core.package_identification:_identify(src/ros2_socketcan) by extension 'python'
[0.221s] Level 1:colcon.colcon_core.package_identification:_identify(src/ros2_socketcan) by extensions ['python_setup_py']
[0.221s] Level 1:colcon.colcon_core.package_identification:_identify(src/ros2_socketcan) by extension 'python_setup_py'
[0.222s] Level 1:colcon.colcon_core.package_identification:_identify(src/ros2_socketcan/can_msgs) by extensions ['ignore', 'ignore_ament_install']
[0.222s] Level 1:colcon.colcon_core.package_identification:_identify(src/ros2_socketcan/can_msgs) by extension 'ignore'
[0.222s] Level 1:colcon.colcon_core.package_identification:_identify(src/ros2_socketcan/can_msgs) by extension 'ignore_ament_install'
[0.222s] Level 1:colcon.colcon_core.package_identification:_identify(src/ros2_socketcan/can_msgs) by extensions ['colcon_pkg']
[0.222s] Level 1:colcon.colcon_core.package_identification:_identify(src/ros2_socketcan/can_msgs) by extension 'colcon_pkg'
[0.222s] Level 1:colcon.colcon_core.package_identification:_identify(src/ros2_socketcan/can_msgs) by extensions ['colcon_meta']
[0.222s] Level 1:colcon.colcon_core.package_identification:_identify(src/ros2_socketcan/can_msgs) by extension 'colcon_meta'
[0.222s] Level 1:colcon.colcon_core.package_identification:_identify(src/ros2_socketcan/can_msgs) by extensions ['ros']
[0.222s] Level 1:colcon.colcon_core.package_identification:_identify(src/ros2_socketcan/can_msgs) by extension 'ros'
[0.223s] DEBUG:colcon.colcon_core.package_identification:Package 'src/ros2_socketcan/can_msgs' with type 'ros.ament_cmake' and name 'can_msgs'
[0.223s] Level 1:colcon.colcon_core.package_identification:_identify(src/ros2_socketcan/ros2_socketcan) by extensions ['ignore', 'ignore_ament_install']
[0.223s] Level 1:colcon.colcon_core.package_identification:_identify(src/ros2_socketcan/ros2_socketcan) by extension 'ignore'
[0.223s] Level 1:colcon.colcon_core.package_identification:_identify(src/ros2_socketcan/ros2_socketcan) by extension 'ignore_ament_install'
[0.223s] Level 1:colcon.colcon_core.package_identification:_identify(src/ros2_socketcan/ros2_socketcan) by extensions ['colcon_pkg']
[0.224s] Level 1:colcon.colcon_core.package_identification:_identify(src/ros2_socketcan/ros2_socketcan) by extension 'colcon_pkg'
[0.224s] Level 1:colcon.colcon_core.package_identification:_identify(src/ros2_socketcan/ros2_socketcan) by extensions ['colcon_meta']
[0.224s] Level 1:colcon.colcon_core.package_identification:_identify(src/ros2_socketcan/ros2_socketcan) by extension 'colcon_meta'
[0.224s] Level 1:colcon.colcon_core.package_identification:_identify(src/ros2_socketcan/ros2_socketcan) by extensions ['ros']
[0.224s] Level 1:colcon.colcon_core.package_identification:_identify(src/ros2_socketcan/ros2_socketcan) by extension 'ros'
[0.225s] DEBUG:colcon.colcon_core.package_identification:Package 'src/ros2_socketcan/ros2_socketcan' with type 'ros.ament_cmake' and name 'ros2_socketcan'
[0.225s] Level 1:colcon.colcon_core.package_identification:_identify(src/ros2_socketcan/ros2_socketcan_msgs) by extensions ['ignore', 'ignore_ament_install']
[0.225s] Level 1:colcon.colcon_core.package_identification:_identify(src/ros2_socketcan/ros2_socketcan_msgs) by extension 'ignore'
[0.225s] Level 1:colcon.colcon_core.package_identification:_identify(src/ros2_socketcan/ros2_socketcan_msgs) by extension 'ignore_ament_install'
[0.225s] Level 1:colcon.colcon_core.package_identification:_identify(src/ros2_socketcan/ros2_socketcan_msgs) by extensions ['colcon_pkg']
[0.225s] Level 1:colcon.colcon_core.package_identification:_identify(src/ros2_socketcan/ros2_socketcan_msgs) by extension 'colcon_pkg'
[0.225s] Level 1:colcon.colcon_core.package_identification:_identify(src/ros2_socketcan/ros2_socketcan_msgs) by extensions ['colcon_meta']
[0.225s] Level 1:colcon.colcon_core.package_identification:_identify(src/ros2_socketcan/ros2_socketcan_msgs) by extension 'colcon_meta'
[0.225s] Level 1:colcon.colcon_core.package_identification:_identify(src/ros2_socketcan/ros2_socketcan_msgs) by extensions ['ros']
[0.225s] Level 1:colcon.colcon_core.package_identification:_identify(src/ros2_socketcan/ros2_socketcan_msgs) by extension 'ros'
[0.226s] DEBUG:colcon.colcon_core.package_identification:Package 'src/ros2_socketcan/ros2_socketcan_msgs' with type 'ros.ament_cmake' and name 'ros2_socketcan_msgs'
[0.226s] Level 1:colcon.colcon_core.package_discovery:discover_packages(recursive) using defaults
[0.226s] Level 1:colcon.colcon_core.package_discovery:discover_packages(ignore) discover
[0.226s] Level 1:colcon.colcon_core.package_discovery:discover_packages(ignore) using defaults
[0.226s] Level 1:colcon.colcon_core.package_discovery:discover_packages(path) discover
[0.226s] Level 1:colcon.colcon_core.package_discovery:discover_packages(path) using defaults
[0.247s] Level 1:colcon.colcon_core.package_discovery:discover_packages(prefix_path) check parameters
[0.247s] Level 1:colcon.colcon_core.package_discovery:discover_packages(prefix_path) discover
[0.250s] DEBUG:colcon.colcon_installed_package_information.package_discovery:Found 23 installed packages in /home/alyazahrarr/ros2_ws/install
[0.252s] DEBUG:colcon.colcon_installed_package_information.package_discovery:Found 307 installed packages in /opt/ros/jazzy
[0.254s] Level 1:colcon.colcon_core.package_discovery:discover_packages(prefix_path) using defaults
[0.317s] Level 5:colcon.colcon_core.verb:set package 'can_msgs' build argument 'cmake_args' from command line to 'None'
[0.317s] Level 5:colcon.colcon_core.verb:set package 'can_msgs' build argument 'cmake_target' from command line to 'None'
[0.317s] Level 5:colcon.colcon_core.verb:set package 'can_msgs' build argument 'cmake_target_skip_unavailable' from command line to 'False'
[0.317s] Level 5:colcon.colcon_core.verb:set package 'can_msgs' build argument 'cmake_clean_cache' from command line to 'False'
[0.317s] Level 5:colcon.colcon_core.verb:set package 'can_msgs' build argument 'cmake_clean_first' from command line to 'False'
[0.317s] Level 5:colcon.colcon_core.verb:set package 'can_msgs' build argument 'cmake_force_configure' from command line to 'False'
[0.317s] Level 5:colcon.colcon_core.verb:set package 'can_msgs' build argument 'ament_cmake_args' from command line to 'None'
[0.317s] Level 5:colcon.colcon_core.verb:set package 'can_msgs' build argument 'catkin_cmake_args' from command line to 'None'
[0.317s] Level 5:colcon.colcon_core.verb:set package 'can_msgs' build argument 'catkin_skip_building_tests' from command line to 'False'
[0.317s] DEBUG:colcon.colcon_core.verb:Building package 'can_msgs' with the following arguments: {'ament_cmake_args': None, 'build_base': '/home/alyazahrarr/tubesss/tubes_dagoz/build/can_msgs', 'catkin_cmake_args': None, 'catkin_skip_building_tests': False, 'cmake_args': None, 'cmake_clean_cache': False, 'cmake_clean_first': False, 'cmake_force_configure': False, 'cmake_target': None, 'cmake_target_skip_unavailable': False, 'install_base': '/home/alyazahrarr/tubesss/tubes_dagoz/install/can_msgs', 'merge_install': False, 'path': '/home/alyazahrarr/tubesss/tubes_dagoz/src/ros2_socketcan/can_msgs', 'symlink_install': False, 'test_result_base': None}
[0.317s] Level 5:colcon.colcon_core.verb:set package 'msgs' build argument 'cmake_args' from command line to 'None'
[0.317s] Level 5:colcon.colcon_core.verb:set package 'msgs' build argument 'cmake_target' from command line to 'None'
[0.318s] Level 5:colcon.colcon_core.verb:set package 'msgs' build argument 'cmake_target_skip_unavailable' from command line to 'False'
[0.318s] Level 5:colcon.colcon_core.verb:set package 'msgs' build argument 'cmake_clean_cache' from command line to 'False'
[0.318s] Level 5:colcon.colcon_core.verb:set package 'msgs' build argument 'cmake_clean_first' from command line to 'False'
[0.318s] Level 5:colcon.colcon_core.verb:set package 'msgs' build argument 'cmake_force_configure' from command line to 'False'
[0.318s] Level 5:colcon.colcon_core.verb:set package 'msgs' build argument 'ament_cmake_args' from command line to 'None'
[0.318s] Level 5:colcon.colcon_core.verb:set package 'msgs' build argument 'catkin_cmake_args' from command line to 'None'
[0.318s] Level 5:colcon.colcon_core.verb:set package 'msgs' build argument 'catkin_skip_building_tests' from command line to 'False'
[0.318s] DEBUG:colcon.colcon_core.verb:Building package 'msgs' with the following arguments: {'ament_cmake_args': None, 'build_base': '/home/alyazahrarr/tubesss/tubes_dagoz/build/msgs', 'catkin_cmake_args': None, 'catkin_skip_building_tests': False, 'cmake_args': None, 'cmake_clean_cache': False, 'cmake_clean_first': False, 'cmake_force_configure': False, 'cmake_target': None, 'cmake_target_skip_unavailable': False, 'install_base': '/home/alyazahrarr/tubesss/tubes_dagoz/install/msgs', 'merge_install': False, 'path': '/home/alyazahrarr/tubesss/tubes_dagoz/src/msgs', 'symlink_install': False, 'test_result_base': None}
[0.318s] Level 5:colcon.colcon_core.verb:set package 'ros2_socketcan_msgs' build argument 'cmake_args' from command line to 'None'
[0.318s] Level 5:colcon.colcon_core.verb:set package 'ros2_socketcan_msgs' build argument 'cmake_target' from command line to 'None'
[0.318s] Level 5:colcon.colcon_core.verb:set package 'ros2_socketcan_msgs' build argument 'cmake_target_skip_unavailable' from command line to 'False'
[0.318s] Level 5:colcon.colcon_core.verb:set package 'ros2_socketcan_msgs' build argument 'cmake_clean_cache' from command line to 'False'
[0.318s] Level 5:colcon.colcon_core.verb:set package 'ros2_socketcan_msgs' build argument 'cmake_clean_first' from command line to 'False'
[0.318s] Level 5:colcon.colcon_core.verb:set package 'ros2_socketcan_msgs' build argument 'cmake_force_configure' from command line to 'False'
[0.318s] Level 5:colcon.colcon_core.verb:set package 'ros2_socketcan_msgs' build argument 'ament_cmake_args' from command line to 'None'
[0.318s] Level 5:colcon.colcon_core.verb:set package 'ros2_socketcan_msgs' build argument 'catkin_cmake_args' from command line to 'None'
[0.318s] Level 5:colcon.colcon_core.verb:set package 'ros2_socketcan_msgs' build argument 'catkin_skip_building_tests' from command line to 'False'
[0.318s] DEBUG:colcon.colcon_core.verb:Building package 'ros2_socketcan_msgs' with the following arguments: {'ament_cmake_args': None, 'build_base': '/home/alyazahrarr/tubesss/tubes_dagoz/build/ros2_socketcan_msgs', 'catkin_cmake_args': None, 'catkin_skip_building_tests': False, 'cmake_args': None, 'cmake_clean_cache': False, 'cmake_clean_first': False, 'cmake_force_configure': False, 'cmake_target': None, 'cmake_target_skip_unavailable': False, 'install_base': '/home/alyazahrarr/tubesss/tubes_dagoz/install/ros2_socketcan_msgs', 'merge_install': False, 'path': '/home/alyazahrarr/tubesss/tubes_dagoz/src/ros2_socketcan/ros2_socketcan_msgs', 'symlink_install': False, 'test_result_base': None}
[0.319s] Level 5:colcon.colcon_core.verb:set package 'ros2_socketcan' build argument 'cmake_args' from command line to 'None'
[0.319s] Level 5:colcon.colcon_core.verb:set package 'ros2_socketcan' build argument 'cmake_target' from command line to 'None'
[0.319s] Level 5:colcon.colcon_core.verb:set package 'ros2_socketcan' build argument 'cmake_target_skip_unavailable' from command line to 'False'
[0.319s] Level 5:colcon.colcon_core.verb:set package 'ros2_socketcan' build argument 'cmake_clean_cache' from command line to 'False'
[0.319s] Level 5:colcon.colcon_core.verb:set package 'ros2_socketcan' build argument 'cmake_clean_first' from command line to 'False'
[0.319s] Level 5:colcon.colcon_core.verb:set package 'ros2_socketcan' build argument 'cmake_force_configure' from command line to 'False'
[0.319s] Level 5:colcon.colcon_core.verb:set package 'ros2_socketcan' build argument 'ament_cmake_args' from command line to 'None'
[0.319s] Level 5:colcon.colcon_core.verb:set package 'ros2_socketcan' build argument 'catkin_cmake_args' from command line to 'None'
[0.319s] Level 5:colcon.colcon_core.verb:set package 'ros2_socketcan' build argument 'catkin_skip_building_tests' from command line to 'False'
[0.319s] DEBUG:colcon.colcon_core.verb:Building package 'ros2_socketcan' with the following arguments: {'ament_cmake_args': None, 'build_base': '/home/alyazahrarr/tubesss/tubes_dagoz/build/ros2_socketcan', 'catkin_cmake_args': None, 'catkin_skip_building_tests': False, 'cmake_args': None, 'cmake_clean_cache': False, 'cmake_clean_first': False, 'cmake_force_configure': False, 'cmake_target': None, 'cmake_target_skip_unavailable': False, 'install_base': '/home/alyazahrarr/tubesss/tubes_dagoz/install/ros2_socketcan', 'merge_install': False, 'path': '/home/alyazahrarr/tubesss/tubes_dagoz/src/ros2_socketcan/ros2_socketcan', 'symlink_install': False, 'test_result_base': None}
[0.319s] Level 5:colcon.colcon_core.verb:set package 'control' build argument 'cmake_args' from command line to 'None'
[0.320s] Level 5:colcon.colcon_core.verb:set package 'control' build argument 'cmake_target' from command line to 'None'
[0.320s] Level 5:colcon.colcon_core.verb:set package 'control' build argument 'cmake_target_skip_unavailable' from command line to 'False'
[0.320s] Level 5:colcon.colcon_core.verb:set package 'control' build argument 'cmake_clean_cache' from command line to 'False'
[0.320s] Level 5:colcon.colcon_core.verb:set package 'control' build argument 'cmake_clean_first' from command line to 'False'
[0.320s] Level 5:colcon.colcon_core.verb:set package 'control' build argument 'cmake_force_configure' from command line to 'False'
[0.320s] Level 5:colcon.colcon_core.verb:set package 'control' build argument 'ament_cmake_args' from command line to 'None'
[0.320s] Level 5:colcon.colcon_core.verb:set package 'control' build argument 'catkin_cmake_args' from command line to 'None'
[0.320s] Level 5:colcon.colcon_core.verb:set package 'control' build argument 'catkin_skip_building_tests' from command line to 'False'
[0.320s] DEBUG:colcon.colcon_core.verb:Building package 'control' with the following arguments: {'ament_cmake_args': None, 'build_base': '/home/alyazahrarr/tubesss/tubes_dagoz/build/control', 'catkin_cmake_args': None, 'catkin_skip_building_tests': False, 'cmake_args': None, 'cmake_clean_cache': False, 'cmake_clean_first': False, 'cmake_force_configure': False, 'cmake_target': None, 'cmake_target_skip_unavailable': False, 'install_base': '/home/alyazahrarr/tubesss/tubes_dagoz/install/control', 'merge_install': False, 'path': '/home/alyazahrarr/tubesss/tubes_dagoz/src/control', 'symlink_install': False, 'test_result_base': None}
[0.320s] INFO:colcon.colcon_core.executor:Executing jobs using 'parallel' executor
[0.322s] DEBUG:colcon.colcon_parallel_executor.executor.parallel:run_until_complete
[0.322s] INFO:colcon.colcon_ros.task.ament_cmake.build:Building ROS package in '/home/alyazahrarr/tubesss/tubes_dagoz/src/ros2_socketcan/can_msgs' with build type 'ament_cmake'
[0.323s] INFO:colcon.colcon_cmake.task.cmake.build:Building CMake package in '/home/alyazahrarr/tubesss/tubes_dagoz/src/ros2_socketcan/can_msgs'
[0.330s] INFO:colcon.colcon_core.plugin_system:Skipping extension 'colcon_core.shell.bat': Not used on non-Windows systems
[0.331s] INFO:colcon.colcon_core.shell:Skip shell extension 'powershell' for command environment: Not usable outside of PowerShell
[0.331s] DEBUG:colcon.colcon_core.shell:Skip shell extension 'dsv' for command environment
[0.339s] INFO:colcon.colcon_ros.task.ament_cmake.build:Building ROS package in '/home/alyazahrarr/tubesss/tubes_dagoz/src/ros2_socketcan/ros2_socketcan_msgs' with build type 'ament_cmake'
[0.339s] INFO:colcon.colcon_cmake.task.cmake.build:Building CMake package in '/home/alyazahrarr/tubesss/tubes_dagoz/src/ros2_socketcan/ros2_socketcan_msgs'
[0.339s] INFO:colcon.colcon_core.shell:Skip shell extension 'powershell' for command environment: Not usable outside of PowerShell
[0.339s] DEBUG:colcon.colcon_core.shell:Skip shell extension 'dsv' for command environment
[0.347s] INFO:colcon.colcon_ros.task.ament_cmake.build:Building ROS package in '/home/alyazahrarr/tubesss/tubes_dagoz/src/msgs' with build type 'ament_cmake'
[0.348s] INFO:colcon.colcon_cmake.task.cmake.build:Building CMake package in '/home/alyazahrarr/tubesss/tubes_dagoz/src/msgs'
[0.348s] INFO:colcon.colcon_core.shell:Skip shell extension 'powershell' for command environment: Not usable outside of PowerShell
[0.348s] DEBUG:colcon.colcon_core.shell:Skip shell extension 'dsv' for command environment
[0.364s] DEBUG:colcon.colcon_core.event_handler.log_command:Invoking command in '/home/alyazahrarr/tubesss/tubes_dagoz/build/can_msgs': CMAKE_PREFIX_PATH=${CMAKE_PREFIX_PATH}:/home/alyazahrarr/ros2_ws/install/launch_testing_examples:/home/alyazahrarr/ros2_ws/install/examples_rclpy_pointcloud_publisher:/home/alyazahrarr/ros2_ws/install/examples_rclpy_minimal_subscriber:/home/alyazahrarr/ros2_ws/install/examples_rclpy_minimal_service:/home/alyazahrarr/ros2_ws/install/examples_rclpy_minimal_publisher:/home/alyazahrarr/ros2_ws/install/examples_rclpy_minimal_client:/home/alyazahrarr/ros2_ws/install/examples_rclpy_minimal_action_server:/home/alyazahrarr/ros2_ws/install/examples_rclpy_minimal_action_client:/home/alyazahrarr/ros2_ws/install/examples_rclpy_guard_conditions:/home/alyazahrarr/ros2_ws/install/examples_rclpy_executors:/opt/ros/jazzy DEBUGINFOD_URLS=https://debuginfod.ubuntu.com /usr/bin/cmake --build /home/alyazahrarr/tubesss/tubes_dagoz/build/can_msgs -- -j8 -l8
[0.372s] DEBUG:colcon.colcon_core.event_handler.log_command:Invoking command in '/home/alyazahrarr/tubesss/tubes_dagoz/build/ros2_socketcan_msgs': CMAKE_PREFIX_PATH=${CMAKE_PREFIX_PATH}:/home/alyazahrarr/ros2_ws/install/launch_testing_examples:/home/alyazahrarr/ros2_ws/install/examples_rclpy_pointcloud_publisher:/home/alyazahrarr/ros2_ws/install/examples_rclpy_minimal_subscriber:/home/alyazahrarr/ros2_ws/install/examples_rclpy_minimal_service:/home/alyazahrarr/ros2_ws/install/examples_rclpy_minimal_publisher:/home/alyazahrarr/ros2_ws/install/examples_rclpy_minimal_client:/home/alyazahrarr/ros2_ws/install/examples_rclpy_minimal_action_server:/home/alyazahrarr/ros2_ws/install/examples_rclpy_minimal_action_client:/home/alyazahrarr/ros2_ws/install/examples_rclpy_guard_conditions:/home/alyazahrarr/ros2_ws/install/examples_rclpy_executors:/opt/ros/jazzy DEBUGINFOD_URLS=https://debuginfod.ubuntu.com /usr/bin/cmake --build /home/alyazahrarr/tubesss/tubes_dagoz/build/ros2_socketcan_msgs -- -j8 -l8
[0.379s] DEBUG:colcon.colcon_core.event_handler.log_command:Invoking command in '/home/alyazahrarr/tubesss/tubes_dagoz/build/msgs': CMAKE_PREFIX_PATH=${CMAKE_PREFIX_PATH}:/home/alyazahrarr/ros2_ws/install/launch_testing_examples:/home/alyazahrarr/ros2_ws/install/examples_rclpy_pointcloud_publisher:/home/alyazahrarr/ros2_ws/install/examples_rclpy_minimal_subscriber:/home/alyazahrarr/ros2_ws/install/examples_rclpy_minimal_service:/home/alyazahrarr/ros2_ws/install/examples_rclpy_minimal_publisher:/home/alyazahrarr/ros2_ws/install/examples_rclpy_minimal_client:/home/alyazahrarr/ros2_ws/install/examples_rclpy_minimal_action_server:/home/alyazahrarr/ros2_ws/install/examples_rclpy_minimal_action_client:/home/alyazahrarr/ros2_ws/install/examples_rclpy_guard_conditions:/home/alyazahrarr/ros2_ws/install/examples_rclpy_executors:/opt/ros/jazzy DEBUGINFOD_URLS=https://debuginfod.ubuntu.com /usr/bin/cmake --build /home/alyazahrarr/tubesss/tubes_dagoz/build/msgs -- -j8 -l8
[1.493s] DEBUG:colcon.colcon_core.event_handler.log_command:Invoked command in '/home/alyazahrarr/tubesss/tubes_dagoz/build/can_msgs' returned '0': CMAKE_PREFIX_PATH=${CMAKE_PREFIX_PATH}:/home/alyazahrarr/ros2_ws/install/launch_testing_examples:/home/alyazahrarr/ros2_ws/install/examples_rclpy_pointcloud_publisher:/home/alyazahrarr/ros2_ws/install/examples_rclpy_minimal_subscriber:/home/alyazahrarr/ros2_ws/install/examples_rclpy_minimal_service:/home/alyazahrarr/ros2_ws/install/examples_rclpy_minimal_publisher:/home/alyazahrarr/ros2_ws/install/examples_rclpy_minimal_client:/home/alyazahrarr/ros2_ws/install/examples_rclpy_minimal_action_server:/home/alyazahrarr/ros2_ws/install/examples_rclpy_minimal_action_client:/home/alyazahrarr/ros2_ws/install/examples_rclpy_guard_conditions:/home/alyazahrarr/ros2_ws/install/examples_rclpy_executors:/opt/ros/jazzy DEBUGINFOD_URLS=https://debuginfod.ubuntu.com /usr/bin/cmake --build /home/alyazahrarr/tubesss/tubes_dagoz/build/can_msgs -- -j8 -l8
[1.519s] DEBUG:colcon.colcon_core.event_handler.log_command:Invoked command in '/home/alyazahrarr/tubesss/tubes_dagoz/build/ros2_socketcan_msgs' returned '0': CMAKE_PREFIX_PATH=${CMAKE_PREFIX_PATH}:/home/alyazahrarr/ros2_ws/install/launch_testing_examples:/home/alyazahrarr/ros2_ws/install/examples_rclpy_pointcloud_publisher:/home/alyazahrarr/ros2_ws/install/examples_rclpy_minimal_subscriber:/home/alyazahrarr/ros2_ws/install/examples_rclpy_minimal_service:/home/alyazahrarr/ros2_ws/install/examples_rclpy_minimal_publisher:/home/alyazahrarr/ros2_ws/install/examples_rclpy_minimal_client:/home/alyazahrarr/ros2_ws/install/examples_rclpy_minimal_action_server:/home/alyazahrarr/ros2_ws/install/examples_rclpy_minimal_action_client:/home/alyazahrarr/ros2_ws/install/examples_rclpy_guard_conditions:/home/alyazahrarr/ros2_ws/install/examples_rclpy_executors:/opt/ros/jazzy DEBUGINFOD_URLS=https://debuginfod.ubuntu.com /usr/bin/cmake --build /home/alyazahrarr/tubesss/tubes_dagoz/build/ros2_socketcan_msgs -- -j8 -l8
[1.613s] DEBUG:colcon.colcon_core.event_handler.log_command:Invoking command in '/home/alyazahrarr/tubesss/tubes_dagoz/build/can_msgs': CMAKE_PREFIX_PATH=${CMAKE_PREFIX_PATH}:/home/alyazahrarr/ros2_ws/install/launch_testing_examples:/home/alyazahrarr/ros2_ws/install/examples_rclpy_pointcloud_publisher:/home/alyazahrarr/ros2_ws/install/examples_rclpy_minimal_subscriber:/home/alyazahrarr/ros2_ws/install/examples_rclpy_minimal_service:/home/alyazahrarr/ros2_ws/install/examples_rclpy_minimal_publisher:/home/alyazahrarr/ros2_ws/install/examples_rclpy_minimal_client:/home/alyazahrarr/ros2_ws/install/examples_rclpy_minimal_action_server:/home/alyazahrarr/ros2_ws/install/examples_rclpy_minimal_action_client:/home/alyazahrarr/ros2_ws/install/examples_rclpy_guard_conditions:/home/alyazahrarr/ros2_ws/install/examples_rclpy_executors:/opt/ros/jazzy DEBUGINFOD_URLS=https://debuginfod.ubuntu.com /usr/bin/cmake --install /home/alyazahrarr/tubesss/tubes_dagoz/build/can_msgs
[1.616s] DEBUG:colcon.colcon_core.event_handler.log_command:Invoked command in '/home/alyazahrarr/tubesss/tubes_dagoz/build/msgs' returned '0': CMAKE_PREFIX_PATH=${CMAKE_PREFIX_PATH}:/home/alyazahrarr/ros2_ws/install/launch_testing_examples:/home/alyazahrarr/ros2_ws/install/examples_rclpy_pointcloud_publisher:/home/alyazahrarr/ros2_ws/install/examples_rclpy_minimal_subscriber:/home/alyazahrarr/ros2_ws/install/examples_rclpy_minimal_service:/home/alyazahrarr/ros2_ws/install/examples_rclpy_minimal_publisher:/home/alyazahrarr/ros2_ws/install/examples_rclpy_minimal_client:/home/alyazahrarr/ros2_ws/install/examples_rclpy_minimal_action_server:/home/alyazahrarr/ros2_ws/install/examples_rclpy_minimal_action_client:/home/alyazahrarr/ros2_ws/install/examples_rclpy_guard_conditions:/home/alyazahrarr/ros2_ws/install/examples_rclpy_executors:/opt/ros/jazzy DEBUGINFOD_URLS=https://debuginfod.ubuntu.com /usr/bin/cmake --build /home/alyazahrarr/tubesss/tubes_dagoz/build/msgs -- -j8 -l8
[1.623s] DEBUG:colcon.colcon_core.event_handler.log_command:Invoking command in '/home/alyazahrarr/tubesss/tubes_dagoz/build/ros2_socketcan_msgs': CMAKE_PREFIX_PATH=${CMAKE_PREFIX_PATH}:/home/alyazahrarr/ros2_ws/install/launch_testing_examples:/home/alyazahrarr/ros2_ws/install/examples_rclpy_pointcloud_publisher:/home/alyazahrarr/ros2_ws/install/examples_rclpy_minimal_subscriber:/home/alyazahrarr/ros2_ws/install/examples_rclpy_minimal_service:/home/alyazahrarr/ros2_ws/install/examples_rclpy_minimal_publisher:/home/alyazahrarr/ros2_ws/install/examples_rclpy_minimal_client:/home/alyazahrarr/ros2_ws/install/examples_rclpy_minimal_action_server:/home/alyazahrarr/ros2_ws/install/examples_rclpy_minimal_action_client:/home/alyazahrarr/ros2_ws/install/examples_rclpy_guard_conditions:/home/alyazahrarr/ros2_ws/install/examples_rclpy_executors:/opt/ros/jazzy DEBUGINFOD_URLS=https://debuginfod.ubuntu.com /usr/bin/cmake --install /home/alyazahrarr/tubesss/tubes_dagoz/build/ros2_socketcan_msgs
[1.739s] DEBUG:colcon.colcon_core.event_handler.log_command:Invoking command in '/home/alyazahrarr/tubesss/tubes_dagoz/build/msgs': CMAKE_PREFIX_PATH=${CMAKE_PREFIX_PATH}:/home/alyazahrarr/ros2_ws/install/launch_testing_examples:/home/alyazahrarr/ros2_ws/install/examples_rclpy_pointcloud_publisher:/home/alyazahrarr/ros2_ws/install/examples_rclpy_minimal_subscriber:/home/alyazahrarr/ros2_ws/install/examples_rclpy_minimal_service:/home/alyazahrarr/ros2_ws/install/examples_rclpy_minimal_publisher:/home/alyazahrarr/ros2_ws/install/examples_rclpy_minimal_client:/home/alyazahrarr/ros2_ws/install/examples_rclpy_minimal_action_server:/home/alyazahrarr/ros2_ws/install/examples_rclpy_minimal_action_client:/home/alyazahrarr/ros2_ws/install/examples_rclpy_guard_conditions:/home/alyazahrarr/ros2_ws/install/examples_rclpy_executors:/opt/ros/jazzy DEBUGINFOD_URLS=https://debuginfod.ubuntu.com /usr/bin/cmake --install /home/alyazahrarr/tubesss/tubes_dagoz/build/msgs
[1.773s] Level 1:colcon.colcon_core.environment:create_environment_scripts_only(ros2_socketcan_msgs)
[1.790s] DEBUG:colcon.colcon_core.event_handler.log_command:Invoked command in '/home/alyazahrarr/tubesss/tubes_dagoz/build/ros2_socketcan_msgs' returned '0': CMAKE_PREFIX_PATH=${CMAKE_PREFIX_PATH}:/home/alyazahrarr/ros2_ws/install/launch_testing_examples:/home/alyazahrarr/ros2_ws/install/examples_rclpy_pointcloud_publisher:/home/alyazahrarr/ros2_ws/install/examples_rclpy_minimal_subscriber:/home/alyazahrarr/ros2_ws/install/examples_rclpy_minimal_service:/home/alyazahrarr/ros2_ws/install/examples_rclpy_minimal_publisher:/home/alyazahrarr/ros2_ws/install/examples_rclpy_minimal_client:/home/alyazahrarr/ros2_ws/install/examples_rclpy_minimal_action_server:/home/alyazahrarr/ros2_ws/install/examples_rclpy_minimal_action_client:/home/alyazahrarr/ros2_ws/install/examples_rclpy_guard_conditions:/home/alyazahrarr/ros2_ws/install/examples_rclpy_executors:/opt/ros/jazzy DEBUGINFOD_URLS=https://debuginfod.ubuntu.com /usr/bin/cmake --install /home/alyazahrarr/tubesss/tubes_dagoz/build/ros2_socketcan_msgs
[1.797s] Level 1:colcon.colcon_core.environment:checking '/home/alyazahrarr/tubesss/tubes_dagoz/install/ros2_socketcan_msgs' for CMake module files
[1.798s] Level 1:colcon.colcon_core.environment:checking '/home/alyazahrarr/tubesss/tubes_dagoz/install/ros2_socketcan_msgs' for CMake config files
[1.799s] Level 1:colcon.colcon_core.shell:create_environment_hook('ros2_socketcan_msgs', 'cmake_prefix_path')
[1.799s] INFO:colcon.colcon_core.shell:Creating environment hook '/home/alyazahrarr/tubesss/tubes_dagoz/install/ros2_socketcan_msgs/share/ros2_socketcan_msgs/hook/cmake_prefix_path.ps1'
[1.800s] INFO:colcon.colcon_core.shell:Creating environment descriptor '/home/alyazahrarr/tubesss/tubes_dagoz/install/ros2_socketcan_msgs/share/ros2_socketcan_msgs/hook/cmake_prefix_path.dsv'
[1.800s] INFO:colcon.colcon_core.shell:Creating environment hook '/home/alyazahrarr/tubesss/tubes_dagoz/install/ros2_socketcan_msgs/share/ros2_socketcan_msgs/hook/cmake_prefix_path.sh'
[1.802s] Level 1:colcon.colcon_core.environment:checking '/home/alyazahrarr/tubesss/tubes_dagoz/install/ros2_socketcan_msgs/lib'
[1.802s] Level 1:colcon.colcon_core.shell:create_environment_hook('ros2_socketcan_msgs', 'ld_library_path_lib')
[1.802s] INFO:colcon.colcon_core.shell:Creating environment hook '/home/alyazahrarr/tubesss/tubes_dagoz/install/ros2_socketcan_msgs/share/ros2_socketcan_msgs/hook/ld_library_path_lib.ps1'
[1.803s] INFO:colcon.colcon_core.shell:Creating environment descriptor '/home/alyazahrarr/tubesss/tubes_dagoz/install/ros2_socketcan_msgs/share/ros2_socketcan_msgs/hook/ld_library_path_lib.dsv'
[1.804s] INFO:colcon.colcon_core.shell:Creating environment hook '/home/alyazahrarr/tubesss/tubes_dagoz/install/ros2_socketcan_msgs/share/ros2_socketcan_msgs/hook/ld_library_path_lib.sh'
[1.804s] Level 1:colcon.colcon_core.environment:checking '/home/alyazahrarr/tubesss/tubes_dagoz/install/ros2_socketcan_msgs/bin'
[1.804s] Level 1:colcon.colcon_core.environment:checking '/home/alyazahrarr/tubesss/tubes_dagoz/install/ros2_socketcan_msgs/lib/pkgconfig/ros2_socketcan_msgs.pc'
[1.804s] Level 1:colcon.colcon_core.environment:checking '/home/alyazahrarr/tubesss/tubes_dagoz/install/ros2_socketcan_msgs/lib/python3.12/site-packages'
[1.805s] Level 1:colcon.colcon_core.shell:create_environment_hook('ros2_socketcan_msgs', 'pythonpath')
[1.805s] INFO:colcon.colcon_core.shell:Creating environment hook '/home/alyazahrarr/tubesss/tubes_dagoz/install/ros2_socketcan_msgs/share/ros2_socketcan_msgs/hook/pythonpath.ps1'
[1.805s] INFO:colcon.colcon_core.shell:Creating environment descriptor '/home/alyazahrarr/tubesss/tubes_dagoz/install/ros2_socketcan_msgs/share/ros2_socketcan_msgs/hook/pythonpath.dsv'
[1.806s] INFO:colcon.colcon_core.shell:Creating environment hook '/home/alyazahrarr/tubesss/tubes_dagoz/install/ros2_socketcan_msgs/share/ros2_socketcan_msgs/hook/pythonpath.sh'
[1.807s] Level 1:colcon.colcon_core.environment:checking '/home/alyazahrarr/tubesss/tubes_dagoz/install/ros2_socketcan_msgs/bin'
[1.807s] INFO:colcon.colcon_core.shell:Creating package script '/home/alyazahrarr/tubesss/tubes_dagoz/install/ros2_socketcan_msgs/share/ros2_socketcan_msgs/package.ps1'
[1.808s] INFO:colcon.colcon_core.shell:Creating package descriptor '/home/alyazahrarr/tubesss/tubes_dagoz/install/ros2_socketcan_msgs/share/ros2_socketcan_msgs/package.dsv'
[1.809s] INFO:colcon.colcon_core.shell:Creating package script '/home/alyazahrarr/tubesss/tubes_dagoz/install/ros2_socketcan_msgs/share/ros2_socketcan_msgs/package.sh'
[1.810s] INFO:colcon.colcon_core.shell:Creating package script '/home/alyazahrarr/tubesss/tubes_dagoz/install/ros2_socketcan_msgs/share/ros2_socketcan_msgs/package.bash'
[1.811s] INFO:colcon.colcon_core.shell:Creating package script '/home/alyazahrarr/tubesss/tubes_dagoz/install/ros2_socketcan_msgs/share/ros2_socketcan_msgs/package.zsh'
[1.811s] Level 1:colcon.colcon_core.environment:create_file_with_runtime_dependencies(/home/alyazahrarr/tubesss/tubes_dagoz/install/ros2_socketcan_msgs/share/colcon-core/packages/ros2_socketcan_msgs)
[1.814s] Level 1:colcon.colcon_core.environment:create_environment_scripts_only(can_msgs)
[1.815s] Level 1:colcon.colcon_core.environment:checking '/home/alyazahrarr/tubesss/tubes_dagoz/install/can_msgs' for CMake module files
[1.816s] DEBUG:colcon.colcon_core.event_handler.log_command:Invoked command in '/home/alyazahrarr/tubesss/tubes_dagoz/build/can_msgs' returned '0': CMAKE_PREFIX_PATH=${CMAKE_PREFIX_PATH}:/home/alyazahrarr/ros2_ws/install/launch_testing_examples:/home/alyazahrarr/ros2_ws/install/examples_rclpy_pointcloud_publisher:/home/alyazahrarr/ros2_ws/install/examples_rclpy_minimal_subscriber:/home/alyazahrarr/ros2_ws/install/examples_rclpy_minimal_service:/home/alyazahrarr/ros2_ws/install/examples_rclpy_minimal_publisher:/home/alyazahrarr/ros2_ws/install/examples_rclpy_minimal_client:/home/alyazahrarr/ros2_ws/install/examples_rclpy_minimal_action_server:/home/alyazahrarr/ros2_ws/install/examples_rclpy_minimal_action_client:/home/alyazahrarr/ros2_ws/install/examples_rclpy_guard_conditions:/home/alyazahrarr/ros2_ws/install/examples_rclpy_executors:/opt/ros/jazzy DEBUGINFOD_URLS=https://debuginfod.ubuntu.com /usr/bin/cmake --install /home/alyazahrarr/tubesss/tubes_dagoz/build/can_msgs
[1.818s] Level 1:colcon.colcon_core.environment:checking '/home/alyazahrarr/tubesss/tubes_dagoz/install/can_msgs' for CMake config files
[1.819s] Level 1:colcon.colcon_core.shell:create_environment_hook('can_msgs', 'cmake_prefix_path')
[1.819s] INFO:colcon.colcon_core.shell:Creating environment hook '/home/alyazahrarr/tubesss/tubes_dagoz/install/can_msgs/share/can_msgs/hook/cmake_prefix_path.ps1'
[1.820s] INFO:colcon.colcon_core.shell:Creating environment descriptor '/home/alyazahrarr/tubesss/tubes_dagoz/install/can_msgs/share/can_msgs/hook/cmake_prefix_path.dsv'
[1.821s] INFO:colcon.colcon_core.shell:Creating environment hook '/home/alyazahrarr/tubesss/tubes_dagoz/install/can_msgs/share/can_msgs/hook/cmake_prefix_path.sh'
[1.822s] Level 1:colcon.colcon_core.environment:checking '/home/alyazahrarr/tubesss/tubes_dagoz/install/can_msgs/lib'
[1.822s] Level 1:colcon.colcon_core.shell:create_environment_hook('can_msgs', 'ld_library_path_lib')
[1.823s] INFO:colcon.colcon_core.shell:Creating environment hook '/home/alyazahrarr/tubesss/tubes_dagoz/install/can_msgs/share/can_msgs/hook/ld_library_path_lib.ps1'
[1.823s] INFO:colcon.colcon_core.shell:Creating environment descriptor '/home/alyazahrarr/tubesss/tubes_dagoz/install/can_msgs/share/can_msgs/hook/ld_library_path_lib.dsv'
[1.824s] INFO:colcon.colcon_core.shell:Creating environment hook '/home/alyazahrarr/tubesss/tubes_dagoz/install/can_msgs/share/can_msgs/hook/ld_library_path_lib.sh'
[1.825s] Level 1:colcon.colcon_core.environment:checking '/home/alyazahrarr/tubesss/tubes_dagoz/install/can_msgs/bin'
[1.825s] Level 1:colcon.colcon_core.environment:checking '/home/alyazahrarr/tubesss/tubes_dagoz/install/can_msgs/lib/pkgconfig/can_msgs.pc'
[1.825s] Level 1:colcon.colcon_core.environment:checking '/home/alyazahrarr/tubesss/tubes_dagoz/install/can_msgs/lib/python3.12/site-packages'
[1.826s] Level 1:colcon.colcon_core.shell:create_environment_hook('can_msgs', 'pythonpath')
[1.826s] INFO:colcon.colcon_core.shell:Creating environment hook '/home/alyazahrarr/tubesss/tubes_dagoz/install/can_msgs/share/can_msgs/hook/pythonpath.ps1'
[1.827s] INFO:colcon.colcon_core.shell:Creating environment descriptor '/home/alyazahrarr/tubesss/tubes_dagoz/install/can_msgs/share/can_msgs/hook/pythonpath.dsv'
[1.828s] INFO:colcon.colcon_core.shell:Creating environment hook '/home/alyazahrarr/tubesss/tubes_dagoz/install/can_msgs/share/can_msgs/hook/pythonpath.sh'
[1.829s] Level 1:colcon.colcon_core.environment:checking '/home/alyazahrarr/tubesss/tubes_dagoz/install/can_msgs/bin'
[1.830s] INFO:colcon.colcon_core.shell:Creating package script '/home/alyazahrarr/tubesss/tubes_dagoz/install/can_msgs/share/can_msgs/package.ps1'
[1.831s] INFO:colcon.colcon_core.shell:Creating package descriptor '/home/alyazahrarr/tubesss/tubes_dagoz/install/can_msgs/share/can_msgs/package.dsv'
[1.832s] INFO:colcon.colcon_core.shell:Creating package script '/home/alyazahrarr/tubesss/tubes_dagoz/install/can_msgs/share/can_msgs/package.sh'
[1.833s] INFO:colcon.colcon_core.shell:Creating package script '/home/alyazahrarr/tubesss/tubes_dagoz/install/can_msgs/share/can_msgs/package.bash'
[1.834s] INFO:colcon.colcon_core.shell:Creating package script '/home/alyazahrarr/tubesss/tubes_dagoz/install/can_msgs/share/can_msgs/package.zsh'
[1.836s] Level 1:colcon.colcon_core.environment:create_file_with_runtime_dependencies(/home/alyazahrarr/tubesss/tubes_dagoz/install/can_msgs/share/colcon-core/packages/can_msgs)
[1.890s] Level 1:colcon.colcon_core.environment:create_environment_scripts_only(msgs)
[1.891s] Level 1:colcon.colcon_core.environment:checking '/home/alyazahrarr/tubesss/tubes_dagoz/install/msgs' for CMake module files
[1.893s] Level 1:colcon.colcon_core.environment:checking '/home/alyazahrarr/tubesss/tubes_dagoz/install/msgs' for CMake config files
[1.897s] DEBUG:colcon.colcon_core.event_handler.log_command:Invoked command in '/home/alyazahrarr/tubesss/tubes_dagoz/build/msgs' returned '0': CMAKE_PREFIX_PATH=${CMAKE_PREFIX_PATH}:/home/alyazahrarr/ros2_ws/install/launch_testing_examples:/home/alyazahrarr/ros2_ws/install/examples_rclpy_pointcloud_publisher:/home/alyazahrarr/ros2_ws/install/examples_rclpy_minimal_subscriber:/home/alyazahrarr/ros2_ws/install/examples_rclpy_minimal_service:/home/alyazahrarr/ros2_ws/install/examples_rclpy_minimal_publisher:/home/alyazahrarr/ros2_ws/install/examples_rclpy_minimal_client:/home/alyazahrarr/ros2_ws/install/examples_rclpy_minimal_action_server:/home/alyazahrarr/ros2_ws/install/examples_rclpy_minimal_action_client:/home/alyazahrarr/ros2_ws/install/examples_rclpy_guard_conditions:/home/alyazahrarr/ros2_ws/install/examples_rclpy_executors:/opt/ros/jazzy DEBUGINFOD_URLS=https://debuginfod.ubuntu.com /usr/bin/cmake --install /home/alyazahrarr/tubesss/tubes_dagoz/build/msgs
[1.898s] Level 1:colcon.colcon_core.shell:create_environment_hook('msgs', 'cmake_prefix_path')
[1.898s] INFO:colcon.colcon_core.shell:Creating environment hook '/home/alyazahrarr/tubesss/tubes_dagoz/install/msgs/share/msgs/hook/cmake_prefix_path.ps1'
[1.899s] INFO:colcon.colcon_core.shell:Creating environment descriptor '/home/alyazahrarr/tubesss/tubes_dagoz/install/msgs/share/msgs/hook/cmake_prefix_path.dsv'
[1.900s] INFO:colcon.colcon_core.shell:Creating environment hook '/home/alyazahrarr/tubesss/tubes_dagoz/install/msgs/share/msgs/hook/cmake_prefix_path.sh'
[1.901s] Level 1:colcon.colcon_core.environment:checking '/home/alyazahrarr/tubesss/tubes_dagoz/install/msgs/lib'
[1.902s] Level 1:colcon.colcon_core.shell:create_environment_hook('msgs', 'ld_library_path_lib')
[1.902s] INFO:colcon.colcon_core.shell:Creating environment hook '/home/alyazahrarr/tubesss/tubes_dagoz/install/msgs/share/msgs/hook/ld_library_path_lib.ps1'
[1.903s] INFO:colcon.colcon_core.shell:Creating environment descriptor '/home/alyazahrarr/tubesss/tubes_dagoz/install/msgs/share/msgs/hook/ld_library_path_lib.dsv'
[1.904s] INFO:colcon.colcon_core.shell:Creating environment hook '/home/alyazahrarr/tubesss/tubes_dagoz/install/msgs/share/msgs/hook/ld_library_path_lib.sh'
[1.905s] Level 1:colcon.colcon_core.environment:checking '/home/alyazahrarr/tubesss/tubes_dagoz/install/msgs/bin'
[1.905s] Level 1:colcon.colcon_core.environment:checking '/home/alyazahrarr/tubesss/tubes_dagoz/install/msgs/lib/pkgconfig/msgs.pc'
[1.906s] Level 1:colcon.colcon_core.environment:checking '/home/alyazahrarr/tubesss/tubes_dagoz/install/msgs/lib/python3.12/site-packages'
[1.906s] Level 1:colcon.colcon_core.shell:create_environment_hook('msgs', 'pythonpath')
[1.907s] INFO:colcon.colcon_core.shell:Creating environment hook '/home/alyazahrarr/tubesss/tubes_dagoz/install/msgs/share/msgs/hook/pythonpath.ps1'
[1.907s] INFO:colcon.colcon_core.shell:Creating environment descriptor '/home/alyazahrarr/tubesss/tubes_dagoz/install/msgs/share/msgs/hook/pythonpath.dsv'
[1.908s] INFO:colcon.colcon_core.shell:Creating environment hook '/home/alyazahrarr/tubesss/tubes_dagoz/install/msgs/share/msgs/hook/pythonpath.sh'
[1.910s] Level 1:colcon.colcon_core.environment:checking '/home/alyazahrarr/tubesss/tubes_dagoz/install/msgs/bin'
[1.910s] INFO:colcon.colcon_core.shell:Creating package script '/home/alyazahrarr/tubesss/tubes_dagoz/install/msgs/share/msgs/package.ps1'
[1.911s] INFO:colcon.colcon_core.shell:Creating package descriptor '/home/alyazahrarr/tubesss/tubes_dagoz/install/msgs/share/msgs/package.dsv'
[1.912s] INFO:colcon.colcon_core.shell:Creating package script '/home/alyazahrarr/tubesss/tubes_dagoz/install/msgs/share/msgs/package.sh'
[1.913s] INFO:colcon.colcon_core.shell:Creating package script '/home/alyazahrarr/tubesss/tubes_dagoz/install/msgs/share/msgs/package.bash'
[1.914s] INFO:colcon.colcon_core.shell:Creating package script '/home/alyazahrarr/tubesss/tubes_dagoz/install/msgs/share/msgs/package.zsh'
[1.915s] Level 1:colcon.colcon_core.environment:create_file_with_runtime_dependencies(/home/alyazahrarr/tubesss/tubes_dagoz/install/msgs/share/colcon-core/packages/msgs)
[1.919s] Level 1:colcon.colcon_core.environment:create_environment_scripts_only(ros2_socketcan_msgs)
[1.920s] Level 1:colcon.colcon_core.environment:checking '/home/alyazahrarr/tubesss/tubes_dagoz/install/ros2_socketcan_msgs' for CMake module files
[1.921s] Level 1:colcon.colcon_core.environment:checking '/home/alyazahrarr/tubesss/tubes_dagoz/install/ros2_socketcan_msgs' for CMake config files
[1.922s] Level 1:colcon.colcon_core.shell:create_environment_hook('ros2_socketcan_msgs', 'cmake_prefix_path')
[1.923s] INFO:colcon.colcon_core.shell:Creating environment hook '/home/alyazahrarr/tubesss/tubes_dagoz/install/ros2_socketcan_msgs/share/ros2_socketcan_msgs/hook/cmake_prefix_path.ps1'
[1.924s] INFO:colcon.colcon_core.shell:Creating environment descriptor '/home/alyazahrarr/tubesss/tubes_dagoz/install/ros2_socketcan_msgs/share/ros2_socketcan_msgs/hook/cmake_prefix_path.dsv'
[1.925s] INFO:colcon.colcon_core.shell:Creating environment hook '/home/alyazahrarr/tubesss/tubes_dagoz/install/ros2_socketcan_msgs/share/ros2_socketcan_msgs/hook/cmake_prefix_path.sh'
[1.926s] Level 1:colcon.colcon_core.environment:checking '/home/alyazahrarr/tubesss/tubes_dagoz/install/ros2_socketcan_msgs/lib'
[1.926s] Level 1:colcon.colcon_core.shell:create_environment_hook('ros2_socketcan_msgs', 'ld_library_path_lib')
[1.927s] INFO:colcon.colcon_core.shell:Creating environment hook '/home/alyazahrarr/tubesss/tubes_dagoz/install/ros2_socketcan_msgs/share/ros2_socketcan_msgs/hook/ld_library_path_lib.ps1'
[1.928s] INFO:colcon.colcon_core.shell:Creating environment descriptor '/home/alyazahrarr/tubesss/tubes_dagoz/install/ros2_socketcan_msgs/share/ros2_socketcan_msgs/hook/ld_library_path_lib.dsv'
[1.929s] INFO:colcon.colcon_core.shell:Creating environment hook '/home/alyazahrarr/tubesss/tubes_dagoz/install/ros2_socketcan_msgs/share/ros2_socketcan_msgs/hook/ld_library_path_lib.sh'
[1.930s] Level 1:colcon.colcon_core.environment:checking '/home/alyazahrarr/tubesss/tubes_dagoz/install/ros2_socketcan_msgs/bin'
[1.930s] Level 1:colcon.colcon_core.environment:checking '/home/alyazahrarr/tubesss/tubes_dagoz/install/ros2_socketcan_msgs/lib/pkgconfig/ros2_socketcan_msgs.pc'
[1.931s] Level 1:colcon.colcon_core.environment:checking '/home/alyazahrarr/tubesss/tubes_dagoz/install/ros2_socketcan_msgs/lib/python3.12/site-packages'
[1.931s] Level 1:colcon.colcon_core.shell:create_environment_hook('ros2_socketcan_msgs', 'pythonpath')
[1.932s] INFO:colcon.colcon_core.shell:Creating environment hook '/home/alyazahrarr/tubesss/tubes_dagoz/install/ros2_socketcan_msgs/share/ros2_socketcan_msgs/hook/pythonpath.ps1'
[1.933s] INFO:colcon.colcon_core.shell:Creating environment descriptor '/home/alyazahrarr/tubesss/tubes_dagoz/install/ros2_socketcan_msgs/share/ros2_socketcan_msgs/hook/pythonpath.dsv'
[1.934s] INFO:colcon.colcon_core.shell:Creating environment hook '/home/alyazahrarr/tubesss/tubes_dagoz/install/ros2_socketcan_msgs/share/ros2_socketcan_msgs/hook/pythonpath.sh'
[1.936s] Level 1:colcon.colcon_core.environment:checking '/home/alyazahrarr/tubesss/tubes_dagoz/install/ros2_socketcan_msgs/bin'
[1.937s] INFO:colcon.colcon_core.shell:Creating package script '/home/alyazahrarr/tubesss/tubes_dagoz/install/ros2_socketcan_msgs/share/ros2_socketcan_msgs/package.ps1'
[1.939s] INFO:colcon.colcon_core.shell:Creating package descriptor '/home/alyazahrarr/tubesss/tubes_dagoz/install/ros2_socketcan_msgs/share/ros2_socketcan_msgs/package.dsv'
[1.941s] INFO:colcon.colcon_core.shell:Creating package script '/home/alyazahrarr/tubesss/tubes_dagoz/install/ros2_socketcan_msgs/share/ros2_socketcan_msgs/package.sh'
[1.943s] INFO:colcon.colcon_core.shell:Creating package script '/home/alyazahrarr/tubesss/tubes_dagoz/install/ros2_socketcan_msgs/share/ros2_socketcan_msgs/package.bash'
[1.944s] INFO:colcon.colcon_core.shell:Creating package script '/home/alyazahrarr/tubesss/tubes_dagoz/install/ros2_socketcan_msgs/share/ros2_socketcan_msgs/package.zsh'
[1.945s] Level 1:colcon.colcon_core.environment:create_file_with_runtime_dependencies(/home/alyazahrarr/tubesss/tubes_dagoz/install/ros2_socketcan_msgs/share/colcon-core/packages/ros2_socketcan_msgs)
[1.948s] Level 1:colcon.colcon_core.environment:create_environment_scripts_only(can_msgs)
[1.948s] Level 1:colcon.colcon_core.environment:checking '/home/alyazahrarr/tubesss/tubes_dagoz/install/can_msgs' for CMake module files
[1.951s] Level 1:colcon.colcon_core.environment:checking '/home/alyazahrarr/tubesss/tubes_dagoz/install/can_msgs' for CMake config files
[1.952s] Level 1:colcon.colcon_core.shell:create_environment_hook('can_msgs', 'cmake_prefix_path')
[1.953s] INFO:colcon.colcon_core.shell:Creating environment hook '/home/alyazahrarr/tubesss/tubes_dagoz/install/can_msgs/share/can_msgs/hook/cmake_prefix_path.ps1'
[1.954s] INFO:colcon.colcon_core.shell:Creating environment descriptor '/home/alyazahrarr/tubesss/tubes_dagoz/install/can_msgs/share/can_msgs/hook/cmake_prefix_path.dsv'
[1.955s] INFO:colcon.colcon_core.shell:Creating environment hook '/home/alyazahrarr/tubesss/tubes_dagoz/install/can_msgs/share/can_msgs/hook/cmake_prefix_path.sh'
[1.956s] Level 1:colcon.colcon_core.environment:checking '/home/alyazahrarr/tubesss/tubes_dagoz/install/can_msgs/lib'
[1.956s] Level 1:colcon.colcon_core.shell:create_environment_hook('can_msgs', 'ld_library_path_lib')
[1.957s] INFO:colcon.colcon_core.shell:Creating environment hook '/home/alyazahrarr/tubesss/tubes_dagoz/install/can_msgs/share/can_msgs/hook/ld_library_path_lib.ps1'
[1.958s] INFO:colcon.colcon_core.shell:Creating environment descriptor '/home/alyazahrarr/tubesss/tubes_dagoz/install/can_msgs/share/can_msgs/hook/ld_library_path_lib.dsv'
[1.958s] INFO:colcon.colcon_core.shell:Creating environment hook '/home/alyazahrarr/tubesss/tubes_dagoz/install/can_msgs/share/can_msgs/hook/ld_library_path_lib.sh'
[1.959s] Level 1:colcon.colcon_core.environment:checking '/home/alyazahrarr/tubesss/tubes_dagoz/install/can_msgs/bin'
[1.959s] Level 1:colcon.colcon_core.environment:checking '/home/alyazahrarr/tubesss/tubes_dagoz/install/can_msgs/lib/pkgconfig/can_msgs.pc'
[1.959s] Level 1:colcon.colcon_core.environment:checking '/home/alyazahrarr/tubesss/tubes_dagoz/install/can_msgs/lib/python3.12/site-packages'
[1.959s] Level 1:colcon.colcon_core.shell:create_environment_hook('can_msgs', 'pythonpath')
[1.960s] INFO:colcon.colcon_core.shell:Creating environment hook '/home/alyazahrarr/tubesss/tubes_dagoz/install/can_msgs/share/can_msgs/hook/pythonpath.ps1'
[1.960s] INFO:colcon.colcon_core.shell:Creating environment descriptor '/home/alyazahrarr/tubesss/tubes_dagoz/install/can_msgs/share/can_msgs/hook/pythonpath.dsv'
[1.961s] INFO:colcon.colcon_core.shell:Creating environment hook '/home/alyazahrarr/tubesss/tubes_dagoz/install/can_msgs/share/can_msgs/hook/pythonpath.sh'
[1.962s] Level 1:colcon.colcon_core.environment:checking '/home/alyazahrarr/tubesss/tubes_dagoz/install/can_msgs/bin'
[1.962s] INFO:colcon.colcon_core.shell:Creating package script '/home/alyazahrarr/tubesss/tubes_dagoz/install/can_msgs/share/can_msgs/package.ps1'
[1.963s] INFO:colcon.colcon_core.shell:Creating package descriptor '/home/alyazahrarr/tubesss/tubes_dagoz/install/can_msgs/share/can_msgs/package.dsv'
[1.964s] INFO:colcon.colcon_core.shell:Creating package script '/home/alyazahrarr/tubesss/tubes_dagoz/install/can_msgs/share/can_msgs/package.sh'
[1.964s] INFO:colcon.colcon_core.shell:Creating package script '/home/alyazahrarr/tubesss/tubes_dagoz/install/can_msgs/share/can_msgs/package.bash'
[1.965s] INFO:colcon.colcon_core.shell:Creating package script '/home/alyazahrarr/tubesss/tubes_dagoz/install/can_msgs/share/can_msgs/package.zsh'
[1.966s] Level 1:colcon.colcon_core.environment:create_file_with_runtime_dependencies(/home/alyazahrarr/tubesss/tubes_dagoz/install/can_msgs/share/colcon-core/packages/can_msgs)
[1.966s] INFO:colcon.colcon_ros.task.ament_cmake.build:Building ROS package in '/home/alyazahrarr/tubesss/tubes_dagoz/src/ros2_socketcan/ros2_socketcan' with build type 'ament_cmake'
[1.966s] INFO:colcon.colcon_cmake.task.cmake.build:Building CMake package in '/home/alyazahrarr/tubesss/tubes_dagoz/src/ros2_socketcan/ros2_socketcan'
[1.967s] INFO:colcon.colcon_core.shell:Skip shell extension 'powershell' for command environment: Not usable outside of PowerShell
[1.967s] DEBUG:colcon.colcon_core.shell:Skip shell extension 'dsv' for command environment
[2.002s] DEBUG:colcon.colcon_core.event_handler.log_command:Invoking command in '/home/alyazahrarr/tubesss/tubes_dagoz/build/ros2_socketcan': AMENT_PREFIX_PATH=/home/alyazahrarr/tubesss/tubes_dagoz/install/ros2_socketcan_msgs:/home/alyazahrarr/tubesss/tubes_dagoz/install/can_msgs:${AMENT_PREFIX_PATH} CMAKE_PREFIX_PATH=/home/alyazahrarr/tubesss/tubes_dagoz/install/ros2_socketcan_msgs:/home/alyazahrarr/tubesss/tubes_dagoz/install/can_msgs:/home/alyazahrarr/ros2_ws/install/my_package:/home/alyazahrarr/ros2_ws/install/examples_rclcpp_wait_set:/home/alyazahrarr/ros2_ws/install/examples_rclcpp_multithreaded_executor:/home/alyazahrarr/ros2_ws/install/examples_rclcpp_minimal_timer:/home/alyazahrarr/ros2_ws/install/examples_rclcpp_minimal_subscriber:/home/alyazahrarr/ros2_ws/install/examples_rclcpp_minimal_service:/home/alyazahrarr/ros2_ws/install/examples_rclcpp_minimal_publisher:/home/alyazahrarr/ros2_ws/install/examples_rclcpp_minimal_composition:/home/alyazahrarr/ros2_ws/install/examples_rclcpp_minimal_client:/home/alyazahrarr/ros2_ws/install/examples_rclcpp_minimal_action_server:/home/alyazahrarr/ros2_ws/install/examples_rclcpp_minimal_action_client:/home/alyazahrarr/ros2_ws/install/examples_rclcpp_cbg_executor:/home/alyazahrarr/ros2_ws/install/examples_rclcpp_async_client:/opt/ros/jazzy/opt/gz_math_vendor:/opt/ros/jazzy/opt/gz_utils_vendor:/opt/ros/jazzy/opt/gz_cmake_vendor:/home/alyazahrarr/ros2_ws/install/launch_testing_examples:/home/alyazahrarr/ros2_ws/install/examples_rclpy_pointcloud_publisher:/home/alyazahrarr/ros2_ws/install/examples_rclpy_minimal_subscriber:/home/alyazahrarr/ros2_ws/install/examples_rclpy_minimal_service:/home/alyazahrarr/ros2_ws/install/examples_rclpy_minimal_publisher:/home/alyazahrarr/ros2_ws/install/examples_rclpy_minimal_client:/home/alyazahrarr/ros2_ws/install/examples_rclpy_minimal_action_server:/home/alyazahrarr/ros2_ws/install/examples_rclpy_minimal_action_client:/home/alyazahrarr/ros2_ws/install/examples_rclpy_guard_conditions:/home/alyazahrarr/ros2_ws/install/examples_rclpy_executors:/opt/ros/jazzy DEBUGINFOD_URLS=https://debuginfod.ubuntu.com LD_LIBRARY_PATH=/home/alyazahrarr/tubesss/tubes_dagoz/install/ros2_socketcan_msgs/lib:/home/alyazahrarr/tubesss/tubes_dagoz/install/can_msgs/lib:${LD_LIBRARY_PATH} PYTHONPATH=/home/alyazahrarr/tubesss/tubes_dagoz/install/ros2_socketcan_msgs/lib/python3.12/site-packages:/home/alyazahrarr/tubesss/tubes_dagoz/install/can_msgs/lib/python3.12/site-packages:${PYTHONPATH} /usr/bin/cmake --build /home/alyazahrarr/tubesss/tubes_dagoz/build/ros2_socketcan -- -j8 -l8
[2.039s] Level 1:colcon.colcon_core.environment:create_environment_scripts_only(msgs)
[2.040s] Level 1:colcon.colcon_core.environment:checking '/home/alyazahrarr/tubesss/tubes_dagoz/install/msgs' for CMake module files
[2.041s] Level 1:colcon.colcon_core.environment:checking '/home/alyazahrarr/tubesss/tubes_dagoz/install/msgs' for CMake config files
[2.042s] Level 1:colcon.colcon_core.shell:create_environment_hook('msgs', 'cmake_prefix_path')
[2.042s] INFO:colcon.colcon_core.shell:Creating environment hook '/home/alyazahrarr/tubesss/tubes_dagoz/install/msgs/share/msgs/hook/cmake_prefix_path.ps1'
[2.043s] INFO:colcon.colcon_core.shell:Creating environment descriptor '/home/alyazahrarr/tubesss/tubes_dagoz/install/msgs/share/msgs/hook/cmake_prefix_path.dsv'
[2.044s] INFO:colcon.colcon_core.shell:Creating environment hook '/home/alyazahrarr/tubesss/tubes_dagoz/install/msgs/share/msgs/hook/cmake_prefix_path.sh'
[2.045s] Level 1:colcon.colcon_core.environment:checking '/home/alyazahrarr/tubesss/tubes_dagoz/install/msgs/lib'
[2.045s] Level 1:colcon.colcon_core.shell:create_environment_hook('msgs', 'ld_library_path_lib')
[2.045s] INFO:colcon.colcon_core.shell:Creating environment hook '/home/alyazahrarr/tubesss/tubes_dagoz/install/msgs/share/msgs/hook/ld_library_path_lib.ps1'
[2.046s] INFO:colcon.colcon_core.shell:Creating environment descriptor '/home/alyazahrarr/tubesss/tubes_dagoz/install/msgs/share/msgs/hook/ld_library_path_lib.dsv'
[2.046s] INFO:colcon.colcon_core.shell:Creating environment hook '/home/alyazahrarr/tubesss/tubes_dagoz/install/msgs/share/msgs/hook/ld_library_path_lib.sh'
[2.047s] Level 1:colcon.colcon_core.environment:checking '/home/alyazahrarr/tubesss/tubes_dagoz/install/msgs/bin'
[2.047s] Level 1:colcon.colcon_core.environment:checking '/home/alyazahrarr/tubesss/tubes_dagoz/install/msgs/lib/pkgconfig/msgs.pc'
[2.048s] Level 1:colcon.colcon_core.environment:checking '/home/alyazahrarr/tubesss/tubes_dagoz/install/msgs/lib/python3.12/site-packages'
[2.048s] Level 1:colcon.colcon_core.shell:create_environment_hook('msgs', 'pythonpath')
[2.049s] INFO:colcon.colcon_core.shell:Creating environment hook '/home/alyazahrarr/tubesss/tubes_dagoz/install/msgs/share/msgs/hook/pythonpath.ps1'
[2.049s] INFO:colcon.colcon_core.shell:Creating environment descriptor '/home/alyazahrarr/tubesss/tubes_dagoz/install/msgs/share/msgs/hook/pythonpath.dsv'
[2.050s] INFO:colcon.colcon_core.shell:Creating environment hook '/home/alyazahrarr/tubesss/tubes_dagoz/install/msgs/share/msgs/hook/pythonpath.sh'
[2.051s] Level 1:colcon.colcon_core.environment:checking '/home/alyazahrarr/tubesss/tubes_dagoz/install/msgs/bin'
[2.052s] INFO:colcon.colcon_core.shell:Creating package script '/home/alyazahrarr/tubesss/tubes_dagoz/install/msgs/share/msgs/package.ps1'
[2.053s] INFO:colcon.colcon_core.shell:Creating package descriptor '/home/alyazahrarr/tubesss/tubes_dagoz/install/msgs/share/msgs/package.dsv'
[2.055s] INFO:colcon.colcon_core.shell:Creating package script '/home/alyazahrarr/tubesss/tubes_dagoz/install/msgs/share/msgs/package.sh'
[2.056s] INFO:colcon.colcon_core.shell:Creating package script '/home/alyazahrarr/tubesss/tubes_dagoz/install/msgs/share/msgs/package.bash'
[2.056s] INFO:colcon.colcon_core.shell:Creating package script '/home/alyazahrarr/tubesss/tubes_dagoz/install/msgs/share/msgs/package.zsh'
[2.057s] Level 1:colcon.colcon_core.environment:create_file_with_runtime_dependencies(/home/alyazahrarr/tubesss/tubes_dagoz/install/msgs/share/colcon-core/packages/msgs)
[2.226s] DEBUG:colcon.colcon_core.event_handler.log_command:Invoked command in '/home/alyazahrarr/tubesss/tubes_dagoz/build/ros2_socketcan' returned '0': AMENT_PREFIX_PATH=/home/alyazahrarr/tubesss/tubes_dagoz/install/ros2_socketcan_msgs:/home/alyazahrarr/tubesss/tubes_dagoz/install/can_msgs:${AMENT_PREFIX_PATH} CMAKE_PREFIX_PATH=/home/alyazahrarr/tubesss/tubes_dagoz/install/ros2_socketcan_msgs:/home/alyazahrarr/tubesss/tubes_dagoz/install/can_msgs:/home/alyazahrarr/ros2_ws/install/my_package:/home/alyazahrarr/ros2_ws/install/examples_rclcpp_wait_set:/home/alyazahrarr/ros2_ws/install/examples_rclcpp_multithreaded_executor:/home/alyazahrarr/ros2_ws/install/examples_rclcpp_minimal_timer:/home/alyazahrarr/ros2_ws/install/examples_rclcpp_minimal_subscriber:/home/alyazahrarr/ros2_ws/install/examples_rclcpp_minimal_service:/home/alyazahrarr/ros2_ws/install/examples_rclcpp_minimal_publisher:/home/alyazahrarr/ros2_ws/install/examples_rclcpp_minimal_composition:/home/alyazahrarr/ros2_ws/install/examples_rclcpp_minimal_client:/home/alyazahrarr/ros2_ws/install/examples_rclcpp_minimal_action_server:/home/alyazahrarr/ros2_ws/install/examples_rclcpp_minimal_action_client:/home/alyazahrarr/ros2_ws/install/examples_rclcpp_cbg_executor:/home/alyazahrarr/ros2_ws/install/examples_rclcpp_async_client:/opt/ros/jazzy/opt/gz_math_vendor:/opt/ros/jazzy/opt/gz_utils_vendor:/opt/ros/jazzy/opt/gz_cmake_vendor:/home/alyazahrarr/ros2_ws/install/launch_testing_examples:/home/alyazahrarr/ros2_ws/install/examples_rclpy_pointcloud_publisher:/home/alyazahrarr/ros2_ws/install/examples_rclpy_minimal_subscriber:/home/alyazahrarr/ros2_ws/install/examples_rclpy_minimal_service:/home/alyazahrarr/ros2_ws/install/examples_rclpy_minimal_publisher:/home/alyazahrarr/ros2_ws/install/examples_rclpy_minimal_client:/home/alyazahrarr/ros2_ws/install/examples_rclpy_minimal_action_server:/home/alyazahrarr/ros2_ws/install/examples_rclpy_minimal_action_client:/home/alyazahrarr/ros2_ws/install/examples_rclpy_guard_conditions:/home/alyazahrarr/ros2_ws/install/examples_rclpy_executors:/opt/ros/jazzy DEBUGINFOD_URLS=https://debuginfod.ubuntu.com LD_LIBRARY_PATH=/home/alyazahrarr/tubesss/tubes_dagoz/install/ros2_socketcan_msgs/lib:/home/alyazahrarr/tubesss/tubes_dagoz/install/can_msgs/lib:${LD_LIBRARY_PATH} PYTHONPATH=/home/alyazahrarr/tubesss/tubes_dagoz/install/ros2_socketcan_msgs/lib/python3.12/site-packages:/home/alyazahrarr/tubesss/tubes_dagoz/install/can_msgs/lib/python3.12/site-packages:${PYTHONPATH} /usr/bin/cmake --build /home/alyazahrarr/tubesss/tubes_dagoz/build/ros2_socketcan -- -j8 -l8
[2.311s] DEBUG:colcon.colcon_core.event_handler.log_command:Invoking command in '/home/alyazahrarr/tubesss/tubes_dagoz/build/ros2_socketcan': AMENT_PREFIX_PATH=/home/alyazahrarr/tubesss/tubes_dagoz/install/ros2_socketcan_msgs:/home/alyazahrarr/tubesss/tubes_dagoz/install/can_msgs:${AMENT_PREFIX_PATH} CMAKE_PREFIX_PATH=/home/alyazahrarr/tubesss/tubes_dagoz/install/ros2_socketcan_msgs:/home/alyazahrarr/tubesss/tubes_dagoz/install/can_msgs:/home/alyazahrarr/ros2_ws/install/my_package:/home/alyazahrarr/ros2_ws/install/examples_rclcpp_wait_set:/home/alyazahrarr/ros2_ws/install/examples_rclcpp_multithreaded_executor:/home/alyazahrarr/ros2_ws/install/examples_rclcpp_minimal_timer:/home/alyazahrarr/ros2_ws/install/examples_rclcpp_minimal_subscriber:/home/alyazahrarr/ros2_ws/install/examples_rclcpp_minimal_service:/home/alyazahrarr/ros2_ws/install/examples_rclcpp_minimal_publisher:/home/alyazahrarr/ros2_ws/install/examples_rclcpp_minimal_composition:/home/alyazahrarr/ros2_ws/install/examples_rclcpp_minimal_client:/home/alyazahrarr/ros2_ws/install/examples_rclcpp_minimal_action_server:/home/alyazahrarr/ros2_ws/install/examples_rclcpp_minimal_action_client:/home/alyazahrarr/ros2_ws/install/examples_rclcpp_cbg_executor:/home/alyazahrarr/ros2_ws/install/examples_rclcpp_async_client:/opt/ros/jazzy/opt/gz_math_vendor:/opt/ros/jazzy/opt/gz_utils_vendor:/opt/ros/jazzy/opt/gz_cmake_vendor:/home/alyazahrarr/ros2_ws/install/launch_testing_examples:/home/alyazahrarr/ros2_ws/install/examples_rclpy_pointcloud_publisher:/home/alyazahrarr/ros2_ws/install/examples_rclpy_minimal_subscriber:/home/alyazahrarr/ros2_ws/install/examples_rclpy_minimal_service:/home/alyazahrarr/ros2_ws/install/examples_rclpy_minimal_publisher:/home/alyazahrarr/ros2_ws/install/examples_rclpy_minimal_client:/home/alyazahrarr/ros2_ws/install/examples_rclpy_minimal_action_server:/home/alyazahrarr/ros2_ws/install/examples_rclpy_minimal_action_client:/home/alyazahrarr/ros2_ws/install/examples_rclpy_guard_conditions:/home/alyazahrarr/ros2_ws/install/examples_rclpy_executors:/opt/ros/jazzy DEBUGINFOD_URLS=https://debuginfod.ubuntu.com LD_LIBRARY_PATH=/home/alyazahrarr/tubesss/tubes_dagoz/install/ros2_socketcan_msgs/lib:/home/alyazahrarr/tubesss/tubes_dagoz/install/can_msgs/lib:${LD_LIBRARY_PATH} PYTHONPATH=/home/alyazahrarr/tubesss/tubes_dagoz/install/ros2_socketcan_msgs/lib/python3.12/site-packages:/home/alyazahrarr/tubesss/tubes_dagoz/install/can_msgs/lib/python3.12/site-packages:${PYTHONPATH} /usr/bin/cmake --install /home/alyazahrarr/tubesss/tubes_dagoz/build/ros2_socketcan
[2.337s] Level 1:colcon.colcon_core.environment:create_environment_scripts_only(ros2_socketcan)
[2.338s] Level 1:colcon.colcon_core.environment:checking '/home/alyazahrarr/tubesss/tubes_dagoz/install/ros2_socketcan' for CMake module files
[2.339s] DEBUG:colcon.colcon_core.event_handler.log_command:Invoked command in '/home/alyazahrarr/tubesss/tubes_dagoz/build/ros2_socketcan' returned '0': AMENT_PREFIX_PATH=/home/alyazahrarr/tubesss/tubes_dagoz/install/ros2_socketcan_msgs:/home/alyazahrarr/tubesss/tubes_dagoz/install/can_msgs:${AMENT_PREFIX_PATH} CMAKE_PREFIX_PATH=/home/alyazahrarr/tubesss/tubes_dagoz/install/ros2_socketcan_msgs:/home/alyazahrarr/tubesss/tubes_dagoz/install/can_msgs:/home/alyazahrarr/ros2_ws/install/my_package:/home/alyazahrarr/ros2_ws/install/examples_rclcpp_wait_set:/home/alyazahrarr/ros2_ws/install/examples_rclcpp_multithreaded_executor:/home/alyazahrarr/ros2_ws/install/examples_rclcpp_minimal_timer:/home/alyazahrarr/ros2_ws/install/examples_rclcpp_minimal_subscriber:/home/alyazahrarr/ros2_ws/install/examples_rclcpp_minimal_service:/home/alyazahrarr/ros2_ws/install/examples_rclcpp_minimal_publisher:/home/alyazahrarr/ros2_ws/install/examples_rclcpp_minimal_composition:/home/alyazahrarr/ros2_ws/install/examples_rclcpp_minimal_client:/home/alyazahrarr/ros2_ws/install/examples_rclcpp_minimal_action_server:/home/alyazahrarr/ros2_ws/install/examples_rclcpp_minimal_action_client:/home/alyazahrarr/ros2_ws/install/examples_rclcpp_cbg_executor:/home/alyazahrarr/ros2_ws/install/examples_rclcpp_async_client:/opt/ros/jazzy/opt/gz_math_vendor:/opt/ros/jazzy/opt/gz_utils_vendor:/opt/ros/jazzy/opt/gz_cmake_vendor:/home/alyazahrarr/ros2_ws/install/launch_testing_examples:/home/alyazahrarr/ros2_ws/install/examples_rclpy_pointcloud_publisher:/home/alyazahrarr/ros2_ws/install/examples_rclpy_minimal_subscriber:/home/alyazahrarr/ros2_ws/install/examples_rclpy_minimal_service:/home/alyazahrarr/ros2_ws/install/examples_rclpy_minimal_publisher:/home/alyazahrarr/ros2_ws/install/examples_rclpy_minimal_client:/home/alyazahrarr/ros2_ws/install/examples_rclpy_minimal_action_server:/home/alyazahrarr/ros2_ws/install/examples_rclpy_minimal_action_client:/home/alyazahrarr/ros2_ws/install/examples_rclpy_guard_conditions:/home/alyazahrarr/ros2_ws/install/examples_rclpy_executors:/opt/ros/jazzy DEBUGINFOD_URLS=https://debuginfod.ubuntu.com LD_LIBRARY_PATH=/home/alyazahrarr/tubesss/tubes_dagoz/install/ros2_socketcan_msgs/lib:/home/alyazahrarr/tubesss/tubes_dagoz/install/can_msgs/lib:${LD_LIBRARY_PATH} PYTHONPATH=/home/alyazahrarr/tubesss/tubes_dagoz/install/ros2_socketcan_msgs/lib/python3.12/site-packages:/home/alyazahrarr/tubesss/tubes_dagoz/install/can_msgs/lib/python3.12/site-packages:${PYTHONPATH} /usr/bin/cmake --install /home/alyazahrarr/tubesss/tubes_dagoz/build/ros2_socketcan
[2.340s] Level 1:colcon.colcon_core.environment:checking '/home/alyazahrarr/tubesss/tubes_dagoz/install/ros2_socketcan' for CMake config files
[2.340s] Level 1:colcon.colcon_core.shell:create_environment_hook('ros2_socketcan', 'cmake_prefix_path')
[2.340s] INFO:colcon.colcon_core.shell:Creating environment hook '/home/alyazahrarr/tubesss/tubes_dagoz/install/ros2_socketcan/share/ros2_socketcan/hook/cmake_prefix_path.ps1'
[2.341s] INFO:colcon.colcon_core.shell:Creating environment descriptor '/home/alyazahrarr/tubesss/tubes_dagoz/install/ros2_socketcan/share/ros2_socketcan/hook/cmake_prefix_path.dsv'
[2.342s] INFO:colcon.colcon_core.shell:Creating environment hook '/home/alyazahrarr/tubesss/tubes_dagoz/install/ros2_socketcan/share/ros2_socketcan/hook/cmake_prefix_path.sh'
[2.342s] Level 1:colcon.colcon_core.environment:checking '/home/alyazahrarr/tubesss/tubes_dagoz/install/ros2_socketcan/lib'
[2.343s] Level 1:colcon.colcon_core.shell:create_environment_hook('ros2_socketcan', 'ld_library_path_lib')
[2.343s] INFO:colcon.colcon_core.shell:Creating environment hook '/home/alyazahrarr/tubesss/tubes_dagoz/install/ros2_socketcan/share/ros2_socketcan/hook/ld_library_path_lib.ps1'
[2.343s] INFO:colcon.colcon_core.shell:Creating environment descriptor '/home/alyazahrarr/tubesss/tubes_dagoz/install/ros2_socketcan/share/ros2_socketcan/hook/ld_library_path_lib.dsv'
[2.344s] INFO:colcon.colcon_core.shell:Creating environment hook '/home/alyazahrarr/tubesss/tubes_dagoz/install/ros2_socketcan/share/ros2_socketcan/hook/ld_library_path_lib.sh'
[2.344s] Level 1:colcon.colcon_core.environment:checking '/home/alyazahrarr/tubesss/tubes_dagoz/install/ros2_socketcan/bin'
[2.344s] Level 1:colcon.colcon_core.environment:checking '/home/alyazahrarr/tubesss/tubes_dagoz/install/ros2_socketcan/lib/pkgconfig/ros2_socketcan.pc'
[2.345s] Level 1:colcon.colcon_core.environment:checking '/home/alyazahrarr/tubesss/tubes_dagoz/install/ros2_socketcan/lib/python3.12/site-packages'
[2.345s] Level 1:colcon.colcon_core.environment:checking '/home/alyazahrarr/tubesss/tubes_dagoz/install/ros2_socketcan/bin'
[2.345s] INFO:colcon.colcon_core.shell:Creating package script '/home/alyazahrarr/tubesss/tubes_dagoz/install/ros2_socketcan/share/ros2_socketcan/package.ps1'
[2.346s] INFO:colcon.colcon_core.shell:Creating package descriptor '/home/alyazahrarr/tubesss/tubes_dagoz/install/ros2_socketcan/share/ros2_socketcan/package.dsv'
[2.346s] INFO:colcon.colcon_core.shell:Creating package script '/home/alyazahrarr/tubesss/tubes_dagoz/install/ros2_socketcan/share/ros2_socketcan/package.sh'
[2.347s] INFO:colcon.colcon_core.shell:Creating package script '/home/alyazahrarr/tubesss/tubes_dagoz/install/ros2_socketcan/share/ros2_socketcan/package.bash'
[2.348s] INFO:colcon.colcon_core.shell:Creating package script '/home/alyazahrarr/tubesss/tubes_dagoz/install/ros2_socketcan/share/ros2_socketcan/package.zsh'
[2.349s] Level 1:colcon.colcon_core.environment:create_file_with_runtime_dependencies(/home/alyazahrarr/tubesss/tubes_dagoz/install/ros2_socketcan/share/colcon-core/packages/ros2_socketcan)
[2.428s] Level 1:colcon.colcon_core.environment:create_environment_scripts_only(ros2_socketcan)
[2.428s] Level 1:colcon.colcon_core.environment:checking '/home/alyazahrarr/tubesss/tubes_dagoz/install/ros2_socketcan' for CMake module files
[2.429s] Level 1:colcon.colcon_core.environment:checking '/home/alyazahrarr/tubesss/tubes_dagoz/install/ros2_socketcan' for CMake config files
[2.429s] Level 1:colcon.colcon_core.shell:create_environment_hook('ros2_socketcan', 'cmake_prefix_path')
[2.429s] INFO:colcon.colcon_core.shell:Creating environment hook '/home/alyazahrarr/tubesss/tubes_dagoz/install/ros2_socketcan/share/ros2_socketcan/hook/cmake_prefix_path.ps1'
[2.430s] INFO:colcon.colcon_core.shell:Creating environment descriptor '/home/alyazahrarr/tubesss/tubes_dagoz/install/ros2_socketcan/share/ros2_socketcan/hook/cmake_prefix_path.dsv'
[2.430s] INFO:colcon.colcon_core.shell:Creating environment hook '/home/alyazahrarr/tubesss/tubes_dagoz/install/ros2_socketcan/share/ros2_socketcan/hook/cmake_prefix_path.sh'
[2.431s] Level 1:colcon.colcon_core.environment:checking '/home/alyazahrarr/tubesss/tubes_dagoz/install/ros2_socketcan/lib'
[2.431s] Level 1:colcon.colcon_core.shell:create_environment_hook('ros2_socketcan', 'ld_library_path_lib')
[2.432s] INFO:colcon.colcon_core.shell:Creating environment hook '/home/alyazahrarr/tubesss/tubes_dagoz/install/ros2_socketcan/share/ros2_socketcan/hook/ld_library_path_lib.ps1'
[2.432s] INFO:colcon.colcon_core.shell:Creating environment descriptor '/home/alyazahrarr/tubesss/tubes_dagoz/install/ros2_socketcan/share/ros2_socketcan/hook/ld_library_path_lib.dsv'
[2.433s] INFO:colcon.colcon_core.shell:Creating environment hook '/home/alyazahrarr/tubesss/tubes_dagoz/install/ros2_socketcan/share/ros2_socketcan/hook/ld_library_path_lib.sh'
[2.433s] Level 1:colcon.colcon_core.environment:checking '/home/alyazahrarr/tubesss/tubes_dagoz/install/ros2_socketcan/bin'
[2.433s] Level 1:colcon.colcon_core.environment:checking '/home/alyazahrarr/tubesss/tubes_dagoz/install/ros2_socketcan/lib/pkgconfig/ros2_socketcan.pc'
[2.434s] Level 1:colcon.colcon_core.environment:checking '/home/alyazahrarr/tubesss/tubes_dagoz/install/ros2_socketcan/lib/python3.12/site-packages'
[2.434s] Level 1:colcon.colcon_core.environment:checking '/home/alyazahrarr/tubesss/tubes_dagoz/install/ros2_socketcan/bin'
[2.435s] INFO:colcon.colcon_core.shell:Creating package script '/home/alyazahrarr/tubesss/tubes_dagoz/install/ros2_socketcan/share/ros2_socketcan/package.ps1'
[2.436s] INFO:colcon.colcon_core.shell:Creating package descriptor '/home/alyazahrarr/tubesss/tubes_dagoz/install/ros2_socketcan/share/ros2_socketcan/package.dsv'
[2.437s] INFO:colcon.colcon_core.shell:Creating package script '/home/alyazahrarr/tubesss/tubes_dagoz/install/ros2_socketcan/share/ros2_socketcan/package.sh'
[2.437s] INFO:colcon.colcon_core.shell:Creating package script '/home/alyazahrarr/tubesss/tubes_dagoz/install/ros2_socketcan/share/ros2_socketcan/package.bash'
[2.438s] INFO:colcon.colcon_core.shell:Creating package script '/home/alyazahrarr/tubesss/tubes_dagoz/install/ros2_socketcan/share/ros2_socketcan/package.zsh'
[2.439s] Level 1:colcon.colcon_core.environment:create_file_with_runtime_dependencies(/home/alyazahrarr/tubesss/tubes_dagoz/install/ros2_socketcan/share/colcon-core/packages/ros2_socketcan)
[2.439s] INFO:colcon.colcon_ros.task.ament_cmake.build:Building ROS package in '/home/alyazahrarr/tubesss/tubes_dagoz/src/control' with build type 'ament_cmake'
[2.440s] INFO:colcon.colcon_cmake.task.cmake.build:Building CMake package in '/home/alyazahrarr/tubesss/tubes_dagoz/src/control'
[2.441s] INFO:colcon.colcon_core.shell:Skip shell extension 'powershell' for command environment: Not usable outside of PowerShell
[2.441s] DEBUG:colcon.colcon_core.shell:Skip shell extension 'dsv' for command environment
[2.477s] DEBUG:colcon.colcon_core.event_handler.log_command:Invoking command in '/home/alyazahrarr/tubesss/tubes_dagoz/build/control': AMENT_PREFIX_PATH=/home/alyazahrarr/tubesss/tubes_dagoz/install/ros2_socketcan:/home/alyazahrarr/tubesss/tubes_dagoz/install/ros2_socketcan_msgs:/home/alyazahrarr/tubesss/tubes_dagoz/install/msgs:/home/alyazahrarr/tubesss/tubes_dagoz/install/can_msgs:${AMENT_PREFIX_PATH} CMAKE_PREFIX_PATH=/home/alyazahrarr/tubesss/tubes_dagoz/install/ros2_socketcan:/home/alyazahrarr/tubesss/tubes_dagoz/install/ros2_socketcan_msgs:/home/alyazahrarr/tubesss/tubes_dagoz/install/msgs:/home/alyazahrarr/tubesss/tubes_dagoz/install/can_msgs:/home/alyazahrarr/ros2_ws/install/my_package:/home/alyazahrarr/ros2_ws/install/examples_rclcpp_wait_set:/home/alyazahrarr/ros2_ws/install/examples_rclcpp_multithreaded_executor:/home/alyazahrarr/ros2_ws/install/examples_rclcpp_minimal_timer:/home/alyazahrarr/ros2_ws/install/examples_rclcpp_minimal_subscriber:/home/alyazahrarr/ros2_ws/install/examples_rclcpp_minimal_service:/home/alyazahrarr/ros2_ws/install/examples_rclcpp_minimal_publisher:/home/alyazahrarr/ros2_ws/install/examples_rclcpp_minimal_composition:/home/alyazahrarr/ros2_ws/install/examples_rclcpp_minimal_client:/home/alyazahrarr/ros2_ws/install/examples_rclcpp_minimal_action_server:/home/alyazahrarr/ros2_ws/install/examples_rclcpp_minimal_action_client:/home/alyazahrarr/ros2_ws/install/examples_rclcpp_cbg_executor:/home/alyazahrarr/ros2_ws/install/examples_rclcpp_async_client:/opt/ros/jazzy/opt/gz_math_vendor:/opt/ros/jazzy/opt/gz_utils_vendor:/opt/ros/jazzy/opt/gz_cmake_vendor:/home/alyazahrarr/ros2_ws/install/launch_testing_examples:/home/alyazahrarr/ros2_ws/install/examples_rclpy_pointcloud_publisher:/home/alyazahrarr/ros2_ws/install/examples_rclpy_minimal_subscriber:/home/alyazahrarr/ros2_ws/install/examples_rclpy_minimal_service:/home/alyazahrarr/ros2_ws/install/examples_rclpy_minimal_publisher:/home/alyazahrarr/ros2_ws/install/examples_rclpy_minimal_client:/home/alyazahrarr/ros2_ws/install/examples_rclpy_minimal_action_server:/home/alyazahrarr/ros2_ws/install/examples_rclpy_minimal_action_client:/home/alyazahrarr/ros2_ws/install/examples_rclpy_guard_conditions:/home/alyazahrarr/ros2_ws/install/examples_rclpy_executors:/opt/ros/jazzy DEBUGINFOD_URLS=https://debuginfod.ubuntu.com LD_LIBRARY_PATH=/home/alyazahrarr/tubesss/tubes_dagoz/install/ros2_socketcan/lib:/home/alyazahrarr/tubesss/tubes_dagoz/install/ros2_socketcan_msgs/lib:/home/alyazahrarr/tubesss/tubes_dagoz/install/msgs/lib:/home/alyazahrarr/tubesss/tubes_dagoz/install/can_msgs/lib:${LD_LIBRARY_PATH} PYTHONPATH=/home/alyazahrarr/tubesss/tubes_dagoz/install/ros2_socketcan_msgs/lib/python3.12/site-packages:/home/alyazahrarr/tubesss/tubes_dagoz/install/msgs/lib/python3.12/site-packages:/home/alyazahrarr/tubesss/tubes_dagoz/install/can_msgs/lib/python3.12/site-packages:${PYTHONPATH} /usr/bin/cmake --build /home/alyazahrarr/tubesss/tubes_dagoz/build/control -- -j8 -l8
[11.324s] DEBUG:colcon.colcon_core.event_handler.log_command:Invoked command in '/home/alyazahrarr/tubesss/tubes_dagoz/build/control' returned '0': AMENT_PREFIX_PATH=/home/alyazahrarr/tubesss/tubes_dagoz/install/ros2_socketcan:/home/alyazahrarr/tubesss/tubes_dagoz/install/ros2_socketcan_msgs:/home/alyazahrarr/tubesss/tubes_dagoz/install/msgs:/home/alyazahrarr/tubesss/tubes_dagoz/install/can_msgs:${AMENT_PREFIX_PATH} CMAKE_PREFIX_PATH=/home/alyazahrarr/tubesss/tubes_dagoz/install/ros2_socketcan:/home/alyazahrarr/tubesss/tubes_dagoz/install/ros2_socketcan_msgs:/home/alyazahrarr/tubesss/tubes_dagoz/install/msgs:/home/alyazahrarr/tubesss/tubes_dagoz/install/can_msgs:/home/alyazahrarr/ros2_ws/install/my_package:/home/alyazahrarr/ros2_ws/install/examples_rclcpp_wait_set:/home/alyazahrarr/ros2_ws/install/examples_rclcpp_multithreaded_executor:/home/alyazahrarr/ros2_ws/install/examples_rclcpp_minimal_timer:/home/alyazahrarr/ros2_ws/install/examples_rclcpp_minimal_subscriber:/home/alyazahrarr/ros2_ws/install/examples_rclcpp_minimal_service:/home/alyazahrarr/ros2_ws/install/examples_rclcpp_minimal_publisher:/home/alyazahrarr/ros2_ws/install/examples_rclcpp_minimal_composition:/home/alyazahrarr/ros2_ws/install/examples_rclcpp_minimal_client:/home/alyazahrarr/ros2_ws/install/examples_rclcpp_minimal_action_server:/home/alyazahrarr/ros2_ws/install/examples_rclcpp_minimal_action_client:/home/alyazahrarr/ros2_ws/install/examples_rclcpp_cbg_executor:/home/alyazahrarr/ros2_ws/install/examples_rclcpp_async_client:/opt/ros/jazzy/opt/gz_math_vendor:/opt/ros/jazzy/opt/gz_utils_vendor:/opt/ros/jazzy/opt/gz_cmake_vendor:/home/alyazahrarr/ros2_ws/install/launch_testing_examples:/home/alyazahrarr/ros2_ws/install/examples_rclpy_pointcloud_publisher:/home/alyazahrarr/ros2_ws/install/examples_rclpy_minimal_subscriber:/home/alyazahrarr/ros2_ws/install/examples_rclpy_minimal_service:/home/alyazahrarr/ros2_ws/install/examples_rclpy_minimal_publisher:/home/alyazahrarr/ros2_ws/install/examples_rclpy_minimal_client:/home/alyazahrarr/ros2_ws/install/examples_rclpy_minimal_action_server:/home/alyazahrarr/ros2_ws/install/examples_rclpy_minimal_action_client:/home/alyazahrarr/ros2_ws/install/examples_rclpy_guard_conditions:/home/alyazahrarr/ros2_ws/install/examples_rclpy_executors:/opt/ros/jazzy DEBUGINFOD_URLS=https://debuginfod.ubuntu.com LD_LIBRARY_PATH=/home/alyazahrarr/tubesss/tubes_dagoz/install/ros2_socketcan/lib:/home/alyazahrarr/tubesss/tubes_dagoz/install/ros2_socketcan_msgs/lib:/home/alyazahrarr/tubesss/tubes_dagoz/install/msgs/lib:/home/alyazahrarr/tubesss/tubes_dagoz/install/can_msgs/lib:${LD_LIBRARY_PATH} PYTHONPATH=/home/alyazahrarr/tubesss/tubes_dagoz/install/ros2_socketcan_msgs/lib/python3.12/site-packages:/home/alyazahrarr/tubesss/tubes_dagoz/install/msgs/lib/python3.12/site-packages:/home/alyazahrarr/tubesss/tubes_dagoz/install/can_msgs/lib/python3.12/site-packages:${PYTHONPATH} /usr/bin/cmake --build /home/alyazahrarr/tubesss/tubes_dagoz/build/control -- -j8 -l8
[11.364s] DEBUG:colcon.colcon_core.event_handler.log_command:Invoking command in '/home/alyazahrarr/tubesss/tubes_dagoz/build/control': AMENT_PREFIX_PATH=/home/alyazahrarr/tubesss/tubes_dagoz/install/ros2_socketcan:/home/alyazahrarr/tubesss/tubes_dagoz/install/ros2_socketcan_msgs:/home/alyazahrarr/tubesss/tubes_dagoz/install/msgs:/home/alyazahrarr/tubesss/tubes_dagoz/install/can_msgs:${AMENT_PREFIX_PATH} CMAKE_PREFIX_PATH=/home/alyazahrarr/tubesss/tubes_dagoz/install/ros2_socketcan:/home/alyazahrarr/tubesss/tubes_dagoz/install/ros2_socketcan_msgs:/home/alyazahrarr/tubesss/tubes_dagoz/install/msgs:/home/alyazahrarr/tubesss/tubes_dagoz/install/can_msgs:/home/alyazahrarr/ros2_ws/install/my_package:/home/alyazahrarr/ros2_ws/install/examples_rclcpp_wait_set:/home/alyazahrarr/ros2_ws/install/examples_rclcpp_multithreaded_executor:/home/alyazahrarr/ros2_ws/install/examples_rclcpp_minimal_timer:/home/alyazahrarr/ros2_ws/install/examples_rclcpp_minimal_subscriber:/home/alyazahrarr/ros2_ws/install/examples_rclcpp_minimal_service:/home/alyazahrarr/ros2_ws/install/examples_rclcpp_minimal_publisher:/home/alyazahrarr/ros2_ws/install/examples_rclcpp_minimal_composition:/home/alyazahrarr/ros2_ws/install/examples_rclcpp_minimal_client:/home/alyazahrarr/ros2_ws/install/examples_rclcpp_minimal_action_server:/home/alyazahrarr/ros2_ws/install/examples_rclcpp_minimal_action_client:/home/alyazahrarr/ros2_ws/install/examples_rclcpp_cbg_executor:/home/alyazahrarr/ros2_ws/install/examples_rclcpp_async_client:/opt/ros/jazzy/opt/gz_math_vendor:/opt/ros/jazzy/opt/gz_utils_vendor:/opt/ros/jazzy/opt/gz_cmake_vendor:/home/alyazahrarr/ros2_ws/install/launch_testing_examples:/home/alyazahrarr/ros2_ws/install/examples_rclpy_pointcloud_publisher:/home/alyazahrarr/ros2_ws/install/examples_rclpy_minimal_subscriber:/home/alyazahrarr/ros2_ws/install/examples_rclpy_minimal_service:/home/alyazahrarr/ros2_ws/install/examples_rclpy_minimal_publisher:/home/alyazahrarr/ros2_ws/install/examples_rclpy_minimal_client:/home/alyazahrarr/ros2_ws/install/examples_rclpy_minimal_action_server:/home/alyazahrarr/ros2_ws/install/examples_rclpy_minimal_action_client:/home/alyazahrarr/ros2_ws/install/examples_rclpy_guard_conditions:/home/alyazahrarr/ros2_ws/install/examples_rclpy_executors:/opt/ros/jazzy DEBUGINFOD_URLS=https://debuginfod.ubuntu.com LD_LIBRARY_PATH=/home/alyazahrarr/tubesss/tubes_dagoz/install/ros2_socketcan/lib:/home/alyazahrarr/tubesss/tubes_dagoz/install/ros2_socketcan_msgs/lib:/home/alyazahrarr/tubesss/tubes_dagoz/install/msgs/lib:/home/alyazahrarr/tubesss/tubes_dagoz/install/can_msgs/lib:${LD_LIBRARY_PATH} PYTHONPATH=/home/alyazahrarr/tubesss/tubes_dagoz/install/ros2_socketcan_msgs/lib/python3.12/site-packages:/home/alyazahrarr/tubesss/tubes_dagoz/install/msgs/lib/python3.12/site-packages:/home/alyazahrarr/tubesss/tubes_dagoz/install/can_msgs/lib/python3.12/site-packages:${PYTHONPATH} /usr/bin/cmake --install /home/alyazahrarr/tubesss/tubes_dagoz/build/control
[11.388s] Level 1:colcon.colcon_core.environment:create_environment_scripts_only(control)
[11.389s] DEBUG:colcon.colcon_core.event_handler.log_command:Invoked command in '/home/alyazahrarr/tubesss/tubes_dagoz/build/control' returned '0': AMENT_PREFIX_PATH=/home/alyazahrarr/tubesss/tubes_dagoz/install/ros2_socketcan:/home/alyazahrarr/tubesss/tubes_dagoz/install/ros2_socketcan_msgs:/home/alyazahrarr/tubesss/tubes_dagoz/install/msgs:/home/alyazahrarr/tubesss/tubes_dagoz/install/can_msgs:${AMENT_PREFIX_PATH} CMAKE_PREFIX_PATH=/home/alyazahrarr/tubesss/tubes_dagoz/install/ros2_socketcan:/home/alyazahrarr/tubesss/tubes_dagoz/install/ros2_socketcan_msgs:/home/alyazahrarr/tubesss/tubes_dagoz/install/msgs:/home/alyazahrarr/tubesss/tubes_dagoz/install/can_msgs:/home/alyazahrarr/ros2_ws/install/my_package:/home/alyazahrarr/ros2_ws/install/examples_rclcpp_wait_set:/home/alyazahrarr/ros2_ws/install/examples_rclcpp_multithreaded_executor:/home/alyazahrarr/ros2_ws/install/examples_rclcpp_minimal_timer:/home/alyazahrarr/ros2_ws/install/examples_rclcpp_minimal_subscriber:/home/alyazahrarr/ros2_ws/install/examples_rclcpp_minimal_service:/home/alyazahrarr/ros2_ws/install/examples_rclcpp_minimal_publisher:/home/alyazahrarr/ros2_ws/install/examples_rclcpp_minimal_composition:/home/alyazahrarr/ros2_ws/install/examples_rclcpp_minimal_client:/home/alyazahrarr/ros2_ws/install/examples_rclcpp_minimal_action_server:/home/alyazahrarr/ros2_ws/install/examples_rclcpp_minimal_action_client:/home/alyazahrarr/ros2_ws/install/examples_rclcpp_cbg_executor:/home/alyazahrarr/ros2_ws/install/examples_rclcpp_async_client:/opt/ros/jazzy/opt/gz_math_vendor:/opt/ros/jazzy/opt/gz_utils_vendor:/opt/ros/jazzy/opt/gz_cmake_vendor:/home/alyazahrarr/ros2_ws/install/launch_testing_examples:/home/alyazahrarr/ros2_ws/install/examples_rclpy_pointcloud_publisher:/home/alyazahrarr/ros2_ws/install/examples_rclpy_minimal_subscriber:/home/alyazahrarr/ros2_ws/install/examples_rclpy_minimal_service:/home/alyazahrarr/ros2_ws/install/examples_rclpy_minimal_publisher:/home/alyazahrarr/ros2_ws/install/examples_rclpy_minimal_client:/home/alyazahrarr/ros2_ws/install/examples_rclpy_minimal_action_server:/home/alyazahrarr/ros2_ws/install/examples_rclpy_minimal_action_client:/home/alyazahrarr/ros2_ws/install/examples_rclpy_guard_conditions:/home/alyazahrarr/ros2_ws/install/examples_rclpy_executors:/opt/ros/jazzy DEBUGINFOD_URLS=https://debuginfod.ubuntu.com LD_LIBRARY_PATH=/home/alyazahrarr/tubesss/tubes_dagoz/install/ros2_socketcan/lib:/home/alyazahrarr/tubesss/tubes_dagoz/install/ros2_socketcan_msgs/lib:/home/alyazahrarr/tubesss/tubes_dagoz/install/msgs/lib:/home/alyazahrarr/tubesss/tubes_dagoz/install/can_msgs/lib:${LD_LIBRARY_PATH} PYTHONPATH=/home/alyazahrarr/tubesss/tubes_dagoz/install/ros2_socketcan_msgs/lib/python3.12/site-packages:/home/alyazahrarr/tubesss/tubes_dagoz/install/msgs/lib/python3.12/site-packages:/home/alyazahrarr/tubesss/tubes_dagoz/install/can_msgs/lib/python3.12/site-packages:${PYTHONPATH} /usr/bin/cmake --install /home/alyazahrarr/tubesss/tubes_dagoz/build/control
[11.389s] Level 1:colcon.colcon_core.environment:checking '/home/alyazahrarr/tubesss/tubes_dagoz/install/control' for CMake module files
[11.390s] Level 1:colcon.colcon_core.environment:checking '/home/alyazahrarr/tubesss/tubes_dagoz/install/control' for CMake config files
[11.390s] Level 1:colcon.colcon_core.shell:create_environment_hook('control', 'cmake_prefix_path')
[11.390s] INFO:colcon.colcon_core.shell:Creating environment hook '/home/alyazahrarr/tubesss/tubes_dagoz/install/control/share/control/hook/cmake_prefix_path.ps1'
[11.391s] INFO:colcon.colcon_core.shell:Creating environment descriptor '/home/alyazahrarr/tubesss/tubes_dagoz/install/control/share/control/hook/cmake_prefix_path.dsv'
[11.391s] INFO:colcon.colcon_core.shell:Creating environment hook '/home/alyazahrarr/tubesss/tubes_dagoz/install/control/share/control/hook/cmake_prefix_path.sh'
[11.392s] Level 1:colcon.colcon_core.environment:checking '/home/alyazahrarr/tubesss/tubes_dagoz/install/control/lib'
[11.392s] Level 1:colcon.colcon_core.environment:checking '/home/alyazahrarr/tubesss/tubes_dagoz/install/control/bin'
[11.392s] Level 1:colcon.colcon_core.environment:checking '/home/alyazahrarr/tubesss/tubes_dagoz/install/control/lib/pkgconfig/control.pc'
[11.392s] Level 1:colcon.colcon_core.environment:checking '/home/alyazahrarr/tubesss/tubes_dagoz/install/control/lib/python3.12/site-packages'
[11.393s] Level 1:colcon.colcon_core.environment:checking '/home/alyazahrarr/tubesss/tubes_dagoz/install/control/bin'
[11.393s] INFO:colcon.colcon_core.shell:Creating package script '/home/alyazahrarr/tubesss/tubes_dagoz/install/control/share/control/package.ps1'
[11.393s] INFO:colcon.colcon_core.shell:Creating package descriptor '/home/alyazahrarr/tubesss/tubes_dagoz/install/control/share/control/package.dsv'
[11.394s] INFO:colcon.colcon_core.shell:Creating package script '/home/alyazahrarr/tubesss/tubes_dagoz/install/control/share/control/package.sh'
[11.394s] INFO:colcon.colcon_core.shell:Creating package script '/home/alyazahrarr/tubesss/tubes_dagoz/install/control/share/control/package.bash'
[11.395s] INFO:colcon.colcon_core.shell:Creating package script '/home/alyazahrarr/tubesss/tubes_dagoz/install/control/share/control/package.zsh'
[11.395s] Level 1:colcon.colcon_core.environment:create_file_with_runtime_dependencies(/home/alyazahrarr/tubesss/tubes_dagoz/install/control/share/colcon-core/packages/control)
[11.434s] Level 1:colcon.colcon_core.environment:create_environment_scripts_only(control)
[11.435s] Level 1:colcon.colcon_core.environment:checking '/home/alyazahrarr/tubesss/tubes_dagoz/install/control' for CMake module files
[11.436s] Level 1:colcon.colcon_core.environment:checking '/home/alyazahrarr/tubesss/tubes_dagoz/install/control' for CMake config files
[11.436s] Level 1:colcon.colcon_core.shell:create_environment_hook('control', 'cmake_prefix_path')
[11.436s] INFO:colcon.colcon_core.shell:Creating environment hook '/home/alyazahrarr/tubesss/tubes_dagoz/install/control/share/control/hook/cmake_prefix_path.ps1'
[11.437s] INFO:colcon.colcon_core.shell:Creating environment descriptor '/home/alyazahrarr/tubesss/tubes_dagoz/install/control/share/control/hook/cmake_prefix_path.dsv'
[11.438s] INFO:colcon.colcon_core.shell:Creating environment hook '/home/alyazahrarr/tubesss/tubes_dagoz/install/control/share/control/hook/cmake_prefix_path.sh'
[11.439s] Level 1:colcon.colcon_core.environment:checking '/home/alyazahrarr/tubesss/tubes_dagoz/install/control/lib'
[11.439s] Level 1:colcon.colcon_core.environment:checking '/home/alyazahrarr/tubesss/tubes_dagoz/install/control/bin'
[11.439s] Level 1:colcon.colcon_core.environment:checking '/home/alyazahrarr/tubesss/tubes_dagoz/install/control/lib/pkgconfig/control.pc'
[11.439s] Level 1:colcon.colcon_core.environment:checking '/home/alyazahrarr/tubesss/tubes_dagoz/install/control/lib/python3.12/site-packages'
[11.440s] Level 1:colcon.colcon_core.environment:checking '/home/alyazahrarr/tubesss/tubes_dagoz/install/control/bin'
[11.440s] INFO:colcon.colcon_core.shell:Creating package script '/home/alyazahrarr/tubesss/tubes_dagoz/install/control/share/control/package.ps1'
[11.441s] INFO:colcon.colcon_core.shell:Creating package descriptor '/home/alyazahrarr/tubesss/tubes_dagoz/install/control/share/control/package.dsv'
[11.442s] INFO:colcon.colcon_core.shell:Creating package script '/home/alyazahrarr/tubesss/tubes_dagoz/install/control/share/control/package.sh'
[11.443s] INFO:colcon.colcon_core.shell:Creating package script '/home/alyazahrarr/tubesss/tubes_dagoz/install/control/share/control/package.bash'
[11.443s] INFO:colcon.colcon_core.shell:Creating package script '/home/alyazahrarr/tubesss/tubes_dagoz/install/control/share/control/package.zsh'
[11.444s] Level 1:colcon.colcon_core.environment:create_file_with_runtime_dependencies(/home/alyazahrarr/tubesss/tubes_dagoz/install/control/share/colcon-core/packages/control)
[11.444s] DEBUG:colcon.colcon_parallel_executor.executor.parallel:closing loop
[11.445s] DEBUG:colcon.colcon_parallel_executor.executor.parallel:loop closed
[11.445s] DEBUG:colcon.colcon_parallel_executor.executor.parallel:run_until_complete finished with '0'
[11.445s] DEBUG:colcon.colcon_core.event_reactor:joining thread
[11.459s] INFO:colcon.colcon_core.plugin_system:Skipping extension 'colcon_notification.desktop_notification.terminal_notifier': Not used on non-Darwin systems
[11.459s] INFO:colcon.colcon_core.plugin_system:Skipping extension 'colcon_notification.desktop_notification.win32': Not used on non-Windows systems
[11.459s] INFO:colcon.colcon_notification.desktop_notification:Sending desktop notification using 'notify2'
[11.484s] DEBUG:colcon.colcon_core.event_reactor:joined thread
[11.484s] INFO:colcon.colcon_core.shell:Creating prefix script '/home/alyazahrarr/tubesss/tubes_dagoz/install/local_setup.ps1'
[11.485s] INFO:colcon.colcon_core.shell:Creating prefix util module '/home/alyazahrarr/tubesss/tubes_dagoz/install/_local_setup_util_ps1.py'
[11.487s] INFO:colcon.colcon_core.shell:Creating prefix chain script '/home/alyazahrarr/tubesss/tubes_dagoz/install/setup.ps1'
[11.490s] INFO:colcon.colcon_core.shell:Creating prefix script '/home/alyazahrarr/tubesss/tubes_dagoz/install/local_setup.sh'
[11.490s] INFO:colcon.colcon_core.shell:Creating prefix util module '/home/alyazahrarr/tubesss/tubes_dagoz/install/_local_setup_util_sh.py'
[11.491s] INFO:colcon.colcon_core.shell:Creating prefix chain script '/home/alyazahrarr/tubesss/tubes_dagoz/install/setup.sh'
[11.494s] INFO:colcon.colcon_core.shell:Creating prefix script '/home/alyazahrarr/tubesss/tubes_dagoz/install/local_setup.bash'
[11.494s] INFO:colcon.colcon_core.shell:Creating prefix chain script '/home/alyazahrarr/tubesss/tubes_dagoz/install/setup.bash'
[11.496s] INFO:colcon.colcon_core.shell:Creating prefix script '/home/alyazahrarr/tubesss/tubes_dagoz/install/local_setup.zsh'
[11.497s] INFO:colcon.colcon_core.shell:Creating prefix chain script '/home/alyazahrarr/tubesss/tubes_dagoz/install/setup.zsh'
