-- Found ament_cmake: 2.5.2 (/opt/ros/jazzy/share/ament_cmake/cmake)
-- Found rclcpp: 28.1.4 (/opt/ros/jazzy/share/rclcpp/cmake)
-- Found rosidl_generator_c: 4.6.4 (/opt/ros/jazzy/share/rosidl_generator_c/cmake)
-- Found rosidl_generator_cpp: 4.6.4 (/opt/ros/jazzy/share/rosidl_generator_cpp/cmake)
-- Using all available rosidl_typesupport_c: rosidl_typesupport_fastrtps_c;rosidl_typesupport_introspection_c
-- Using all available rosidl_typesupport_cpp: rosidl_typesupport_fastrtps_cpp;rosidl_typesupport_introspection_cpp
-- Found rmw_implementation_cmake: 7.3.1 (/opt/ros/jazzy/share/rmw_implementation_cmake/cmake)
-- Found rmw_fastrtps_cpp: 8.4.1 (/opt/ros/jazzy/share/rmw_fastrtps_cpp/cmake)
-- Using RMW implementation 'rmw_fastrtps_cpp' as default
-- Found geometry_msgs: 5.3.5 (/opt/ros/jazzy/share/geometry_msgs/cmake)
-- Configuring done (0.8s)
-- Generating done (0.0s)
-- Build files have been written to: /home/adha/belajar/ws1/build/control
[ 25%] [32mBuilding CXX object CMakeFiles/translator_node.dir/src/translator_node.cpp.o[0m
[ 75%] Built target keyboard_input
[100%] [32m[1mLinking CXX executable translator_node[0m
[100%] Built target translator_node
-- Install configuration: ""
-- Up-to-date: /home/adha/belajar/ws1/install/control/lib/control/keyboard_input
-- Installing: /home/adha/belajar/ws1/install/control/lib/control/translator_node
-- Set non-toolchain portion of runtime path of "/home/adha/belajar/ws1/install/control/lib/control/translator_node" to ""
-- Up-to-date: /home/adha/belajar/ws1/install/control/share/ament_index/resource_index/package_run_dependencies/control
-- Installing: /home/adha/belajar/ws1/install/control/share/ament_index/resource_index/parent_prefix_path/control
-- Up-to-date: /home/adha/belajar/ws1/install/control/share/control/environment/ament_prefix_path.sh
-- Up-to-date: /home/adha/belajar/ws1/install/control/share/control/environment/ament_prefix_path.dsv
-- Up-to-date: /home/adha/belajar/ws1/install/control/share/control/environment/path.sh
-- Up-to-date: /home/adha/belajar/ws1/install/control/share/control/environment/path.dsv
-- Up-to-date: /home/adha/belajar/ws1/install/control/share/control/local_setup.bash
-- Up-to-date: /home/adha/belajar/ws1/install/control/share/control/local_setup.sh
-- Up-to-date: /home/adha/belajar/ws1/install/control/share/control/local_setup.zsh
-- Up-to-date: /home/adha/belajar/ws1/install/control/share/control/local_setup.dsv
-- Installing: /home/adha/belajar/ws1/install/control/share/control/package.dsv
-- Up-to-date: /home/adha/belajar/ws1/install/control/share/ament_index/resource_index/packages/control
-- Up-to-date: /home/adha/belajar/ws1/install/control/share/control/cmake/controlConfig.cmake
-- Up-to-date: /home/adha/belajar/ws1/install/control/share/control/cmake/controlConfig-version.cmake
-- Up-to-date: /home/adha/belajar/ws1/install/control/share/control/package.xml
