[0.254s] DEBUG:colcon:Command line arguments: ['/usr/bin/colcon', 'build']
[0.254s] DEBUG:colcon:Parsed command line arguments: Namespace(log_base=None, log_level=None, verb_name='build', build_base='build', install_base='install', merge_install=False, symlink_install=False, test_result_base=None, continue_on_error=False, executor='parallel', parallel_workers=12, event_handlers=None, ignore_user_meta=False, metas=['./colcon.meta'], base_paths=['.'], packages_ignore=None, packages_ignore_regex=None, paths=None, packages_up_to=None, packages_up_to_regex=None, packages_above=None, packages_above_and_dependencies=None, packages_above_depth=None, packages_select_by_dep=None, packages_skip_by_dep=None, packages_skip_up_to=None, packages_select_build_failed=False, packages_skip_build_finished=False, packages_select_test_failures=False, packages_skip_test_passed=False, packages_select=None, packages_skip=None, packages_select_regex=None, packages_skip_regex=None, packages_start=None, packages_end=None, allow_overriding=[], cmake_args=None, cmake_target=None, cmake_target_skip_unavailable=False, cmake_clean_cache=False, cmake_clean_first=False, cmake_force_configure=False, ament_cmake_args=None, catkin_cmake_args=None, catkin_skip_building_tests=False, verb_parser=<colcon_defaults.argument_parser.defaults.DefaultArgumentsDecorator object at 0x768ebf2807d0>, verb_extension=<colcon_core.verb.build.BuildVerb object at 0x768ebf257380>, main=<bound method BuildVerb.main of <colcon_core.verb.build.BuildVerb object at 0x768ebf257380>>)
[0.315s] Level 1:colcon.colcon_core.package_discovery:discover_packages(colcon_meta) check parameters
[0.315s] Level 1:colcon.colcon_core.package_discovery:discover_packages(recursive) check parameters
[0.315s] Level 1:colcon.colcon_core.package_discovery:discover_packages(ignore) check parameters
[0.315s] Level 1:colcon.colcon_core.package_discovery:discover_packages(path) check parameters
[0.315s] Level 1:colcon.colcon_core.package_discovery:discover_packages(colcon_meta) discover
[0.315s] Level 1:colcon.colcon_core.package_discovery:discover_packages(recursive) discover
[0.315s] INFO:colcon.colcon_core.package_discovery:Crawling recursively for packages in '/home/adha/belajar/ws1'
[0.315s] Level 1:colcon.colcon_core.package_identification:_identify(.) by extensions ['ignore', 'ignore_ament_install']
[0.315s] Level 1:colcon.colcon_core.package_identification:_identify(.) by extension 'ignore'
[0.315s] Level 1:colcon.colcon_core.package_identification:_identify(.) by extension 'ignore_ament_install'
[0.315s] Level 1:colcon.colcon_core.package_identification:_identify(.) by extensions ['colcon_pkg']
[0.315s] Level 1:colcon.colcon_core.package_identification:_identify(.) by extension 'colcon_pkg'
[0.315s] Level 1:colcon.colcon_core.package_identification:_identify(.) by extensions ['colcon_meta']
[0.315s] Level 1:colcon.colcon_core.package_identification:_identify(.) by extension 'colcon_meta'
[0.315s] Level 1:colcon.colcon_core.package_identification:_identify(.) by extensions ['ros']
[0.316s] Level 1:colcon.colcon_core.package_identification:_identify(.) by extension 'ros'
[0.350s] Level 1:colcon.colcon_core.package_identification:_identify(.) by extensions ['cmake', 'python']
[0.350s] Level 1:colcon.colcon_core.package_identification:_identify(.) by extension 'cmake'
[0.350s] Level 1:colcon.colcon_core.package_identification:_identify(.) by extension 'python'
[0.350s] Level 1:colcon.colcon_core.package_identification:_identify(.) by extensions ['python_setup_py']
[0.350s] Level 1:colcon.colcon_core.package_identification:_identify(.) by extension 'python_setup_py'
[0.350s] Level 1:colcon.colcon_core.package_identification:_identify(build) by extensions ['ignore', 'ignore_ament_install']
[0.350s] Level 1:colcon.colcon_core.package_identification:_identify(build) by extension 'ignore'
[0.350s] Level 1:colcon.colcon_core.package_identification:_identify(build) ignored
[0.350s] Level 1:colcon.colcon_core.package_identification:_identify(install) by extensions ['ignore', 'ignore_ament_install']
[0.350s] Level 1:colcon.colcon_core.package_identification:_identify(install) by extension 'ignore'
[0.351s] Level 1:colcon.colcon_core.package_identification:_identify(install) ignored
[0.351s] Level 1:colcon.colcon_core.package_identification:_identify(log) by extensions ['ignore', 'ignore_ament_install']
[0.351s] Level 1:colcon.colcon_core.package_identification:_identify(log) by extension 'ignore'
[0.351s] Level 1:colcon.colcon_core.package_identification:_identify(log) ignored
[0.351s] Level 1:colcon.colcon_core.package_identification:_identify(src) by extensions ['ignore', 'ignore_ament_install']
[0.351s] Level 1:colcon.colcon_core.package_identification:_identify(src) by extension 'ignore'
[0.351s] Level 1:colcon.colcon_core.package_identification:_identify(src) by extension 'ignore_ament_install'
[0.351s] Level 1:colcon.colcon_core.package_identification:_identify(src) by extensions ['colcon_pkg']
[0.351s] Level 1:colcon.colcon_core.package_identification:_identify(src) by extension 'colcon_pkg'
[0.351s] Level 1:colcon.colcon_core.package_identification:_identify(src) by extensions ['colcon_meta']
[0.351s] Level 1:colcon.colcon_core.package_identification:_identify(src) by extension 'colcon_meta'
[0.351s] Level 1:colcon.colcon_core.package_identification:_identify(src) by extensions ['ros']
[0.351s] Level 1:colcon.colcon_core.package_identification:_identify(src) by extension 'ros'
[0.351s] Level 1:colcon.colcon_core.package_identification:_identify(src) by extensions ['cmake', 'python']
[0.351s] Level 1:colcon.colcon_core.package_identification:_identify(src) by extension 'cmake'
[0.351s] Level 1:colcon.colcon_core.package_identification:_identify(src) by extension 'python'
[0.351s] Level 1:colcon.colcon_core.package_identification:_identify(src) by extensions ['python_setup_py']
[0.352s] Level 1:colcon.colcon_core.package_identification:_identify(src) by extension 'python_setup_py'
[0.352s] Level 1:colcon.colcon_core.package_identification:_identify(src/control) by extensions ['ignore', 'ignore_ament_install']
[0.352s] Level 1:colcon.colcon_core.package_identification:_identify(src/control) by extension 'ignore'
[0.352s] Level 1:colcon.colcon_core.package_identification:_identify(src/control) by extension 'ignore_ament_install'
[0.352s] Level 1:colcon.colcon_core.package_identification:_identify(src/control) by extensions ['colcon_pkg']
[0.352s] Level 1:colcon.colcon_core.package_identification:_identify(src/control) by extension 'colcon_pkg'
[0.352s] Level 1:colcon.colcon_core.package_identification:_identify(src/control) by extensions ['colcon_meta']
[0.352s] Level 1:colcon.colcon_core.package_identification:_identify(src/control) by extension 'colcon_meta'
[0.352s] Level 1:colcon.colcon_core.package_identification:_identify(src/control) by extensions ['ros']
[0.352s] Level 1:colcon.colcon_core.package_identification:_identify(src/control) by extension 'ros'
[0.357s] DEBUG:colcon.colcon_core.package_identification:Package 'src/control' with type 'ros.ament_cmake' and name 'control'
[0.357s] Level 1:colcon.colcon_core.package_identification:_identify(src/msgs) by extensions ['ignore', 'ignore_ament_install']
[0.357s] Level 1:colcon.colcon_core.package_identification:_identify(src/msgs) by extension 'ignore'
[0.357s] Level 1:colcon.colcon_core.package_identification:_identify(src/msgs) by extension 'ignore_ament_install'
[0.357s] Level 1:colcon.colcon_core.package_identification:_identify(src/msgs) by extensions ['colcon_pkg']
[0.357s] Level 1:colcon.colcon_core.package_identification:_identify(src/msgs) by extension 'colcon_pkg'
[0.357s] Level 1:colcon.colcon_core.package_identification:_identify(src/msgs) by extensions ['colcon_meta']
[0.357s] Level 1:colcon.colcon_core.package_identification:_identify(src/msgs) by extension 'colcon_meta'
[0.357s] Level 1:colcon.colcon_core.package_identification:_identify(src/msgs) by extensions ['ros']
[0.357s] Level 1:colcon.colcon_core.package_identification:_identify(src/msgs) by extension 'ros'
[0.358s] DEBUG:colcon.colcon_core.package_identification:Package 'src/msgs' with type 'ros.ament_cmake' and name 'msgs'
[0.358s] Level 1:colcon.colcon_core.package_identification:_identify(src/ros2_socketcan) by extensions ['ignore', 'ignore_ament_install']
[0.358s] Level 1:colcon.colcon_core.package_identification:_identify(src/ros2_socketcan) by extension 'ignore'
[0.358s] Level 1:colcon.colcon_core.package_identification:_identify(src/ros2_socketcan) by extension 'ignore_ament_install'
[0.358s] Level 1:colcon.colcon_core.package_identification:_identify(src/ros2_socketcan) by extensions ['colcon_pkg']
[0.358s] Level 1:colcon.colcon_core.package_identification:_identify(src/ros2_socketcan) by extension 'colcon_pkg'
[0.358s] Level 1:colcon.colcon_core.package_identification:_identify(src/ros2_socketcan) by extensions ['colcon_meta']
[0.358s] Level 1:colcon.colcon_core.package_identification:_identify(src/ros2_socketcan) by extension 'colcon_meta'
[0.358s] Level 1:colcon.colcon_core.package_identification:_identify(src/ros2_socketcan) by extensions ['ros']
[0.359s] Level 1:colcon.colcon_core.package_identification:_identify(src/ros2_socketcan) by extension 'ros'
[0.359s] Level 1:colcon.colcon_core.package_identification:_identify(src/ros2_socketcan) by extensions ['cmake', 'python']
[0.359s] Level 1:colcon.colcon_core.package_identification:_identify(src/ros2_socketcan) by extension 'cmake'
[0.359s] Level 1:colcon.colcon_core.package_identification:_identify(src/ros2_socketcan) by extension 'python'
[0.359s] Level 1:colcon.colcon_core.package_identification:_identify(src/ros2_socketcan) by extensions ['python_setup_py']
[0.359s] Level 1:colcon.colcon_core.package_identification:_identify(src/ros2_socketcan) by extension 'python_setup_py'
[0.359s] Level 1:colcon.colcon_core.package_identification:_identify(src/ros2_socketcan/can_msgs) by extensions ['ignore', 'ignore_ament_install']
[0.359s] Level 1:colcon.colcon_core.package_identification:_identify(src/ros2_socketcan/can_msgs) by extension 'ignore'
[0.359s] Level 1:colcon.colcon_core.package_identification:_identify(src/ros2_socketcan/can_msgs) by extension 'ignore_ament_install'
[0.359s] Level 1:colcon.colcon_core.package_identification:_identify(src/ros2_socketcan/can_msgs) by extensions ['colcon_pkg']
[0.359s] Level 1:colcon.colcon_core.package_identification:_identify(src/ros2_socketcan/can_msgs) by extension 'colcon_pkg'
[0.359s] Level 1:colcon.colcon_core.package_identification:_identify(src/ros2_socketcan/can_msgs) by extensions ['colcon_meta']
[0.359s] Level 1:colcon.colcon_core.package_identification:_identify(src/ros2_socketcan/can_msgs) by extension 'colcon_meta'
[0.359s] Level 1:colcon.colcon_core.package_identification:_identify(src/ros2_socketcan/can_msgs) by extensions ['ros']
[0.359s] Level 1:colcon.colcon_core.package_identification:_identify(src/ros2_socketcan/can_msgs) by extension 'ros'
[0.360s] DEBUG:colcon.colcon_core.package_identification:Package 'src/ros2_socketcan/can_msgs' with type 'ros.ament_cmake' and name 'can_msgs'
[0.360s] Level 1:colcon.colcon_core.package_identification:_identify(src/ros2_socketcan/ros2_socketcan) by extensions ['ignore', 'ignore_ament_install']
[0.360s] Level 1:colcon.colcon_core.package_identification:_identify(src/ros2_socketcan/ros2_socketcan) by extension 'ignore'
[0.360s] Level 1:colcon.colcon_core.package_identification:_identify(src/ros2_socketcan/ros2_socketcan) by extension 'ignore_ament_install'
[0.360s] Level 1:colcon.colcon_core.package_identification:_identify(src/ros2_socketcan/ros2_socketcan) by extensions ['colcon_pkg']
[0.360s] Level 1:colcon.colcon_core.package_identification:_identify(src/ros2_socketcan/ros2_socketcan) by extension 'colcon_pkg'
[0.360s] Level 1:colcon.colcon_core.package_identification:_identify(src/ros2_socketcan/ros2_socketcan) by extensions ['colcon_meta']
[0.361s] Level 1:colcon.colcon_core.package_identification:_identify(src/ros2_socketcan/ros2_socketcan) by extension 'colcon_meta'
[0.361s] Level 1:colcon.colcon_core.package_identification:_identify(src/ros2_socketcan/ros2_socketcan) by extensions ['ros']
[0.361s] Level 1:colcon.colcon_core.package_identification:_identify(src/ros2_socketcan/ros2_socketcan) by extension 'ros'
[0.362s] DEBUG:colcon.colcon_core.package_identification:Package 'src/ros2_socketcan/ros2_socketcan' with type 'ros.ament_cmake' and name 'ros2_socketcan'
[0.362s] Level 1:colcon.colcon_core.package_identification:_identify(src/ros2_socketcan/ros2_socketcan_msgs) by extensions ['ignore', 'ignore_ament_install']
[0.362s] Level 1:colcon.colcon_core.package_identification:_identify(src/ros2_socketcan/ros2_socketcan_msgs) by extension 'ignore'
[0.362s] Level 1:colcon.colcon_core.package_identification:_identify(src/ros2_socketcan/ros2_socketcan_msgs) by extension 'ignore_ament_install'
[0.362s] Level 1:colcon.colcon_core.package_identification:_identify(src/ros2_socketcan/ros2_socketcan_msgs) by extensions ['colcon_pkg']
[0.362s] Level 1:colcon.colcon_core.package_identification:_identify(src/ros2_socketcan/ros2_socketcan_msgs) by extension 'colcon_pkg'
[0.362s] Level 1:colcon.colcon_core.package_identification:_identify(src/ros2_socketcan/ros2_socketcan_msgs) by extensions ['colcon_meta']
[0.362s] Level 1:colcon.colcon_core.package_identification:_identify(src/ros2_socketcan/ros2_socketcan_msgs) by extension 'colcon_meta'
[0.362s] Level 1:colcon.colcon_core.package_identification:_identify(src/ros2_socketcan/ros2_socketcan_msgs) by extensions ['ros']
[0.362s] Level 1:colcon.colcon_core.package_identification:_identify(src/ros2_socketcan/ros2_socketcan_msgs) by extension 'ros'
[0.363s] DEBUG:colcon.colcon_core.package_identification:Package 'src/ros2_socketcan/ros2_socketcan_msgs' with type 'ros.ament_cmake' and name 'ros2_socketcan_msgs'
[0.363s] Level 1:colcon.colcon_core.package_discovery:discover_packages(recursive) using defaults
[0.363s] Level 1:colcon.colcon_core.package_discovery:discover_packages(ignore) discover
[0.363s] Level 1:colcon.colcon_core.package_discovery:discover_packages(ignore) using defaults
[0.363s] Level 1:colcon.colcon_core.package_discovery:discover_packages(path) discover
[0.363s] Level 1:colcon.colcon_core.package_discovery:discover_packages(path) using defaults
[0.394s] Level 1:colcon.colcon_core.package_discovery:discover_packages(prefix_path) check parameters
[0.394s] Level 1:colcon.colcon_core.package_discovery:discover_packages(prefix_path) discover
[0.399s] DEBUG:colcon.colcon_installed_package_information.package_discovery:Found 6 installed packages in /home/adha/belajar/ws1/install
[0.402s] DEBUG:colcon.colcon_installed_package_information.package_discovery:Found 285 installed packages in /opt/ros/jazzy
[0.403s] Level 1:colcon.colcon_core.package_discovery:discover_packages(prefix_path) using defaults
[0.450s] Level 5:colcon.colcon_core.verb:set package 'can_msgs' build argument 'cmake_args' from command line to 'None'
[0.450s] Level 5:colcon.colcon_core.verb:set package 'can_msgs' build argument 'cmake_target' from command line to 'None'
[0.450s] Level 5:colcon.colcon_core.verb:set package 'can_msgs' build argument 'cmake_target_skip_unavailable' from command line to 'False'
[0.450s] Level 5:colcon.colcon_core.verb:set package 'can_msgs' build argument 'cmake_clean_cache' from command line to 'False'
[0.450s] Level 5:colcon.colcon_core.verb:set package 'can_msgs' build argument 'cmake_clean_first' from command line to 'False'
[0.450s] Level 5:colcon.colcon_core.verb:set package 'can_msgs' build argument 'cmake_force_configure' from command line to 'False'
[0.450s] Level 5:colcon.colcon_core.verb:set package 'can_msgs' build argument 'ament_cmake_args' from command line to 'None'
[0.450s] Level 5:colcon.colcon_core.verb:set package 'can_msgs' build argument 'catkin_cmake_args' from command line to 'None'
[0.450s] Level 5:colcon.colcon_core.verb:set package 'can_msgs' build argument 'catkin_skip_building_tests' from command line to 'False'
[0.450s] DEBUG:colcon.colcon_core.verb:Building package 'can_msgs' with the following arguments: {'ament_cmake_args': None, 'build_base': '/home/adha/belajar/ws1/build/can_msgs', 'catkin_cmake_args': None, 'catkin_skip_building_tests': False, 'cmake_args': None, 'cmake_clean_cache': False, 'cmake_clean_first': False, 'cmake_force_configure': False, 'cmake_target': None, 'cmake_target_skip_unavailable': False, 'install_base': '/home/adha/belajar/ws1/install/can_msgs', 'merge_install': False, 'path': '/home/adha/belajar/ws1/src/ros2_socketcan/can_msgs', 'symlink_install': False, 'test_result_base': None}
[0.450s] Level 5:colcon.colcon_core.verb:set package 'msgs' build argument 'cmake_args' from command line to 'None'
[0.450s] Level 5:colcon.colcon_core.verb:set package 'msgs' build argument 'cmake_target' from command line to 'None'
[0.450s] Level 5:colcon.colcon_core.verb:set package 'msgs' build argument 'cmake_target_skip_unavailable' from command line to 'False'
[0.450s] Level 5:colcon.colcon_core.verb:set package 'msgs' build argument 'cmake_clean_cache' from command line to 'False'
[0.450s] Level 5:colcon.colcon_core.verb:set package 'msgs' build argument 'cmake_clean_first' from command line to 'False'
[0.450s] Level 5:colcon.colcon_core.verb:set package 'msgs' build argument 'cmake_force_configure' from command line to 'False'
[0.450s] Level 5:colcon.colcon_core.verb:set package 'msgs' build argument 'ament_cmake_args' from command line to 'None'
[0.450s] Level 5:colcon.colcon_core.verb:set package 'msgs' build argument 'catkin_cmake_args' from command line to 'None'
[0.450s] Level 5:colcon.colcon_core.verb:set package 'msgs' build argument 'catkin_skip_building_tests' from command line to 'False'
[0.450s] DEBUG:colcon.colcon_core.verb:Building package 'msgs' with the following arguments: {'ament_cmake_args': None, 'build_base': '/home/adha/belajar/ws1/build/msgs', 'catkin_cmake_args': None, 'catkin_skip_building_tests': False, 'cmake_args': None, 'cmake_clean_cache': False, 'cmake_clean_first': False, 'cmake_force_configure': False, 'cmake_target': None, 'cmake_target_skip_unavailable': False, 'install_base': '/home/adha/belajar/ws1/install/msgs', 'merge_install': False, 'path': '/home/adha/belajar/ws1/src/msgs', 'symlink_install': False, 'test_result_base': None}
[0.451s] Level 5:colcon.colcon_core.verb:set package 'ros2_socketcan_msgs' build argument 'cmake_args' from command line to 'None'
[0.451s] Level 5:colcon.colcon_core.verb:set package 'ros2_socketcan_msgs' build argument 'cmake_target' from command line to 'None'
[0.451s] Level 5:colcon.colcon_core.verb:set package 'ros2_socketcan_msgs' build argument 'cmake_target_skip_unavailable' from command line to 'False'
[0.451s] Level 5:colcon.colcon_core.verb:set package 'ros2_socketcan_msgs' build argument 'cmake_clean_cache' from command line to 'False'
[0.451s] Level 5:colcon.colcon_core.verb:set package 'ros2_socketcan_msgs' build argument 'cmake_clean_first' from command line to 'False'
[0.451s] Level 5:colcon.colcon_core.verb:set package 'ros2_socketcan_msgs' build argument 'cmake_force_configure' from command line to 'False'
[0.451s] Level 5:colcon.colcon_core.verb:set package 'ros2_socketcan_msgs' build argument 'ament_cmake_args' from command line to 'None'
[0.451s] Level 5:colcon.colcon_core.verb:set package 'ros2_socketcan_msgs' build argument 'catkin_cmake_args' from command line to 'None'
[0.451s] Level 5:colcon.colcon_core.verb:set package 'ros2_socketcan_msgs' build argument 'catkin_skip_building_tests' from command line to 'False'
[0.451s] DEBUG:colcon.colcon_core.verb:Building package 'ros2_socketcan_msgs' with the following arguments: {'ament_cmake_args': None, 'build_base': '/home/adha/belajar/ws1/build/ros2_socketcan_msgs', 'catkin_cmake_args': None, 'catkin_skip_building_tests': False, 'cmake_args': None, 'cmake_clean_cache': False, 'cmake_clean_first': False, 'cmake_force_configure': False, 'cmake_target': None, 'cmake_target_skip_unavailable': False, 'install_base': '/home/adha/belajar/ws1/install/ros2_socketcan_msgs', 'merge_install': False, 'path': '/home/adha/belajar/ws1/src/ros2_socketcan/ros2_socketcan_msgs', 'symlink_install': False, 'test_result_base': None}
[0.451s] Level 5:colcon.colcon_core.verb:set package 'ros2_socketcan' build argument 'cmake_args' from command line to 'None'
[0.451s] Level 5:colcon.colcon_core.verb:set package 'ros2_socketcan' build argument 'cmake_target' from command line to 'None'
[0.451s] Level 5:colcon.colcon_core.verb:set package 'ros2_socketcan' build argument 'cmake_target_skip_unavailable' from command line to 'False'
[0.451s] Level 5:colcon.colcon_core.verb:set package 'ros2_socketcan' build argument 'cmake_clean_cache' from command line to 'False'
[0.451s] Level 5:colcon.colcon_core.verb:set package 'ros2_socketcan' build argument 'cmake_clean_first' from command line to 'False'
[0.451s] Level 5:colcon.colcon_core.verb:set package 'ros2_socketcan' build argument 'cmake_force_configure' from command line to 'False'
[0.451s] Level 5:colcon.colcon_core.verb:set package 'ros2_socketcan' build argument 'ament_cmake_args' from command line to 'None'
[0.451s] Level 5:colcon.colcon_core.verb:set package 'ros2_socketcan' build argument 'catkin_cmake_args' from command line to 'None'
[0.451s] Level 5:colcon.colcon_core.verb:set package 'ros2_socketcan' build argument 'catkin_skip_building_tests' from command line to 'False'
[0.451s] DEBUG:colcon.colcon_core.verb:Building package 'ros2_socketcan' with the following arguments: {'ament_cmake_args': None, 'build_base': '/home/adha/belajar/ws1/build/ros2_socketcan', 'catkin_cmake_args': None, 'catkin_skip_building_tests': False, 'cmake_args': None, 'cmake_clean_cache': False, 'cmake_clean_first': False, 'cmake_force_configure': False, 'cmake_target': None, 'cmake_target_skip_unavailable': False, 'install_base': '/home/adha/belajar/ws1/install/ros2_socketcan', 'merge_install': False, 'path': '/home/adha/belajar/ws1/src/ros2_socketcan/ros2_socketcan', 'symlink_install': False, 'test_result_base': None}
[0.451s] Level 5:colcon.colcon_core.verb:set package 'control' build argument 'cmake_args' from command line to 'None'
[0.451s] Level 5:colcon.colcon_core.verb:set package 'control' build argument 'cmake_target' from command line to 'None'
[0.451s] Level 5:colcon.colcon_core.verb:set package 'control' build argument 'cmake_target_skip_unavailable' from command line to 'False'
[0.452s] Level 5:colcon.colcon_core.verb:set package 'control' build argument 'cmake_clean_cache' from command line to 'False'
[0.452s] Level 5:colcon.colcon_core.verb:set package 'control' build argument 'cmake_clean_first' from command line to 'False'
[0.452s] Level 5:colcon.colcon_core.verb:set package 'control' build argument 'cmake_force_configure' from command line to 'False'
[0.452s] Level 5:colcon.colcon_core.verb:set package 'control' build argument 'ament_cmake_args' from command line to 'None'
[0.452s] Level 5:colcon.colcon_core.verb:set package 'control' build argument 'catkin_cmake_args' from command line to 'None'
[0.452s] Level 5:colcon.colcon_core.verb:set package 'control' build argument 'catkin_skip_building_tests' from command line to 'False'
[0.452s] DEBUG:colcon.colcon_core.verb:Building package 'control' with the following arguments: {'ament_cmake_args': None, 'build_base': '/home/adha/belajar/ws1/build/control', 'catkin_cmake_args': None, 'catkin_skip_building_tests': False, 'cmake_args': None, 'cmake_clean_cache': False, 'cmake_clean_first': False, 'cmake_force_configure': False, 'cmake_target': None, 'cmake_target_skip_unavailable': False, 'install_base': '/home/adha/belajar/ws1/install/control', 'merge_install': False, 'path': '/home/adha/belajar/ws1/src/control', 'symlink_install': False, 'test_result_base': None}
[0.452s] INFO:colcon.colcon_core.executor:Executing jobs using 'parallel' executor
[0.453s] DEBUG:colcon.colcon_parallel_executor.executor.parallel:run_until_complete
[0.453s] INFO:colcon.colcon_ros.task.ament_cmake.build:Building ROS package in '/home/adha/belajar/ws1/src/ros2_socketcan/can_msgs' with build type 'ament_cmake'
[0.453s] INFO:colcon.colcon_cmake.task.cmake.build:Building CMake package in '/home/adha/belajar/ws1/src/ros2_socketcan/can_msgs'
[0.458s] INFO:colcon.colcon_core.plugin_system:Skipping extension 'colcon_core.shell.bat': Not used on non-Windows systems
[0.458s] INFO:colcon.colcon_core.shell:Skip shell extension 'powershell' for command environment: Not usable outside of PowerShell
[0.458s] DEBUG:colcon.colcon_core.shell:Skip shell extension 'dsv' for command environment
[0.463s] INFO:colcon.colcon_ros.task.ament_cmake.build:Building ROS package in '/home/adha/belajar/ws1/src/ros2_socketcan/ros2_socketcan_msgs' with build type 'ament_cmake'
[0.464s] INFO:colcon.colcon_cmake.task.cmake.build:Building CMake package in '/home/adha/belajar/ws1/src/ros2_socketcan/ros2_socketcan_msgs'
[0.464s] INFO:colcon.colcon_core.shell:Skip shell extension 'powershell' for command environment: Not usable outside of PowerShell
[0.464s] DEBUG:colcon.colcon_core.shell:Skip shell extension 'dsv' for command environment
[0.468s] INFO:colcon.colcon_ros.task.ament_cmake.build:Building ROS package in '/home/adha/belajar/ws1/src/msgs' with build type 'ament_cmake'
[0.468s] INFO:colcon.colcon_cmake.task.cmake.build:Building CMake package in '/home/adha/belajar/ws1/src/msgs'
[0.468s] INFO:colcon.colcon_core.shell:Skip shell extension 'powershell' for command environment: Not usable outside of PowerShell
[0.468s] DEBUG:colcon.colcon_core.shell:Skip shell extension 'dsv' for command environment
[0.476s] DEBUG:colcon.colcon_core.event_handler.log_command:Invoking command in '/home/adha/belajar/ws1/build/can_msgs': CMAKE_PREFIX_PATH=${CMAKE_PREFIX_PATH}:/opt/ros/jazzy DEBUGINFOD_URLS=https://debuginfod.ubuntu.com /usr/bin/cmake --build /home/adha/belajar/ws1/build/can_msgs -- -j12 -l12
[0.482s] DEBUG:colcon.colcon_core.event_handler.log_command:Invoking command in '/home/adha/belajar/ws1/build/ros2_socketcan_msgs': CMAKE_PREFIX_PATH=${CMAKE_PREFIX_PATH}:/opt/ros/jazzy DEBUGINFOD_URLS=https://debuginfod.ubuntu.com /usr/bin/cmake --build /home/adha/belajar/ws1/build/ros2_socketcan_msgs -- -j12 -l12
[0.487s] DEBUG:colcon.colcon_core.event_handler.log_command:Invoking command in '/home/adha/belajar/ws1/build/msgs': CMAKE_PREFIX_PATH=${CMAKE_PREFIX_PATH}:/opt/ros/jazzy DEBUGINFOD_URLS=https://debuginfod.ubuntu.com /usr/bin/cmake --build /home/adha/belajar/ws1/build/msgs -- -j12 -l12
[1.049s] DEBUG:colcon.colcon_core.event_handler.log_command:Invoked command in '/home/adha/belajar/ws1/build/can_msgs' returned '0': CMAKE_PREFIX_PATH=${CMAKE_PREFIX_PATH}:/opt/ros/jazzy DEBUGINFOD_URLS=https://debuginfod.ubuntu.com /usr/bin/cmake --build /home/adha/belajar/ws1/build/can_msgs -- -j12 -l12
[1.073s] DEBUG:colcon.colcon_core.event_handler.log_command:Invoked command in '/home/adha/belajar/ws1/build/msgs' returned '0': CMAKE_PREFIX_PATH=${CMAKE_PREFIX_PATH}:/opt/ros/jazzy DEBUGINFOD_URLS=https://debuginfod.ubuntu.com /usr/bin/cmake --build /home/adha/belajar/ws1/build/msgs -- -j12 -l12
[1.074s] DEBUG:colcon.colcon_core.event_handler.log_command:Invoked command in '/home/adha/belajar/ws1/build/ros2_socketcan_msgs' returned '0': CMAKE_PREFIX_PATH=${CMAKE_PREFIX_PATH}:/opt/ros/jazzy DEBUGINFOD_URLS=https://debuginfod.ubuntu.com /usr/bin/cmake --build /home/adha/belajar/ws1/build/ros2_socketcan_msgs -- -j12 -l12
[1.126s] DEBUG:colcon.colcon_core.event_handler.log_command:Invoking command in '/home/adha/belajar/ws1/build/can_msgs': CMAKE_PREFIX_PATH=${CMAKE_PREFIX_PATH}:/opt/ros/jazzy DEBUGINFOD_URLS=https://debuginfod.ubuntu.com /usr/bin/cmake --install /home/adha/belajar/ws1/build/can_msgs
[1.141s] DEBUG:colcon.colcon_core.event_handler.log_command:Invoking command in '/home/adha/belajar/ws1/build/msgs': CMAKE_PREFIX_PATH=${CMAKE_PREFIX_PATH}:/opt/ros/jazzy DEBUGINFOD_URLS=https://debuginfod.ubuntu.com /usr/bin/cmake --install /home/adha/belajar/ws1/build/msgs
[1.142s] DEBUG:colcon.colcon_core.event_handler.log_command:Invoking command in '/home/adha/belajar/ws1/build/ros2_socketcan_msgs': CMAKE_PREFIX_PATH=${CMAKE_PREFIX_PATH}:/opt/ros/jazzy DEBUGINFOD_URLS=https://debuginfod.ubuntu.com /usr/bin/cmake --install /home/adha/belajar/ws1/build/ros2_socketcan_msgs
[1.202s] Level 1:colcon.colcon_core.environment:create_environment_scripts_only(can_msgs)
[1.203s] DEBUG:colcon.colcon_core.event_handler.log_command:Invoked command in '/home/adha/belajar/ws1/build/can_msgs' returned '0': CMAKE_PREFIX_PATH=${CMAKE_PREFIX_PATH}:/opt/ros/jazzy DEBUGINFOD_URLS=https://debuginfod.ubuntu.com /usr/bin/cmake --install /home/adha/belajar/ws1/build/can_msgs
[1.214s] Level 1:colcon.colcon_core.environment:checking '/home/adha/belajar/ws1/install/can_msgs' for CMake module files
[1.215s] Level 1:colcon.colcon_core.environment:checking '/home/adha/belajar/ws1/install/can_msgs' for CMake config files
[1.215s] Level 1:colcon.colcon_core.shell:create_environment_hook('can_msgs', 'cmake_prefix_path')
[1.215s] INFO:colcon.colcon_core.shell:Creating environment hook '/home/adha/belajar/ws1/install/can_msgs/share/can_msgs/hook/cmake_prefix_path.ps1'
[1.216s] INFO:colcon.colcon_core.shell:Creating environment descriptor '/home/adha/belajar/ws1/install/can_msgs/share/can_msgs/hook/cmake_prefix_path.dsv'
[1.217s] INFO:colcon.colcon_core.shell:Creating environment hook '/home/adha/belajar/ws1/install/can_msgs/share/can_msgs/hook/cmake_prefix_path.sh'
[1.218s] Level 1:colcon.colcon_core.environment:checking '/home/adha/belajar/ws1/install/can_msgs/lib'
[1.218s] Level 1:colcon.colcon_core.shell:create_environment_hook('can_msgs', 'ld_library_path_lib')
[1.218s] INFO:colcon.colcon_core.shell:Creating environment hook '/home/adha/belajar/ws1/install/can_msgs/share/can_msgs/hook/ld_library_path_lib.ps1'
[1.218s] INFO:colcon.colcon_core.shell:Creating environment descriptor '/home/adha/belajar/ws1/install/can_msgs/share/can_msgs/hook/ld_library_path_lib.dsv'
[1.218s] INFO:colcon.colcon_core.shell:Creating environment hook '/home/adha/belajar/ws1/install/can_msgs/share/can_msgs/hook/ld_library_path_lib.sh'
[1.219s] Level 1:colcon.colcon_core.environment:checking '/home/adha/belajar/ws1/install/can_msgs/bin'
[1.219s] Level 1:colcon.colcon_core.environment:checking '/home/adha/belajar/ws1/install/can_msgs/lib/pkgconfig/can_msgs.pc'
[1.219s] Level 1:colcon.colcon_core.environment:checking '/home/adha/belajar/ws1/install/can_msgs/lib/python3.12/site-packages'
[1.219s] Level 1:colcon.colcon_core.shell:create_environment_hook('can_msgs', 'pythonpath')
[1.219s] INFO:colcon.colcon_core.shell:Creating environment hook '/home/adha/belajar/ws1/install/can_msgs/share/can_msgs/hook/pythonpath.ps1'
[1.219s] INFO:colcon.colcon_core.shell:Creating environment descriptor '/home/adha/belajar/ws1/install/can_msgs/share/can_msgs/hook/pythonpath.dsv'
[1.220s] INFO:colcon.colcon_core.shell:Creating environment hook '/home/adha/belajar/ws1/install/can_msgs/share/can_msgs/hook/pythonpath.sh'
[1.220s] Level 1:colcon.colcon_core.environment:checking '/home/adha/belajar/ws1/install/can_msgs/bin'
[1.220s] INFO:colcon.colcon_core.shell:Creating package script '/home/adha/belajar/ws1/install/can_msgs/share/can_msgs/package.ps1'
[1.221s] INFO:colcon.colcon_core.shell:Creating package descriptor '/home/adha/belajar/ws1/install/can_msgs/share/can_msgs/package.dsv'
[1.221s] INFO:colcon.colcon_core.shell:Creating package script '/home/adha/belajar/ws1/install/can_msgs/share/can_msgs/package.sh'
[1.222s] INFO:colcon.colcon_core.shell:Creating package script '/home/adha/belajar/ws1/install/can_msgs/share/can_msgs/package.bash'
[1.223s] INFO:colcon.colcon_core.shell:Creating package script '/home/adha/belajar/ws1/install/can_msgs/share/can_msgs/package.zsh'
[1.224s] Level 1:colcon.colcon_core.environment:create_file_with_runtime_dependencies(/home/adha/belajar/ws1/install/can_msgs/share/colcon-core/packages/can_msgs)
[1.225s] Level 1:colcon.colcon_core.environment:create_environment_scripts_only(msgs)
[1.225s] Level 1:colcon.colcon_core.environment:checking '/home/adha/belajar/ws1/install/msgs' for CMake module files
[1.226s] DEBUG:colcon.colcon_core.event_handler.log_command:Invoked command in '/home/adha/belajar/ws1/build/msgs' returned '0': CMAKE_PREFIX_PATH=${CMAKE_PREFIX_PATH}:/opt/ros/jazzy DEBUGINFOD_URLS=https://debuginfod.ubuntu.com /usr/bin/cmake --install /home/adha/belajar/ws1/build/msgs
[1.226s] Level 1:colcon.colcon_core.environment:checking '/home/adha/belajar/ws1/install/msgs' for CMake config files
[1.226s] Level 1:colcon.colcon_core.shell:create_environment_hook('msgs', 'cmake_prefix_path')
[1.226s] INFO:colcon.colcon_core.shell:Creating environment hook '/home/adha/belajar/ws1/install/msgs/share/msgs/hook/cmake_prefix_path.ps1'
[1.227s] INFO:colcon.colcon_core.shell:Creating environment descriptor '/home/adha/belajar/ws1/install/msgs/share/msgs/hook/cmake_prefix_path.dsv'
[1.227s] INFO:colcon.colcon_core.shell:Creating environment hook '/home/adha/belajar/ws1/install/msgs/share/msgs/hook/cmake_prefix_path.sh'
[1.227s] Level 1:colcon.colcon_core.environment:checking '/home/adha/belajar/ws1/install/msgs/lib'
[1.227s] Level 1:colcon.colcon_core.shell:create_environment_hook('msgs', 'ld_library_path_lib')
[1.228s] INFO:colcon.colcon_core.shell:Creating environment hook '/home/adha/belajar/ws1/install/msgs/share/msgs/hook/ld_library_path_lib.ps1'
[1.228s] INFO:colcon.colcon_core.shell:Creating environment descriptor '/home/adha/belajar/ws1/install/msgs/share/msgs/hook/ld_library_path_lib.dsv'
[1.228s] INFO:colcon.colcon_core.shell:Creating environment hook '/home/adha/belajar/ws1/install/msgs/share/msgs/hook/ld_library_path_lib.sh'
[1.228s] Level 1:colcon.colcon_core.environment:checking '/home/adha/belajar/ws1/install/msgs/bin'
[1.228s] Level 1:colcon.colcon_core.environment:checking '/home/adha/belajar/ws1/install/msgs/lib/pkgconfig/msgs.pc'
[1.228s] Level 1:colcon.colcon_core.environment:checking '/home/adha/belajar/ws1/install/msgs/lib/python3.12/site-packages'
[1.229s] Level 1:colcon.colcon_core.shell:create_environment_hook('msgs', 'pythonpath')
[1.229s] INFO:colcon.colcon_core.shell:Creating environment hook '/home/adha/belajar/ws1/install/msgs/share/msgs/hook/pythonpath.ps1'
[1.229s] INFO:colcon.colcon_core.shell:Creating environment descriptor '/home/adha/belajar/ws1/install/msgs/share/msgs/hook/pythonpath.dsv'
[1.229s] INFO:colcon.colcon_core.shell:Creating environment hook '/home/adha/belajar/ws1/install/msgs/share/msgs/hook/pythonpath.sh'
[1.230s] Level 1:colcon.colcon_core.environment:checking '/home/adha/belajar/ws1/install/msgs/bin'
[1.230s] INFO:colcon.colcon_core.shell:Creating package script '/home/adha/belajar/ws1/install/msgs/share/msgs/package.ps1'
[1.230s] INFO:colcon.colcon_core.shell:Creating package descriptor '/home/adha/belajar/ws1/install/msgs/share/msgs/package.dsv'
[1.230s] INFO:colcon.colcon_core.shell:Creating package script '/home/adha/belajar/ws1/install/msgs/share/msgs/package.sh'
[1.231s] INFO:colcon.colcon_core.shell:Creating package script '/home/adha/belajar/ws1/install/msgs/share/msgs/package.bash'
[1.231s] INFO:colcon.colcon_core.shell:Creating package script '/home/adha/belajar/ws1/install/msgs/share/msgs/package.zsh'
[1.231s] Level 1:colcon.colcon_core.environment:create_file_with_runtime_dependencies(/home/adha/belajar/ws1/install/msgs/share/colcon-core/packages/msgs)
[1.232s] Level 1:colcon.colcon_core.environment:create_environment_scripts_only(ros2_socketcan_msgs)
[1.232s] Level 1:colcon.colcon_core.environment:checking '/home/adha/belajar/ws1/install/ros2_socketcan_msgs' for CMake module files
[1.232s] DEBUG:colcon.colcon_core.event_handler.log_command:Invoked command in '/home/adha/belajar/ws1/build/ros2_socketcan_msgs' returned '0': CMAKE_PREFIX_PATH=${CMAKE_PREFIX_PATH}:/opt/ros/jazzy DEBUGINFOD_URLS=https://debuginfod.ubuntu.com /usr/bin/cmake --install /home/adha/belajar/ws1/build/ros2_socketcan_msgs
[1.233s] Level 1:colcon.colcon_core.environment:checking '/home/adha/belajar/ws1/install/ros2_socketcan_msgs' for CMake config files
[1.233s] Level 1:colcon.colcon_core.shell:create_environment_hook('ros2_socketcan_msgs', 'cmake_prefix_path')
[1.233s] INFO:colcon.colcon_core.shell:Creating environment hook '/home/adha/belajar/ws1/install/ros2_socketcan_msgs/share/ros2_socketcan_msgs/hook/cmake_prefix_path.ps1'
[1.234s] INFO:colcon.colcon_core.shell:Creating environment descriptor '/home/adha/belajar/ws1/install/ros2_socketcan_msgs/share/ros2_socketcan_msgs/hook/cmake_prefix_path.dsv'
[1.234s] INFO:colcon.colcon_core.shell:Creating environment hook '/home/adha/belajar/ws1/install/ros2_socketcan_msgs/share/ros2_socketcan_msgs/hook/cmake_prefix_path.sh'
[1.234s] Level 1:colcon.colcon_core.environment:checking '/home/adha/belajar/ws1/install/ros2_socketcan_msgs/lib'
[1.234s] Level 1:colcon.colcon_core.shell:create_environment_hook('ros2_socketcan_msgs', 'ld_library_path_lib')
[1.234s] INFO:colcon.colcon_core.shell:Creating environment hook '/home/adha/belajar/ws1/install/ros2_socketcan_msgs/share/ros2_socketcan_msgs/hook/ld_library_path_lib.ps1'
[1.235s] INFO:colcon.colcon_core.shell:Creating environment descriptor '/home/adha/belajar/ws1/install/ros2_socketcan_msgs/share/ros2_socketcan_msgs/hook/ld_library_path_lib.dsv'
[1.235s] INFO:colcon.colcon_core.shell:Creating environment hook '/home/adha/belajar/ws1/install/ros2_socketcan_msgs/share/ros2_socketcan_msgs/hook/ld_library_path_lib.sh'
[1.235s] Level 1:colcon.colcon_core.environment:checking '/home/adha/belajar/ws1/install/ros2_socketcan_msgs/bin'
[1.235s] Level 1:colcon.colcon_core.environment:checking '/home/adha/belajar/ws1/install/ros2_socketcan_msgs/lib/pkgconfig/ros2_socketcan_msgs.pc'
[1.235s] Level 1:colcon.colcon_core.environment:checking '/home/adha/belajar/ws1/install/ros2_socketcan_msgs/lib/python3.12/site-packages'
[1.236s] Level 1:colcon.colcon_core.shell:create_environment_hook('ros2_socketcan_msgs', 'pythonpath')
[1.236s] INFO:colcon.colcon_core.shell:Creating environment hook '/home/adha/belajar/ws1/install/ros2_socketcan_msgs/share/ros2_socketcan_msgs/hook/pythonpath.ps1'
[1.236s] INFO:colcon.colcon_core.shell:Creating environment descriptor '/home/adha/belajar/ws1/install/ros2_socketcan_msgs/share/ros2_socketcan_msgs/hook/pythonpath.dsv'
[1.236s] INFO:colcon.colcon_core.shell:Creating environment hook '/home/adha/belajar/ws1/install/ros2_socketcan_msgs/share/ros2_socketcan_msgs/hook/pythonpath.sh'
[1.236s] Level 1:colcon.colcon_core.environment:checking '/home/adha/belajar/ws1/install/ros2_socketcan_msgs/bin'
[1.237s] INFO:colcon.colcon_core.shell:Creating package script '/home/adha/belajar/ws1/install/ros2_socketcan_msgs/share/ros2_socketcan_msgs/package.ps1'
[1.237s] INFO:colcon.colcon_core.shell:Creating package descriptor '/home/adha/belajar/ws1/install/ros2_socketcan_msgs/share/ros2_socketcan_msgs/package.dsv'
[1.237s] INFO:colcon.colcon_core.shell:Creating package script '/home/adha/belajar/ws1/install/ros2_socketcan_msgs/share/ros2_socketcan_msgs/package.sh'
[1.238s] INFO:colcon.colcon_core.shell:Creating package script '/home/adha/belajar/ws1/install/ros2_socketcan_msgs/share/ros2_socketcan_msgs/package.bash'
[1.238s] INFO:colcon.colcon_core.shell:Creating package script '/home/adha/belajar/ws1/install/ros2_socketcan_msgs/share/ros2_socketcan_msgs/package.zsh'
[1.238s] Level 1:colcon.colcon_core.environment:create_file_with_runtime_dependencies(/home/adha/belajar/ws1/install/ros2_socketcan_msgs/share/colcon-core/packages/ros2_socketcan_msgs)
[1.284s] Level 1:colcon.colcon_core.environment:create_environment_scripts_only(can_msgs)
[1.285s] Level 1:colcon.colcon_core.environment:checking '/home/adha/belajar/ws1/install/can_msgs' for CMake module files
[1.285s] Level 1:colcon.colcon_core.environment:checking '/home/adha/belajar/ws1/install/can_msgs' for CMake config files
[1.286s] Level 1:colcon.colcon_core.shell:create_environment_hook('can_msgs', 'cmake_prefix_path')
[1.286s] INFO:colcon.colcon_core.shell:Creating environment hook '/home/adha/belajar/ws1/install/can_msgs/share/can_msgs/hook/cmake_prefix_path.ps1'
[1.287s] INFO:colcon.colcon_core.shell:Creating environment descriptor '/home/adha/belajar/ws1/install/can_msgs/share/can_msgs/hook/cmake_prefix_path.dsv'
[1.287s] INFO:colcon.colcon_core.shell:Creating environment hook '/home/adha/belajar/ws1/install/can_msgs/share/can_msgs/hook/cmake_prefix_path.sh'
[1.287s] Level 1:colcon.colcon_core.environment:checking '/home/adha/belajar/ws1/install/can_msgs/lib'
[1.288s] Level 1:colcon.colcon_core.shell:create_environment_hook('can_msgs', 'ld_library_path_lib')
[1.288s] INFO:colcon.colcon_core.shell:Creating environment hook '/home/adha/belajar/ws1/install/can_msgs/share/can_msgs/hook/ld_library_path_lib.ps1'
[1.288s] INFO:colcon.colcon_core.shell:Creating environment descriptor '/home/adha/belajar/ws1/install/can_msgs/share/can_msgs/hook/ld_library_path_lib.dsv'
[1.288s] INFO:colcon.colcon_core.shell:Creating environment hook '/home/adha/belajar/ws1/install/can_msgs/share/can_msgs/hook/ld_library_path_lib.sh'
[1.289s] Level 1:colcon.colcon_core.environment:checking '/home/adha/belajar/ws1/install/can_msgs/bin'
[1.289s] Level 1:colcon.colcon_core.environment:checking '/home/adha/belajar/ws1/install/can_msgs/lib/pkgconfig/can_msgs.pc'
[1.289s] Level 1:colcon.colcon_core.environment:checking '/home/adha/belajar/ws1/install/can_msgs/lib/python3.12/site-packages'
[1.289s] Level 1:colcon.colcon_core.shell:create_environment_hook('can_msgs', 'pythonpath')
[1.289s] INFO:colcon.colcon_core.shell:Creating environment hook '/home/adha/belajar/ws1/install/can_msgs/share/can_msgs/hook/pythonpath.ps1'
[1.290s] INFO:colcon.colcon_core.shell:Creating environment descriptor '/home/adha/belajar/ws1/install/can_msgs/share/can_msgs/hook/pythonpath.dsv'
[1.290s] INFO:colcon.colcon_core.shell:Creating environment hook '/home/adha/belajar/ws1/install/can_msgs/share/can_msgs/hook/pythonpath.sh'
[1.291s] Level 1:colcon.colcon_core.environment:checking '/home/adha/belajar/ws1/install/can_msgs/bin'
[1.291s] INFO:colcon.colcon_core.shell:Creating package script '/home/adha/belajar/ws1/install/can_msgs/share/can_msgs/package.ps1'
[1.291s] INFO:colcon.colcon_core.shell:Creating package descriptor '/home/adha/belajar/ws1/install/can_msgs/share/can_msgs/package.dsv'
[1.292s] INFO:colcon.colcon_core.shell:Creating package script '/home/adha/belajar/ws1/install/can_msgs/share/can_msgs/package.sh'
[1.292s] INFO:colcon.colcon_core.shell:Creating package script '/home/adha/belajar/ws1/install/can_msgs/share/can_msgs/package.bash'
[1.292s] INFO:colcon.colcon_core.shell:Creating package script '/home/adha/belajar/ws1/install/can_msgs/share/can_msgs/package.zsh'
[1.293s] Level 1:colcon.colcon_core.environment:create_file_with_runtime_dependencies(/home/adha/belajar/ws1/install/can_msgs/share/colcon-core/packages/can_msgs)
[1.296s] Level 1:colcon.colcon_core.environment:create_environment_scripts_only(msgs)
[1.296s] Level 1:colcon.colcon_core.environment:checking '/home/adha/belajar/ws1/install/msgs' for CMake module files
[1.297s] Level 1:colcon.colcon_core.environment:checking '/home/adha/belajar/ws1/install/msgs' for CMake config files
[1.298s] Level 1:colcon.colcon_core.shell:create_environment_hook('msgs', 'cmake_prefix_path')
[1.298s] INFO:colcon.colcon_core.shell:Creating environment hook '/home/adha/belajar/ws1/install/msgs/share/msgs/hook/cmake_prefix_path.ps1'
[1.299s] INFO:colcon.colcon_core.shell:Creating environment descriptor '/home/adha/belajar/ws1/install/msgs/share/msgs/hook/cmake_prefix_path.dsv'
[1.299s] INFO:colcon.colcon_core.shell:Creating environment hook '/home/adha/belajar/ws1/install/msgs/share/msgs/hook/cmake_prefix_path.sh'
[1.300s] Level 1:colcon.colcon_core.environment:checking '/home/adha/belajar/ws1/install/msgs/lib'
[1.300s] Level 1:colcon.colcon_core.shell:create_environment_hook('msgs', 'ld_library_path_lib')
[1.300s] INFO:colcon.colcon_core.shell:Creating environment hook '/home/adha/belajar/ws1/install/msgs/share/msgs/hook/ld_library_path_lib.ps1'
[1.300s] INFO:colcon.colcon_core.shell:Creating environment descriptor '/home/adha/belajar/ws1/install/msgs/share/msgs/hook/ld_library_path_lib.dsv'
[1.300s] INFO:colcon.colcon_core.shell:Creating environment hook '/home/adha/belajar/ws1/install/msgs/share/msgs/hook/ld_library_path_lib.sh'
[1.301s] Level 1:colcon.colcon_core.environment:checking '/home/adha/belajar/ws1/install/msgs/bin'
[1.301s] Level 1:colcon.colcon_core.environment:checking '/home/adha/belajar/ws1/install/msgs/lib/pkgconfig/msgs.pc'
[1.301s] Level 1:colcon.colcon_core.environment:checking '/home/adha/belajar/ws1/install/msgs/lib/python3.12/site-packages'
[1.301s] Level 1:colcon.colcon_core.shell:create_environment_hook('msgs', 'pythonpath')
[1.302s] INFO:colcon.colcon_core.shell:Creating environment hook '/home/adha/belajar/ws1/install/msgs/share/msgs/hook/pythonpath.ps1'
[1.302s] INFO:colcon.colcon_core.shell:Creating environment descriptor '/home/adha/belajar/ws1/install/msgs/share/msgs/hook/pythonpath.dsv'
[1.302s] INFO:colcon.colcon_core.shell:Creating environment hook '/home/adha/belajar/ws1/install/msgs/share/msgs/hook/pythonpath.sh'
[1.303s] Level 1:colcon.colcon_core.environment:checking '/home/adha/belajar/ws1/install/msgs/bin'
[1.303s] INFO:colcon.colcon_core.shell:Creating package script '/home/adha/belajar/ws1/install/msgs/share/msgs/package.ps1'
[1.303s] INFO:colcon.colcon_core.shell:Creating package descriptor '/home/adha/belajar/ws1/install/msgs/share/msgs/package.dsv'
[1.304s] INFO:colcon.colcon_core.shell:Creating package script '/home/adha/belajar/ws1/install/msgs/share/msgs/package.sh'
[1.304s] INFO:colcon.colcon_core.shell:Creating package script '/home/adha/belajar/ws1/install/msgs/share/msgs/package.bash'
[1.305s] INFO:colcon.colcon_core.shell:Creating package script '/home/adha/belajar/ws1/install/msgs/share/msgs/package.zsh'
[1.305s] Level 1:colcon.colcon_core.environment:create_file_with_runtime_dependencies(/home/adha/belajar/ws1/install/msgs/share/colcon-core/packages/msgs)
[1.306s] Level 1:colcon.colcon_core.environment:create_environment_scripts_only(ros2_socketcan_msgs)
[1.306s] Level 1:colcon.colcon_core.environment:checking '/home/adha/belajar/ws1/install/ros2_socketcan_msgs' for CMake module files
[1.307s] Level 1:colcon.colcon_core.environment:checking '/home/adha/belajar/ws1/install/ros2_socketcan_msgs' for CMake config files
[1.308s] Level 1:colcon.colcon_core.shell:create_environment_hook('ros2_socketcan_msgs', 'cmake_prefix_path')
[1.308s] INFO:colcon.colcon_core.shell:Creating environment hook '/home/adha/belajar/ws1/install/ros2_socketcan_msgs/share/ros2_socketcan_msgs/hook/cmake_prefix_path.ps1'
[1.308s] INFO:colcon.colcon_core.shell:Creating environment descriptor '/home/adha/belajar/ws1/install/ros2_socketcan_msgs/share/ros2_socketcan_msgs/hook/cmake_prefix_path.dsv'
[1.308s] INFO:colcon.colcon_core.shell:Creating environment hook '/home/adha/belajar/ws1/install/ros2_socketcan_msgs/share/ros2_socketcan_msgs/hook/cmake_prefix_path.sh'
[1.309s] Level 1:colcon.colcon_core.environment:checking '/home/adha/belajar/ws1/install/ros2_socketcan_msgs/lib'
[1.309s] Level 1:colcon.colcon_core.shell:create_environment_hook('ros2_socketcan_msgs', 'ld_library_path_lib')
[1.309s] INFO:colcon.colcon_core.shell:Creating environment hook '/home/adha/belajar/ws1/install/ros2_socketcan_msgs/share/ros2_socketcan_msgs/hook/ld_library_path_lib.ps1'
[1.310s] INFO:colcon.colcon_core.shell:Creating environment descriptor '/home/adha/belajar/ws1/install/ros2_socketcan_msgs/share/ros2_socketcan_msgs/hook/ld_library_path_lib.dsv'
[1.310s] INFO:colcon.colcon_core.shell:Creating environment hook '/home/adha/belajar/ws1/install/ros2_socketcan_msgs/share/ros2_socketcan_msgs/hook/ld_library_path_lib.sh'
[1.310s] Level 1:colcon.colcon_core.environment:checking '/home/adha/belajar/ws1/install/ros2_socketcan_msgs/bin'
[1.310s] Level 1:colcon.colcon_core.environment:checking '/home/adha/belajar/ws1/install/ros2_socketcan_msgs/lib/pkgconfig/ros2_socketcan_msgs.pc'
[1.310s] Level 1:colcon.colcon_core.environment:checking '/home/adha/belajar/ws1/install/ros2_socketcan_msgs/lib/python3.12/site-packages'
[1.311s] Level 1:colcon.colcon_core.shell:create_environment_hook('ros2_socketcan_msgs', 'pythonpath')
[1.311s] INFO:colcon.colcon_core.shell:Creating environment hook '/home/adha/belajar/ws1/install/ros2_socketcan_msgs/share/ros2_socketcan_msgs/hook/pythonpath.ps1'
[1.311s] INFO:colcon.colcon_core.shell:Creating environment descriptor '/home/adha/belajar/ws1/install/ros2_socketcan_msgs/share/ros2_socketcan_msgs/hook/pythonpath.dsv'
[1.311s] INFO:colcon.colcon_core.shell:Creating environment hook '/home/adha/belajar/ws1/install/ros2_socketcan_msgs/share/ros2_socketcan_msgs/hook/pythonpath.sh'
[1.312s] Level 1:colcon.colcon_core.environment:checking '/home/adha/belajar/ws1/install/ros2_socketcan_msgs/bin'
[1.312s] INFO:colcon.colcon_core.shell:Creating package script '/home/adha/belajar/ws1/install/ros2_socketcan_msgs/share/ros2_socketcan_msgs/package.ps1'
[1.313s] INFO:colcon.colcon_core.shell:Creating package descriptor '/home/adha/belajar/ws1/install/ros2_socketcan_msgs/share/ros2_socketcan_msgs/package.dsv'
[1.313s] INFO:colcon.colcon_core.shell:Creating package script '/home/adha/belajar/ws1/install/ros2_socketcan_msgs/share/ros2_socketcan_msgs/package.sh'
[1.313s] INFO:colcon.colcon_core.shell:Creating package script '/home/adha/belajar/ws1/install/ros2_socketcan_msgs/share/ros2_socketcan_msgs/package.bash'
[1.314s] INFO:colcon.colcon_core.shell:Creating package script '/home/adha/belajar/ws1/install/ros2_socketcan_msgs/share/ros2_socketcan_msgs/package.zsh'
[1.314s] Level 1:colcon.colcon_core.environment:create_file_with_runtime_dependencies(/home/adha/belajar/ws1/install/ros2_socketcan_msgs/share/colcon-core/packages/ros2_socketcan_msgs)
[1.314s] INFO:colcon.colcon_ros.task.ament_cmake.build:Building ROS package in '/home/adha/belajar/ws1/src/ros2_socketcan/ros2_socketcan' with build type 'ament_cmake'
[1.315s] INFO:colcon.colcon_cmake.task.cmake.build:Building CMake package in '/home/adha/belajar/ws1/src/ros2_socketcan/ros2_socketcan'
[1.315s] INFO:colcon.colcon_core.shell:Skip shell extension 'powershell' for command environment: Not usable outside of PowerShell
[1.315s] DEBUG:colcon.colcon_core.shell:Skip shell extension 'dsv' for command environment
[1.329s] DEBUG:colcon.colcon_core.event_handler.log_command:Invoking command in '/home/adha/belajar/ws1/build/ros2_socketcan': CMAKE_PREFIX_PATH=/home/adha/belajar/ws1/install/ros2_socketcan_msgs:/home/adha/belajar/ws1/install/can_msgs:/home/adha/belajar/ws1/install/control:/home/adha/belajar/ws1/install/ros2_socketcan:/home/adha/belajar/ws1/install/msgs:/opt/ros/jazzy/opt/gz_math_vendor:/opt/ros/jazzy/opt/gz_utils_vendor:/opt/ros/jazzy/opt/gz_cmake_vendor:/opt/ros/jazzy DEBUGINFOD_URLS=https://debuginfod.ubuntu.com LD_LIBRARY_PATH=/home/adha/belajar/ws1/install/ros2_socketcan_msgs/lib:/home/adha/belajar/ws1/install/can_msgs/lib:/home/adha/belajar/ws1/install/ros2_socketcan/lib:/home/adha/belajar/ws1/install/msgs/lib:/opt/ros/jazzy/opt/rviz_ogre_vendor/lib:/opt/ros/jazzy/lib/x86_64-linux-gnu:/opt/ros/jazzy/opt/gz_math_vendor/lib:/opt/ros/jazzy/opt/gz_utils_vendor/lib:/opt/ros/jazzy/opt/gz_cmake_vendor/lib:/opt/ros/jazzy/lib PYTHONPATH=/home/adha/belajar/ws1/install/ros2_socketcan_msgs/lib/python3.12/site-packages:/home/adha/belajar/ws1/install/can_msgs/lib/python3.12/site-packages:/home/adha/belajar/ws1/install/msgs/lib/python3.12/site-packages:/opt/ros/jazzy/lib/python3.12/site-packages /usr/bin/cmake --build /home/adha/belajar/ws1/build/ros2_socketcan -- -j12 -l12
[1.461s] DEBUG:colcon.colcon_core.event_handler.log_command:Invoked command in '/home/adha/belajar/ws1/build/ros2_socketcan' returned '0': CMAKE_PREFIX_PATH=/home/adha/belajar/ws1/install/ros2_socketcan_msgs:/home/adha/belajar/ws1/install/can_msgs:/home/adha/belajar/ws1/install/control:/home/adha/belajar/ws1/install/ros2_socketcan:/home/adha/belajar/ws1/install/msgs:/opt/ros/jazzy/opt/gz_math_vendor:/opt/ros/jazzy/opt/gz_utils_vendor:/opt/ros/jazzy/opt/gz_cmake_vendor:/opt/ros/jazzy DEBUGINFOD_URLS=https://debuginfod.ubuntu.com LD_LIBRARY_PATH=/home/adha/belajar/ws1/install/ros2_socketcan_msgs/lib:/home/adha/belajar/ws1/install/can_msgs/lib:/home/adha/belajar/ws1/install/ros2_socketcan/lib:/home/adha/belajar/ws1/install/msgs/lib:/opt/ros/jazzy/opt/rviz_ogre_vendor/lib:/opt/ros/jazzy/lib/x86_64-linux-gnu:/opt/ros/jazzy/opt/gz_math_vendor/lib:/opt/ros/jazzy/opt/gz_utils_vendor/lib:/opt/ros/jazzy/opt/gz_cmake_vendor/lib:/opt/ros/jazzy/lib PYTHONPATH=/home/adha/belajar/ws1/install/ros2_socketcan_msgs/lib/python3.12/site-packages:/home/adha/belajar/ws1/install/can_msgs/lib/python3.12/site-packages:/home/adha/belajar/ws1/install/msgs/lib/python3.12/site-packages:/opt/ros/jazzy/lib/python3.12/site-packages /usr/bin/cmake --build /home/adha/belajar/ws1/build/ros2_socketcan -- -j12 -l12
[1.518s] DEBUG:colcon.colcon_core.event_handler.log_command:Invoking command in '/home/adha/belajar/ws1/build/ros2_socketcan': CMAKE_PREFIX_PATH=/home/adha/belajar/ws1/install/ros2_socketcan_msgs:/home/adha/belajar/ws1/install/can_msgs:/home/adha/belajar/ws1/install/control:/home/adha/belajar/ws1/install/ros2_socketcan:/home/adha/belajar/ws1/install/msgs:/opt/ros/jazzy/opt/gz_math_vendor:/opt/ros/jazzy/opt/gz_utils_vendor:/opt/ros/jazzy/opt/gz_cmake_vendor:/opt/ros/jazzy DEBUGINFOD_URLS=https://debuginfod.ubuntu.com LD_LIBRARY_PATH=/home/adha/belajar/ws1/install/ros2_socketcan_msgs/lib:/home/adha/belajar/ws1/install/can_msgs/lib:/home/adha/belajar/ws1/install/ros2_socketcan/lib:/home/adha/belajar/ws1/install/msgs/lib:/opt/ros/jazzy/opt/rviz_ogre_vendor/lib:/opt/ros/jazzy/lib/x86_64-linux-gnu:/opt/ros/jazzy/opt/gz_math_vendor/lib:/opt/ros/jazzy/opt/gz_utils_vendor/lib:/opt/ros/jazzy/opt/gz_cmake_vendor/lib:/opt/ros/jazzy/lib PYTHONPATH=/home/adha/belajar/ws1/install/ros2_socketcan_msgs/lib/python3.12/site-packages:/home/adha/belajar/ws1/install/can_msgs/lib/python3.12/site-packages:/home/adha/belajar/ws1/install/msgs/lib/python3.12/site-packages:/opt/ros/jazzy/lib/python3.12/site-packages /usr/bin/cmake --install /home/adha/belajar/ws1/build/ros2_socketcan
[1.531s] Level 1:colcon.colcon_core.environment:create_environment_scripts_only(ros2_socketcan)
[1.531s] Level 1:colcon.colcon_core.environment:checking '/home/adha/belajar/ws1/install/ros2_socketcan' for CMake module files
[1.532s] DEBUG:colcon.colcon_core.event_handler.log_command:Invoked command in '/home/adha/belajar/ws1/build/ros2_socketcan' returned '0': CMAKE_PREFIX_PATH=/home/adha/belajar/ws1/install/ros2_socketcan_msgs:/home/adha/belajar/ws1/install/can_msgs:/home/adha/belajar/ws1/install/control:/home/adha/belajar/ws1/install/ros2_socketcan:/home/adha/belajar/ws1/install/msgs:/opt/ros/jazzy/opt/gz_math_vendor:/opt/ros/jazzy/opt/gz_utils_vendor:/opt/ros/jazzy/opt/gz_cmake_vendor:/opt/ros/jazzy DEBUGINFOD_URLS=https://debuginfod.ubuntu.com LD_LIBRARY_PATH=/home/adha/belajar/ws1/install/ros2_socketcan_msgs/lib:/home/adha/belajar/ws1/install/can_msgs/lib:/home/adha/belajar/ws1/install/ros2_socketcan/lib:/home/adha/belajar/ws1/install/msgs/lib:/opt/ros/jazzy/opt/rviz_ogre_vendor/lib:/opt/ros/jazzy/lib/x86_64-linux-gnu:/opt/ros/jazzy/opt/gz_math_vendor/lib:/opt/ros/jazzy/opt/gz_utils_vendor/lib:/opt/ros/jazzy/opt/gz_cmake_vendor/lib:/opt/ros/jazzy/lib PYTHONPATH=/home/adha/belajar/ws1/install/ros2_socketcan_msgs/lib/python3.12/site-packages:/home/adha/belajar/ws1/install/can_msgs/lib/python3.12/site-packages:/home/adha/belajar/ws1/install/msgs/lib/python3.12/site-packages:/opt/ros/jazzy/lib/python3.12/site-packages /usr/bin/cmake --install /home/adha/belajar/ws1/build/ros2_socketcan
[1.532s] Level 1:colcon.colcon_core.environment:checking '/home/adha/belajar/ws1/install/ros2_socketcan' for CMake config files
[1.532s] Level 1:colcon.colcon_core.shell:create_environment_hook('ros2_socketcan', 'cmake_prefix_path')
[1.532s] INFO:colcon.colcon_core.shell:Creating environment hook '/home/adha/belajar/ws1/install/ros2_socketcan/share/ros2_socketcan/hook/cmake_prefix_path.ps1'
[1.532s] INFO:colcon.colcon_core.shell:Creating environment descriptor '/home/adha/belajar/ws1/install/ros2_socketcan/share/ros2_socketcan/hook/cmake_prefix_path.dsv'
[1.533s] INFO:colcon.colcon_core.shell:Creating environment hook '/home/adha/belajar/ws1/install/ros2_socketcan/share/ros2_socketcan/hook/cmake_prefix_path.sh'
[1.533s] Level 1:colcon.colcon_core.environment:checking '/home/adha/belajar/ws1/install/ros2_socketcan/lib'
[1.533s] Level 1:colcon.colcon_core.shell:create_environment_hook('ros2_socketcan', 'ld_library_path_lib')
[1.533s] INFO:colcon.colcon_core.shell:Creating environment hook '/home/adha/belajar/ws1/install/ros2_socketcan/share/ros2_socketcan/hook/ld_library_path_lib.ps1'
[1.533s] INFO:colcon.colcon_core.shell:Creating environment descriptor '/home/adha/belajar/ws1/install/ros2_socketcan/share/ros2_socketcan/hook/ld_library_path_lib.dsv'
[1.533s] INFO:colcon.colcon_core.shell:Creating environment hook '/home/adha/belajar/ws1/install/ros2_socketcan/share/ros2_socketcan/hook/ld_library_path_lib.sh'
[1.534s] Level 1:colcon.colcon_core.environment:checking '/home/adha/belajar/ws1/install/ros2_socketcan/bin'
[1.534s] Level 1:colcon.colcon_core.environment:checking '/home/adha/belajar/ws1/install/ros2_socketcan/lib/pkgconfig/ros2_socketcan.pc'
[1.534s] Level 1:colcon.colcon_core.environment:checking '/home/adha/belajar/ws1/install/ros2_socketcan/lib/python3.12/site-packages'
[1.534s] Level 1:colcon.colcon_core.environment:checking '/home/adha/belajar/ws1/install/ros2_socketcan/bin'
[1.534s] INFO:colcon.colcon_core.shell:Creating package script '/home/adha/belajar/ws1/install/ros2_socketcan/share/ros2_socketcan/package.ps1'
[1.534s] INFO:colcon.colcon_core.shell:Creating package descriptor '/home/adha/belajar/ws1/install/ros2_socketcan/share/ros2_socketcan/package.dsv'
[1.535s] INFO:colcon.colcon_core.shell:Creating package script '/home/adha/belajar/ws1/install/ros2_socketcan/share/ros2_socketcan/package.sh'
[1.535s] INFO:colcon.colcon_core.shell:Creating package script '/home/adha/belajar/ws1/install/ros2_socketcan/share/ros2_socketcan/package.bash'
[1.535s] INFO:colcon.colcon_core.shell:Creating package script '/home/adha/belajar/ws1/install/ros2_socketcan/share/ros2_socketcan/package.zsh'
[1.535s] Level 1:colcon.colcon_core.environment:create_file_with_runtime_dependencies(/home/adha/belajar/ws1/install/ros2_socketcan/share/colcon-core/packages/ros2_socketcan)
[1.588s] Level 1:colcon.colcon_core.environment:create_environment_scripts_only(ros2_socketcan)
[1.588s] Level 1:colcon.colcon_core.environment:checking '/home/adha/belajar/ws1/install/ros2_socketcan' for CMake module files
[1.589s] Level 1:colcon.colcon_core.environment:checking '/home/adha/belajar/ws1/install/ros2_socketcan' for CMake config files
[1.589s] Level 1:colcon.colcon_core.shell:create_environment_hook('ros2_socketcan', 'cmake_prefix_path')
[1.589s] INFO:colcon.colcon_core.shell:Creating environment hook '/home/adha/belajar/ws1/install/ros2_socketcan/share/ros2_socketcan/hook/cmake_prefix_path.ps1'
[1.589s] INFO:colcon.colcon_core.shell:Creating environment descriptor '/home/adha/belajar/ws1/install/ros2_socketcan/share/ros2_socketcan/hook/cmake_prefix_path.dsv'
[1.590s] INFO:colcon.colcon_core.shell:Creating environment hook '/home/adha/belajar/ws1/install/ros2_socketcan/share/ros2_socketcan/hook/cmake_prefix_path.sh'
[1.590s] Level 1:colcon.colcon_core.environment:checking '/home/adha/belajar/ws1/install/ros2_socketcan/lib'
[1.590s] Level 1:colcon.colcon_core.shell:create_environment_hook('ros2_socketcan', 'ld_library_path_lib')
[1.590s] INFO:colcon.colcon_core.shell:Creating environment hook '/home/adha/belajar/ws1/install/ros2_socketcan/share/ros2_socketcan/hook/ld_library_path_lib.ps1'
[1.590s] INFO:colcon.colcon_core.shell:Creating environment descriptor '/home/adha/belajar/ws1/install/ros2_socketcan/share/ros2_socketcan/hook/ld_library_path_lib.dsv'
[1.591s] INFO:colcon.colcon_core.shell:Creating environment hook '/home/adha/belajar/ws1/install/ros2_socketcan/share/ros2_socketcan/hook/ld_library_path_lib.sh'
[1.591s] Level 1:colcon.colcon_core.environment:checking '/home/adha/belajar/ws1/install/ros2_socketcan/bin'
[1.591s] Level 1:colcon.colcon_core.environment:checking '/home/adha/belajar/ws1/install/ros2_socketcan/lib/pkgconfig/ros2_socketcan.pc'
[1.591s] Level 1:colcon.colcon_core.environment:checking '/home/adha/belajar/ws1/install/ros2_socketcan/lib/python3.12/site-packages'
[1.591s] Level 1:colcon.colcon_core.environment:checking '/home/adha/belajar/ws1/install/ros2_socketcan/bin'
[1.591s] INFO:colcon.colcon_core.shell:Creating package script '/home/adha/belajar/ws1/install/ros2_socketcan/share/ros2_socketcan/package.ps1'
[1.593s] INFO:colcon.colcon_core.shell:Creating package descriptor '/home/adha/belajar/ws1/install/ros2_socketcan/share/ros2_socketcan/package.dsv'
[1.593s] INFO:colcon.colcon_core.shell:Creating package script '/home/adha/belajar/ws1/install/ros2_socketcan/share/ros2_socketcan/package.sh'
[1.593s] INFO:colcon.colcon_core.shell:Creating package script '/home/adha/belajar/ws1/install/ros2_socketcan/share/ros2_socketcan/package.bash'
[1.594s] INFO:colcon.colcon_core.shell:Creating package script '/home/adha/belajar/ws1/install/ros2_socketcan/share/ros2_socketcan/package.zsh'
[1.594s] Level 1:colcon.colcon_core.environment:create_file_with_runtime_dependencies(/home/adha/belajar/ws1/install/ros2_socketcan/share/colcon-core/packages/ros2_socketcan)
[1.594s] INFO:colcon.colcon_ros.task.ament_cmake.build:Building ROS package in '/home/adha/belajar/ws1/src/control' with build type 'ament_cmake'
[1.594s] INFO:colcon.colcon_cmake.task.cmake.build:Building CMake package in '/home/adha/belajar/ws1/src/control'
[1.594s] INFO:colcon.colcon_core.shell:Skip shell extension 'powershell' for command environment: Not usable outside of PowerShell
[1.594s] DEBUG:colcon.colcon_core.shell:Skip shell extension 'dsv' for command environment
[1.612s] DEBUG:colcon.colcon_core.event_handler.log_command:Invoking command in '/home/adha/belajar/ws1/build/control': CMAKE_PREFIX_PATH=/home/adha/belajar/ws1/install/ros2_socketcan:/home/adha/belajar/ws1/install/ros2_socketcan_msgs:/home/adha/belajar/ws1/install/msgs:/home/adha/belajar/ws1/install/can_msgs:/home/adha/belajar/ws1/install/control:/opt/ros/jazzy/opt/gz_math_vendor:/opt/ros/jazzy/opt/gz_utils_vendor:/opt/ros/jazzy/opt/gz_cmake_vendor:/opt/ros/jazzy DEBUGINFOD_URLS=https://debuginfod.ubuntu.com /usr/bin/cmake --build /home/adha/belajar/ws1/build/control -- -j12 -l12
[5.570s] DEBUG:colcon.colcon_core.event_handler.log_command:Invoked command in '/home/adha/belajar/ws1/build/control' returned '2': CMAKE_PREFIX_PATH=/home/adha/belajar/ws1/install/ros2_socketcan:/home/adha/belajar/ws1/install/ros2_socketcan_msgs:/home/adha/belajar/ws1/install/msgs:/home/adha/belajar/ws1/install/can_msgs:/home/adha/belajar/ws1/install/control:/opt/ros/jazzy/opt/gz_math_vendor:/opt/ros/jazzy/opt/gz_utils_vendor:/opt/ros/jazzy/opt/gz_cmake_vendor:/opt/ros/jazzy DEBUGINFOD_URLS=https://debuginfod.ubuntu.com /usr/bin/cmake --build /home/adha/belajar/ws1/build/control -- -j12 -l12
[5.599s] Level 1:colcon.colcon_core.environment:create_environment_scripts_only(control)
[5.599s] Level 1:colcon.colcon_core.environment:checking '/home/adha/belajar/ws1/install/control' for CMake module files
[5.600s] Level 1:colcon.colcon_core.environment:checking '/home/adha/belajar/ws1/install/control' for CMake config files
[5.600s] Level 1:colcon.colcon_core.shell:create_environment_hook('control', 'cmake_prefix_path')
[5.600s] INFO:colcon.colcon_core.shell:Creating environment hook '/home/adha/belajar/ws1/install/control/share/control/hook/cmake_prefix_path.ps1'
[5.600s] INFO:colcon.colcon_core.shell:Creating environment descriptor '/home/adha/belajar/ws1/install/control/share/control/hook/cmake_prefix_path.dsv'
[5.600s] INFO:colcon.colcon_core.shell:Creating environment hook '/home/adha/belajar/ws1/install/control/share/control/hook/cmake_prefix_path.sh'
[5.601s] Level 1:colcon.colcon_core.environment:checking '/home/adha/belajar/ws1/install/control/lib'
[5.601s] Level 1:colcon.colcon_core.environment:checking '/home/adha/belajar/ws1/install/control/bin'
[5.601s] Level 1:colcon.colcon_core.environment:checking '/home/adha/belajar/ws1/install/control/lib/pkgconfig/control.pc'
[5.601s] Level 1:colcon.colcon_core.environment:checking '/home/adha/belajar/ws1/install/control/lib/python3.12/site-packages'
[5.601s] Level 1:colcon.colcon_core.environment:checking '/home/adha/belajar/ws1/install/control/bin'
[5.601s] INFO:colcon.colcon_core.shell:Creating package script '/home/adha/belajar/ws1/install/control/share/control/package.ps1'
[5.601s] INFO:colcon.colcon_core.shell:Creating package descriptor '/home/adha/belajar/ws1/install/control/share/control/package.dsv'
[5.602s] INFO:colcon.colcon_core.shell:Creating package script '/home/adha/belajar/ws1/install/control/share/control/package.sh'
[5.602s] INFO:colcon.colcon_core.shell:Creating package script '/home/adha/belajar/ws1/install/control/share/control/package.bash'
[5.602s] INFO:colcon.colcon_core.shell:Creating package script '/home/adha/belajar/ws1/install/control/share/control/package.zsh'
[5.602s] Level 1:colcon.colcon_core.environment:create_file_with_runtime_dependencies(/home/adha/belajar/ws1/install/control/share/colcon-core/packages/control)
[5.613s] DEBUG:colcon.colcon_parallel_executor.executor.parallel:closing loop
[5.613s] DEBUG:colcon.colcon_parallel_executor.executor.parallel:loop closed
[5.613s] DEBUG:colcon.colcon_parallel_executor.executor.parallel:run_until_complete finished with '2'
[5.613s] DEBUG:colcon.colcon_core.event_reactor:joining thread
[5.618s] INFO:colcon.colcon_core.plugin_system:Skipping extension 'colcon_notification.desktop_notification.terminal_notifier': Not used on non-Darwin systems
[5.618s] INFO:colcon.colcon_core.plugin_system:Skipping extension 'colcon_notification.desktop_notification.win32': Not used on non-Windows systems
[5.618s] INFO:colcon.colcon_notification.desktop_notification:Sending desktop notification using 'notify2'
[5.633s] DEBUG:colcon.colcon_core.event_reactor:joined thread
[5.633s] INFO:colcon.colcon_core.shell:Creating prefix script '/home/adha/belajar/ws1/install/local_setup.ps1'
[5.634s] INFO:colcon.colcon_core.shell:Creating prefix util module '/home/adha/belajar/ws1/install/_local_setup_util_ps1.py'
[5.635s] INFO:colcon.colcon_core.shell:Creating prefix chain script '/home/adha/belajar/ws1/install/setup.ps1'
[5.636s] INFO:colcon.colcon_core.shell:Creating prefix script '/home/adha/belajar/ws1/install/local_setup.sh'
[5.637s] INFO:colcon.colcon_core.shell:Creating prefix util module '/home/adha/belajar/ws1/install/_local_setup_util_sh.py'
[5.637s] INFO:colcon.colcon_core.shell:Creating prefix chain script '/home/adha/belajar/ws1/install/setup.sh'
[5.638s] INFO:colcon.colcon_core.shell:Creating prefix script '/home/adha/belajar/ws1/install/local_setup.bash'
[5.639s] INFO:colcon.colcon_core.shell:Creating prefix chain script '/home/adha/belajar/ws1/install/setup.bash'
[5.640s] INFO:colcon.colcon_core.shell:Creating prefix script '/home/adha/belajar/ws1/install/local_setup.zsh'
[5.640s] INFO:colcon.colcon_core.shell:Creating prefix chain script '/home/adha/belajar/ws1/install/setup.zsh'
