[0.011s] Invoking command in '/home/adha/belajar/ws1/build/control': CMAKE_PREFIX_PATH=${CMAKE_PREFIX_PATH}:/opt/ros/jazzy DEBUGINFOD_URLS=https://debuginfod.ubuntu.com /usr/bin/cmake /home/adha/belajar/ws1/src/control -DCMAKE_INSTALL_PREFIX=/home/adha/belajar/ws1/install/control
[0.104s] -- The C compiler identification is GNU 13.2.0
[0.181s] -- The CXX compiler identification is GNU 13.2.0
[0.200s] -- Detecting C compiler ABI info
[0.282s] -- Detecting C compiler ABI info - done
[0.288s] -- Check for working C compiler: /usr/bin/cc - skipped
[0.288s] -- Detecting C compile features
[0.288s] -- Detecting C compile features - done
[0.298s] -- Detecting CXX compiler ABI info
[0.382s] -- Detecting CXX compiler ABI info - done
[0.388s] -- Check for working CXX compiler: /usr/bin/c++ - skipped
[0.388s] -- Detecting CXX compile features
[0.388s] -- Detecting CXX compile features - done
[0.394s] -- Found ament_cmake: 2.5.2 (/opt/ros/jazzy/share/ament_cmake/cmake)
[0.488s] -- Found Python3: /usr/bin/python3 (found version "3.12.3") found components: Interpreter 
[0.577s] -- Found rclcpp: 28.1.4 (/opt/ros/jazzy/share/rclcpp/cmake)
[0.614s] -- Found rosidl_generator_c: 4.6.4 (/opt/ros/jazzy/share/rosidl_generator_c/cmake)
[0.625s] -- Found rosidl_generator_cpp: 4.6.4 (/opt/ros/jazzy/share/rosidl_generator_cpp/cmake)
[0.639s] -- Using all available rosidl_typesupport_c: rosidl_typesupport_fastrtps_c;rosidl_typesupport_introspection_c
[0.653s] -- Using all available rosidl_typesupport_cpp: rosidl_typesupport_fastrtps_cpp;rosidl_typesupport_introspection_cpp
[0.717s] -- Found rmw_implementation_cmake: 7.3.1 (/opt/ros/jazzy/share/rmw_implementation_cmake/cmake)
[0.719s] -- Found rmw_fastrtps_cpp: 8.4.1 (/opt/ros/jazzy/share/rmw_fastrtps_cpp/cmake)
[0.793s] -- Found OpenSSL: /usr/lib/x86_64-linux-gnu/libcrypto.so (found version "3.0.13")  
[0.809s] -- Found FastRTPS: /opt/ros/jazzy/include (Required is at least version "2.13") 
[0.827s] -- Using RMW implementation 'rmw_fastrtps_cpp' as default
[0.889s] -- Found geometry_msgs: 5.3.5 (/opt/ros/jazzy/share/geometry_msgs/cmake)
[0.927s] [31mCMake Error at CMakeLists.txt:16 (find_package):
[0.927s]   By not providing "FindNCurses.cmake" in CMAKE_MODULE_PATH this project has
[0.927s]   asked CMake to find a package configuration file provided by "NCurses", but
[0.927s]   CMake did not find one.
[0.927s] 
[0.927s]   Could not find a package configuration file provided by "NCurses" with any
[0.928s]   of the following names:
[0.928s] 
[0.928s]     NCursesConfig.cmake
[0.928s]     ncurses-config.cmake
[0.928s] 
[0.928s]   Add the installation prefix of "NCurses" to CMAKE_PREFIX_PATH or set
[0.928s]   "NCurses_DIR" to a directory containing one of the above files.  If
[0.928s]   "NCurses" provides a separate development package or SDK, be sure it has
[0.928s]   been installed.
[0.928s] 
[0.928s] [0m
[0.928s] -- Configuring incomplete, errors occurred!
[0.935s] Invoked command in '/home/adha/belajar/ws1/build/control' returned '1': CMAKE_PREFIX_PATH=${CMAKE_PREFIX_PATH}:/opt/ros/jazzy DEBUGINFOD_URLS=https://debuginfod.ubuntu.com /usr/bin/cmake /home/adha/belajar/ws1/src/control -DCMAKE_INSTALL_PREFIX=/home/adha/belajar/ws1/install/control
