[0.154s] DEBUG:colcon:Command line arguments: ['/usr/bin/colcon', 'build']
[0.154s] DEBUG:colcon:Parsed command line arguments: Namespace(log_base=None, log_level=None, verb_name='build', build_base='build', install_base='install', merge_install=False, symlink_install=False, test_result_base=None, continue_on_error=False, executor='parallel', parallel_workers=12, event_handlers=None, ignore_user_meta=False, metas=['./colcon.meta'], base_paths=['.'], packages_ignore=None, packages_ignore_regex=None, paths=None, packages_up_to=None, packages_up_to_regex=None, packages_above=None, packages_above_and_dependencies=None, packages_above_depth=None, packages_select_by_dep=None, packages_skip_by_dep=None, packages_skip_up_to=None, packages_select_build_failed=False, packages_skip_build_finished=False, packages_select_test_failures=False, packages_skip_test_passed=False, packages_select=None, packages_skip=None, packages_select_regex=None, packages_skip_regex=None, packages_start=None, packages_end=None, allow_overriding=[], cmake_args=None, cmake_target=None, cmake_target_skip_unavailable=False, cmake_clean_cache=False, cmake_clean_first=False, cmake_force_configure=False, ament_cmake_args=None, catkin_cmake_args=None, catkin_skip_building_tests=False, verb_parser=<colcon_defaults.argument_parser.defaults.DefaultArgumentsDecorator object at 0x7db80ea68920>, verb_extension=<colcon_core.verb.build.BuildVerb object at 0x7db80eb5f8c0>, main=<bound method BuildVerb.main of <colcon_core.verb.build.BuildVerb object at 0x7db80eb5f8c0>>)
[0.205s] Level 1:colcon.colcon_core.package_discovery:discover_packages(colcon_meta) check parameters
[0.205s] Level 1:colcon.colcon_core.package_discovery:discover_packages(recursive) check parameters
[0.205s] Level 1:colcon.colcon_core.package_discovery:discover_packages(ignore) check parameters
[0.205s] Level 1:colcon.colcon_core.package_discovery:discover_packages(path) check parameters
[0.205s] Level 1:colcon.colcon_core.package_discovery:discover_packages(colcon_meta) discover
[0.205s] Level 1:colcon.colcon_core.package_discovery:discover_packages(recursive) discover
[0.205s] INFO:colcon.colcon_core.package_discovery:Crawling recursively for packages in '/home/adha/belajar/ws1'
[0.205s] Level 1:colcon.colcon_core.package_identification:_identify(.) by extensions ['ignore', 'ignore_ament_install']
[0.206s] Level 1:colcon.colcon_core.package_identification:_identify(.) by extension 'ignore'
[0.206s] Level 1:colcon.colcon_core.package_identification:_identify(.) by extension 'ignore_ament_install'
[0.206s] Level 1:colcon.colcon_core.package_identification:_identify(.) by extensions ['colcon_pkg']
[0.206s] Level 1:colcon.colcon_core.package_identification:_identify(.) by extension 'colcon_pkg'
[0.206s] Level 1:colcon.colcon_core.package_identification:_identify(.) by extensions ['colcon_meta']
[0.206s] Level 1:colcon.colcon_core.package_identification:_identify(.) by extension 'colcon_meta'
[0.206s] Level 1:colcon.colcon_core.package_identification:_identify(.) by extensions ['ros']
[0.206s] Level 1:colcon.colcon_core.package_identification:_identify(.) by extension 'ros'
[0.244s] Level 1:colcon.colcon_core.package_identification:_identify(.) by extensions ['cmake', 'python']
[0.244s] Level 1:colcon.colcon_core.package_identification:_identify(.) by extension 'cmake'
[0.244s] Level 1:colcon.colcon_core.package_identification:_identify(.) by extension 'python'
[0.244s] Level 1:colcon.colcon_core.package_identification:_identify(.) by extensions ['python_setup_py']
[0.244s] Level 1:colcon.colcon_core.package_identification:_identify(.) by extension 'python_setup_py'
[0.244s] Level 1:colcon.colcon_core.package_identification:_identify(build) by extensions ['ignore', 'ignore_ament_install']
[0.245s] Level 1:colcon.colcon_core.package_identification:_identify(build) by extension 'ignore'
[0.245s] Level 1:colcon.colcon_core.package_identification:_identify(build) ignored
[0.245s] Level 1:colcon.colcon_core.package_identification:_identify(install) by extensions ['ignore', 'ignore_ament_install']
[0.245s] Level 1:colcon.colcon_core.package_identification:_identify(install) by extension 'ignore'
[0.245s] Level 1:colcon.colcon_core.package_identification:_identify(install) ignored
[0.245s] Level 1:colcon.colcon_core.package_identification:_identify(log) by extensions ['ignore', 'ignore_ament_install']
[0.245s] Level 1:colcon.colcon_core.package_identification:_identify(log) by extension 'ignore'
[0.245s] Level 1:colcon.colcon_core.package_identification:_identify(log) ignored
[0.245s] Level 1:colcon.colcon_core.package_identification:_identify(src) by extensions ['ignore', 'ignore_ament_install']
[0.246s] Level 1:colcon.colcon_core.package_identification:_identify(src) by extension 'ignore'
[0.246s] Level 1:colcon.colcon_core.package_identification:_identify(src) by extension 'ignore_ament_install'
[0.246s] Level 1:colcon.colcon_core.package_identification:_identify(src) by extensions ['colcon_pkg']
[0.246s] Level 1:colcon.colcon_core.package_identification:_identify(src) by extension 'colcon_pkg'
[0.246s] Level 1:colcon.colcon_core.package_identification:_identify(src) by extensions ['colcon_meta']
[0.246s] Level 1:colcon.colcon_core.package_identification:_identify(src) by extension 'colcon_meta'
[0.246s] Level 1:colcon.colcon_core.package_identification:_identify(src) by extensions ['ros']
[0.246s] Level 1:colcon.colcon_core.package_identification:_identify(src) by extension 'ros'
[0.246s] Level 1:colcon.colcon_core.package_identification:_identify(src) by extensions ['cmake', 'python']
[0.246s] Level 1:colcon.colcon_core.package_identification:_identify(src) by extension 'cmake'
[0.246s] Level 1:colcon.colcon_core.package_identification:_identify(src) by extension 'python'
[0.246s] Level 1:colcon.colcon_core.package_identification:_identify(src) by extensions ['python_setup_py']
[0.246s] Level 1:colcon.colcon_core.package_identification:_identify(src) by extension 'python_setup_py'
[0.246s] Level 1:colcon.colcon_core.package_identification:_identify(src/control) by extensions ['ignore', 'ignore_ament_install']
[0.246s] Level 1:colcon.colcon_core.package_identification:_identify(src/control) by extension 'ignore'
[0.246s] Level 1:colcon.colcon_core.package_identification:_identify(src/control) by extension 'ignore_ament_install'
[0.246s] Level 1:colcon.colcon_core.package_identification:_identify(src/control) by extensions ['colcon_pkg']
[0.246s] Level 1:colcon.colcon_core.package_identification:_identify(src/control) by extension 'colcon_pkg'
[0.246s] Level 1:colcon.colcon_core.package_identification:_identify(src/control) by extensions ['colcon_meta']
[0.246s] Level 1:colcon.colcon_core.package_identification:_identify(src/control) by extension 'colcon_meta'
[0.247s] Level 1:colcon.colcon_core.package_identification:_identify(src/control) by extensions ['ros']
[0.247s] Level 1:colcon.colcon_core.package_identification:_identify(src/control) by extension 'ros'
[0.253s] DEBUG:colcon.colcon_core.package_identification:Package 'src/control' with type 'ros.ament_cmake' and name 'control'
[0.253s] Level 1:colcon.colcon_core.package_identification:_identify(src/msgs) by extensions ['ignore', 'ignore_ament_install']
[0.253s] Level 1:colcon.colcon_core.package_identification:_identify(src/msgs) by extension 'ignore'
[0.253s] Level 1:colcon.colcon_core.package_identification:_identify(src/msgs) by extension 'ignore_ament_install'
[0.253s] Level 1:colcon.colcon_core.package_identification:_identify(src/msgs) by extensions ['colcon_pkg']
[0.253s] Level 1:colcon.colcon_core.package_identification:_identify(src/msgs) by extension 'colcon_pkg'
[0.253s] Level 1:colcon.colcon_core.package_identification:_identify(src/msgs) by extensions ['colcon_meta']
[0.253s] Level 1:colcon.colcon_core.package_identification:_identify(src/msgs) by extension 'colcon_meta'
[0.253s] Level 1:colcon.colcon_core.package_identification:_identify(src/msgs) by extensions ['ros']
[0.253s] Level 1:colcon.colcon_core.package_identification:_identify(src/msgs) by extension 'ros'
[0.254s] DEBUG:colcon.colcon_core.package_identification:Package 'src/msgs' with type 'ros.ament_cmake' and name 'msgs'
[0.254s] Level 1:colcon.colcon_core.package_identification:_identify(src/ros2_socketcan) by extensions ['ignore', 'ignore_ament_install']
[0.254s] Level 1:colcon.colcon_core.package_identification:_identify(src/ros2_socketcan) by extension 'ignore'
[0.254s] Level 1:colcon.colcon_core.package_identification:_identify(src/ros2_socketcan) by extension 'ignore_ament_install'
[0.254s] Level 1:colcon.colcon_core.package_identification:_identify(src/ros2_socketcan) by extensions ['colcon_pkg']
[0.254s] Level 1:colcon.colcon_core.package_identification:_identify(src/ros2_socketcan) by extension 'colcon_pkg'
[0.254s] Level 1:colcon.colcon_core.package_identification:_identify(src/ros2_socketcan) by extensions ['colcon_meta']
[0.254s] Level 1:colcon.colcon_core.package_identification:_identify(src/ros2_socketcan) by extension 'colcon_meta'
[0.254s] Level 1:colcon.colcon_core.package_identification:_identify(src/ros2_socketcan) by extensions ['ros']
[0.254s] Level 1:colcon.colcon_core.package_identification:_identify(src/ros2_socketcan) by extension 'ros'
[0.254s] Level 1:colcon.colcon_core.package_identification:_identify(src/ros2_socketcan) by extensions ['cmake', 'python']
[0.254s] Level 1:colcon.colcon_core.package_identification:_identify(src/ros2_socketcan) by extension 'cmake'
[0.254s] Level 1:colcon.colcon_core.package_identification:_identify(src/ros2_socketcan) by extension 'python'
[0.255s] Level 1:colcon.colcon_core.package_identification:_identify(src/ros2_socketcan) by extensions ['python_setup_py']
[0.255s] Level 1:colcon.colcon_core.package_identification:_identify(src/ros2_socketcan) by extension 'python_setup_py'
[0.255s] Level 1:colcon.colcon_core.package_identification:_identify(src/ros2_socketcan/can_msgs) by extensions ['ignore', 'ignore_ament_install']
[0.255s] Level 1:colcon.colcon_core.package_identification:_identify(src/ros2_socketcan/can_msgs) by extension 'ignore'
[0.255s] Level 1:colcon.colcon_core.package_identification:_identify(src/ros2_socketcan/can_msgs) by extension 'ignore_ament_install'
[0.255s] Level 1:colcon.colcon_core.package_identification:_identify(src/ros2_socketcan/can_msgs) by extensions ['colcon_pkg']
[0.255s] Level 1:colcon.colcon_core.package_identification:_identify(src/ros2_socketcan/can_msgs) by extension 'colcon_pkg'
[0.255s] Level 1:colcon.colcon_core.package_identification:_identify(src/ros2_socketcan/can_msgs) by extensions ['colcon_meta']
[0.255s] Level 1:colcon.colcon_core.package_identification:_identify(src/ros2_socketcan/can_msgs) by extension 'colcon_meta'
[0.255s] Level 1:colcon.colcon_core.package_identification:_identify(src/ros2_socketcan/can_msgs) by extensions ['ros']
[0.255s] Level 1:colcon.colcon_core.package_identification:_identify(src/ros2_socketcan/can_msgs) by extension 'ros'
[0.256s] DEBUG:colcon.colcon_core.package_identification:Package 'src/ros2_socketcan/can_msgs' with type 'ros.ament_cmake' and name 'can_msgs'
[0.256s] Level 1:colcon.colcon_core.package_identification:_identify(src/ros2_socketcan/ros2_socketcan) by extensions ['ignore', 'ignore_ament_install']
[0.256s] Level 1:colcon.colcon_core.package_identification:_identify(src/ros2_socketcan/ros2_socketcan) by extension 'ignore'
[0.256s] Level 1:colcon.colcon_core.package_identification:_identify(src/ros2_socketcan/ros2_socketcan) by extension 'ignore_ament_install'
[0.256s] Level 1:colcon.colcon_core.package_identification:_identify(src/ros2_socketcan/ros2_socketcan) by extensions ['colcon_pkg']
[0.256s] Level 1:colcon.colcon_core.package_identification:_identify(src/ros2_socketcan/ros2_socketcan) by extension 'colcon_pkg'
[0.256s] Level 1:colcon.colcon_core.package_identification:_identify(src/ros2_socketcan/ros2_socketcan) by extensions ['colcon_meta']
[0.256s] Level 1:colcon.colcon_core.package_identification:_identify(src/ros2_socketcan/ros2_socketcan) by extension 'colcon_meta'
[0.256s] Level 1:colcon.colcon_core.package_identification:_identify(src/ros2_socketcan/ros2_socketcan) by extensions ['ros']
[0.256s] Level 1:colcon.colcon_core.package_identification:_identify(src/ros2_socketcan/ros2_socketcan) by extension 'ros'
[0.257s] DEBUG:colcon.colcon_core.package_identification:Package 'src/ros2_socketcan/ros2_socketcan' with type 'ros.ament_cmake' and name 'ros2_socketcan'
[0.257s] Level 1:colcon.colcon_core.package_identification:_identify(src/ros2_socketcan/ros2_socketcan_msgs) by extensions ['ignore', 'ignore_ament_install']
[0.257s] Level 1:colcon.colcon_core.package_identification:_identify(src/ros2_socketcan/ros2_socketcan_msgs) by extension 'ignore'
[0.257s] Level 1:colcon.colcon_core.package_identification:_identify(src/ros2_socketcan/ros2_socketcan_msgs) by extension 'ignore_ament_install'
[0.257s] Level 1:colcon.colcon_core.package_identification:_identify(src/ros2_socketcan/ros2_socketcan_msgs) by extensions ['colcon_pkg']
[0.257s] Level 1:colcon.colcon_core.package_identification:_identify(src/ros2_socketcan/ros2_socketcan_msgs) by extension 'colcon_pkg'
[0.257s] Level 1:colcon.colcon_core.package_identification:_identify(src/ros2_socketcan/ros2_socketcan_msgs) by extensions ['colcon_meta']
[0.257s] Level 1:colcon.colcon_core.package_identification:_identify(src/ros2_socketcan/ros2_socketcan_msgs) by extension 'colcon_meta'
[0.257s] Level 1:colcon.colcon_core.package_identification:_identify(src/ros2_socketcan/ros2_socketcan_msgs) by extensions ['ros']
[0.257s] Level 1:colcon.colcon_core.package_identification:_identify(src/ros2_socketcan/ros2_socketcan_msgs) by extension 'ros'
[0.258s] DEBUG:colcon.colcon_core.package_identification:Package 'src/ros2_socketcan/ros2_socketcan_msgs' with type 'ros.ament_cmake' and name 'ros2_socketcan_msgs'
[0.258s] Level 1:colcon.colcon_core.package_discovery:discover_packages(recursive) using defaults
[0.258s] Level 1:colcon.colcon_core.package_discovery:discover_packages(ignore) discover
[0.258s] Level 1:colcon.colcon_core.package_discovery:discover_packages(ignore) using defaults
[0.258s] Level 1:colcon.colcon_core.package_discovery:discover_packages(path) discover
[0.258s] Level 1:colcon.colcon_core.package_discovery:discover_packages(path) using defaults
[0.280s] Level 1:colcon.colcon_core.package_discovery:discover_packages(prefix_path) check parameters
[0.280s] Level 1:colcon.colcon_core.package_discovery:discover_packages(prefix_path) discover
[0.282s] DEBUG:colcon.colcon_installed_package_information.package_discovery:Found 6 installed packages in /home/adha/belajar/ws1/install
[0.284s] DEBUG:colcon.colcon_installed_package_information.package_discovery:Found 285 installed packages in /opt/ros/jazzy
[0.285s] Level 1:colcon.colcon_core.package_discovery:discover_packages(prefix_path) using defaults
[0.329s] Level 5:colcon.colcon_core.verb:set package 'can_msgs' build argument 'cmake_args' from command line to 'None'
[0.329s] Level 5:colcon.colcon_core.verb:set package 'can_msgs' build argument 'cmake_target' from command line to 'None'
[0.329s] Level 5:colcon.colcon_core.verb:set package 'can_msgs' build argument 'cmake_target_skip_unavailable' from command line to 'False'
[0.329s] Level 5:colcon.colcon_core.verb:set package 'can_msgs' build argument 'cmake_clean_cache' from command line to 'False'
[0.329s] Level 5:colcon.colcon_core.verb:set package 'can_msgs' build argument 'cmake_clean_first' from command line to 'False'
[0.329s] Level 5:colcon.colcon_core.verb:set package 'can_msgs' build argument 'cmake_force_configure' from command line to 'False'
[0.329s] Level 5:colcon.colcon_core.verb:set package 'can_msgs' build argument 'ament_cmake_args' from command line to 'None'
[0.329s] Level 5:colcon.colcon_core.verb:set package 'can_msgs' build argument 'catkin_cmake_args' from command line to 'None'
[0.329s] Level 5:colcon.colcon_core.verb:set package 'can_msgs' build argument 'catkin_skip_building_tests' from command line to 'False'
[0.329s] DEBUG:colcon.colcon_core.verb:Building package 'can_msgs' with the following arguments: {'ament_cmake_args': None, 'build_base': '/home/adha/belajar/ws1/build/can_msgs', 'catkin_cmake_args': None, 'catkin_skip_building_tests': False, 'cmake_args': None, 'cmake_clean_cache': False, 'cmake_clean_first': False, 'cmake_force_configure': False, 'cmake_target': None, 'cmake_target_skip_unavailable': False, 'install_base': '/home/adha/belajar/ws1/install/can_msgs', 'merge_install': False, 'path': '/home/adha/belajar/ws1/src/ros2_socketcan/can_msgs', 'symlink_install': False, 'test_result_base': None}
[0.330s] Level 5:colcon.colcon_core.verb:set package 'msgs' build argument 'cmake_args' from command line to 'None'
[0.330s] Level 5:colcon.colcon_core.verb:set package 'msgs' build argument 'cmake_target' from command line to 'None'
[0.330s] Level 5:colcon.colcon_core.verb:set package 'msgs' build argument 'cmake_target_skip_unavailable' from command line to 'False'
[0.330s] Level 5:colcon.colcon_core.verb:set package 'msgs' build argument 'cmake_clean_cache' from command line to 'False'
[0.330s] Level 5:colcon.colcon_core.verb:set package 'msgs' build argument 'cmake_clean_first' from command line to 'False'
[0.330s] Level 5:colcon.colcon_core.verb:set package 'msgs' build argument 'cmake_force_configure' from command line to 'False'
[0.330s] Level 5:colcon.colcon_core.verb:set package 'msgs' build argument 'ament_cmake_args' from command line to 'None'
[0.330s] Level 5:colcon.colcon_core.verb:set package 'msgs' build argument 'catkin_cmake_args' from command line to 'None'
[0.330s] Level 5:colcon.colcon_core.verb:set package 'msgs' build argument 'catkin_skip_building_tests' from command line to 'False'
[0.330s] DEBUG:colcon.colcon_core.verb:Building package 'msgs' with the following arguments: {'ament_cmake_args': None, 'build_base': '/home/adha/belajar/ws1/build/msgs', 'catkin_cmake_args': None, 'catkin_skip_building_tests': False, 'cmake_args': None, 'cmake_clean_cache': False, 'cmake_clean_first': False, 'cmake_force_configure': False, 'cmake_target': None, 'cmake_target_skip_unavailable': False, 'install_base': '/home/adha/belajar/ws1/install/msgs', 'merge_install': False, 'path': '/home/adha/belajar/ws1/src/msgs', 'symlink_install': False, 'test_result_base': None}
[0.330s] Level 5:colcon.colcon_core.verb:set package 'ros2_socketcan_msgs' build argument 'cmake_args' from command line to 'None'
[0.330s] Level 5:colcon.colcon_core.verb:set package 'ros2_socketcan_msgs' build argument 'cmake_target' from command line to 'None'
[0.330s] Level 5:colcon.colcon_core.verb:set package 'ros2_socketcan_msgs' build argument 'cmake_target_skip_unavailable' from command line to 'False'
[0.330s] Level 5:colcon.colcon_core.verb:set package 'ros2_socketcan_msgs' build argument 'cmake_clean_cache' from command line to 'False'
[0.330s] Level 5:colcon.colcon_core.verb:set package 'ros2_socketcan_msgs' build argument 'cmake_clean_first' from command line to 'False'
[0.330s] Level 5:colcon.colcon_core.verb:set package 'ros2_socketcan_msgs' build argument 'cmake_force_configure' from command line to 'False'
[0.330s] Level 5:colcon.colcon_core.verb:set package 'ros2_socketcan_msgs' build argument 'ament_cmake_args' from command line to 'None'
[0.330s] Level 5:colcon.colcon_core.verb:set package 'ros2_socketcan_msgs' build argument 'catkin_cmake_args' from command line to 'None'
[0.330s] Level 5:colcon.colcon_core.verb:set package 'ros2_socketcan_msgs' build argument 'catkin_skip_building_tests' from command line to 'False'
[0.330s] DEBUG:colcon.colcon_core.verb:Building package 'ros2_socketcan_msgs' with the following arguments: {'ament_cmake_args': None, 'build_base': '/home/adha/belajar/ws1/build/ros2_socketcan_msgs', 'catkin_cmake_args': None, 'catkin_skip_building_tests': False, 'cmake_args': None, 'cmake_clean_cache': False, 'cmake_clean_first': False, 'cmake_force_configure': False, 'cmake_target': None, 'cmake_target_skip_unavailable': False, 'install_base': '/home/adha/belajar/ws1/install/ros2_socketcan_msgs', 'merge_install': False, 'path': '/home/adha/belajar/ws1/src/ros2_socketcan/ros2_socketcan_msgs', 'symlink_install': False, 'test_result_base': None}
[0.331s] Level 5:colcon.colcon_core.verb:set package 'ros2_socketcan' build argument 'cmake_args' from command line to 'None'
[0.331s] Level 5:colcon.colcon_core.verb:set package 'ros2_socketcan' build argument 'cmake_target' from command line to 'None'
[0.331s] Level 5:colcon.colcon_core.verb:set package 'ros2_socketcan' build argument 'cmake_target_skip_unavailable' from command line to 'False'
[0.331s] Level 5:colcon.colcon_core.verb:set package 'ros2_socketcan' build argument 'cmake_clean_cache' from command line to 'False'
[0.331s] Level 5:colcon.colcon_core.verb:set package 'ros2_socketcan' build argument 'cmake_clean_first' from command line to 'False'
[0.331s] Level 5:colcon.colcon_core.verb:set package 'ros2_socketcan' build argument 'cmake_force_configure' from command line to 'False'
[0.331s] Level 5:colcon.colcon_core.verb:set package 'ros2_socketcan' build argument 'ament_cmake_args' from command line to 'None'
[0.331s] Level 5:colcon.colcon_core.verb:set package 'ros2_socketcan' build argument 'catkin_cmake_args' from command line to 'None'
[0.331s] Level 5:colcon.colcon_core.verb:set package 'ros2_socketcan' build argument 'catkin_skip_building_tests' from command line to 'False'
[0.331s] DEBUG:colcon.colcon_core.verb:Building package 'ros2_socketcan' with the following arguments: {'ament_cmake_args': None, 'build_base': '/home/adha/belajar/ws1/build/ros2_socketcan', 'catkin_cmake_args': None, 'catkin_skip_building_tests': False, 'cmake_args': None, 'cmake_clean_cache': False, 'cmake_clean_first': False, 'cmake_force_configure': False, 'cmake_target': None, 'cmake_target_skip_unavailable': False, 'install_base': '/home/adha/belajar/ws1/install/ros2_socketcan', 'merge_install': False, 'path': '/home/adha/belajar/ws1/src/ros2_socketcan/ros2_socketcan', 'symlink_install': False, 'test_result_base': None}
[0.331s] Level 5:colcon.colcon_core.verb:set package 'control' build argument 'cmake_args' from command line to 'None'
[0.331s] Level 5:colcon.colcon_core.verb:set package 'control' build argument 'cmake_target' from command line to 'None'
[0.331s] Level 5:colcon.colcon_core.verb:set package 'control' build argument 'cmake_target_skip_unavailable' from command line to 'False'
[0.331s] Level 5:colcon.colcon_core.verb:set package 'control' build argument 'cmake_clean_cache' from command line to 'False'
[0.331s] Level 5:colcon.colcon_core.verb:set package 'control' build argument 'cmake_clean_first' from command line to 'False'
[0.331s] Level 5:colcon.colcon_core.verb:set package 'control' build argument 'cmake_force_configure' from command line to 'False'
[0.331s] Level 5:colcon.colcon_core.verb:set package 'control' build argument 'ament_cmake_args' from command line to 'None'
[0.331s] Level 5:colcon.colcon_core.verb:set package 'control' build argument 'catkin_cmake_args' from command line to 'None'
[0.331s] Level 5:colcon.colcon_core.verb:set package 'control' build argument 'catkin_skip_building_tests' from command line to 'False'
[0.331s] DEBUG:colcon.colcon_core.verb:Building package 'control' with the following arguments: {'ament_cmake_args': None, 'build_base': '/home/adha/belajar/ws1/build/control', 'catkin_cmake_args': None, 'catkin_skip_building_tests': False, 'cmake_args': None, 'cmake_clean_cache': False, 'cmake_clean_first': False, 'cmake_force_configure': False, 'cmake_target': None, 'cmake_target_skip_unavailable': False, 'install_base': '/home/adha/belajar/ws1/install/control', 'merge_install': False, 'path': '/home/adha/belajar/ws1/src/control', 'symlink_install': False, 'test_result_base': None}
[0.331s] INFO:colcon.colcon_core.executor:Executing jobs using 'parallel' executor
[0.333s] DEBUG:colcon.colcon_parallel_executor.executor.parallel:run_until_complete
[0.333s] INFO:colcon.colcon_ros.task.ament_cmake.build:Building ROS package in '/home/adha/belajar/ws1/src/ros2_socketcan/can_msgs' with build type 'ament_cmake'
[0.334s] INFO:colcon.colcon_cmake.task.cmake.build:Building CMake package in '/home/adha/belajar/ws1/src/ros2_socketcan/can_msgs'
[0.337s] INFO:colcon.colcon_core.plugin_system:Skipping extension 'colcon_core.shell.bat': Not used on non-Windows systems
[0.337s] INFO:colcon.colcon_core.shell:Skip shell extension 'powershell' for command environment: Not usable outside of PowerShell
[0.337s] DEBUG:colcon.colcon_core.shell:Skip shell extension 'dsv' for command environment
[0.342s] INFO:colcon.colcon_ros.task.ament_cmake.build:Building ROS package in '/home/adha/belajar/ws1/src/ros2_socketcan/ros2_socketcan_msgs' with build type 'ament_cmake'
[0.342s] INFO:colcon.colcon_cmake.task.cmake.build:Building CMake package in '/home/adha/belajar/ws1/src/ros2_socketcan/ros2_socketcan_msgs'
[0.342s] INFO:colcon.colcon_core.shell:Skip shell extension 'powershell' for command environment: Not usable outside of PowerShell
[0.342s] DEBUG:colcon.colcon_core.shell:Skip shell extension 'dsv' for command environment
[0.345s] INFO:colcon.colcon_ros.task.ament_cmake.build:Building ROS package in '/home/adha/belajar/ws1/src/msgs' with build type 'ament_cmake'
[0.346s] INFO:colcon.colcon_cmake.task.cmake.build:Building CMake package in '/home/adha/belajar/ws1/src/msgs'
[0.346s] INFO:colcon.colcon_core.shell:Skip shell extension 'powershell' for command environment: Not usable outside of PowerShell
[0.346s] DEBUG:colcon.colcon_core.shell:Skip shell extension 'dsv' for command environment
[0.354s] DEBUG:colcon.colcon_core.event_handler.log_command:Invoking command in '/home/adha/belajar/ws1/build/can_msgs': CMAKE_PREFIX_PATH=${CMAKE_PREFIX_PATH}:/opt/ros/jazzy DEBUGINFOD_URLS=https://debuginfod.ubuntu.com /usr/bin/cmake --build /home/adha/belajar/ws1/build/can_msgs -- -j12 -l12
[0.357s] DEBUG:colcon.colcon_core.event_handler.log_command:Invoking command in '/home/adha/belajar/ws1/build/ros2_socketcan_msgs': CMAKE_PREFIX_PATH=${CMAKE_PREFIX_PATH}:/opt/ros/jazzy DEBUGINFOD_URLS=https://debuginfod.ubuntu.com /usr/bin/cmake --build /home/adha/belajar/ws1/build/ros2_socketcan_msgs -- -j12 -l12
[0.362s] DEBUG:colcon.colcon_core.event_handler.log_command:Invoking command in '/home/adha/belajar/ws1/build/msgs': CMAKE_PREFIX_PATH=${CMAKE_PREFIX_PATH}:/opt/ros/jazzy DEBUGINFOD_URLS=https://debuginfod.ubuntu.com /usr/bin/cmake --build /home/adha/belajar/ws1/build/msgs -- -j12 -l12
[0.779s] DEBUG:colcon.colcon_core.event_handler.log_command:Invoked command in '/home/adha/belajar/ws1/build/ros2_socketcan_msgs' returned '0': CMAKE_PREFIX_PATH=${CMAKE_PREFIX_PATH}:/opt/ros/jazzy DEBUGINFOD_URLS=https://debuginfod.ubuntu.com /usr/bin/cmake --build /home/adha/belajar/ws1/build/ros2_socketcan_msgs -- -j12 -l12
[0.819s] DEBUG:colcon.colcon_core.event_handler.log_command:Invoked command in '/home/adha/belajar/ws1/build/can_msgs' returned '0': CMAKE_PREFIX_PATH=${CMAKE_PREFIX_PATH}:/opt/ros/jazzy DEBUGINFOD_URLS=https://debuginfod.ubuntu.com /usr/bin/cmake --build /home/adha/belajar/ws1/build/can_msgs -- -j12 -l12
[0.844s] DEBUG:colcon.colcon_core.event_handler.log_command:Invoked command in '/home/adha/belajar/ws1/build/msgs' returned '0': CMAKE_PREFIX_PATH=${CMAKE_PREFIX_PATH}:/opt/ros/jazzy DEBUGINFOD_URLS=https://debuginfod.ubuntu.com /usr/bin/cmake --build /home/adha/belajar/ws1/build/msgs -- -j12 -l12
[0.861s] DEBUG:colcon.colcon_core.event_handler.log_command:Invoking command in '/home/adha/belajar/ws1/build/ros2_socketcan_msgs': CMAKE_PREFIX_PATH=${CMAKE_PREFIX_PATH}:/opt/ros/jazzy DEBUGINFOD_URLS=https://debuginfod.ubuntu.com /usr/bin/cmake --install /home/adha/belajar/ws1/build/ros2_socketcan_msgs
[0.882s] DEBUG:colcon.colcon_core.event_handler.log_command:Invoking command in '/home/adha/belajar/ws1/build/can_msgs': CMAKE_PREFIX_PATH=${CMAKE_PREFIX_PATH}:/opt/ros/jazzy DEBUGINFOD_URLS=https://debuginfod.ubuntu.com /usr/bin/cmake --install /home/adha/belajar/ws1/build/can_msgs
[0.906s] DEBUG:colcon.colcon_core.event_handler.log_command:Invoking command in '/home/adha/belajar/ws1/build/msgs': CMAKE_PREFIX_PATH=${CMAKE_PREFIX_PATH}:/opt/ros/jazzy DEBUGINFOD_URLS=https://debuginfod.ubuntu.com /usr/bin/cmake --install /home/adha/belajar/ws1/build/msgs
[0.917s] Level 1:colcon.colcon_core.environment:create_environment_scripts_only(ros2_socketcan_msgs)
[0.919s] DEBUG:colcon.colcon_core.event_handler.log_command:Invoked command in '/home/adha/belajar/ws1/build/ros2_socketcan_msgs' returned '0': CMAKE_PREFIX_PATH=${CMAKE_PREFIX_PATH}:/opt/ros/jazzy DEBUGINFOD_URLS=https://debuginfod.ubuntu.com /usr/bin/cmake --install /home/adha/belajar/ws1/build/ros2_socketcan_msgs
[0.922s] Level 1:colcon.colcon_core.environment:checking '/home/adha/belajar/ws1/install/ros2_socketcan_msgs' for CMake module files
[0.923s] Level 1:colcon.colcon_core.environment:checking '/home/adha/belajar/ws1/install/ros2_socketcan_msgs' for CMake config files
[0.923s] Level 1:colcon.colcon_core.shell:create_environment_hook('ros2_socketcan_msgs', 'cmake_prefix_path')
[0.924s] INFO:colcon.colcon_core.shell:Creating environment hook '/home/adha/belajar/ws1/install/ros2_socketcan_msgs/share/ros2_socketcan_msgs/hook/cmake_prefix_path.ps1'
[0.924s] INFO:colcon.colcon_core.shell:Creating environment descriptor '/home/adha/belajar/ws1/install/ros2_socketcan_msgs/share/ros2_socketcan_msgs/hook/cmake_prefix_path.dsv'
[0.925s] INFO:colcon.colcon_core.shell:Creating environment hook '/home/adha/belajar/ws1/install/ros2_socketcan_msgs/share/ros2_socketcan_msgs/hook/cmake_prefix_path.sh'
[0.925s] Level 1:colcon.colcon_core.environment:checking '/home/adha/belajar/ws1/install/ros2_socketcan_msgs/lib'
[0.926s] Level 1:colcon.colcon_core.shell:create_environment_hook('ros2_socketcan_msgs', 'ld_library_path_lib')
[0.926s] INFO:colcon.colcon_core.shell:Creating environment hook '/home/adha/belajar/ws1/install/ros2_socketcan_msgs/share/ros2_socketcan_msgs/hook/ld_library_path_lib.ps1'
[0.926s] INFO:colcon.colcon_core.shell:Creating environment descriptor '/home/adha/belajar/ws1/install/ros2_socketcan_msgs/share/ros2_socketcan_msgs/hook/ld_library_path_lib.dsv'
[0.926s] INFO:colcon.colcon_core.shell:Creating environment hook '/home/adha/belajar/ws1/install/ros2_socketcan_msgs/share/ros2_socketcan_msgs/hook/ld_library_path_lib.sh'
[0.927s] Level 1:colcon.colcon_core.environment:checking '/home/adha/belajar/ws1/install/ros2_socketcan_msgs/bin'
[0.927s] Level 1:colcon.colcon_core.environment:checking '/home/adha/belajar/ws1/install/ros2_socketcan_msgs/lib/pkgconfig/ros2_socketcan_msgs.pc'
[0.927s] Level 1:colcon.colcon_core.environment:checking '/home/adha/belajar/ws1/install/ros2_socketcan_msgs/lib/python3.12/site-packages'
[0.927s] Level 1:colcon.colcon_core.shell:create_environment_hook('ros2_socketcan_msgs', 'pythonpath')
[0.927s] INFO:colcon.colcon_core.shell:Creating environment hook '/home/adha/belajar/ws1/install/ros2_socketcan_msgs/share/ros2_socketcan_msgs/hook/pythonpath.ps1'
[0.927s] INFO:colcon.colcon_core.shell:Creating environment descriptor '/home/adha/belajar/ws1/install/ros2_socketcan_msgs/share/ros2_socketcan_msgs/hook/pythonpath.dsv'
[0.928s] INFO:colcon.colcon_core.shell:Creating environment hook '/home/adha/belajar/ws1/install/ros2_socketcan_msgs/share/ros2_socketcan_msgs/hook/pythonpath.sh'
[0.928s] Level 1:colcon.colcon_core.environment:checking '/home/adha/belajar/ws1/install/ros2_socketcan_msgs/bin'
[0.928s] INFO:colcon.colcon_core.shell:Creating package script '/home/adha/belajar/ws1/install/ros2_socketcan_msgs/share/ros2_socketcan_msgs/package.ps1'
[0.929s] INFO:colcon.colcon_core.shell:Creating package descriptor '/home/adha/belajar/ws1/install/ros2_socketcan_msgs/share/ros2_socketcan_msgs/package.dsv'
[0.930s] INFO:colcon.colcon_core.shell:Creating package script '/home/adha/belajar/ws1/install/ros2_socketcan_msgs/share/ros2_socketcan_msgs/package.sh'
[0.931s] INFO:colcon.colcon_core.shell:Creating package script '/home/adha/belajar/ws1/install/ros2_socketcan_msgs/share/ros2_socketcan_msgs/package.bash'
[0.933s] INFO:colcon.colcon_core.shell:Creating package script '/home/adha/belajar/ws1/install/ros2_socketcan_msgs/share/ros2_socketcan_msgs/package.zsh'
[0.933s] Level 1:colcon.colcon_core.environment:create_file_with_runtime_dependencies(/home/adha/belajar/ws1/install/ros2_socketcan_msgs/share/colcon-core/packages/ros2_socketcan_msgs)
[0.935s] Level 1:colcon.colcon_core.environment:create_environment_scripts_only(can_msgs)
[0.935s] Level 1:colcon.colcon_core.environment:checking '/home/adha/belajar/ws1/install/can_msgs' for CMake module files
[0.935s] DEBUG:colcon.colcon_core.event_handler.log_command:Invoked command in '/home/adha/belajar/ws1/build/can_msgs' returned '0': CMAKE_PREFIX_PATH=${CMAKE_PREFIX_PATH}:/opt/ros/jazzy DEBUGINFOD_URLS=https://debuginfod.ubuntu.com /usr/bin/cmake --install /home/adha/belajar/ws1/build/can_msgs
[0.936s] Level 1:colcon.colcon_core.environment:checking '/home/adha/belajar/ws1/install/can_msgs' for CMake config files
[0.937s] Level 1:colcon.colcon_core.shell:create_environment_hook('can_msgs', 'cmake_prefix_path')
[0.937s] INFO:colcon.colcon_core.shell:Creating environment hook '/home/adha/belajar/ws1/install/can_msgs/share/can_msgs/hook/cmake_prefix_path.ps1'
[0.937s] INFO:colcon.colcon_core.shell:Creating environment descriptor '/home/adha/belajar/ws1/install/can_msgs/share/can_msgs/hook/cmake_prefix_path.dsv'
[0.938s] INFO:colcon.colcon_core.shell:Creating environment hook '/home/adha/belajar/ws1/install/can_msgs/share/can_msgs/hook/cmake_prefix_path.sh'
[0.939s] Level 1:colcon.colcon_core.environment:checking '/home/adha/belajar/ws1/install/can_msgs/lib'
[0.939s] Level 1:colcon.colcon_core.shell:create_environment_hook('can_msgs', 'ld_library_path_lib')
[0.939s] INFO:colcon.colcon_core.shell:Creating environment hook '/home/adha/belajar/ws1/install/can_msgs/share/can_msgs/hook/ld_library_path_lib.ps1'
[0.940s] INFO:colcon.colcon_core.shell:Creating environment descriptor '/home/adha/belajar/ws1/install/can_msgs/share/can_msgs/hook/ld_library_path_lib.dsv'
[0.940s] INFO:colcon.colcon_core.shell:Creating environment hook '/home/adha/belajar/ws1/install/can_msgs/share/can_msgs/hook/ld_library_path_lib.sh'
[0.940s] Level 1:colcon.colcon_core.environment:checking '/home/adha/belajar/ws1/install/can_msgs/bin'
[0.940s] Level 1:colcon.colcon_core.environment:checking '/home/adha/belajar/ws1/install/can_msgs/lib/pkgconfig/can_msgs.pc'
[0.941s] Level 1:colcon.colcon_core.environment:checking '/home/adha/belajar/ws1/install/can_msgs/lib/python3.12/site-packages'
[0.941s] Level 1:colcon.colcon_core.shell:create_environment_hook('can_msgs', 'pythonpath')
[0.941s] INFO:colcon.colcon_core.shell:Creating environment hook '/home/adha/belajar/ws1/install/can_msgs/share/can_msgs/hook/pythonpath.ps1'
[0.941s] INFO:colcon.colcon_core.shell:Creating environment descriptor '/home/adha/belajar/ws1/install/can_msgs/share/can_msgs/hook/pythonpath.dsv'
[0.941s] INFO:colcon.colcon_core.shell:Creating environment hook '/home/adha/belajar/ws1/install/can_msgs/share/can_msgs/hook/pythonpath.sh'
[0.942s] Level 1:colcon.colcon_core.environment:checking '/home/adha/belajar/ws1/install/can_msgs/bin'
[0.942s] INFO:colcon.colcon_core.shell:Creating package script '/home/adha/belajar/ws1/install/can_msgs/share/can_msgs/package.ps1'
[0.943s] INFO:colcon.colcon_core.shell:Creating package descriptor '/home/adha/belajar/ws1/install/can_msgs/share/can_msgs/package.dsv'
[0.943s] INFO:colcon.colcon_core.shell:Creating package script '/home/adha/belajar/ws1/install/can_msgs/share/can_msgs/package.sh'
[0.943s] INFO:colcon.colcon_core.shell:Creating package script '/home/adha/belajar/ws1/install/can_msgs/share/can_msgs/package.bash'
[0.944s] INFO:colcon.colcon_core.shell:Creating package script '/home/adha/belajar/ws1/install/can_msgs/share/can_msgs/package.zsh'
[0.944s] Level 1:colcon.colcon_core.environment:create_file_with_runtime_dependencies(/home/adha/belajar/ws1/install/can_msgs/share/colcon-core/packages/can_msgs)
[0.964s] Level 1:colcon.colcon_core.environment:create_environment_scripts_only(msgs)
[0.964s] Level 1:colcon.colcon_core.environment:checking '/home/adha/belajar/ws1/install/msgs' for CMake module files
[0.965s] DEBUG:colcon.colcon_core.event_handler.log_command:Invoked command in '/home/adha/belajar/ws1/build/msgs' returned '0': CMAKE_PREFIX_PATH=${CMAKE_PREFIX_PATH}:/opt/ros/jazzy DEBUGINFOD_URLS=https://debuginfod.ubuntu.com /usr/bin/cmake --install /home/adha/belajar/ws1/build/msgs
[0.965s] Level 1:colcon.colcon_core.environment:checking '/home/adha/belajar/ws1/install/msgs' for CMake config files
[0.965s] Level 1:colcon.colcon_core.shell:create_environment_hook('msgs', 'cmake_prefix_path')
[0.965s] INFO:colcon.colcon_core.shell:Creating environment hook '/home/adha/belajar/ws1/install/msgs/share/msgs/hook/cmake_prefix_path.ps1'
[0.966s] INFO:colcon.colcon_core.shell:Creating environment descriptor '/home/adha/belajar/ws1/install/msgs/share/msgs/hook/cmake_prefix_path.dsv'
[0.966s] INFO:colcon.colcon_core.shell:Creating environment hook '/home/adha/belajar/ws1/install/msgs/share/msgs/hook/cmake_prefix_path.sh'
[0.967s] Level 1:colcon.colcon_core.environment:checking '/home/adha/belajar/ws1/install/msgs/lib'
[0.967s] Level 1:colcon.colcon_core.shell:create_environment_hook('msgs', 'ld_library_path_lib')
[0.967s] INFO:colcon.colcon_core.shell:Creating environment hook '/home/adha/belajar/ws1/install/msgs/share/msgs/hook/ld_library_path_lib.ps1'
[0.967s] INFO:colcon.colcon_core.shell:Creating environment descriptor '/home/adha/belajar/ws1/install/msgs/share/msgs/hook/ld_library_path_lib.dsv'
[0.967s] INFO:colcon.colcon_core.shell:Creating environment hook '/home/adha/belajar/ws1/install/msgs/share/msgs/hook/ld_library_path_lib.sh'
[0.967s] Level 1:colcon.colcon_core.environment:checking '/home/adha/belajar/ws1/install/msgs/bin'
[0.967s] Level 1:colcon.colcon_core.environment:checking '/home/adha/belajar/ws1/install/msgs/lib/pkgconfig/msgs.pc'
[0.968s] Level 1:colcon.colcon_core.environment:checking '/home/adha/belajar/ws1/install/msgs/lib/python3.12/site-packages'
[0.968s] Level 1:colcon.colcon_core.shell:create_environment_hook('msgs', 'pythonpath')
[0.968s] INFO:colcon.colcon_core.shell:Creating environment hook '/home/adha/belajar/ws1/install/msgs/share/msgs/hook/pythonpath.ps1'
[0.968s] INFO:colcon.colcon_core.shell:Creating environment descriptor '/home/adha/belajar/ws1/install/msgs/share/msgs/hook/pythonpath.dsv'
[0.968s] INFO:colcon.colcon_core.shell:Creating environment hook '/home/adha/belajar/ws1/install/msgs/share/msgs/hook/pythonpath.sh'
[0.969s] Level 1:colcon.colcon_core.environment:checking '/home/adha/belajar/ws1/install/msgs/bin'
[0.969s] INFO:colcon.colcon_core.shell:Creating package script '/home/adha/belajar/ws1/install/msgs/share/msgs/package.ps1'
[0.969s] INFO:colcon.colcon_core.shell:Creating package descriptor '/home/adha/belajar/ws1/install/msgs/share/msgs/package.dsv'
[0.970s] INFO:colcon.colcon_core.shell:Creating package script '/home/adha/belajar/ws1/install/msgs/share/msgs/package.sh'
[0.970s] INFO:colcon.colcon_core.shell:Creating package script '/home/adha/belajar/ws1/install/msgs/share/msgs/package.bash'
[0.970s] INFO:colcon.colcon_core.shell:Creating package script '/home/adha/belajar/ws1/install/msgs/share/msgs/package.zsh'
[0.970s] Level 1:colcon.colcon_core.environment:create_file_with_runtime_dependencies(/home/adha/belajar/ws1/install/msgs/share/colcon-core/packages/msgs)
[0.987s] Level 1:colcon.colcon_core.environment:create_environment_scripts_only(ros2_socketcan_msgs)
[0.987s] Level 1:colcon.colcon_core.environment:checking '/home/adha/belajar/ws1/install/ros2_socketcan_msgs' for CMake module files
[0.987s] Level 1:colcon.colcon_core.environment:checking '/home/adha/belajar/ws1/install/ros2_socketcan_msgs' for CMake config files
[0.988s] Level 1:colcon.colcon_core.shell:create_environment_hook('ros2_socketcan_msgs', 'cmake_prefix_path')
[0.988s] INFO:colcon.colcon_core.shell:Creating environment hook '/home/adha/belajar/ws1/install/ros2_socketcan_msgs/share/ros2_socketcan_msgs/hook/cmake_prefix_path.ps1'
[0.988s] INFO:colcon.colcon_core.shell:Creating environment descriptor '/home/adha/belajar/ws1/install/ros2_socketcan_msgs/share/ros2_socketcan_msgs/hook/cmake_prefix_path.dsv'
[0.988s] INFO:colcon.colcon_core.shell:Creating environment hook '/home/adha/belajar/ws1/install/ros2_socketcan_msgs/share/ros2_socketcan_msgs/hook/cmake_prefix_path.sh'
[0.988s] Level 1:colcon.colcon_core.environment:checking '/home/adha/belajar/ws1/install/ros2_socketcan_msgs/lib'
[0.988s] Level 1:colcon.colcon_core.shell:create_environment_hook('ros2_socketcan_msgs', 'ld_library_path_lib')
[0.989s] INFO:colcon.colcon_core.shell:Creating environment hook '/home/adha/belajar/ws1/install/ros2_socketcan_msgs/share/ros2_socketcan_msgs/hook/ld_library_path_lib.ps1'
[0.989s] INFO:colcon.colcon_core.shell:Creating environment descriptor '/home/adha/belajar/ws1/install/ros2_socketcan_msgs/share/ros2_socketcan_msgs/hook/ld_library_path_lib.dsv'
[0.989s] INFO:colcon.colcon_core.shell:Creating environment hook '/home/adha/belajar/ws1/install/ros2_socketcan_msgs/share/ros2_socketcan_msgs/hook/ld_library_path_lib.sh'
[0.989s] Level 1:colcon.colcon_core.environment:checking '/home/adha/belajar/ws1/install/ros2_socketcan_msgs/bin'
[0.989s] Level 1:colcon.colcon_core.environment:checking '/home/adha/belajar/ws1/install/ros2_socketcan_msgs/lib/pkgconfig/ros2_socketcan_msgs.pc'
[0.989s] Level 1:colcon.colcon_core.environment:checking '/home/adha/belajar/ws1/install/ros2_socketcan_msgs/lib/python3.12/site-packages'
[0.989s] Level 1:colcon.colcon_core.shell:create_environment_hook('ros2_socketcan_msgs', 'pythonpath')
[0.990s] INFO:colcon.colcon_core.shell:Creating environment hook '/home/adha/belajar/ws1/install/ros2_socketcan_msgs/share/ros2_socketcan_msgs/hook/pythonpath.ps1'
[0.990s] INFO:colcon.colcon_core.shell:Creating environment descriptor '/home/adha/belajar/ws1/install/ros2_socketcan_msgs/share/ros2_socketcan_msgs/hook/pythonpath.dsv'
[0.990s] INFO:colcon.colcon_core.shell:Creating environment hook '/home/adha/belajar/ws1/install/ros2_socketcan_msgs/share/ros2_socketcan_msgs/hook/pythonpath.sh'
[0.990s] Level 1:colcon.colcon_core.environment:checking '/home/adha/belajar/ws1/install/ros2_socketcan_msgs/bin'
[0.991s] INFO:colcon.colcon_core.shell:Creating package script '/home/adha/belajar/ws1/install/ros2_socketcan_msgs/share/ros2_socketcan_msgs/package.ps1'
[0.991s] INFO:colcon.colcon_core.shell:Creating package descriptor '/home/adha/belajar/ws1/install/ros2_socketcan_msgs/share/ros2_socketcan_msgs/package.dsv'
[0.991s] INFO:colcon.colcon_core.shell:Creating package script '/home/adha/belajar/ws1/install/ros2_socketcan_msgs/share/ros2_socketcan_msgs/package.sh'
[0.991s] INFO:colcon.colcon_core.shell:Creating package script '/home/adha/belajar/ws1/install/ros2_socketcan_msgs/share/ros2_socketcan_msgs/package.bash'
[0.992s] INFO:colcon.colcon_core.shell:Creating package script '/home/adha/belajar/ws1/install/ros2_socketcan_msgs/share/ros2_socketcan_msgs/package.zsh'
[0.992s] Level 1:colcon.colcon_core.environment:create_file_with_runtime_dependencies(/home/adha/belajar/ws1/install/ros2_socketcan_msgs/share/colcon-core/packages/ros2_socketcan_msgs)
[0.997s] Level 1:colcon.colcon_core.environment:create_environment_scripts_only(can_msgs)
[0.997s] Level 1:colcon.colcon_core.environment:checking '/home/adha/belajar/ws1/install/can_msgs' for CMake module files
[0.997s] Level 1:colcon.colcon_core.environment:checking '/home/adha/belajar/ws1/install/can_msgs' for CMake config files
[0.998s] Level 1:colcon.colcon_core.shell:create_environment_hook('can_msgs', 'cmake_prefix_path')
[0.998s] INFO:colcon.colcon_core.shell:Creating environment hook '/home/adha/belajar/ws1/install/can_msgs/share/can_msgs/hook/cmake_prefix_path.ps1'
[0.999s] INFO:colcon.colcon_core.shell:Creating environment descriptor '/home/adha/belajar/ws1/install/can_msgs/share/can_msgs/hook/cmake_prefix_path.dsv'
[0.999s] INFO:colcon.colcon_core.shell:Creating environment hook '/home/adha/belajar/ws1/install/can_msgs/share/can_msgs/hook/cmake_prefix_path.sh'
[1.000s] Level 1:colcon.colcon_core.environment:checking '/home/adha/belajar/ws1/install/can_msgs/lib'
[1.000s] Level 1:colcon.colcon_core.shell:create_environment_hook('can_msgs', 'ld_library_path_lib')
[1.000s] INFO:colcon.colcon_core.shell:Creating environment hook '/home/adha/belajar/ws1/install/can_msgs/share/can_msgs/hook/ld_library_path_lib.ps1'
[1.000s] INFO:colcon.colcon_core.shell:Creating environment descriptor '/home/adha/belajar/ws1/install/can_msgs/share/can_msgs/hook/ld_library_path_lib.dsv'
[1.001s] INFO:colcon.colcon_core.shell:Creating environment hook '/home/adha/belajar/ws1/install/can_msgs/share/can_msgs/hook/ld_library_path_lib.sh'
[1.001s] Level 1:colcon.colcon_core.environment:checking '/home/adha/belajar/ws1/install/can_msgs/bin'
[1.001s] Level 1:colcon.colcon_core.environment:checking '/home/adha/belajar/ws1/install/can_msgs/lib/pkgconfig/can_msgs.pc'
[1.001s] Level 1:colcon.colcon_core.environment:checking '/home/adha/belajar/ws1/install/can_msgs/lib/python3.12/site-packages'
[1.001s] Level 1:colcon.colcon_core.shell:create_environment_hook('can_msgs', 'pythonpath')
[1.001s] INFO:colcon.colcon_core.shell:Creating environment hook '/home/adha/belajar/ws1/install/can_msgs/share/can_msgs/hook/pythonpath.ps1'
[1.002s] INFO:colcon.colcon_core.shell:Creating environment descriptor '/home/adha/belajar/ws1/install/can_msgs/share/can_msgs/hook/pythonpath.dsv'
[1.002s] INFO:colcon.colcon_core.shell:Creating environment hook '/home/adha/belajar/ws1/install/can_msgs/share/can_msgs/hook/pythonpath.sh'
[1.002s] Level 1:colcon.colcon_core.environment:checking '/home/adha/belajar/ws1/install/can_msgs/bin'
[1.002s] INFO:colcon.colcon_core.shell:Creating package script '/home/adha/belajar/ws1/install/can_msgs/share/can_msgs/package.ps1'
[1.003s] INFO:colcon.colcon_core.shell:Creating package descriptor '/home/adha/belajar/ws1/install/can_msgs/share/can_msgs/package.dsv'
[1.003s] INFO:colcon.colcon_core.shell:Creating package script '/home/adha/belajar/ws1/install/can_msgs/share/can_msgs/package.sh'
[1.003s] INFO:colcon.colcon_core.shell:Creating package script '/home/adha/belajar/ws1/install/can_msgs/share/can_msgs/package.bash'
[1.003s] INFO:colcon.colcon_core.shell:Creating package script '/home/adha/belajar/ws1/install/can_msgs/share/can_msgs/package.zsh'
[1.004s] Level 1:colcon.colcon_core.environment:create_file_with_runtime_dependencies(/home/adha/belajar/ws1/install/can_msgs/share/colcon-core/packages/can_msgs)
[1.004s] INFO:colcon.colcon_ros.task.ament_cmake.build:Building ROS package in '/home/adha/belajar/ws1/src/ros2_socketcan/ros2_socketcan' with build type 'ament_cmake'
[1.004s] INFO:colcon.colcon_cmake.task.cmake.build:Building CMake package in '/home/adha/belajar/ws1/src/ros2_socketcan/ros2_socketcan'
[1.004s] INFO:colcon.colcon_core.shell:Skip shell extension 'powershell' for command environment: Not usable outside of PowerShell
[1.004s] DEBUG:colcon.colcon_core.shell:Skip shell extension 'dsv' for command environment
[1.014s] DEBUG:colcon.colcon_core.event_handler.log_command:Invoking command in '/home/adha/belajar/ws1/build/ros2_socketcan': CMAKE_PREFIX_PATH=/home/adha/belajar/ws1/install/ros2_socketcan_msgs:/home/adha/belajar/ws1/install/can_msgs:/home/adha/belajar/ws1/install/control:/home/adha/belajar/ws1/install/ros2_socketcan:/home/adha/belajar/ws1/install/msgs:/opt/ros/jazzy/opt/gz_math_vendor:/opt/ros/jazzy/opt/gz_utils_vendor:/opt/ros/jazzy/opt/gz_cmake_vendor:/opt/ros/jazzy DEBUGINFOD_URLS=https://debuginfod.ubuntu.com LD_LIBRARY_PATH=/home/adha/belajar/ws1/install/ros2_socketcan_msgs/lib:/home/adha/belajar/ws1/install/can_msgs/lib:/home/adha/belajar/ws1/install/ros2_socketcan/lib:/home/adha/belajar/ws1/install/msgs/lib:/opt/ros/jazzy/opt/rviz_ogre_vendor/lib:/opt/ros/jazzy/lib/x86_64-linux-gnu:/opt/ros/jazzy/opt/gz_math_vendor/lib:/opt/ros/jazzy/opt/gz_utils_vendor/lib:/opt/ros/jazzy/opt/gz_cmake_vendor/lib:/opt/ros/jazzy/lib PYTHONPATH=/home/adha/belajar/ws1/install/ros2_socketcan_msgs/lib/python3.12/site-packages:/home/adha/belajar/ws1/install/can_msgs/lib/python3.12/site-packages:/home/adha/belajar/ws1/install/msgs/lib/python3.12/site-packages:/opt/ros/jazzy/lib/python3.12/site-packages /usr/bin/cmake --build /home/adha/belajar/ws1/build/ros2_socketcan -- -j12 -l12
[1.023s] Level 1:colcon.colcon_core.environment:create_environment_scripts_only(msgs)
[1.024s] Level 1:colcon.colcon_core.environment:checking '/home/adha/belajar/ws1/install/msgs' for CMake module files
[1.024s] Level 1:colcon.colcon_core.environment:checking '/home/adha/belajar/ws1/install/msgs' for CMake config files
[1.024s] Level 1:colcon.colcon_core.shell:create_environment_hook('msgs', 'cmake_prefix_path')
[1.024s] INFO:colcon.colcon_core.shell:Creating environment hook '/home/adha/belajar/ws1/install/msgs/share/msgs/hook/cmake_prefix_path.ps1'
[1.025s] INFO:colcon.colcon_core.shell:Creating environment descriptor '/home/adha/belajar/ws1/install/msgs/share/msgs/hook/cmake_prefix_path.dsv'
[1.025s] INFO:colcon.colcon_core.shell:Creating environment hook '/home/adha/belajar/ws1/install/msgs/share/msgs/hook/cmake_prefix_path.sh'
[1.025s] Level 1:colcon.colcon_core.environment:checking '/home/adha/belajar/ws1/install/msgs/lib'
[1.026s] Level 1:colcon.colcon_core.shell:create_environment_hook('msgs', 'ld_library_path_lib')
[1.026s] INFO:colcon.colcon_core.shell:Creating environment hook '/home/adha/belajar/ws1/install/msgs/share/msgs/hook/ld_library_path_lib.ps1'
[1.026s] INFO:colcon.colcon_core.shell:Creating environment descriptor '/home/adha/belajar/ws1/install/msgs/share/msgs/hook/ld_library_path_lib.dsv'
[1.026s] INFO:colcon.colcon_core.shell:Creating environment hook '/home/adha/belajar/ws1/install/msgs/share/msgs/hook/ld_library_path_lib.sh'
[1.026s] Level 1:colcon.colcon_core.environment:checking '/home/adha/belajar/ws1/install/msgs/bin'
[1.026s] Level 1:colcon.colcon_core.environment:checking '/home/adha/belajar/ws1/install/msgs/lib/pkgconfig/msgs.pc'
[1.027s] Level 1:colcon.colcon_core.environment:checking '/home/adha/belajar/ws1/install/msgs/lib/python3.12/site-packages'
[1.027s] Level 1:colcon.colcon_core.shell:create_environment_hook('msgs', 'pythonpath')
[1.027s] INFO:colcon.colcon_core.shell:Creating environment hook '/home/adha/belajar/ws1/install/msgs/share/msgs/hook/pythonpath.ps1'
[1.027s] INFO:colcon.colcon_core.shell:Creating environment descriptor '/home/adha/belajar/ws1/install/msgs/share/msgs/hook/pythonpath.dsv'
[1.027s] INFO:colcon.colcon_core.shell:Creating environment hook '/home/adha/belajar/ws1/install/msgs/share/msgs/hook/pythonpath.sh'
[1.027s] Level 1:colcon.colcon_core.environment:checking '/home/adha/belajar/ws1/install/msgs/bin'
[1.028s] INFO:colcon.colcon_core.shell:Creating package script '/home/adha/belajar/ws1/install/msgs/share/msgs/package.ps1'
[1.028s] INFO:colcon.colcon_core.shell:Creating package descriptor '/home/adha/belajar/ws1/install/msgs/share/msgs/package.dsv'
[1.028s] INFO:colcon.colcon_core.shell:Creating package script '/home/adha/belajar/ws1/install/msgs/share/msgs/package.sh'
[1.029s] INFO:colcon.colcon_core.shell:Creating package script '/home/adha/belajar/ws1/install/msgs/share/msgs/package.bash'
[1.029s] INFO:colcon.colcon_core.shell:Creating package script '/home/adha/belajar/ws1/install/msgs/share/msgs/package.zsh'
[1.029s] Level 1:colcon.colcon_core.environment:create_file_with_runtime_dependencies(/home/adha/belajar/ws1/install/msgs/share/colcon-core/packages/msgs)
[1.119s] DEBUG:colcon.colcon_core.event_handler.log_command:Invoked command in '/home/adha/belajar/ws1/build/ros2_socketcan' returned '0': CMAKE_PREFIX_PATH=/home/adha/belajar/ws1/install/ros2_socketcan_msgs:/home/adha/belajar/ws1/install/can_msgs:/home/adha/belajar/ws1/install/control:/home/adha/belajar/ws1/install/ros2_socketcan:/home/adha/belajar/ws1/install/msgs:/opt/ros/jazzy/opt/gz_math_vendor:/opt/ros/jazzy/opt/gz_utils_vendor:/opt/ros/jazzy/opt/gz_cmake_vendor:/opt/ros/jazzy DEBUGINFOD_URLS=https://debuginfod.ubuntu.com LD_LIBRARY_PATH=/home/adha/belajar/ws1/install/ros2_socketcan_msgs/lib:/home/adha/belajar/ws1/install/can_msgs/lib:/home/adha/belajar/ws1/install/ros2_socketcan/lib:/home/adha/belajar/ws1/install/msgs/lib:/opt/ros/jazzy/opt/rviz_ogre_vendor/lib:/opt/ros/jazzy/lib/x86_64-linux-gnu:/opt/ros/jazzy/opt/gz_math_vendor/lib:/opt/ros/jazzy/opt/gz_utils_vendor/lib:/opt/ros/jazzy/opt/gz_cmake_vendor/lib:/opt/ros/jazzy/lib PYTHONPATH=/home/adha/belajar/ws1/install/ros2_socketcan_msgs/lib/python3.12/site-packages:/home/adha/belajar/ws1/install/can_msgs/lib/python3.12/site-packages:/home/adha/belajar/ws1/install/msgs/lib/python3.12/site-packages:/opt/ros/jazzy/lib/python3.12/site-packages /usr/bin/cmake --build /home/adha/belajar/ws1/build/ros2_socketcan -- -j12 -l12
[1.173s] DEBUG:colcon.colcon_core.event_handler.log_command:Invoking command in '/home/adha/belajar/ws1/build/ros2_socketcan': CMAKE_PREFIX_PATH=/home/adha/belajar/ws1/install/ros2_socketcan_msgs:/home/adha/belajar/ws1/install/can_msgs:/home/adha/belajar/ws1/install/control:/home/adha/belajar/ws1/install/ros2_socketcan:/home/adha/belajar/ws1/install/msgs:/opt/ros/jazzy/opt/gz_math_vendor:/opt/ros/jazzy/opt/gz_utils_vendor:/opt/ros/jazzy/opt/gz_cmake_vendor:/opt/ros/jazzy DEBUGINFOD_URLS=https://debuginfod.ubuntu.com LD_LIBRARY_PATH=/home/adha/belajar/ws1/install/ros2_socketcan_msgs/lib:/home/adha/belajar/ws1/install/can_msgs/lib:/home/adha/belajar/ws1/install/ros2_socketcan/lib:/home/adha/belajar/ws1/install/msgs/lib:/opt/ros/jazzy/opt/rviz_ogre_vendor/lib:/opt/ros/jazzy/lib/x86_64-linux-gnu:/opt/ros/jazzy/opt/gz_math_vendor/lib:/opt/ros/jazzy/opt/gz_utils_vendor/lib:/opt/ros/jazzy/opt/gz_cmake_vendor/lib:/opt/ros/jazzy/lib PYTHONPATH=/home/adha/belajar/ws1/install/ros2_socketcan_msgs/lib/python3.12/site-packages:/home/adha/belajar/ws1/install/can_msgs/lib/python3.12/site-packages:/home/adha/belajar/ws1/install/msgs/lib/python3.12/site-packages:/opt/ros/jazzy/lib/python3.12/site-packages /usr/bin/cmake --install /home/adha/belajar/ws1/build/ros2_socketcan
[1.184s] Level 1:colcon.colcon_core.environment:create_environment_scripts_only(ros2_socketcan)
[1.184s] Level 1:colcon.colcon_core.environment:checking '/home/adha/belajar/ws1/install/ros2_socketcan' for CMake module files
[1.184s] DEBUG:colcon.colcon_core.event_handler.log_command:Invoked command in '/home/adha/belajar/ws1/build/ros2_socketcan' returned '0': CMAKE_PREFIX_PATH=/home/adha/belajar/ws1/install/ros2_socketcan_msgs:/home/adha/belajar/ws1/install/can_msgs:/home/adha/belajar/ws1/install/control:/home/adha/belajar/ws1/install/ros2_socketcan:/home/adha/belajar/ws1/install/msgs:/opt/ros/jazzy/opt/gz_math_vendor:/opt/ros/jazzy/opt/gz_utils_vendor:/opt/ros/jazzy/opt/gz_cmake_vendor:/opt/ros/jazzy DEBUGINFOD_URLS=https://debuginfod.ubuntu.com LD_LIBRARY_PATH=/home/adha/belajar/ws1/install/ros2_socketcan_msgs/lib:/home/adha/belajar/ws1/install/can_msgs/lib:/home/adha/belajar/ws1/install/ros2_socketcan/lib:/home/adha/belajar/ws1/install/msgs/lib:/opt/ros/jazzy/opt/rviz_ogre_vendor/lib:/opt/ros/jazzy/lib/x86_64-linux-gnu:/opt/ros/jazzy/opt/gz_math_vendor/lib:/opt/ros/jazzy/opt/gz_utils_vendor/lib:/opt/ros/jazzy/opt/gz_cmake_vendor/lib:/opt/ros/jazzy/lib PYTHONPATH=/home/adha/belajar/ws1/install/ros2_socketcan_msgs/lib/python3.12/site-packages:/home/adha/belajar/ws1/install/can_msgs/lib/python3.12/site-packages:/home/adha/belajar/ws1/install/msgs/lib/python3.12/site-packages:/opt/ros/jazzy/lib/python3.12/site-packages /usr/bin/cmake --install /home/adha/belajar/ws1/build/ros2_socketcan
[1.185s] Level 1:colcon.colcon_core.environment:checking '/home/adha/belajar/ws1/install/ros2_socketcan' for CMake config files
[1.185s] Level 1:colcon.colcon_core.shell:create_environment_hook('ros2_socketcan', 'cmake_prefix_path')
[1.185s] INFO:colcon.colcon_core.shell:Creating environment hook '/home/adha/belajar/ws1/install/ros2_socketcan/share/ros2_socketcan/hook/cmake_prefix_path.ps1'
[1.186s] INFO:colcon.colcon_core.shell:Creating environment descriptor '/home/adha/belajar/ws1/install/ros2_socketcan/share/ros2_socketcan/hook/cmake_prefix_path.dsv'
[1.186s] INFO:colcon.colcon_core.shell:Creating environment hook '/home/adha/belajar/ws1/install/ros2_socketcan/share/ros2_socketcan/hook/cmake_prefix_path.sh'
[1.186s] Level 1:colcon.colcon_core.environment:checking '/home/adha/belajar/ws1/install/ros2_socketcan/lib'
[1.186s] Level 1:colcon.colcon_core.shell:create_environment_hook('ros2_socketcan', 'ld_library_path_lib')
[1.187s] INFO:colcon.colcon_core.shell:Creating environment hook '/home/adha/belajar/ws1/install/ros2_socketcan/share/ros2_socketcan/hook/ld_library_path_lib.ps1'
[1.187s] INFO:colcon.colcon_core.shell:Creating environment descriptor '/home/adha/belajar/ws1/install/ros2_socketcan/share/ros2_socketcan/hook/ld_library_path_lib.dsv'
[1.187s] INFO:colcon.colcon_core.shell:Creating environment hook '/home/adha/belajar/ws1/install/ros2_socketcan/share/ros2_socketcan/hook/ld_library_path_lib.sh'
[1.187s] Level 1:colcon.colcon_core.environment:checking '/home/adha/belajar/ws1/install/ros2_socketcan/bin'
[1.187s] Level 1:colcon.colcon_core.environment:checking '/home/adha/belajar/ws1/install/ros2_socketcan/lib/pkgconfig/ros2_socketcan.pc'
[1.188s] Level 1:colcon.colcon_core.environment:checking '/home/adha/belajar/ws1/install/ros2_socketcan/lib/python3.12/site-packages'
[1.188s] Level 1:colcon.colcon_core.environment:checking '/home/adha/belajar/ws1/install/ros2_socketcan/bin'
[1.188s] INFO:colcon.colcon_core.shell:Creating package script '/home/adha/belajar/ws1/install/ros2_socketcan/share/ros2_socketcan/package.ps1'
[1.188s] INFO:colcon.colcon_core.shell:Creating package descriptor '/home/adha/belajar/ws1/install/ros2_socketcan/share/ros2_socketcan/package.dsv'
[1.189s] INFO:colcon.colcon_core.shell:Creating package script '/home/adha/belajar/ws1/install/ros2_socketcan/share/ros2_socketcan/package.sh'
[1.189s] INFO:colcon.colcon_core.shell:Creating package script '/home/adha/belajar/ws1/install/ros2_socketcan/share/ros2_socketcan/package.bash'
[1.189s] INFO:colcon.colcon_core.shell:Creating package script '/home/adha/belajar/ws1/install/ros2_socketcan/share/ros2_socketcan/package.zsh'
[1.190s] Level 1:colcon.colcon_core.environment:create_file_with_runtime_dependencies(/home/adha/belajar/ws1/install/ros2_socketcan/share/colcon-core/packages/ros2_socketcan)
[1.242s] Level 1:colcon.colcon_core.environment:create_environment_scripts_only(ros2_socketcan)
[1.242s] Level 1:colcon.colcon_core.environment:checking '/home/adha/belajar/ws1/install/ros2_socketcan' for CMake module files
[1.243s] Level 1:colcon.colcon_core.environment:checking '/home/adha/belajar/ws1/install/ros2_socketcan' for CMake config files
[1.243s] Level 1:colcon.colcon_core.shell:create_environment_hook('ros2_socketcan', 'cmake_prefix_path')
[1.243s] INFO:colcon.colcon_core.shell:Creating environment hook '/home/adha/belajar/ws1/install/ros2_socketcan/share/ros2_socketcan/hook/cmake_prefix_path.ps1'
[1.244s] INFO:colcon.colcon_core.shell:Creating environment descriptor '/home/adha/belajar/ws1/install/ros2_socketcan/share/ros2_socketcan/hook/cmake_prefix_path.dsv'
[1.244s] INFO:colcon.colcon_core.shell:Creating environment hook '/home/adha/belajar/ws1/install/ros2_socketcan/share/ros2_socketcan/hook/cmake_prefix_path.sh'
[1.245s] Level 1:colcon.colcon_core.environment:checking '/home/adha/belajar/ws1/install/ros2_socketcan/lib'
[1.245s] Level 1:colcon.colcon_core.shell:create_environment_hook('ros2_socketcan', 'ld_library_path_lib')
[1.245s] INFO:colcon.colcon_core.shell:Creating environment hook '/home/adha/belajar/ws1/install/ros2_socketcan/share/ros2_socketcan/hook/ld_library_path_lib.ps1'
[1.246s] INFO:colcon.colcon_core.shell:Creating environment descriptor '/home/adha/belajar/ws1/install/ros2_socketcan/share/ros2_socketcan/hook/ld_library_path_lib.dsv'
[1.246s] INFO:colcon.colcon_core.shell:Creating environment hook '/home/adha/belajar/ws1/install/ros2_socketcan/share/ros2_socketcan/hook/ld_library_path_lib.sh'
[1.246s] Level 1:colcon.colcon_core.environment:checking '/home/adha/belajar/ws1/install/ros2_socketcan/bin'
[1.246s] Level 1:colcon.colcon_core.environment:checking '/home/adha/belajar/ws1/install/ros2_socketcan/lib/pkgconfig/ros2_socketcan.pc'
[1.247s] Level 1:colcon.colcon_core.environment:checking '/home/adha/belajar/ws1/install/ros2_socketcan/lib/python3.12/site-packages'
[1.247s] Level 1:colcon.colcon_core.environment:checking '/home/adha/belajar/ws1/install/ros2_socketcan/bin'
[1.247s] INFO:colcon.colcon_core.shell:Creating package script '/home/adha/belajar/ws1/install/ros2_socketcan/share/ros2_socketcan/package.ps1'
[1.248s] INFO:colcon.colcon_core.shell:Creating package descriptor '/home/adha/belajar/ws1/install/ros2_socketcan/share/ros2_socketcan/package.dsv'
[1.249s] INFO:colcon.colcon_core.shell:Creating package script '/home/adha/belajar/ws1/install/ros2_socketcan/share/ros2_socketcan/package.sh'
[1.250s] INFO:colcon.colcon_core.shell:Creating package script '/home/adha/belajar/ws1/install/ros2_socketcan/share/ros2_socketcan/package.bash'
[1.250s] INFO:colcon.colcon_core.shell:Creating package script '/home/adha/belajar/ws1/install/ros2_socketcan/share/ros2_socketcan/package.zsh'
[1.251s] Level 1:colcon.colcon_core.environment:create_file_with_runtime_dependencies(/home/adha/belajar/ws1/install/ros2_socketcan/share/colcon-core/packages/ros2_socketcan)
[1.251s] INFO:colcon.colcon_ros.task.ament_cmake.build:Building ROS package in '/home/adha/belajar/ws1/src/control' with build type 'ament_cmake'
[1.251s] INFO:colcon.colcon_cmake.task.cmake.build:Building CMake package in '/home/adha/belajar/ws1/src/control'
[1.251s] INFO:colcon.colcon_core.shell:Skip shell extension 'powershell' for command environment: Not usable outside of PowerShell
[1.251s] DEBUG:colcon.colcon_core.shell:Skip shell extension 'dsv' for command environment
[1.268s] DEBUG:colcon.colcon_core.event_handler.log_command:Invoking command in '/home/adha/belajar/ws1/build/control': CMAKE_PREFIX_PATH=/home/adha/belajar/ws1/install/ros2_socketcan:/home/adha/belajar/ws1/install/ros2_socketcan_msgs:/home/adha/belajar/ws1/install/msgs:/home/adha/belajar/ws1/install/can_msgs:/home/adha/belajar/ws1/install/control:/opt/ros/jazzy/opt/gz_math_vendor:/opt/ros/jazzy/opt/gz_utils_vendor:/opt/ros/jazzy/opt/gz_cmake_vendor:/opt/ros/jazzy DEBUGINFOD_URLS=https://debuginfod.ubuntu.com /usr/bin/cmake --build /home/adha/belajar/ws1/build/control -- -j12 -l12
[8.012s] DEBUG:colcon.colcon_core.event_handler.log_command:Invoked command in '/home/adha/belajar/ws1/build/control' returned '0': CMAKE_PREFIX_PATH=/home/adha/belajar/ws1/install/ros2_socketcan:/home/adha/belajar/ws1/install/ros2_socketcan_msgs:/home/adha/belajar/ws1/install/msgs:/home/adha/belajar/ws1/install/can_msgs:/home/adha/belajar/ws1/install/control:/opt/ros/jazzy/opt/gz_math_vendor:/opt/ros/jazzy/opt/gz_utils_vendor:/opt/ros/jazzy/opt/gz_cmake_vendor:/opt/ros/jazzy DEBUGINFOD_URLS=https://debuginfod.ubuntu.com /usr/bin/cmake --build /home/adha/belajar/ws1/build/control -- -j12 -l12
[8.043s] DEBUG:colcon.colcon_core.event_handler.log_command:Invoking command in '/home/adha/belajar/ws1/build/control': CMAKE_PREFIX_PATH=/home/adha/belajar/ws1/install/ros2_socketcan:/home/adha/belajar/ws1/install/ros2_socketcan_msgs:/home/adha/belajar/ws1/install/msgs:/home/adha/belajar/ws1/install/can_msgs:/home/adha/belajar/ws1/install/control:/opt/ros/jazzy/opt/gz_math_vendor:/opt/ros/jazzy/opt/gz_utils_vendor:/opt/ros/jazzy/opt/gz_cmake_vendor:/opt/ros/jazzy DEBUGINFOD_URLS=https://debuginfod.ubuntu.com /usr/bin/cmake --install /home/adha/belajar/ws1/build/control
[8.058s] Level 1:colcon.colcon_core.environment:create_environment_scripts_only(control)
[8.058s] Level 1:colcon.colcon_core.environment:checking '/home/adha/belajar/ws1/install/control' for CMake module files
[8.058s] DEBUG:colcon.colcon_core.event_handler.log_command:Invoked command in '/home/adha/belajar/ws1/build/control' returned '0': CMAKE_PREFIX_PATH=/home/adha/belajar/ws1/install/ros2_socketcan:/home/adha/belajar/ws1/install/ros2_socketcan_msgs:/home/adha/belajar/ws1/install/msgs:/home/adha/belajar/ws1/install/can_msgs:/home/adha/belajar/ws1/install/control:/opt/ros/jazzy/opt/gz_math_vendor:/opt/ros/jazzy/opt/gz_utils_vendor:/opt/ros/jazzy/opt/gz_cmake_vendor:/opt/ros/jazzy DEBUGINFOD_URLS=https://debuginfod.ubuntu.com /usr/bin/cmake --install /home/adha/belajar/ws1/build/control
[8.059s] Level 1:colcon.colcon_core.environment:checking '/home/adha/belajar/ws1/install/control' for CMake config files
[8.059s] Level 1:colcon.colcon_core.shell:create_environment_hook('control', 'cmake_prefix_path')
[8.059s] INFO:colcon.colcon_core.shell:Creating environment hook '/home/adha/belajar/ws1/install/control/share/control/hook/cmake_prefix_path.ps1'
[8.059s] INFO:colcon.colcon_core.shell:Creating environment descriptor '/home/adha/belajar/ws1/install/control/share/control/hook/cmake_prefix_path.dsv'
[8.060s] INFO:colcon.colcon_core.shell:Creating environment hook '/home/adha/belajar/ws1/install/control/share/control/hook/cmake_prefix_path.sh'
[8.060s] Level 1:colcon.colcon_core.environment:checking '/home/adha/belajar/ws1/install/control/lib'
[8.060s] Level 1:colcon.colcon_core.environment:checking '/home/adha/belajar/ws1/install/control/bin'
[8.060s] Level 1:colcon.colcon_core.environment:checking '/home/adha/belajar/ws1/install/control/lib/pkgconfig/control.pc'
[8.061s] Level 1:colcon.colcon_core.environment:checking '/home/adha/belajar/ws1/install/control/lib/python3.12/site-packages'
[8.061s] Level 1:colcon.colcon_core.environment:checking '/home/adha/belajar/ws1/install/control/bin'
[8.061s] INFO:colcon.colcon_core.shell:Creating package script '/home/adha/belajar/ws1/install/control/share/control/package.ps1'
[8.061s] INFO:colcon.colcon_core.shell:Creating package descriptor '/home/adha/belajar/ws1/install/control/share/control/package.dsv'
[8.062s] INFO:colcon.colcon_core.shell:Creating package script '/home/adha/belajar/ws1/install/control/share/control/package.sh'
[8.062s] INFO:colcon.colcon_core.shell:Creating package script '/home/adha/belajar/ws1/install/control/share/control/package.bash'
[8.062s] INFO:colcon.colcon_core.shell:Creating package script '/home/adha/belajar/ws1/install/control/share/control/package.zsh'
[8.062s] Level 1:colcon.colcon_core.environment:create_file_with_runtime_dependencies(/home/adha/belajar/ws1/install/control/share/colcon-core/packages/control)
[8.094s] Level 1:colcon.colcon_core.environment:create_environment_scripts_only(control)
[8.095s] Level 1:colcon.colcon_core.environment:checking '/home/adha/belajar/ws1/install/control' for CMake module files
[8.095s] Level 1:colcon.colcon_core.environment:checking '/home/adha/belajar/ws1/install/control' for CMake config files
[8.095s] Level 1:colcon.colcon_core.shell:create_environment_hook('control', 'cmake_prefix_path')
[8.095s] INFO:colcon.colcon_core.shell:Creating environment hook '/home/adha/belajar/ws1/install/control/share/control/hook/cmake_prefix_path.ps1'
[8.096s] INFO:colcon.colcon_core.shell:Creating environment descriptor '/home/adha/belajar/ws1/install/control/share/control/hook/cmake_prefix_path.dsv'
[8.096s] INFO:colcon.colcon_core.shell:Creating environment hook '/home/adha/belajar/ws1/install/control/share/control/hook/cmake_prefix_path.sh'
[8.096s] Level 1:colcon.colcon_core.environment:checking '/home/adha/belajar/ws1/install/control/lib'
[8.096s] Level 1:colcon.colcon_core.environment:checking '/home/adha/belajar/ws1/install/control/bin'
[8.096s] Level 1:colcon.colcon_core.environment:checking '/home/adha/belajar/ws1/install/control/lib/pkgconfig/control.pc'
[8.096s] Level 1:colcon.colcon_core.environment:checking '/home/adha/belajar/ws1/install/control/lib/python3.12/site-packages'
[8.097s] Level 1:colcon.colcon_core.environment:checking '/home/adha/belajar/ws1/install/control/bin'
[8.097s] INFO:colcon.colcon_core.shell:Creating package script '/home/adha/belajar/ws1/install/control/share/control/package.ps1'
[8.097s] INFO:colcon.colcon_core.shell:Creating package descriptor '/home/adha/belajar/ws1/install/control/share/control/package.dsv'
[8.097s] INFO:colcon.colcon_core.shell:Creating package script '/home/adha/belajar/ws1/install/control/share/control/package.sh'
[8.098s] INFO:colcon.colcon_core.shell:Creating package script '/home/adha/belajar/ws1/install/control/share/control/package.bash'
[8.098s] INFO:colcon.colcon_core.shell:Creating package script '/home/adha/belajar/ws1/install/control/share/control/package.zsh'
[8.098s] Level 1:colcon.colcon_core.environment:create_file_with_runtime_dependencies(/home/adha/belajar/ws1/install/control/share/colcon-core/packages/control)
[8.098s] DEBUG:colcon.colcon_parallel_executor.executor.parallel:closing loop
[8.098s] DEBUG:colcon.colcon_parallel_executor.executor.parallel:loop closed
[8.099s] DEBUG:colcon.colcon_parallel_executor.executor.parallel:run_until_complete finished with '0'
[8.099s] DEBUG:colcon.colcon_core.event_reactor:joining thread
[8.105s] INFO:colcon.colcon_core.plugin_system:Skipping extension 'colcon_notification.desktop_notification.terminal_notifier': Not used on non-Darwin systems
[8.105s] INFO:colcon.colcon_core.plugin_system:Skipping extension 'colcon_notification.desktop_notification.win32': Not used on non-Windows systems
[8.105s] INFO:colcon.colcon_notification.desktop_notification:Sending desktop notification using 'notify2'
[8.116s] DEBUG:colcon.colcon_core.event_reactor:joined thread
[8.116s] INFO:colcon.colcon_core.shell:Creating prefix script '/home/adha/belajar/ws1/install/local_setup.ps1'
[8.117s] INFO:colcon.colcon_core.shell:Creating prefix util module '/home/adha/belajar/ws1/install/_local_setup_util_ps1.py'
[8.118s] INFO:colcon.colcon_core.shell:Creating prefix chain script '/home/adha/belajar/ws1/install/setup.ps1'
[8.118s] INFO:colcon.colcon_core.shell:Creating prefix script '/home/adha/belajar/ws1/install/local_setup.sh'
[8.119s] INFO:colcon.colcon_core.shell:Creating prefix util module '/home/adha/belajar/ws1/install/_local_setup_util_sh.py'
[8.119s] INFO:colcon.colcon_core.shell:Creating prefix chain script '/home/adha/belajar/ws1/install/setup.sh'
[8.120s] INFO:colcon.colcon_core.shell:Creating prefix script '/home/adha/belajar/ws1/install/local_setup.bash'
[8.120s] INFO:colcon.colcon_core.shell:Creating prefix chain script '/home/adha/belajar/ws1/install/setup.bash'
[8.120s] INFO:colcon.colcon_core.shell:Creating prefix script '/home/adha/belajar/ws1/install/local_setup.zsh'
[8.121s] INFO:colcon.colcon_core.shell:Creating prefix chain script '/home/adha/belajar/ws1/install/setup.zsh'
