[0.030s] Invoking command in '/home/alyazahrarr/tubesss/tubes_dagoz/build/msgs': CMAKE_PREFIX_PATH=${CMAKE_PREFIX_PATH}:/home/alyazahrarr/ros2_ws/install/launch_testing_examples:/home/alyazahrarr/ros2_ws/install/examples_rclpy_pointcloud_publisher:/home/alyazahrarr/ros2_ws/install/examples_rclpy_minimal_subscriber:/home/alyazahrarr/ros2_ws/install/examples_rclpy_minimal_service:/home/alyazahrarr/ros2_ws/install/examples_rclpy_minimal_publisher:/home/alyazahrarr/ros2_ws/install/examples_rclpy_minimal_client:/home/alyazahrarr/ros2_ws/install/examples_rclpy_minimal_action_server:/home/alyazahrarr/ros2_ws/install/examples_rclpy_minimal_action_client:/home/alyazahrarr/ros2_ws/install/examples_rclpy_guard_conditions:/home/alyazahrarr/ros2_ws/install/examples_rclpy_executors:/opt/ros/jazzy DEBUGINFOD_URLS=https://debuginfod.ubuntu.com /usr/bin/cmake --build /home/alyazahrarr/tubesss/tubes_dagoz/build/msgs -- -j8 -l8
[0.119s] [  2%] Built target msgs__rosidl_generator_type_description
[0.137s] [  2%] Built target ament_cmake_python_copy_msgs
[0.199s] [  5%] Built target msgs__cpp
[0.228s] [ 20%] Built target msgs__rosidl_generator_c
[0.338s] [ 29%] Built target msgs__rosidl_typesupport_introspection_c
[0.356s] [ 38%] Built target msgs__rosidl_typesupport_c
[0.364s] [ 47%] Built target msgs__rosidl_typesupport_fastrtps_cpp
[0.364s] [ 55%] Built target msgs__rosidl_typesupport_fastrtps_c
[0.375s] [ 64%] Built target msgs__rosidl_typesupport_introspection_cpp
[0.389s] [ 73%] Built target msgs__rosidl_typesupport_cpp
[0.441s] [ 73%] Built target msgs
[0.483s] [ 76%] Built target msgs__py
[0.542s] [ 82%] Built target msgs__rosidl_generator_py
[0.653s] [ 88%] Built target msgs_s__rosidl_typesupport_c
[0.663s] [ 94%] Built target msgs_s__rosidl_typesupport_fastrtps_c
[0.671s] [100%] Built target msgs_s__rosidl_typesupport_introspection_c
[0.847s] running egg_info
[0.885s] writing msgs.egg-info/PKG-INFO
[0.885s] writing dependency_links to msgs.egg-info/dependency_links.txt
[0.886s] writing top-level names to msgs.egg-info/top_level.txt
[0.994s] reading manifest file 'msgs.egg-info/SOURCES.txt'
[0.995s] writing manifest file 'msgs.egg-info/SOURCES.txt'
[1.044s] [100%] Built target ament_cmake_python_build_msgs_egg
[1.066s] Invoked command in '/home/alyazahrarr/tubesss/tubes_dagoz/build/msgs' returned '0': CMAKE_PREFIX_PATH=${CMAKE_PREFIX_PATH}:/home/alyazahrarr/ros2_ws/install/launch_testing_examples:/home/alyazahrarr/ros2_ws/install/examples_rclpy_pointcloud_publisher:/home/alyazahrarr/ros2_ws/install/examples_rclpy_minimal_subscriber:/home/alyazahrarr/ros2_ws/install/examples_rclpy_minimal_service:/home/alyazahrarr/ros2_ws/install/examples_rclpy_minimal_publisher:/home/alyazahrarr/ros2_ws/install/examples_rclpy_minimal_client:/home/alyazahrarr/ros2_ws/install/examples_rclpy_minimal_action_server:/home/alyazahrarr/ros2_ws/install/examples_rclpy_minimal_action_client:/home/alyazahrarr/ros2_ws/install/examples_rclpy_guard_conditions:/home/alyazahrarr/ros2_ws/install/examples_rclpy_executors:/opt/ros/jazzy DEBUGINFOD_URLS=https://debuginfod.ubuntu.com /usr/bin/cmake --build /home/alyazahrarr/tubesss/tubes_dagoz/build/msgs -- -j8 -l8
[1.165s] Invoking command in '/home/alyazahrarr/tubesss/tubes_dagoz/build/msgs': CMAKE_PREFIX_PATH=${CMAKE_PREFIX_PATH}:/home/alyazahrarr/ros2_ws/install/launch_testing_examples:/home/alyazahrarr/ros2_ws/install/examples_rclpy_pointcloud_publisher:/home/alyazahrarr/ros2_ws/install/examples_rclpy_minimal_subscriber:/home/alyazahrarr/ros2_ws/install/examples_rclpy_minimal_service:/home/alyazahrarr/ros2_ws/install/examples_rclpy_minimal_publisher:/home/alyazahrarr/ros2_ws/install/examples_rclpy_minimal_client:/home/alyazahrarr/ros2_ws/install/examples_rclpy_minimal_action_server:/home/alyazahrarr/ros2_ws/install/examples_rclpy_minimal_action_client:/home/alyazahrarr/ros2_ws/install/examples_rclpy_guard_conditions:/home/alyazahrarr/ros2_ws/install/examples_rclpy_executors:/opt/ros/jazzy DEBUGINFOD_URLS=https://debuginfod.ubuntu.com /usr/bin/cmake --install /home/alyazahrarr/tubesss/tubes_dagoz/build/msgs
[1.181s] -- Install configuration: ""
[1.181s] -- Up-to-date: /home/alyazahrarr/tubesss/tubes_dagoz/install/msgs/share/ament_index/resource_index/rosidl_interfaces/msgs
[1.186s] -- Up-to-date: /home/alyazahrarr/tubesss/tubes_dagoz/install/msgs/share/msgs/msg/HardwareCommand.json
[1.186s] -- Up-to-date: /home/alyazahrarr/tubesss/tubes_dagoz/install/msgs/include/msgs/msgs
[1.186s] -- Up-to-date: /home/alyazahrarr/tubesss/tubes_dagoz/install/msgs/include/msgs/msgs/msg
[1.186s] -- Up-to-date: /home/alyazahrarr/tubesss/tubes_dagoz/install/msgs/include/msgs/msgs/msg/hardware_command.h
[1.186s] -- Up-to-date: /home/alyazahrarr/tubesss/tubes_dagoz/install/msgs/include/msgs/msgs/msg/detail
[1.186s] -- Up-to-date: /home/alyazahrarr/tubesss/tubes_dagoz/install/msgs/include/msgs/msgs/msg/detail/hardware_command__struct.h
[1.187s] -- Up-to-date: /home/alyazahrarr/tubesss/tubes_dagoz/install/msgs/include/msgs/msgs/msg/detail/hardware_command__type_support.h
[1.187s] -- Up-to-date: /home/alyazahrarr/tubesss/tubes_dagoz/install/msgs/include/msgs/msgs/msg/detail/hardware_command__functions.c
[1.188s] -- Up-to-date: /home/alyazahrarr/tubesss/tubes_dagoz/install/msgs/include/msgs/msgs/msg/detail/hardware_command__functions.h
[1.188s] -- Up-to-date: /home/alyazahrarr/tubesss/tubes_dagoz/install/msgs/include/msgs/msgs/msg/detail/hardware_command__type_support.c
[1.188s] -- Up-to-date: /home/alyazahrarr/tubesss/tubes_dagoz/install/msgs/include/msgs/msgs/msg/detail/hardware_command__description.c
[1.189s] -- Up-to-date: /home/alyazahrarr/tubesss/tubes_dagoz/install/msgs/include/msgs/msgs/msg/rosidl_generator_c__visibility_control.h
[1.189s] -- Up-to-date: /home/alyazahrarr/tubesss/tubes_dagoz/install/msgs/share/msgs/environment/library_path.sh
[1.189s] -- Up-to-date: /home/alyazahrarr/tubesss/tubes_dagoz/install/msgs/share/msgs/environment/library_path.dsv
[1.189s] -- Up-to-date: /home/alyazahrarr/tubesss/tubes_dagoz/install/msgs/lib/libmsgs__rosidl_generator_c.so
[1.190s] -- Up-to-date: /home/alyazahrarr/tubesss/tubes_dagoz/install/msgs/include/msgs/msgs
[1.190s] -- Up-to-date: /home/alyazahrarr/tubesss/tubes_dagoz/install/msgs/include/msgs/msgs/msg
[1.190s] -- Up-to-date: /home/alyazahrarr/tubesss/tubes_dagoz/install/msgs/include/msgs/msgs/msg/detail
[1.190s] -- Up-to-date: /home/alyazahrarr/tubesss/tubes_dagoz/install/msgs/include/msgs/msgs/msg/detail/hardware_command__rosidl_typesupport_fastrtps_c.h
[1.190s] -- Up-to-date: /home/alyazahrarr/tubesss/tubes_dagoz/install/msgs/include/msgs/msgs/msg/rosidl_typesupport_fastrtps_c__visibility_control.h
[1.191s] -- Up-to-date: /home/alyazahrarr/tubesss/tubes_dagoz/install/msgs/lib/libmsgs__rosidl_typesupport_fastrtps_c.so
[1.193s] -- Up-to-date: /home/alyazahrarr/tubesss/tubes_dagoz/install/msgs/include/msgs/msgs
[1.194s] -- Up-to-date: /home/alyazahrarr/tubesss/tubes_dagoz/install/msgs/include/msgs/msgs/msg
[1.194s] -- Up-to-date: /home/alyazahrarr/tubesss/tubes_dagoz/install/msgs/include/msgs/msgs/msg/detail
[1.194s] -- Up-to-date: /home/alyazahrarr/tubesss/tubes_dagoz/install/msgs/include/msgs/msgs/msg/detail/hardware_command__builder.hpp
[1.194s] -- Up-to-date: /home/alyazahrarr/tubesss/tubes_dagoz/install/msgs/include/msgs/msgs/msg/detail/hardware_command__traits.hpp
[1.195s] -- Up-to-date: /home/alyazahrarr/tubesss/tubes_dagoz/install/msgs/include/msgs/msgs/msg/detail/hardware_command__type_support.hpp
[1.195s] -- Up-to-date: /home/alyazahrarr/tubesss/tubes_dagoz/install/msgs/include/msgs/msgs/msg/detail/hardware_command__struct.hpp
[1.195s] -- Up-to-date: /home/alyazahrarr/tubesss/tubes_dagoz/install/msgs/include/msgs/msgs/msg/hardware_command.hpp
[1.195s] -- Up-to-date: /home/alyazahrarr/tubesss/tubes_dagoz/install/msgs/include/msgs/msgs/msg/rosidl_generator_cpp__visibility_control.hpp
[1.195s] -- Up-to-date: /home/alyazahrarr/tubesss/tubes_dagoz/install/msgs/include/msgs/msgs
[1.195s] -- Up-to-date: /home/alyazahrarr/tubesss/tubes_dagoz/install/msgs/include/msgs/msgs/msg
[1.196s] -- Up-to-date: /home/alyazahrarr/tubesss/tubes_dagoz/install/msgs/include/msgs/msgs/msg/detail
[1.196s] -- Up-to-date: /home/alyazahrarr/tubesss/tubes_dagoz/install/msgs/include/msgs/msgs/msg/detail/dds_fastrtps
[1.196s] -- Up-to-date: /home/alyazahrarr/tubesss/tubes_dagoz/install/msgs/include/msgs/msgs/msg/detail/hardware_command__rosidl_typesupport_fastrtps_cpp.hpp
[1.196s] -- Up-to-date: /home/alyazahrarr/tubesss/tubes_dagoz/install/msgs/include/msgs/msgs/msg/rosidl_typesupport_fastrtps_cpp__visibility_control.h
[1.197s] -- Up-to-date: /home/alyazahrarr/tubesss/tubes_dagoz/install/msgs/lib/libmsgs__rosidl_typesupport_fastrtps_cpp.so
[1.198s] -- Up-to-date: /home/alyazahrarr/tubesss/tubes_dagoz/install/msgs/include/msgs/msgs
[1.198s] -- Up-to-date: /home/alyazahrarr/tubesss/tubes_dagoz/install/msgs/include/msgs/msgs/msg
[1.198s] -- Up-to-date: /home/alyazahrarr/tubesss/tubes_dagoz/install/msgs/include/msgs/msgs/msg/detail
[1.198s] -- Up-to-date: /home/alyazahrarr/tubesss/tubes_dagoz/install/msgs/include/msgs/msgs/msg/detail/hardware_command__rosidl_typesupport_introspection_c.h
[1.198s] -- Up-to-date: /home/alyazahrarr/tubesss/tubes_dagoz/install/msgs/include/msgs/msgs/msg/detail/hardware_command__type_support.c
[1.199s] -- Up-to-date: /home/alyazahrarr/tubesss/tubes_dagoz/install/msgs/include/msgs/msgs/msg/rosidl_typesupport_introspection_c__visibility_control.h
[1.199s] -- Up-to-date: /home/alyazahrarr/tubesss/tubes_dagoz/install/msgs/lib/libmsgs__rosidl_typesupport_introspection_c.so
[1.199s] -- Up-to-date: /home/alyazahrarr/tubesss/tubes_dagoz/install/msgs/lib/libmsgs__rosidl_typesupport_c.so
[1.201s] -- Up-to-date: /home/alyazahrarr/tubesss/tubes_dagoz/install/msgs/include/msgs/msgs
[1.201s] -- Up-to-date: /home/alyazahrarr/tubesss/tubes_dagoz/install/msgs/include/msgs/msgs/msg
[1.202s] -- Up-to-date: /home/alyazahrarr/tubesss/tubes_dagoz/install/msgs/include/msgs/msgs/msg/detail
[1.202s] -- Up-to-date: /home/alyazahrarr/tubesss/tubes_dagoz/install/msgs/include/msgs/msgs/msg/detail/hardware_command__rosidl_typesupport_introspection_cpp.hpp
[1.202s] -- Up-to-date: /home/alyazahrarr/tubesss/tubes_dagoz/install/msgs/include/msgs/msgs/msg/detail/hardware_command__type_support.cpp
[1.202s] -- Up-to-date: /home/alyazahrarr/tubesss/tubes_dagoz/install/msgs/lib/libmsgs__rosidl_typesupport_introspection_cpp.so
[1.202s] -- Up-to-date: /home/alyazahrarr/tubesss/tubes_dagoz/install/msgs/lib/libmsgs__rosidl_typesupport_cpp.so
[1.203s] -- Up-to-date: /home/alyazahrarr/tubesss/tubes_dagoz/install/msgs/share/msgs/environment/pythonpath.sh
[1.203s] -- Up-to-date: /home/alyazahrarr/tubesss/tubes_dagoz/install/msgs/share/msgs/environment/pythonpath.dsv
[1.203s] -- Up-to-date: /home/alyazahrarr/tubesss/tubes_dagoz/install/msgs/lib/python3.12/site-packages/msgs-0.0.0-py3.12.egg-info
[1.203s] -- Installing: /home/alyazahrarr/tubesss/tubes_dagoz/install/msgs/lib/python3.12/site-packages/msgs-0.0.0-py3.12.egg-info/dependency_links.txt
[1.203s] -- Installing: /home/alyazahrarr/tubesss/tubes_dagoz/install/msgs/lib/python3.12/site-packages/msgs-0.0.0-py3.12.egg-info/SOURCES.txt
[1.205s] -- Installing: /home/alyazahrarr/tubesss/tubes_dagoz/install/msgs/lib/python3.12/site-packages/msgs-0.0.0-py3.12.egg-info/PKG-INFO
[1.205s] -- Installing: /home/alyazahrarr/tubesss/tubes_dagoz/install/msgs/lib/python3.12/site-packages/msgs-0.0.0-py3.12.egg-info/top_level.txt
[1.205s] -- Up-to-date: /home/alyazahrarr/tubesss/tubes_dagoz/install/msgs/lib/python3.12/site-packages/msgs
[1.206s] -- Up-to-date: /home/alyazahrarr/tubesss/tubes_dagoz/install/msgs/lib/python3.12/site-packages/msgs/msgs_s__rosidl_typesupport_c.so
[1.206s] -- Up-to-date: /home/alyazahrarr/tubesss/tubes_dagoz/install/msgs/lib/python3.12/site-packages/msgs/_msgs_s.ep.rosidl_typesupport_introspection_c.c
[1.206s] -- Up-to-date: /home/alyazahrarr/tubesss/tubes_dagoz/install/msgs/lib/python3.12/site-packages/msgs/_msgs_s.ep.rosidl_typesupport_fastrtps_c.c
[1.206s] -- Up-to-date: /home/alyazahrarr/tubesss/tubes_dagoz/install/msgs/lib/python3.12/site-packages/msgs/__init__.py
[1.206s] -- Up-to-date: /home/alyazahrarr/tubesss/tubes_dagoz/install/msgs/lib/python3.12/site-packages/msgs/_msgs_s.ep.rosidl_typesupport_c.c
[1.206s] -- Up-to-date: /home/alyazahrarr/tubesss/tubes_dagoz/install/msgs/lib/python3.12/site-packages/msgs/msgs_s__rosidl_typesupport_fastrtps_c.so
[1.207s] -- Up-to-date: /home/alyazahrarr/tubesss/tubes_dagoz/install/msgs/lib/python3.12/site-packages/msgs/msgs_s__rosidl_typesupport_introspection_c.so
[1.207s] -- Up-to-date: /home/alyazahrarr/tubesss/tubes_dagoz/install/msgs/lib/python3.12/site-packages/msgs/msg
[1.207s] -- Up-to-date: /home/alyazahrarr/tubesss/tubes_dagoz/install/msgs/lib/python3.12/site-packages/msgs/msg/__init__.py
[1.207s] -- Up-to-date: /home/alyazahrarr/tubesss/tubes_dagoz/install/msgs/lib/python3.12/site-packages/msgs/msg/_hardware_command.py
[1.207s] -- Up-to-date: /home/alyazahrarr/tubesss/tubes_dagoz/install/msgs/lib/python3.12/site-packages/msgs/msg/_hardware_command_s.c
[1.258s] Listing '/home/alyazahrarr/tubesss/tubes_dagoz/install/msgs/lib/python3.12/site-packages/msgs'...
[1.259s] Listing '/home/alyazahrarr/tubesss/tubes_dagoz/install/msgs/lib/python3.12/site-packages/msgs/msg'...
[1.269s] -- Up-to-date: /home/alyazahrarr/tubesss/tubes_dagoz/install/msgs/lib/python3.12/site-packages/msgs/msgs_s__rosidl_typesupport_fastrtps_c.so
[1.269s] -- Up-to-date: /home/alyazahrarr/tubesss/tubes_dagoz/install/msgs/lib/python3.12/site-packages/msgs/msgs_s__rosidl_typesupport_introspection_c.so
[1.269s] -- Up-to-date: /home/alyazahrarr/tubesss/tubes_dagoz/install/msgs/lib/python3.12/site-packages/msgs/msgs_s__rosidl_typesupport_c.so
[1.270s] -- Up-to-date: /home/alyazahrarr/tubesss/tubes_dagoz/install/msgs/lib/libmsgs__rosidl_generator_py.so
[1.270s] -- Up-to-date: /home/alyazahrarr/tubesss/tubes_dagoz/install/msgs/share/msgs/msg/HardwareCommand.idl
[1.271s] -- Up-to-date: /home/alyazahrarr/tubesss/tubes_dagoz/install/msgs/share/msgs/msg/HardwareCommand.msg
[1.271s] -- Up-to-date: /home/alyazahrarr/tubesss/tubes_dagoz/install/msgs/share/ament_index/resource_index/package_run_dependencies/msgs
[1.271s] -- Up-to-date: /home/alyazahrarr/tubesss/tubes_dagoz/install/msgs/share/ament_index/resource_index/parent_prefix_path/msgs
[1.272s] -- Up-to-date: /home/alyazahrarr/tubesss/tubes_dagoz/install/msgs/share/msgs/environment/ament_prefix_path.sh
[1.272s] -- Up-to-date: /home/alyazahrarr/tubesss/tubes_dagoz/install/msgs/share/msgs/environment/ament_prefix_path.dsv
[1.273s] -- Up-to-date: /home/alyazahrarr/tubesss/tubes_dagoz/install/msgs/share/msgs/environment/path.sh
[1.276s] -- Up-to-date: /home/alyazahrarr/tubesss/tubes_dagoz/install/msgs/share/msgs/environment/path.dsv
[1.277s] -- Up-to-date: /home/alyazahrarr/tubesss/tubes_dagoz/install/msgs/share/msgs/local_setup.bash
[1.277s] -- Up-to-date: /home/alyazahrarr/tubesss/tubes_dagoz/install/msgs/share/msgs/local_setup.sh
[1.277s] -- Up-to-date: /home/alyazahrarr/tubesss/tubes_dagoz/install/msgs/share/msgs/local_setup.zsh
[1.277s] -- Up-to-date: /home/alyazahrarr/tubesss/tubes_dagoz/install/msgs/share/msgs/local_setup.dsv
[1.278s] -- Installing: /home/alyazahrarr/tubesss/tubes_dagoz/install/msgs/share/msgs/package.dsv
[1.278s] -- Up-to-date: /home/alyazahrarr/tubesss/tubes_dagoz/install/msgs/share/ament_index/resource_index/packages/msgs
[1.278s] -- Up-to-date: /home/alyazahrarr/tubesss/tubes_dagoz/install/msgs/share/msgs/cmake/export_msgs__rosidl_generator_cExport.cmake
[1.278s] -- Up-to-date: /home/alyazahrarr/tubesss/tubes_dagoz/install/msgs/share/msgs/cmake/export_msgs__rosidl_generator_cExport-noconfig.cmake
[1.279s] -- Up-to-date: /home/alyazahrarr/tubesss/tubes_dagoz/install/msgs/share/msgs/cmake/export_msgs__rosidl_typesupport_fastrtps_cExport.cmake
[1.280s] -- Up-to-date: /home/alyazahrarr/tubesss/tubes_dagoz/install/msgs/share/msgs/cmake/export_msgs__rosidl_typesupport_fastrtps_cExport-noconfig.cmake
[1.281s] -- Up-to-date: /home/alyazahrarr/tubesss/tubes_dagoz/install/msgs/share/msgs/cmake/export_msgs__rosidl_generator_cppExport.cmake
[1.282s] -- Up-to-date: /home/alyazahrarr/tubesss/tubes_dagoz/install/msgs/share/msgs/cmake/export_msgs__rosidl_typesupport_fastrtps_cppExport.cmake
[1.282s] -- Up-to-date: /home/alyazahrarr/tubesss/tubes_dagoz/install/msgs/share/msgs/cmake/export_msgs__rosidl_typesupport_fastrtps_cppExport-noconfig.cmake
[1.284s] -- Up-to-date: /home/alyazahrarr/tubesss/tubes_dagoz/install/msgs/share/msgs/cmake/msgs__rosidl_typesupport_introspection_cExport.cmake
[1.284s] -- Up-to-date: /home/alyazahrarr/tubesss/tubes_dagoz/install/msgs/share/msgs/cmake/msgs__rosidl_typesupport_introspection_cExport-noconfig.cmake
[1.285s] -- Up-to-date: /home/alyazahrarr/tubesss/tubes_dagoz/install/msgs/share/msgs/cmake/msgs__rosidl_typesupport_cExport.cmake
[1.285s] -- Up-to-date: /home/alyazahrarr/tubesss/tubes_dagoz/install/msgs/share/msgs/cmake/msgs__rosidl_typesupport_cExport-noconfig.cmake
[1.285s] -- Up-to-date: /home/alyazahrarr/tubesss/tubes_dagoz/install/msgs/share/msgs/cmake/msgs__rosidl_typesupport_introspection_cppExport.cmake
[1.285s] -- Up-to-date: /home/alyazahrarr/tubesss/tubes_dagoz/install/msgs/share/msgs/cmake/msgs__rosidl_typesupport_introspection_cppExport-noconfig.cmake
[1.285s] -- Up-to-date: /home/alyazahrarr/tubesss/tubes_dagoz/install/msgs/share/msgs/cmake/msgs__rosidl_typesupport_cppExport.cmake
[1.286s] -- Up-to-date: /home/alyazahrarr/tubesss/tubes_dagoz/install/msgs/share/msgs/cmake/msgs__rosidl_typesupport_cppExport-noconfig.cmake
[1.286s] -- Up-to-date: /home/alyazahrarr/tubesss/tubes_dagoz/install/msgs/share/msgs/cmake/export_msgs__rosidl_generator_pyExport.cmake
[1.286s] -- Up-to-date: /home/alyazahrarr/tubesss/tubes_dagoz/install/msgs/share/msgs/cmake/export_msgs__rosidl_generator_pyExport-noconfig.cmake
[1.286s] -- Up-to-date: /home/alyazahrarr/tubesss/tubes_dagoz/install/msgs/share/msgs/cmake/rosidl_cmake-extras.cmake
[1.286s] -- Up-to-date: /home/alyazahrarr/tubesss/tubes_dagoz/install/msgs/share/msgs/cmake/ament_cmake_export_include_directories-extras.cmake
[1.288s] -- Up-to-date: /home/alyazahrarr/tubesss/tubes_dagoz/install/msgs/share/msgs/cmake/ament_cmake_export_libraries-extras.cmake
[1.288s] -- Up-to-date: /home/alyazahrarr/tubesss/tubes_dagoz/install/msgs/share/msgs/cmake/ament_cmake_export_targets-extras.cmake
[1.288s] -- Up-to-date: /home/alyazahrarr/tubesss/tubes_dagoz/install/msgs/share/msgs/cmake/rosidl_cmake_export_typesupport_targets-extras.cmake
[1.288s] -- Up-to-date: /home/alyazahrarr/tubesss/tubes_dagoz/install/msgs/share/msgs/cmake/ament_cmake_export_dependencies-extras.cmake
[1.289s] -- Up-to-date: /home/alyazahrarr/tubesss/tubes_dagoz/install/msgs/share/msgs/cmake/rosidl_cmake_export_typesupport_libraries-extras.cmake
[1.289s] -- Up-to-date: /home/alyazahrarr/tubesss/tubes_dagoz/install/msgs/share/msgs/cmake/msgsConfig.cmake
[1.289s] -- Up-to-date: /home/alyazahrarr/tubesss/tubes_dagoz/install/msgs/share/msgs/cmake/msgsConfig-version.cmake
[1.289s] -- Up-to-date: /home/alyazahrarr/tubesss/tubes_dagoz/install/msgs/share/msgs/package.xml
[1.312s] Invoked command in '/home/alyazahrarr/tubesss/tubes_dagoz/build/msgs' returned '0': CMAKE_PREFIX_PATH=${CMAKE_PREFIX_PATH}:/home/alyazahrarr/ros2_ws/install/launch_testing_examples:/home/alyazahrarr/ros2_ws/install/examples_rclpy_pointcloud_publisher:/home/alyazahrarr/ros2_ws/install/examples_rclpy_minimal_subscriber:/home/alyazahrarr/ros2_ws/install/examples_rclpy_minimal_service:/home/alyazahrarr/ros2_ws/install/examples_rclpy_minimal_publisher:/home/alyazahrarr/ros2_ws/install/examples_rclpy_minimal_client:/home/alyazahrarr/ros2_ws/install/examples_rclpy_minimal_action_server:/home/alyazahrarr/ros2_ws/install/examples_rclpy_minimal_action_client:/home/alyazahrarr/ros2_ws/install/examples_rclpy_guard_conditions:/home/alyazahrarr/ros2_ws/install/examples_rclpy_executors:/opt/ros/jazzy DEBUGINFOD_URLS=https://debuginfod.ubuntu.com /usr/bin/cmake --install /home/alyazahrarr/tubesss/tubes_dagoz/build/msgs
