[0.039s] Invoking command in '/home/bill_2247/expander/build/expander_controller': CMAKE_PREFIX_PATH=${CMAKE_PREFIX_PATH}:/opt/ros/jazzy /usr/bin/cmake --build /home/bill_2247/expander/build/expander_controller -- -j2 -l2
[0.092s] -- Found ament_cmake: 2.5.2 (/opt/ros/jazzy/share/ament_cmake/cmake)
[0.834s] -- Found rclcpp: 28.1.3 (/opt/ros/jazzy/share/rclcpp/cmake)
[0.895s] -- Found rosidl_generator_c: 4.6.3 (/opt/ros/jazzy/share/rosidl_generator_c/cmake)
[0.922s] -- Found rosidl_generator_cpp: 4.6.3 (/opt/ros/jazzy/share/rosidl_generator_cpp/cmake)
[0.951s] -- Using all available rosidl_typesupport_c: rosidl_typesupport_fastrtps_c;rosidl_typesupport_introspection_c
[0.986s] -- Using all available rosidl_typesupport_cpp: rosidl_typesupport_fastrtps_cpp;rosidl_typesupport_introspection_cpp
[1.142s] -- Found rmw_implementation_cmake: 7.3.1 (/opt/ros/jazzy/share/rmw_implementation_cmake/cmake)
[1.146s] -- Found rmw_fastrtps_cpp: 8.4.1 (/opt/ros/jazzy/share/rmw_fastrtps_cpp/cmake)
[1.291s] -- Using RMW implementation 'rmw_fastrtps_cpp' as default
[1.457s] -- Found std_msgs: 5.3.5 (/opt/ros/jazzy/share/std_msgs/cmake)
[1.491s] -- Found ament_lint_auto: 0.17.1 (/opt/ros/jazzy/share/ament_lint_auto/cmake)
[1.764s] -- Added test 'cppcheck' to perform static code analysis on C / C++ code
[1.766s] -- Configured cppcheck include dirs: 
[1.767s] -- Configured cppcheck exclude dirs and/or files: 
[1.769s] -- Added test 'lint_cmake' to check CMake code style
[1.771s] -- Added test 'uncrustify' to check C / C++ code style
[1.771s] -- Configured uncrustify additional arguments: 
[1.773s] -- Added test 'xmllint' to check XML markup files
[1.773s] -- Configuring done (1.7s)
[1.800s] -- Generating done (0.0s)
[1.805s] -- Build files have been written to: /home/bill_2247/expander/build/expander_controller
[1.890s] [ 33%] [32mBuilding CXX object CMakeFiles/expander_controller.dir/src/goalkeeper_arm_publisher.cpp.o[0m
[16.556s] [ 66%] [32mBuilding CXX object CMakeFiles/expander_controller.dir/src/goalkeeper_arm_subscriber.cpp.o[0m
[41.176s] [100%] [32m[1mLinking CXX executable expander_controller[0m
[41.278s] /usr/bin/ld: CMakeFiles/expander_controller.dir/src/goalkeeper_arm_subscriber.cpp.o: in function `main':
[41.279s] goalkeeper_arm_subscriber.cpp:(.text+0x69): multiple definition of `main'; CMakeFiles/expander_controller.dir/src/goalkeeper_arm_publisher.cpp.o:goalkeeper_arm_publisher.cpp:(.text+0x69): first defined here
[42.094s] collect2: error: ld returned 1 exit status
[42.097s] gmake[2]: *** [CMakeFiles/expander_controller.dir/build.make:187: expander_controller] Error 1
[42.098s] gmake[1]: *** [CMakeFiles/Makefile2:137: CMakeFiles/expander_controller.dir/all] Error 2
[42.100s] gmake: *** [Makefile:146: all] Error 2
[42.102s] Invoked command in '/home/bill_2247/expander/build/expander_controller' returned '2': CMAKE_PREFIX_PATH=${CMAKE_PREFIX_PATH}:/opt/ros/jazzy /usr/bin/cmake --build /home/bill_2247/expander/build/expander_controller -- -j2 -l2
