[0.038s] Invoking command in '/home/alyazahrarr/tubesss/tubes_dagoz/build/msgs': CMAKE_PREFIX_PATH=${CMAKE_PREFIX_PATH}:/home/alyazahrarr/ros2_ws/install/launch_testing_examples:/home/alyazahrarr/ros2_ws/install/examples_rclpy_pointcloud_publisher:/home/alyazahrarr/ros2_ws/install/examples_rclpy_minimal_subscriber:/home/alyazahrarr/ros2_ws/install/examples_rclpy_minimal_service:/home/alyazahrarr/ros2_ws/install/examples_rclpy_minimal_publisher:/home/alyazahrarr/ros2_ws/install/examples_rclpy_minimal_client:/home/alyazahrarr/ros2_ws/install/examples_rclpy_minimal_action_server:/home/alyazahrarr/ros2_ws/install/examples_rclpy_minimal_action_client:/home/alyazahrarr/ros2_ws/install/examples_rclpy_guard_conditions:/home/alyazahrarr/ros2_ws/install/examples_rclpy_executors:/opt/ros/jazzy DEBUGINFOD_URLS=https://debuginfod.ubuntu.com /usr/bin/cmake --build /home/alyazahrarr/tubesss/tubes_dagoz/build/msgs -- -j8 -l8
[0.153s] [  2%] Built target msgs__rosidl_generator_type_description
[0.188s] [  2%] Built target ament_cmake_python_copy_msgs
[0.244s] [ 17%] Built target msgs__rosidl_generator_c
[0.258s] [ 20%] Built target msgs__cpp
[0.387s] [ 29%] Built target msgs__rosidl_typesupport_c
[0.410s] [ 44%] Built target msgs__rosidl_typesupport_fastrtps_c
[0.410s] [ 47%] Built target msgs__rosidl_typesupport_introspection_c
[0.469s] [ 55%] Built target msgs__rosidl_typesupport_introspection_cpp
[0.481s] [ 64%] Built target msgs__rosidl_typesupport_fastrtps_cpp
[0.498s] [ 73%] Built target msgs__rosidl_typesupport_cpp
[0.558s] [ 73%] Built target msgs
[0.618s] [ 76%] Built target msgs__py
[0.715s] [ 82%] Built target msgs__rosidl_generator_py
[0.790s] [ 88%] Built target msgs_s__rosidl_typesupport_fastrtps_c
[0.799s] [ 94%] Built target msgs_s__rosidl_typesupport_introspection_c
[0.803s] [100%] Built target msgs_s__rosidl_typesupport_c
[1.068s] running egg_info
[1.124s] writing msgs.egg-info/PKG-INFO
[1.124s] writing dependency_links to msgs.egg-info/dependency_links.txt
[1.125s] writing top-level names to msgs.egg-info/top_level.txt
[1.278s] reading manifest file 'msgs.egg-info/SOURCES.txt'
[1.279s] writing manifest file 'msgs.egg-info/SOURCES.txt'
[1.344s] [100%] Built target ament_cmake_python_build_msgs_egg
[1.369s] Invoked command in '/home/alyazahrarr/tubesss/tubes_dagoz/build/msgs' returned '0': CMAKE_PREFIX_PATH=${CMAKE_PREFIX_PATH}:/home/alyazahrarr/ros2_ws/install/launch_testing_examples:/home/alyazahrarr/ros2_ws/install/examples_rclpy_pointcloud_publisher:/home/alyazahrarr/ros2_ws/install/examples_rclpy_minimal_subscriber:/home/alyazahrarr/ros2_ws/install/examples_rclpy_minimal_service:/home/alyazahrarr/ros2_ws/install/examples_rclpy_minimal_publisher:/home/alyazahrarr/ros2_ws/install/examples_rclpy_minimal_client:/home/alyazahrarr/ros2_ws/install/examples_rclpy_minimal_action_server:/home/alyazahrarr/ros2_ws/install/examples_rclpy_minimal_action_client:/home/alyazahrarr/ros2_ws/install/examples_rclpy_guard_conditions:/home/alyazahrarr/ros2_ws/install/examples_rclpy_executors:/opt/ros/jazzy DEBUGINFOD_URLS=https://debuginfod.ubuntu.com /usr/bin/cmake --build /home/alyazahrarr/tubesss/tubes_dagoz/build/msgs -- -j8 -l8
[1.510s] Invoking command in '/home/alyazahrarr/tubesss/tubes_dagoz/build/msgs': CMAKE_PREFIX_PATH=${CMAKE_PREFIX_PATH}:/home/alyazahrarr/ros2_ws/install/launch_testing_examples:/home/alyazahrarr/ros2_ws/install/examples_rclpy_pointcloud_publisher:/home/alyazahrarr/ros2_ws/install/examples_rclpy_minimal_subscriber:/home/alyazahrarr/ros2_ws/install/examples_rclpy_minimal_service:/home/alyazahrarr/ros2_ws/install/examples_rclpy_minimal_publisher:/home/alyazahrarr/ros2_ws/install/examples_rclpy_minimal_client:/home/alyazahrarr/ros2_ws/install/examples_rclpy_minimal_action_server:/home/alyazahrarr/ros2_ws/install/examples_rclpy_minimal_action_client:/home/alyazahrarr/ros2_ws/install/examples_rclpy_guard_conditions:/home/alyazahrarr/ros2_ws/install/examples_rclpy_executors:/opt/ros/jazzy DEBUGINFOD_URLS=https://debuginfod.ubuntu.com /usr/bin/cmake --install /home/alyazahrarr/tubesss/tubes_dagoz/build/msgs
[1.544s] -- Install configuration: ""
[1.545s] -- Up-to-date: /home/alyazahrarr/tubesss/tubes_dagoz/install/msgs/share/ament_index/resource_index/rosidl_interfaces/msgs
[1.546s] -- Up-to-date: /home/alyazahrarr/tubesss/tubes_dagoz/install/msgs/share/msgs/msg/HardwareCommand.json
[1.546s] -- Up-to-date: /home/alyazahrarr/tubesss/tubes_dagoz/install/msgs/include/msgs/msgs
[1.546s] -- Up-to-date: /home/alyazahrarr/tubesss/tubes_dagoz/install/msgs/include/msgs/msgs/msg
[1.547s] -- Up-to-date: /home/alyazahrarr/tubesss/tubes_dagoz/install/msgs/include/msgs/msgs/msg/hardware_command.h
[1.547s] -- Up-to-date: /home/alyazahrarr/tubesss/tubes_dagoz/install/msgs/include/msgs/msgs/msg/detail
[1.547s] -- Up-to-date: /home/alyazahrarr/tubesss/tubes_dagoz/install/msgs/include/msgs/msgs/msg/detail/hardware_command__struct.h
[1.547s] -- Up-to-date: /home/alyazahrarr/tubesss/tubes_dagoz/install/msgs/include/msgs/msgs/msg/detail/hardware_command__type_support.h
[1.548s] -- Up-to-date: /home/alyazahrarr/tubesss/tubes_dagoz/install/msgs/include/msgs/msgs/msg/detail/hardware_command__functions.c
[1.549s] -- Up-to-date: /home/alyazahrarr/tubesss/tubes_dagoz/install/msgs/include/msgs/msgs/msg/detail/hardware_command__functions.h
[1.549s] -- Up-to-date: /home/alyazahrarr/tubesss/tubes_dagoz/install/msgs/include/msgs/msgs/msg/detail/hardware_command__type_support.c
[1.549s] -- Up-to-date: /home/alyazahrarr/tubesss/tubes_dagoz/install/msgs/include/msgs/msgs/msg/detail/hardware_command__description.c
[1.549s] -- Up-to-date: /home/alyazahrarr/tubesss/tubes_dagoz/install/msgs/include/msgs/msgs/msg/rosidl_generator_c__visibility_control.h
[1.551s] -- Up-to-date: /home/alyazahrarr/tubesss/tubes_dagoz/install/msgs/share/msgs/environment/library_path.sh
[1.551s] -- Up-to-date: /home/alyazahrarr/tubesss/tubes_dagoz/install/msgs/share/msgs/environment/library_path.dsv
[1.554s] -- Up-to-date: /home/alyazahrarr/tubesss/tubes_dagoz/install/msgs/lib/libmsgs__rosidl_generator_c.so
[1.554s] -- Up-to-date: /home/alyazahrarr/tubesss/tubes_dagoz/install/msgs/include/msgs/msgs
[1.554s] -- Up-to-date: /home/alyazahrarr/tubesss/tubes_dagoz/install/msgs/include/msgs/msgs/msg
[1.554s] -- Up-to-date: /home/alyazahrarr/tubesss/tubes_dagoz/install/msgs/include/msgs/msgs/msg/detail
[1.555s] -- Up-to-date: /home/alyazahrarr/tubesss/tubes_dagoz/install/msgs/include/msgs/msgs/msg/detail/hardware_command__rosidl_typesupport_fastrtps_c.h
[1.555s] -- Up-to-date: /home/alyazahrarr/tubesss/tubes_dagoz/install/msgs/include/msgs/msgs/msg/rosidl_typesupport_fastrtps_c__visibility_control.h
[1.555s] -- Up-to-date: /home/alyazahrarr/tubesss/tubes_dagoz/install/msgs/lib/libmsgs__rosidl_typesupport_fastrtps_c.so
[1.556s] -- Up-to-date: /home/alyazahrarr/tubesss/tubes_dagoz/install/msgs/include/msgs/msgs
[1.556s] -- Up-to-date: /home/alyazahrarr/tubesss/tubes_dagoz/install/msgs/include/msgs/msgs/msg
[1.556s] -- Up-to-date: /home/alyazahrarr/tubesss/tubes_dagoz/install/msgs/include/msgs/msgs/msg/detail
[1.557s] -- Up-to-date: /home/alyazahrarr/tubesss/tubes_dagoz/install/msgs/include/msgs/msgs/msg/detail/hardware_command__builder.hpp
[1.557s] -- Up-to-date: /home/alyazahrarr/tubesss/tubes_dagoz/install/msgs/include/msgs/msgs/msg/detail/hardware_command__traits.hpp
[1.557s] -- Up-to-date: /home/alyazahrarr/tubesss/tubes_dagoz/install/msgs/include/msgs/msgs/msg/detail/hardware_command__type_support.hpp
[1.558s] -- Up-to-date: /home/alyazahrarr/tubesss/tubes_dagoz/install/msgs/include/msgs/msgs/msg/detail/hardware_command__struct.hpp
[1.558s] -- Up-to-date: /home/alyazahrarr/tubesss/tubes_dagoz/install/msgs/include/msgs/msgs/msg/hardware_command.hpp
[1.558s] -- Up-to-date: /home/alyazahrarr/tubesss/tubes_dagoz/install/msgs/include/msgs/msgs/msg/rosidl_generator_cpp__visibility_control.hpp
[1.558s] -- Up-to-date: /home/alyazahrarr/tubesss/tubes_dagoz/install/msgs/include/msgs/msgs
[1.559s] -- Up-to-date: /home/alyazahrarr/tubesss/tubes_dagoz/install/msgs/include/msgs/msgs/msg
[1.559s] -- Up-to-date: /home/alyazahrarr/tubesss/tubes_dagoz/install/msgs/include/msgs/msgs/msg/detail
[1.560s] -- Up-to-date: /home/alyazahrarr/tubesss/tubes_dagoz/install/msgs/include/msgs/msgs/msg/detail/dds_fastrtps
[1.560s] -- Up-to-date: /home/alyazahrarr/tubesss/tubes_dagoz/install/msgs/include/msgs/msgs/msg/detail/hardware_command__rosidl_typesupport_fastrtps_cpp.hpp
[1.560s] -- Up-to-date: /home/alyazahrarr/tubesss/tubes_dagoz/install/msgs/include/msgs/msgs/msg/rosidl_typesupport_fastrtps_cpp__visibility_control.h
[1.561s] -- Up-to-date: /home/alyazahrarr/tubesss/tubes_dagoz/install/msgs/lib/libmsgs__rosidl_typesupport_fastrtps_cpp.so
[1.561s] -- Up-to-date: /home/alyazahrarr/tubesss/tubes_dagoz/install/msgs/include/msgs/msgs
[1.561s] -- Up-to-date: /home/alyazahrarr/tubesss/tubes_dagoz/install/msgs/include/msgs/msgs/msg
[1.562s] -- Up-to-date: /home/alyazahrarr/tubesss/tubes_dagoz/install/msgs/include/msgs/msgs/msg/detail
[1.562s] -- Up-to-date: /home/alyazahrarr/tubesss/tubes_dagoz/install/msgs/include/msgs/msgs/msg/detail/hardware_command__rosidl_typesupport_introspection_c.h
[1.562s] -- Up-to-date: /home/alyazahrarr/tubesss/tubes_dagoz/install/msgs/include/msgs/msgs/msg/detail/hardware_command__type_support.c
[1.563s] -- Up-to-date: /home/alyazahrarr/tubesss/tubes_dagoz/install/msgs/include/msgs/msgs/msg/rosidl_typesupport_introspection_c__visibility_control.h
[1.563s] -- Up-to-date: /home/alyazahrarr/tubesss/tubes_dagoz/install/msgs/lib/libmsgs__rosidl_typesupport_introspection_c.so
[1.563s] -- Up-to-date: /home/alyazahrarr/tubesss/tubes_dagoz/install/msgs/lib/libmsgs__rosidl_typesupport_c.so
[1.563s] -- Up-to-date: /home/alyazahrarr/tubesss/tubes_dagoz/install/msgs/include/msgs/msgs
[1.564s] -- Up-to-date: /home/alyazahrarr/tubesss/tubes_dagoz/install/msgs/include/msgs/msgs/msg
[1.564s] -- Up-to-date: /home/alyazahrarr/tubesss/tubes_dagoz/install/msgs/include/msgs/msgs/msg/detail
[1.564s] -- Up-to-date: /home/alyazahrarr/tubesss/tubes_dagoz/install/msgs/include/msgs/msgs/msg/detail/hardware_command__rosidl_typesupport_introspection_cpp.hpp
[1.565s] -- Up-to-date: /home/alyazahrarr/tubesss/tubes_dagoz/install/msgs/include/msgs/msgs/msg/detail/hardware_command__type_support.cpp
[1.565s] -- Up-to-date: /home/alyazahrarr/tubesss/tubes_dagoz/install/msgs/lib/libmsgs__rosidl_typesupport_introspection_cpp.so
[1.565s] -- Up-to-date: /home/alyazahrarr/tubesss/tubes_dagoz/install/msgs/lib/libmsgs__rosidl_typesupport_cpp.so
[1.566s] -- Up-to-date: /home/alyazahrarr/tubesss/tubes_dagoz/install/msgs/share/msgs/environment/pythonpath.sh
[1.566s] -- Up-to-date: /home/alyazahrarr/tubesss/tubes_dagoz/install/msgs/share/msgs/environment/pythonpath.dsv
[1.566s] -- Up-to-date: /home/alyazahrarr/tubesss/tubes_dagoz/install/msgs/lib/python3.12/site-packages/msgs-0.0.0-py3.12.egg-info
[1.566s] -- Installing: /home/alyazahrarr/tubesss/tubes_dagoz/install/msgs/lib/python3.12/site-packages/msgs-0.0.0-py3.12.egg-info/dependency_links.txt
[1.567s] -- Installing: /home/alyazahrarr/tubesss/tubes_dagoz/install/msgs/lib/python3.12/site-packages/msgs-0.0.0-py3.12.egg-info/SOURCES.txt
[1.567s] -- Installing: /home/alyazahrarr/tubesss/tubes_dagoz/install/msgs/lib/python3.12/site-packages/msgs-0.0.0-py3.12.egg-info/PKG-INFO
[1.567s] -- Installing: /home/alyazahrarr/tubesss/tubes_dagoz/install/msgs/lib/python3.12/site-packages/msgs-0.0.0-py3.12.egg-info/top_level.txt
[1.568s] -- Up-to-date: /home/alyazahrarr/tubesss/tubes_dagoz/install/msgs/lib/python3.12/site-packages/msgs
[1.568s] -- Up-to-date: /home/alyazahrarr/tubesss/tubes_dagoz/install/msgs/lib/python3.12/site-packages/msgs/msgs_s__rosidl_typesupport_c.so
[1.568s] -- Up-to-date: /home/alyazahrarr/tubesss/tubes_dagoz/install/msgs/lib/python3.12/site-packages/msgs/_msgs_s.ep.rosidl_typesupport_introspection_c.c
[1.569s] -- Up-to-date: /home/alyazahrarr/tubesss/tubes_dagoz/install/msgs/lib/python3.12/site-packages/msgs/_msgs_s.ep.rosidl_typesupport_fastrtps_c.c
[1.569s] -- Up-to-date: /home/alyazahrarr/tubesss/tubes_dagoz/install/msgs/lib/python3.12/site-packages/msgs/__init__.py
[1.569s] -- Up-to-date: /home/alyazahrarr/tubesss/tubes_dagoz/install/msgs/lib/python3.12/site-packages/msgs/_msgs_s.ep.rosidl_typesupport_c.c
[1.570s] -- Up-to-date: /home/alyazahrarr/tubesss/tubes_dagoz/install/msgs/lib/python3.12/site-packages/msgs/msgs_s__rosidl_typesupport_fastrtps_c.so
[1.570s] -- Up-to-date: /home/alyazahrarr/tubesss/tubes_dagoz/install/msgs/lib/python3.12/site-packages/msgs/msgs_s__rosidl_typesupport_introspection_c.so
[1.570s] -- Up-to-date: /home/alyazahrarr/tubesss/tubes_dagoz/install/msgs/lib/python3.12/site-packages/msgs/msg
[1.570s] -- Up-to-date: /home/alyazahrarr/tubesss/tubes_dagoz/install/msgs/lib/python3.12/site-packages/msgs/msg/__init__.py
[1.571s] -- Up-to-date: /home/alyazahrarr/tubesss/tubes_dagoz/install/msgs/lib/python3.12/site-packages/msgs/msg/_hardware_command.py
[1.571s] -- Up-to-date: /home/alyazahrarr/tubesss/tubes_dagoz/install/msgs/lib/python3.12/site-packages/msgs/msg/_hardware_command_s.c
[1.630s] Listing '/home/alyazahrarr/tubesss/tubes_dagoz/install/msgs/lib/python3.12/site-packages/msgs'...
[1.631s] Listing '/home/alyazahrarr/tubesss/tubes_dagoz/install/msgs/lib/python3.12/site-packages/msgs/msg'...
[1.644s] -- Up-to-date: /home/alyazahrarr/tubesss/tubes_dagoz/install/msgs/lib/python3.12/site-packages/msgs/msgs_s__rosidl_typesupport_fastrtps_c.so
[1.645s] -- Up-to-date: /home/alyazahrarr/tubesss/tubes_dagoz/install/msgs/lib/python3.12/site-packages/msgs/msgs_s__rosidl_typesupport_introspection_c.so
[1.646s] -- Up-to-date: /home/alyazahrarr/tubesss/tubes_dagoz/install/msgs/lib/python3.12/site-packages/msgs/msgs_s__rosidl_typesupport_c.so
[1.647s] -- Up-to-date: /home/alyazahrarr/tubesss/tubes_dagoz/install/msgs/lib/libmsgs__rosidl_generator_py.so
[1.647s] -- Up-to-date: /home/alyazahrarr/tubesss/tubes_dagoz/install/msgs/share/msgs/msg/HardwareCommand.idl
[1.648s] -- Up-to-date: /home/alyazahrarr/tubesss/tubes_dagoz/install/msgs/share/msgs/msg/HardwareCommand.msg
[1.648s] -- Up-to-date: /home/alyazahrarr/tubesss/tubes_dagoz/install/msgs/share/ament_index/resource_index/package_run_dependencies/msgs
[1.648s] -- Up-to-date: /home/alyazahrarr/tubesss/tubes_dagoz/install/msgs/share/ament_index/resource_index/parent_prefix_path/msgs
[1.649s] -- Up-to-date: /home/alyazahrarr/tubesss/tubes_dagoz/install/msgs/share/msgs/environment/ament_prefix_path.sh
[1.649s] -- Up-to-date: /home/alyazahrarr/tubesss/tubes_dagoz/install/msgs/share/msgs/environment/ament_prefix_path.dsv
[1.649s] -- Up-to-date: /home/alyazahrarr/tubesss/tubes_dagoz/install/msgs/share/msgs/environment/path.sh
[1.650s] -- Up-to-date: /home/alyazahrarr/tubesss/tubes_dagoz/install/msgs/share/msgs/environment/path.dsv
[1.650s] -- Up-to-date: /home/alyazahrarr/tubesss/tubes_dagoz/install/msgs/share/msgs/local_setup.bash
[1.650s] -- Up-to-date: /home/alyazahrarr/tubesss/tubes_dagoz/install/msgs/share/msgs/local_setup.sh
[1.651s] -- Up-to-date: /home/alyazahrarr/tubesss/tubes_dagoz/install/msgs/share/msgs/local_setup.zsh
[1.651s] -- Up-to-date: /home/alyazahrarr/tubesss/tubes_dagoz/install/msgs/share/msgs/local_setup.dsv
[1.651s] -- Installing: /home/alyazahrarr/tubesss/tubes_dagoz/install/msgs/share/msgs/package.dsv
[1.652s] -- Up-to-date: /home/alyazahrarr/tubesss/tubes_dagoz/install/msgs/share/ament_index/resource_index/packages/msgs
[1.652s] -- Up-to-date: /home/alyazahrarr/tubesss/tubes_dagoz/install/msgs/share/msgs/cmake/export_msgs__rosidl_generator_cExport.cmake
[1.652s] -- Up-to-date: /home/alyazahrarr/tubesss/tubes_dagoz/install/msgs/share/msgs/cmake/export_msgs__rosidl_generator_cExport-noconfig.cmake
[1.652s] -- Up-to-date: /home/alyazahrarr/tubesss/tubes_dagoz/install/msgs/share/msgs/cmake/export_msgs__rosidl_typesupport_fastrtps_cExport.cmake
[1.653s] -- Up-to-date: /home/alyazahrarr/tubesss/tubes_dagoz/install/msgs/share/msgs/cmake/export_msgs__rosidl_typesupport_fastrtps_cExport-noconfig.cmake
[1.653s] -- Up-to-date: /home/alyazahrarr/tubesss/tubes_dagoz/install/msgs/share/msgs/cmake/export_msgs__rosidl_generator_cppExport.cmake
[1.653s] -- Up-to-date: /home/alyazahrarr/tubesss/tubes_dagoz/install/msgs/share/msgs/cmake/export_msgs__rosidl_typesupport_fastrtps_cppExport.cmake
[1.654s] -- Up-to-date: /home/alyazahrarr/tubesss/tubes_dagoz/install/msgs/share/msgs/cmake/export_msgs__rosidl_typesupport_fastrtps_cppExport-noconfig.cmake
[1.654s] -- Up-to-date: /home/alyazahrarr/tubesss/tubes_dagoz/install/msgs/share/msgs/cmake/msgs__rosidl_typesupport_introspection_cExport.cmake
[1.654s] -- Up-to-date: /home/alyazahrarr/tubesss/tubes_dagoz/install/msgs/share/msgs/cmake/msgs__rosidl_typesupport_introspection_cExport-noconfig.cmake
[1.655s] -- Up-to-date: /home/alyazahrarr/tubesss/tubes_dagoz/install/msgs/share/msgs/cmake/msgs__rosidl_typesupport_cExport.cmake
[1.655s] -- Up-to-date: /home/alyazahrarr/tubesss/tubes_dagoz/install/msgs/share/msgs/cmake/msgs__rosidl_typesupport_cExport-noconfig.cmake
[1.655s] -- Up-to-date: /home/alyazahrarr/tubesss/tubes_dagoz/install/msgs/share/msgs/cmake/msgs__rosidl_typesupport_introspection_cppExport.cmake
[1.655s] -- Up-to-date: /home/alyazahrarr/tubesss/tubes_dagoz/install/msgs/share/msgs/cmake/msgs__rosidl_typesupport_introspection_cppExport-noconfig.cmake
[1.655s] -- Up-to-date: /home/alyazahrarr/tubesss/tubes_dagoz/install/msgs/share/msgs/cmake/msgs__rosidl_typesupport_cppExport.cmake
[1.656s] -- Up-to-date: /home/alyazahrarr/tubesss/tubes_dagoz/install/msgs/share/msgs/cmake/msgs__rosidl_typesupport_cppExport-noconfig.cmake
[1.656s] -- Up-to-date: /home/alyazahrarr/tubesss/tubes_dagoz/install/msgs/share/msgs/cmake/export_msgs__rosidl_generator_pyExport.cmake
[1.656s] -- Up-to-date: /home/alyazahrarr/tubesss/tubes_dagoz/install/msgs/share/msgs/cmake/export_msgs__rosidl_generator_pyExport-noconfig.cmake
[1.657s] -- Up-to-date: /home/alyazahrarr/tubesss/tubes_dagoz/install/msgs/share/msgs/cmake/rosidl_cmake-extras.cmake
[1.657s] -- Up-to-date: /home/alyazahrarr/tubesss/tubes_dagoz/install/msgs/share/msgs/cmake/ament_cmake_export_include_directories-extras.cmake
[1.657s] -- Up-to-date: /home/alyazahrarr/tubesss/tubes_dagoz/install/msgs/share/msgs/cmake/ament_cmake_export_libraries-extras.cmake
[1.658s] -- Up-to-date: /home/alyazahrarr/tubesss/tubes_dagoz/install/msgs/share/msgs/cmake/ament_cmake_export_targets-extras.cmake
[1.658s] -- Up-to-date: /home/alyazahrarr/tubesss/tubes_dagoz/install/msgs/share/msgs/cmake/rosidl_cmake_export_typesupport_targets-extras.cmake
[1.658s] -- Up-to-date: /home/alyazahrarr/tubesss/tubes_dagoz/install/msgs/share/msgs/cmake/ament_cmake_export_dependencies-extras.cmake
[1.659s] -- Up-to-date: /home/alyazahrarr/tubesss/tubes_dagoz/install/msgs/share/msgs/cmake/rosidl_cmake_export_typesupport_libraries-extras.cmake
[1.659s] -- Up-to-date: /home/alyazahrarr/tubesss/tubes_dagoz/install/msgs/share/msgs/cmake/msgsConfig.cmake
[1.660s] -- Up-to-date: /home/alyazahrarr/tubesss/tubes_dagoz/install/msgs/share/msgs/cmake/msgsConfig-version.cmake
[1.661s] -- Up-to-date: /home/alyazahrarr/tubesss/tubes_dagoz/install/msgs/share/msgs/package.xml
[1.681s] Invoked command in '/home/alyazahrarr/tubesss/tubes_dagoz/build/msgs' returned '0': CMAKE_PREFIX_PATH=${CMAKE_PREFIX_PATH}:/home/alyazahrarr/ros2_ws/install/launch_testing_examples:/home/alyazahrarr/ros2_ws/install/examples_rclpy_pointcloud_publisher:/home/alyazahrarr/ros2_ws/install/examples_rclpy_minimal_subscriber:/home/alyazahrarr/ros2_ws/install/examples_rclpy_minimal_service:/home/alyazahrarr/ros2_ws/install/examples_rclpy_minimal_publisher:/home/alyazahrarr/ros2_ws/install/examples_rclpy_minimal_client:/home/alyazahrarr/ros2_ws/install/examples_rclpy_minimal_action_server:/home/alyazahrarr/ros2_ws/install/examples_rclpy_minimal_action_client:/home/alyazahrarr/ros2_ws/install/examples_rclpy_guard_conditions:/home/alyazahrarr/ros2_ws/install/examples_rclpy_executors:/opt/ros/jazzy DEBUGINFOD_URLS=https://debuginfod.ubuntu.com /usr/bin/cmake --install /home/alyazahrarr/tubesss/tubes_dagoz/build/msgs
