[0.559s] DEBUG:colcon:Command line arguments: ['/usr/bin/colcon', 'build']
[0.560s] DEBUG:colcon:Parsed command line arguments: Namespace(log_base=None, log_level=None, verb_name='build', build_base='build', install_base='install', merge_install=False, symlink_install=False, test_result_base=None, continue_on_error=False, executor='parallel', parallel_workers=8, event_handlers=None, ignore_user_meta=False, metas=['./colcon.meta'], base_paths=['.'], packages_ignore=None, packages_ignore_regex=None, paths=None, packages_up_to=None, packages_up_to_regex=None, packages_above=None, packages_above_and_dependencies=None, packages_above_depth=None, packages_select_by_dep=None, packages_skip_by_dep=None, packages_skip_up_to=None, packages_select_build_failed=False, packages_skip_build_finished=False, packages_select_test_failures=False, packages_skip_test_passed=False, packages_select=None, packages_skip=None, packages_select_regex=None, packages_skip_regex=None, packages_start=None, packages_end=None, allow_overriding=[], cmake_args=None, cmake_target=None, cmake_target_skip_unavailable=False, cmake_clean_cache=False, cmake_clean_first=False, cmake_force_configure=False, ament_cmake_args=None, catkin_cmake_args=None, catkin_skip_building_tests=False, mixin_files=None, mixin=None, verb_parser=<colcon_mixin.mixin.mixin_argument.MixinArgumentDecorator object at 0x7e63e6ab40e0>, verb_extension=<colcon_core.verb.build.BuildVerb object at 0x7e63e6a87ef0>, main=<bound method BuildVerb.main of <colcon_core.verb.build.BuildVerb object at 0x7e63e6a87ef0>>, mixin_verb=('build',))
[0.737s] Level 1:colcon.colcon_core.package_discovery:discover_packages(colcon_meta) check parameters
[0.738s] Level 1:colcon.colcon_core.package_discovery:discover_packages(recursive) check parameters
[0.738s] Level 1:colcon.colcon_core.package_discovery:discover_packages(ignore) check parameters
[0.738s] Level 1:colcon.colcon_core.package_discovery:discover_packages(path) check parameters
[0.739s] Level 1:colcon.colcon_core.package_discovery:discover_packages(colcon_meta) discover
[0.739s] Level 1:colcon.colcon_core.package_discovery:discover_packages(recursive) discover
[0.740s] INFO:colcon.colcon_core.package_discovery:Crawling recursively for packages in '/home/alyazahrarr/tubes_dagoz'
[0.740s] Level 1:colcon.colcon_core.package_identification:_identify(.) by extensions ['ignore', 'ignore_ament_install']
[0.741s] Level 1:colcon.colcon_core.package_identification:_identify(.) by extension 'ignore'
[0.741s] Level 1:colcon.colcon_core.package_identification:_identify(.) by extension 'ignore_ament_install'
[0.742s] Level 1:colcon.colcon_core.package_identification:_identify(.) by extensions ['colcon_pkg']
[0.742s] Level 1:colcon.colcon_core.package_identification:_identify(.) by extension 'colcon_pkg'
[0.742s] Level 1:colcon.colcon_core.package_identification:_identify(.) by extensions ['colcon_meta']
[0.743s] Level 1:colcon.colcon_core.package_identification:_identify(.) by extension 'colcon_meta'
[0.743s] Level 1:colcon.colcon_core.package_identification:_identify(.) by extensions ['ros']
[0.743s] Level 1:colcon.colcon_core.package_identification:_identify(.) by extension 'ros'
[0.931s] Level 1:colcon.colcon_core.package_identification:_identify(.) by extensions ['cmake', 'python']
[0.932s] Level 1:colcon.colcon_core.package_identification:_identify(.) by extension 'cmake'
[0.932s] Level 1:colcon.colcon_core.package_identification:_identify(.) by extension 'python'
[0.932s] Level 1:colcon.colcon_core.package_identification:_identify(.) by extensions ['python_setup_py']
[0.932s] Level 1:colcon.colcon_core.package_identification:_identify(.) by extension 'python_setup_py'
[0.933s] Level 1:colcon.colcon_core.package_identification:_identify(build) by extensions ['ignore', 'ignore_ament_install']
[0.933s] Level 1:colcon.colcon_core.package_identification:_identify(build) by extension 'ignore'
[0.934s] Level 1:colcon.colcon_core.package_identification:_identify(build) ignored
[0.934s] Level 1:colcon.colcon_core.package_identification:_identify(install) by extensions ['ignore', 'ignore_ament_install']
[0.935s] Level 1:colcon.colcon_core.package_identification:_identify(install) by extension 'ignore'
[0.935s] Level 1:colcon.colcon_core.package_identification:_identify(install) ignored
[0.935s] Level 1:colcon.colcon_core.package_identification:_identify(log) by extensions ['ignore', 'ignore_ament_install']
[0.936s] Level 1:colcon.colcon_core.package_identification:_identify(log) by extension 'ignore'
[0.936s] Level 1:colcon.colcon_core.package_identification:_identify(log) ignored
[0.936s] Level 1:colcon.colcon_core.package_identification:_identify(src) by extensions ['ignore', 'ignore_ament_install']
[0.937s] Level 1:colcon.colcon_core.package_identification:_identify(src) by extension 'ignore'
[0.937s] Level 1:colcon.colcon_core.package_identification:_identify(src) by extension 'ignore_ament_install'
[0.938s] Level 1:colcon.colcon_core.package_identification:_identify(src) by extensions ['colcon_pkg']
[0.938s] Level 1:colcon.colcon_core.package_identification:_identify(src) by extension 'colcon_pkg'
[0.938s] Level 1:colcon.colcon_core.package_identification:_identify(src) by extensions ['colcon_meta']
[0.938s] Level 1:colcon.colcon_core.package_identification:_identify(src) by extension 'colcon_meta'
[0.938s] Level 1:colcon.colcon_core.package_identification:_identify(src) by extensions ['ros']
[0.938s] Level 1:colcon.colcon_core.package_identification:_identify(src) by extension 'ros'
[0.939s] Level 1:colcon.colcon_core.package_identification:_identify(src) by extensions ['cmake', 'python']
[0.939s] Level 1:colcon.colcon_core.package_identification:_identify(src) by extension 'cmake'
[0.939s] Level 1:colcon.colcon_core.package_identification:_identify(src) by extension 'python'
[0.939s] Level 1:colcon.colcon_core.package_identification:_identify(src) by extensions ['python_setup_py']
[0.940s] Level 1:colcon.colcon_core.package_identification:_identify(src) by extension 'python_setup_py'
[0.940s] Level 1:colcon.colcon_core.package_identification:_identify(src/can_msgs) by extensions ['ignore', 'ignore_ament_install']
[0.941s] Level 1:colcon.colcon_core.package_identification:_identify(src/can_msgs) by extension 'ignore'
[0.941s] Level 1:colcon.colcon_core.package_identification:_identify(src/can_msgs) by extension 'ignore_ament_install'
[0.942s] Level 1:colcon.colcon_core.package_identification:_identify(src/can_msgs) by extensions ['colcon_pkg']
[0.942s] Level 1:colcon.colcon_core.package_identification:_identify(src/can_msgs) by extension 'colcon_pkg'
[0.942s] Level 1:colcon.colcon_core.package_identification:_identify(src/can_msgs) by extensions ['colcon_meta']
[0.942s] Level 1:colcon.colcon_core.package_identification:_identify(src/can_msgs) by extension 'colcon_meta'
[0.943s] Level 1:colcon.colcon_core.package_identification:_identify(src/can_msgs) by extensions ['ros']
[0.943s] Level 1:colcon.colcon_core.package_identification:_identify(src/can_msgs) by extension 'ros'
[0.955s] DEBUG:colcon.colcon_core.package_identification:Package 'src/can_msgs' with type 'ros.ament_cmake' and name 'can_msgs'
[0.956s] Level 1:colcon.colcon_core.package_identification:_identify(src/control) by extensions ['ignore', 'ignore_ament_install']
[0.956s] Level 1:colcon.colcon_core.package_identification:_identify(src/control) by extension 'ignore'
[0.957s] Level 1:colcon.colcon_core.package_identification:_identify(src/control) by extension 'ignore_ament_install'
[0.957s] Level 1:colcon.colcon_core.package_identification:_identify(src/control) by extensions ['colcon_pkg']
[0.957s] Level 1:colcon.colcon_core.package_identification:_identify(src/control) by extension 'colcon_pkg'
[0.958s] Level 1:colcon.colcon_core.package_identification:_identify(src/control) by extensions ['colcon_meta']
[0.958s] Level 1:colcon.colcon_core.package_identification:_identify(src/control) by extension 'colcon_meta'
[0.958s] Level 1:colcon.colcon_core.package_identification:_identify(src/control) by extensions ['ros']
[0.958s] Level 1:colcon.colcon_core.package_identification:_identify(src/control) by extension 'ros'
[0.961s] DEBUG:colcon.colcon_core.package_identification:Package 'src/control' with type 'ros.ament_cmake' and name 'control'
[0.962s] Level 1:colcon.colcon_core.package_identification:_identify(src/ros2_socketcan) by extensions ['ignore', 'ignore_ament_install']
[0.962s] Level 1:colcon.colcon_core.package_identification:_identify(src/ros2_socketcan) by extension 'ignore'
[0.962s] Level 1:colcon.colcon_core.package_identification:_identify(src/ros2_socketcan) by extension 'ignore_ament_install'
[0.963s] Level 1:colcon.colcon_core.package_identification:_identify(src/ros2_socketcan) by extensions ['colcon_pkg']
[0.963s] Level 1:colcon.colcon_core.package_identification:_identify(src/ros2_socketcan) by extension 'colcon_pkg'
[0.963s] Level 1:colcon.colcon_core.package_identification:_identify(src/ros2_socketcan) by extensions ['colcon_meta']
[0.963s] Level 1:colcon.colcon_core.package_identification:_identify(src/ros2_socketcan) by extension 'colcon_meta'
[0.963s] Level 1:colcon.colcon_core.package_identification:_identify(src/ros2_socketcan) by extensions ['ros']
[0.964s] Level 1:colcon.colcon_core.package_identification:_identify(src/ros2_socketcan) by extension 'ros'
[0.964s] Level 1:colcon.colcon_core.package_identification:_identify(src/ros2_socketcan) by extensions ['cmake', 'python']
[0.964s] Level 1:colcon.colcon_core.package_identification:_identify(src/ros2_socketcan) by extension 'cmake'
[0.964s] Level 1:colcon.colcon_core.package_identification:_identify(src/ros2_socketcan) by extension 'python'
[0.965s] Level 1:colcon.colcon_core.package_identification:_identify(src/ros2_socketcan) by extensions ['python_setup_py']
[0.965s] Level 1:colcon.colcon_core.package_identification:_identify(src/ros2_socketcan) by extension 'python_setup_py'
[0.965s] Level 1:colcon.colcon_core.package_identification:_identify(src/ros2_socketcan/ros2_socketcan) by extensions ['ignore', 'ignore_ament_install']
[0.966s] Level 1:colcon.colcon_core.package_identification:_identify(src/ros2_socketcan/ros2_socketcan) by extension 'ignore'
[0.966s] Level 1:colcon.colcon_core.package_identification:_identify(src/ros2_socketcan/ros2_socketcan) by extension 'ignore_ament_install'
[0.966s] Level 1:colcon.colcon_core.package_identification:_identify(src/ros2_socketcan/ros2_socketcan) by extensions ['colcon_pkg']
[0.967s] Level 1:colcon.colcon_core.package_identification:_identify(src/ros2_socketcan/ros2_socketcan) by extension 'colcon_pkg'
[0.967s] Level 1:colcon.colcon_core.package_identification:_identify(src/ros2_socketcan/ros2_socketcan) by extensions ['colcon_meta']
[0.967s] Level 1:colcon.colcon_core.package_identification:_identify(src/ros2_socketcan/ros2_socketcan) by extension 'colcon_meta'
[0.967s] Level 1:colcon.colcon_core.package_identification:_identify(src/ros2_socketcan/ros2_socketcan) by extensions ['ros']
[0.967s] Level 1:colcon.colcon_core.package_identification:_identify(src/ros2_socketcan/ros2_socketcan) by extension 'ros'
[0.971s] DEBUG:colcon.colcon_core.package_identification:Package 'src/ros2_socketcan/ros2_socketcan' with type 'ros.ament_cmake' and name 'ros2_socketcan'
[0.971s] Level 1:colcon.colcon_core.package_identification:_identify(src/ros2_socketcan/ros2_socketcan_msgs) by extensions ['ignore', 'ignore_ament_install']
[0.972s] Level 1:colcon.colcon_core.package_identification:_identify(src/ros2_socketcan/ros2_socketcan_msgs) by extension 'ignore'
[0.972s] Level 1:colcon.colcon_core.package_identification:_identify(src/ros2_socketcan/ros2_socketcan_msgs) by extension 'ignore_ament_install'
[0.973s] Level 1:colcon.colcon_core.package_identification:_identify(src/ros2_socketcan/ros2_socketcan_msgs) by extensions ['colcon_pkg']
[0.973s] Level 1:colcon.colcon_core.package_identification:_identify(src/ros2_socketcan/ros2_socketcan_msgs) by extension 'colcon_pkg'
[0.973s] Level 1:colcon.colcon_core.package_identification:_identify(src/ros2_socketcan/ros2_socketcan_msgs) by extensions ['colcon_meta']
[0.974s] Level 1:colcon.colcon_core.package_identification:_identify(src/ros2_socketcan/ros2_socketcan_msgs) by extension 'colcon_meta'
[0.974s] Level 1:colcon.colcon_core.package_identification:_identify(src/ros2_socketcan/ros2_socketcan_msgs) by extensions ['ros']
[0.974s] Level 1:colcon.colcon_core.package_identification:_identify(src/ros2_socketcan/ros2_socketcan_msgs) by extension 'ros'
[0.977s] DEBUG:colcon.colcon_core.package_identification:Package 'src/ros2_socketcan/ros2_socketcan_msgs' with type 'ros.ament_cmake' and name 'ros2_socketcan_msgs'
[0.977s] Level 1:colcon.colcon_core.package_discovery:discover_packages(recursive) using defaults
[0.977s] Level 1:colcon.colcon_core.package_discovery:discover_packages(ignore) discover
[0.977s] Level 1:colcon.colcon_core.package_discovery:discover_packages(ignore) using defaults
[0.977s] Level 1:colcon.colcon_core.package_discovery:discover_packages(path) discover
[0.977s] Level 1:colcon.colcon_core.package_discovery:discover_packages(path) using defaults
[1.072s] Level 1:colcon.colcon_core.package_discovery:discover_packages(prefix_path) check parameters
[1.072s] Level 1:colcon.colcon_core.package_discovery:discover_packages(prefix_path) discover
[1.086s] DEBUG:colcon.colcon_installed_package_information.package_discovery:Found 4 installed packages in /home/alyazahrarr/tubes_dagoz/install
[1.091s] DEBUG:colcon.colcon_installed_package_information.package_discovery:Found 23 installed packages in /home/alyazahrarr/ros2_ws/install
[1.100s] DEBUG:colcon.colcon_installed_package_information.package_discovery:Found 307 installed packages in /opt/ros/jazzy
[1.110s] Level 1:colcon.colcon_core.package_discovery:discover_packages(prefix_path) using defaults
[1.352s] Level 5:colcon.colcon_core.verb:set package 'can_msgs' build argument 'cmake_args' from command line to 'None'
[1.353s] Level 5:colcon.colcon_core.verb:set package 'can_msgs' build argument 'cmake_target' from command line to 'None'
[1.353s] Level 5:colcon.colcon_core.verb:set package 'can_msgs' build argument 'cmake_target_skip_unavailable' from command line to 'False'
[1.353s] Level 5:colcon.colcon_core.verb:set package 'can_msgs' build argument 'cmake_clean_cache' from command line to 'False'
[1.353s] Level 5:colcon.colcon_core.verb:set package 'can_msgs' build argument 'cmake_clean_first' from command line to 'False'
[1.353s] Level 5:colcon.colcon_core.verb:set package 'can_msgs' build argument 'cmake_force_configure' from command line to 'False'
[1.353s] Level 5:colcon.colcon_core.verb:set package 'can_msgs' build argument 'ament_cmake_args' from command line to 'None'
[1.353s] Level 5:colcon.colcon_core.verb:set package 'can_msgs' build argument 'catkin_cmake_args' from command line to 'None'
[1.354s] Level 5:colcon.colcon_core.verb:set package 'can_msgs' build argument 'catkin_skip_building_tests' from command line to 'False'
[1.354s] DEBUG:colcon.colcon_core.verb:Building package 'can_msgs' with the following arguments: {'ament_cmake_args': None, 'build_base': '/home/alyazahrarr/tubes_dagoz/build/can_msgs', 'catkin_cmake_args': None, 'catkin_skip_building_tests': False, 'cmake_args': None, 'cmake_clean_cache': False, 'cmake_clean_first': False, 'cmake_force_configure': False, 'cmake_target': None, 'cmake_target_skip_unavailable': False, 'install_base': '/home/alyazahrarr/tubes_dagoz/install/can_msgs', 'merge_install': False, 'path': '/home/alyazahrarr/tubes_dagoz/src/can_msgs', 'symlink_install': False, 'test_result_base': None}
[1.355s] Level 5:colcon.colcon_core.verb:set package 'control' build argument 'cmake_args' from command line to 'None'
[1.355s] Level 5:colcon.colcon_core.verb:set package 'control' build argument 'cmake_target' from command line to 'None'
[1.355s] Level 5:colcon.colcon_core.verb:set package 'control' build argument 'cmake_target_skip_unavailable' from command line to 'False'
[1.356s] Level 5:colcon.colcon_core.verb:set package 'control' build argument 'cmake_clean_cache' from command line to 'False'
[1.356s] Level 5:colcon.colcon_core.verb:set package 'control' build argument 'cmake_clean_first' from command line to 'False'
[1.356s] Level 5:colcon.colcon_core.verb:set package 'control' build argument 'cmake_force_configure' from command line to 'False'
[1.356s] Level 5:colcon.colcon_core.verb:set package 'control' build argument 'ament_cmake_args' from command line to 'None'
[1.356s] Level 5:colcon.colcon_core.verb:set package 'control' build argument 'catkin_cmake_args' from command line to 'None'
[1.356s] Level 5:colcon.colcon_core.verb:set package 'control' build argument 'catkin_skip_building_tests' from command line to 'False'
[1.357s] DEBUG:colcon.colcon_core.verb:Building package 'control' with the following arguments: {'ament_cmake_args': None, 'build_base': '/home/alyazahrarr/tubes_dagoz/build/control', 'catkin_cmake_args': None, 'catkin_skip_building_tests': False, 'cmake_args': None, 'cmake_clean_cache': False, 'cmake_clean_first': False, 'cmake_force_configure': False, 'cmake_target': None, 'cmake_target_skip_unavailable': False, 'install_base': '/home/alyazahrarr/tubes_dagoz/install/control', 'merge_install': False, 'path': '/home/alyazahrarr/tubes_dagoz/src/control', 'symlink_install': False, 'test_result_base': None}
[1.358s] Level 5:colcon.colcon_core.verb:set package 'ros2_socketcan_msgs' build argument 'cmake_args' from command line to 'None'
[1.358s] Level 5:colcon.colcon_core.verb:set package 'ros2_socketcan_msgs' build argument 'cmake_target' from command line to 'None'
[1.358s] Level 5:colcon.colcon_core.verb:set package 'ros2_socketcan_msgs' build argument 'cmake_target_skip_unavailable' from command line to 'False'
[1.358s] Level 5:colcon.colcon_core.verb:set package 'ros2_socketcan_msgs' build argument 'cmake_clean_cache' from command line to 'False'
[1.359s] Level 5:colcon.colcon_core.verb:set package 'ros2_socketcan_msgs' build argument 'cmake_clean_first' from command line to 'False'
[1.359s] Level 5:colcon.colcon_core.verb:set package 'ros2_socketcan_msgs' build argument 'cmake_force_configure' from command line to 'False'
[1.359s] Level 5:colcon.colcon_core.verb:set package 'ros2_socketcan_msgs' build argument 'ament_cmake_args' from command line to 'None'
[1.359s] Level 5:colcon.colcon_core.verb:set package 'ros2_socketcan_msgs' build argument 'catkin_cmake_args' from command line to 'None'
[1.359s] Level 5:colcon.colcon_core.verb:set package 'ros2_socketcan_msgs' build argument 'catkin_skip_building_tests' from command line to 'False'
[1.359s] DEBUG:colcon.colcon_core.verb:Building package 'ros2_socketcan_msgs' with the following arguments: {'ament_cmake_args': None, 'build_base': '/home/alyazahrarr/tubes_dagoz/build/ros2_socketcan_msgs', 'catkin_cmake_args': None, 'catkin_skip_building_tests': False, 'cmake_args': None, 'cmake_clean_cache': False, 'cmake_clean_first': False, 'cmake_force_configure': False, 'cmake_target': None, 'cmake_target_skip_unavailable': False, 'install_base': '/home/alyazahrarr/tubes_dagoz/install/ros2_socketcan_msgs', 'merge_install': False, 'path': '/home/alyazahrarr/tubes_dagoz/src/ros2_socketcan/ros2_socketcan_msgs', 'symlink_install': False, 'test_result_base': None}
[1.360s] Level 5:colcon.colcon_core.verb:set package 'ros2_socketcan' build argument 'cmake_args' from command line to 'None'
[1.360s] Level 5:colcon.colcon_core.verb:set package 'ros2_socketcan' build argument 'cmake_target' from command line to 'None'
[1.361s] Level 5:colcon.colcon_core.verb:set package 'ros2_socketcan' build argument 'cmake_target_skip_unavailable' from command line to 'False'
[1.361s] Level 5:colcon.colcon_core.verb:set package 'ros2_socketcan' build argument 'cmake_clean_cache' from command line to 'False'
[1.361s] Level 5:colcon.colcon_core.verb:set package 'ros2_socketcan' build argument 'cmake_clean_first' from command line to 'False'
[1.361s] Level 5:colcon.colcon_core.verb:set package 'ros2_socketcan' build argument 'cmake_force_configure' from command line to 'False'
[1.361s] Level 5:colcon.colcon_core.verb:set package 'ros2_socketcan' build argument 'ament_cmake_args' from command line to 'None'
[1.361s] Level 5:colcon.colcon_core.verb:set package 'ros2_socketcan' build argument 'catkin_cmake_args' from command line to 'None'
[1.361s] Level 5:colcon.colcon_core.verb:set package 'ros2_socketcan' build argument 'catkin_skip_building_tests' from command line to 'False'
[1.361s] DEBUG:colcon.colcon_core.verb:Building package 'ros2_socketcan' with the following arguments: {'ament_cmake_args': None, 'build_base': '/home/alyazahrarr/tubes_dagoz/build/ros2_socketcan', 'catkin_cmake_args': None, 'catkin_skip_building_tests': False, 'cmake_args': None, 'cmake_clean_cache': False, 'cmake_clean_first': False, 'cmake_force_configure': False, 'cmake_target': None, 'cmake_target_skip_unavailable': False, 'install_base': '/home/alyazahrarr/tubes_dagoz/install/ros2_socketcan', 'merge_install': False, 'path': '/home/alyazahrarr/tubes_dagoz/src/ros2_socketcan/ros2_socketcan', 'symlink_install': False, 'test_result_base': None}
[1.362s] INFO:colcon.colcon_core.executor:Executing jobs using 'parallel' executor
[1.366s] DEBUG:colcon.colcon_parallel_executor.executor.parallel:run_until_complete
[1.367s] INFO:colcon.colcon_ros.task.ament_cmake.build:Building ROS package in '/home/alyazahrarr/tubes_dagoz/src/can_msgs' with build type 'ament_cmake'
[1.368s] INFO:colcon.colcon_cmake.task.cmake.build:Building CMake package in '/home/alyazahrarr/tubes_dagoz/src/can_msgs'
[1.380s] INFO:colcon.colcon_core.plugin_system:Skipping extension 'colcon_core.shell.bat': Not used on non-Windows systems
[1.381s] INFO:colcon.colcon_core.shell:Skip shell extension 'powershell' for command environment: Not usable outside of PowerShell
[1.381s] DEBUG:colcon.colcon_core.shell:Skip shell extension 'dsv' for command environment
[1.408s] INFO:colcon.colcon_ros.task.ament_cmake.build:Building ROS package in '/home/alyazahrarr/tubes_dagoz/src/ros2_socketcan/ros2_socketcan_msgs' with build type 'ament_cmake'
[1.408s] INFO:colcon.colcon_cmake.task.cmake.build:Building CMake package in '/home/alyazahrarr/tubes_dagoz/src/ros2_socketcan/ros2_socketcan_msgs'
[1.409s] INFO:colcon.colcon_core.shell:Skip shell extension 'powershell' for command environment: Not usable outside of PowerShell
[1.409s] DEBUG:colcon.colcon_core.shell:Skip shell extension 'dsv' for command environment
[1.443s] INFO:colcon.colcon_ros.task.ament_cmake.build:Building ROS package in '/home/alyazahrarr/tubes_dagoz/src/control' with build type 'ament_cmake'
[1.443s] INFO:colcon.colcon_cmake.task.cmake.build:Building CMake package in '/home/alyazahrarr/tubes_dagoz/src/control'
[1.444s] INFO:colcon.colcon_core.shell:Skip shell extension 'powershell' for command environment: Not usable outside of PowerShell
[1.445s] DEBUG:colcon.colcon_core.shell:Skip shell extension 'dsv' for command environment
[1.496s] DEBUG:colcon.colcon_core.event_handler.log_command:Invoking command in '/home/alyazahrarr/tubes_dagoz/build/can_msgs': CMAKE_PREFIX_PATH=${CMAKE_PREFIX_PATH}:/home/alyazahrarr/ros2_ws/install/launch_testing_examples:/home/alyazahrarr/ros2_ws/install/examples_rclpy_pointcloud_publisher:/home/alyazahrarr/ros2_ws/install/examples_rclpy_minimal_subscriber:/home/alyazahrarr/ros2_ws/install/examples_rclpy_minimal_service:/home/alyazahrarr/ros2_ws/install/examples_rclpy_minimal_publisher:/home/alyazahrarr/ros2_ws/install/examples_rclpy_minimal_client:/home/alyazahrarr/ros2_ws/install/examples_rclpy_minimal_action_server:/home/alyazahrarr/ros2_ws/install/examples_rclpy_minimal_action_client:/home/alyazahrarr/ros2_ws/install/examples_rclpy_guard_conditions:/home/alyazahrarr/ros2_ws/install/examples_rclpy_executors:/opt/ros/jazzy DEBUGINFOD_URLS=https://debuginfod.ubuntu.com /usr/bin/cmake --build /home/alyazahrarr/tubes_dagoz/build/can_msgs -- -j8 -l8
[1.521s] DEBUG:colcon.colcon_core.event_handler.log_command:Invoking command in '/home/alyazahrarr/tubes_dagoz/build/ros2_socketcan_msgs': CMAKE_PREFIX_PATH=${CMAKE_PREFIX_PATH}:/home/alyazahrarr/ros2_ws/install/launch_testing_examples:/home/alyazahrarr/ros2_ws/install/examples_rclpy_pointcloud_publisher:/home/alyazahrarr/ros2_ws/install/examples_rclpy_minimal_subscriber:/home/alyazahrarr/ros2_ws/install/examples_rclpy_minimal_service:/home/alyazahrarr/ros2_ws/install/examples_rclpy_minimal_publisher:/home/alyazahrarr/ros2_ws/install/examples_rclpy_minimal_client:/home/alyazahrarr/ros2_ws/install/examples_rclpy_minimal_action_server:/home/alyazahrarr/ros2_ws/install/examples_rclpy_minimal_action_client:/home/alyazahrarr/ros2_ws/install/examples_rclpy_guard_conditions:/home/alyazahrarr/ros2_ws/install/examples_rclpy_executors:/opt/ros/jazzy DEBUGINFOD_URLS=https://debuginfod.ubuntu.com /usr/bin/cmake --build /home/alyazahrarr/tubes_dagoz/build/ros2_socketcan_msgs -- -j8 -l8
[1.538s] DEBUG:colcon.colcon_core.event_handler.log_command:Invoking command in '/home/alyazahrarr/tubes_dagoz/build/control': CMAKE_PREFIX_PATH=${CMAKE_PREFIX_PATH}:/home/alyazahrarr/ros2_ws/install/launch_testing_examples:/home/alyazahrarr/ros2_ws/install/examples_rclpy_pointcloud_publisher:/home/alyazahrarr/ros2_ws/install/examples_rclpy_minimal_subscriber:/home/alyazahrarr/ros2_ws/install/examples_rclpy_minimal_service:/home/alyazahrarr/ros2_ws/install/examples_rclpy_minimal_publisher:/home/alyazahrarr/ros2_ws/install/examples_rclpy_minimal_client:/home/alyazahrarr/ros2_ws/install/examples_rclpy_minimal_action_server:/home/alyazahrarr/ros2_ws/install/examples_rclpy_minimal_action_client:/home/alyazahrarr/ros2_ws/install/examples_rclpy_guard_conditions:/home/alyazahrarr/ros2_ws/install/examples_rclpy_executors:/opt/ros/jazzy DEBUGINFOD_URLS=https://debuginfod.ubuntu.com /usr/bin/cmake --build /home/alyazahrarr/tubes_dagoz/build/control -- -j8 -l8
[4.531s] DEBUG:colcon.colcon_core.event_handler.log_command:Invoked command in '/home/alyazahrarr/tubes_dagoz/build/ros2_socketcan_msgs' returned '0': CMAKE_PREFIX_PATH=${CMAKE_PREFIX_PATH}:/home/alyazahrarr/ros2_ws/install/launch_testing_examples:/home/alyazahrarr/ros2_ws/install/examples_rclpy_pointcloud_publisher:/home/alyazahrarr/ros2_ws/install/examples_rclpy_minimal_subscriber:/home/alyazahrarr/ros2_ws/install/examples_rclpy_minimal_service:/home/alyazahrarr/ros2_ws/install/examples_rclpy_minimal_publisher:/home/alyazahrarr/ros2_ws/install/examples_rclpy_minimal_client:/home/alyazahrarr/ros2_ws/install/examples_rclpy_minimal_action_server:/home/alyazahrarr/ros2_ws/install/examples_rclpy_minimal_action_client:/home/alyazahrarr/ros2_ws/install/examples_rclpy_guard_conditions:/home/alyazahrarr/ros2_ws/install/examples_rclpy_executors:/opt/ros/jazzy DEBUGINFOD_URLS=https://debuginfod.ubuntu.com /usr/bin/cmake --build /home/alyazahrarr/tubes_dagoz/build/ros2_socketcan_msgs -- -j8 -l8
[4.592s] DEBUG:colcon.colcon_core.event_handler.log_command:Invoked command in '/home/alyazahrarr/tubes_dagoz/build/can_msgs' returned '0': CMAKE_PREFIX_PATH=${CMAKE_PREFIX_PATH}:/home/alyazahrarr/ros2_ws/install/launch_testing_examples:/home/alyazahrarr/ros2_ws/install/examples_rclpy_pointcloud_publisher:/home/alyazahrarr/ros2_ws/install/examples_rclpy_minimal_subscriber:/home/alyazahrarr/ros2_ws/install/examples_rclpy_minimal_service:/home/alyazahrarr/ros2_ws/install/examples_rclpy_minimal_publisher:/home/alyazahrarr/ros2_ws/install/examples_rclpy_minimal_client:/home/alyazahrarr/ros2_ws/install/examples_rclpy_minimal_action_server:/home/alyazahrarr/ros2_ws/install/examples_rclpy_minimal_action_client:/home/alyazahrarr/ros2_ws/install/examples_rclpy_guard_conditions:/home/alyazahrarr/ros2_ws/install/examples_rclpy_executors:/opt/ros/jazzy DEBUGINFOD_URLS=https://debuginfod.ubuntu.com /usr/bin/cmake --build /home/alyazahrarr/tubes_dagoz/build/can_msgs -- -j8 -l8
[4.875s] DEBUG:colcon.colcon_core.event_handler.log_command:Invoking command in '/home/alyazahrarr/tubes_dagoz/build/ros2_socketcan_msgs': CMAKE_PREFIX_PATH=${CMAKE_PREFIX_PATH}:/home/alyazahrarr/ros2_ws/install/launch_testing_examples:/home/alyazahrarr/ros2_ws/install/examples_rclpy_pointcloud_publisher:/home/alyazahrarr/ros2_ws/install/examples_rclpy_minimal_subscriber:/home/alyazahrarr/ros2_ws/install/examples_rclpy_minimal_service:/home/alyazahrarr/ros2_ws/install/examples_rclpy_minimal_publisher:/home/alyazahrarr/ros2_ws/install/examples_rclpy_minimal_client:/home/alyazahrarr/ros2_ws/install/examples_rclpy_minimal_action_server:/home/alyazahrarr/ros2_ws/install/examples_rclpy_minimal_action_client:/home/alyazahrarr/ros2_ws/install/examples_rclpy_guard_conditions:/home/alyazahrarr/ros2_ws/install/examples_rclpy_executors:/opt/ros/jazzy DEBUGINFOD_URLS=https://debuginfod.ubuntu.com /usr/bin/cmake --install /home/alyazahrarr/tubes_dagoz/build/ros2_socketcan_msgs
[4.896s] DEBUG:colcon.colcon_core.event_handler.log_command:Invoking command in '/home/alyazahrarr/tubes_dagoz/build/can_msgs': CMAKE_PREFIX_PATH=${CMAKE_PREFIX_PATH}:/home/alyazahrarr/ros2_ws/install/launch_testing_examples:/home/alyazahrarr/ros2_ws/install/examples_rclpy_pointcloud_publisher:/home/alyazahrarr/ros2_ws/install/examples_rclpy_minimal_subscriber:/home/alyazahrarr/ros2_ws/install/examples_rclpy_minimal_service:/home/alyazahrarr/ros2_ws/install/examples_rclpy_minimal_publisher:/home/alyazahrarr/ros2_ws/install/examples_rclpy_minimal_client:/home/alyazahrarr/ros2_ws/install/examples_rclpy_minimal_action_server:/home/alyazahrarr/ros2_ws/install/examples_rclpy_minimal_action_client:/home/alyazahrarr/ros2_ws/install/examples_rclpy_guard_conditions:/home/alyazahrarr/ros2_ws/install/examples_rclpy_executors:/opt/ros/jazzy DEBUGINFOD_URLS=https://debuginfod.ubuntu.com /usr/bin/cmake --install /home/alyazahrarr/tubes_dagoz/build/can_msgs
[5.323s] Level 1:colcon.colcon_core.environment:create_environment_scripts_only(can_msgs)
[5.380s] Level 1:colcon.colcon_core.environment:checking '/home/alyazahrarr/tubes_dagoz/install/can_msgs' for CMake module files
[5.387s] Level 1:colcon.colcon_core.environment:checking '/home/alyazahrarr/tubes_dagoz/install/can_msgs' for CMake config files
[5.398s] DEBUG:colcon.colcon_core.event_handler.log_command:Invoked command in '/home/alyazahrarr/tubes_dagoz/build/can_msgs' returned '0': CMAKE_PREFIX_PATH=${CMAKE_PREFIX_PATH}:/home/alyazahrarr/ros2_ws/install/launch_testing_examples:/home/alyazahrarr/ros2_ws/install/examples_rclpy_pointcloud_publisher:/home/alyazahrarr/ros2_ws/install/examples_rclpy_minimal_subscriber:/home/alyazahrarr/ros2_ws/install/examples_rclpy_minimal_service:/home/alyazahrarr/ros2_ws/install/examples_rclpy_minimal_publisher:/home/alyazahrarr/ros2_ws/install/examples_rclpy_minimal_client:/home/alyazahrarr/ros2_ws/install/examples_rclpy_minimal_action_server:/home/alyazahrarr/ros2_ws/install/examples_rclpy_minimal_action_client:/home/alyazahrarr/ros2_ws/install/examples_rclpy_guard_conditions:/home/alyazahrarr/ros2_ws/install/examples_rclpy_executors:/opt/ros/jazzy DEBUGINFOD_URLS=https://debuginfod.ubuntu.com /usr/bin/cmake --install /home/alyazahrarr/tubes_dagoz/build/can_msgs
[5.399s] Level 1:colcon.colcon_core.shell:create_environment_hook('can_msgs', 'cmake_prefix_path')
[5.400s] INFO:colcon.colcon_core.shell:Creating environment hook '/home/alyazahrarr/tubes_dagoz/install/can_msgs/share/can_msgs/hook/cmake_prefix_path.ps1'
[5.403s] INFO:colcon.colcon_core.shell:Creating environment descriptor '/home/alyazahrarr/tubes_dagoz/install/can_msgs/share/can_msgs/hook/cmake_prefix_path.dsv'
[5.406s] INFO:colcon.colcon_core.shell:Creating environment hook '/home/alyazahrarr/tubes_dagoz/install/can_msgs/share/can_msgs/hook/cmake_prefix_path.sh'
[5.411s] Level 1:colcon.colcon_core.environment:checking '/home/alyazahrarr/tubes_dagoz/install/can_msgs/lib'
[5.412s] Level 1:colcon.colcon_core.shell:create_environment_hook('can_msgs', 'ld_library_path_lib')
[5.413s] INFO:colcon.colcon_core.shell:Creating environment hook '/home/alyazahrarr/tubes_dagoz/install/can_msgs/share/can_msgs/hook/ld_library_path_lib.ps1'
[5.415s] INFO:colcon.colcon_core.shell:Creating environment descriptor '/home/alyazahrarr/tubes_dagoz/install/can_msgs/share/can_msgs/hook/ld_library_path_lib.dsv'
[5.417s] INFO:colcon.colcon_core.shell:Creating environment hook '/home/alyazahrarr/tubes_dagoz/install/can_msgs/share/can_msgs/hook/ld_library_path_lib.sh'
[5.419s] Level 1:colcon.colcon_core.environment:checking '/home/alyazahrarr/tubes_dagoz/install/can_msgs/bin'
[5.421s] Level 1:colcon.colcon_core.environment:checking '/home/alyazahrarr/tubes_dagoz/install/can_msgs/lib/pkgconfig/can_msgs.pc'
[5.423s] Level 1:colcon.colcon_core.environment:checking '/home/alyazahrarr/tubes_dagoz/install/can_msgs/lib/python3.12/site-packages'
[5.424s] Level 1:colcon.colcon_core.shell:create_environment_hook('can_msgs', 'pythonpath')
[5.425s] INFO:colcon.colcon_core.shell:Creating environment hook '/home/alyazahrarr/tubes_dagoz/install/can_msgs/share/can_msgs/hook/pythonpath.ps1'
[5.428s] INFO:colcon.colcon_core.shell:Creating environment descriptor '/home/alyazahrarr/tubes_dagoz/install/can_msgs/share/can_msgs/hook/pythonpath.dsv'
[5.430s] INFO:colcon.colcon_core.shell:Creating environment hook '/home/alyazahrarr/tubes_dagoz/install/can_msgs/share/can_msgs/hook/pythonpath.sh'
[5.433s] Level 1:colcon.colcon_core.environment:checking '/home/alyazahrarr/tubes_dagoz/install/can_msgs/bin'
[5.435s] INFO:colcon.colcon_core.shell:Creating package script '/home/alyazahrarr/tubes_dagoz/install/can_msgs/share/can_msgs/package.ps1'
[5.440s] INFO:colcon.colcon_core.shell:Creating package descriptor '/home/alyazahrarr/tubes_dagoz/install/can_msgs/share/can_msgs/package.dsv'
[5.444s] INFO:colcon.colcon_core.shell:Creating package script '/home/alyazahrarr/tubes_dagoz/install/can_msgs/share/can_msgs/package.sh'
[5.449s] INFO:colcon.colcon_core.shell:Creating package script '/home/alyazahrarr/tubes_dagoz/install/can_msgs/share/can_msgs/package.bash'
[5.453s] INFO:colcon.colcon_core.shell:Creating package script '/home/alyazahrarr/tubes_dagoz/install/can_msgs/share/can_msgs/package.zsh'
[5.457s] Level 1:colcon.colcon_core.environment:create_file_with_runtime_dependencies(/home/alyazahrarr/tubes_dagoz/install/can_msgs/share/colcon-core/packages/can_msgs)
[5.464s] Level 1:colcon.colcon_core.environment:create_environment_scripts_only(ros2_socketcan_msgs)
[5.465s] Level 1:colcon.colcon_core.environment:checking '/home/alyazahrarr/tubes_dagoz/install/ros2_socketcan_msgs' for CMake module files
[5.470s] DEBUG:colcon.colcon_core.event_handler.log_command:Invoked command in '/home/alyazahrarr/tubes_dagoz/build/ros2_socketcan_msgs' returned '0': CMAKE_PREFIX_PATH=${CMAKE_PREFIX_PATH}:/home/alyazahrarr/ros2_ws/install/launch_testing_examples:/home/alyazahrarr/ros2_ws/install/examples_rclpy_pointcloud_publisher:/home/alyazahrarr/ros2_ws/install/examples_rclpy_minimal_subscriber:/home/alyazahrarr/ros2_ws/install/examples_rclpy_minimal_service:/home/alyazahrarr/ros2_ws/install/examples_rclpy_minimal_publisher:/home/alyazahrarr/ros2_ws/install/examples_rclpy_minimal_client:/home/alyazahrarr/ros2_ws/install/examples_rclpy_minimal_action_server:/home/alyazahrarr/ros2_ws/install/examples_rclpy_minimal_action_client:/home/alyazahrarr/ros2_ws/install/examples_rclpy_guard_conditions:/home/alyazahrarr/ros2_ws/install/examples_rclpy_executors:/opt/ros/jazzy DEBUGINFOD_URLS=https://debuginfod.ubuntu.com /usr/bin/cmake --install /home/alyazahrarr/tubes_dagoz/build/ros2_socketcan_msgs
[5.474s] Level 1:colcon.colcon_core.environment:checking '/home/alyazahrarr/tubes_dagoz/install/ros2_socketcan_msgs' for CMake config files
[5.476s] Level 1:colcon.colcon_core.shell:create_environment_hook('ros2_socketcan_msgs', 'cmake_prefix_path')
[5.478s] INFO:colcon.colcon_core.shell:Creating environment hook '/home/alyazahrarr/tubes_dagoz/install/ros2_socketcan_msgs/share/ros2_socketcan_msgs/hook/cmake_prefix_path.ps1'
[5.480s] INFO:colcon.colcon_core.shell:Creating environment descriptor '/home/alyazahrarr/tubes_dagoz/install/ros2_socketcan_msgs/share/ros2_socketcan_msgs/hook/cmake_prefix_path.dsv'
[5.482s] INFO:colcon.colcon_core.shell:Creating environment hook '/home/alyazahrarr/tubes_dagoz/install/ros2_socketcan_msgs/share/ros2_socketcan_msgs/hook/cmake_prefix_path.sh'
[5.486s] Level 1:colcon.colcon_core.environment:checking '/home/alyazahrarr/tubes_dagoz/install/ros2_socketcan_msgs/lib'
[5.486s] Level 1:colcon.colcon_core.shell:create_environment_hook('ros2_socketcan_msgs', 'ld_library_path_lib')
[5.488s] INFO:colcon.colcon_core.shell:Creating environment hook '/home/alyazahrarr/tubes_dagoz/install/ros2_socketcan_msgs/share/ros2_socketcan_msgs/hook/ld_library_path_lib.ps1'
[5.490s] INFO:colcon.colcon_core.shell:Creating environment descriptor '/home/alyazahrarr/tubes_dagoz/install/ros2_socketcan_msgs/share/ros2_socketcan_msgs/hook/ld_library_path_lib.dsv'
[5.492s] INFO:colcon.colcon_core.shell:Creating environment hook '/home/alyazahrarr/tubes_dagoz/install/ros2_socketcan_msgs/share/ros2_socketcan_msgs/hook/ld_library_path_lib.sh'
[5.495s] Level 1:colcon.colcon_core.environment:checking '/home/alyazahrarr/tubes_dagoz/install/ros2_socketcan_msgs/bin'
[5.495s] Level 1:colcon.colcon_core.environment:checking '/home/alyazahrarr/tubes_dagoz/install/ros2_socketcan_msgs/lib/pkgconfig/ros2_socketcan_msgs.pc'
[5.497s] Level 1:colcon.colcon_core.environment:checking '/home/alyazahrarr/tubes_dagoz/install/ros2_socketcan_msgs/lib/python3.12/site-packages'
[5.498s] Level 1:colcon.colcon_core.shell:create_environment_hook('ros2_socketcan_msgs', 'pythonpath')
[5.499s] INFO:colcon.colcon_core.shell:Creating environment hook '/home/alyazahrarr/tubes_dagoz/install/ros2_socketcan_msgs/share/ros2_socketcan_msgs/hook/pythonpath.ps1'
[5.502s] INFO:colcon.colcon_core.shell:Creating environment descriptor '/home/alyazahrarr/tubes_dagoz/install/ros2_socketcan_msgs/share/ros2_socketcan_msgs/hook/pythonpath.dsv'
[5.504s] INFO:colcon.colcon_core.shell:Creating environment hook '/home/alyazahrarr/tubes_dagoz/install/ros2_socketcan_msgs/share/ros2_socketcan_msgs/hook/pythonpath.sh'
[5.508s] Level 1:colcon.colcon_core.environment:checking '/home/alyazahrarr/tubes_dagoz/install/ros2_socketcan_msgs/bin'
[5.510s] INFO:colcon.colcon_core.shell:Creating package script '/home/alyazahrarr/tubes_dagoz/install/ros2_socketcan_msgs/share/ros2_socketcan_msgs/package.ps1'
[5.513s] INFO:colcon.colcon_core.shell:Creating package descriptor '/home/alyazahrarr/tubes_dagoz/install/ros2_socketcan_msgs/share/ros2_socketcan_msgs/package.dsv'
[5.517s] INFO:colcon.colcon_core.shell:Creating package script '/home/alyazahrarr/tubes_dagoz/install/ros2_socketcan_msgs/share/ros2_socketcan_msgs/package.sh'
[5.521s] INFO:colcon.colcon_core.shell:Creating package script '/home/alyazahrarr/tubes_dagoz/install/ros2_socketcan_msgs/share/ros2_socketcan_msgs/package.bash'
[5.523s] INFO:colcon.colcon_core.shell:Creating package script '/home/alyazahrarr/tubes_dagoz/install/ros2_socketcan_msgs/share/ros2_socketcan_msgs/package.zsh'
[5.526s] Level 1:colcon.colcon_core.environment:create_file_with_runtime_dependencies(/home/alyazahrarr/tubes_dagoz/install/ros2_socketcan_msgs/share/colcon-core/packages/ros2_socketcan_msgs)
[5.771s] Level 1:colcon.colcon_core.environment:create_environment_scripts_only(can_msgs)
[5.772s] Level 1:colcon.colcon_core.environment:checking '/home/alyazahrarr/tubes_dagoz/install/can_msgs' for CMake module files
[5.775s] Level 1:colcon.colcon_core.environment:checking '/home/alyazahrarr/tubes_dagoz/install/can_msgs' for CMake config files
[5.776s] Level 1:colcon.colcon_core.shell:create_environment_hook('can_msgs', 'cmake_prefix_path')
[5.777s] INFO:colcon.colcon_core.shell:Creating environment hook '/home/alyazahrarr/tubes_dagoz/install/can_msgs/share/can_msgs/hook/cmake_prefix_path.ps1'
[5.779s] INFO:colcon.colcon_core.shell:Creating environment descriptor '/home/alyazahrarr/tubes_dagoz/install/can_msgs/share/can_msgs/hook/cmake_prefix_path.dsv'
[5.780s] INFO:colcon.colcon_core.shell:Creating environment hook '/home/alyazahrarr/tubes_dagoz/install/can_msgs/share/can_msgs/hook/cmake_prefix_path.sh'
[5.782s] Level 1:colcon.colcon_core.environment:checking '/home/alyazahrarr/tubes_dagoz/install/can_msgs/lib'
[5.783s] Level 1:colcon.colcon_core.shell:create_environment_hook('can_msgs', 'ld_library_path_lib')
[5.784s] INFO:colcon.colcon_core.shell:Creating environment hook '/home/alyazahrarr/tubes_dagoz/install/can_msgs/share/can_msgs/hook/ld_library_path_lib.ps1'
[5.785s] INFO:colcon.colcon_core.shell:Creating environment descriptor '/home/alyazahrarr/tubes_dagoz/install/can_msgs/share/can_msgs/hook/ld_library_path_lib.dsv'
[5.787s] INFO:colcon.colcon_core.shell:Creating environment hook '/home/alyazahrarr/tubes_dagoz/install/can_msgs/share/can_msgs/hook/ld_library_path_lib.sh'
[5.789s] Level 1:colcon.colcon_core.environment:checking '/home/alyazahrarr/tubes_dagoz/install/can_msgs/bin'
[5.789s] Level 1:colcon.colcon_core.environment:checking '/home/alyazahrarr/tubes_dagoz/install/can_msgs/lib/pkgconfig/can_msgs.pc'
[5.791s] Level 1:colcon.colcon_core.environment:checking '/home/alyazahrarr/tubes_dagoz/install/can_msgs/lib/python3.12/site-packages'
[5.791s] Level 1:colcon.colcon_core.shell:create_environment_hook('can_msgs', 'pythonpath')
[5.792s] INFO:colcon.colcon_core.shell:Creating environment hook '/home/alyazahrarr/tubes_dagoz/install/can_msgs/share/can_msgs/hook/pythonpath.ps1'
[5.795s] INFO:colcon.colcon_core.shell:Creating environment descriptor '/home/alyazahrarr/tubes_dagoz/install/can_msgs/share/can_msgs/hook/pythonpath.dsv'
[5.796s] INFO:colcon.colcon_core.shell:Creating environment hook '/home/alyazahrarr/tubes_dagoz/install/can_msgs/share/can_msgs/hook/pythonpath.sh'
[5.799s] Level 1:colcon.colcon_core.environment:checking '/home/alyazahrarr/tubes_dagoz/install/can_msgs/bin'
[5.801s] INFO:colcon.colcon_core.shell:Creating package script '/home/alyazahrarr/tubes_dagoz/install/can_msgs/share/can_msgs/package.ps1'
[5.805s] INFO:colcon.colcon_core.shell:Creating package descriptor '/home/alyazahrarr/tubes_dagoz/install/can_msgs/share/can_msgs/package.dsv'
[5.808s] INFO:colcon.colcon_core.shell:Creating package script '/home/alyazahrarr/tubes_dagoz/install/can_msgs/share/can_msgs/package.sh'
[5.811s] INFO:colcon.colcon_core.shell:Creating package script '/home/alyazahrarr/tubes_dagoz/install/can_msgs/share/can_msgs/package.bash'
[5.812s] INFO:colcon.colcon_core.shell:Creating package script '/home/alyazahrarr/tubes_dagoz/install/can_msgs/share/can_msgs/package.zsh'
[5.814s] Level 1:colcon.colcon_core.environment:create_file_with_runtime_dependencies(/home/alyazahrarr/tubes_dagoz/install/can_msgs/share/colcon-core/packages/can_msgs)
[5.838s] Level 1:colcon.colcon_core.environment:create_environment_scripts_only(ros2_socketcan_msgs)
[5.839s] Level 1:colcon.colcon_core.environment:checking '/home/alyazahrarr/tubes_dagoz/install/ros2_socketcan_msgs' for CMake module files
[5.844s] Level 1:colcon.colcon_core.environment:checking '/home/alyazahrarr/tubes_dagoz/install/ros2_socketcan_msgs' for CMake config files
[5.847s] Level 1:colcon.colcon_core.shell:create_environment_hook('ros2_socketcan_msgs', 'cmake_prefix_path')
[5.848s] INFO:colcon.colcon_core.shell:Creating environment hook '/home/alyazahrarr/tubes_dagoz/install/ros2_socketcan_msgs/share/ros2_socketcan_msgs/hook/cmake_prefix_path.ps1'
[5.850s] INFO:colcon.colcon_core.shell:Creating environment descriptor '/home/alyazahrarr/tubes_dagoz/install/ros2_socketcan_msgs/share/ros2_socketcan_msgs/hook/cmake_prefix_path.dsv'
[5.853s] INFO:colcon.colcon_core.shell:Creating environment hook '/home/alyazahrarr/tubes_dagoz/install/ros2_socketcan_msgs/share/ros2_socketcan_msgs/hook/cmake_prefix_path.sh'
[5.856s] Level 1:colcon.colcon_core.environment:checking '/home/alyazahrarr/tubes_dagoz/install/ros2_socketcan_msgs/lib'
[5.857s] Level 1:colcon.colcon_core.shell:create_environment_hook('ros2_socketcan_msgs', 'ld_library_path_lib')
[5.858s] INFO:colcon.colcon_core.shell:Creating environment hook '/home/alyazahrarr/tubes_dagoz/install/ros2_socketcan_msgs/share/ros2_socketcan_msgs/hook/ld_library_path_lib.ps1'
[5.860s] INFO:colcon.colcon_core.shell:Creating environment descriptor '/home/alyazahrarr/tubes_dagoz/install/ros2_socketcan_msgs/share/ros2_socketcan_msgs/hook/ld_library_path_lib.dsv'
[5.862s] INFO:colcon.colcon_core.shell:Creating environment hook '/home/alyazahrarr/tubes_dagoz/install/ros2_socketcan_msgs/share/ros2_socketcan_msgs/hook/ld_library_path_lib.sh'
[5.865s] Level 1:colcon.colcon_core.environment:checking '/home/alyazahrarr/tubes_dagoz/install/ros2_socketcan_msgs/bin'
[5.865s] Level 1:colcon.colcon_core.environment:checking '/home/alyazahrarr/tubes_dagoz/install/ros2_socketcan_msgs/lib/pkgconfig/ros2_socketcan_msgs.pc'
[5.867s] Level 1:colcon.colcon_core.environment:checking '/home/alyazahrarr/tubes_dagoz/install/ros2_socketcan_msgs/lib/python3.12/site-packages'
[5.867s] Level 1:colcon.colcon_core.shell:create_environment_hook('ros2_socketcan_msgs', 'pythonpath')
[5.868s] INFO:colcon.colcon_core.shell:Creating environment hook '/home/alyazahrarr/tubes_dagoz/install/ros2_socketcan_msgs/share/ros2_socketcan_msgs/hook/pythonpath.ps1'
[5.871s] INFO:colcon.colcon_core.shell:Creating environment descriptor '/home/alyazahrarr/tubes_dagoz/install/ros2_socketcan_msgs/share/ros2_socketcan_msgs/hook/pythonpath.dsv'
[5.872s] INFO:colcon.colcon_core.shell:Creating environment hook '/home/alyazahrarr/tubes_dagoz/install/ros2_socketcan_msgs/share/ros2_socketcan_msgs/hook/pythonpath.sh'
[5.876s] Level 1:colcon.colcon_core.environment:checking '/home/alyazahrarr/tubes_dagoz/install/ros2_socketcan_msgs/bin'
[5.878s] INFO:colcon.colcon_core.shell:Creating package script '/home/alyazahrarr/tubes_dagoz/install/ros2_socketcan_msgs/share/ros2_socketcan_msgs/package.ps1'
[5.881s] INFO:colcon.colcon_core.shell:Creating package descriptor '/home/alyazahrarr/tubes_dagoz/install/ros2_socketcan_msgs/share/ros2_socketcan_msgs/package.dsv'
[5.885s] INFO:colcon.colcon_core.shell:Creating package script '/home/alyazahrarr/tubes_dagoz/install/ros2_socketcan_msgs/share/ros2_socketcan_msgs/package.sh'
[5.888s] INFO:colcon.colcon_core.shell:Creating package script '/home/alyazahrarr/tubes_dagoz/install/ros2_socketcan_msgs/share/ros2_socketcan_msgs/package.bash'
[5.890s] INFO:colcon.colcon_core.shell:Creating package script '/home/alyazahrarr/tubes_dagoz/install/ros2_socketcan_msgs/share/ros2_socketcan_msgs/package.zsh'
[5.893s] Level 1:colcon.colcon_core.environment:create_file_with_runtime_dependencies(/home/alyazahrarr/tubes_dagoz/install/ros2_socketcan_msgs/share/colcon-core/packages/ros2_socketcan_msgs)
[5.894s] INFO:colcon.colcon_ros.task.ament_cmake.build:Building ROS package in '/home/alyazahrarr/tubes_dagoz/src/ros2_socketcan/ros2_socketcan' with build type 'ament_cmake'
[5.895s] INFO:colcon.colcon_cmake.task.cmake.build:Building CMake package in '/home/alyazahrarr/tubes_dagoz/src/ros2_socketcan/ros2_socketcan'
[5.897s] INFO:colcon.colcon_core.shell:Skip shell extension 'powershell' for command environment: Not usable outside of PowerShell
[5.897s] DEBUG:colcon.colcon_core.shell:Skip shell extension 'dsv' for command environment
[5.978s] DEBUG:colcon.colcon_core.event_handler.log_command:Invoking command in '/home/alyazahrarr/tubes_dagoz/build/ros2_socketcan': CMAKE_PREFIX_PATH=/home/alyazahrarr/tubes_dagoz/install/ros2_socketcan_msgs:/home/alyazahrarr/tubes_dagoz/install/can_msgs:/home/alyazahrarr/tubes_dagoz/install/ros2_socketcan:/home/alyazahrarr/tubes_dagoz/install/control:/home/alyazahrarr/ros2_ws/install/my_package:/home/alyazahrarr/ros2_ws/install/examples_rclcpp_wait_set:/home/alyazahrarr/ros2_ws/install/examples_rclcpp_multithreaded_executor:/home/alyazahrarr/ros2_ws/install/examples_rclcpp_minimal_timer:/home/alyazahrarr/ros2_ws/install/examples_rclcpp_minimal_subscriber:/home/alyazahrarr/ros2_ws/install/examples_rclcpp_minimal_service:/home/alyazahrarr/ros2_ws/install/examples_rclcpp_minimal_publisher:/home/alyazahrarr/ros2_ws/install/examples_rclcpp_minimal_composition:/home/alyazahrarr/ros2_ws/install/examples_rclcpp_minimal_client:/home/alyazahrarr/ros2_ws/install/examples_rclcpp_minimal_action_server:/home/alyazahrarr/ros2_ws/install/examples_rclcpp_minimal_action_client:/home/alyazahrarr/ros2_ws/install/examples_rclcpp_cbg_executor:/home/alyazahrarr/ros2_ws/install/examples_rclcpp_async_client:/opt/ros/jazzy/opt/gz_math_vendor:/opt/ros/jazzy/opt/gz_utils_vendor:/opt/ros/jazzy/opt/gz_cmake_vendor:/home/alyazahrarr/ros2_ws/install/launch_testing_examples:/home/alyazahrarr/ros2_ws/install/examples_rclpy_pointcloud_publisher:/home/alyazahrarr/ros2_ws/install/examples_rclpy_minimal_subscriber:/home/alyazahrarr/ros2_ws/install/examples_rclpy_minimal_service:/home/alyazahrarr/ros2_ws/install/examples_rclpy_minimal_publisher:/home/alyazahrarr/ros2_ws/install/examples_rclpy_minimal_client:/home/alyazahrarr/ros2_ws/install/examples_rclpy_minimal_action_server:/home/alyazahrarr/ros2_ws/install/examples_rclpy_minimal_action_client:/home/alyazahrarr/ros2_ws/install/examples_rclpy_guard_conditions:/home/alyazahrarr/ros2_ws/install/examples_rclpy_executors:/opt/ros/jazzy DEBUGINFOD_URLS=https://debuginfod.ubuntu.com LD_LIBRARY_PATH=/home/alyazahrarr/tubes_dagoz/install/ros2_socketcan_msgs/lib:/home/alyazahrarr/tubes_dagoz/install/can_msgs/lib:/home/alyazahrarr/tubes_dagoz/install/ros2_socketcan/lib:/home/alyazahrarr/ros2_ws/install/examples_rclcpp_wait_set/lib:/home/alyazahrarr/ros2_ws/install/examples_rclcpp_minimal_subscriber/lib:/home/alyazahrarr/ros2_ws/install/examples_rclcpp_minimal_composition/lib:/opt/ros/jazzy/opt/rviz_ogre_vendor/lib:/opt/ros/jazzy/lib/x86_64-linux-gnu:/opt/ros/jazzy/opt/gz_math_vendor/lib:/opt/ros/jazzy/opt/gz_utils_vendor/lib:/opt/ros/jazzy/opt/gz_cmake_vendor/lib:/opt/ros/jazzy/lib /usr/bin/cmake --build /home/alyazahrarr/tubes_dagoz/build/ros2_socketcan -- -j8 -l8
[6.588s] DEBUG:colcon.colcon_core.event_handler.log_command:Invoked command in '/home/alyazahrarr/tubes_dagoz/build/ros2_socketcan' returned '0': CMAKE_PREFIX_PATH=/home/alyazahrarr/tubes_dagoz/install/ros2_socketcan_msgs:/home/alyazahrarr/tubes_dagoz/install/can_msgs:/home/alyazahrarr/tubes_dagoz/install/ros2_socketcan:/home/alyazahrarr/tubes_dagoz/install/control:/home/alyazahrarr/ros2_ws/install/my_package:/home/alyazahrarr/ros2_ws/install/examples_rclcpp_wait_set:/home/alyazahrarr/ros2_ws/install/examples_rclcpp_multithreaded_executor:/home/alyazahrarr/ros2_ws/install/examples_rclcpp_minimal_timer:/home/alyazahrarr/ros2_ws/install/examples_rclcpp_minimal_subscriber:/home/alyazahrarr/ros2_ws/install/examples_rclcpp_minimal_service:/home/alyazahrarr/ros2_ws/install/examples_rclcpp_minimal_publisher:/home/alyazahrarr/ros2_ws/install/examples_rclcpp_minimal_composition:/home/alyazahrarr/ros2_ws/install/examples_rclcpp_minimal_client:/home/alyazahrarr/ros2_ws/install/examples_rclcpp_minimal_action_server:/home/alyazahrarr/ros2_ws/install/examples_rclcpp_minimal_action_client:/home/alyazahrarr/ros2_ws/install/examples_rclcpp_cbg_executor:/home/alyazahrarr/ros2_ws/install/examples_rclcpp_async_client:/opt/ros/jazzy/opt/gz_math_vendor:/opt/ros/jazzy/opt/gz_utils_vendor:/opt/ros/jazzy/opt/gz_cmake_vendor:/home/alyazahrarr/ros2_ws/install/launch_testing_examples:/home/alyazahrarr/ros2_ws/install/examples_rclpy_pointcloud_publisher:/home/alyazahrarr/ros2_ws/install/examples_rclpy_minimal_subscriber:/home/alyazahrarr/ros2_ws/install/examples_rclpy_minimal_service:/home/alyazahrarr/ros2_ws/install/examples_rclpy_minimal_publisher:/home/alyazahrarr/ros2_ws/install/examples_rclpy_minimal_client:/home/alyazahrarr/ros2_ws/install/examples_rclpy_minimal_action_server:/home/alyazahrarr/ros2_ws/install/examples_rclpy_minimal_action_client:/home/alyazahrarr/ros2_ws/install/examples_rclpy_guard_conditions:/home/alyazahrarr/ros2_ws/install/examples_rclpy_executors:/opt/ros/jazzy DEBUGINFOD_URLS=https://debuginfod.ubuntu.com LD_LIBRARY_PATH=/home/alyazahrarr/tubes_dagoz/install/ros2_socketcan_msgs/lib:/home/alyazahrarr/tubes_dagoz/install/can_msgs/lib:/home/alyazahrarr/tubes_dagoz/install/ros2_socketcan/lib:/home/alyazahrarr/ros2_ws/install/examples_rclcpp_wait_set/lib:/home/alyazahrarr/ros2_ws/install/examples_rclcpp_minimal_subscriber/lib:/home/alyazahrarr/ros2_ws/install/examples_rclcpp_minimal_composition/lib:/opt/ros/jazzy/opt/rviz_ogre_vendor/lib:/opt/ros/jazzy/lib/x86_64-linux-gnu:/opt/ros/jazzy/opt/gz_math_vendor/lib:/opt/ros/jazzy/opt/gz_utils_vendor/lib:/opt/ros/jazzy/opt/gz_cmake_vendor/lib:/opt/ros/jazzy/lib /usr/bin/cmake --build /home/alyazahrarr/tubes_dagoz/build/ros2_socketcan -- -j8 -l8
[6.830s] DEBUG:colcon.colcon_core.event_handler.log_command:Invoking command in '/home/alyazahrarr/tubes_dagoz/build/ros2_socketcan': CMAKE_PREFIX_PATH=/home/alyazahrarr/tubes_dagoz/install/ros2_socketcan_msgs:/home/alyazahrarr/tubes_dagoz/install/can_msgs:/home/alyazahrarr/tubes_dagoz/install/ros2_socketcan:/home/alyazahrarr/tubes_dagoz/install/control:/home/alyazahrarr/ros2_ws/install/my_package:/home/alyazahrarr/ros2_ws/install/examples_rclcpp_wait_set:/home/alyazahrarr/ros2_ws/install/examples_rclcpp_multithreaded_executor:/home/alyazahrarr/ros2_ws/install/examples_rclcpp_minimal_timer:/home/alyazahrarr/ros2_ws/install/examples_rclcpp_minimal_subscriber:/home/alyazahrarr/ros2_ws/install/examples_rclcpp_minimal_service:/home/alyazahrarr/ros2_ws/install/examples_rclcpp_minimal_publisher:/home/alyazahrarr/ros2_ws/install/examples_rclcpp_minimal_composition:/home/alyazahrarr/ros2_ws/install/examples_rclcpp_minimal_client:/home/alyazahrarr/ros2_ws/install/examples_rclcpp_minimal_action_server:/home/alyazahrarr/ros2_ws/install/examples_rclcpp_minimal_action_client:/home/alyazahrarr/ros2_ws/install/examples_rclcpp_cbg_executor:/home/alyazahrarr/ros2_ws/install/examples_rclcpp_async_client:/opt/ros/jazzy/opt/gz_math_vendor:/opt/ros/jazzy/opt/gz_utils_vendor:/opt/ros/jazzy/opt/gz_cmake_vendor:/home/alyazahrarr/ros2_ws/install/launch_testing_examples:/home/alyazahrarr/ros2_ws/install/examples_rclpy_pointcloud_publisher:/home/alyazahrarr/ros2_ws/install/examples_rclpy_minimal_subscriber:/home/alyazahrarr/ros2_ws/install/examples_rclpy_minimal_service:/home/alyazahrarr/ros2_ws/install/examples_rclpy_minimal_publisher:/home/alyazahrarr/ros2_ws/install/examples_rclpy_minimal_client:/home/alyazahrarr/ros2_ws/install/examples_rclpy_minimal_action_server:/home/alyazahrarr/ros2_ws/install/examples_rclpy_minimal_action_client:/home/alyazahrarr/ros2_ws/install/examples_rclpy_guard_conditions:/home/alyazahrarr/ros2_ws/install/examples_rclpy_executors:/opt/ros/jazzy DEBUGINFOD_URLS=https://debuginfod.ubuntu.com LD_LIBRARY_PATH=/home/alyazahrarr/tubes_dagoz/install/ros2_socketcan_msgs/lib:/home/alyazahrarr/tubes_dagoz/install/can_msgs/lib:/home/alyazahrarr/tubes_dagoz/install/ros2_socketcan/lib:/home/alyazahrarr/ros2_ws/install/examples_rclcpp_wait_set/lib:/home/alyazahrarr/ros2_ws/install/examples_rclcpp_minimal_subscriber/lib:/home/alyazahrarr/ros2_ws/install/examples_rclcpp_minimal_composition/lib:/opt/ros/jazzy/opt/rviz_ogre_vendor/lib:/opt/ros/jazzy/lib/x86_64-linux-gnu:/opt/ros/jazzy/opt/gz_math_vendor/lib:/opt/ros/jazzy/opt/gz_utils_vendor/lib:/opt/ros/jazzy/opt/gz_cmake_vendor/lib:/opt/ros/jazzy/lib /usr/bin/cmake --install /home/alyazahrarr/tubes_dagoz/build/ros2_socketcan
[6.901s] Level 1:colcon.colcon_core.environment:create_environment_scripts_only(ros2_socketcan)
[6.903s] Level 1:colcon.colcon_core.environment:checking '/home/alyazahrarr/tubes_dagoz/install/ros2_socketcan' for CMake module files
[6.908s] DEBUG:colcon.colcon_core.event_handler.log_command:Invoked command in '/home/alyazahrarr/tubes_dagoz/build/ros2_socketcan' returned '0': CMAKE_PREFIX_PATH=/home/alyazahrarr/tubes_dagoz/install/ros2_socketcan_msgs:/home/alyazahrarr/tubes_dagoz/install/can_msgs:/home/alyazahrarr/tubes_dagoz/install/ros2_socketcan:/home/alyazahrarr/tubes_dagoz/install/control:/home/alyazahrarr/ros2_ws/install/my_package:/home/alyazahrarr/ros2_ws/install/examples_rclcpp_wait_set:/home/alyazahrarr/ros2_ws/install/examples_rclcpp_multithreaded_executor:/home/alyazahrarr/ros2_ws/install/examples_rclcpp_minimal_timer:/home/alyazahrarr/ros2_ws/install/examples_rclcpp_minimal_subscriber:/home/alyazahrarr/ros2_ws/install/examples_rclcpp_minimal_service:/home/alyazahrarr/ros2_ws/install/examples_rclcpp_minimal_publisher:/home/alyazahrarr/ros2_ws/install/examples_rclcpp_minimal_composition:/home/alyazahrarr/ros2_ws/install/examples_rclcpp_minimal_client:/home/alyazahrarr/ros2_ws/install/examples_rclcpp_minimal_action_server:/home/alyazahrarr/ros2_ws/install/examples_rclcpp_minimal_action_client:/home/alyazahrarr/ros2_ws/install/examples_rclcpp_cbg_executor:/home/alyazahrarr/ros2_ws/install/examples_rclcpp_async_client:/opt/ros/jazzy/opt/gz_math_vendor:/opt/ros/jazzy/opt/gz_utils_vendor:/opt/ros/jazzy/opt/gz_cmake_vendor:/home/alyazahrarr/ros2_ws/install/launch_testing_examples:/home/alyazahrarr/ros2_ws/install/examples_rclpy_pointcloud_publisher:/home/alyazahrarr/ros2_ws/install/examples_rclpy_minimal_subscriber:/home/alyazahrarr/ros2_ws/install/examples_rclpy_minimal_service:/home/alyazahrarr/ros2_ws/install/examples_rclpy_minimal_publisher:/home/alyazahrarr/ros2_ws/install/examples_rclpy_minimal_client:/home/alyazahrarr/ros2_ws/install/examples_rclpy_minimal_action_server:/home/alyazahrarr/ros2_ws/install/examples_rclpy_minimal_action_client:/home/alyazahrarr/ros2_ws/install/examples_rclpy_guard_conditions:/home/alyazahrarr/ros2_ws/install/examples_rclpy_executors:/opt/ros/jazzy DEBUGINFOD_URLS=https://debuginfod.ubuntu.com LD_LIBRARY_PATH=/home/alyazahrarr/tubes_dagoz/install/ros2_socketcan_msgs/lib:/home/alyazahrarr/tubes_dagoz/install/can_msgs/lib:/home/alyazahrarr/tubes_dagoz/install/ros2_socketcan/lib:/home/alyazahrarr/ros2_ws/install/examples_rclcpp_wait_set/lib:/home/alyazahrarr/ros2_ws/install/examples_rclcpp_minimal_subscriber/lib:/home/alyazahrarr/ros2_ws/install/examples_rclcpp_minimal_composition/lib:/opt/ros/jazzy/opt/rviz_ogre_vendor/lib:/opt/ros/jazzy/lib/x86_64-linux-gnu:/opt/ros/jazzy/opt/gz_math_vendor/lib:/opt/ros/jazzy/opt/gz_utils_vendor/lib:/opt/ros/jazzy/opt/gz_cmake_vendor/lib:/opt/ros/jazzy/lib /usr/bin/cmake --install /home/alyazahrarr/tubes_dagoz/build/ros2_socketcan
[6.911s] Level 1:colcon.colcon_core.environment:checking '/home/alyazahrarr/tubes_dagoz/install/ros2_socketcan' for CMake config files
[6.913s] Level 1:colcon.colcon_core.shell:create_environment_hook('ros2_socketcan', 'cmake_prefix_path')
[6.914s] INFO:colcon.colcon_core.shell:Creating environment hook '/home/alyazahrarr/tubes_dagoz/install/ros2_socketcan/share/ros2_socketcan/hook/cmake_prefix_path.ps1'
[6.916s] INFO:colcon.colcon_core.shell:Creating environment descriptor '/home/alyazahrarr/tubes_dagoz/install/ros2_socketcan/share/ros2_socketcan/hook/cmake_prefix_path.dsv'
[6.918s] INFO:colcon.colcon_core.shell:Creating environment hook '/home/alyazahrarr/tubes_dagoz/install/ros2_socketcan/share/ros2_socketcan/hook/cmake_prefix_path.sh'
[6.921s] Level 1:colcon.colcon_core.environment:checking '/home/alyazahrarr/tubes_dagoz/install/ros2_socketcan/lib'
[6.921s] Level 1:colcon.colcon_core.shell:create_environment_hook('ros2_socketcan', 'ld_library_path_lib')
[6.922s] INFO:colcon.colcon_core.shell:Creating environment hook '/home/alyazahrarr/tubes_dagoz/install/ros2_socketcan/share/ros2_socketcan/hook/ld_library_path_lib.ps1'
[6.925s] INFO:colcon.colcon_core.shell:Creating environment descriptor '/home/alyazahrarr/tubes_dagoz/install/ros2_socketcan/share/ros2_socketcan/hook/ld_library_path_lib.dsv'
[6.927s] INFO:colcon.colcon_core.shell:Creating environment hook '/home/alyazahrarr/tubes_dagoz/install/ros2_socketcan/share/ros2_socketcan/hook/ld_library_path_lib.sh'
[6.929s] Level 1:colcon.colcon_core.environment:checking '/home/alyazahrarr/tubes_dagoz/install/ros2_socketcan/bin'
[6.929s] Level 1:colcon.colcon_core.environment:checking '/home/alyazahrarr/tubes_dagoz/install/ros2_socketcan/lib/pkgconfig/ros2_socketcan.pc'
[6.931s] Level 1:colcon.colcon_core.environment:checking '/home/alyazahrarr/tubes_dagoz/install/ros2_socketcan/lib/python3.12/site-packages'
[6.933s] Level 1:colcon.colcon_core.environment:checking '/home/alyazahrarr/tubes_dagoz/install/ros2_socketcan/bin'
[6.934s] INFO:colcon.colcon_core.shell:Creating package script '/home/alyazahrarr/tubes_dagoz/install/ros2_socketcan/share/ros2_socketcan/package.ps1'
[6.938s] INFO:colcon.colcon_core.shell:Creating package descriptor '/home/alyazahrarr/tubes_dagoz/install/ros2_socketcan/share/ros2_socketcan/package.dsv'
[6.941s] INFO:colcon.colcon_core.shell:Creating package script '/home/alyazahrarr/tubes_dagoz/install/ros2_socketcan/share/ros2_socketcan/package.sh'
[6.944s] INFO:colcon.colcon_core.shell:Creating package script '/home/alyazahrarr/tubes_dagoz/install/ros2_socketcan/share/ros2_socketcan/package.bash'
[6.946s] INFO:colcon.colcon_core.shell:Creating package script '/home/alyazahrarr/tubes_dagoz/install/ros2_socketcan/share/ros2_socketcan/package.zsh'
[6.947s] Level 1:colcon.colcon_core.environment:create_file_with_runtime_dependencies(/home/alyazahrarr/tubes_dagoz/install/ros2_socketcan/share/colcon-core/packages/ros2_socketcan)
[7.178s] Level 1:colcon.colcon_core.environment:create_environment_scripts_only(ros2_socketcan)
[7.179s] Level 1:colcon.colcon_core.environment:checking '/home/alyazahrarr/tubes_dagoz/install/ros2_socketcan' for CMake module files
[7.184s] Level 1:colcon.colcon_core.environment:checking '/home/alyazahrarr/tubes_dagoz/install/ros2_socketcan' for CMake config files
[7.186s] Level 1:colcon.colcon_core.shell:create_environment_hook('ros2_socketcan', 'cmake_prefix_path')
[7.187s] INFO:colcon.colcon_core.shell:Creating environment hook '/home/alyazahrarr/tubes_dagoz/install/ros2_socketcan/share/ros2_socketcan/hook/cmake_prefix_path.ps1'
[7.189s] INFO:colcon.colcon_core.shell:Creating environment descriptor '/home/alyazahrarr/tubes_dagoz/install/ros2_socketcan/share/ros2_socketcan/hook/cmake_prefix_path.dsv'
[7.192s] INFO:colcon.colcon_core.shell:Creating environment hook '/home/alyazahrarr/tubes_dagoz/install/ros2_socketcan/share/ros2_socketcan/hook/cmake_prefix_path.sh'
[7.195s] Level 1:colcon.colcon_core.environment:checking '/home/alyazahrarr/tubes_dagoz/install/ros2_socketcan/lib'
[7.196s] Level 1:colcon.colcon_core.shell:create_environment_hook('ros2_socketcan', 'ld_library_path_lib')
[7.197s] INFO:colcon.colcon_core.shell:Creating environment hook '/home/alyazahrarr/tubes_dagoz/install/ros2_socketcan/share/ros2_socketcan/hook/ld_library_path_lib.ps1'
[7.199s] INFO:colcon.colcon_core.shell:Creating environment descriptor '/home/alyazahrarr/tubes_dagoz/install/ros2_socketcan/share/ros2_socketcan/hook/ld_library_path_lib.dsv'
[7.202s] INFO:colcon.colcon_core.shell:Creating environment hook '/home/alyazahrarr/tubes_dagoz/install/ros2_socketcan/share/ros2_socketcan/hook/ld_library_path_lib.sh'
[7.204s] Level 1:colcon.colcon_core.environment:checking '/home/alyazahrarr/tubes_dagoz/install/ros2_socketcan/bin'
[7.205s] Level 1:colcon.colcon_core.environment:checking '/home/alyazahrarr/tubes_dagoz/install/ros2_socketcan/lib/pkgconfig/ros2_socketcan.pc'
[7.207s] Level 1:colcon.colcon_core.environment:checking '/home/alyazahrarr/tubes_dagoz/install/ros2_socketcan/lib/python3.12/site-packages'
[7.208s] Level 1:colcon.colcon_core.environment:checking '/home/alyazahrarr/tubes_dagoz/install/ros2_socketcan/bin'
[7.210s] INFO:colcon.colcon_core.shell:Creating package script '/home/alyazahrarr/tubes_dagoz/install/ros2_socketcan/share/ros2_socketcan/package.ps1'
[7.213s] INFO:colcon.colcon_core.shell:Creating package descriptor '/home/alyazahrarr/tubes_dagoz/install/ros2_socketcan/share/ros2_socketcan/package.dsv'
[7.217s] INFO:colcon.colcon_core.shell:Creating package script '/home/alyazahrarr/tubes_dagoz/install/ros2_socketcan/share/ros2_socketcan/package.sh'
[7.219s] INFO:colcon.colcon_core.shell:Creating package script '/home/alyazahrarr/tubes_dagoz/install/ros2_socketcan/share/ros2_socketcan/package.bash'
[7.221s] INFO:colcon.colcon_core.shell:Creating package script '/home/alyazahrarr/tubes_dagoz/install/ros2_socketcan/share/ros2_socketcan/package.zsh'
[7.223s] Level 1:colcon.colcon_core.environment:create_file_with_runtime_dependencies(/home/alyazahrarr/tubes_dagoz/install/ros2_socketcan/share/colcon-core/packages/ros2_socketcan)
[25.865s] DEBUG:colcon.colcon_core.event_handler.log_command:Invoked command in '/home/alyazahrarr/tubes_dagoz/build/control' returned '2': CMAKE_PREFIX_PATH=${CMAKE_PREFIX_PATH}:/home/alyazahrarr/ros2_ws/install/launch_testing_examples:/home/alyazahrarr/ros2_ws/install/examples_rclpy_pointcloud_publisher:/home/alyazahrarr/ros2_ws/install/examples_rclpy_minimal_subscriber:/home/alyazahrarr/ros2_ws/install/examples_rclpy_minimal_service:/home/alyazahrarr/ros2_ws/install/examples_rclpy_minimal_publisher:/home/alyazahrarr/ros2_ws/install/examples_rclpy_minimal_client:/home/alyazahrarr/ros2_ws/install/examples_rclpy_minimal_action_server:/home/alyazahrarr/ros2_ws/install/examples_rclpy_minimal_action_client:/home/alyazahrarr/ros2_ws/install/examples_rclpy_guard_conditions:/home/alyazahrarr/ros2_ws/install/examples_rclpy_executors:/opt/ros/jazzy DEBUGINFOD_URLS=https://debuginfod.ubuntu.com /usr/bin/cmake --build /home/alyazahrarr/tubes_dagoz/build/control -- -j8 -l8
[25.984s] Level 1:colcon.colcon_core.environment:create_environment_scripts_only(control)
[25.984s] Level 1:colcon.colcon_core.environment:checking '/home/alyazahrarr/tubes_dagoz/install/control' for CMake module files
[25.987s] Level 1:colcon.colcon_core.environment:checking '/home/alyazahrarr/tubes_dagoz/install/control' for CMake config files
[25.988s] Level 1:colcon.colcon_core.shell:create_environment_hook('control', 'cmake_prefix_path')
[25.988s] INFO:colcon.colcon_core.shell:Creating environment hook '/home/alyazahrarr/tubes_dagoz/install/control/share/control/hook/cmake_prefix_path.ps1'
[25.990s] INFO:colcon.colcon_core.shell:Creating environment descriptor '/home/alyazahrarr/tubes_dagoz/install/control/share/control/hook/cmake_prefix_path.dsv'
[25.991s] INFO:colcon.colcon_core.shell:Creating environment hook '/home/alyazahrarr/tubes_dagoz/install/control/share/control/hook/cmake_prefix_path.sh'
[25.994s] Level 1:colcon.colcon_core.environment:checking '/home/alyazahrarr/tubes_dagoz/install/control/lib'
[25.994s] Level 1:colcon.colcon_core.environment:checking '/home/alyazahrarr/tubes_dagoz/install/control/bin'
[25.994s] Level 1:colcon.colcon_core.environment:checking '/home/alyazahrarr/tubes_dagoz/install/control/lib/pkgconfig/control.pc'
[25.996s] Level 1:colcon.colcon_core.environment:checking '/home/alyazahrarr/tubes_dagoz/install/control/lib/python3.12/site-packages'
[25.997s] Level 1:colcon.colcon_core.environment:checking '/home/alyazahrarr/tubes_dagoz/install/control/bin'
[25.997s] INFO:colcon.colcon_core.shell:Creating package script '/home/alyazahrarr/tubes_dagoz/install/control/share/control/package.ps1'
[26.001s] INFO:colcon.colcon_core.shell:Creating package descriptor '/home/alyazahrarr/tubes_dagoz/install/control/share/control/package.dsv'
[26.003s] INFO:colcon.colcon_core.shell:Creating package script '/home/alyazahrarr/tubes_dagoz/install/control/share/control/package.sh'
[26.006s] INFO:colcon.colcon_core.shell:Creating package script '/home/alyazahrarr/tubes_dagoz/install/control/share/control/package.bash'
[26.007s] INFO:colcon.colcon_core.shell:Creating package script '/home/alyazahrarr/tubes_dagoz/install/control/share/control/package.zsh'
[26.009s] Level 1:colcon.colcon_core.environment:create_file_with_runtime_dependencies(/home/alyazahrarr/tubes_dagoz/install/control/share/colcon-core/packages/control)
[26.021s] DEBUG:colcon.colcon_parallel_executor.executor.parallel:closing loop
[26.022s] DEBUG:colcon.colcon_parallel_executor.executor.parallel:loop closed
[26.022s] DEBUG:colcon.colcon_parallel_executor.executor.parallel:run_until_complete finished with '2'
[26.023s] DEBUG:colcon.colcon_core.event_reactor:joining thread
[26.052s] INFO:colcon.colcon_core.plugin_system:Skipping extension 'colcon_notification.desktop_notification.terminal_notifier': Not used on non-Darwin systems
[26.052s] INFO:colcon.colcon_core.plugin_system:Skipping extension 'colcon_notification.desktop_notification.win32': Not used on non-Windows systems
[26.053s] INFO:colcon.colcon_notification.desktop_notification:Sending desktop notification using 'notify2'
[26.108s] DEBUG:colcon.colcon_core.event_reactor:joined thread
[26.109s] INFO:colcon.colcon_core.shell:Creating prefix script '/home/alyazahrarr/tubes_dagoz/install/local_setup.ps1'
[26.115s] INFO:colcon.colcon_core.shell:Creating prefix util module '/home/alyazahrarr/tubes_dagoz/install/_local_setup_util_ps1.py'
[26.122s] INFO:colcon.colcon_core.shell:Creating prefix chain script '/home/alyazahrarr/tubes_dagoz/install/setup.ps1'
[26.137s] INFO:colcon.colcon_core.shell:Creating prefix script '/home/alyazahrarr/tubes_dagoz/install/local_setup.sh'
[26.141s] INFO:colcon.colcon_core.shell:Creating prefix util module '/home/alyazahrarr/tubes_dagoz/install/_local_setup_util_sh.py'
[26.144s] INFO:colcon.colcon_core.shell:Creating prefix chain script '/home/alyazahrarr/tubes_dagoz/install/setup.sh'
[26.159s] INFO:colcon.colcon_core.shell:Creating prefix script '/home/alyazahrarr/tubes_dagoz/install/local_setup.bash'
[26.162s] INFO:colcon.colcon_core.shell:Creating prefix chain script '/home/alyazahrarr/tubes_dagoz/install/setup.bash'
[26.171s] INFO:colcon.colcon_core.shell:Creating prefix script '/home/alyazahrarr/tubes_dagoz/install/local_setup.zsh'
[26.173s] INFO:colcon.colcon_core.shell:Creating prefix chain script '/home/alyazahrarr/tubes_dagoz/install/setup.zsh'
