[0.030s] Invoking command in '/home/alyazahrarr/tubesss/tubes_dagoz/build/ros2_socketcan_msgs': CMAKE_PREFIX_PATH=${CMAKE_PREFIX_PATH}:/home/alyazahrarr/ros2_ws/install/launch_testing_examples:/home/alyazahrarr/ros2_ws/install/examples_rclpy_pointcloud_publisher:/home/alyazahrarr/ros2_ws/install/examples_rclpy_minimal_subscriber:/home/alyazahrarr/ros2_ws/install/examples_rclpy_minimal_service:/home/alyazahrarr/ros2_ws/install/examples_rclpy_minimal_publisher:/home/alyazahrarr/ros2_ws/install/examples_rclpy_minimal_client:/home/alyazahrarr/ros2_ws/install/examples_rclpy_minimal_action_server:/home/alyazahrarr/ros2_ws/install/examples_rclpy_minimal_action_client:/home/alyazahrarr/ros2_ws/install/examples_rclpy_guard_conditions:/home/alyazahrarr/ros2_ws/install/examples_rclpy_executors:/opt/ros/jazzy DEBUGINFOD_URLS=https://debuginfod.ubuntu.com /usr/bin/cmake --build /home/alyazahrarr/tubesss/tubes_dagoz/build/ros2_socketcan_msgs -- -j8 -l8
[0.125s] [  2%] Built target ros2_socketcan_msgs__rosidl_generator_type_description
[0.164s] [  2%] Built target ament_cmake_python_copy_ros2_socketcan_msgs
[0.182s] [  5%] Built target ros2_socketcan_msgs__cpp
[0.186s] [ 20%] Built target ros2_socketcan_msgs__rosidl_generator_c
[0.311s] [ 29%] Built target ros2_socketcan_msgs__rosidl_typesupport_fastrtps_c
[0.369s] [ 38%] Built target ros2_socketcan_msgs__rosidl_typesupport_cpp
[0.370s] [ 73%] Built target ros2_socketcan_msgs__rosidl_typesupport_fastrtps_cpp
[0.373s] [ 47%] Built target ros2_socketcan_msgs__rosidl_typesupport_introspection_cpp
[0.375s] [ 55%] Built target ros2_socketcan_msgs__rosidl_typesupport_introspection_c
[0.380s] [ 64%] Built target ros2_socketcan_msgs__rosidl_typesupport_c
[0.429s] [ 73%] Built target ros2_socketcan_msgs
[0.478s] [ 76%] Built target ros2_socketcan_msgs__py
[0.528s] [ 82%] Built target ros2_socketcan_msgs__rosidl_generator_py
[0.606s] [ 88%] Built target ros2_socketcan_msgs_s__rosidl_typesupport_fastrtps_c
[0.630s] [ 94%] Built target ros2_socketcan_msgs_s__rosidl_typesupport_c
[0.639s] [100%] Built target ros2_socketcan_msgs_s__rosidl_typesupport_introspection_c
[0.960s] running egg_info
[0.999s] writing ros2_socketcan_msgs.egg-info/PKG-INFO
[1.000s] writing dependency_links to ros2_socketcan_msgs.egg-info/dependency_links.txt
[1.000s] writing top-level names to ros2_socketcan_msgs.egg-info/top_level.txt
[1.117s] reading manifest file 'ros2_socketcan_msgs.egg-info/SOURCES.txt'
[1.118s] writing manifest file 'ros2_socketcan_msgs.egg-info/SOURCES.txt'
[1.175s] [100%] Built target ament_cmake_python_build_ros2_socketcan_msgs_egg
[1.200s] Invoked command in '/home/alyazahrarr/tubesss/tubes_dagoz/build/ros2_socketcan_msgs' returned '0': CMAKE_PREFIX_PATH=${CMAKE_PREFIX_PATH}:/home/alyazahrarr/ros2_ws/install/launch_testing_examples:/home/alyazahrarr/ros2_ws/install/examples_rclpy_pointcloud_publisher:/home/alyazahrarr/ros2_ws/install/examples_rclpy_minimal_subscriber:/home/alyazahrarr/ros2_ws/install/examples_rclpy_minimal_service:/home/alyazahrarr/ros2_ws/install/examples_rclpy_minimal_publisher:/home/alyazahrarr/ros2_ws/install/examples_rclpy_minimal_client:/home/alyazahrarr/ros2_ws/install/examples_rclpy_minimal_action_server:/home/alyazahrarr/ros2_ws/install/examples_rclpy_minimal_action_client:/home/alyazahrarr/ros2_ws/install/examples_rclpy_guard_conditions:/home/alyazahrarr/ros2_ws/install/examples_rclpy_executors:/opt/ros/jazzy DEBUGINFOD_URLS=https://debuginfod.ubuntu.com /usr/bin/cmake --build /home/alyazahrarr/tubesss/tubes_dagoz/build/ros2_socketcan_msgs -- -j8 -l8
[1.354s] Invoking command in '/home/alyazahrarr/tubesss/tubes_dagoz/build/ros2_socketcan_msgs': CMAKE_PREFIX_PATH=${CMAKE_PREFIX_PATH}:/home/alyazahrarr/ros2_ws/install/launch_testing_examples:/home/alyazahrarr/ros2_ws/install/examples_rclpy_pointcloud_publisher:/home/alyazahrarr/ros2_ws/install/examples_rclpy_minimal_subscriber:/home/alyazahrarr/ros2_ws/install/examples_rclpy_minimal_service:/home/alyazahrarr/ros2_ws/install/examples_rclpy_minimal_publisher:/home/alyazahrarr/ros2_ws/install/examples_rclpy_minimal_client:/home/alyazahrarr/ros2_ws/install/examples_rclpy_minimal_action_server:/home/alyazahrarr/ros2_ws/install/examples_rclpy_minimal_action_client:/home/alyazahrarr/ros2_ws/install/examples_rclpy_guard_conditions:/home/alyazahrarr/ros2_ws/install/examples_rclpy_executors:/opt/ros/jazzy DEBUGINFOD_URLS=https://debuginfod.ubuntu.com /usr/bin/cmake --install /home/alyazahrarr/tubesss/tubes_dagoz/build/ros2_socketcan_msgs
[1.355s] -- Install configuration: ""
[1.355s] -- Up-to-date: /home/alyazahrarr/tubesss/tubes_dagoz/install/ros2_socketcan_msgs/share/ament_index/resource_index/rosidl_interfaces/ros2_socketcan_msgs
[1.355s] -- Up-to-date: /home/alyazahrarr/tubesss/tubes_dagoz/install/ros2_socketcan_msgs/share/ros2_socketcan_msgs/msg/FdFrame.json
[1.355s] -- Up-to-date: /home/alyazahrarr/tubesss/tubes_dagoz/install/ros2_socketcan_msgs/include/ros2_socketcan_msgs/ros2_socketcan_msgs
[1.356s] -- Up-to-date: /home/alyazahrarr/tubesss/tubes_dagoz/install/ros2_socketcan_msgs/include/ros2_socketcan_msgs/ros2_socketcan_msgs/msg
[1.356s] -- Up-to-date: /home/alyazahrarr/tubesss/tubes_dagoz/install/ros2_socketcan_msgs/include/ros2_socketcan_msgs/ros2_socketcan_msgs/msg/detail
[1.356s] -- Up-to-date: /home/alyazahrarr/tubesss/tubes_dagoz/install/ros2_socketcan_msgs/include/ros2_socketcan_msgs/ros2_socketcan_msgs/msg/detail/fd_frame__type_support.h
[1.357s] -- Up-to-date: /home/alyazahrarr/tubesss/tubes_dagoz/install/ros2_socketcan_msgs/include/ros2_socketcan_msgs/ros2_socketcan_msgs/msg/detail/fd_frame__functions.c
[1.357s] -- Up-to-date: /home/alyazahrarr/tubesss/tubes_dagoz/install/ros2_socketcan_msgs/include/ros2_socketcan_msgs/ros2_socketcan_msgs/msg/detail/fd_frame__functions.h
[1.357s] -- Up-to-date: /home/alyazahrarr/tubesss/tubes_dagoz/install/ros2_socketcan_msgs/include/ros2_socketcan_msgs/ros2_socketcan_msgs/msg/detail/fd_frame__struct.h
[1.357s] -- Up-to-date: /home/alyazahrarr/tubesss/tubes_dagoz/install/ros2_socketcan_msgs/include/ros2_socketcan_msgs/ros2_socketcan_msgs/msg/detail/fd_frame__description.c
[1.358s] -- Installing: /home/alyazahrarr/tubesss/tubes_dagoz/install/ros2_socketcan_msgs/include/ros2_socketcan_msgs/ros2_socketcan_msgs/msg/detail/fd_frame__type_support.c
[1.358s] -- Up-to-date: /home/alyazahrarr/tubesss/tubes_dagoz/install/ros2_socketcan_msgs/include/ros2_socketcan_msgs/ros2_socketcan_msgs/msg/fd_frame.h
[1.358s] -- Up-to-date: /home/alyazahrarr/tubesss/tubes_dagoz/install/ros2_socketcan_msgs/include/ros2_socketcan_msgs/ros2_socketcan_msgs/msg/rosidl_generator_c__visibility_control.h
[1.358s] -- Up-to-date: /home/alyazahrarr/tubesss/tubes_dagoz/install/ros2_socketcan_msgs/share/ros2_socketcan_msgs/environment/library_path.sh
[1.358s] -- Up-to-date: /home/alyazahrarr/tubesss/tubes_dagoz/install/ros2_socketcan_msgs/share/ros2_socketcan_msgs/environment/library_path.dsv
[1.359s] -- Up-to-date: /home/alyazahrarr/tubesss/tubes_dagoz/install/ros2_socketcan_msgs/lib/libros2_socketcan_msgs__rosidl_generator_c.so
[1.359s] -- Up-to-date: /home/alyazahrarr/tubesss/tubes_dagoz/install/ros2_socketcan_msgs/include/ros2_socketcan_msgs/ros2_socketcan_msgs
[1.359s] -- Up-to-date: /home/alyazahrarr/tubesss/tubes_dagoz/install/ros2_socketcan_msgs/include/ros2_socketcan_msgs/ros2_socketcan_msgs/msg
[1.359s] -- Up-to-date: /home/alyazahrarr/tubesss/tubes_dagoz/install/ros2_socketcan_msgs/include/ros2_socketcan_msgs/ros2_socketcan_msgs/msg/detail
[1.360s] -- Up-to-date: /home/alyazahrarr/tubesss/tubes_dagoz/install/ros2_socketcan_msgs/include/ros2_socketcan_msgs/ros2_socketcan_msgs/msg/detail/fd_frame__rosidl_typesupport_fastrtps_c.h
[1.360s] -- Up-to-date: /home/alyazahrarr/tubesss/tubes_dagoz/install/ros2_socketcan_msgs/include/ros2_socketcan_msgs/ros2_socketcan_msgs/msg/rosidl_typesupport_fastrtps_c__visibility_control.h
[1.360s] -- Up-to-date: /home/alyazahrarr/tubesss/tubes_dagoz/install/ros2_socketcan_msgs/lib/libros2_socketcan_msgs__rosidl_typesupport_fastrtps_c.so
[1.360s] -- Up-to-date: /home/alyazahrarr/tubesss/tubes_dagoz/install/ros2_socketcan_msgs/include/ros2_socketcan_msgs/ros2_socketcan_msgs
[1.360s] -- Up-to-date: /home/alyazahrarr/tubesss/tubes_dagoz/install/ros2_socketcan_msgs/include/ros2_socketcan_msgs/ros2_socketcan_msgs/msg
[1.361s] -- Up-to-date: /home/alyazahrarr/tubesss/tubes_dagoz/install/ros2_socketcan_msgs/include/ros2_socketcan_msgs/ros2_socketcan_msgs/msg/detail
[1.361s] -- Up-to-date: /home/alyazahrarr/tubesss/tubes_dagoz/install/ros2_socketcan_msgs/include/ros2_socketcan_msgs/ros2_socketcan_msgs/msg/detail/fd_frame__rosidl_typesupport_introspection_c.h
[1.361s] -- Installing: /home/alyazahrarr/tubesss/tubes_dagoz/install/ros2_socketcan_msgs/include/ros2_socketcan_msgs/ros2_socketcan_msgs/msg/detail/fd_frame__type_support.c
[1.361s] -- Up-to-date: /home/alyazahrarr/tubesss/tubes_dagoz/install/ros2_socketcan_msgs/include/ros2_socketcan_msgs/ros2_socketcan_msgs/msg/rosidl_typesupport_introspection_c__visibility_control.h
[1.361s] -- Up-to-date: /home/alyazahrarr/tubesss/tubes_dagoz/install/ros2_socketcan_msgs/lib/libros2_socketcan_msgs__rosidl_typesupport_introspection_c.so
[1.362s] -- Up-to-date: /home/alyazahrarr/tubesss/tubes_dagoz/install/ros2_socketcan_msgs/lib/libros2_socketcan_msgs__rosidl_typesupport_c.so
[1.362s] -- Up-to-date: /home/alyazahrarr/tubesss/tubes_dagoz/install/ros2_socketcan_msgs/include/ros2_socketcan_msgs/ros2_socketcan_msgs
[1.362s] -- Up-to-date: /home/alyazahrarr/tubesss/tubes_dagoz/install/ros2_socketcan_msgs/include/ros2_socketcan_msgs/ros2_socketcan_msgs/msg
[1.362s] -- Up-to-date: /home/alyazahrarr/tubesss/tubes_dagoz/install/ros2_socketcan_msgs/include/ros2_socketcan_msgs/ros2_socketcan_msgs/msg/detail
[1.363s] -- Up-to-date: /home/alyazahrarr/tubesss/tubes_dagoz/install/ros2_socketcan_msgs/include/ros2_socketcan_msgs/ros2_socketcan_msgs/msg/detail/fd_frame__traits.hpp
[1.363s] -- Up-to-date: /home/alyazahrarr/tubesss/tubes_dagoz/install/ros2_socketcan_msgs/include/ros2_socketcan_msgs/ros2_socketcan_msgs/msg/detail/fd_frame__builder.hpp
[1.363s] -- Up-to-date: /home/alyazahrarr/tubesss/tubes_dagoz/install/ros2_socketcan_msgs/include/ros2_socketcan_msgs/ros2_socketcan_msgs/msg/detail/fd_frame__struct.hpp
[1.363s] -- Up-to-date: /home/alyazahrarr/tubesss/tubes_dagoz/install/ros2_socketcan_msgs/include/ros2_socketcan_msgs/ros2_socketcan_msgs/msg/detail/fd_frame__type_support.hpp
[1.364s] -- Up-to-date: /home/alyazahrarr/tubesss/tubes_dagoz/install/ros2_socketcan_msgs/include/ros2_socketcan_msgs/ros2_socketcan_msgs/msg/rosidl_generator_cpp__visibility_control.hpp
[1.364s] -- Up-to-date: /home/alyazahrarr/tubesss/tubes_dagoz/install/ros2_socketcan_msgs/include/ros2_socketcan_msgs/ros2_socketcan_msgs/msg/fd_frame.hpp
[1.364s] -- Up-to-date: /home/alyazahrarr/tubesss/tubes_dagoz/install/ros2_socketcan_msgs/include/ros2_socketcan_msgs/ros2_socketcan_msgs
[1.364s] -- Up-to-date: /home/alyazahrarr/tubesss/tubes_dagoz/install/ros2_socketcan_msgs/include/ros2_socketcan_msgs/ros2_socketcan_msgs/msg
[1.364s] -- Up-to-date: /home/alyazahrarr/tubesss/tubes_dagoz/install/ros2_socketcan_msgs/include/ros2_socketcan_msgs/ros2_socketcan_msgs/msg/detail
[1.365s] -- Up-to-date: /home/alyazahrarr/tubesss/tubes_dagoz/install/ros2_socketcan_msgs/include/ros2_socketcan_msgs/ros2_socketcan_msgs/msg/detail/fd_frame__rosidl_typesupport_fastrtps_cpp.hpp
[1.365s] -- Up-to-date: /home/alyazahrarr/tubesss/tubes_dagoz/install/ros2_socketcan_msgs/include/ros2_socketcan_msgs/ros2_socketcan_msgs/msg/detail/dds_fastrtps
[1.365s] -- Up-to-date: /home/alyazahrarr/tubesss/tubes_dagoz/install/ros2_socketcan_msgs/include/ros2_socketcan_msgs/ros2_socketcan_msgs/msg/rosidl_typesupport_fastrtps_cpp__visibility_control.h
[1.365s] -- Up-to-date: /home/alyazahrarr/tubesss/tubes_dagoz/install/ros2_socketcan_msgs/lib/libros2_socketcan_msgs__rosidl_typesupport_fastrtps_cpp.so
[1.366s] -- Up-to-date: /home/alyazahrarr/tubesss/tubes_dagoz/install/ros2_socketcan_msgs/include/ros2_socketcan_msgs/ros2_socketcan_msgs
[1.366s] -- Up-to-date: /home/alyazahrarr/tubesss/tubes_dagoz/install/ros2_socketcan_msgs/include/ros2_socketcan_msgs/ros2_socketcan_msgs/msg
[1.366s] -- Up-to-date: /home/alyazahrarr/tubesss/tubes_dagoz/install/ros2_socketcan_msgs/include/ros2_socketcan_msgs/ros2_socketcan_msgs/msg/detail
[1.366s] -- Up-to-date: /home/alyazahrarr/tubesss/tubes_dagoz/install/ros2_socketcan_msgs/include/ros2_socketcan_msgs/ros2_socketcan_msgs/msg/detail/fd_frame__rosidl_typesupport_introspection_cpp.hpp
[1.366s] -- Up-to-date: /home/alyazahrarr/tubesss/tubes_dagoz/install/ros2_socketcan_msgs/include/ros2_socketcan_msgs/ros2_socketcan_msgs/msg/detail/fd_frame__type_support.cpp
[1.367s] -- Up-to-date: /home/alyazahrarr/tubesss/tubes_dagoz/install/ros2_socketcan_msgs/lib/libros2_socketcan_msgs__rosidl_typesupport_introspection_cpp.so
[1.367s] -- Up-to-date: /home/alyazahrarr/tubesss/tubes_dagoz/install/ros2_socketcan_msgs/lib/libros2_socketcan_msgs__rosidl_typesupport_cpp.so
[1.367s] -- Up-to-date: /home/alyazahrarr/tubesss/tubes_dagoz/install/ros2_socketcan_msgs/share/ros2_socketcan_msgs/environment/pythonpath.sh
[1.367s] -- Up-to-date: /home/alyazahrarr/tubesss/tubes_dagoz/install/ros2_socketcan_msgs/share/ros2_socketcan_msgs/environment/pythonpath.dsv
[1.367s] -- Up-to-date: /home/alyazahrarr/tubesss/tubes_dagoz/install/ros2_socketcan_msgs/lib/python3.12/site-packages/ros2_socketcan_msgs-1.3.0-py3.12.egg-info
[1.368s] -- Installing: /home/alyazahrarr/tubesss/tubes_dagoz/install/ros2_socketcan_msgs/lib/python3.12/site-packages/ros2_socketcan_msgs-1.3.0-py3.12.egg-info/dependency_links.txt
[1.368s] -- Installing: /home/alyazahrarr/tubesss/tubes_dagoz/install/ros2_socketcan_msgs/lib/python3.12/site-packages/ros2_socketcan_msgs-1.3.0-py3.12.egg-info/SOURCES.txt
[1.368s] -- Installing: /home/alyazahrarr/tubesss/tubes_dagoz/install/ros2_socketcan_msgs/lib/python3.12/site-packages/ros2_socketcan_msgs-1.3.0-py3.12.egg-info/PKG-INFO
[1.368s] -- Installing: /home/alyazahrarr/tubesss/tubes_dagoz/install/ros2_socketcan_msgs/lib/python3.12/site-packages/ros2_socketcan_msgs-1.3.0-py3.12.egg-info/top_level.txt
[1.369s] -- Up-to-date: /home/alyazahrarr/tubesss/tubes_dagoz/install/ros2_socketcan_msgs/lib/python3.12/site-packages/ros2_socketcan_msgs
[1.369s] -- Up-to-date: /home/alyazahrarr/tubesss/tubes_dagoz/install/ros2_socketcan_msgs/lib/python3.12/site-packages/ros2_socketcan_msgs/_ros2_socketcan_msgs_s.ep.rosidl_typesupport_fastrtps_c.c
[1.369s] -- Up-to-date: /home/alyazahrarr/tubesss/tubes_dagoz/install/ros2_socketcan_msgs/lib/python3.12/site-packages/ros2_socketcan_msgs/_ros2_socketcan_msgs_s.ep.rosidl_typesupport_c.c
[1.369s] -- Up-to-date: /home/alyazahrarr/tubesss/tubes_dagoz/install/ros2_socketcan_msgs/lib/python3.12/site-packages/ros2_socketcan_msgs/ros2_socketcan_msgs_s__rosidl_typesupport_fastrtps_c.so
[1.369s] -- Up-to-date: /home/alyazahrarr/tubesss/tubes_dagoz/install/ros2_socketcan_msgs/lib/python3.12/site-packages/ros2_socketcan_msgs/ros2_socketcan_msgs_s__rosidl_typesupport_introspection_c.so
[1.370s] -- Up-to-date: /home/alyazahrarr/tubesss/tubes_dagoz/install/ros2_socketcan_msgs/lib/python3.12/site-packages/ros2_socketcan_msgs/ros2_socketcan_msgs_s__rosidl_typesupport_c.so
[1.370s] -- Up-to-date: /home/alyazahrarr/tubesss/tubes_dagoz/install/ros2_socketcan_msgs/lib/python3.12/site-packages/ros2_socketcan_msgs/__init__.py
[1.370s] -- Up-to-date: /home/alyazahrarr/tubesss/tubes_dagoz/install/ros2_socketcan_msgs/lib/python3.12/site-packages/ros2_socketcan_msgs/_ros2_socketcan_msgs_s.ep.rosidl_typesupport_introspection_c.c
[1.370s] -- Up-to-date: /home/alyazahrarr/tubesss/tubes_dagoz/install/ros2_socketcan_msgs/lib/python3.12/site-packages/ros2_socketcan_msgs/msg
[1.370s] -- Up-to-date: /home/alyazahrarr/tubesss/tubes_dagoz/install/ros2_socketcan_msgs/lib/python3.12/site-packages/ros2_socketcan_msgs/msg/__init__.py
[1.371s] -- Up-to-date: /home/alyazahrarr/tubesss/tubes_dagoz/install/ros2_socketcan_msgs/lib/python3.12/site-packages/ros2_socketcan_msgs/msg/_fd_frame.py
[1.371s] -- Up-to-date: /home/alyazahrarr/tubesss/tubes_dagoz/install/ros2_socketcan_msgs/lib/python3.12/site-packages/ros2_socketcan_msgs/msg/_fd_frame_s.c
[1.465s] Listing '/home/alyazahrarr/tubesss/tubes_dagoz/install/ros2_socketcan_msgs/lib/python3.12/site-packages/ros2_socketcan_msgs'...
[1.465s] Listing '/home/alyazahrarr/tubesss/tubes_dagoz/install/ros2_socketcan_msgs/lib/python3.12/site-packages/ros2_socketcan_msgs/msg'...
[1.484s] -- Up-to-date: /home/alyazahrarr/tubesss/tubes_dagoz/install/ros2_socketcan_msgs/lib/python3.12/site-packages/ros2_socketcan_msgs/ros2_socketcan_msgs_s__rosidl_typesupport_fastrtps_c.so
[1.486s] -- Up-to-date: /home/alyazahrarr/tubesss/tubes_dagoz/install/ros2_socketcan_msgs/lib/python3.12/site-packages/ros2_socketcan_msgs/ros2_socketcan_msgs_s__rosidl_typesupport_introspection_c.so
[1.487s] -- Up-to-date: /home/alyazahrarr/tubesss/tubes_dagoz/install/ros2_socketcan_msgs/lib/python3.12/site-packages/ros2_socketcan_msgs/ros2_socketcan_msgs_s__rosidl_typesupport_c.so
[1.487s] -- Up-to-date: /home/alyazahrarr/tubesss/tubes_dagoz/install/ros2_socketcan_msgs/lib/libros2_socketcan_msgs__rosidl_generator_py.so
[1.487s] -- Up-to-date: /home/alyazahrarr/tubesss/tubes_dagoz/install/ros2_socketcan_msgs/share/ros2_socketcan_msgs/msg/FdFrame.idl
[1.490s] -- Up-to-date: /home/alyazahrarr/tubesss/tubes_dagoz/install/ros2_socketcan_msgs/share/ros2_socketcan_msgs/msg/FdFrame.msg
[1.490s] -- Up-to-date: /home/alyazahrarr/tubesss/tubes_dagoz/install/ros2_socketcan_msgs/share/ament_index/resource_index/package_run_dependencies/ros2_socketcan_msgs
[1.490s] -- Up-to-date: /home/alyazahrarr/tubesss/tubes_dagoz/install/ros2_socketcan_msgs/share/ament_index/resource_index/parent_prefix_path/ros2_socketcan_msgs
[1.491s] -- Up-to-date: /home/alyazahrarr/tubesss/tubes_dagoz/install/ros2_socketcan_msgs/share/ros2_socketcan_msgs/environment/ament_prefix_path.sh
[1.491s] -- Up-to-date: /home/alyazahrarr/tubesss/tubes_dagoz/install/ros2_socketcan_msgs/share/ros2_socketcan_msgs/environment/ament_prefix_path.dsv
[1.491s] -- Up-to-date: /home/alyazahrarr/tubesss/tubes_dagoz/install/ros2_socketcan_msgs/share/ros2_socketcan_msgs/environment/path.sh
[1.492s] -- Up-to-date: /home/alyazahrarr/tubesss/tubes_dagoz/install/ros2_socketcan_msgs/share/ros2_socketcan_msgs/environment/path.dsv
[1.492s] -- Up-to-date: /home/alyazahrarr/tubesss/tubes_dagoz/install/ros2_socketcan_msgs/share/ros2_socketcan_msgs/local_setup.bash
[1.492s] -- Up-to-date: /home/alyazahrarr/tubesss/tubes_dagoz/install/ros2_socketcan_msgs/share/ros2_socketcan_msgs/local_setup.sh
[1.493s] -- Up-to-date: /home/alyazahrarr/tubesss/tubes_dagoz/install/ros2_socketcan_msgs/share/ros2_socketcan_msgs/local_setup.zsh
[1.493s] -- Up-to-date: /home/alyazahrarr/tubesss/tubes_dagoz/install/ros2_socketcan_msgs/share/ros2_socketcan_msgs/local_setup.dsv
[1.493s] -- Installing: /home/alyazahrarr/tubesss/tubes_dagoz/install/ros2_socketcan_msgs/share/ros2_socketcan_msgs/package.dsv
[1.493s] -- Up-to-date: /home/alyazahrarr/tubesss/tubes_dagoz/install/ros2_socketcan_msgs/share/ament_index/resource_index/packages/ros2_socketcan_msgs
[1.493s] -- Up-to-date: /home/alyazahrarr/tubesss/tubes_dagoz/install/ros2_socketcan_msgs/share/ros2_socketcan_msgs/cmake/export_ros2_socketcan_msgs__rosidl_generator_cExport.cmake
[1.493s] -- Up-to-date: /home/alyazahrarr/tubesss/tubes_dagoz/install/ros2_socketcan_msgs/share/ros2_socketcan_msgs/cmake/export_ros2_socketcan_msgs__rosidl_generator_cExport-noconfig.cmake
[1.493s] -- Up-to-date: /home/alyazahrarr/tubesss/tubes_dagoz/install/ros2_socketcan_msgs/share/ros2_socketcan_msgs/cmake/export_ros2_socketcan_msgs__rosidl_typesupport_fastrtps_cExport.cmake
[1.493s] -- Up-to-date: /home/alyazahrarr/tubesss/tubes_dagoz/install/ros2_socketcan_msgs/share/ros2_socketcan_msgs/cmake/export_ros2_socketcan_msgs__rosidl_typesupport_fastrtps_cExport-noconfig.cmake
[1.494s] -- Up-to-date: /home/alyazahrarr/tubesss/tubes_dagoz/install/ros2_socketcan_msgs/share/ros2_socketcan_msgs/cmake/ros2_socketcan_msgs__rosidl_typesupport_introspection_cExport.cmake
[1.494s] -- Up-to-date: /home/alyazahrarr/tubesss/tubes_dagoz/install/ros2_socketcan_msgs/share/ros2_socketcan_msgs/cmake/ros2_socketcan_msgs__rosidl_typesupport_introspection_cExport-noconfig.cmake
[1.494s] -- Up-to-date: /home/alyazahrarr/tubesss/tubes_dagoz/install/ros2_socketcan_msgs/share/ros2_socketcan_msgs/cmake/ros2_socketcan_msgs__rosidl_typesupport_cExport.cmake
[1.494s] -- Up-to-date: /home/alyazahrarr/tubesss/tubes_dagoz/install/ros2_socketcan_msgs/share/ros2_socketcan_msgs/cmake/ros2_socketcan_msgs__rosidl_typesupport_cExport-noconfig.cmake
[1.494s] -- Up-to-date: /home/alyazahrarr/tubesss/tubes_dagoz/install/ros2_socketcan_msgs/share/ros2_socketcan_msgs/cmake/export_ros2_socketcan_msgs__rosidl_generator_cppExport.cmake
[1.494s] -- Up-to-date: /home/alyazahrarr/tubesss/tubes_dagoz/install/ros2_socketcan_msgs/share/ros2_socketcan_msgs/cmake/export_ros2_socketcan_msgs__rosidl_typesupport_fastrtps_cppExport.cmake
[1.495s] -- Up-to-date: /home/alyazahrarr/tubesss/tubes_dagoz/install/ros2_socketcan_msgs/share/ros2_socketcan_msgs/cmake/export_ros2_socketcan_msgs__rosidl_typesupport_fastrtps_cppExport-noconfig.cmake
[1.495s] -- Up-to-date: /home/alyazahrarr/tubesss/tubes_dagoz/install/ros2_socketcan_msgs/share/ros2_socketcan_msgs/cmake/ros2_socketcan_msgs__rosidl_typesupport_introspection_cppExport.cmake
[1.495s] -- Up-to-date: /home/alyazahrarr/tubesss/tubes_dagoz/install/ros2_socketcan_msgs/share/ros2_socketcan_msgs/cmake/ros2_socketcan_msgs__rosidl_typesupport_introspection_cppExport-noconfig.cmake
[1.495s] -- Up-to-date: /home/alyazahrarr/tubesss/tubes_dagoz/install/ros2_socketcan_msgs/share/ros2_socketcan_msgs/cmake/ros2_socketcan_msgs__rosidl_typesupport_cppExport.cmake
[1.495s] -- Up-to-date: /home/alyazahrarr/tubesss/tubes_dagoz/install/ros2_socketcan_msgs/share/ros2_socketcan_msgs/cmake/ros2_socketcan_msgs__rosidl_typesupport_cppExport-noconfig.cmake
[1.496s] -- Up-to-date: /home/alyazahrarr/tubesss/tubes_dagoz/install/ros2_socketcan_msgs/share/ros2_socketcan_msgs/cmake/export_ros2_socketcan_msgs__rosidl_generator_pyExport.cmake
[1.496s] -- Up-to-date: /home/alyazahrarr/tubesss/tubes_dagoz/install/ros2_socketcan_msgs/share/ros2_socketcan_msgs/cmake/export_ros2_socketcan_msgs__rosidl_generator_pyExport-noconfig.cmake
[1.496s] -- Up-to-date: /home/alyazahrarr/tubesss/tubes_dagoz/install/ros2_socketcan_msgs/share/ros2_socketcan_msgs/cmake/rosidl_cmake-extras.cmake
[1.496s] -- Up-to-date: /home/alyazahrarr/tubesss/tubes_dagoz/install/ros2_socketcan_msgs/share/ros2_socketcan_msgs/cmake/ament_cmake_export_dependencies-extras.cmake
[1.496s] -- Up-to-date: /home/alyazahrarr/tubesss/tubes_dagoz/install/ros2_socketcan_msgs/share/ros2_socketcan_msgs/cmake/ament_cmake_export_include_directories-extras.cmake
[1.496s] -- Up-to-date: /home/alyazahrarr/tubesss/tubes_dagoz/install/ros2_socketcan_msgs/share/ros2_socketcan_msgs/cmake/ament_cmake_export_libraries-extras.cmake
[1.496s] -- Up-to-date: /home/alyazahrarr/tubesss/tubes_dagoz/install/ros2_socketcan_msgs/share/ros2_socketcan_msgs/cmake/ament_cmake_export_targets-extras.cmake
[1.497s] -- Up-to-date: /home/alyazahrarr/tubesss/tubes_dagoz/install/ros2_socketcan_msgs/share/ros2_socketcan_msgs/cmake/rosidl_cmake_export_typesupport_targets-extras.cmake
[1.497s] -- Up-to-date: /home/alyazahrarr/tubesss/tubes_dagoz/install/ros2_socketcan_msgs/share/ros2_socketcan_msgs/cmake/rosidl_cmake_export_typesupport_libraries-extras.cmake
[1.497s] -- Up-to-date: /home/alyazahrarr/tubesss/tubes_dagoz/install/ros2_socketcan_msgs/share/ros2_socketcan_msgs/cmake/ros2_socketcan_msgsConfig.cmake
[1.497s] -- Up-to-date: /home/alyazahrarr/tubesss/tubes_dagoz/install/ros2_socketcan_msgs/share/ros2_socketcan_msgs/cmake/ros2_socketcan_msgsConfig-version.cmake
[1.497s] -- Up-to-date: /home/alyazahrarr/tubesss/tubes_dagoz/install/ros2_socketcan_msgs/share/ros2_socketcan_msgs/package.xml
[1.517s] Invoked command in '/home/alyazahrarr/tubesss/tubes_dagoz/build/ros2_socketcan_msgs' returned '0': CMAKE_PREFIX_PATH=${CMAKE_PREFIX_PATH}:/home/alyazahrarr/ros2_ws/install/launch_testing_examples:/home/alyazahrarr/ros2_ws/install/examples_rclpy_pointcloud_publisher:/home/alyazahrarr/ros2_ws/install/examples_rclpy_minimal_subscriber:/home/alyazahrarr/ros2_ws/install/examples_rclpy_minimal_service:/home/alyazahrarr/ros2_ws/install/examples_rclpy_minimal_publisher:/home/alyazahrarr/ros2_ws/install/examples_rclpy_minimal_client:/home/alyazahrarr/ros2_ws/install/examples_rclpy_minimal_action_server:/home/alyazahrarr/ros2_ws/install/examples_rclpy_minimal_action_client:/home/alyazahrarr/ros2_ws/install/examples_rclpy_guard_conditions:/home/alyazahrarr/ros2_ws/install/examples_rclpy_executors:/opt/ros/jazzy DEBUGINFOD_URLS=https://debuginfod.ubuntu.com /usr/bin/cmake --install /home/alyazahrarr/tubesss/tubes_dagoz/build/ros2_socketcan_msgs
