-- Found ament_cmake: 2.5.2 (/opt/ros/jazzy/share/ament_cmake/cmake)
-- Found rclcpp: 28.1.3 (/opt/ros/jazzy/share/rclcpp/cmake)
-- Found rosidl_generator_c: 4.6.3 (/opt/ros/jazzy/share/rosidl_generator_c/cmake)
-- Found rosidl_generator_cpp: 4.6.3 (/opt/ros/jazzy/share/rosidl_generator_cpp/cmake)
-- Using all available rosidl_typesupport_c: rosidl_typesupport_fastrtps_c;rosidl_typesupport_introspection_c
-- Using all available rosidl_typesupport_cpp: rosidl_typesupport_fastrtps_cpp;rosidl_typesupport_introspection_cpp
-- Found rmw_implementation_cmake: 7.3.1 (/opt/ros/jazzy/share/rmw_implementation_cmake/cmake)
-- Found rmw_fastrtps_cpp: 8.4.1 (/opt/ros/jazzy/share/rmw_fastrtps_cpp/cmake)
-- Using RMW implementation 'rmw_fastrtps_cpp' as default
-- Found std_msgs: 5.3.5 (/opt/ros/jazzy/share/std_msgs/cmake)
-- Found rosidl_default_generators: 1.6.0 (/opt/ros/jazzy/share/rosidl_default_generators/cmake)
-- Found rosidl_adapter: 4.6.3 (/opt/ros/jazzy/share/rosidl_adapter/cmake)
-- Found geometry_msgs: 5.3.5 (/opt/ros/jazzy/share/geometry_msgs/cmake)
-- Found ament_lint_auto: 0.17.1 (/opt/ros/jazzy/share/ament_lint_auto/cmake)
-- Added test 'cppcheck' to perform static code analysis on C / C++ code
-- Configured cppcheck include dirs: /home/alyazahrarr/tubes_dagoz/src/control/include
-- Configured cppcheck exclude dirs and/or files: 
-- Added test 'lint_cmake' to check CMake code style
-- Added test 'uncrustify' to check C / C++ code style
-- Configured uncrustify additional arguments: 
-- Added test 'xmllint' to check XML markup files
-- Configuring done (1.9s)
-- Generating done (0.0s)
-- Build files have been written to: /home/alyazahrarr/tubes_dagoz/build/control
[ 25%] [32mBuilding CXX object CMakeFiles/translator_node.dir/src/translator_node.cpp.o[0m
[ 75%] Built target keyboard_input
In file included from [01m[K/opt/ros/jazzy/include/rclcpp/rclcpp/logging.hpp:24[m[K,
                 from [01m[K/opt/ros/jazzy/include/rclcpp/rclcpp/copy_all_parameter_values.hpp:27[m[K,
                 from [01m[K/opt/ros/jazzy/include/rclcpp/rclcpp/rclcpp.hpp:171[m[K,
                 from [01m[K/home/alyazahrarr/tubes_dagoz/src/control/src/translator_node.cpp:3[m[K:
[01m[K/home/alyazahrarr/tubes_dagoz/src/control/src/translator_node.cpp:[m[K In lambda function:
[01m[K/home/alyazahrarr/tubes_dagoz/src/control/src/translator_node.cpp:13:41:[m[K [01;35m[Kwarning: [m[Kformat ‘[01m[K%s[m[K’ expects argument of type ‘[01m[Kchar*[m[K’, but argument 5 has type ‘[01m[Kgeometry_msgs::msg::Vector3_<std::allocator<void> >::_x_type[m[K’ {aka ‘[01m[Kdouble[m[K’} [[01;35m[K]8;;https://gcc.gnu.org/onlinedocs/gcc/Warning-Options.html#index-Wformat=-Wformat=]8;;[m[K]
   13 |         RCLCPP_INFO(this->get_logger(), [01;35m[K"Linear x: '%s'"[m[K, [32m[Kmsg.linear.x[m[K);
      |                                         [01;35m[K^~~~~~~~~~~~~~~~[m[K  [32m[K~~~~~~~~~~~~[m[K
      |                                                                      [32m[K|[m[K
      |                                                                      [32m[Kgeometry_msgs::msg::Vector3_<std::allocator<void> >::_x_type {aka double}[m[K
[01m[K/home/alyazahrarr/tubes_dagoz/src/control/src/translator_node.cpp:13:54:[m[K [01;36m[Knote: [m[Kformat string is defined here
   13 |         RCLCPP_INFO(this->get_logger(), "Linear x: '[01;36m[K%s[m[K'", msg.linear.x);
      |                                                     [01;36m[K~^[m[K
      |                                                      [01;36m[K|[m[K
      |                                                      [01;36m[Kchar*[m[K
      |                                                     [32m[K%f[m[K
[100%] [32m[1mLinking CXX executable translator_node[0m
[100%] Built target translator_node
-- Install configuration: ""
-- Up-to-date: /home/alyazahrarr/tubes_dagoz/install/control/lib/control/keyboard_input
-- Installing: /home/alyazahrarr/tubes_dagoz/install/control/lib/control/translator_node
-- Set non-toolchain portion of runtime path of "/home/alyazahrarr/tubes_dagoz/install/control/lib/control/translator_node" to ""
-- Up-to-date: /home/alyazahrarr/tubes_dagoz/install/control/share/ament_index/resource_index/package_run_dependencies/control
-- Up-to-date: /home/alyazahrarr/tubes_dagoz/install/control/share/ament_index/resource_index/parent_prefix_path/control
-- Up-to-date: /home/alyazahrarr/tubes_dagoz/install/control/share/control/environment/ament_prefix_path.sh
-- Up-to-date: /home/alyazahrarr/tubes_dagoz/install/control/share/control/environment/ament_prefix_path.dsv
-- Up-to-date: /home/alyazahrarr/tubes_dagoz/install/control/share/control/environment/path.sh
-- Up-to-date: /home/alyazahrarr/tubes_dagoz/install/control/share/control/environment/path.dsv
-- Up-to-date: /home/alyazahrarr/tubes_dagoz/install/control/share/control/local_setup.bash
-- Up-to-date: /home/alyazahrarr/tubes_dagoz/install/control/share/control/local_setup.sh
-- Up-to-date: /home/alyazahrarr/tubes_dagoz/install/control/share/control/local_setup.zsh
-- Up-to-date: /home/alyazahrarr/tubes_dagoz/install/control/share/control/local_setup.dsv
-- Installing: /home/alyazahrarr/tubes_dagoz/install/control/share/control/package.dsv
-- Up-to-date: /home/alyazahrarr/tubes_dagoz/install/control/share/ament_index/resource_index/packages/control
-- Up-to-date: /home/alyazahrarr/tubes_dagoz/install/control/share/control/cmake/ament_cmake_export_dependencies-extras.cmake
-- Up-to-date: /home/alyazahrarr/tubes_dagoz/install/control/share/control/cmake/controlConfig.cmake
-- Up-to-date: /home/alyazahrarr/tubes_dagoz/install/control/share/control/cmake/controlConfig-version.cmake
-- Up-to-date: /home/alyazahrarr/tubes_dagoz/install/control/share/control/package.xml
