[0.011s] Invoking command in '/home/adha/belajar/ws1/build/ros2_socketcan': CMAKE_PREFIX_PATH=/home/adha/belajar/ws1/install/ros2_socketcan_msgs:/home/adha/belajar/ws1/install/can_msgs:/home/adha/belajar/ws1/install/control:/home/adha/belajar/ws1/install/ros2_socketcan:/home/adha/belajar/ws1/install/msgs:/opt/ros/jazzy/opt/gz_math_vendor:/opt/ros/jazzy/opt/gz_utils_vendor:/opt/ros/jazzy/opt/gz_cmake_vendor:/opt/ros/jazzy DEBUGINFOD_URLS=https://debuginfod.ubuntu.com LD_LIBRARY_PATH=/home/adha/belajar/ws1/install/ros2_socketcan_msgs/lib:/home/adha/belajar/ws1/install/can_msgs/lib:/home/adha/belajar/ws1/install/ros2_socketcan/lib:/home/adha/belajar/ws1/install/msgs/lib:/opt/ros/jazzy/opt/rviz_ogre_vendor/lib:/opt/ros/jazzy/lib/x86_64-linux-gnu:/opt/ros/jazzy/opt/gz_math_vendor/lib:/opt/ros/jazzy/opt/gz_utils_vendor/lib:/opt/ros/jazzy/opt/gz_cmake_vendor/lib:/opt/ros/jazzy/lib PYTHONPATH=/home/adha/belajar/ws1/install/ros2_socketcan_msgs/lib/python3.12/site-packages:/home/adha/belajar/ws1/install/can_msgs/lib/python3.12/site-packages:/home/adha/belajar/ws1/install/msgs/lib/python3.12/site-packages:/opt/ros/jazzy/lib/python3.12/site-packages /usr/bin/cmake --build /home/adha/belajar/ws1/build/ros2_socketcan -- -j12 -l12
[0.056s] [ 19%] [32m[1mLinking CXX shared library libros2_socketcan.so[0m
[0.057s] [ 23%] Built target gtest_main
[0.057s] [ 23%] Built target gtest
[0.057s] [ 33%] Built target socket_can_receiver_node_exe
[0.057s] [ 42%] Built target socket_can_sender_node_exe
[0.184s] [ 61%] Built target ros2_socketcan
[0.205s] [ 71%] [32m[1mLinking CXX executable ros2_socketcan_test[0m
[0.205s] [ 71%] [32mBuilding CXX object CMakeFiles/socket_can_receiver_node.dir/src/socket_can_receiver_node.cpp.o[0m
[0.371s] [ 85%] Built target ros2_socketcan_test
[4.470s] [ 90%] [32m[1mLinking CXX shared library libsocket_can_receiver_node.so[0m
[4.625s] [ 90%] Built target socket_can_receiver_node
[4.651s] [ 95%] [32mBuilding CXX object CMakeFiles/socket_can_sender_node.dir/src/socket_can_sender_node.cpp.o[0m
[11.759s] [100%] [32m[1mLinking CXX shared library libsocket_can_sender_node.so[0m
[12.004s] [100%] Built target socket_can_sender_node
[12.013s] Invoked command in '/home/adha/belajar/ws1/build/ros2_socketcan' returned '0': CMAKE_PREFIX_PATH=/home/adha/belajar/ws1/install/ros2_socketcan_msgs:/home/adha/belajar/ws1/install/can_msgs:/home/adha/belajar/ws1/install/control:/home/adha/belajar/ws1/install/ros2_socketcan:/home/adha/belajar/ws1/install/msgs:/opt/ros/jazzy/opt/gz_math_vendor:/opt/ros/jazzy/opt/gz_utils_vendor:/opt/ros/jazzy/opt/gz_cmake_vendor:/opt/ros/jazzy DEBUGINFOD_URLS=https://debuginfod.ubuntu.com LD_LIBRARY_PATH=/home/adha/belajar/ws1/install/ros2_socketcan_msgs/lib:/home/adha/belajar/ws1/install/can_msgs/lib:/home/adha/belajar/ws1/install/ros2_socketcan/lib:/home/adha/belajar/ws1/install/msgs/lib:/opt/ros/jazzy/opt/rviz_ogre_vendor/lib:/opt/ros/jazzy/lib/x86_64-linux-gnu:/opt/ros/jazzy/opt/gz_math_vendor/lib:/opt/ros/jazzy/opt/gz_utils_vendor/lib:/opt/ros/jazzy/opt/gz_cmake_vendor/lib:/opt/ros/jazzy/lib PYTHONPATH=/home/adha/belajar/ws1/install/ros2_socketcan_msgs/lib/python3.12/site-packages:/home/adha/belajar/ws1/install/can_msgs/lib/python3.12/site-packages:/home/adha/belajar/ws1/install/msgs/lib/python3.12/site-packages:/opt/ros/jazzy/lib/python3.12/site-packages /usr/bin/cmake --build /home/adha/belajar/ws1/build/ros2_socketcan -- -j12 -l12
[12.067s] Invoking command in '/home/adha/belajar/ws1/build/ros2_socketcan': CMAKE_PREFIX_PATH=/home/adha/belajar/ws1/install/ros2_socketcan_msgs:/home/adha/belajar/ws1/install/can_msgs:/home/adha/belajar/ws1/install/control:/home/adha/belajar/ws1/install/ros2_socketcan:/home/adha/belajar/ws1/install/msgs:/opt/ros/jazzy/opt/gz_math_vendor:/opt/ros/jazzy/opt/gz_utils_vendor:/opt/ros/jazzy/opt/gz_cmake_vendor:/opt/ros/jazzy DEBUGINFOD_URLS=https://debuginfod.ubuntu.com LD_LIBRARY_PATH=/home/adha/belajar/ws1/install/ros2_socketcan_msgs/lib:/home/adha/belajar/ws1/install/can_msgs/lib:/home/adha/belajar/ws1/install/ros2_socketcan/lib:/home/adha/belajar/ws1/install/msgs/lib:/opt/ros/jazzy/opt/rviz_ogre_vendor/lib:/opt/ros/jazzy/lib/x86_64-linux-gnu:/opt/ros/jazzy/opt/gz_math_vendor/lib:/opt/ros/jazzy/opt/gz_utils_vendor/lib:/opt/ros/jazzy/opt/gz_cmake_vendor/lib:/opt/ros/jazzy/lib PYTHONPATH=/home/adha/belajar/ws1/install/ros2_socketcan_msgs/lib/python3.12/site-packages:/home/adha/belajar/ws1/install/can_msgs/lib/python3.12/site-packages:/home/adha/belajar/ws1/install/msgs/lib/python3.12/site-packages:/opt/ros/jazzy/lib/python3.12/site-packages /usr/bin/cmake --install /home/adha/belajar/ws1/build/ros2_socketcan
[12.073s] -- Install configuration: ""
[12.073s] -- Up-to-date: /home/adha/belajar/ws1/install/ros2_socketcan/lib/ros2_socketcan/socket_can_receiver_node_exe
[12.074s] -- Up-to-date: /home/adha/belajar/ws1/install/ros2_socketcan/lib/ros2_socketcan/socket_can_sender_node_exe
[12.074s] -- Up-to-date: /home/adha/belajar/ws1/install/ros2_socketcan/include
[12.074s] -- Up-to-date: /home/adha/belajar/ws1/install/ros2_socketcan/include/ros2_socketcan
[12.074s] -- Up-to-date: /home/adha/belajar/ws1/install/ros2_socketcan/include/ros2_socketcan/socket_can_id.hpp
[12.074s] -- Up-to-date: /home/adha/belajar/ws1/install/ros2_socketcan/include/ros2_socketcan/socket_can_sender_node.hpp
[12.074s] -- Up-to-date: /home/adha/belajar/ws1/install/ros2_socketcan/include/ros2_socketcan/socket_can_sender.hpp
[12.074s] -- Up-to-date: /home/adha/belajar/ws1/install/ros2_socketcan/include/ros2_socketcan/visibility_control.hpp
[12.074s] -- Up-to-date: /home/adha/belajar/ws1/install/ros2_socketcan/include/ros2_socketcan/socket_can_receiver_node.hpp
[12.074s] -- Up-to-date: /home/adha/belajar/ws1/install/ros2_socketcan/include/ros2_socketcan/socket_can_common.hpp
[12.074s] -- Up-to-date: /home/adha/belajar/ws1/install/ros2_socketcan/include/ros2_socketcan/socket_can_receiver.hpp
[12.074s] -- Up-to-date: /home/adha/belajar/ws1/install/ros2_socketcan/share/ros2_socketcan/environment/library_path.sh
[12.075s] -- Up-to-date: /home/adha/belajar/ws1/install/ros2_socketcan/share/ros2_socketcan/environment/library_path.dsv
[12.075s] -- Installing: /home/adha/belajar/ws1/install/ros2_socketcan/lib/libros2_socketcan.so
[12.075s] -- Set non-toolchain portion of runtime path of "/home/adha/belajar/ws1/install/ros2_socketcan/lib/libros2_socketcan.so" to ""
[12.075s] -- Installing: /home/adha/belajar/ws1/install/ros2_socketcan/lib/libsocket_can_receiver_node.so
[12.078s] -- Set non-toolchain portion of runtime path of "/home/adha/belajar/ws1/install/ros2_socketcan/lib/libsocket_can_receiver_node.so" to ""
[12.078s] -- Installing: /home/adha/belajar/ws1/install/ros2_socketcan/lib/libsocket_can_sender_node.so
[12.086s] -- Set non-toolchain portion of runtime path of "/home/adha/belajar/ws1/install/ros2_socketcan/lib/libsocket_can_sender_node.so" to ""
[12.086s] -- Up-to-date: /home/adha/belajar/ws1/install/ros2_socketcan/share/ros2_socketcan/launch
[12.086s] -- Up-to-date: /home/adha/belajar/ws1/install/ros2_socketcan/share/ros2_socketcan/launch/socket_can_receiver.launch.py
[12.086s] -- Up-to-date: /home/adha/belajar/ws1/install/ros2_socketcan/share/ros2_socketcan/launch/socket_can_bridge.launch.xml
[12.086s] -- Up-to-date: /home/adha/belajar/ws1/install/ros2_socketcan/share/ros2_socketcan/launch/socket_can_sender.launch.py
[12.087s] -- Up-to-date: /home/adha/belajar/ws1/install/ros2_socketcan/share/ament_index/resource_index/package_run_dependencies/ros2_socketcan
[12.087s] -- Up-to-date: /home/adha/belajar/ws1/install/ros2_socketcan/share/ament_index/resource_index/parent_prefix_path/ros2_socketcan
[12.087s] -- Up-to-date: /home/adha/belajar/ws1/install/ros2_socketcan/share/ros2_socketcan/environment/ament_prefix_path.sh
[12.087s] -- Up-to-date: /home/adha/belajar/ws1/install/ros2_socketcan/share/ros2_socketcan/environment/ament_prefix_path.dsv
[12.087s] -- Up-to-date: /home/adha/belajar/ws1/install/ros2_socketcan/share/ros2_socketcan/environment/path.sh
[12.087s] -- Up-to-date: /home/adha/belajar/ws1/install/ros2_socketcan/share/ros2_socketcan/environment/path.dsv
[12.087s] -- Up-to-date: /home/adha/belajar/ws1/install/ros2_socketcan/share/ros2_socketcan/local_setup.bash
[12.087s] -- Up-to-date: /home/adha/belajar/ws1/install/ros2_socketcan/share/ros2_socketcan/local_setup.sh
[12.087s] -- Up-to-date: /home/adha/belajar/ws1/install/ros2_socketcan/share/ros2_socketcan/local_setup.zsh
[12.087s] -- Up-to-date: /home/adha/belajar/ws1/install/ros2_socketcan/share/ros2_socketcan/local_setup.dsv
[12.087s] -- Installing: /home/adha/belajar/ws1/install/ros2_socketcan/share/ros2_socketcan/package.dsv
[12.087s] -- Up-to-date: /home/adha/belajar/ws1/install/ros2_socketcan/share/ament_index/resource_index/packages/ros2_socketcan
[12.087s] -- Up-to-date: /home/adha/belajar/ws1/install/ros2_socketcan/share/ament_index/resource_index/rclcpp_components/ros2_socketcan
[12.087s] -- Up-to-date: /home/adha/belajar/ws1/install/ros2_socketcan/share/ros2_socketcan/cmake/ament_cmake_export_dependencies-extras.cmake
[12.087s] -- Up-to-date: /home/adha/belajar/ws1/install/ros2_socketcan/share/ros2_socketcan/cmake/ament_cmake_export_include_directories-extras.cmake
[12.087s] -- Up-to-date: /home/adha/belajar/ws1/install/ros2_socketcan/share/ros2_socketcan/cmake/ament_cmake_export_libraries-extras.cmake
[12.087s] -- Up-to-date: /home/adha/belajar/ws1/install/ros2_socketcan/share/ros2_socketcan/cmake/ros2_socketcanConfig.cmake
[12.087s] -- Up-to-date: /home/adha/belajar/ws1/install/ros2_socketcan/share/ros2_socketcan/cmake/ros2_socketcanConfig-version.cmake
[12.087s] -- Up-to-date: /home/adha/belajar/ws1/install/ros2_socketcan/share/ros2_socketcan/package.xml
[12.089s] Invoked command in '/home/adha/belajar/ws1/build/ros2_socketcan' returned '0': CMAKE_PREFIX_PATH=/home/adha/belajar/ws1/install/ros2_socketcan_msgs:/home/adha/belajar/ws1/install/can_msgs:/home/adha/belajar/ws1/install/control:/home/adha/belajar/ws1/install/ros2_socketcan:/home/adha/belajar/ws1/install/msgs:/opt/ros/jazzy/opt/gz_math_vendor:/opt/ros/jazzy/opt/gz_utils_vendor:/opt/ros/jazzy/opt/gz_cmake_vendor:/opt/ros/jazzy DEBUGINFOD_URLS=https://debuginfod.ubuntu.com LD_LIBRARY_PATH=/home/adha/belajar/ws1/install/ros2_socketcan_msgs/lib:/home/adha/belajar/ws1/install/can_msgs/lib:/home/adha/belajar/ws1/install/ros2_socketcan/lib:/home/adha/belajar/ws1/install/msgs/lib:/opt/ros/jazzy/opt/rviz_ogre_vendor/lib:/opt/ros/jazzy/lib/x86_64-linux-gnu:/opt/ros/jazzy/opt/gz_math_vendor/lib:/opt/ros/jazzy/opt/gz_utils_vendor/lib:/opt/ros/jazzy/opt/gz_cmake_vendor/lib:/opt/ros/jazzy/lib PYTHONPATH=/home/adha/belajar/ws1/install/ros2_socketcan_msgs/lib/python3.12/site-packages:/home/adha/belajar/ws1/install/can_msgs/lib/python3.12/site-packages:/home/adha/belajar/ws1/install/msgs/lib/python3.12/site-packages:/opt/ros/jazzy/lib/python3.12/site-packages /usr/bin/cmake --install /home/adha/belajar/ws1/build/ros2_socketcan
