[0.009s] Invoking command in '/home/adha/belajar/ws1/build/control': CMAKE_PREFIX_PATH=/home/adha/belajar/ws1/install/msgs:/home/adha/belajar/ws1/install/ros2_socketcan:/home/adha/belajar/ws1/install/ros2_socketcan_msgs:/home/adha/belajar/ws1/install/control:/home/adha/belajar/ws1/install/can_msgs:/opt/ros/jazzy/opt/gz_math_vendor:/opt/ros/jazzy/opt/gz_utils_vendor:/opt/ros/jazzy/opt/gz_cmake_vendor:/opt/ros/jazzy DEBUGINFOD_URLS=https://debuginfod.ubuntu.com LD_LIBRARY_PATH=/home/adha/belajar/ws1/install/msgs/lib:/home/adha/belajar/ws1/install/ros2_socketcan/lib:/home/adha/belajar/ws1/install/ros2_socketcan_msgs/lib:/home/adha/belajar/ws1/install/can_msgs/lib:/opt/ros/jazzy/opt/rviz_ogre_vendor/lib:/opt/ros/jazzy/lib/x86_64-linux-gnu:/opt/ros/jazzy/opt/gz_math_vendor/lib:/opt/ros/jazzy/opt/gz_utils_vendor/lib:/opt/ros/jazzy/opt/gz_cmake_vendor/lib:/opt/ros/jazzy/lib PYTHONPATH=/home/adha/belajar/ws1/install/msgs/lib/python3.12/site-packages:/home/adha/belajar/ws1/install/ros2_socketcan_msgs/lib/python3.12/site-packages:/home/adha/belajar/ws1/install/can_msgs/lib/python3.12/site-packages:/opt/ros/jazzy/lib/python3.12/site-packages /usr/bin/cmake --build /home/adha/belajar/ws1/build/control -- -j12 -l12
[0.029s] -- Found ament_cmake: 2.5.2 (/opt/ros/jazzy/share/ament_cmake/cmake)
[0.183s] -- Found rclcpp: 28.1.4 (/opt/ros/jazzy/share/rclcpp/cmake)
[0.200s] -- Found rosidl_generator_c: 4.6.4 (/opt/ros/jazzy/share/rosidl_generator_c/cmake)
[0.206s] -- Found rosidl_generator_cpp: 4.6.4 (/opt/ros/jazzy/share/rosidl_generator_cpp/cmake)
[0.213s] -- Using all available rosidl_typesupport_c: rosidl_typesupport_fastrtps_c;rosidl_typesupport_introspection_c
[0.222s] -- Using all available rosidl_typesupport_cpp: rosidl_typesupport_fastrtps_cpp;rosidl_typesupport_introspection_cpp
[0.263s] -- Found rmw_implementation_cmake: 7.3.1 (/opt/ros/jazzy/share/rmw_implementation_cmake/cmake)
[0.264s] -- Found rmw_fastrtps_cpp: 8.4.1 (/opt/ros/jazzy/share/rmw_fastrtps_cpp/cmake)
[0.311s] -- Using RMW implementation 'rmw_fastrtps_cpp' as default
[0.352s] -- Found geometry_msgs: 5.3.5 (/opt/ros/jazzy/share/geometry_msgs/cmake)
[0.373s] -- Found msgs: 0.0.0 (/home/adha/belajar/ws1/install/msgs/share/msgs/cmake)
[0.378s] -- Found ros2_socketcan: 1.3.0 (/home/adha/belajar/ws1/install/ros2_socketcan/share/ros2_socketcan/cmake)
[0.439s] -- Found rosidl_default_generators: 1.6.0 (/opt/ros/jazzy/share/rosidl_default_generators/cmake)
[0.444s] -- Found rosidl_adapter: 4.6.4 (/opt/ros/jazzy/share/rosidl_adapter/cmake)
[0.862s] -- Found ament_cmake_ros: 0.12.0 (/opt/ros/jazzy/share/ament_cmake_ros/cmake)
[1.413s] -- Using all available rosidl_typesupport_c: rosidl_typesupport_fastrtps_c;rosidl_typesupport_introspection_c
[1.631s] -- Using all available rosidl_typesupport_cpp: rosidl_typesupport_fastrtps_cpp;rosidl_typesupport_introspection_cpp
[1.636s] -- Found python_cmake_module: 0.11.1 (/opt/ros/jazzy/share/python_cmake_module/cmake)
[1.732s] -- Found PythonExtra: /usr/bin/python3  
[2.207s] -- Found Python3: /usr/bin/python3 (found version "3.12.3") found components: Interpreter Development NumPy Development.Module Development.Embed 
[2.287s] -- Configuring done (2.3s)
[2.355s] -- Generating done (0.1s)
[2.359s] -- Build files have been written to: /home/adha/belajar/ws1/build/control
[2.416s] [  2%] [34m[1mGenerating type hashes for ROS interfaces[0m
[2.430s] [  5%] [32mBuilding CXX object CMakeFiles/keyboard_input.dir/src/keyboard_input.cpp.o[0m
[2.431s] [  5%] Built target ament_cmake_python_copy_control
[2.433s] [  7%] [32mBuilding CXX object CMakeFiles/translator_node.dir/src/translator_node.cpp.o[0m
[2.641s] [  7%] Built target control__rosidl_generator_type_description
[2.646s] running egg_info
[2.647s] creating control.egg-info
[2.654s] [ 10%] [34m[1mGenerating C code for ROS interfaces[0m
[2.662s] writing control.egg-info/PKG-INFO
[2.662s] writing dependency_links to control.egg-info/dependency_links.txt
[2.662s] writing top-level names to control.egg-info/top_level.txt
[2.662s] writing manifest file 'control.egg-info/SOURCES.txt'
[2.666s] [ 13%] [34m[1mGenerating C++ code for ROS interfaces[0m
[2.704s] reading manifest file 'control.egg-info/SOURCES.txt'
[2.704s] writing manifest file 'control.egg-info/SOURCES.txt'
[2.734s] [ 13%] Built target ament_cmake_python_build_control_egg
[2.880s] [ 13%] Built target control__cpp
[2.900s] [ 21%] [32mBuilding C object CMakeFiles/control__rosidl_generator_c.dir/rosidl_generator_c/control/msg/detail/frame__description.c.o[0m
[2.900s] [ 21%] [32mBuilding C object CMakeFiles/control__rosidl_generator_c.dir/rosidl_generator_c/control/msg/detail/frame__type_support.c.o[0m
[2.900s] [ 21%] [32mBuilding C object CMakeFiles/control__rosidl_generator_c.dir/rosidl_generator_c/control/msg/detail/frame__functions.c.o[0m
[2.919s] [01m[K/home/adha/belajar/ws1/src/control/src/translator_node.cpp:3:10:[m[K [01;31m[Kfatal error: [m[Kros2_socketcan/can_msgs/Frame.hpp: No such file or directory
[2.919s]     3 | #include [01;31m[K"ros2_socketcan/can_msgs/Frame.hpp"[m[K
[2.919s]       |          [01;31m[K^~~~~~~~~~~~~~~~~~~~~~~~~~~~~~~~~~~[m[K
[2.919s] compilation terminated.
[2.924s] gmake[2]: *** [CMakeFiles/translator_node.dir/build.make:76: CMakeFiles/translator_node.dir/src/translator_node.cpp.o] Error 1
[2.924s] gmake[1]: *** [CMakeFiles/Makefile2:211: CMakeFiles/translator_node.dir/all] Error 2
[2.924s] gmake[1]: *** Waiting for unfinished jobs....
[2.964s] [ 23%] [32m[1mLinking C shared library libcontrol__rosidl_generator_c.so[0m
[3.013s] [ 23%] Built target control__rosidl_generator_c
[5.789s] [ 26%] [32m[1mLinking CXX executable keyboard_input[0m
[6.038s] [ 26%] Built target keyboard_input
[6.040s] gmake: *** [Makefile:146: all] Error 2
[6.043s] Invoked command in '/home/adha/belajar/ws1/build/control' returned '2': CMAKE_PREFIX_PATH=/home/adha/belajar/ws1/install/msgs:/home/adha/belajar/ws1/install/ros2_socketcan:/home/adha/belajar/ws1/install/ros2_socketcan_msgs:/home/adha/belajar/ws1/install/control:/home/adha/belajar/ws1/install/can_msgs:/opt/ros/jazzy/opt/gz_math_vendor:/opt/ros/jazzy/opt/gz_utils_vendor:/opt/ros/jazzy/opt/gz_cmake_vendor:/opt/ros/jazzy DEBUGINFOD_URLS=https://debuginfod.ubuntu.com LD_LIBRARY_PATH=/home/adha/belajar/ws1/install/msgs/lib:/home/adha/belajar/ws1/install/ros2_socketcan/lib:/home/adha/belajar/ws1/install/ros2_socketcan_msgs/lib:/home/adha/belajar/ws1/install/can_msgs/lib:/opt/ros/jazzy/opt/rviz_ogre_vendor/lib:/opt/ros/jazzy/lib/x86_64-linux-gnu:/opt/ros/jazzy/opt/gz_math_vendor/lib:/opt/ros/jazzy/opt/gz_utils_vendor/lib:/opt/ros/jazzy/opt/gz_cmake_vendor/lib:/opt/ros/jazzy/lib PYTHONPATH=/home/adha/belajar/ws1/install/msgs/lib/python3.12/site-packages:/home/adha/belajar/ws1/install/ros2_socketcan_msgs/lib/python3.12/site-packages:/home/adha/belajar/ws1/install/can_msgs/lib/python3.12/site-packages:/opt/ros/jazzy/lib/python3.12/site-packages /usr/bin/cmake --build /home/adha/belajar/ws1/build/control -- -j12 -l12
