[0.015s] Invoking command in '/home/adha/belajar/ws1/build/msgs': CMAKE_PREFIX_PATH=${CMAKE_PREFIX_PATH}:/opt/ros/jazzy DEBUGINFOD_URLS=https://debuginfod.ubuntu.com /usr/bin/cmake --build /home/adha/belajar/ws1/build/msgs -- -j12 -l12
[0.077s] [  2%] Built target msgs__rosidl_generator_type_description
[0.094s] [  2%] Built target ament_cmake_python_copy_msgs
[0.110s] [ 11%] Built target msgs__cpp
[0.110s] [ 20%] Built target msgs__rosidl_generator_c
[0.160s] [ 29%] Built target msgs__rosidl_typesupport_fastrtps_cpp
[0.160s] [ 38%] Built target msgs__rosidl_typesupport_introspection_c
[0.168s] [ 47%] Built target msgs__rosidl_typesupport_fastrtps_c
[0.168s] [ 55%] Built target msgs__rosidl_typesupport_cpp
[0.170s] [ 64%] Built target msgs__rosidl_typesupport_introspection_cpp
[0.173s] [ 73%] Built target msgs__rosidl_typesupport_c
[0.209s] [ 73%] Built target msgs
[0.233s] [ 76%] Built target msgs__py
[0.257s] [ 82%] Built target msgs__rosidl_generator_py
[0.290s] [ 88%] Built target msgs_s__rosidl_typesupport_introspection_c
[0.291s] [ 94%] Built target msgs_s__rosidl_typesupport_c
[0.293s] [100%] Built target msgs_s__rosidl_typesupport_fastrtps_c
[0.338s] running egg_info
[0.350s] writing msgs.egg-info/PKG-INFO
[0.350s] writing dependency_links to msgs.egg-info/dependency_links.txt
[0.350s] writing top-level names to msgs.egg-info/top_level.txt
[0.384s] reading manifest file 'msgs.egg-info/SOURCES.txt'
[0.385s] writing manifest file 'msgs.egg-info/SOURCES.txt'
[0.423s] [100%] Built target ament_cmake_python_build_msgs_egg
[0.437s] Invoked command in '/home/adha/belajar/ws1/build/msgs' returned '0': CMAKE_PREFIX_PATH=${CMAKE_PREFIX_PATH}:/opt/ros/jazzy DEBUGINFOD_URLS=https://debuginfod.ubuntu.com /usr/bin/cmake --build /home/adha/belajar/ws1/build/msgs -- -j12 -l12
[0.499s] Invoking command in '/home/adha/belajar/ws1/build/msgs': CMAKE_PREFIX_PATH=${CMAKE_PREFIX_PATH}:/opt/ros/jazzy DEBUGINFOD_URLS=https://debuginfod.ubuntu.com /usr/bin/cmake --install /home/adha/belajar/ws1/build/msgs
[0.509s] -- Install configuration: ""
[0.509s] -- Up-to-date: /home/adha/belajar/ws1/install/msgs/share/ament_index/resource_index/rosidl_interfaces/msgs
[0.510s] -- Up-to-date: /home/adha/belajar/ws1/install/msgs/share/msgs/msg/HardwareCommand.json
[0.510s] -- Up-to-date: /home/adha/belajar/ws1/install/msgs/include/msgs/msgs
[0.510s] -- Up-to-date: /home/adha/belajar/ws1/install/msgs/include/msgs/msgs/msg
[0.510s] -- Up-to-date: /home/adha/belajar/ws1/install/msgs/include/msgs/msgs/msg/hardware_command.h
[0.511s] -- Up-to-date: /home/adha/belajar/ws1/install/msgs/include/msgs/msgs/msg/rosidl_generator_c__visibility_control.h
[0.511s] -- Up-to-date: /home/adha/belajar/ws1/install/msgs/include/msgs/msgs/msg/detail
[0.511s] -- Up-to-date: /home/adha/belajar/ws1/install/msgs/include/msgs/msgs/msg/detail/hardware_command__functions.c
[0.512s] -- Up-to-date: /home/adha/belajar/ws1/install/msgs/include/msgs/msgs/msg/detail/hardware_command__description.c
[0.512s] -- Up-to-date: /home/adha/belajar/ws1/install/msgs/include/msgs/msgs/msg/detail/hardware_command__type_support.c
[0.512s] -- Up-to-date: /home/adha/belajar/ws1/install/msgs/include/msgs/msgs/msg/detail/hardware_command__struct.h
[0.512s] -- Up-to-date: /home/adha/belajar/ws1/install/msgs/include/msgs/msgs/msg/detail/hardware_command__functions.h
[0.513s] -- Up-to-date: /home/adha/belajar/ws1/install/msgs/include/msgs/msgs/msg/detail/hardware_command__type_support.h
[0.513s] -- Up-to-date: /home/adha/belajar/ws1/install/msgs/share/msgs/environment/library_path.sh
[0.513s] -- Up-to-date: /home/adha/belajar/ws1/install/msgs/share/msgs/environment/library_path.dsv
[0.514s] -- Up-to-date: /home/adha/belajar/ws1/install/msgs/lib/libmsgs__rosidl_generator_c.so
[0.514s] -- Up-to-date: /home/adha/belajar/ws1/install/msgs/include/msgs/msgs
[0.514s] -- Up-to-date: /home/adha/belajar/ws1/install/msgs/include/msgs/msgs/msg
[0.515s] -- Up-to-date: /home/adha/belajar/ws1/install/msgs/include/msgs/msgs/msg/rosidl_typesupport_fastrtps_c__visibility_control.h
[0.515s] -- Up-to-date: /home/adha/belajar/ws1/install/msgs/include/msgs/msgs/msg/detail
[0.515s] -- Up-to-date: /home/adha/belajar/ws1/install/msgs/include/msgs/msgs/msg/detail/hardware_command__rosidl_typesupport_fastrtps_c.h
[0.515s] -- Up-to-date: /home/adha/belajar/ws1/install/msgs/lib/libmsgs__rosidl_typesupport_fastrtps_c.so
[0.515s] -- Up-to-date: /home/adha/belajar/ws1/install/msgs/include/msgs/msgs
[0.516s] -- Up-to-date: /home/adha/belajar/ws1/install/msgs/include/msgs/msgs/msg
[0.516s] -- Up-to-date: /home/adha/belajar/ws1/install/msgs/include/msgs/msgs/msg/rosidl_generator_cpp__visibility_control.hpp
[0.516s] -- Up-to-date: /home/adha/belajar/ws1/install/msgs/include/msgs/msgs/msg/hardware_command.hpp
[0.516s] -- Up-to-date: /home/adha/belajar/ws1/install/msgs/include/msgs/msgs/msg/detail
[0.516s] -- Up-to-date: /home/adha/belajar/ws1/install/msgs/include/msgs/msgs/msg/detail/hardware_command__type_support.hpp
[0.516s] -- Up-to-date: /home/adha/belajar/ws1/install/msgs/include/msgs/msgs/msg/detail/hardware_command__struct.hpp
[0.516s] -- Up-to-date: /home/adha/belajar/ws1/install/msgs/include/msgs/msgs/msg/detail/hardware_command__traits.hpp
[0.516s] -- Up-to-date: /home/adha/belajar/ws1/install/msgs/include/msgs/msgs/msg/detail/hardware_command__builder.hpp
[0.516s] -- Up-to-date: /home/adha/belajar/ws1/install/msgs/include/msgs/msgs
[0.517s] -- Up-to-date: /home/adha/belajar/ws1/install/msgs/include/msgs/msgs/msg
[0.517s] -- Up-to-date: /home/adha/belajar/ws1/install/msgs/include/msgs/msgs/msg/rosidl_typesupport_fastrtps_cpp__visibility_control.h
[0.517s] -- Up-to-date: /home/adha/belajar/ws1/install/msgs/include/msgs/msgs/msg/detail
[0.517s] -- Up-to-date: /home/adha/belajar/ws1/install/msgs/include/msgs/msgs/msg/detail/dds_fastrtps
[0.517s] -- Up-to-date: /home/adha/belajar/ws1/install/msgs/include/msgs/msgs/msg/detail/hardware_command__rosidl_typesupport_fastrtps_cpp.hpp
[0.517s] -- Up-to-date: /home/adha/belajar/ws1/install/msgs/lib/libmsgs__rosidl_typesupport_fastrtps_cpp.so
[0.518s] -- Up-to-date: /home/adha/belajar/ws1/install/msgs/include/msgs/msgs
[0.518s] -- Up-to-date: /home/adha/belajar/ws1/install/msgs/include/msgs/msgs/msg
[0.518s] -- Up-to-date: /home/adha/belajar/ws1/install/msgs/include/msgs/msgs/msg/rosidl_typesupport_introspection_c__visibility_control.h
[0.518s] -- Up-to-date: /home/adha/belajar/ws1/install/msgs/include/msgs/msgs/msg/detail
[0.519s] -- Up-to-date: /home/adha/belajar/ws1/install/msgs/include/msgs/msgs/msg/detail/hardware_command__type_support.c
[0.519s] -- Up-to-date: /home/adha/belajar/ws1/install/msgs/include/msgs/msgs/msg/detail/hardware_command__rosidl_typesupport_introspection_c.h
[0.519s] -- Up-to-date: /home/adha/belajar/ws1/install/msgs/lib/libmsgs__rosidl_typesupport_introspection_c.so
[0.520s] -- Up-to-date: /home/adha/belajar/ws1/install/msgs/lib/libmsgs__rosidl_typesupport_c.so
[0.520s] -- Up-to-date: /home/adha/belajar/ws1/install/msgs/include/msgs/msgs
[0.520s] -- Up-to-date: /home/adha/belajar/ws1/install/msgs/include/msgs/msgs/msg
[0.520s] -- Up-to-date: /home/adha/belajar/ws1/install/msgs/include/msgs/msgs/msg/detail
[0.520s] -- Up-to-date: /home/adha/belajar/ws1/install/msgs/include/msgs/msgs/msg/detail/hardware_command__type_support.cpp
[0.520s] -- Up-to-date: /home/adha/belajar/ws1/install/msgs/include/msgs/msgs/msg/detail/hardware_command__rosidl_typesupport_introspection_cpp.hpp
[0.521s] -- Up-to-date: /home/adha/belajar/ws1/install/msgs/lib/libmsgs__rosidl_typesupport_introspection_cpp.so
[0.521s] -- Up-to-date: /home/adha/belajar/ws1/install/msgs/lib/libmsgs__rosidl_typesupport_cpp.so
[0.521s] -- Up-to-date: /home/adha/belajar/ws1/install/msgs/share/msgs/environment/pythonpath.sh
[0.522s] -- Up-to-date: /home/adha/belajar/ws1/install/msgs/share/msgs/environment/pythonpath.dsv
[0.522s] -- Up-to-date: /home/adha/belajar/ws1/install/msgs/lib/python3.12/site-packages/msgs-0.0.0-py3.12.egg-info
[0.522s] -- Installing: /home/adha/belajar/ws1/install/msgs/lib/python3.12/site-packages/msgs-0.0.0-py3.12.egg-info/dependency_links.txt
[0.522s] -- Installing: /home/adha/belajar/ws1/install/msgs/lib/python3.12/site-packages/msgs-0.0.0-py3.12.egg-info/top_level.txt
[0.522s] -- Installing: /home/adha/belajar/ws1/install/msgs/lib/python3.12/site-packages/msgs-0.0.0-py3.12.egg-info/SOURCES.txt
[0.523s] -- Installing: /home/adha/belajar/ws1/install/msgs/lib/python3.12/site-packages/msgs-0.0.0-py3.12.egg-info/PKG-INFO
[0.523s] -- Up-to-date: /home/adha/belajar/ws1/install/msgs/lib/python3.12/site-packages/msgs
[0.523s] -- Up-to-date: /home/adha/belajar/ws1/install/msgs/lib/python3.12/site-packages/msgs/msg
[0.524s] -- Up-to-date: /home/adha/belajar/ws1/install/msgs/lib/python3.12/site-packages/msgs/msg/__init__.py
[0.524s] -- Up-to-date: /home/adha/belajar/ws1/install/msgs/lib/python3.12/site-packages/msgs/msg/_hardware_command_s.c
[0.524s] -- Up-to-date: /home/adha/belajar/ws1/install/msgs/lib/python3.12/site-packages/msgs/msg/_hardware_command.py
[0.524s] -- Up-to-date: /home/adha/belajar/ws1/install/msgs/lib/python3.12/site-packages/msgs/_msgs_s.ep.rosidl_typesupport_c.c
[0.524s] -- Up-to-date: /home/adha/belajar/ws1/install/msgs/lib/python3.12/site-packages/msgs/__init__.py
[0.524s] -- Up-to-date: /home/adha/belajar/ws1/install/msgs/lib/python3.12/site-packages/msgs/msgs_s__rosidl_typesupport_introspection_c.so
[0.524s] -- Up-to-date: /home/adha/belajar/ws1/install/msgs/lib/python3.12/site-packages/msgs/_msgs_s.ep.rosidl_typesupport_fastrtps_c.c
[0.524s] -- Up-to-date: /home/adha/belajar/ws1/install/msgs/lib/python3.12/site-packages/msgs/_msgs_s.ep.rosidl_typesupport_introspection_c.c
[0.524s] -- Up-to-date: /home/adha/belajar/ws1/install/msgs/lib/python3.12/site-packages/msgs/msgs_s__rosidl_typesupport_fastrtps_c.so
[0.524s] -- Up-to-date: /home/adha/belajar/ws1/install/msgs/lib/python3.12/site-packages/msgs/msgs_s__rosidl_typesupport_c.so
[0.543s] Listing '/home/adha/belajar/ws1/install/msgs/lib/python3.12/site-packages/msgs'...
[0.543s] Listing '/home/adha/belajar/ws1/install/msgs/lib/python3.12/site-packages/msgs/msg'...
[0.548s] -- Up-to-date: /home/adha/belajar/ws1/install/msgs/lib/python3.12/site-packages/msgs/msgs_s__rosidl_typesupport_fastrtps_c.so
[0.548s] -- Up-to-date: /home/adha/belajar/ws1/install/msgs/lib/python3.12/site-packages/msgs/msgs_s__rosidl_typesupport_introspection_c.so
[0.549s] -- Up-to-date: /home/adha/belajar/ws1/install/msgs/lib/python3.12/site-packages/msgs/msgs_s__rosidl_typesupport_c.so
[0.550s] -- Up-to-date: /home/adha/belajar/ws1/install/msgs/lib/libmsgs__rosidl_generator_py.so
[0.550s] -- Up-to-date: /home/adha/belajar/ws1/install/msgs/share/msgs/msg/HardwareCommand.idl
[0.550s] -- Up-to-date: /home/adha/belajar/ws1/install/msgs/share/msgs/msg/HardwareCommand.msg
[0.551s] -- Up-to-date: /home/adha/belajar/ws1/install/msgs/share/ament_index/resource_index/package_run_dependencies/msgs
[0.551s] -- Up-to-date: /home/adha/belajar/ws1/install/msgs/share/ament_index/resource_index/parent_prefix_path/msgs
[0.551s] -- Up-to-date: /home/adha/belajar/ws1/install/msgs/share/msgs/environment/ament_prefix_path.sh
[0.551s] -- Up-to-date: /home/adha/belajar/ws1/install/msgs/share/msgs/environment/ament_prefix_path.dsv
[0.551s] -- Up-to-date: /home/adha/belajar/ws1/install/msgs/share/msgs/environment/path.sh
[0.551s] -- Up-to-date: /home/adha/belajar/ws1/install/msgs/share/msgs/environment/path.dsv
[0.551s] -- Up-to-date: /home/adha/belajar/ws1/install/msgs/share/msgs/local_setup.bash
[0.551s] -- Up-to-date: /home/adha/belajar/ws1/install/msgs/share/msgs/local_setup.sh
[0.551s] -- Up-to-date: /home/adha/belajar/ws1/install/msgs/share/msgs/local_setup.zsh
[0.551s] -- Up-to-date: /home/adha/belajar/ws1/install/msgs/share/msgs/local_setup.dsv
[0.551s] -- Installing: /home/adha/belajar/ws1/install/msgs/share/msgs/package.dsv
[0.553s] -- Up-to-date: /home/adha/belajar/ws1/install/msgs/share/ament_index/resource_index/packages/msgs
[0.553s] -- Up-to-date: /home/adha/belajar/ws1/install/msgs/share/msgs/cmake/export_msgs__rosidl_generator_cExport.cmake
[0.553s] -- Up-to-date: /home/adha/belajar/ws1/install/msgs/share/msgs/cmake/export_msgs__rosidl_generator_cExport-noconfig.cmake
[0.553s] -- Up-to-date: /home/adha/belajar/ws1/install/msgs/share/msgs/cmake/export_msgs__rosidl_typesupport_fastrtps_cExport.cmake
[0.553s] -- Up-to-date: /home/adha/belajar/ws1/install/msgs/share/msgs/cmake/export_msgs__rosidl_typesupport_fastrtps_cExport-noconfig.cmake
[0.554s] -- Up-to-date: /home/adha/belajar/ws1/install/msgs/share/msgs/cmake/export_msgs__rosidl_generator_cppExport.cmake
[0.554s] -- Up-to-date: /home/adha/belajar/ws1/install/msgs/share/msgs/cmake/export_msgs__rosidl_typesupport_fastrtps_cppExport.cmake
[0.554s] -- Up-to-date: /home/adha/belajar/ws1/install/msgs/share/msgs/cmake/export_msgs__rosidl_typesupport_fastrtps_cppExport-noconfig.cmake
[0.554s] -- Up-to-date: /home/adha/belajar/ws1/install/msgs/share/msgs/cmake/msgs__rosidl_typesupport_introspection_cExport.cmake
[0.554s] -- Up-to-date: /home/adha/belajar/ws1/install/msgs/share/msgs/cmake/msgs__rosidl_typesupport_introspection_cExport-noconfig.cmake
[0.554s] -- Up-to-date: /home/adha/belajar/ws1/install/msgs/share/msgs/cmake/msgs__rosidl_typesupport_cExport.cmake
[0.554s] -- Up-to-date: /home/adha/belajar/ws1/install/msgs/share/msgs/cmake/msgs__rosidl_typesupport_cExport-noconfig.cmake
[0.555s] -- Up-to-date: /home/adha/belajar/ws1/install/msgs/share/msgs/cmake/msgs__rosidl_typesupport_introspection_cppExport.cmake
[0.555s] -- Up-to-date: /home/adha/belajar/ws1/install/msgs/share/msgs/cmake/msgs__rosidl_typesupport_introspection_cppExport-noconfig.cmake
[0.555s] -- Up-to-date: /home/adha/belajar/ws1/install/msgs/share/msgs/cmake/msgs__rosidl_typesupport_cppExport.cmake
[0.555s] -- Up-to-date: /home/adha/belajar/ws1/install/msgs/share/msgs/cmake/msgs__rosidl_typesupport_cppExport-noconfig.cmake
[0.555s] -- Up-to-date: /home/adha/belajar/ws1/install/msgs/share/msgs/cmake/export_msgs__rosidl_generator_pyExport.cmake
[0.555s] -- Up-to-date: /home/adha/belajar/ws1/install/msgs/share/msgs/cmake/export_msgs__rosidl_generator_pyExport-noconfig.cmake
[0.555s] -- Up-to-date: /home/adha/belajar/ws1/install/msgs/share/msgs/cmake/rosidl_cmake-extras.cmake
[0.555s] -- Up-to-date: /home/adha/belajar/ws1/install/msgs/share/msgs/cmake/ament_cmake_export_include_directories-extras.cmake
[0.555s] -- Up-to-date: /home/adha/belajar/ws1/install/msgs/share/msgs/cmake/ament_cmake_export_libraries-extras.cmake
[0.555s] -- Up-to-date: /home/adha/belajar/ws1/install/msgs/share/msgs/cmake/ament_cmake_export_targets-extras.cmake
[0.555s] -- Up-to-date: /home/adha/belajar/ws1/install/msgs/share/msgs/cmake/rosidl_cmake_export_typesupport_targets-extras.cmake
[0.555s] -- Up-to-date: /home/adha/belajar/ws1/install/msgs/share/msgs/cmake/ament_cmake_export_dependencies-extras.cmake
[0.555s] -- Up-to-date: /home/adha/belajar/ws1/install/msgs/share/msgs/cmake/rosidl_cmake_export_typesupport_libraries-extras.cmake
[0.556s] -- Up-to-date: /home/adha/belajar/ws1/install/msgs/share/msgs/cmake/msgsConfig.cmake
[0.556s] -- Up-to-date: /home/adha/belajar/ws1/install/msgs/share/msgs/cmake/msgsConfig-version.cmake
[0.556s] -- Up-to-date: /home/adha/belajar/ws1/install/msgs/share/msgs/package.xml
[0.565s] Invoked command in '/home/adha/belajar/ws1/build/msgs' returned '0': CMAKE_PREFIX_PATH=${CMAKE_PREFIX_PATH}:/opt/ros/jazzy DEBUGINFOD_URLS=https://debuginfod.ubuntu.com /usr/bin/cmake --install /home/adha/belajar/ws1/build/msgs
