[0.041s] Invoking command in '/home/alyazahrarr/tubes_dagoz/build/control': CMAKE_PREFIX_PATH=${CMAKE_PREFIX_PATH}:/home/alyazahrarr/ros2_ws/install/launch_testing_examples:/home/alyazahrarr/ros2_ws/install/examples_rclpy_pointcloud_publisher:/home/alyazahrarr/ros2_ws/install/examples_rclpy_minimal_subscriber:/home/alyazahrarr/ros2_ws/install/examples_rclpy_minimal_service:/home/alyazahrarr/ros2_ws/install/examples_rclpy_minimal_publisher:/home/alyazahrarr/ros2_ws/install/examples_rclpy_minimal_client:/home/alyazahrarr/ros2_ws/install/examples_rclpy_minimal_action_server:/home/alyazahrarr/ros2_ws/install/examples_rclpy_minimal_action_client:/home/alyazahrarr/ros2_ws/install/examples_rclpy_guard_conditions:/home/alyazahrarr/ros2_ws/install/examples_rclpy_executors:/opt/ros/jazzy DEBUGINFOD_URLS=https://debuginfod.ubuntu.com /usr/bin/cmake --build /home/alyazahrarr/tubes_dagoz/build/control -- -j8 -l8
[0.180s] [ 25%] [32mBuilding CXX object CMakeFiles/keyboard_input.dir/src/keyboard_input.cpp.o[0m
[0.221s] [ 50%] [32mBuilding CXX object CMakeFiles/translator_node.dir/src/translator_node.cpp.o[0m
[11.350s] [ 75%] [32m[1mLinking CXX executable keyboard_input[0m
[11.794s] [ 75%] Built target keyboard_input
[18.640s] [100%] [32m[1mLinking CXX executable translator_node[0m
[19.219s] [100%] Built target translator_node
[19.243s] Invoked command in '/home/alyazahrarr/tubes_dagoz/build/control' returned '0': CMAKE_PREFIX_PATH=${CMAKE_PREFIX_PATH}:/home/alyazahrarr/ros2_ws/install/launch_testing_examples:/home/alyazahrarr/ros2_ws/install/examples_rclpy_pointcloud_publisher:/home/alyazahrarr/ros2_ws/install/examples_rclpy_minimal_subscriber:/home/alyazahrarr/ros2_ws/install/examples_rclpy_minimal_service:/home/alyazahrarr/ros2_ws/install/examples_rclpy_minimal_publisher:/home/alyazahrarr/ros2_ws/install/examples_rclpy_minimal_client:/home/alyazahrarr/ros2_ws/install/examples_rclpy_minimal_action_server:/home/alyazahrarr/ros2_ws/install/examples_rclpy_minimal_action_client:/home/alyazahrarr/ros2_ws/install/examples_rclpy_guard_conditions:/home/alyazahrarr/ros2_ws/install/examples_rclpy_executors:/opt/ros/jazzy DEBUGINFOD_URLS=https://debuginfod.ubuntu.com /usr/bin/cmake --build /home/alyazahrarr/tubes_dagoz/build/control -- -j8 -l8
[19.300s] Invoking command in '/home/alyazahrarr/tubes_dagoz/build/control': CMAKE_PREFIX_PATH=${CMAKE_PREFIX_PATH}:/home/alyazahrarr/ros2_ws/install/launch_testing_examples:/home/alyazahrarr/ros2_ws/install/examples_rclpy_pointcloud_publisher:/home/alyazahrarr/ros2_ws/install/examples_rclpy_minimal_subscriber:/home/alyazahrarr/ros2_ws/install/examples_rclpy_minimal_service:/home/alyazahrarr/ros2_ws/install/examples_rclpy_minimal_publisher:/home/alyazahrarr/ros2_ws/install/examples_rclpy_minimal_client:/home/alyazahrarr/ros2_ws/install/examples_rclpy_minimal_action_server:/home/alyazahrarr/ros2_ws/install/examples_rclpy_minimal_action_client:/home/alyazahrarr/ros2_ws/install/examples_rclpy_guard_conditions:/home/alyazahrarr/ros2_ws/install/examples_rclpy_executors:/opt/ros/jazzy DEBUGINFOD_URLS=https://debuginfod.ubuntu.com /usr/bin/cmake --install /home/alyazahrarr/tubes_dagoz/build/control
[19.321s] -- Install configuration: ""
[19.322s] -- Installing: /home/alyazahrarr/tubes_dagoz/install/control/lib/control/keyboard_input
[19.328s] -- Set non-toolchain portion of runtime path of "/home/alyazahrarr/tubes_dagoz/install/control/lib/control/keyboard_input" to ""
[19.329s] -- Installing: /home/alyazahrarr/tubes_dagoz/install/control/lib/control/translator_node
[19.346s] -- Set non-toolchain portion of runtime path of "/home/alyazahrarr/tubes_dagoz/install/control/lib/control/translator_node" to ""
[19.346s] -- Up-to-date: /home/alyazahrarr/tubes_dagoz/install/control/share/ament_index/resource_index/package_run_dependencies/control
[19.347s] -- Up-to-date: /home/alyazahrarr/tubes_dagoz/install/control/share/ament_index/resource_index/parent_prefix_path/control
[19.347s] -- Up-to-date: /home/alyazahrarr/tubes_dagoz/install/control/share/control/environment/ament_prefix_path.sh
[19.347s] -- Up-to-date: /home/alyazahrarr/tubes_dagoz/install/control/share/control/environment/ament_prefix_path.dsv
[19.347s] -- Up-to-date: /home/alyazahrarr/tubes_dagoz/install/control/share/control/environment/path.sh
[19.348s] -- Up-to-date: /home/alyazahrarr/tubes_dagoz/install/control/share/control/environment/path.dsv
[19.348s] -- Up-to-date: /home/alyazahrarr/tubes_dagoz/install/control/share/control/local_setup.bash
[19.348s] -- Up-to-date: /home/alyazahrarr/tubes_dagoz/install/control/share/control/local_setup.sh
[19.348s] -- Up-to-date: /home/alyazahrarr/tubes_dagoz/install/control/share/control/local_setup.zsh
[19.349s] -- Up-to-date: /home/alyazahrarr/tubes_dagoz/install/control/share/control/local_setup.dsv
[19.349s] -- Installing: /home/alyazahrarr/tubes_dagoz/install/control/share/control/package.dsv
[19.349s] -- Up-to-date: /home/alyazahrarr/tubes_dagoz/install/control/share/ament_index/resource_index/packages/control
[19.349s] -- Up-to-date: /home/alyazahrarr/tubes_dagoz/install/control/share/control/cmake/ament_cmake_export_dependencies-extras.cmake
[19.349s] -- Up-to-date: /home/alyazahrarr/tubes_dagoz/install/control/share/control/cmake/controlConfig.cmake
[19.350s] -- Up-to-date: /home/alyazahrarr/tubes_dagoz/install/control/share/control/cmake/controlConfig-version.cmake
[19.350s] -- Up-to-date: /home/alyazahrarr/tubes_dagoz/install/control/share/control/package.xml
[19.355s] Invoked command in '/home/alyazahrarr/tubes_dagoz/build/control' returned '0': CMAKE_PREFIX_PATH=${CMAKE_PREFIX_PATH}:/home/alyazahrarr/ros2_ws/install/launch_testing_examples:/home/alyazahrarr/ros2_ws/install/examples_rclpy_pointcloud_publisher:/home/alyazahrarr/ros2_ws/install/examples_rclpy_minimal_subscriber:/home/alyazahrarr/ros2_ws/install/examples_rclpy_minimal_service:/home/alyazahrarr/ros2_ws/install/examples_rclpy_minimal_publisher:/home/alyazahrarr/ros2_ws/install/examples_rclpy_minimal_client:/home/alyazahrarr/ros2_ws/install/examples_rclpy_minimal_action_server:/home/alyazahrarr/ros2_ws/install/examples_rclpy_minimal_action_client:/home/alyazahrarr/ros2_ws/install/examples_rclpy_guard_conditions:/home/alyazahrarr/ros2_ws/install/examples_rclpy_executors:/opt/ros/jazzy DEBUGINFOD_URLS=https://debuginfod.ubuntu.com /usr/bin/cmake --install /home/alyazahrarr/tubes_dagoz/build/control
