[0.026s] Invoking command in '/home/alyazahrarr/tubes_dagoz/build/can_msgs': CMAKE_PREFIX_PATH=${CMAKE_PREFIX_PATH}:/home/alyazahrarr/ros2_ws/install/launch_testing_examples:/home/alyazahrarr/ros2_ws/install/examples_rclpy_pointcloud_publisher:/home/alyazahrarr/ros2_ws/install/examples_rclpy_minimal_subscriber:/home/alyazahrarr/ros2_ws/install/examples_rclpy_minimal_service:/home/alyazahrarr/ros2_ws/install/examples_rclpy_minimal_publisher:/home/alyazahrarr/ros2_ws/install/examples_rclpy_minimal_client:/home/alyazahrarr/ros2_ws/install/examples_rclpy_minimal_action_server:/home/alyazahrarr/ros2_ws/install/examples_rclpy_minimal_action_client:/home/alyazahrarr/ros2_ws/install/examples_rclpy_guard_conditions:/home/alyazahrarr/ros2_ws/install/examples_rclpy_executors:/opt/ros/jazzy DEBUGINFOD_URLS=https://debuginfod.ubuntu.com /usr/bin/cmake --build /home/alyazahrarr/tubes_dagoz/build/can_msgs -- -j8 -l8
[0.108s] [  2%] Built target can_msgs__rosidl_generator_type_description
[0.130s] [  2%] Built target ament_cmake_python_copy_can_msgs
[0.160s] [ 17%] Built target can_msgs__rosidl_generator_c
[0.160s] [ 20%] Built target can_msgs__cpp
[0.239s] [ 38%] Built target can_msgs__rosidl_typesupport_introspection_c
[0.240s] [ 38%] Built target can_msgs__rosidl_typesupport_fastrtps_c
[0.258s] [ 47%] Built target can_msgs__rosidl_typesupport_fastrtps_cpp
[0.264s] [ 55%] Built target can_msgs__rosidl_typesupport_cpp
[0.265s] [ 64%] Built target can_msgs__rosidl_typesupport_c
[0.275s] [ 73%] Built target can_msgs__rosidl_typesupport_introspection_cpp
[0.324s] [ 73%] Built target can_msgs
[0.367s] [ 76%] Built target can_msgs__py
[0.415s] [ 82%] Built target can_msgs__rosidl_generator_py
[0.469s] [ 88%] Built target can_msgs_s__rosidl_typesupport_fastrtps_c
[0.469s] [ 94%] Built target can_msgs_s__rosidl_typesupport_introspection_c
[0.474s] [100%] Built target can_msgs_s__rosidl_typesupport_c
[0.664s] running egg_info
[0.699s] writing can_msgs.egg-info/PKG-INFO
[0.699s] writing dependency_links to can_msgs.egg-info/dependency_links.txt
[0.699s] writing top-level names to can_msgs.egg-info/top_level.txt
[0.803s] reading manifest file 'can_msgs.egg-info/SOURCES.txt'
[0.804s] writing manifest file 'can_msgs.egg-info/SOURCES.txt'
[0.855s] [100%] Built target ament_cmake_python_build_can_msgs_egg
[0.873s] Invoked command in '/home/alyazahrarr/tubes_dagoz/build/can_msgs' returned '0': CMAKE_PREFIX_PATH=${CMAKE_PREFIX_PATH}:/home/alyazahrarr/ros2_ws/install/launch_testing_examples:/home/alyazahrarr/ros2_ws/install/examples_rclpy_pointcloud_publisher:/home/alyazahrarr/ros2_ws/install/examples_rclpy_minimal_subscriber:/home/alyazahrarr/ros2_ws/install/examples_rclpy_minimal_service:/home/alyazahrarr/ros2_ws/install/examples_rclpy_minimal_publisher:/home/alyazahrarr/ros2_ws/install/examples_rclpy_minimal_client:/home/alyazahrarr/ros2_ws/install/examples_rclpy_minimal_action_server:/home/alyazahrarr/ros2_ws/install/examples_rclpy_minimal_action_client:/home/alyazahrarr/ros2_ws/install/examples_rclpy_guard_conditions:/home/alyazahrarr/ros2_ws/install/examples_rclpy_executors:/opt/ros/jazzy DEBUGINFOD_URLS=https://debuginfod.ubuntu.com /usr/bin/cmake --build /home/alyazahrarr/tubes_dagoz/build/can_msgs -- -j8 -l8
[0.971s] Invoking command in '/home/alyazahrarr/tubes_dagoz/build/can_msgs': CMAKE_PREFIX_PATH=${CMAKE_PREFIX_PATH}:/home/alyazahrarr/ros2_ws/install/launch_testing_examples:/home/alyazahrarr/ros2_ws/install/examples_rclpy_pointcloud_publisher:/home/alyazahrarr/ros2_ws/install/examples_rclpy_minimal_subscriber:/home/alyazahrarr/ros2_ws/install/examples_rclpy_minimal_service:/home/alyazahrarr/ros2_ws/install/examples_rclpy_minimal_publisher:/home/alyazahrarr/ros2_ws/install/examples_rclpy_minimal_client:/home/alyazahrarr/ros2_ws/install/examples_rclpy_minimal_action_server:/home/alyazahrarr/ros2_ws/install/examples_rclpy_minimal_action_client:/home/alyazahrarr/ros2_ws/install/examples_rclpy_guard_conditions:/home/alyazahrarr/ros2_ws/install/examples_rclpy_executors:/opt/ros/jazzy DEBUGINFOD_URLS=https://debuginfod.ubuntu.com /usr/bin/cmake --install /home/alyazahrarr/tubes_dagoz/build/can_msgs
[0.983s] -- Install configuration: ""
[0.983s] -- Up-to-date: /home/alyazahrarr/tubes_dagoz/install/can_msgs/share/ament_index/resource_index/rosidl_interfaces/can_msgs
[0.983s] -- Up-to-date: /home/alyazahrarr/tubes_dagoz/install/can_msgs/share/can_msgs/msg/Frame.json
[0.983s] -- Up-to-date: /home/alyazahrarr/tubes_dagoz/install/can_msgs/include/can_msgs/can_msgs
[0.984s] -- Up-to-date: /home/alyazahrarr/tubes_dagoz/install/can_msgs/include/can_msgs/can_msgs/msg
[0.984s] -- Up-to-date: /home/alyazahrarr/tubes_dagoz/install/can_msgs/include/can_msgs/can_msgs/msg/detail
[0.984s] -- Up-to-date: /home/alyazahrarr/tubes_dagoz/install/can_msgs/include/can_msgs/can_msgs/msg/detail/frame__struct.h
[0.984s] -- Up-to-date: /home/alyazahrarr/tubes_dagoz/install/can_msgs/include/can_msgs/can_msgs/msg/detail/frame__functions.c
[0.984s] -- Up-to-date: /home/alyazahrarr/tubes_dagoz/install/can_msgs/include/can_msgs/can_msgs/msg/detail/frame__functions.h
[0.985s] -- Installing: /home/alyazahrarr/tubes_dagoz/install/can_msgs/include/can_msgs/can_msgs/msg/detail/frame__type_support.c
[0.985s] -- Up-to-date: /home/alyazahrarr/tubes_dagoz/install/can_msgs/include/can_msgs/can_msgs/msg/detail/frame__description.c
[0.985s] -- Up-to-date: /home/alyazahrarr/tubes_dagoz/install/can_msgs/include/can_msgs/can_msgs/msg/detail/frame__type_support.h
[0.985s] -- Up-to-date: /home/alyazahrarr/tubes_dagoz/install/can_msgs/include/can_msgs/can_msgs/msg/rosidl_generator_c__visibility_control.h
[0.985s] -- Up-to-date: /home/alyazahrarr/tubes_dagoz/install/can_msgs/include/can_msgs/can_msgs/msg/frame.h
[0.986s] -- Up-to-date: /home/alyazahrarr/tubes_dagoz/install/can_msgs/share/can_msgs/environment/library_path.sh
[0.986s] -- Up-to-date: /home/alyazahrarr/tubes_dagoz/install/can_msgs/share/can_msgs/environment/library_path.dsv
[0.986s] -- Up-to-date: /home/alyazahrarr/tubes_dagoz/install/can_msgs/lib/libcan_msgs__rosidl_generator_c.so
[0.986s] -- Up-to-date: /home/alyazahrarr/tubes_dagoz/install/can_msgs/include/can_msgs/can_msgs
[0.987s] -- Up-to-date: /home/alyazahrarr/tubes_dagoz/install/can_msgs/include/can_msgs/can_msgs/msg
[0.987s] -- Up-to-date: /home/alyazahrarr/tubes_dagoz/install/can_msgs/include/can_msgs/can_msgs/msg/detail
[0.987s] -- Up-to-date: /home/alyazahrarr/tubes_dagoz/install/can_msgs/include/can_msgs/can_msgs/msg/detail/frame__rosidl_typesupport_fastrtps_c.h
[0.987s] -- Up-to-date: /home/alyazahrarr/tubes_dagoz/install/can_msgs/include/can_msgs/can_msgs/msg/rosidl_typesupport_fastrtps_c__visibility_control.h
[0.988s] -- Up-to-date: /home/alyazahrarr/tubes_dagoz/install/can_msgs/lib/libcan_msgs__rosidl_typesupport_fastrtps_c.so
[0.988s] -- Up-to-date: /home/alyazahrarr/tubes_dagoz/install/can_msgs/include/can_msgs/can_msgs
[0.988s] -- Up-to-date: /home/alyazahrarr/tubes_dagoz/install/can_msgs/include/can_msgs/can_msgs/msg
[0.989s] -- Up-to-date: /home/alyazahrarr/tubes_dagoz/install/can_msgs/include/can_msgs/can_msgs/msg/detail
[0.989s] -- Installing: /home/alyazahrarr/tubes_dagoz/install/can_msgs/include/can_msgs/can_msgs/msg/detail/frame__type_support.c
[0.995s] -- Up-to-date: /home/alyazahrarr/tubes_dagoz/install/can_msgs/include/can_msgs/can_msgs/msg/detail/frame__rosidl_typesupport_introspection_c.h
[0.995s] -- Up-to-date: /home/alyazahrarr/tubes_dagoz/install/can_msgs/include/can_msgs/can_msgs/msg/rosidl_typesupport_introspection_c__visibility_control.h
[0.995s] -- Up-to-date: /home/alyazahrarr/tubes_dagoz/install/can_msgs/lib/libcan_msgs__rosidl_typesupport_introspection_c.so
[0.997s] -- Up-to-date: /home/alyazahrarr/tubes_dagoz/install/can_msgs/lib/libcan_msgs__rosidl_typesupport_c.so
[0.997s] -- Up-to-date: /home/alyazahrarr/tubes_dagoz/install/can_msgs/include/can_msgs/can_msgs
[0.997s] -- Up-to-date: /home/alyazahrarr/tubes_dagoz/install/can_msgs/include/can_msgs/can_msgs/msg
[0.997s] -- Up-to-date: /home/alyazahrarr/tubes_dagoz/install/can_msgs/include/can_msgs/can_msgs/msg/detail
[0.997s] -- Up-to-date: /home/alyazahrarr/tubes_dagoz/install/can_msgs/include/can_msgs/can_msgs/msg/detail/frame__type_support.hpp
[0.998s] -- Up-to-date: /home/alyazahrarr/tubes_dagoz/install/can_msgs/include/can_msgs/can_msgs/msg/detail/frame__builder.hpp
[0.998s] -- Up-to-date: /home/alyazahrarr/tubes_dagoz/install/can_msgs/include/can_msgs/can_msgs/msg/detail/frame__traits.hpp
[0.998s] -- Up-to-date: /home/alyazahrarr/tubes_dagoz/install/can_msgs/include/can_msgs/can_msgs/msg/detail/frame__struct.hpp
[0.998s] -- Up-to-date: /home/alyazahrarr/tubes_dagoz/install/can_msgs/include/can_msgs/can_msgs/msg/frame.hpp
[0.998s] -- Up-to-date: /home/alyazahrarr/tubes_dagoz/install/can_msgs/include/can_msgs/can_msgs/msg/rosidl_generator_cpp__visibility_control.hpp
[0.999s] -- Up-to-date: /home/alyazahrarr/tubes_dagoz/install/can_msgs/include/can_msgs/can_msgs
[1.000s] -- Up-to-date: /home/alyazahrarr/tubes_dagoz/install/can_msgs/include/can_msgs/can_msgs/msg
[1.000s] -- Up-to-date: /home/alyazahrarr/tubes_dagoz/install/can_msgs/include/can_msgs/can_msgs/msg/detail
[1.000s] -- Up-to-date: /home/alyazahrarr/tubes_dagoz/install/can_msgs/include/can_msgs/can_msgs/msg/detail/dds_fastrtps
[1.000s] -- Up-to-date: /home/alyazahrarr/tubes_dagoz/install/can_msgs/include/can_msgs/can_msgs/msg/detail/frame__rosidl_typesupport_fastrtps_cpp.hpp
[1.001s] -- Up-to-date: /home/alyazahrarr/tubes_dagoz/install/can_msgs/include/can_msgs/can_msgs/msg/rosidl_typesupport_fastrtps_cpp__visibility_control.h
[1.001s] -- Up-to-date: /home/alyazahrarr/tubes_dagoz/install/can_msgs/lib/libcan_msgs__rosidl_typesupport_fastrtps_cpp.so
[1.001s] -- Up-to-date: /home/alyazahrarr/tubes_dagoz/install/can_msgs/include/can_msgs/can_msgs
[1.002s] -- Up-to-date: /home/alyazahrarr/tubes_dagoz/install/can_msgs/include/can_msgs/can_msgs/msg
[1.002s] -- Up-to-date: /home/alyazahrarr/tubes_dagoz/install/can_msgs/include/can_msgs/can_msgs/msg/detail
[1.002s] -- Up-to-date: /home/alyazahrarr/tubes_dagoz/install/can_msgs/include/can_msgs/can_msgs/msg/detail/frame__type_support.cpp
[1.003s] -- Up-to-date: /home/alyazahrarr/tubes_dagoz/install/can_msgs/include/can_msgs/can_msgs/msg/detail/frame__rosidl_typesupport_introspection_cpp.hpp
[1.004s] -- Up-to-date: /home/alyazahrarr/tubes_dagoz/install/can_msgs/lib/libcan_msgs__rosidl_typesupport_introspection_cpp.so
[1.005s] -- Up-to-date: /home/alyazahrarr/tubes_dagoz/install/can_msgs/lib/libcan_msgs__rosidl_typesupport_cpp.so
[1.007s] -- Up-to-date: /home/alyazahrarr/tubes_dagoz/install/can_msgs/share/can_msgs/environment/pythonpath.sh
[1.007s] -- Up-to-date: /home/alyazahrarr/tubes_dagoz/install/can_msgs/share/can_msgs/environment/pythonpath.dsv
[1.007s] -- Up-to-date: /home/alyazahrarr/tubes_dagoz/install/can_msgs/lib/python3.12/site-packages/can_msgs-2.0.0-py3.12.egg-info
[1.007s] -- Installing: /home/alyazahrarr/tubes_dagoz/install/can_msgs/lib/python3.12/site-packages/can_msgs-2.0.0-py3.12.egg-info/dependency_links.txt
[1.007s] -- Installing: /home/alyazahrarr/tubes_dagoz/install/can_msgs/lib/python3.12/site-packages/can_msgs-2.0.0-py3.12.egg-info/SOURCES.txt
[1.007s] -- Installing: /home/alyazahrarr/tubes_dagoz/install/can_msgs/lib/python3.12/site-packages/can_msgs-2.0.0-py3.12.egg-info/PKG-INFO
[1.008s] -- Installing: /home/alyazahrarr/tubes_dagoz/install/can_msgs/lib/python3.12/site-packages/can_msgs-2.0.0-py3.12.egg-info/top_level.txt
[1.008s] -- Up-to-date: /home/alyazahrarr/tubes_dagoz/install/can_msgs/lib/python3.12/site-packages/can_msgs
[1.008s] -- Up-to-date: /home/alyazahrarr/tubes_dagoz/install/can_msgs/lib/python3.12/site-packages/can_msgs/_can_msgs_s.ep.rosidl_typesupport_c.c
[1.008s] -- Up-to-date: /home/alyazahrarr/tubes_dagoz/install/can_msgs/lib/python3.12/site-packages/can_msgs/can_msgs_s__rosidl_typesupport_introspection_c.so
[1.009s] -- Up-to-date: /home/alyazahrarr/tubes_dagoz/install/can_msgs/lib/python3.12/site-packages/can_msgs/_can_msgs_s.ep.rosidl_typesupport_fastrtps_c.c
[1.009s] -- Up-to-date: /home/alyazahrarr/tubes_dagoz/install/can_msgs/lib/python3.12/site-packages/can_msgs/__init__.py
[1.009s] -- Up-to-date: /home/alyazahrarr/tubes_dagoz/install/can_msgs/lib/python3.12/site-packages/can_msgs/can_msgs_s__rosidl_typesupport_fastrtps_c.so
[1.009s] -- Up-to-date: /home/alyazahrarr/tubes_dagoz/install/can_msgs/lib/python3.12/site-packages/can_msgs/_can_msgs_s.ep.rosidl_typesupport_introspection_c.c
[1.010s] -- Up-to-date: /home/alyazahrarr/tubes_dagoz/install/can_msgs/lib/python3.12/site-packages/can_msgs/can_msgs_s__rosidl_typesupport_c.so
[1.011s] -- Up-to-date: /home/alyazahrarr/tubes_dagoz/install/can_msgs/lib/python3.12/site-packages/can_msgs/msg
[1.011s] -- Up-to-date: /home/alyazahrarr/tubes_dagoz/install/can_msgs/lib/python3.12/site-packages/can_msgs/msg/__init__.py
[1.011s] -- Up-to-date: /home/alyazahrarr/tubes_dagoz/install/can_msgs/lib/python3.12/site-packages/can_msgs/msg/_frame_s.c
[1.011s] -- Up-to-date: /home/alyazahrarr/tubes_dagoz/install/can_msgs/lib/python3.12/site-packages/can_msgs/msg/_frame.py
[1.073s] Listing '/home/alyazahrarr/tubes_dagoz/install/can_msgs/lib/python3.12/site-packages/can_msgs'...
[1.073s] Listing '/home/alyazahrarr/tubes_dagoz/install/can_msgs/lib/python3.12/site-packages/can_msgs/msg'...
[1.083s] -- Up-to-date: /home/alyazahrarr/tubes_dagoz/install/can_msgs/lib/python3.12/site-packages/can_msgs/can_msgs_s__rosidl_typesupport_fastrtps_c.so
[1.083s] -- Up-to-date: /home/alyazahrarr/tubes_dagoz/install/can_msgs/lib/python3.12/site-packages/can_msgs/can_msgs_s__rosidl_typesupport_introspection_c.so
[1.084s] -- Up-to-date: /home/alyazahrarr/tubes_dagoz/install/can_msgs/lib/python3.12/site-packages/can_msgs/can_msgs_s__rosidl_typesupport_c.so
[1.084s] -- Up-to-date: /home/alyazahrarr/tubes_dagoz/install/can_msgs/lib/libcan_msgs__rosidl_generator_py.so
[1.085s] -- Up-to-date: /home/alyazahrarr/tubes_dagoz/install/can_msgs/share/can_msgs/msg/Frame.idl
[1.085s] -- Up-to-date: /home/alyazahrarr/tubes_dagoz/install/can_msgs/share/can_msgs/msg/Frame.msg
[1.085s] -- Up-to-date: /home/alyazahrarr/tubes_dagoz/install/can_msgs/share/ament_index/resource_index/package_run_dependencies/can_msgs
[1.086s] -- Up-to-date: /home/alyazahrarr/tubes_dagoz/install/can_msgs/share/ament_index/resource_index/parent_prefix_path/can_msgs
[1.086s] -- Up-to-date: /home/alyazahrarr/tubes_dagoz/install/can_msgs/share/can_msgs/environment/ament_prefix_path.sh
[1.086s] -- Up-to-date: /home/alyazahrarr/tubes_dagoz/install/can_msgs/share/can_msgs/environment/ament_prefix_path.dsv
[1.086s] -- Up-to-date: /home/alyazahrarr/tubes_dagoz/install/can_msgs/share/can_msgs/environment/path.sh
[1.087s] -- Up-to-date: /home/alyazahrarr/tubes_dagoz/install/can_msgs/share/can_msgs/environment/path.dsv
[1.087s] -- Up-to-date: /home/alyazahrarr/tubes_dagoz/install/can_msgs/share/can_msgs/local_setup.bash
[1.087s] -- Up-to-date: /home/alyazahrarr/tubes_dagoz/install/can_msgs/share/can_msgs/local_setup.sh
[1.088s] -- Up-to-date: /home/alyazahrarr/tubes_dagoz/install/can_msgs/share/can_msgs/local_setup.zsh
[1.088s] -- Up-to-date: /home/alyazahrarr/tubes_dagoz/install/can_msgs/share/can_msgs/local_setup.dsv
[1.088s] -- Installing: /home/alyazahrarr/tubes_dagoz/install/can_msgs/share/can_msgs/package.dsv
[1.088s] -- Up-to-date: /home/alyazahrarr/tubes_dagoz/install/can_msgs/share/ament_index/resource_index/packages/can_msgs
[1.089s] -- Up-to-date: /home/alyazahrarr/tubes_dagoz/install/can_msgs/share/can_msgs/cmake/export_can_msgs__rosidl_generator_cExport.cmake
[1.090s] -- Up-to-date: /home/alyazahrarr/tubes_dagoz/install/can_msgs/share/can_msgs/cmake/export_can_msgs__rosidl_generator_cExport-noconfig.cmake
[1.090s] -- Up-to-date: /home/alyazahrarr/tubes_dagoz/install/can_msgs/share/can_msgs/cmake/export_can_msgs__rosidl_typesupport_fastrtps_cExport.cmake
[1.090s] -- Up-to-date: /home/alyazahrarr/tubes_dagoz/install/can_msgs/share/can_msgs/cmake/export_can_msgs__rosidl_typesupport_fastrtps_cExport-noconfig.cmake
[1.090s] -- Up-to-date: /home/alyazahrarr/tubes_dagoz/install/can_msgs/share/can_msgs/cmake/can_msgs__rosidl_typesupport_introspection_cExport.cmake
[1.091s] -- Up-to-date: /home/alyazahrarr/tubes_dagoz/install/can_msgs/share/can_msgs/cmake/can_msgs__rosidl_typesupport_introspection_cExport-noconfig.cmake
[1.091s] -- Up-to-date: /home/alyazahrarr/tubes_dagoz/install/can_msgs/share/can_msgs/cmake/can_msgs__rosidl_typesupport_cExport.cmake
[1.091s] -- Up-to-date: /home/alyazahrarr/tubes_dagoz/install/can_msgs/share/can_msgs/cmake/can_msgs__rosidl_typesupport_cExport-noconfig.cmake
[1.093s] -- Up-to-date: /home/alyazahrarr/tubes_dagoz/install/can_msgs/share/can_msgs/cmake/export_can_msgs__rosidl_generator_cppExport.cmake
[1.096s] -- Up-to-date: /home/alyazahrarr/tubes_dagoz/install/can_msgs/share/can_msgs/cmake/export_can_msgs__rosidl_typesupport_fastrtps_cppExport.cmake
[1.097s] -- Up-to-date: /home/alyazahrarr/tubes_dagoz/install/can_msgs/share/can_msgs/cmake/export_can_msgs__rosidl_typesupport_fastrtps_cppExport-noconfig.cmake
[1.100s] -- Up-to-date: /home/alyazahrarr/tubes_dagoz/install/can_msgs/share/can_msgs/cmake/can_msgs__rosidl_typesupport_introspection_cppExport.cmake
[1.100s] -- Up-to-date: /home/alyazahrarr/tubes_dagoz/install/can_msgs/share/can_msgs/cmake/can_msgs__rosidl_typesupport_introspection_cppExport-noconfig.cmake
[1.101s] -- Up-to-date: /home/alyazahrarr/tubes_dagoz/install/can_msgs/share/can_msgs/cmake/can_msgs__rosidl_typesupport_cppExport.cmake
[1.101s] -- Up-to-date: /home/alyazahrarr/tubes_dagoz/install/can_msgs/share/can_msgs/cmake/can_msgs__rosidl_typesupport_cppExport-noconfig.cmake
[1.101s] -- Up-to-date: /home/alyazahrarr/tubes_dagoz/install/can_msgs/share/can_msgs/cmake/export_can_msgs__rosidl_generator_pyExport.cmake
[1.103s] -- Up-to-date: /home/alyazahrarr/tubes_dagoz/install/can_msgs/share/can_msgs/cmake/export_can_msgs__rosidl_generator_pyExport-noconfig.cmake
[1.103s] -- Up-to-date: /home/alyazahrarr/tubes_dagoz/install/can_msgs/share/can_msgs/cmake/rosidl_cmake-extras.cmake
[1.103s] -- Up-to-date: /home/alyazahrarr/tubes_dagoz/install/can_msgs/share/can_msgs/cmake/ament_cmake_export_dependencies-extras.cmake
[1.103s] -- Up-to-date: /home/alyazahrarr/tubes_dagoz/install/can_msgs/share/can_msgs/cmake/ament_cmake_export_include_directories-extras.cmake
[1.103s] -- Up-to-date: /home/alyazahrarr/tubes_dagoz/install/can_msgs/share/can_msgs/cmake/ament_cmake_export_libraries-extras.cmake
[1.103s] -- Up-to-date: /home/alyazahrarr/tubes_dagoz/install/can_msgs/share/can_msgs/cmake/ament_cmake_export_targets-extras.cmake
[1.103s] -- Up-to-date: /home/alyazahrarr/tubes_dagoz/install/can_msgs/share/can_msgs/cmake/rosidl_cmake_export_typesupport_targets-extras.cmake
[1.103s] -- Up-to-date: /home/alyazahrarr/tubes_dagoz/install/can_msgs/share/can_msgs/cmake/rosidl_cmake_export_typesupport_libraries-extras.cmake
[1.104s] -- Up-to-date: /home/alyazahrarr/tubes_dagoz/install/can_msgs/share/can_msgs/cmake/can_msgsConfig.cmake
[1.104s] -- Up-to-date: /home/alyazahrarr/tubes_dagoz/install/can_msgs/share/can_msgs/cmake/can_msgsConfig-version.cmake
[1.105s] -- Up-to-date: /home/alyazahrarr/tubes_dagoz/install/can_msgs/share/can_msgs/package.xml
[1.109s] Invoked command in '/home/alyazahrarr/tubes_dagoz/build/can_msgs' returned '0': CMAKE_PREFIX_PATH=${CMAKE_PREFIX_PATH}:/home/alyazahrarr/ros2_ws/install/launch_testing_examples:/home/alyazahrarr/ros2_ws/install/examples_rclpy_pointcloud_publisher:/home/alyazahrarr/ros2_ws/install/examples_rclpy_minimal_subscriber:/home/alyazahrarr/ros2_ws/install/examples_rclpy_minimal_service:/home/alyazahrarr/ros2_ws/install/examples_rclpy_minimal_publisher:/home/alyazahrarr/ros2_ws/install/examples_rclpy_minimal_client:/home/alyazahrarr/ros2_ws/install/examples_rclpy_minimal_action_server:/home/alyazahrarr/ros2_ws/install/examples_rclpy_minimal_action_client:/home/alyazahrarr/ros2_ws/install/examples_rclpy_guard_conditions:/home/alyazahrarr/ros2_ws/install/examples_rclpy_executors:/opt/ros/jazzy DEBUGINFOD_URLS=https://debuginfod.ubuntu.com /usr/bin/cmake --install /home/alyazahrarr/tubes_dagoz/build/can_msgs
