[0.020s] Invoking command in '/home/adha/belajar/ws1/build/can_msgs': CMAKE_PREFIX_PATH=${CMAKE_PREFIX_PATH}:/opt/ros/jazzy DEBUGINFOD_URLS=https://debuginfod.ubuntu.com /usr/bin/cmake --build /home/adha/belajar/ws1/build/can_msgs -- -j12 -l12
[0.090s] [  2%] Built target can_msgs__rosidl_generator_type_description
[0.107s] [  2%] Built target ament_cmake_python_copy_can_msgs
[0.124s] [  5%] Built target can_msgs__cpp
[0.125s] [ 20%] Built target can_msgs__rosidl_generator_c
[0.185s] [ 29%] Built target can_msgs__rosidl_typesupport_fastrtps_c
[0.191s] [ 38%] Built target can_msgs__rosidl_typesupport_cpp
[0.193s] [ 47%] Built target can_msgs__rosidl_typesupport_introspection_c
[0.196s] [ 64%] Built target can_msgs__rosidl_typesupport_introspection_cpp
[0.198s] [ 64%] Built target can_msgs__rosidl_typesupport_fastrtps_cpp
[0.201s] [ 73%] Built target can_msgs__rosidl_typesupport_c
[0.235s] [ 73%] Built target can_msgs
[0.267s] [ 76%] Built target can_msgs__py
[0.302s] [ 82%] Built target can_msgs__rosidl_generator_py
[0.338s] [ 88%] Built target can_msgs_s__rosidl_typesupport_c
[0.338s] [ 94%] Built target can_msgs_s__rosidl_typesupport_fastrtps_c
[0.345s] [100%] Built target can_msgs_s__rosidl_typesupport_introspection_c
[0.382s] running egg_info
[0.396s] writing can_msgs.egg-info/PKG-INFO
[0.396s] writing dependency_links to can_msgs.egg-info/dependency_links.txt
[0.396s] writing top-level names to can_msgs.egg-info/top_level.txt
[0.433s] reading manifest file 'can_msgs.egg-info/SOURCES.txt'
[0.434s] writing manifest file 'can_msgs.egg-info/SOURCES.txt'
[0.472s] [100%] Built target ament_cmake_python_build_can_msgs_egg
[0.486s] Invoked command in '/home/adha/belajar/ws1/build/can_msgs' returned '0': CMAKE_PREFIX_PATH=${CMAKE_PREFIX_PATH}:/opt/ros/jazzy DEBUGINFOD_URLS=https://debuginfod.ubuntu.com /usr/bin/cmake --build /home/adha/belajar/ws1/build/can_msgs -- -j12 -l12
[0.554s] Invoking command in '/home/adha/belajar/ws1/build/can_msgs': CMAKE_PREFIX_PATH=${CMAKE_PREFIX_PATH}:/opt/ros/jazzy DEBUGINFOD_URLS=https://debuginfod.ubuntu.com /usr/bin/cmake --install /home/adha/belajar/ws1/build/can_msgs
[0.563s] -- Install configuration: ""
[0.563s] -- Up-to-date: /home/adha/belajar/ws1/install/can_msgs/share/ament_index/resource_index/rosidl_interfaces/can_msgs
[0.563s] -- Up-to-date: /home/adha/belajar/ws1/install/can_msgs/share/can_msgs/msg/Frame.json
[0.563s] -- Up-to-date: /home/adha/belajar/ws1/install/can_msgs/include/can_msgs/can_msgs
[0.564s] -- Up-to-date: /home/adha/belajar/ws1/install/can_msgs/include/can_msgs/can_msgs/msg
[0.564s] -- Up-to-date: /home/adha/belajar/ws1/install/can_msgs/include/can_msgs/can_msgs/msg/rosidl_generator_c__visibility_control.h
[0.564s] -- Up-to-date: /home/adha/belajar/ws1/install/can_msgs/include/can_msgs/can_msgs/msg/frame.h
[0.564s] -- Up-to-date: /home/adha/belajar/ws1/install/can_msgs/include/can_msgs/can_msgs/msg/detail
[0.564s] -- Up-to-date: /home/adha/belajar/ws1/install/can_msgs/include/can_msgs/can_msgs/msg/detail/frame__description.c
[0.565s] -- Up-to-date: /home/adha/belajar/ws1/install/can_msgs/include/can_msgs/can_msgs/msg/detail/frame__struct.h
[0.565s] -- Up-to-date: /home/adha/belajar/ws1/install/can_msgs/include/can_msgs/can_msgs/msg/detail/frame__functions.h
[0.565s] -- Up-to-date: /home/adha/belajar/ws1/install/can_msgs/include/can_msgs/can_msgs/msg/detail/frame__type_support.h
[0.565s] -- Up-to-date: /home/adha/belajar/ws1/install/can_msgs/include/can_msgs/can_msgs/msg/detail/frame__type_support.c
[0.565s] -- Up-to-date: /home/adha/belajar/ws1/install/can_msgs/include/can_msgs/can_msgs/msg/detail/frame__functions.c
[0.565s] -- Up-to-date: /home/adha/belajar/ws1/install/can_msgs/share/can_msgs/environment/library_path.sh
[0.565s] -- Up-to-date: /home/adha/belajar/ws1/install/can_msgs/share/can_msgs/environment/library_path.dsv
[0.565s] -- Up-to-date: /home/adha/belajar/ws1/install/can_msgs/lib/libcan_msgs__rosidl_generator_c.so
[0.567s] -- Up-to-date: /home/adha/belajar/ws1/install/can_msgs/include/can_msgs/can_msgs
[0.567s] -- Up-to-date: /home/adha/belajar/ws1/install/can_msgs/include/can_msgs/can_msgs/msg
[0.567s] -- Up-to-date: /home/adha/belajar/ws1/install/can_msgs/include/can_msgs/can_msgs/msg/rosidl_typesupport_fastrtps_c__visibility_control.h
[0.567s] -- Up-to-date: /home/adha/belajar/ws1/install/can_msgs/include/can_msgs/can_msgs/msg/detail
[0.567s] -- Up-to-date: /home/adha/belajar/ws1/install/can_msgs/include/can_msgs/can_msgs/msg/detail/frame__rosidl_typesupport_fastrtps_c.h
[0.568s] -- Up-to-date: /home/adha/belajar/ws1/install/can_msgs/lib/libcan_msgs__rosidl_typesupport_fastrtps_c.so
[0.569s] -- Up-to-date: /home/adha/belajar/ws1/install/can_msgs/include/can_msgs/can_msgs
[0.569s] -- Up-to-date: /home/adha/belajar/ws1/install/can_msgs/include/can_msgs/can_msgs/msg
[0.569s] -- Up-to-date: /home/adha/belajar/ws1/install/can_msgs/include/can_msgs/can_msgs/msg/rosidl_typesupport_introspection_c__visibility_control.h
[0.569s] -- Up-to-date: /home/adha/belajar/ws1/install/can_msgs/include/can_msgs/can_msgs/msg/detail
[0.569s] -- Up-to-date: /home/adha/belajar/ws1/install/can_msgs/include/can_msgs/can_msgs/msg/detail/frame__rosidl_typesupport_introspection_c.h
[0.570s] -- Up-to-date: /home/adha/belajar/ws1/install/can_msgs/include/can_msgs/can_msgs/msg/detail/frame__type_support.c
[0.570s] -- Up-to-date: /home/adha/belajar/ws1/install/can_msgs/lib/libcan_msgs__rosidl_typesupport_introspection_c.so
[0.570s] -- Up-to-date: /home/adha/belajar/ws1/install/can_msgs/lib/libcan_msgs__rosidl_typesupport_c.so
[0.570s] -- Up-to-date: /home/adha/belajar/ws1/install/can_msgs/include/can_msgs/can_msgs
[0.570s] -- Up-to-date: /home/adha/belajar/ws1/install/can_msgs/include/can_msgs/can_msgs/msg
[0.571s] -- Up-to-date: /home/adha/belajar/ws1/install/can_msgs/include/can_msgs/can_msgs/msg/rosidl_generator_cpp__visibility_control.hpp
[0.571s] -- Up-to-date: /home/adha/belajar/ws1/install/can_msgs/include/can_msgs/can_msgs/msg/frame.hpp
[0.571s] -- Up-to-date: /home/adha/belajar/ws1/install/can_msgs/include/can_msgs/can_msgs/msg/detail
[0.571s] -- Up-to-date: /home/adha/belajar/ws1/install/can_msgs/include/can_msgs/can_msgs/msg/detail/frame__type_support.hpp
[0.571s] -- Up-to-date: /home/adha/belajar/ws1/install/can_msgs/include/can_msgs/can_msgs/msg/detail/frame__traits.hpp
[0.571s] -- Up-to-date: /home/adha/belajar/ws1/install/can_msgs/include/can_msgs/can_msgs/msg/detail/frame__builder.hpp
[0.571s] -- Up-to-date: /home/adha/belajar/ws1/install/can_msgs/include/can_msgs/can_msgs/msg/detail/frame__struct.hpp
[0.571s] -- Up-to-date: /home/adha/belajar/ws1/install/can_msgs/include/can_msgs/can_msgs
[0.571s] -- Up-to-date: /home/adha/belajar/ws1/install/can_msgs/include/can_msgs/can_msgs/msg
[0.571s] -- Up-to-date: /home/adha/belajar/ws1/install/can_msgs/include/can_msgs/can_msgs/msg/rosidl_typesupport_fastrtps_cpp__visibility_control.h
[0.572s] -- Up-to-date: /home/adha/belajar/ws1/install/can_msgs/include/can_msgs/can_msgs/msg/detail
[0.572s] -- Up-to-date: /home/adha/belajar/ws1/install/can_msgs/include/can_msgs/can_msgs/msg/detail/dds_fastrtps
[0.572s] -- Up-to-date: /home/adha/belajar/ws1/install/can_msgs/include/can_msgs/can_msgs/msg/detail/frame__rosidl_typesupport_fastrtps_cpp.hpp
[0.573s] -- Up-to-date: /home/adha/belajar/ws1/install/can_msgs/lib/libcan_msgs__rosidl_typesupport_fastrtps_cpp.so
[0.574s] -- Up-to-date: /home/adha/belajar/ws1/install/can_msgs/include/can_msgs/can_msgs
[0.574s] -- Up-to-date: /home/adha/belajar/ws1/install/can_msgs/include/can_msgs/can_msgs/msg
[0.574s] -- Up-to-date: /home/adha/belajar/ws1/install/can_msgs/include/can_msgs/can_msgs/msg/detail
[0.574s] -- Up-to-date: /home/adha/belajar/ws1/install/can_msgs/include/can_msgs/can_msgs/msg/detail/frame__type_support.cpp
[0.574s] -- Up-to-date: /home/adha/belajar/ws1/install/can_msgs/include/can_msgs/can_msgs/msg/detail/frame__rosidl_typesupport_introspection_cpp.hpp
[0.574s] -- Up-to-date: /home/adha/belajar/ws1/install/can_msgs/lib/libcan_msgs__rosidl_typesupport_introspection_cpp.so
[0.574s] -- Up-to-date: /home/adha/belajar/ws1/install/can_msgs/lib/libcan_msgs__rosidl_typesupport_cpp.so
[0.574s] -- Up-to-date: /home/adha/belajar/ws1/install/can_msgs/share/can_msgs/environment/pythonpath.sh
[0.575s] -- Up-to-date: /home/adha/belajar/ws1/install/can_msgs/share/can_msgs/environment/pythonpath.dsv
[0.575s] -- Up-to-date: /home/adha/belajar/ws1/install/can_msgs/lib/python3.12/site-packages/can_msgs-2.0.0-py3.12.egg-info
[0.575s] -- Installing: /home/adha/belajar/ws1/install/can_msgs/lib/python3.12/site-packages/can_msgs-2.0.0-py3.12.egg-info/dependency_links.txt
[0.575s] -- Installing: /home/adha/belajar/ws1/install/can_msgs/lib/python3.12/site-packages/can_msgs-2.0.0-py3.12.egg-info/top_level.txt
[0.575s] -- Installing: /home/adha/belajar/ws1/install/can_msgs/lib/python3.12/site-packages/can_msgs-2.0.0-py3.12.egg-info/SOURCES.txt
[0.575s] -- Installing: /home/adha/belajar/ws1/install/can_msgs/lib/python3.12/site-packages/can_msgs-2.0.0-py3.12.egg-info/PKG-INFO
[0.575s] -- Up-to-date: /home/adha/belajar/ws1/install/can_msgs/lib/python3.12/site-packages/can_msgs
[0.575s] -- Up-to-date: /home/adha/belajar/ws1/install/can_msgs/lib/python3.12/site-packages/can_msgs/msg
[0.575s] -- Up-to-date: /home/adha/belajar/ws1/install/can_msgs/lib/python3.12/site-packages/can_msgs/msg/__init__.py
[0.575s] -- Up-to-date: /home/adha/belajar/ws1/install/can_msgs/lib/python3.12/site-packages/can_msgs/msg/_frame_s.c
[0.576s] -- Up-to-date: /home/adha/belajar/ws1/install/can_msgs/lib/python3.12/site-packages/can_msgs/msg/_frame.py
[0.576s] -- Up-to-date: /home/adha/belajar/ws1/install/can_msgs/lib/python3.12/site-packages/can_msgs/__init__.py
[0.576s] -- Up-to-date: /home/adha/belajar/ws1/install/can_msgs/lib/python3.12/site-packages/can_msgs/can_msgs_s__rosidl_typesupport_introspection_c.so
[0.576s] -- Up-to-date: /home/adha/belajar/ws1/install/can_msgs/lib/python3.12/site-packages/can_msgs/_can_msgs_s.ep.rosidl_typesupport_c.c
[0.576s] -- Up-to-date: /home/adha/belajar/ws1/install/can_msgs/lib/python3.12/site-packages/can_msgs/can_msgs_s__rosidl_typesupport_fastrtps_c.so
[0.576s] -- Up-to-date: /home/adha/belajar/ws1/install/can_msgs/lib/python3.12/site-packages/can_msgs/_can_msgs_s.ep.rosidl_typesupport_introspection_c.c
[0.576s] -- Up-to-date: /home/adha/belajar/ws1/install/can_msgs/lib/python3.12/site-packages/can_msgs/can_msgs_s__rosidl_typesupport_c.so
[0.576s] -- Up-to-date: /home/adha/belajar/ws1/install/can_msgs/lib/python3.12/site-packages/can_msgs/_can_msgs_s.ep.rosidl_typesupport_fastrtps_c.c
[0.599s] Listing '/home/adha/belajar/ws1/install/can_msgs/lib/python3.12/site-packages/can_msgs'...
[0.599s] Listing '/home/adha/belajar/ws1/install/can_msgs/lib/python3.12/site-packages/can_msgs/msg'...
[0.604s] -- Up-to-date: /home/adha/belajar/ws1/install/can_msgs/lib/python3.12/site-packages/can_msgs/can_msgs_s__rosidl_typesupport_fastrtps_c.so
[0.606s] -- Up-to-date: /home/adha/belajar/ws1/install/can_msgs/lib/python3.12/site-packages/can_msgs/can_msgs_s__rosidl_typesupport_introspection_c.so
[0.607s] -- Up-to-date: /home/adha/belajar/ws1/install/can_msgs/lib/python3.12/site-packages/can_msgs/can_msgs_s__rosidl_typesupport_c.so
[0.608s] -- Up-to-date: /home/adha/belajar/ws1/install/can_msgs/lib/libcan_msgs__rosidl_generator_py.so
[0.609s] -- Up-to-date: /home/adha/belajar/ws1/install/can_msgs/share/can_msgs/msg/Frame.idl
[0.609s] -- Up-to-date: /home/adha/belajar/ws1/install/can_msgs/share/can_msgs/msg/Frame.msg
[0.609s] -- Up-to-date: /home/adha/belajar/ws1/install/can_msgs/share/ament_index/resource_index/package_run_dependencies/can_msgs
[0.609s] -- Up-to-date: /home/adha/belajar/ws1/install/can_msgs/share/ament_index/resource_index/parent_prefix_path/can_msgs
[0.609s] -- Up-to-date: /home/adha/belajar/ws1/install/can_msgs/share/can_msgs/environment/ament_prefix_path.sh
[0.609s] -- Up-to-date: /home/adha/belajar/ws1/install/can_msgs/share/can_msgs/environment/ament_prefix_path.dsv
[0.609s] -- Up-to-date: /home/adha/belajar/ws1/install/can_msgs/share/can_msgs/environment/path.sh
[0.609s] -- Up-to-date: /home/adha/belajar/ws1/install/can_msgs/share/can_msgs/environment/path.dsv
[0.609s] -- Up-to-date: /home/adha/belajar/ws1/install/can_msgs/share/can_msgs/local_setup.bash
[0.610s] -- Up-to-date: /home/adha/belajar/ws1/install/can_msgs/share/can_msgs/local_setup.sh
[0.610s] -- Up-to-date: /home/adha/belajar/ws1/install/can_msgs/share/can_msgs/local_setup.zsh
[0.610s] -- Up-to-date: /home/adha/belajar/ws1/install/can_msgs/share/can_msgs/local_setup.dsv
[0.610s] -- Installing: /home/adha/belajar/ws1/install/can_msgs/share/can_msgs/package.dsv
[0.610s] -- Up-to-date: /home/adha/belajar/ws1/install/can_msgs/share/ament_index/resource_index/packages/can_msgs
[0.610s] -- Up-to-date: /home/adha/belajar/ws1/install/can_msgs/share/can_msgs/cmake/export_can_msgs__rosidl_generator_cExport.cmake
[0.610s] -- Up-to-date: /home/adha/belajar/ws1/install/can_msgs/share/can_msgs/cmake/export_can_msgs__rosidl_generator_cExport-noconfig.cmake
[0.610s] -- Up-to-date: /home/adha/belajar/ws1/install/can_msgs/share/can_msgs/cmake/export_can_msgs__rosidl_typesupport_fastrtps_cExport.cmake
[0.611s] -- Up-to-date: /home/adha/belajar/ws1/install/can_msgs/share/can_msgs/cmake/export_can_msgs__rosidl_typesupport_fastrtps_cExport-noconfig.cmake
[0.611s] -- Up-to-date: /home/adha/belajar/ws1/install/can_msgs/share/can_msgs/cmake/can_msgs__rosidl_typesupport_introspection_cExport.cmake
[0.611s] -- Up-to-date: /home/adha/belajar/ws1/install/can_msgs/share/can_msgs/cmake/can_msgs__rosidl_typesupport_introspection_cExport-noconfig.cmake
[0.611s] -- Up-to-date: /home/adha/belajar/ws1/install/can_msgs/share/can_msgs/cmake/can_msgs__rosidl_typesupport_cExport.cmake
[0.611s] -- Up-to-date: /home/adha/belajar/ws1/install/can_msgs/share/can_msgs/cmake/can_msgs__rosidl_typesupport_cExport-noconfig.cmake
[0.611s] -- Up-to-date: /home/adha/belajar/ws1/install/can_msgs/share/can_msgs/cmake/export_can_msgs__rosidl_generator_cppExport.cmake
[0.611s] -- Up-to-date: /home/adha/belajar/ws1/install/can_msgs/share/can_msgs/cmake/export_can_msgs__rosidl_typesupport_fastrtps_cppExport.cmake
[0.611s] -- Up-to-date: /home/adha/belajar/ws1/install/can_msgs/share/can_msgs/cmake/export_can_msgs__rosidl_typesupport_fastrtps_cppExport-noconfig.cmake
[0.611s] -- Up-to-date: /home/adha/belajar/ws1/install/can_msgs/share/can_msgs/cmake/can_msgs__rosidl_typesupport_introspection_cppExport.cmake
[0.611s] -- Up-to-date: /home/adha/belajar/ws1/install/can_msgs/share/can_msgs/cmake/can_msgs__rosidl_typesupport_introspection_cppExport-noconfig.cmake
[0.612s] -- Up-to-date: /home/adha/belajar/ws1/install/can_msgs/share/can_msgs/cmake/can_msgs__rosidl_typesupport_cppExport.cmake
[0.612s] -- Up-to-date: /home/adha/belajar/ws1/install/can_msgs/share/can_msgs/cmake/can_msgs__rosidl_typesupport_cppExport-noconfig.cmake
[0.612s] -- Up-to-date: /home/adha/belajar/ws1/install/can_msgs/share/can_msgs/cmake/export_can_msgs__rosidl_generator_pyExport.cmake
[0.612s] -- Up-to-date: /home/adha/belajar/ws1/install/can_msgs/share/can_msgs/cmake/export_can_msgs__rosidl_generator_pyExport-noconfig.cmake
[0.612s] -- Up-to-date: /home/adha/belajar/ws1/install/can_msgs/share/can_msgs/cmake/rosidl_cmake-extras.cmake
[0.612s] -- Up-to-date: /home/adha/belajar/ws1/install/can_msgs/share/can_msgs/cmake/ament_cmake_export_dependencies-extras.cmake
[0.612s] -- Up-to-date: /home/adha/belajar/ws1/install/can_msgs/share/can_msgs/cmake/ament_cmake_export_include_directories-extras.cmake
[0.612s] -- Up-to-date: /home/adha/belajar/ws1/install/can_msgs/share/can_msgs/cmake/ament_cmake_export_libraries-extras.cmake
[0.612s] -- Up-to-date: /home/adha/belajar/ws1/install/can_msgs/share/can_msgs/cmake/ament_cmake_export_targets-extras.cmake
[0.612s] -- Up-to-date: /home/adha/belajar/ws1/install/can_msgs/share/can_msgs/cmake/rosidl_cmake_export_typesupport_targets-extras.cmake
[0.612s] -- Up-to-date: /home/adha/belajar/ws1/install/can_msgs/share/can_msgs/cmake/rosidl_cmake_export_typesupport_libraries-extras.cmake
[0.612s] -- Up-to-date: /home/adha/belajar/ws1/install/can_msgs/share/can_msgs/cmake/can_msgsConfig.cmake
[0.612s] -- Up-to-date: /home/adha/belajar/ws1/install/can_msgs/share/can_msgs/cmake/can_msgsConfig-version.cmake
[0.612s] -- Up-to-date: /home/adha/belajar/ws1/install/can_msgs/share/can_msgs/package.xml
[0.622s] Invoked command in '/home/adha/belajar/ws1/build/can_msgs' returned '0': CMAKE_PREFIX_PATH=${CMAKE_PREFIX_PATH}:/opt/ros/jazzy DEBUGINFOD_URLS=https://debuginfod.ubuntu.com /usr/bin/cmake --install /home/adha/belajar/ws1/build/can_msgs
