[0.028s] Invoking command in '/home/alyazahrarr/tubes_dagoz/build/can_msgs': CMAKE_PREFIX_PATH=${CMAKE_PREFIX_PATH}:/home/alyazahrarr/ros2_ws/install/launch_testing_examples:/home/alyazahrarr/ros2_ws/install/examples_rclpy_pointcloud_publisher:/home/alyazahrarr/ros2_ws/install/examples_rclpy_minimal_subscriber:/home/alyazahrarr/ros2_ws/install/examples_rclpy_minimal_service:/home/alyazahrarr/ros2_ws/install/examples_rclpy_minimal_publisher:/home/alyazahrarr/ros2_ws/install/examples_rclpy_minimal_client:/home/alyazahrarr/ros2_ws/install/examples_rclpy_minimal_action_server:/home/alyazahrarr/ros2_ws/install/examples_rclpy_minimal_action_client:/home/alyazahrarr/ros2_ws/install/examples_rclpy_guard_conditions:/home/alyazahrarr/ros2_ws/install/examples_rclpy_executors:/opt/ros/jazzy DEBUGINFOD_URLS=https://debuginfod.ubuntu.com /usr/bin/cmake --build /home/alyazahrarr/tubes_dagoz/build/can_msgs -- -j8 -l8
[0.107s] [  2%] Built target can_msgs__rosidl_generator_type_description
[0.128s] [  2%] Built target ament_cmake_python_copy_can_msgs
[0.153s] [  5%] Built target can_msgs__cpp
[0.158s] [ 20%] Built target can_msgs__rosidl_generator_c
[0.218s] [ 29%] Built target can_msgs__rosidl_typesupport_c
[0.237s] [ 38%] Built target can_msgs__rosidl_typesupport_introspection_c
[0.239s] [ 47%] Built target can_msgs__rosidl_typesupport_introspection_cpp
[0.263s] [ 55%] Built target can_msgs__rosidl_typesupport_fastrtps_c
[0.277s] [ 64%] Built target can_msgs__rosidl_typesupport_fastrtps_cpp
[0.278s] [ 73%] Built target can_msgs__rosidl_typesupport_cpp
[0.317s] [ 73%] Built target can_msgs
[0.351s] [ 76%] Built target can_msgs__py
[0.382s] [ 82%] Built target can_msgs__rosidl_generator_py
[0.444s] [ 88%] Built target can_msgs_s__rosidl_typesupport_introspection_c
[0.449s] [ 94%] Built target can_msgs_s__rosidl_typesupport_c
[0.450s] [100%] Built target can_msgs_s__rosidl_typesupport_fastrtps_c
[0.677s] running egg_info
[0.712s] writing can_msgs.egg-info/PKG-INFO
[0.712s] writing dependency_links to can_msgs.egg-info/dependency_links.txt
[0.712s] writing top-level names to can_msgs.egg-info/top_level.txt
[0.825s] reading manifest file 'can_msgs.egg-info/SOURCES.txt'
[0.826s] writing manifest file 'can_msgs.egg-info/SOURCES.txt'
[0.876s] [100%] Built target ament_cmake_python_build_can_msgs_egg
[0.896s] Invoked command in '/home/alyazahrarr/tubes_dagoz/build/can_msgs' returned '0': CMAKE_PREFIX_PATH=${CMAKE_PREFIX_PATH}:/home/alyazahrarr/ros2_ws/install/launch_testing_examples:/home/alyazahrarr/ros2_ws/install/examples_rclpy_pointcloud_publisher:/home/alyazahrarr/ros2_ws/install/examples_rclpy_minimal_subscriber:/home/alyazahrarr/ros2_ws/install/examples_rclpy_minimal_service:/home/alyazahrarr/ros2_ws/install/examples_rclpy_minimal_publisher:/home/alyazahrarr/ros2_ws/install/examples_rclpy_minimal_client:/home/alyazahrarr/ros2_ws/install/examples_rclpy_minimal_action_server:/home/alyazahrarr/ros2_ws/install/examples_rclpy_minimal_action_client:/home/alyazahrarr/ros2_ws/install/examples_rclpy_guard_conditions:/home/alyazahrarr/ros2_ws/install/examples_rclpy_executors:/opt/ros/jazzy DEBUGINFOD_URLS=https://debuginfod.ubuntu.com /usr/bin/cmake --build /home/alyazahrarr/tubes_dagoz/build/can_msgs -- -j8 -l8
[0.990s] Invoking command in '/home/alyazahrarr/tubes_dagoz/build/can_msgs': CMAKE_PREFIX_PATH=${CMAKE_PREFIX_PATH}:/home/alyazahrarr/ros2_ws/install/launch_testing_examples:/home/alyazahrarr/ros2_ws/install/examples_rclpy_pointcloud_publisher:/home/alyazahrarr/ros2_ws/install/examples_rclpy_minimal_subscriber:/home/alyazahrarr/ros2_ws/install/examples_rclpy_minimal_service:/home/alyazahrarr/ros2_ws/install/examples_rclpy_minimal_publisher:/home/alyazahrarr/ros2_ws/install/examples_rclpy_minimal_client:/home/alyazahrarr/ros2_ws/install/examples_rclpy_minimal_action_server:/home/alyazahrarr/ros2_ws/install/examples_rclpy_minimal_action_client:/home/alyazahrarr/ros2_ws/install/examples_rclpy_guard_conditions:/home/alyazahrarr/ros2_ws/install/examples_rclpy_executors:/opt/ros/jazzy DEBUGINFOD_URLS=https://debuginfod.ubuntu.com /usr/bin/cmake --install /home/alyazahrarr/tubes_dagoz/build/can_msgs
[1.009s] -- Install configuration: ""
[1.010s] -- Up-to-date: /home/alyazahrarr/tubes_dagoz/install/can_msgs/share/ament_index/resource_index/rosidl_interfaces/can_msgs
[1.010s] -- Up-to-date: /home/alyazahrarr/tubes_dagoz/install/can_msgs/share/can_msgs/msg/Frame.json
[1.011s] -- Up-to-date: /home/alyazahrarr/tubes_dagoz/install/can_msgs/include/can_msgs/can_msgs
[1.012s] -- Up-to-date: /home/alyazahrarr/tubes_dagoz/install/can_msgs/include/can_msgs/can_msgs/msg
[1.012s] -- Up-to-date: /home/alyazahrarr/tubes_dagoz/install/can_msgs/include/can_msgs/can_msgs/msg/detail
[1.012s] -- Up-to-date: /home/alyazahrarr/tubes_dagoz/install/can_msgs/include/can_msgs/can_msgs/msg/detail/frame__struct.h
[1.012s] -- Up-to-date: /home/alyazahrarr/tubes_dagoz/install/can_msgs/include/can_msgs/can_msgs/msg/detail/frame__functions.c
[1.013s] -- Up-to-date: /home/alyazahrarr/tubes_dagoz/install/can_msgs/include/can_msgs/can_msgs/msg/detail/frame__functions.h
[1.013s] -- Installing: /home/alyazahrarr/tubes_dagoz/install/can_msgs/include/can_msgs/can_msgs/msg/detail/frame__type_support.c
[1.013s] -- Up-to-date: /home/alyazahrarr/tubes_dagoz/install/can_msgs/include/can_msgs/can_msgs/msg/detail/frame__description.c
[1.014s] -- Up-to-date: /home/alyazahrarr/tubes_dagoz/install/can_msgs/include/can_msgs/can_msgs/msg/detail/frame__type_support.h
[1.014s] -- Up-to-date: /home/alyazahrarr/tubes_dagoz/install/can_msgs/include/can_msgs/can_msgs/msg/rosidl_generator_c__visibility_control.h
[1.014s] -- Up-to-date: /home/alyazahrarr/tubes_dagoz/install/can_msgs/include/can_msgs/can_msgs/msg/frame.h
[1.014s] -- Up-to-date: /home/alyazahrarr/tubes_dagoz/install/can_msgs/share/can_msgs/environment/library_path.sh
[1.015s] -- Up-to-date: /home/alyazahrarr/tubes_dagoz/install/can_msgs/share/can_msgs/environment/library_path.dsv
[1.015s] -- Up-to-date: /home/alyazahrarr/tubes_dagoz/install/can_msgs/lib/libcan_msgs__rosidl_generator_c.so
[1.015s] -- Up-to-date: /home/alyazahrarr/tubes_dagoz/install/can_msgs/include/can_msgs/can_msgs
[1.015s] -- Up-to-date: /home/alyazahrarr/tubes_dagoz/install/can_msgs/include/can_msgs/can_msgs/msg
[1.015s] -- Up-to-date: /home/alyazahrarr/tubes_dagoz/install/can_msgs/include/can_msgs/can_msgs/msg/detail
[1.015s] -- Up-to-date: /home/alyazahrarr/tubes_dagoz/install/can_msgs/include/can_msgs/can_msgs/msg/detail/frame__rosidl_typesupport_fastrtps_c.h
[1.016s] -- Up-to-date: /home/alyazahrarr/tubes_dagoz/install/can_msgs/include/can_msgs/can_msgs/msg/rosidl_typesupport_fastrtps_c__visibility_control.h
[1.016s] -- Up-to-date: /home/alyazahrarr/tubes_dagoz/install/can_msgs/lib/libcan_msgs__rosidl_typesupport_fastrtps_c.so
[1.016s] -- Up-to-date: /home/alyazahrarr/tubes_dagoz/install/can_msgs/include/can_msgs/can_msgs
[1.016s] -- Up-to-date: /home/alyazahrarr/tubes_dagoz/install/can_msgs/include/can_msgs/can_msgs/msg
[1.016s] -- Up-to-date: /home/alyazahrarr/tubes_dagoz/install/can_msgs/include/can_msgs/can_msgs/msg/detail
[1.017s] -- Installing: /home/alyazahrarr/tubes_dagoz/install/can_msgs/include/can_msgs/can_msgs/msg/detail/frame__type_support.c
[1.021s] -- Up-to-date: /home/alyazahrarr/tubes_dagoz/install/can_msgs/include/can_msgs/can_msgs/msg/detail/frame__rosidl_typesupport_introspection_c.h
[1.021s] -- Up-to-date: /home/alyazahrarr/tubes_dagoz/install/can_msgs/include/can_msgs/can_msgs/msg/rosidl_typesupport_introspection_c__visibility_control.h
[1.021s] -- Up-to-date: /home/alyazahrarr/tubes_dagoz/install/can_msgs/lib/libcan_msgs__rosidl_typesupport_introspection_c.so
[1.023s] -- Up-to-date: /home/alyazahrarr/tubes_dagoz/install/can_msgs/lib/libcan_msgs__rosidl_typesupport_c.so
[1.023s] -- Up-to-date: /home/alyazahrarr/tubes_dagoz/install/can_msgs/include/can_msgs/can_msgs
[1.023s] -- Up-to-date: /home/alyazahrarr/tubes_dagoz/install/can_msgs/include/can_msgs/can_msgs/msg
[1.023s] -- Up-to-date: /home/alyazahrarr/tubes_dagoz/install/can_msgs/include/can_msgs/can_msgs/msg/detail
[1.023s] -- Up-to-date: /home/alyazahrarr/tubes_dagoz/install/can_msgs/include/can_msgs/can_msgs/msg/detail/frame__type_support.hpp
[1.024s] -- Up-to-date: /home/alyazahrarr/tubes_dagoz/install/can_msgs/include/can_msgs/can_msgs/msg/detail/frame__builder.hpp
[1.024s] -- Up-to-date: /home/alyazahrarr/tubes_dagoz/install/can_msgs/include/can_msgs/can_msgs/msg/detail/frame__traits.hpp
[1.024s] -- Up-to-date: /home/alyazahrarr/tubes_dagoz/install/can_msgs/include/can_msgs/can_msgs/msg/detail/frame__struct.hpp
[1.024s] -- Up-to-date: /home/alyazahrarr/tubes_dagoz/install/can_msgs/include/can_msgs/can_msgs/msg/frame.hpp
[1.024s] -- Up-to-date: /home/alyazahrarr/tubes_dagoz/install/can_msgs/include/can_msgs/can_msgs/msg/rosidl_generator_cpp__visibility_control.hpp
[1.025s] -- Up-to-date: /home/alyazahrarr/tubes_dagoz/install/can_msgs/include/can_msgs/can_msgs
[1.025s] -- Up-to-date: /home/alyazahrarr/tubes_dagoz/install/can_msgs/include/can_msgs/can_msgs/msg
[1.026s] -- Up-to-date: /home/alyazahrarr/tubes_dagoz/install/can_msgs/include/can_msgs/can_msgs/msg/detail
[1.026s] -- Up-to-date: /home/alyazahrarr/tubes_dagoz/install/can_msgs/include/can_msgs/can_msgs/msg/detail/dds_fastrtps
[1.026s] -- Up-to-date: /home/alyazahrarr/tubes_dagoz/install/can_msgs/include/can_msgs/can_msgs/msg/detail/frame__rosidl_typesupport_fastrtps_cpp.hpp
[1.027s] -- Up-to-date: /home/alyazahrarr/tubes_dagoz/install/can_msgs/include/can_msgs/can_msgs/msg/rosidl_typesupport_fastrtps_cpp__visibility_control.h
[1.027s] -- Up-to-date: /home/alyazahrarr/tubes_dagoz/install/can_msgs/lib/libcan_msgs__rosidl_typesupport_fastrtps_cpp.so
[1.027s] -- Up-to-date: /home/alyazahrarr/tubes_dagoz/install/can_msgs/include/can_msgs/can_msgs
[1.027s] -- Up-to-date: /home/alyazahrarr/tubes_dagoz/install/can_msgs/include/can_msgs/can_msgs/msg
[1.028s] -- Up-to-date: /home/alyazahrarr/tubes_dagoz/install/can_msgs/include/can_msgs/can_msgs/msg/detail
[1.028s] -- Up-to-date: /home/alyazahrarr/tubes_dagoz/install/can_msgs/include/can_msgs/can_msgs/msg/detail/frame__type_support.cpp
[1.028s] -- Up-to-date: /home/alyazahrarr/tubes_dagoz/install/can_msgs/include/can_msgs/can_msgs/msg/detail/frame__rosidl_typesupport_introspection_cpp.hpp
[1.029s] -- Up-to-date: /home/alyazahrarr/tubes_dagoz/install/can_msgs/lib/libcan_msgs__rosidl_typesupport_introspection_cpp.so
[1.031s] -- Up-to-date: /home/alyazahrarr/tubes_dagoz/install/can_msgs/lib/libcan_msgs__rosidl_typesupport_cpp.so
[1.031s] -- Up-to-date: /home/alyazahrarr/tubes_dagoz/install/can_msgs/share/can_msgs/environment/pythonpath.sh
[1.032s] -- Up-to-date: /home/alyazahrarr/tubes_dagoz/install/can_msgs/share/can_msgs/environment/pythonpath.dsv
[1.032s] -- Up-to-date: /home/alyazahrarr/tubes_dagoz/install/can_msgs/lib/python3.12/site-packages/can_msgs-2.0.0-py3.12.egg-info
[1.032s] -- Installing: /home/alyazahrarr/tubes_dagoz/install/can_msgs/lib/python3.12/site-packages/can_msgs-2.0.0-py3.12.egg-info/dependency_links.txt
[1.032s] -- Installing: /home/alyazahrarr/tubes_dagoz/install/can_msgs/lib/python3.12/site-packages/can_msgs-2.0.0-py3.12.egg-info/SOURCES.txt
[1.032s] -- Installing: /home/alyazahrarr/tubes_dagoz/install/can_msgs/lib/python3.12/site-packages/can_msgs-2.0.0-py3.12.egg-info/PKG-INFO
[1.033s] -- Installing: /home/alyazahrarr/tubes_dagoz/install/can_msgs/lib/python3.12/site-packages/can_msgs-2.0.0-py3.12.egg-info/top_level.txt
[1.033s] -- Up-to-date: /home/alyazahrarr/tubes_dagoz/install/can_msgs/lib/python3.12/site-packages/can_msgs
[1.033s] -- Up-to-date: /home/alyazahrarr/tubes_dagoz/install/can_msgs/lib/python3.12/site-packages/can_msgs/_can_msgs_s.ep.rosidl_typesupport_c.c
[1.033s] -- Up-to-date: /home/alyazahrarr/tubes_dagoz/install/can_msgs/lib/python3.12/site-packages/can_msgs/can_msgs_s__rosidl_typesupport_introspection_c.so
[1.033s] -- Up-to-date: /home/alyazahrarr/tubes_dagoz/install/can_msgs/lib/python3.12/site-packages/can_msgs/_can_msgs_s.ep.rosidl_typesupport_fastrtps_c.c
[1.034s] -- Up-to-date: /home/alyazahrarr/tubes_dagoz/install/can_msgs/lib/python3.12/site-packages/can_msgs/__init__.py
[1.034s] -- Up-to-date: /home/alyazahrarr/tubes_dagoz/install/can_msgs/lib/python3.12/site-packages/can_msgs/can_msgs_s__rosidl_typesupport_fastrtps_c.so
[1.034s] -- Up-to-date: /home/alyazahrarr/tubes_dagoz/install/can_msgs/lib/python3.12/site-packages/can_msgs/_can_msgs_s.ep.rosidl_typesupport_introspection_c.c
[1.034s] -- Up-to-date: /home/alyazahrarr/tubes_dagoz/install/can_msgs/lib/python3.12/site-packages/can_msgs/can_msgs_s__rosidl_typesupport_c.so
[1.034s] -- Up-to-date: /home/alyazahrarr/tubes_dagoz/install/can_msgs/lib/python3.12/site-packages/can_msgs/msg
[1.035s] -- Up-to-date: /home/alyazahrarr/tubes_dagoz/install/can_msgs/lib/python3.12/site-packages/can_msgs/msg/__init__.py
[1.035s] -- Up-to-date: /home/alyazahrarr/tubes_dagoz/install/can_msgs/lib/python3.12/site-packages/can_msgs/msg/_frame_s.c
[1.035s] -- Up-to-date: /home/alyazahrarr/tubes_dagoz/install/can_msgs/lib/python3.12/site-packages/can_msgs/msg/_frame.py
[1.113s] Listing '/home/alyazahrarr/tubes_dagoz/install/can_msgs/lib/python3.12/site-packages/can_msgs'...
[1.113s] Listing '/home/alyazahrarr/tubes_dagoz/install/can_msgs/lib/python3.12/site-packages/can_msgs/msg'...
[1.127s] -- Up-to-date: /home/alyazahrarr/tubes_dagoz/install/can_msgs/lib/python3.12/site-packages/can_msgs/can_msgs_s__rosidl_typesupport_fastrtps_c.so
[1.127s] -- Up-to-date: /home/alyazahrarr/tubes_dagoz/install/can_msgs/lib/python3.12/site-packages/can_msgs/can_msgs_s__rosidl_typesupport_introspection_c.so
[1.128s] -- Up-to-date: /home/alyazahrarr/tubes_dagoz/install/can_msgs/lib/python3.12/site-packages/can_msgs/can_msgs_s__rosidl_typesupport_c.so
[1.128s] -- Up-to-date: /home/alyazahrarr/tubes_dagoz/install/can_msgs/lib/libcan_msgs__rosidl_generator_py.so
[1.128s] -- Up-to-date: /home/alyazahrarr/tubes_dagoz/install/can_msgs/share/can_msgs/msg/Frame.idl
[1.129s] -- Up-to-date: /home/alyazahrarr/tubes_dagoz/install/can_msgs/share/can_msgs/msg/Frame.msg
[1.129s] -- Up-to-date: /home/alyazahrarr/tubes_dagoz/install/can_msgs/share/ament_index/resource_index/package_run_dependencies/can_msgs
[1.129s] -- Up-to-date: /home/alyazahrarr/tubes_dagoz/install/can_msgs/share/ament_index/resource_index/parent_prefix_path/can_msgs
[1.130s] -- Up-to-date: /home/alyazahrarr/tubes_dagoz/install/can_msgs/share/can_msgs/environment/ament_prefix_path.sh
[1.130s] -- Up-to-date: /home/alyazahrarr/tubes_dagoz/install/can_msgs/share/can_msgs/environment/ament_prefix_path.dsv
[1.130s] -- Up-to-date: /home/alyazahrarr/tubes_dagoz/install/can_msgs/share/can_msgs/environment/path.sh
[1.130s] -- Up-to-date: /home/alyazahrarr/tubes_dagoz/install/can_msgs/share/can_msgs/environment/path.dsv
[1.131s] -- Up-to-date: /home/alyazahrarr/tubes_dagoz/install/can_msgs/share/can_msgs/local_setup.bash
[1.131s] -- Up-to-date: /home/alyazahrarr/tubes_dagoz/install/can_msgs/share/can_msgs/local_setup.sh
[1.131s] -- Up-to-date: /home/alyazahrarr/tubes_dagoz/install/can_msgs/share/can_msgs/local_setup.zsh
[1.131s] -- Up-to-date: /home/alyazahrarr/tubes_dagoz/install/can_msgs/share/can_msgs/local_setup.dsv
[1.131s] -- Installing: /home/alyazahrarr/tubes_dagoz/install/can_msgs/share/can_msgs/package.dsv
[1.132s] -- Up-to-date: /home/alyazahrarr/tubes_dagoz/install/can_msgs/share/ament_index/resource_index/packages/can_msgs
[1.132s] -- Up-to-date: /home/alyazahrarr/tubes_dagoz/install/can_msgs/share/can_msgs/cmake/export_can_msgs__rosidl_generator_cExport.cmake
[1.132s] -- Up-to-date: /home/alyazahrarr/tubes_dagoz/install/can_msgs/share/can_msgs/cmake/export_can_msgs__rosidl_generator_cExport-noconfig.cmake
[1.132s] -- Up-to-date: /home/alyazahrarr/tubes_dagoz/install/can_msgs/share/can_msgs/cmake/export_can_msgs__rosidl_typesupport_fastrtps_cExport.cmake
[1.132s] -- Up-to-date: /home/alyazahrarr/tubes_dagoz/install/can_msgs/share/can_msgs/cmake/export_can_msgs__rosidl_typesupport_fastrtps_cExport-noconfig.cmake
[1.133s] -- Up-to-date: /home/alyazahrarr/tubes_dagoz/install/can_msgs/share/can_msgs/cmake/can_msgs__rosidl_typesupport_introspection_cExport.cmake
[1.133s] -- Up-to-date: /home/alyazahrarr/tubes_dagoz/install/can_msgs/share/can_msgs/cmake/can_msgs__rosidl_typesupport_introspection_cExport-noconfig.cmake
[1.133s] -- Up-to-date: /home/alyazahrarr/tubes_dagoz/install/can_msgs/share/can_msgs/cmake/can_msgs__rosidl_typesupport_cExport.cmake
[1.133s] -- Up-to-date: /home/alyazahrarr/tubes_dagoz/install/can_msgs/share/can_msgs/cmake/can_msgs__rosidl_typesupport_cExport-noconfig.cmake
[1.134s] -- Up-to-date: /home/alyazahrarr/tubes_dagoz/install/can_msgs/share/can_msgs/cmake/export_can_msgs__rosidl_generator_cppExport.cmake
[1.134s] -- Up-to-date: /home/alyazahrarr/tubes_dagoz/install/can_msgs/share/can_msgs/cmake/export_can_msgs__rosidl_typesupport_fastrtps_cppExport.cmake
[1.134s] -- Up-to-date: /home/alyazahrarr/tubes_dagoz/install/can_msgs/share/can_msgs/cmake/export_can_msgs__rosidl_typesupport_fastrtps_cppExport-noconfig.cmake
[1.134s] -- Up-to-date: /home/alyazahrarr/tubes_dagoz/install/can_msgs/share/can_msgs/cmake/can_msgs__rosidl_typesupport_introspection_cppExport.cmake
[1.134s] -- Up-to-date: /home/alyazahrarr/tubes_dagoz/install/can_msgs/share/can_msgs/cmake/can_msgs__rosidl_typesupport_introspection_cppExport-noconfig.cmake
[1.135s] -- Up-to-date: /home/alyazahrarr/tubes_dagoz/install/can_msgs/share/can_msgs/cmake/can_msgs__rosidl_typesupport_cppExport.cmake
[1.135s] -- Up-to-date: /home/alyazahrarr/tubes_dagoz/install/can_msgs/share/can_msgs/cmake/can_msgs__rosidl_typesupport_cppExport-noconfig.cmake
[1.135s] -- Up-to-date: /home/alyazahrarr/tubes_dagoz/install/can_msgs/share/can_msgs/cmake/export_can_msgs__rosidl_generator_pyExport.cmake
[1.135s] -- Up-to-date: /home/alyazahrarr/tubes_dagoz/install/can_msgs/share/can_msgs/cmake/export_can_msgs__rosidl_generator_pyExport-noconfig.cmake
[1.135s] -- Up-to-date: /home/alyazahrarr/tubes_dagoz/install/can_msgs/share/can_msgs/cmake/rosidl_cmake-extras.cmake
[1.136s] -- Up-to-date: /home/alyazahrarr/tubes_dagoz/install/can_msgs/share/can_msgs/cmake/ament_cmake_export_dependencies-extras.cmake
[1.136s] -- Up-to-date: /home/alyazahrarr/tubes_dagoz/install/can_msgs/share/can_msgs/cmake/ament_cmake_export_include_directories-extras.cmake
[1.136s] -- Up-to-date: /home/alyazahrarr/tubes_dagoz/install/can_msgs/share/can_msgs/cmake/ament_cmake_export_libraries-extras.cmake
[1.136s] -- Up-to-date: /home/alyazahrarr/tubes_dagoz/install/can_msgs/share/can_msgs/cmake/ament_cmake_export_targets-extras.cmake
[1.137s] -- Up-to-date: /home/alyazahrarr/tubes_dagoz/install/can_msgs/share/can_msgs/cmake/rosidl_cmake_export_typesupport_targets-extras.cmake
[1.137s] -- Up-to-date: /home/alyazahrarr/tubes_dagoz/install/can_msgs/share/can_msgs/cmake/rosidl_cmake_export_typesupport_libraries-extras.cmake
[1.137s] -- Up-to-date: /home/alyazahrarr/tubes_dagoz/install/can_msgs/share/can_msgs/cmake/can_msgsConfig.cmake
[1.137s] -- Up-to-date: /home/alyazahrarr/tubes_dagoz/install/can_msgs/share/can_msgs/cmake/can_msgsConfig-version.cmake
[1.137s] -- Up-to-date: /home/alyazahrarr/tubes_dagoz/install/can_msgs/share/can_msgs/package.xml
[1.140s] Invoked command in '/home/alyazahrarr/tubes_dagoz/build/can_msgs' returned '0': CMAKE_PREFIX_PATH=${CMAKE_PREFIX_PATH}:/home/alyazahrarr/ros2_ws/install/launch_testing_examples:/home/alyazahrarr/ros2_ws/install/examples_rclpy_pointcloud_publisher:/home/alyazahrarr/ros2_ws/install/examples_rclpy_minimal_subscriber:/home/alyazahrarr/ros2_ws/install/examples_rclpy_minimal_service:/home/alyazahrarr/ros2_ws/install/examples_rclpy_minimal_publisher:/home/alyazahrarr/ros2_ws/install/examples_rclpy_minimal_client:/home/alyazahrarr/ros2_ws/install/examples_rclpy_minimal_action_server:/home/alyazahrarr/ros2_ws/install/examples_rclpy_minimal_action_client:/home/alyazahrarr/ros2_ws/install/examples_rclpy_guard_conditions:/home/alyazahrarr/ros2_ws/install/examples_rclpy_executors:/opt/ros/jazzy DEBUGINFOD_URLS=https://debuginfod.ubuntu.com /usr/bin/cmake --install /home/alyazahrarr/tubes_dagoz/build/can_msgs
