[0.013s] Invoking command in '/home/adha/belajar/ws1/build/can_msgs': CMAKE_PREFIX_PATH=${CMAKE_PREFIX_PATH}:/opt/ros/jazzy DEBUGINFOD_URLS=https://debuginfod.ubuntu.com /usr/bin/cmake --build /home/adha/belajar/ws1/build/can_msgs -- -j12 -l12
[0.055s] [  2%] Built target can_msgs__rosidl_generator_type_description
[0.064s] [  2%] Built target ament_cmake_python_copy_can_msgs
[0.075s] [  5%] Built target can_msgs__cpp
[0.075s] [ 20%] Built target can_msgs__rosidl_generator_c
[0.109s] [ 29%] Built target can_msgs__rosidl_typesupport_introspection_c
[0.110s] [ 38%] Built target can_msgs__rosidl_typesupport_cpp
[0.110s] [ 47%] Built target can_msgs__rosidl_typesupport_c
[0.110s] [ 55%] Built target can_msgs__rosidl_typesupport_fastrtps_c
[0.118s] [ 64%] Built target can_msgs__rosidl_typesupport_fastrtps_cpp
[0.122s] [ 73%] Built target can_msgs__rosidl_typesupport_introspection_cpp
[0.141s] [ 73%] Built target can_msgs
[0.159s] [ 76%] Built target can_msgs__py
[0.177s] [ 82%] Built target can_msgs__rosidl_generator_py
[0.202s] [ 91%] Built target can_msgs_s__rosidl_typesupport_c
[0.202s] [100%] Built target can_msgs_s__rosidl_typesupport_fastrtps_c
[0.202s] [ 97%] Built target can_msgs_s__rosidl_typesupport_introspection_c
[0.235s] running egg_info
[0.243s] writing can_msgs.egg-info/PKG-INFO
[0.243s] writing dependency_links to can_msgs.egg-info/dependency_links.txt
[0.244s] writing top-level names to can_msgs.egg-info/top_level.txt
[0.270s] reading manifest file 'can_msgs.egg-info/SOURCES.txt'
[0.270s] writing manifest file 'can_msgs.egg-info/SOURCES.txt'
[0.295s] [100%] Built target ament_cmake_python_build_can_msgs_egg
[0.307s] Invoked command in '/home/adha/belajar/ws1/build/can_msgs' returned '0': CMAKE_PREFIX_PATH=${CMAKE_PREFIX_PATH}:/opt/ros/jazzy DEBUGINFOD_URLS=https://debuginfod.ubuntu.com /usr/bin/cmake --build /home/adha/belajar/ws1/build/can_msgs -- -j12 -l12
[0.351s] Invoking command in '/home/adha/belajar/ws1/build/can_msgs': CMAKE_PREFIX_PATH=${CMAKE_PREFIX_PATH}:/opt/ros/jazzy DEBUGINFOD_URLS=https://debuginfod.ubuntu.com /usr/bin/cmake --install /home/adha/belajar/ws1/build/can_msgs
[0.358s] -- Install configuration: ""
[0.360s] -- Up-to-date: /home/adha/belajar/ws1/install/can_msgs/share/ament_index/resource_index/rosidl_interfaces/can_msgs
[0.360s] -- Up-to-date: /home/adha/belajar/ws1/install/can_msgs/share/can_msgs/msg/Frame.json
[0.360s] -- Up-to-date: /home/adha/belajar/ws1/install/can_msgs/include/can_msgs/can_msgs
[0.360s] -- Up-to-date: /home/adha/belajar/ws1/install/can_msgs/include/can_msgs/can_msgs/msg
[0.360s] -- Up-to-date: /home/adha/belajar/ws1/install/can_msgs/include/can_msgs/can_msgs/msg/rosidl_generator_c__visibility_control.h
[0.360s] -- Up-to-date: /home/adha/belajar/ws1/install/can_msgs/include/can_msgs/can_msgs/msg/frame.h
[0.360s] -- Up-to-date: /home/adha/belajar/ws1/install/can_msgs/include/can_msgs/can_msgs/msg/detail
[0.360s] -- Up-to-date: /home/adha/belajar/ws1/install/can_msgs/include/can_msgs/can_msgs/msg/detail/frame__description.c
[0.360s] -- Up-to-date: /home/adha/belajar/ws1/install/can_msgs/include/can_msgs/can_msgs/msg/detail/frame__struct.h
[0.361s] -- Up-to-date: /home/adha/belajar/ws1/install/can_msgs/include/can_msgs/can_msgs/msg/detail/frame__functions.h
[0.361s] -- Up-to-date: /home/adha/belajar/ws1/install/can_msgs/include/can_msgs/can_msgs/msg/detail/frame__type_support.h
[0.361s] -- Up-to-date: /home/adha/belajar/ws1/install/can_msgs/include/can_msgs/can_msgs/msg/detail/frame__type_support.c
[0.361s] -- Up-to-date: /home/adha/belajar/ws1/install/can_msgs/include/can_msgs/can_msgs/msg/detail/frame__functions.c
[0.361s] -- Up-to-date: /home/adha/belajar/ws1/install/can_msgs/share/can_msgs/environment/library_path.sh
[0.361s] -- Up-to-date: /home/adha/belajar/ws1/install/can_msgs/share/can_msgs/environment/library_path.dsv
[0.361s] -- Up-to-date: /home/adha/belajar/ws1/install/can_msgs/lib/libcan_msgs__rosidl_generator_c.so
[0.361s] -- Up-to-date: /home/adha/belajar/ws1/install/can_msgs/include/can_msgs/can_msgs
[0.361s] -- Up-to-date: /home/adha/belajar/ws1/install/can_msgs/include/can_msgs/can_msgs/msg
[0.361s] -- Up-to-date: /home/adha/belajar/ws1/install/can_msgs/include/can_msgs/can_msgs/msg/rosidl_typesupport_fastrtps_c__visibility_control.h
[0.361s] -- Up-to-date: /home/adha/belajar/ws1/install/can_msgs/include/can_msgs/can_msgs/msg/detail
[0.361s] -- Up-to-date: /home/adha/belajar/ws1/install/can_msgs/include/can_msgs/can_msgs/msg/detail/frame__rosidl_typesupport_fastrtps_c.h
[0.361s] -- Up-to-date: /home/adha/belajar/ws1/install/can_msgs/lib/libcan_msgs__rosidl_typesupport_fastrtps_c.so
[0.361s] -- Up-to-date: /home/adha/belajar/ws1/install/can_msgs/include/can_msgs/can_msgs
[0.361s] -- Up-to-date: /home/adha/belajar/ws1/install/can_msgs/include/can_msgs/can_msgs/msg
[0.361s] -- Up-to-date: /home/adha/belajar/ws1/install/can_msgs/include/can_msgs/can_msgs/msg/rosidl_typesupport_introspection_c__visibility_control.h
[0.361s] -- Up-to-date: /home/adha/belajar/ws1/install/can_msgs/include/can_msgs/can_msgs/msg/detail
[0.361s] -- Up-to-date: /home/adha/belajar/ws1/install/can_msgs/include/can_msgs/can_msgs/msg/detail/frame__rosidl_typesupport_introspection_c.h
[0.361s] -- Up-to-date: /home/adha/belajar/ws1/install/can_msgs/include/can_msgs/can_msgs/msg/detail/frame__type_support.c
[0.361s] -- Up-to-date: /home/adha/belajar/ws1/install/can_msgs/lib/libcan_msgs__rosidl_typesupport_introspection_c.so
[0.362s] -- Up-to-date: /home/adha/belajar/ws1/install/can_msgs/lib/libcan_msgs__rosidl_typesupport_c.so
[0.362s] -- Up-to-date: /home/adha/belajar/ws1/install/can_msgs/include/can_msgs/can_msgs
[0.362s] -- Up-to-date: /home/adha/belajar/ws1/install/can_msgs/include/can_msgs/can_msgs/msg
[0.362s] -- Up-to-date: /home/adha/belajar/ws1/install/can_msgs/include/can_msgs/can_msgs/msg/rosidl_generator_cpp__visibility_control.hpp
[0.362s] -- Up-to-date: /home/adha/belajar/ws1/install/can_msgs/include/can_msgs/can_msgs/msg/frame.hpp
[0.362s] -- Up-to-date: /home/adha/belajar/ws1/install/can_msgs/include/can_msgs/can_msgs/msg/detail
[0.362s] -- Up-to-date: /home/adha/belajar/ws1/install/can_msgs/include/can_msgs/can_msgs/msg/detail/frame__type_support.hpp
[0.362s] -- Up-to-date: /home/adha/belajar/ws1/install/can_msgs/include/can_msgs/can_msgs/msg/detail/frame__traits.hpp
[0.362s] -- Up-to-date: /home/adha/belajar/ws1/install/can_msgs/include/can_msgs/can_msgs/msg/detail/frame__builder.hpp
[0.362s] -- Up-to-date: /home/adha/belajar/ws1/install/can_msgs/include/can_msgs/can_msgs/msg/detail/frame__struct.hpp
[0.363s] -- Up-to-date: /home/adha/belajar/ws1/install/can_msgs/include/can_msgs/can_msgs
[0.363s] -- Up-to-date: /home/adha/belajar/ws1/install/can_msgs/include/can_msgs/can_msgs/msg
[0.363s] -- Up-to-date: /home/adha/belajar/ws1/install/can_msgs/include/can_msgs/can_msgs/msg/rosidl_typesupport_fastrtps_cpp__visibility_control.h
[0.363s] -- Up-to-date: /home/adha/belajar/ws1/install/can_msgs/include/can_msgs/can_msgs/msg/detail
[0.363s] -- Up-to-date: /home/adha/belajar/ws1/install/can_msgs/include/can_msgs/can_msgs/msg/detail/dds_fastrtps
[0.363s] -- Up-to-date: /home/adha/belajar/ws1/install/can_msgs/include/can_msgs/can_msgs/msg/detail/frame__rosidl_typesupport_fastrtps_cpp.hpp
[0.363s] -- Up-to-date: /home/adha/belajar/ws1/install/can_msgs/lib/libcan_msgs__rosidl_typesupport_fastrtps_cpp.so
[0.363s] -- Up-to-date: /home/adha/belajar/ws1/install/can_msgs/include/can_msgs/can_msgs
[0.363s] -- Up-to-date: /home/adha/belajar/ws1/install/can_msgs/include/can_msgs/can_msgs/msg
[0.363s] -- Up-to-date: /home/adha/belajar/ws1/install/can_msgs/include/can_msgs/can_msgs/msg/detail
[0.363s] -- Up-to-date: /home/adha/belajar/ws1/install/can_msgs/include/can_msgs/can_msgs/msg/detail/frame__type_support.cpp
[0.363s] -- Up-to-date: /home/adha/belajar/ws1/install/can_msgs/include/can_msgs/can_msgs/msg/detail/frame__rosidl_typesupport_introspection_cpp.hpp
[0.363s] -- Up-to-date: /home/adha/belajar/ws1/install/can_msgs/lib/libcan_msgs__rosidl_typesupport_introspection_cpp.so
[0.363s] -- Up-to-date: /home/adha/belajar/ws1/install/can_msgs/lib/libcan_msgs__rosidl_typesupport_cpp.so
[0.363s] -- Up-to-date: /home/adha/belajar/ws1/install/can_msgs/share/can_msgs/environment/pythonpath.sh
[0.363s] -- Up-to-date: /home/adha/belajar/ws1/install/can_msgs/share/can_msgs/environment/pythonpath.dsv
[0.363s] -- Up-to-date: /home/adha/belajar/ws1/install/can_msgs/lib/python3.12/site-packages/can_msgs-2.0.0-py3.12.egg-info
[0.364s] -- Installing: /home/adha/belajar/ws1/install/can_msgs/lib/python3.12/site-packages/can_msgs-2.0.0-py3.12.egg-info/dependency_links.txt
[0.364s] -- Installing: /home/adha/belajar/ws1/install/can_msgs/lib/python3.12/site-packages/can_msgs-2.0.0-py3.12.egg-info/top_level.txt
[0.364s] -- Installing: /home/adha/belajar/ws1/install/can_msgs/lib/python3.12/site-packages/can_msgs-2.0.0-py3.12.egg-info/SOURCES.txt
[0.364s] -- Installing: /home/adha/belajar/ws1/install/can_msgs/lib/python3.12/site-packages/can_msgs-2.0.0-py3.12.egg-info/PKG-INFO
[0.364s] -- Up-to-date: /home/adha/belajar/ws1/install/can_msgs/lib/python3.12/site-packages/can_msgs
[0.364s] -- Up-to-date: /home/adha/belajar/ws1/install/can_msgs/lib/python3.12/site-packages/can_msgs/msg
[0.364s] -- Up-to-date: /home/adha/belajar/ws1/install/can_msgs/lib/python3.12/site-packages/can_msgs/msg/__init__.py
[0.364s] -- Up-to-date: /home/adha/belajar/ws1/install/can_msgs/lib/python3.12/site-packages/can_msgs/msg/_frame_s.c
[0.364s] -- Up-to-date: /home/adha/belajar/ws1/install/can_msgs/lib/python3.12/site-packages/can_msgs/msg/_frame.py
[0.364s] -- Up-to-date: /home/adha/belajar/ws1/install/can_msgs/lib/python3.12/site-packages/can_msgs/__init__.py
[0.364s] -- Up-to-date: /home/adha/belajar/ws1/install/can_msgs/lib/python3.12/site-packages/can_msgs/can_msgs_s__rosidl_typesupport_introspection_c.so
[0.364s] -- Up-to-date: /home/adha/belajar/ws1/install/can_msgs/lib/python3.12/site-packages/can_msgs/_can_msgs_s.ep.rosidl_typesupport_c.c
[0.364s] -- Up-to-date: /home/adha/belajar/ws1/install/can_msgs/lib/python3.12/site-packages/can_msgs/can_msgs_s__rosidl_typesupport_fastrtps_c.so
[0.364s] -- Up-to-date: /home/adha/belajar/ws1/install/can_msgs/lib/python3.12/site-packages/can_msgs/_can_msgs_s.ep.rosidl_typesupport_introspection_c.c
[0.364s] -- Up-to-date: /home/adha/belajar/ws1/install/can_msgs/lib/python3.12/site-packages/can_msgs/can_msgs_s__rosidl_typesupport_c.so
[0.364s] -- Up-to-date: /home/adha/belajar/ws1/install/can_msgs/lib/python3.12/site-packages/can_msgs/_can_msgs_s.ep.rosidl_typesupport_fastrtps_c.c
[0.384s] Listing '/home/adha/belajar/ws1/install/can_msgs/lib/python3.12/site-packages/can_msgs'...
[0.384s] Listing '/home/adha/belajar/ws1/install/can_msgs/lib/python3.12/site-packages/can_msgs/msg'...
[0.388s] -- Up-to-date: /home/adha/belajar/ws1/install/can_msgs/lib/python3.12/site-packages/can_msgs/can_msgs_s__rosidl_typesupport_fastrtps_c.so
[0.388s] -- Up-to-date: /home/adha/belajar/ws1/install/can_msgs/lib/python3.12/site-packages/can_msgs/can_msgs_s__rosidl_typesupport_introspection_c.so
[0.389s] -- Up-to-date: /home/adha/belajar/ws1/install/can_msgs/lib/python3.12/site-packages/can_msgs/can_msgs_s__rosidl_typesupport_c.so
[0.389s] -- Up-to-date: /home/adha/belajar/ws1/install/can_msgs/lib/libcan_msgs__rosidl_generator_py.so
[0.389s] -- Up-to-date: /home/adha/belajar/ws1/install/can_msgs/share/can_msgs/msg/Frame.idl
[0.389s] -- Up-to-date: /home/adha/belajar/ws1/install/can_msgs/share/can_msgs/msg/Frame.msg
[0.389s] -- Up-to-date: /home/adha/belajar/ws1/install/can_msgs/share/ament_index/resource_index/package_run_dependencies/can_msgs
[0.389s] -- Up-to-date: /home/adha/belajar/ws1/install/can_msgs/share/ament_index/resource_index/parent_prefix_path/can_msgs
[0.389s] -- Up-to-date: /home/adha/belajar/ws1/install/can_msgs/share/can_msgs/environment/ament_prefix_path.sh
[0.389s] -- Up-to-date: /home/adha/belajar/ws1/install/can_msgs/share/can_msgs/environment/ament_prefix_path.dsv
[0.389s] -- Up-to-date: /home/adha/belajar/ws1/install/can_msgs/share/can_msgs/environment/path.sh
[0.389s] -- Up-to-date: /home/adha/belajar/ws1/install/can_msgs/share/can_msgs/environment/path.dsv
[0.389s] -- Up-to-date: /home/adha/belajar/ws1/install/can_msgs/share/can_msgs/local_setup.bash
[0.389s] -- Up-to-date: /home/adha/belajar/ws1/install/can_msgs/share/can_msgs/local_setup.sh
[0.389s] -- Up-to-date: /home/adha/belajar/ws1/install/can_msgs/share/can_msgs/local_setup.zsh
[0.389s] -- Up-to-date: /home/adha/belajar/ws1/install/can_msgs/share/can_msgs/local_setup.dsv
[0.390s] -- Installing: /home/adha/belajar/ws1/install/can_msgs/share/can_msgs/package.dsv
[0.390s] -- Up-to-date: /home/adha/belajar/ws1/install/can_msgs/share/ament_index/resource_index/packages/can_msgs
[0.390s] -- Up-to-date: /home/adha/belajar/ws1/install/can_msgs/share/can_msgs/cmake/export_can_msgs__rosidl_generator_cExport.cmake
[0.390s] -- Up-to-date: /home/adha/belajar/ws1/install/can_msgs/share/can_msgs/cmake/export_can_msgs__rosidl_generator_cExport-noconfig.cmake
[0.390s] -- Up-to-date: /home/adha/belajar/ws1/install/can_msgs/share/can_msgs/cmake/export_can_msgs__rosidl_typesupport_fastrtps_cExport.cmake
[0.390s] -- Up-to-date: /home/adha/belajar/ws1/install/can_msgs/share/can_msgs/cmake/export_can_msgs__rosidl_typesupport_fastrtps_cExport-noconfig.cmake
[0.390s] -- Up-to-date: /home/adha/belajar/ws1/install/can_msgs/share/can_msgs/cmake/can_msgs__rosidl_typesupport_introspection_cExport.cmake
[0.390s] -- Up-to-date: /home/adha/belajar/ws1/install/can_msgs/share/can_msgs/cmake/can_msgs__rosidl_typesupport_introspection_cExport-noconfig.cmake
[0.390s] -- Up-to-date: /home/adha/belajar/ws1/install/can_msgs/share/can_msgs/cmake/can_msgs__rosidl_typesupport_cExport.cmake
[0.390s] -- Up-to-date: /home/adha/belajar/ws1/install/can_msgs/share/can_msgs/cmake/can_msgs__rosidl_typesupport_cExport-noconfig.cmake
[0.390s] -- Up-to-date: /home/adha/belajar/ws1/install/can_msgs/share/can_msgs/cmake/export_can_msgs__rosidl_generator_cppExport.cmake
[0.391s] -- Up-to-date: /home/adha/belajar/ws1/install/can_msgs/share/can_msgs/cmake/export_can_msgs__rosidl_typesupport_fastrtps_cppExport.cmake
[0.391s] -- Up-to-date: /home/adha/belajar/ws1/install/can_msgs/share/can_msgs/cmake/export_can_msgs__rosidl_typesupport_fastrtps_cppExport-noconfig.cmake
[0.392s] -- Up-to-date: /home/adha/belajar/ws1/install/can_msgs/share/can_msgs/cmake/can_msgs__rosidl_typesupport_introspection_cppExport.cmake
[0.392s] -- Up-to-date: /home/adha/belajar/ws1/install/can_msgs/share/can_msgs/cmake/can_msgs__rosidl_typesupport_introspection_cppExport-noconfig.cmake
[0.392s] -- Up-to-date: /home/adha/belajar/ws1/install/can_msgs/share/can_msgs/cmake/can_msgs__rosidl_typesupport_cppExport.cmake
[0.392s] -- Up-to-date: /home/adha/belajar/ws1/install/can_msgs/share/can_msgs/cmake/can_msgs__rosidl_typesupport_cppExport-noconfig.cmake
[0.392s] -- Up-to-date: /home/adha/belajar/ws1/install/can_msgs/share/can_msgs/cmake/export_can_msgs__rosidl_generator_pyExport.cmake
[0.392s] -- Up-to-date: /home/adha/belajar/ws1/install/can_msgs/share/can_msgs/cmake/export_can_msgs__rosidl_generator_pyExport-noconfig.cmake
[0.392s] -- Up-to-date: /home/adha/belajar/ws1/install/can_msgs/share/can_msgs/cmake/rosidl_cmake-extras.cmake
[0.392s] -- Up-to-date: /home/adha/belajar/ws1/install/can_msgs/share/can_msgs/cmake/ament_cmake_export_dependencies-extras.cmake
[0.392s] -- Up-to-date: /home/adha/belajar/ws1/install/can_msgs/share/can_msgs/cmake/ament_cmake_export_include_directories-extras.cmake
[0.392s] -- Up-to-date: /home/adha/belajar/ws1/install/can_msgs/share/can_msgs/cmake/ament_cmake_export_libraries-extras.cmake
[0.392s] -- Up-to-date: /home/adha/belajar/ws1/install/can_msgs/share/can_msgs/cmake/ament_cmake_export_targets-extras.cmake
[0.392s] -- Up-to-date: /home/adha/belajar/ws1/install/can_msgs/share/can_msgs/cmake/rosidl_cmake_export_typesupport_targets-extras.cmake
[0.392s] -- Up-to-date: /home/adha/belajar/ws1/install/can_msgs/share/can_msgs/cmake/rosidl_cmake_export_typesupport_libraries-extras.cmake
[0.392s] -- Up-to-date: /home/adha/belajar/ws1/install/can_msgs/share/can_msgs/cmake/can_msgsConfig.cmake
[0.393s] -- Up-to-date: /home/adha/belajar/ws1/install/can_msgs/share/can_msgs/cmake/can_msgsConfig-version.cmake
[0.393s] -- Up-to-date: /home/adha/belajar/ws1/install/can_msgs/share/can_msgs/package.xml
[0.409s] Invoked command in '/home/adha/belajar/ws1/build/can_msgs' returned '0': CMAKE_PREFIX_PATH=${CMAKE_PREFIX_PATH}:/opt/ros/jazzy DEBUGINFOD_URLS=https://debuginfod.ubuntu.com /usr/bin/cmake --install /home/adha/belajar/ws1/build/can_msgs
