[0.011s] Invoking command in '/home/adha/belajar/ws1/build/msgs': CMAKE_PREFIX_PATH=${CMAKE_PREFIX_PATH}:/opt/ros/jazzy DEBUGINFOD_URLS=https://debuginfod.ubuntu.com /usr/bin/cmake /home/adha/belajar/ws1/src/msgs -DCMAKE_INSTALL_PREFIX=/home/adha/belajar/ws1/install/msgs
[0.028s] -- Found ament_cmake: 2.5.2 (/opt/ros/jazzy/share/ament_cmake/cmake)
[0.257s] -- Found std_msgs: 5.3.5 (/opt/ros/jazzy/share/std_msgs/cmake)
[0.280s] -- Found rosidl_generator_c: 4.6.4 (/opt/ros/jazzy/share/rosidl_generator_c/cmake)
[0.289s] -- Found rosidl_generator_cpp: 4.6.4 (/opt/ros/jazzy/share/rosidl_generator_cpp/cmake)
[0.300s] -- Using all available rosidl_typesupport_c: rosidl_typesupport_fastrtps_c;rosidl_typesupport_introspection_c
[0.312s] -- Using all available rosidl_typesupport_cpp: rosidl_typesupport_fastrtps_cpp;rosidl_typesupport_introspection_cpp
[0.335s] -- Found rosidl_default_generators: 1.6.0 (/opt/ros/jazzy/share/rosidl_default_generators/cmake)
[0.342s] -- Found rosidl_adapter: 4.6.4 (/opt/ros/jazzy/share/rosidl_adapter/cmake)
[0.835s] -- Found ament_cmake_ros: 0.12.0 (/opt/ros/jazzy/share/ament_cmake_ros/cmake)
[1.437s] -- Using all available rosidl_typesupport_c: rosidl_typesupport_fastrtps_c;rosidl_typesupport_introspection_c
[1.668s] -- Using all available rosidl_typesupport_cpp: rosidl_typesupport_fastrtps_cpp;rosidl_typesupport_introspection_cpp
[1.672s] -- Found python_cmake_module: 0.11.1 (/opt/ros/jazzy/share/python_cmake_module/cmake)
[1.790s] -- Found PythonExtra: /usr/bin/python3  
[2.370s] -- Found Python3: /usr/bin/python3 (found version "3.12.3") found components: Interpreter Development NumPy Development.Module Development.Embed 
[2.427s] -- Found ament_lint_auto: 0.17.1 (/opt/ros/jazzy/share/ament_lint_auto/cmake)
[2.472s] -- Added test 'lint_cmake' to check CMake code style
[2.475s] -- Added test 'xmllint' to check XML markup files
[2.480s] -- Configuring done (2.5s)
[2.535s] -- Generating done (0.0s)
[2.541s] -- Build files have been written to: /home/adha/belajar/ws1/build/msgs
[2.552s] Invoked command in '/home/adha/belajar/ws1/build/msgs' returned '0': CMAKE_PREFIX_PATH=${CMAKE_PREFIX_PATH}:/opt/ros/jazzy DEBUGINFOD_URLS=https://debuginfod.ubuntu.com /usr/bin/cmake /home/adha/belajar/ws1/src/msgs -DCMAKE_INSTALL_PREFIX=/home/adha/belajar/ws1/install/msgs
[2.554s] Invoking command in '/home/adha/belajar/ws1/build/msgs': CMAKE_PREFIX_PATH=${CMAKE_PREFIX_PATH}:/opt/ros/jazzy DEBUGINFOD_URLS=https://debuginfod.ubuntu.com /usr/bin/cmake --build /home/adha/belajar/ws1/build/msgs -- -j12 -l12
[2.646s] [  2%] [34m[1mGenerating type hashes for ROS interfaces[0m
[2.657s] [  2%] Built target ament_cmake_python_copy_msgs
[2.908s] running egg_info
[2.910s] creating msgs.egg-info
[2.919s] [  2%] Built target msgs__rosidl_generator_type_description
[2.927s] writing msgs.egg-info/PKG-INFO
[2.927s] writing dependency_links to msgs.egg-info/dependency_links.txt
[2.928s] writing top-level names to msgs.egg-info/top_level.txt
[2.928s] writing manifest file 'msgs.egg-info/SOURCES.txt'
[2.932s] [  5%] [34m[1mGenerating C code for ROS interfaces[0m
[2.946s] [  8%] [34m[1mGenerating C++ code for ROS interfaces[0m
[2.976s] reading manifest file 'msgs.egg-info/SOURCES.txt'
[2.977s] writing manifest file 'msgs.egg-info/SOURCES.txt'
[3.022s] [  8%] Built target ament_cmake_python_build_msgs_egg
[3.179s] [  8%] Built target msgs__cpp
[3.191s] [ 17%] [32mBuilding C object CMakeFiles/msgs__rosidl_generator_c.dir/rosidl_generator_c/msgs/msg/detail/hardware_command__description.c.o[0m
[3.191s] [ 17%] [32mBuilding C object CMakeFiles/msgs__rosidl_generator_c.dir/rosidl_generator_c/msgs/msg/detail/hardware_command__functions.c.o[0m
[3.191s] [ 17%] [32mBuilding C object CMakeFiles/msgs__rosidl_generator_c.dir/rosidl_generator_c/msgs/msg/detail/hardware_command__type_support.c.o[0m
[3.267s] [ 20%] [32m[1mLinking C shared library libmsgs__rosidl_generator_c.so[0m
[3.314s] [ 20%] Built target msgs__rosidl_generator_c
[3.327s] [ 38%] [34m[1mGenerating C introspection for ROS interfaces[0m
[3.327s] [ 38%] [34m[1mGenerating C++ type support for eProsima Fast-RTPS[0m
[3.327s] [ 38%] [34m[1mGenerating C++ type support dispatch for ROS interfaces[0m
[3.327s] [ 38%] [34m[1mGenerating C type support for eProsima Fast-RTPS[0m
[3.327s] [ 38%] [34m[1mGenerating C++ introspection for ROS interfaces[0m
[3.327s] [ 38%] [34m[1mGenerating C type support dispatch for ROS interfaces[0m
[3.556s] [ 44%] [32mBuilding CXX object CMakeFiles/msgs__rosidl_typesupport_c.dir/rosidl_typesupport_c/msgs/msg/hardware_command__type_support.cpp.o[0m
[3.556s] [ 44%] [32mBuilding CXX object CMakeFiles/msgs__rosidl_typesupport_cpp.dir/rosidl_typesupport_cpp/msgs/msg/hardware_command__type_support.cpp.o[0m
[3.566s] [ 47%] [32mBuilding CXX object CMakeFiles/msgs__rosidl_typesupport_introspection_cpp.dir/rosidl_typesupport_introspection_cpp/msgs/msg/detail/hardware_command__type_support.cpp.o[0m
[3.566s] [ 50%] [32mBuilding C object CMakeFiles/msgs__rosidl_typesupport_introspection_c.dir/rosidl_typesupport_introspection_c/msgs/msg/detail/hardware_command__type_support.c.o[0m
[3.583s] [ 55%] [32mBuilding CXX object CMakeFiles/msgs__rosidl_typesupport_fastrtps_c.dir/rosidl_typesupport_fastrtps_c/msgs/msg/detail/hardware_command__type_support_c.cpp.o[0m
[3.583s] [ 55%] [32mBuilding CXX object CMakeFiles/msgs__rosidl_typesupport_fastrtps_cpp.dir/rosidl_typesupport_fastrtps_cpp/msgs/msg/detail/dds_fastrtps/hardware_command__type_support.cpp.o[0m
[3.609s] [ 58%] [32m[1mLinking C shared library libmsgs__rosidl_typesupport_introspection_c.so[0m
[3.618s] [ 61%] [32m[1mLinking CXX shared library libmsgs__rosidl_typesupport_c.so[0m
[3.644s] [ 61%] Built target msgs__rosidl_typesupport_introspection_c
[3.660s] [ 61%] Built target msgs__rosidl_typesupport_c
[3.853s] [ 64%] [32m[1mLinking CXX shared library libmsgs__rosidl_typesupport_cpp.so[0m
[3.871s] [ 67%] [32m[1mLinking CXX shared library libmsgs__rosidl_typesupport_introspection_cpp.so[0m
[3.891s] [ 67%] Built target msgs__rosidl_typesupport_cpp
[3.909s] [ 67%] Built target msgs__rosidl_typesupport_introspection_cpp
[3.982s] [ 73%] [32m[1mLinking CXX shared library libmsgs__rosidl_typesupport_fastrtps_cpp.so[0m
[3.982s] [ 73%] [32m[1mLinking CXX shared library libmsgs__rosidl_typesupport_fastrtps_c.so[0m
[4.022s] [ 73%] Built target msgs__rosidl_typesupport_fastrtps_cpp
[4.022s] [ 73%] Built target msgs__rosidl_typesupport_fastrtps_c
[4.040s] [ 73%] Built target msgs
[4.057s] [ 76%] [34m[1mGenerating Python code for ROS interfaces[0m
[4.220s] [ 76%] Built target msgs__py
[4.238s] [ 79%] [32mBuilding C object CMakeFiles/msgs__rosidl_generator_py.dir/rosidl_generator_py/msgs/msg/_hardware_command_s.c.o[0m
[4.351s] [ 82%] [32m[1mLinking C shared library libmsgs__rosidl_generator_py.so[0m
[4.389s] [ 82%] Built target msgs__rosidl_generator_py
[4.408s] [ 91%] [32mBuilding C object CMakeFiles/msgs_s__rosidl_typesupport_fastrtps_c.dir/rosidl_generator_py/msgs/_msgs_s.ep.rosidl_typesupport_fastrtps_c.c.o[0m
[4.408s] [ 91%] [32mBuilding C object CMakeFiles/msgs_s__rosidl_typesupport_c.dir/rosidl_generator_py/msgs/_msgs_s.ep.rosidl_typesupport_c.c.o[0m
[4.408s] [ 91%] [32mBuilding C object CMakeFiles/msgs_s__rosidl_typesupport_introspection_c.dir/rosidl_generator_py/msgs/_msgs_s.ep.rosidl_typesupport_introspection_c.c.o[0m
[4.491s] [ 97%] [32m[1mLinking C shared module rosidl_generator_py/msgs/msgs_s__rosidl_typesupport_introspection_c.so[0m
[4.491s] [ 97%] [32m[1mLinking C shared module rosidl_generator_py/msgs/msgs_s__rosidl_typesupport_c.so[0m
[4.494s] [100%] [32m[1mLinking C shared module rosidl_generator_py/msgs/msgs_s__rosidl_typesupport_fastrtps_c.so[0m
[4.517s] [100%] Built target msgs_s__rosidl_typesupport_c
[4.517s] [100%] Built target msgs_s__rosidl_typesupport_introspection_c
[4.519s] [100%] Built target msgs_s__rosidl_typesupport_fastrtps_c
[4.532s] Invoked command in '/home/adha/belajar/ws1/build/msgs' returned '0': CMAKE_PREFIX_PATH=${CMAKE_PREFIX_PATH}:/opt/ros/jazzy DEBUGINFOD_URLS=https://debuginfod.ubuntu.com /usr/bin/cmake --build /home/adha/belajar/ws1/build/msgs -- -j12 -l12
[4.608s] Invoking command in '/home/adha/belajar/ws1/build/msgs': CMAKE_PREFIX_PATH=${CMAKE_PREFIX_PATH}:/opt/ros/jazzy DEBUGINFOD_URLS=https://debuginfod.ubuntu.com /usr/bin/cmake --install /home/adha/belajar/ws1/build/msgs
[4.617s] -- Install configuration: ""
[4.617s] -- Installing: /home/adha/belajar/ws1/install/msgs/share/ament_index/resource_index/rosidl_interfaces/msgs
[4.617s] -- Installing: /home/adha/belajar/ws1/install/msgs/share/msgs/msg/HardwareCommand.json
[4.618s] -- Installing: /home/adha/belajar/ws1/install/msgs/include/msgs/msgs
[4.618s] -- Installing: /home/adha/belajar/ws1/install/msgs/include/msgs/msgs/msg
[4.618s] -- Installing: /home/adha/belajar/ws1/install/msgs/include/msgs/msgs/msg/hardware_command.h
[4.618s] -- Installing: /home/adha/belajar/ws1/install/msgs/include/msgs/msgs/msg/rosidl_generator_c__visibility_control.h
[4.618s] -- Installing: /home/adha/belajar/ws1/install/msgs/include/msgs/msgs/msg/detail
[4.618s] -- Installing: /home/adha/belajar/ws1/install/msgs/include/msgs/msgs/msg/detail/hardware_command__functions.c
[4.618s] -- Installing: /home/adha/belajar/ws1/install/msgs/include/msgs/msgs/msg/detail/hardware_command__description.c
[4.618s] -- Installing: /home/adha/belajar/ws1/install/msgs/include/msgs/msgs/msg/detail/hardware_command__type_support.c
[4.619s] -- Installing: /home/adha/belajar/ws1/install/msgs/include/msgs/msgs/msg/detail/hardware_command__struct.h
[4.619s] -- Installing: /home/adha/belajar/ws1/install/msgs/include/msgs/msgs/msg/detail/hardware_command__functions.h
[4.619s] -- Installing: /home/adha/belajar/ws1/install/msgs/include/msgs/msgs/msg/detail/hardware_command__type_support.h
[4.619s] -- Installing: /home/adha/belajar/ws1/install/msgs/share/msgs/environment/library_path.sh
[4.619s] -- Installing: /home/adha/belajar/ws1/install/msgs/share/msgs/environment/library_path.dsv
[4.619s] -- Installing: /home/adha/belajar/ws1/install/msgs/lib/libmsgs__rosidl_generator_c.so
[4.620s] -- Set non-toolchain portion of runtime path of "/home/adha/belajar/ws1/install/msgs/lib/libmsgs__rosidl_generator_c.so" to ""
[4.620s] -- Up-to-date: /home/adha/belajar/ws1/install/msgs/include/msgs/msgs
[4.620s] -- Up-to-date: /home/adha/belajar/ws1/install/msgs/include/msgs/msgs/msg
[4.620s] -- Installing: /home/adha/belajar/ws1/install/msgs/include/msgs/msgs/msg/rosidl_typesupport_fastrtps_c__visibility_control.h
[4.620s] -- Up-to-date: /home/adha/belajar/ws1/install/msgs/include/msgs/msgs/msg/detail
[4.620s] -- Installing: /home/adha/belajar/ws1/install/msgs/include/msgs/msgs/msg/detail/hardware_command__rosidl_typesupport_fastrtps_c.h
[4.620s] -- Installing: /home/adha/belajar/ws1/install/msgs/lib/libmsgs__rosidl_typesupport_fastrtps_c.so
[4.621s] -- Set non-toolchain portion of runtime path of "/home/adha/belajar/ws1/install/msgs/lib/libmsgs__rosidl_typesupport_fastrtps_c.so" to ""
[4.621s] -- Up-to-date: /home/adha/belajar/ws1/install/msgs/include/msgs/msgs
[4.621s] -- Up-to-date: /home/adha/belajar/ws1/install/msgs/include/msgs/msgs/msg
[4.621s] -- Installing: /home/adha/belajar/ws1/install/msgs/include/msgs/msgs/msg/rosidl_generator_cpp__visibility_control.hpp
[4.621s] -- Installing: /home/adha/belajar/ws1/install/msgs/include/msgs/msgs/msg/hardware_command.hpp
[4.621s] -- Up-to-date: /home/adha/belajar/ws1/install/msgs/include/msgs/msgs/msg/detail
[4.621s] -- Installing: /home/adha/belajar/ws1/install/msgs/include/msgs/msgs/msg/detail/hardware_command__type_support.hpp
[4.621s] -- Installing: /home/adha/belajar/ws1/install/msgs/include/msgs/msgs/msg/detail/hardware_command__struct.hpp
[4.621s] -- Installing: /home/adha/belajar/ws1/install/msgs/include/msgs/msgs/msg/detail/hardware_command__traits.hpp
[4.622s] -- Installing: /home/adha/belajar/ws1/install/msgs/include/msgs/msgs/msg/detail/hardware_command__builder.hpp
[4.622s] -- Up-to-date: /home/adha/belajar/ws1/install/msgs/include/msgs/msgs
[4.622s] -- Up-to-date: /home/adha/belajar/ws1/install/msgs/include/msgs/msgs/msg
[4.622s] -- Installing: /home/adha/belajar/ws1/install/msgs/include/msgs/msgs/msg/rosidl_typesupport_fastrtps_cpp__visibility_control.h
[4.622s] -- Up-to-date: /home/adha/belajar/ws1/install/msgs/include/msgs/msgs/msg/detail
[4.622s] -- Installing: /home/adha/belajar/ws1/install/msgs/include/msgs/msgs/msg/detail/dds_fastrtps
[4.622s] -- Installing: /home/adha/belajar/ws1/install/msgs/include/msgs/msgs/msg/detail/hardware_command__rosidl_typesupport_fastrtps_cpp.hpp
[4.622s] -- Installing: /home/adha/belajar/ws1/install/msgs/lib/libmsgs__rosidl_typesupport_fastrtps_cpp.so
[4.623s] -- Set non-toolchain portion of runtime path of "/home/adha/belajar/ws1/install/msgs/lib/libmsgs__rosidl_typesupport_fastrtps_cpp.so" to ""
[4.623s] -- Up-to-date: /home/adha/belajar/ws1/install/msgs/include/msgs/msgs
[4.623s] -- Up-to-date: /home/adha/belajar/ws1/install/msgs/include/msgs/msgs/msg
[4.623s] -- Installing: /home/adha/belajar/ws1/install/msgs/include/msgs/msgs/msg/rosidl_typesupport_introspection_c__visibility_control.h
[4.623s] -- Up-to-date: /home/adha/belajar/ws1/install/msgs/include/msgs/msgs/msg/detail
[4.623s] -- Installing: /home/adha/belajar/ws1/install/msgs/include/msgs/msgs/msg/detail/hardware_command__type_support.c
[4.623s] -- Installing: /home/adha/belajar/ws1/install/msgs/include/msgs/msgs/msg/detail/hardware_command__rosidl_typesupport_introspection_c.h
[4.623s] -- Installing: /home/adha/belajar/ws1/install/msgs/lib/libmsgs__rosidl_typesupport_introspection_c.so
[4.624s] -- Set non-toolchain portion of runtime path of "/home/adha/belajar/ws1/install/msgs/lib/libmsgs__rosidl_typesupport_introspection_c.so" to ""
[4.624s] -- Installing: /home/adha/belajar/ws1/install/msgs/lib/libmsgs__rosidl_typesupport_c.so
[4.624s] -- Set non-toolchain portion of runtime path of "/home/adha/belajar/ws1/install/msgs/lib/libmsgs__rosidl_typesupport_c.so" to ""
[4.624s] -- Up-to-date: /home/adha/belajar/ws1/install/msgs/include/msgs/msgs
[4.624s] -- Up-to-date: /home/adha/belajar/ws1/install/msgs/include/msgs/msgs/msg
[4.624s] -- Up-to-date: /home/adha/belajar/ws1/install/msgs/include/msgs/msgs/msg/detail
[4.624s] -- Installing: /home/adha/belajar/ws1/install/msgs/include/msgs/msgs/msg/detail/hardware_command__type_support.cpp
[4.624s] -- Installing: /home/adha/belajar/ws1/install/msgs/include/msgs/msgs/msg/detail/hardware_command__rosidl_typesupport_introspection_cpp.hpp
[4.624s] -- Installing: /home/adha/belajar/ws1/install/msgs/lib/libmsgs__rosidl_typesupport_introspection_cpp.so
[4.625s] -- Set non-toolchain portion of runtime path of "/home/adha/belajar/ws1/install/msgs/lib/libmsgs__rosidl_typesupport_introspection_cpp.so" to ""
[4.625s] -- Installing: /home/adha/belajar/ws1/install/msgs/lib/libmsgs__rosidl_typesupport_cpp.so
[4.625s] -- Set non-toolchain portion of runtime path of "/home/adha/belajar/ws1/install/msgs/lib/libmsgs__rosidl_typesupport_cpp.so" to ""
[4.625s] -- Installing: /home/adha/belajar/ws1/install/msgs/share/msgs/environment/pythonpath.sh
[4.625s] -- Installing: /home/adha/belajar/ws1/install/msgs/share/msgs/environment/pythonpath.dsv
[4.626s] -- Installing: /home/adha/belajar/ws1/install/msgs/lib/python3.12/site-packages/msgs-0.0.0-py3.12.egg-info
[4.626s] -- Installing: /home/adha/belajar/ws1/install/msgs/lib/python3.12/site-packages/msgs-0.0.0-py3.12.egg-info/dependency_links.txt
[4.626s] -- Installing: /home/adha/belajar/ws1/install/msgs/lib/python3.12/site-packages/msgs-0.0.0-py3.12.egg-info/top_level.txt
[4.626s] -- Installing: /home/adha/belajar/ws1/install/msgs/lib/python3.12/site-packages/msgs-0.0.0-py3.12.egg-info/SOURCES.txt
[4.626s] -- Installing: /home/adha/belajar/ws1/install/msgs/lib/python3.12/site-packages/msgs-0.0.0-py3.12.egg-info/PKG-INFO
[4.626s] -- Installing: /home/adha/belajar/ws1/install/msgs/lib/python3.12/site-packages/msgs
[4.626s] -- Installing: /home/adha/belajar/ws1/install/msgs/lib/python3.12/site-packages/msgs/msg
[4.626s] -- Installing: /home/adha/belajar/ws1/install/msgs/lib/python3.12/site-packages/msgs/msg/__init__.py
[4.627s] -- Installing: /home/adha/belajar/ws1/install/msgs/lib/python3.12/site-packages/msgs/msg/_hardware_command_s.c
[4.627s] -- Installing: /home/adha/belajar/ws1/install/msgs/lib/python3.12/site-packages/msgs/msg/_hardware_command.py
[4.627s] -- Installing: /home/adha/belajar/ws1/install/msgs/lib/python3.12/site-packages/msgs/_msgs_s.ep.rosidl_typesupport_c.c
[4.627s] -- Installing: /home/adha/belajar/ws1/install/msgs/lib/python3.12/site-packages/msgs/__init__.py
[4.627s] -- Installing: /home/adha/belajar/ws1/install/msgs/lib/python3.12/site-packages/msgs/msgs_s__rosidl_typesupport_introspection_c.so
[4.627s] -- Installing: /home/adha/belajar/ws1/install/msgs/lib/python3.12/site-packages/msgs/_msgs_s.ep.rosidl_typesupport_fastrtps_c.c
[4.627s] -- Installing: /home/adha/belajar/ws1/install/msgs/lib/python3.12/site-packages/msgs/_msgs_s.ep.rosidl_typesupport_introspection_c.c
[4.627s] -- Installing: /home/adha/belajar/ws1/install/msgs/lib/python3.12/site-packages/msgs/msgs_s__rosidl_typesupport_fastrtps_c.so
[4.628s] -- Installing: /home/adha/belajar/ws1/install/msgs/lib/python3.12/site-packages/msgs/msgs_s__rosidl_typesupport_c.so
[4.666s] Listing '/home/adha/belajar/ws1/install/msgs/lib/python3.12/site-packages/msgs'...
[4.666s] Compiling '/home/adha/belajar/ws1/install/msgs/lib/python3.12/site-packages/msgs/__init__.py'...
[4.666s] Listing '/home/adha/belajar/ws1/install/msgs/lib/python3.12/site-packages/msgs/msg'...
[4.667s] Compiling '/home/adha/belajar/ws1/install/msgs/lib/python3.12/site-packages/msgs/msg/__init__.py'...
[4.667s] Compiling '/home/adha/belajar/ws1/install/msgs/lib/python3.12/site-packages/msgs/msg/_hardware_command.py'...
[4.672s] -- Installing: /home/adha/belajar/ws1/install/msgs/lib/python3.12/site-packages/msgs/msgs_s__rosidl_typesupport_fastrtps_c.so
[4.672s] -- Set non-toolchain portion of runtime path of "/home/adha/belajar/ws1/install/msgs/lib/python3.12/site-packages/msgs/msgs_s__rosidl_typesupport_fastrtps_c.so" to ""
[4.673s] -- Installing: /home/adha/belajar/ws1/install/msgs/lib/python3.12/site-packages/msgs/msgs_s__rosidl_typesupport_introspection_c.so
[4.673s] -- Set non-toolchain portion of runtime path of "/home/adha/belajar/ws1/install/msgs/lib/python3.12/site-packages/msgs/msgs_s__rosidl_typesupport_introspection_c.so" to ""
[4.673s] -- Installing: /home/adha/belajar/ws1/install/msgs/lib/python3.12/site-packages/msgs/msgs_s__rosidl_typesupport_c.so
[4.673s] -- Set non-toolchain portion of runtime path of "/home/adha/belajar/ws1/install/msgs/lib/python3.12/site-packages/msgs/msgs_s__rosidl_typesupport_c.so" to ""
[4.673s] -- Installing: /home/adha/belajar/ws1/install/msgs/lib/libmsgs__rosidl_generator_py.so
[4.674s] -- Set non-toolchain portion of runtime path of "/home/adha/belajar/ws1/install/msgs/lib/libmsgs__rosidl_generator_py.so" to ""
[4.674s] -- Installing: /home/adha/belajar/ws1/install/msgs/share/msgs/msg/HardwareCommand.idl
[4.674s] -- Installing: /home/adha/belajar/ws1/install/msgs/share/msgs/msg/HardwareCommand.msg
[4.674s] -- Installing: /home/adha/belajar/ws1/install/msgs/share/ament_index/resource_index/package_run_dependencies/msgs
[4.674s] -- Installing: /home/adha/belajar/ws1/install/msgs/share/ament_index/resource_index/parent_prefix_path/msgs
[4.675s] -- Installing: /home/adha/belajar/ws1/install/msgs/share/msgs/environment/ament_prefix_path.sh
[4.675s] -- Installing: /home/adha/belajar/ws1/install/msgs/share/msgs/environment/ament_prefix_path.dsv
[4.675s] -- Installing: /home/adha/belajar/ws1/install/msgs/share/msgs/environment/path.sh
[4.675s] -- Installing: /home/adha/belajar/ws1/install/msgs/share/msgs/environment/path.dsv
[4.675s] -- Installing: /home/adha/belajar/ws1/install/msgs/share/msgs/local_setup.bash
[4.675s] -- Installing: /home/adha/belajar/ws1/install/msgs/share/msgs/local_setup.sh
[4.676s] -- Installing: /home/adha/belajar/ws1/install/msgs/share/msgs/local_setup.zsh
[4.676s] -- Installing: /home/adha/belajar/ws1/install/msgs/share/msgs/local_setup.dsv
[4.676s] -- Installing: /home/adha/belajar/ws1/install/msgs/share/msgs/package.dsv
[4.676s] -- Installing: /home/adha/belajar/ws1/install/msgs/share/ament_index/resource_index/packages/msgs
[4.676s] -- Installing: /home/adha/belajar/ws1/install/msgs/share/msgs/cmake/export_msgs__rosidl_generator_cExport.cmake
[4.677s] -- Installing: /home/adha/belajar/ws1/install/msgs/share/msgs/cmake/export_msgs__rosidl_generator_cExport-noconfig.cmake
[4.677s] -- Installing: /home/adha/belajar/ws1/install/msgs/share/msgs/cmake/export_msgs__rosidl_typesupport_fastrtps_cExport.cmake
[4.677s] -- Installing: /home/adha/belajar/ws1/install/msgs/share/msgs/cmake/export_msgs__rosidl_typesupport_fastrtps_cExport-noconfig.cmake
[4.677s] -- Installing: /home/adha/belajar/ws1/install/msgs/share/msgs/cmake/export_msgs__rosidl_generator_cppExport.cmake
[4.677s] -- Installing: /home/adha/belajar/ws1/install/msgs/share/msgs/cmake/export_msgs__rosidl_typesupport_fastrtps_cppExport.cmake
[4.677s] -- Installing: /home/adha/belajar/ws1/install/msgs/share/msgs/cmake/export_msgs__rosidl_typesupport_fastrtps_cppExport-noconfig.cmake
[4.678s] -- Installing: /home/adha/belajar/ws1/install/msgs/share/msgs/cmake/msgs__rosidl_typesupport_introspection_cExport.cmake
[4.678s] -- Installing: /home/adha/belajar/ws1/install/msgs/share/msgs/cmake/msgs__rosidl_typesupport_introspection_cExport-noconfig.cmake
[4.678s] -- Installing: /home/adha/belajar/ws1/install/msgs/share/msgs/cmake/msgs__rosidl_typesupport_cExport.cmake
[4.678s] -- Installing: /home/adha/belajar/ws1/install/msgs/share/msgs/cmake/msgs__rosidl_typesupport_cExport-noconfig.cmake
[4.678s] -- Installing: /home/adha/belajar/ws1/install/msgs/share/msgs/cmake/msgs__rosidl_typesupport_introspection_cppExport.cmake
[4.678s] -- Installing: /home/adha/belajar/ws1/install/msgs/share/msgs/cmake/msgs__rosidl_typesupport_introspection_cppExport-noconfig.cmake
[4.679s] -- Installing: /home/adha/belajar/ws1/install/msgs/share/msgs/cmake/msgs__rosidl_typesupport_cppExport.cmake
[4.679s] -- Installing: /home/adha/belajar/ws1/install/msgs/share/msgs/cmake/msgs__rosidl_typesupport_cppExport-noconfig.cmake
[4.679s] -- Installing: /home/adha/belajar/ws1/install/msgs/share/msgs/cmake/export_msgs__rosidl_generator_pyExport.cmake
[4.679s] -- Installing: /home/adha/belajar/ws1/install/msgs/share/msgs/cmake/export_msgs__rosidl_generator_pyExport-noconfig.cmake
[4.679s] -- Installing: /home/adha/belajar/ws1/install/msgs/share/msgs/cmake/rosidl_cmake-extras.cmake
[4.680s] -- Installing: /home/adha/belajar/ws1/install/msgs/share/msgs/cmake/ament_cmake_export_include_directories-extras.cmake
[4.680s] -- Installing: /home/adha/belajar/ws1/install/msgs/share/msgs/cmake/ament_cmake_export_libraries-extras.cmake
[4.680s] -- Installing: /home/adha/belajar/ws1/install/msgs/share/msgs/cmake/ament_cmake_export_targets-extras.cmake
[4.680s] -- Installing: /home/adha/belajar/ws1/install/msgs/share/msgs/cmake/rosidl_cmake_export_typesupport_targets-extras.cmake
[4.680s] -- Installing: /home/adha/belajar/ws1/install/msgs/share/msgs/cmake/ament_cmake_export_dependencies-extras.cmake
[4.680s] -- Installing: /home/adha/belajar/ws1/install/msgs/share/msgs/cmake/rosidl_cmake_export_typesupport_libraries-extras.cmake
[4.680s] -- Installing: /home/adha/belajar/ws1/install/msgs/share/msgs/cmake/msgsConfig.cmake
[4.680s] -- Installing: /home/adha/belajar/ws1/install/msgs/share/msgs/cmake/msgsConfig-version.cmake
[4.681s] -- Installing: /home/adha/belajar/ws1/install/msgs/share/msgs/package.xml
[4.683s] Invoked command in '/home/adha/belajar/ws1/build/msgs' returned '0': CMAKE_PREFIX_PATH=${CMAKE_PREFIX_PATH}:/opt/ros/jazzy DEBUGINFOD_URLS=https://debuginfod.ubuntu.com /usr/bin/cmake --install /home/adha/belajar/ws1/build/msgs
