[0.026s] Invoking command in '/home/alyazahrarr/tubes_dagoz/build/control': CMAKE_PREFIX_PATH=${CMAKE_PREFIX_PATH}:/home/alyazahrarr/ros2_ws/install/launch_testing_examples:/home/alyazahrarr/ros2_ws/install/examples_rclpy_pointcloud_publisher:/home/alyazahrarr/ros2_ws/install/examples_rclpy_minimal_subscriber:/home/alyazahrarr/ros2_ws/install/examples_rclpy_minimal_service:/home/alyazahrarr/ros2_ws/install/examples_rclpy_minimal_publisher:/home/alyazahrarr/ros2_ws/install/examples_rclpy_minimal_client:/home/alyazahrarr/ros2_ws/install/examples_rclpy_minimal_action_server:/home/alyazahrarr/ros2_ws/install/examples_rclpy_minimal_action_client:/home/alyazahrarr/ros2_ws/install/examples_rclpy_guard_conditions:/home/alyazahrarr/ros2_ws/install/examples_rclpy_executors:/opt/ros/jazzy DEBUGINFOD_URLS=https://debuginfod.ubuntu.com /usr/bin/cmake --build /home/alyazahrarr/tubes_dagoz/build/control -- -j8 -l8
[0.144s] [ 50%] Built target keyboard_input
[0.158s] [ 75%] [32mBuilding CXX object CMakeFiles/translator_node.dir/src/translator_node.cpp.o[0m
[3.561s] [01m[K/home/alyazahrarr/tubes_dagoz/src/control/src/translator_node.cpp:89:2:[m[K [01;31m[Kerror: [m[Kexpected ‘[01m[K}[m[K’ at end of input
[3.561s]    89 | }
[3.561s]       |  [01;31m[K^[m[K
[3.562s] [01m[K/home/alyazahrarr/tubes_dagoz/src/control/src/translator_node.cpp:8:1:[m[K [01;36m[Knote: [m[Kto match this ‘[01m[K{[m[K’
[3.562s]     8 | [01;36m[K{[m[K
[3.562s]       | [01;36m[K^[m[K
[3.574s] [01m[K/home/alyazahrarr/tubes_dagoz/src/control/src/translator_node.cpp:[m[K In constructor ‘[01m[KTranslatorNode::[01;32m[KTranslatorNode[m[K()[m[K’:
[3.575s] [01m[K/home/alyazahrarr/tubes_dagoz/src/control/src/translator_node.cpp:18:5:[m[K [01;31m[Kerror: [m[K‘[01m[Ksubscription_[m[K’ was not declared in this scope; did you mean ‘[01m[Krmw_subscription_t[m[K’?
[3.575s]    18 |     [01;31m[Ksubscription_[m[K = this->create_subscription<geometry_msgs::msg::Twist>("cmd_vel", 10, std::bind(&TranslatorNode::cmd_vel_callback, this, std::placeholders::_1));
[3.575s]       |     [01;31m[K^~~~~~~~~~~~~[m[K
[3.575s]       |     [32m[Krmw_subscription_t[m[K
[3.621s] [01m[K/home/alyazahrarr/tubes_dagoz/src/control/src/translator_node.cpp:20:5:[m[K [01;31m[Kerror: [m[K‘[01m[Kpublisher_[m[K’ was not declared in this scope; did you mean ‘[01m[Krmw_publisher_t[m[K’?
[3.622s]    20 |     [01;31m[Kpublisher_[m[K = this->create_publisher<geometry_msgs::msg::Twist>("control/locomotion", 10);
[3.622s]       |     [01;31m[K^~~~~~~~~~[m[K
[3.622s]       |     [32m[Krmw_publisher_t[m[K
[3.630s] [01m[K/home/alyazahrarr/tubes_dagoz/src/control/src/translator_node.cpp:21:5:[m[K [01;31m[Kerror: [m[K‘[01m[Ktimer_[m[K’ was not declared in this scope; did you mean ‘[01m[Ktimer_t[m[K’?
[3.630s]    21 |     [01;31m[Ktimer_[m[K = this->create_wall_timer(
[3.631s]       |     [01;31m[K^~~~~~[m[K
[3.631s]       |     [32m[Ktimer_t[m[K
[3.652s] [01m[K/home/alyazahrarr/tubes_dagoz/src/control/src/translator_node.cpp:[m[K In lambda function:
[3.652s] [01m[K/home/alyazahrarr/tubes_dagoz/src/control/src/translator_node.cpp:56:7:[m[K [01;31m[Kerror: [m[K‘[01m[Kpublisher_[m[K’ was not declared in this scope; did you mean ‘[01m[Krmw_publisher_t[m[K’?
[3.652s]    56 |       [01;31m[Kpublisher_[m[K->publish(message);};
[3.652s]       |       [01;31m[K^~~~~~~~~~[m[K
[3.652s]       |       [32m[Krmw_publisher_t[m[K
[3.652s] [01m[K/home/alyazahrarr/tubes_dagoz/src/control/src/translator_node.cpp:58:5:[m[K [01;31m[Kerror: [m[K‘[01m[Kelse[m[K’ without a previous ‘[01m[Kif[m[K’
[3.653s]    58 |     [01;31m[Kelse[m[K if (linear_x == 1){
[3.653s]       |     [01;31m[K^~~~[m[K
[3.660s] [01m[K/home/alyazahrarr/tubes_dagoz/src/control/src/translator_node.cpp:62:7:[m[K [01;31m[Kerror: [m[K‘[01m[Kpublisher_[m[K’ was not declared in this scope; did you mean ‘[01m[Krmw_publisher_t[m[K’?
[3.660s]    62 |       [01;31m[Kpublisher_[m[K->publish(message);};
[3.660s]       |       [01;31m[K^~~~~~~~~~[m[K
[3.660s]       |       [32m[Krmw_publisher_t[m[K
[3.661s] [01m[K/home/alyazahrarr/tubes_dagoz/src/control/src/translator_node.cpp:[m[K In member function ‘[01m[Kvoid TranslatorNode::[01;32m[Kcmd_vel_callback[m[K(geometry_msgs::msg::Twist_<std::allocator<void> >::SharedPtr)[m[K’:
[3.661s] [01m[K/home/alyazahrarr/tubes_dagoz/src/control/src/translator_node.cpp:78:3:[m[K [01;31m[Kerror: [m[Kexpected ‘[01m[K;[m[K’ before ‘[01m[Krclcpp[m[K’
[3.661s]    78 |   [01;31m[Krclcpp[m[K::Publisher<geometry_msgs::msg::Twist>::SharedPtr publisher_;
[3.661s]       |   [01;31m[K^~~~~~[m[K
[3.664s] [01m[K/home/alyazahrarr/tubes_dagoz/src/control/src/translator_node.cpp:[m[K At global scope:
[3.664s] [01m[K/home/alyazahrarr/tubes_dagoz/src/control/src/translator_node.cpp:89:2:[m[K [01;31m[Kerror: [m[Kexpected unqualified-id at end of input
[3.665s]    89 | }
[3.665s]       |  [01;31m[K^[m[K
[6.223s] gmake[2]: *** [CMakeFiles/translator_node.dir/build.make:76: CMakeFiles/translator_node.dir/src/translator_node.cpp.o] Error 1
[6.223s] gmake[1]: *** [CMakeFiles/Makefile2:165: CMakeFiles/translator_node.dir/all] Error 2
[6.224s] gmake: *** [Makefile:146: all] Error 2
[6.226s] Invoked command in '/home/alyazahrarr/tubes_dagoz/build/control' returned '2': CMAKE_PREFIX_PATH=${CMAKE_PREFIX_PATH}:/home/alyazahrarr/ros2_ws/install/launch_testing_examples:/home/alyazahrarr/ros2_ws/install/examples_rclpy_pointcloud_publisher:/home/alyazahrarr/ros2_ws/install/examples_rclpy_minimal_subscriber:/home/alyazahrarr/ros2_ws/install/examples_rclpy_minimal_service:/home/alyazahrarr/ros2_ws/install/examples_rclpy_minimal_publisher:/home/alyazahrarr/ros2_ws/install/examples_rclpy_minimal_client:/home/alyazahrarr/ros2_ws/install/examples_rclpy_minimal_action_server:/home/alyazahrarr/ros2_ws/install/examples_rclpy_minimal_action_client:/home/alyazahrarr/ros2_ws/install/examples_rclpy_guard_conditions:/home/alyazahrarr/ros2_ws/install/examples_rclpy_executors:/opt/ros/jazzy DEBUGINFOD_URLS=https://debuginfod.ubuntu.com /usr/bin/cmake --build /home/alyazahrarr/tubes_dagoz/build/control -- -j8 -l8
