[0.126s] DEBUG:colcon:Command line arguments: ['/usr/bin/colcon', 'build']
[0.126s] DEBUG:colcon:Parsed command line arguments: Namespace(log_base=None, log_level=None, verb_name='build', build_base='build', install_base='install', merge_install=False, symlink_install=False, test_result_base=None, continue_on_error=False, executor='parallel', parallel_workers=8, event_handlers=None, ignore_user_meta=False, metas=['./colcon.meta'], base_paths=['.'], packages_ignore=None, packages_ignore_regex=None, paths=None, packages_up_to=None, packages_up_to_regex=None, packages_above=None, packages_above_and_dependencies=None, packages_above_depth=None, packages_select_by_dep=None, packages_skip_by_dep=None, packages_skip_up_to=None, packages_select_build_failed=False, packages_skip_build_finished=False, packages_select_test_failures=False, packages_skip_test_passed=False, packages_select=None, packages_skip=None, packages_select_regex=None, packages_skip_regex=None, packages_start=None, packages_end=None, allow_overriding=[], cmake_args=None, cmake_target=None, cmake_target_skip_unavailable=False, cmake_clean_cache=False, cmake_clean_first=False, cmake_force_configure=False, ament_cmake_args=None, catkin_cmake_args=None, catkin_skip_building_tests=False, mixin_files=None, mixin=None, verb_parser=<colcon_mixin.mixin.mixin_argument.MixinArgumentDecorator object at 0x726b391a4110>, verb_extension=<colcon_core.verb.build.BuildVerb object at 0x726b39177fb0>, main=<bound method BuildVerb.main of <colcon_core.verb.build.BuildVerb object at 0x726b39177fb0>>, mixin_verb=('build',))
[0.166s] Level 1:colcon.colcon_core.package_discovery:discover_packages(colcon_meta) check parameters
[0.166s] Level 1:colcon.colcon_core.package_discovery:discover_packages(recursive) check parameters
[0.166s] Level 1:colcon.colcon_core.package_discovery:discover_packages(ignore) check parameters
[0.166s] Level 1:colcon.colcon_core.package_discovery:discover_packages(path) check parameters
[0.166s] Level 1:colcon.colcon_core.package_discovery:discover_packages(colcon_meta) discover
[0.166s] Level 1:colcon.colcon_core.package_discovery:discover_packages(recursive) discover
[0.167s] INFO:colcon.colcon_core.package_discovery:Crawling recursively for packages in '/home/alyazahrarr/tubes_dagoz'
[0.167s] Level 1:colcon.colcon_core.package_identification:_identify(.) by extensions ['ignore', 'ignore_ament_install']
[0.167s] Level 1:colcon.colcon_core.package_identification:_identify(.) by extension 'ignore'
[0.167s] Level 1:colcon.colcon_core.package_identification:_identify(.) by extension 'ignore_ament_install'
[0.167s] Level 1:colcon.colcon_core.package_identification:_identify(.) by extensions ['colcon_pkg']
[0.167s] Level 1:colcon.colcon_core.package_identification:_identify(.) by extension 'colcon_pkg'
[0.167s] Level 1:colcon.colcon_core.package_identification:_identify(.) by extensions ['colcon_meta']
[0.167s] Level 1:colcon.colcon_core.package_identification:_identify(.) by extension 'colcon_meta'
[0.167s] Level 1:colcon.colcon_core.package_identification:_identify(.) by extensions ['ros']
[0.167s] Level 1:colcon.colcon_core.package_identification:_identify(.) by extension 'ros'
[0.194s] Level 1:colcon.colcon_core.package_identification:_identify(.) by extensions ['cmake', 'python']
[0.195s] Level 1:colcon.colcon_core.package_identification:_identify(.) by extension 'cmake'
[0.195s] Level 1:colcon.colcon_core.package_identification:_identify(.) by extension 'python'
[0.195s] Level 1:colcon.colcon_core.package_identification:_identify(.) by extensions ['python_setup_py']
[0.195s] Level 1:colcon.colcon_core.package_identification:_identify(.) by extension 'python_setup_py'
[0.195s] Level 1:colcon.colcon_core.package_identification:_identify(build) by extensions ['ignore', 'ignore_ament_install']
[0.195s] Level 1:colcon.colcon_core.package_identification:_identify(build) by extension 'ignore'
[0.195s] Level 1:colcon.colcon_core.package_identification:_identify(build) ignored
[0.196s] Level 1:colcon.colcon_core.package_identification:_identify(install) by extensions ['ignore', 'ignore_ament_install']
[0.196s] Level 1:colcon.colcon_core.package_identification:_identify(install) by extension 'ignore'
[0.196s] Level 1:colcon.colcon_core.package_identification:_identify(install) ignored
[0.196s] Level 1:colcon.colcon_core.package_identification:_identify(log) by extensions ['ignore', 'ignore_ament_install']
[0.196s] Level 1:colcon.colcon_core.package_identification:_identify(log) by extension 'ignore'
[0.196s] Level 1:colcon.colcon_core.package_identification:_identify(log) ignored
[0.196s] Level 1:colcon.colcon_core.package_identification:_identify(src) by extensions ['ignore', 'ignore_ament_install']
[0.196s] Level 1:colcon.colcon_core.package_identification:_identify(src) by extension 'ignore'
[0.197s] Level 1:colcon.colcon_core.package_identification:_identify(src) by extension 'ignore_ament_install'
[0.197s] Level 1:colcon.colcon_core.package_identification:_identify(src) by extensions ['colcon_pkg']
[0.197s] Level 1:colcon.colcon_core.package_identification:_identify(src) by extension 'colcon_pkg'
[0.197s] Level 1:colcon.colcon_core.package_identification:_identify(src) by extensions ['colcon_meta']
[0.197s] Level 1:colcon.colcon_core.package_identification:_identify(src) by extension 'colcon_meta'
[0.197s] Level 1:colcon.colcon_core.package_identification:_identify(src) by extensions ['ros']
[0.197s] Level 1:colcon.colcon_core.package_identification:_identify(src) by extension 'ros'
[0.197s] Level 1:colcon.colcon_core.package_identification:_identify(src) by extensions ['cmake', 'python']
[0.197s] Level 1:colcon.colcon_core.package_identification:_identify(src) by extension 'cmake'
[0.197s] Level 1:colcon.colcon_core.package_identification:_identify(src) by extension 'python'
[0.197s] Level 1:colcon.colcon_core.package_identification:_identify(src) by extensions ['python_setup_py']
[0.197s] Level 1:colcon.colcon_core.package_identification:_identify(src) by extension 'python_setup_py'
[0.197s] Level 1:colcon.colcon_core.package_identification:_identify(src/can_msgs) by extensions ['ignore', 'ignore_ament_install']
[0.197s] Level 1:colcon.colcon_core.package_identification:_identify(src/can_msgs) by extension 'ignore'
[0.197s] Level 1:colcon.colcon_core.package_identification:_identify(src/can_msgs) by extension 'ignore_ament_install'
[0.197s] Level 1:colcon.colcon_core.package_identification:_identify(src/can_msgs) by extensions ['colcon_pkg']
[0.197s] Level 1:colcon.colcon_core.package_identification:_identify(src/can_msgs) by extension 'colcon_pkg'
[0.198s] Level 1:colcon.colcon_core.package_identification:_identify(src/can_msgs) by extensions ['colcon_meta']
[0.198s] Level 1:colcon.colcon_core.package_identification:_identify(src/can_msgs) by extension 'colcon_meta'
[0.198s] Level 1:colcon.colcon_core.package_identification:_identify(src/can_msgs) by extensions ['ros']
[0.198s] Level 1:colcon.colcon_core.package_identification:_identify(src/can_msgs) by extension 'ros'
[0.200s] DEBUG:colcon.colcon_core.package_identification:Package 'src/can_msgs' with type 'ros.ament_cmake' and name 'can_msgs'
[0.200s] Level 1:colcon.colcon_core.package_identification:_identify(src/control) by extensions ['ignore', 'ignore_ament_install']
[0.201s] Level 1:colcon.colcon_core.package_identification:_identify(src/control) by extension 'ignore'
[0.201s] Level 1:colcon.colcon_core.package_identification:_identify(src/control) by extension 'ignore_ament_install'
[0.201s] Level 1:colcon.colcon_core.package_identification:_identify(src/control) by extensions ['colcon_pkg']
[0.201s] Level 1:colcon.colcon_core.package_identification:_identify(src/control) by extension 'colcon_pkg'
[0.201s] Level 1:colcon.colcon_core.package_identification:_identify(src/control) by extensions ['colcon_meta']
[0.201s] Level 1:colcon.colcon_core.package_identification:_identify(src/control) by extension 'colcon_meta'
[0.201s] Level 1:colcon.colcon_core.package_identification:_identify(src/control) by extensions ['ros']
[0.201s] Level 1:colcon.colcon_core.package_identification:_identify(src/control) by extension 'ros'
[0.202s] DEBUG:colcon.colcon_core.package_identification:Package 'src/control' with type 'ros.ament_cmake' and name 'control'
[0.202s] Level 1:colcon.colcon_core.package_identification:_identify(src/ros2_socketcan) by extensions ['ignore', 'ignore_ament_install']
[0.202s] Level 1:colcon.colcon_core.package_identification:_identify(src/ros2_socketcan) by extension 'ignore'
[0.202s] Level 1:colcon.colcon_core.package_identification:_identify(src/ros2_socketcan) by extension 'ignore_ament_install'
[0.202s] Level 1:colcon.colcon_core.package_identification:_identify(src/ros2_socketcan) by extensions ['colcon_pkg']
[0.202s] Level 1:colcon.colcon_core.package_identification:_identify(src/ros2_socketcan) by extension 'colcon_pkg'
[0.202s] Level 1:colcon.colcon_core.package_identification:_identify(src/ros2_socketcan) by extensions ['colcon_meta']
[0.202s] Level 1:colcon.colcon_core.package_identification:_identify(src/ros2_socketcan) by extension 'colcon_meta'
[0.202s] Level 1:colcon.colcon_core.package_identification:_identify(src/ros2_socketcan) by extensions ['ros']
[0.202s] Level 1:colcon.colcon_core.package_identification:_identify(src/ros2_socketcan) by extension 'ros'
[0.203s] Level 1:colcon.colcon_core.package_identification:_identify(src/ros2_socketcan) by extensions ['cmake', 'python']
[0.203s] Level 1:colcon.colcon_core.package_identification:_identify(src/ros2_socketcan) by extension 'cmake'
[0.203s] Level 1:colcon.colcon_core.package_identification:_identify(src/ros2_socketcan) by extension 'python'
[0.203s] Level 1:colcon.colcon_core.package_identification:_identify(src/ros2_socketcan) by extensions ['python_setup_py']
[0.203s] Level 1:colcon.colcon_core.package_identification:_identify(src/ros2_socketcan) by extension 'python_setup_py'
[0.203s] Level 1:colcon.colcon_core.package_identification:_identify(src/ros2_socketcan/ros2_socketcan) by extensions ['ignore', 'ignore_ament_install']
[0.203s] Level 1:colcon.colcon_core.package_identification:_identify(src/ros2_socketcan/ros2_socketcan) by extension 'ignore'
[0.203s] Level 1:colcon.colcon_core.package_identification:_identify(src/ros2_socketcan/ros2_socketcan) by extension 'ignore_ament_install'
[0.203s] Level 1:colcon.colcon_core.package_identification:_identify(src/ros2_socketcan/ros2_socketcan) by extensions ['colcon_pkg']
[0.203s] Level 1:colcon.colcon_core.package_identification:_identify(src/ros2_socketcan/ros2_socketcan) by extension 'colcon_pkg'
[0.203s] Level 1:colcon.colcon_core.package_identification:_identify(src/ros2_socketcan/ros2_socketcan) by extensions ['colcon_meta']
[0.203s] Level 1:colcon.colcon_core.package_identification:_identify(src/ros2_socketcan/ros2_socketcan) by extension 'colcon_meta'
[0.203s] Level 1:colcon.colcon_core.package_identification:_identify(src/ros2_socketcan/ros2_socketcan) by extensions ['ros']
[0.203s] Level 1:colcon.colcon_core.package_identification:_identify(src/ros2_socketcan/ros2_socketcan) by extension 'ros'
[0.204s] DEBUG:colcon.colcon_core.package_identification:Package 'src/ros2_socketcan/ros2_socketcan' with type 'ros.ament_cmake' and name 'ros2_socketcan'
[0.204s] Level 1:colcon.colcon_core.package_identification:_identify(src/ros2_socketcan/ros2_socketcan_msgs) by extensions ['ignore', 'ignore_ament_install']
[0.204s] Level 1:colcon.colcon_core.package_identification:_identify(src/ros2_socketcan/ros2_socketcan_msgs) by extension 'ignore'
[0.205s] Level 1:colcon.colcon_core.package_identification:_identify(src/ros2_socketcan/ros2_socketcan_msgs) by extension 'ignore_ament_install'
[0.205s] Level 1:colcon.colcon_core.package_identification:_identify(src/ros2_socketcan/ros2_socketcan_msgs) by extensions ['colcon_pkg']
[0.205s] Level 1:colcon.colcon_core.package_identification:_identify(src/ros2_socketcan/ros2_socketcan_msgs) by extension 'colcon_pkg'
[0.205s] Level 1:colcon.colcon_core.package_identification:_identify(src/ros2_socketcan/ros2_socketcan_msgs) by extensions ['colcon_meta']
[0.205s] Level 1:colcon.colcon_core.package_identification:_identify(src/ros2_socketcan/ros2_socketcan_msgs) by extension 'colcon_meta'
[0.205s] Level 1:colcon.colcon_core.package_identification:_identify(src/ros2_socketcan/ros2_socketcan_msgs) by extensions ['ros']
[0.205s] Level 1:colcon.colcon_core.package_identification:_identify(src/ros2_socketcan/ros2_socketcan_msgs) by extension 'ros'
[0.205s] DEBUG:colcon.colcon_core.package_identification:Package 'src/ros2_socketcan/ros2_socketcan_msgs' with type 'ros.ament_cmake' and name 'ros2_socketcan_msgs'
[0.205s] Level 1:colcon.colcon_core.package_discovery:discover_packages(recursive) using defaults
[0.206s] Level 1:colcon.colcon_core.package_discovery:discover_packages(ignore) discover
[0.206s] Level 1:colcon.colcon_core.package_discovery:discover_packages(ignore) using defaults
[0.206s] Level 1:colcon.colcon_core.package_discovery:discover_packages(path) discover
[0.206s] Level 1:colcon.colcon_core.package_discovery:discover_packages(path) using defaults
[0.225s] Level 1:colcon.colcon_core.package_discovery:discover_packages(prefix_path) check parameters
[0.225s] Level 1:colcon.colcon_core.package_discovery:discover_packages(prefix_path) discover
[0.228s] DEBUG:colcon.colcon_installed_package_information.package_discovery:Found 4 installed packages in /home/alyazahrarr/tubes_dagoz/install
[0.229s] DEBUG:colcon.colcon_installed_package_information.package_discovery:Found 23 installed packages in /home/alyazahrarr/ros2_ws/install
[0.231s] DEBUG:colcon.colcon_installed_package_information.package_discovery:Found 307 installed packages in /opt/ros/jazzy
[0.233s] Level 1:colcon.colcon_core.package_discovery:discover_packages(prefix_path) using defaults
[0.287s] Level 5:colcon.colcon_core.verb:set package 'can_msgs' build argument 'cmake_args' from command line to 'None'
[0.287s] Level 5:colcon.colcon_core.verb:set package 'can_msgs' build argument 'cmake_target' from command line to 'None'
[0.287s] Level 5:colcon.colcon_core.verb:set package 'can_msgs' build argument 'cmake_target_skip_unavailable' from command line to 'False'
[0.287s] Level 5:colcon.colcon_core.verb:set package 'can_msgs' build argument 'cmake_clean_cache' from command line to 'False'
[0.287s] Level 5:colcon.colcon_core.verb:set package 'can_msgs' build argument 'cmake_clean_first' from command line to 'False'
[0.287s] Level 5:colcon.colcon_core.verb:set package 'can_msgs' build argument 'cmake_force_configure' from command line to 'False'
[0.287s] Level 5:colcon.colcon_core.verb:set package 'can_msgs' build argument 'ament_cmake_args' from command line to 'None'
[0.287s] Level 5:colcon.colcon_core.verb:set package 'can_msgs' build argument 'catkin_cmake_args' from command line to 'None'
[0.287s] Level 5:colcon.colcon_core.verb:set package 'can_msgs' build argument 'catkin_skip_building_tests' from command line to 'False'
[0.287s] DEBUG:colcon.colcon_core.verb:Building package 'can_msgs' with the following arguments: {'ament_cmake_args': None, 'build_base': '/home/alyazahrarr/tubes_dagoz/build/can_msgs', 'catkin_cmake_args': None, 'catkin_skip_building_tests': False, 'cmake_args': None, 'cmake_clean_cache': False, 'cmake_clean_first': False, 'cmake_force_configure': False, 'cmake_target': None, 'cmake_target_skip_unavailable': False, 'install_base': '/home/alyazahrarr/tubes_dagoz/install/can_msgs', 'merge_install': False, 'path': '/home/alyazahrarr/tubes_dagoz/src/can_msgs', 'symlink_install': False, 'test_result_base': None}
[0.287s] Level 5:colcon.colcon_core.verb:set package 'control' build argument 'cmake_args' from command line to 'None'
[0.287s] Level 5:colcon.colcon_core.verb:set package 'control' build argument 'cmake_target' from command line to 'None'
[0.287s] Level 5:colcon.colcon_core.verb:set package 'control' build argument 'cmake_target_skip_unavailable' from command line to 'False'
[0.287s] Level 5:colcon.colcon_core.verb:set package 'control' build argument 'cmake_clean_cache' from command line to 'False'
[0.287s] Level 5:colcon.colcon_core.verb:set package 'control' build argument 'cmake_clean_first' from command line to 'False'
[0.288s] Level 5:colcon.colcon_core.verb:set package 'control' build argument 'cmake_force_configure' from command line to 'False'
[0.288s] Level 5:colcon.colcon_core.verb:set package 'control' build argument 'ament_cmake_args' from command line to 'None'
[0.288s] Level 5:colcon.colcon_core.verb:set package 'control' build argument 'catkin_cmake_args' from command line to 'None'
[0.288s] Level 5:colcon.colcon_core.verb:set package 'control' build argument 'catkin_skip_building_tests' from command line to 'False'
[0.288s] DEBUG:colcon.colcon_core.verb:Building package 'control' with the following arguments: {'ament_cmake_args': None, 'build_base': '/home/alyazahrarr/tubes_dagoz/build/control', 'catkin_cmake_args': None, 'catkin_skip_building_tests': False, 'cmake_args': None, 'cmake_clean_cache': False, 'cmake_clean_first': False, 'cmake_force_configure': False, 'cmake_target': None, 'cmake_target_skip_unavailable': False, 'install_base': '/home/alyazahrarr/tubes_dagoz/install/control', 'merge_install': False, 'path': '/home/alyazahrarr/tubes_dagoz/src/control', 'symlink_install': False, 'test_result_base': None}
[0.288s] Level 5:colcon.colcon_core.verb:set package 'ros2_socketcan_msgs' build argument 'cmake_args' from command line to 'None'
[0.288s] Level 5:colcon.colcon_core.verb:set package 'ros2_socketcan_msgs' build argument 'cmake_target' from command line to 'None'
[0.288s] Level 5:colcon.colcon_core.verb:set package 'ros2_socketcan_msgs' build argument 'cmake_target_skip_unavailable' from command line to 'False'
[0.288s] Level 5:colcon.colcon_core.verb:set package 'ros2_socketcan_msgs' build argument 'cmake_clean_cache' from command line to 'False'
[0.288s] Level 5:colcon.colcon_core.verb:set package 'ros2_socketcan_msgs' build argument 'cmake_clean_first' from command line to 'False'
[0.288s] Level 5:colcon.colcon_core.verb:set package 'ros2_socketcan_msgs' build argument 'cmake_force_configure' from command line to 'False'
[0.288s] Level 5:colcon.colcon_core.verb:set package 'ros2_socketcan_msgs' build argument 'ament_cmake_args' from command line to 'None'
[0.288s] Level 5:colcon.colcon_core.verb:set package 'ros2_socketcan_msgs' build argument 'catkin_cmake_args' from command line to 'None'
[0.288s] Level 5:colcon.colcon_core.verb:set package 'ros2_socketcan_msgs' build argument 'catkin_skip_building_tests' from command line to 'False'
[0.288s] DEBUG:colcon.colcon_core.verb:Building package 'ros2_socketcan_msgs' with the following arguments: {'ament_cmake_args': None, 'build_base': '/home/alyazahrarr/tubes_dagoz/build/ros2_socketcan_msgs', 'catkin_cmake_args': None, 'catkin_skip_building_tests': False, 'cmake_args': None, 'cmake_clean_cache': False, 'cmake_clean_first': False, 'cmake_force_configure': False, 'cmake_target': None, 'cmake_target_skip_unavailable': False, 'install_base': '/home/alyazahrarr/tubes_dagoz/install/ros2_socketcan_msgs', 'merge_install': False, 'path': '/home/alyazahrarr/tubes_dagoz/src/ros2_socketcan/ros2_socketcan_msgs', 'symlink_install': False, 'test_result_base': None}
[0.288s] Level 5:colcon.colcon_core.verb:set package 'ros2_socketcan' build argument 'cmake_args' from command line to 'None'
[0.288s] Level 5:colcon.colcon_core.verb:set package 'ros2_socketcan' build argument 'cmake_target' from command line to 'None'
[0.288s] Level 5:colcon.colcon_core.verb:set package 'ros2_socketcan' build argument 'cmake_target_skip_unavailable' from command line to 'False'
[0.288s] Level 5:colcon.colcon_core.verb:set package 'ros2_socketcan' build argument 'cmake_clean_cache' from command line to 'False'
[0.288s] Level 5:colcon.colcon_core.verb:set package 'ros2_socketcan' build argument 'cmake_clean_first' from command line to 'False'
[0.289s] Level 5:colcon.colcon_core.verb:set package 'ros2_socketcan' build argument 'cmake_force_configure' from command line to 'False'
[0.289s] Level 5:colcon.colcon_core.verb:set package 'ros2_socketcan' build argument 'ament_cmake_args' from command line to 'None'
[0.289s] Level 5:colcon.colcon_core.verb:set package 'ros2_socketcan' build argument 'catkin_cmake_args' from command line to 'None'
[0.289s] Level 5:colcon.colcon_core.verb:set package 'ros2_socketcan' build argument 'catkin_skip_building_tests' from command line to 'False'
[0.289s] DEBUG:colcon.colcon_core.verb:Building package 'ros2_socketcan' with the following arguments: {'ament_cmake_args': None, 'build_base': '/home/alyazahrarr/tubes_dagoz/build/ros2_socketcan', 'catkin_cmake_args': None, 'catkin_skip_building_tests': False, 'cmake_args': None, 'cmake_clean_cache': False, 'cmake_clean_first': False, 'cmake_force_configure': False, 'cmake_target': None, 'cmake_target_skip_unavailable': False, 'install_base': '/home/alyazahrarr/tubes_dagoz/install/ros2_socketcan', 'merge_install': False, 'path': '/home/alyazahrarr/tubes_dagoz/src/ros2_socketcan/ros2_socketcan', 'symlink_install': False, 'test_result_base': None}
[0.289s] INFO:colcon.colcon_core.executor:Executing jobs using 'parallel' executor
[0.290s] DEBUG:colcon.colcon_parallel_executor.executor.parallel:run_until_complete
[0.290s] INFO:colcon.colcon_ros.task.ament_cmake.build:Building ROS package in '/home/alyazahrarr/tubes_dagoz/src/can_msgs' with build type 'ament_cmake'
[0.290s] INFO:colcon.colcon_cmake.task.cmake.build:Building CMake package in '/home/alyazahrarr/tubes_dagoz/src/can_msgs'
[0.294s] INFO:colcon.colcon_core.plugin_system:Skipping extension 'colcon_core.shell.bat': Not used on non-Windows systems
[0.294s] INFO:colcon.colcon_core.shell:Skip shell extension 'powershell' for command environment: Not usable outside of PowerShell
[0.294s] DEBUG:colcon.colcon_core.shell:Skip shell extension 'dsv' for command environment
[0.300s] INFO:colcon.colcon_ros.task.ament_cmake.build:Building ROS package in '/home/alyazahrarr/tubes_dagoz/src/ros2_socketcan/ros2_socketcan_msgs' with build type 'ament_cmake'
[0.300s] INFO:colcon.colcon_cmake.task.cmake.build:Building CMake package in '/home/alyazahrarr/tubes_dagoz/src/ros2_socketcan/ros2_socketcan_msgs'
[0.300s] INFO:colcon.colcon_core.shell:Skip shell extension 'powershell' for command environment: Not usable outside of PowerShell
[0.300s] DEBUG:colcon.colcon_core.shell:Skip shell extension 'dsv' for command environment
[0.309s] INFO:colcon.colcon_ros.task.ament_cmake.build:Building ROS package in '/home/alyazahrarr/tubes_dagoz/src/control' with build type 'ament_cmake'
[0.309s] INFO:colcon.colcon_cmake.task.cmake.build:Building CMake package in '/home/alyazahrarr/tubes_dagoz/src/control'
[0.309s] INFO:colcon.colcon_core.shell:Skip shell extension 'powershell' for command environment: Not usable outside of PowerShell
[0.309s] DEBUG:colcon.colcon_core.shell:Skip shell extension 'dsv' for command environment
[0.326s] DEBUG:colcon.colcon_core.event_handler.log_command:Invoking command in '/home/alyazahrarr/tubes_dagoz/build/can_msgs': CMAKE_PREFIX_PATH=${CMAKE_PREFIX_PATH}:/home/alyazahrarr/ros2_ws/install/launch_testing_examples:/home/alyazahrarr/ros2_ws/install/examples_rclpy_pointcloud_publisher:/home/alyazahrarr/ros2_ws/install/examples_rclpy_minimal_subscriber:/home/alyazahrarr/ros2_ws/install/examples_rclpy_minimal_service:/home/alyazahrarr/ros2_ws/install/examples_rclpy_minimal_publisher:/home/alyazahrarr/ros2_ws/install/examples_rclpy_minimal_client:/home/alyazahrarr/ros2_ws/install/examples_rclpy_minimal_action_server:/home/alyazahrarr/ros2_ws/install/examples_rclpy_minimal_action_client:/home/alyazahrarr/ros2_ws/install/examples_rclpy_guard_conditions:/home/alyazahrarr/ros2_ws/install/examples_rclpy_executors:/opt/ros/jazzy DEBUGINFOD_URLS=https://debuginfod.ubuntu.com /usr/bin/cmake --build /home/alyazahrarr/tubes_dagoz/build/can_msgs -- -j8 -l8
[0.332s] DEBUG:colcon.colcon_core.event_handler.log_command:Invoking command in '/home/alyazahrarr/tubes_dagoz/build/ros2_socketcan_msgs': CMAKE_PREFIX_PATH=${CMAKE_PREFIX_PATH}:/home/alyazahrarr/ros2_ws/install/launch_testing_examples:/home/alyazahrarr/ros2_ws/install/examples_rclpy_pointcloud_publisher:/home/alyazahrarr/ros2_ws/install/examples_rclpy_minimal_subscriber:/home/alyazahrarr/ros2_ws/install/examples_rclpy_minimal_service:/home/alyazahrarr/ros2_ws/install/examples_rclpy_minimal_publisher:/home/alyazahrarr/ros2_ws/install/examples_rclpy_minimal_client:/home/alyazahrarr/ros2_ws/install/examples_rclpy_minimal_action_server:/home/alyazahrarr/ros2_ws/install/examples_rclpy_minimal_action_client:/home/alyazahrarr/ros2_ws/install/examples_rclpy_guard_conditions:/home/alyazahrarr/ros2_ws/install/examples_rclpy_executors:/opt/ros/jazzy DEBUGINFOD_URLS=https://debuginfod.ubuntu.com /usr/bin/cmake --build /home/alyazahrarr/tubes_dagoz/build/ros2_socketcan_msgs -- -j8 -l8
[0.336s] DEBUG:colcon.colcon_core.event_handler.log_command:Invoking command in '/home/alyazahrarr/tubes_dagoz/build/control': CMAKE_PREFIX_PATH=${CMAKE_PREFIX_PATH}:/home/alyazahrarr/ros2_ws/install/launch_testing_examples:/home/alyazahrarr/ros2_ws/install/examples_rclpy_pointcloud_publisher:/home/alyazahrarr/ros2_ws/install/examples_rclpy_minimal_subscriber:/home/alyazahrarr/ros2_ws/install/examples_rclpy_minimal_service:/home/alyazahrarr/ros2_ws/install/examples_rclpy_minimal_publisher:/home/alyazahrarr/ros2_ws/install/examples_rclpy_minimal_client:/home/alyazahrarr/ros2_ws/install/examples_rclpy_minimal_action_server:/home/alyazahrarr/ros2_ws/install/examples_rclpy_minimal_action_client:/home/alyazahrarr/ros2_ws/install/examples_rclpy_guard_conditions:/home/alyazahrarr/ros2_ws/install/examples_rclpy_executors:/opt/ros/jazzy DEBUGINFOD_URLS=https://debuginfod.ubuntu.com /usr/bin/cmake --build /home/alyazahrarr/tubes_dagoz/build/control -- -j8 -l8
[1.220s] DEBUG:colcon.colcon_core.event_handler.log_command:Invoked command in '/home/alyazahrarr/tubes_dagoz/build/can_msgs' returned '0': CMAKE_PREFIX_PATH=${CMAKE_PREFIX_PATH}:/home/alyazahrarr/ros2_ws/install/launch_testing_examples:/home/alyazahrarr/ros2_ws/install/examples_rclpy_pointcloud_publisher:/home/alyazahrarr/ros2_ws/install/examples_rclpy_minimal_subscriber:/home/alyazahrarr/ros2_ws/install/examples_rclpy_minimal_service:/home/alyazahrarr/ros2_ws/install/examples_rclpy_minimal_publisher:/home/alyazahrarr/ros2_ws/install/examples_rclpy_minimal_client:/home/alyazahrarr/ros2_ws/install/examples_rclpy_minimal_action_server:/home/alyazahrarr/ros2_ws/install/examples_rclpy_minimal_action_client:/home/alyazahrarr/ros2_ws/install/examples_rclpy_guard_conditions:/home/alyazahrarr/ros2_ws/install/examples_rclpy_executors:/opt/ros/jazzy DEBUGINFOD_URLS=https://debuginfod.ubuntu.com /usr/bin/cmake --build /home/alyazahrarr/tubes_dagoz/build/can_msgs -- -j8 -l8
[1.234s] DEBUG:colcon.colcon_core.event_handler.log_command:Invoked command in '/home/alyazahrarr/tubes_dagoz/build/ros2_socketcan_msgs' returned '0': CMAKE_PREFIX_PATH=${CMAKE_PREFIX_PATH}:/home/alyazahrarr/ros2_ws/install/launch_testing_examples:/home/alyazahrarr/ros2_ws/install/examples_rclpy_pointcloud_publisher:/home/alyazahrarr/ros2_ws/install/examples_rclpy_minimal_subscriber:/home/alyazahrarr/ros2_ws/install/examples_rclpy_minimal_service:/home/alyazahrarr/ros2_ws/install/examples_rclpy_minimal_publisher:/home/alyazahrarr/ros2_ws/install/examples_rclpy_minimal_client:/home/alyazahrarr/ros2_ws/install/examples_rclpy_minimal_action_server:/home/alyazahrarr/ros2_ws/install/examples_rclpy_minimal_action_client:/home/alyazahrarr/ros2_ws/install/examples_rclpy_guard_conditions:/home/alyazahrarr/ros2_ws/install/examples_rclpy_executors:/opt/ros/jazzy DEBUGINFOD_URLS=https://debuginfod.ubuntu.com /usr/bin/cmake --build /home/alyazahrarr/tubes_dagoz/build/ros2_socketcan_msgs -- -j8 -l8
[1.320s] DEBUG:colcon.colcon_core.event_handler.log_command:Invoking command in '/home/alyazahrarr/tubes_dagoz/build/can_msgs': CMAKE_PREFIX_PATH=${CMAKE_PREFIX_PATH}:/home/alyazahrarr/ros2_ws/install/launch_testing_examples:/home/alyazahrarr/ros2_ws/install/examples_rclpy_pointcloud_publisher:/home/alyazahrarr/ros2_ws/install/examples_rclpy_minimal_subscriber:/home/alyazahrarr/ros2_ws/install/examples_rclpy_minimal_service:/home/alyazahrarr/ros2_ws/install/examples_rclpy_minimal_publisher:/home/alyazahrarr/ros2_ws/install/examples_rclpy_minimal_client:/home/alyazahrarr/ros2_ws/install/examples_rclpy_minimal_action_server:/home/alyazahrarr/ros2_ws/install/examples_rclpy_minimal_action_client:/home/alyazahrarr/ros2_ws/install/examples_rclpy_guard_conditions:/home/alyazahrarr/ros2_ws/install/examples_rclpy_executors:/opt/ros/jazzy DEBUGINFOD_URLS=https://debuginfod.ubuntu.com /usr/bin/cmake --install /home/alyazahrarr/tubes_dagoz/build/can_msgs
[1.323s] DEBUG:colcon.colcon_core.event_handler.log_command:Invoking command in '/home/alyazahrarr/tubes_dagoz/build/ros2_socketcan_msgs': CMAKE_PREFIX_PATH=${CMAKE_PREFIX_PATH}:/home/alyazahrarr/ros2_ws/install/launch_testing_examples:/home/alyazahrarr/ros2_ws/install/examples_rclpy_pointcloud_publisher:/home/alyazahrarr/ros2_ws/install/examples_rclpy_minimal_subscriber:/home/alyazahrarr/ros2_ws/install/examples_rclpy_minimal_service:/home/alyazahrarr/ros2_ws/install/examples_rclpy_minimal_publisher:/home/alyazahrarr/ros2_ws/install/examples_rclpy_minimal_client:/home/alyazahrarr/ros2_ws/install/examples_rclpy_minimal_action_server:/home/alyazahrarr/ros2_ws/install/examples_rclpy_minimal_action_client:/home/alyazahrarr/ros2_ws/install/examples_rclpy_guard_conditions:/home/alyazahrarr/ros2_ws/install/examples_rclpy_executors:/opt/ros/jazzy DEBUGINFOD_URLS=https://debuginfod.ubuntu.com /usr/bin/cmake --install /home/alyazahrarr/tubes_dagoz/build/ros2_socketcan_msgs
[1.430s] Level 1:colcon.colcon_core.environment:create_environment_scripts_only(can_msgs)
[1.432s] DEBUG:colcon.colcon_core.event_handler.log_command:Invoked command in '/home/alyazahrarr/tubes_dagoz/build/can_msgs' returned '0': CMAKE_PREFIX_PATH=${CMAKE_PREFIX_PATH}:/home/alyazahrarr/ros2_ws/install/launch_testing_examples:/home/alyazahrarr/ros2_ws/install/examples_rclpy_pointcloud_publisher:/home/alyazahrarr/ros2_ws/install/examples_rclpy_minimal_subscriber:/home/alyazahrarr/ros2_ws/install/examples_rclpy_minimal_service:/home/alyazahrarr/ros2_ws/install/examples_rclpy_minimal_publisher:/home/alyazahrarr/ros2_ws/install/examples_rclpy_minimal_client:/home/alyazahrarr/ros2_ws/install/examples_rclpy_minimal_action_server:/home/alyazahrarr/ros2_ws/install/examples_rclpy_minimal_action_client:/home/alyazahrarr/ros2_ws/install/examples_rclpy_guard_conditions:/home/alyazahrarr/ros2_ws/install/examples_rclpy_executors:/opt/ros/jazzy DEBUGINFOD_URLS=https://debuginfod.ubuntu.com /usr/bin/cmake --install /home/alyazahrarr/tubes_dagoz/build/can_msgs
[1.439s] Level 1:colcon.colcon_core.environment:checking '/home/alyazahrarr/tubes_dagoz/install/can_msgs' for CMake module files
[1.445s] Level 1:colcon.colcon_core.environment:checking '/home/alyazahrarr/tubes_dagoz/install/can_msgs' for CMake config files
[1.447s] Level 1:colcon.colcon_core.shell:create_environment_hook('can_msgs', 'cmake_prefix_path')
[1.447s] INFO:colcon.colcon_core.shell:Creating environment hook '/home/alyazahrarr/tubes_dagoz/install/can_msgs/share/can_msgs/hook/cmake_prefix_path.ps1'
[1.448s] INFO:colcon.colcon_core.shell:Creating environment descriptor '/home/alyazahrarr/tubes_dagoz/install/can_msgs/share/can_msgs/hook/cmake_prefix_path.dsv'
[1.448s] INFO:colcon.colcon_core.shell:Creating environment hook '/home/alyazahrarr/tubes_dagoz/install/can_msgs/share/can_msgs/hook/cmake_prefix_path.sh'
[1.449s] Level 1:colcon.colcon_core.environment:checking '/home/alyazahrarr/tubes_dagoz/install/can_msgs/lib'
[1.449s] Level 1:colcon.colcon_core.shell:create_environment_hook('can_msgs', 'ld_library_path_lib')
[1.449s] INFO:colcon.colcon_core.shell:Creating environment hook '/home/alyazahrarr/tubes_dagoz/install/can_msgs/share/can_msgs/hook/ld_library_path_lib.ps1'
[1.450s] INFO:colcon.colcon_core.shell:Creating environment descriptor '/home/alyazahrarr/tubes_dagoz/install/can_msgs/share/can_msgs/hook/ld_library_path_lib.dsv'
[1.451s] INFO:colcon.colcon_core.shell:Creating environment hook '/home/alyazahrarr/tubes_dagoz/install/can_msgs/share/can_msgs/hook/ld_library_path_lib.sh'
[1.451s] Level 1:colcon.colcon_core.environment:checking '/home/alyazahrarr/tubes_dagoz/install/can_msgs/bin'
[1.451s] Level 1:colcon.colcon_core.environment:checking '/home/alyazahrarr/tubes_dagoz/install/can_msgs/lib/pkgconfig/can_msgs.pc'
[1.452s] Level 1:colcon.colcon_core.environment:checking '/home/alyazahrarr/tubes_dagoz/install/can_msgs/lib/python3.12/site-packages'
[1.452s] Level 1:colcon.colcon_core.shell:create_environment_hook('can_msgs', 'pythonpath')
[1.452s] INFO:colcon.colcon_core.shell:Creating environment hook '/home/alyazahrarr/tubes_dagoz/install/can_msgs/share/can_msgs/hook/pythonpath.ps1'
[1.453s] INFO:colcon.colcon_core.shell:Creating environment descriptor '/home/alyazahrarr/tubes_dagoz/install/can_msgs/share/can_msgs/hook/pythonpath.dsv'
[1.453s] INFO:colcon.colcon_core.shell:Creating environment hook '/home/alyazahrarr/tubes_dagoz/install/can_msgs/share/can_msgs/hook/pythonpath.sh'
[1.454s] Level 1:colcon.colcon_core.environment:checking '/home/alyazahrarr/tubes_dagoz/install/can_msgs/bin'
[1.455s] INFO:colcon.colcon_core.shell:Creating package script '/home/alyazahrarr/tubes_dagoz/install/can_msgs/share/can_msgs/package.ps1'
[1.456s] INFO:colcon.colcon_core.shell:Creating package descriptor '/home/alyazahrarr/tubes_dagoz/install/can_msgs/share/can_msgs/package.dsv'
[1.457s] INFO:colcon.colcon_core.shell:Creating package script '/home/alyazahrarr/tubes_dagoz/install/can_msgs/share/can_msgs/package.sh'
[1.458s] INFO:colcon.colcon_core.shell:Creating package script '/home/alyazahrarr/tubes_dagoz/install/can_msgs/share/can_msgs/package.bash'
[1.458s] INFO:colcon.colcon_core.shell:Creating package script '/home/alyazahrarr/tubes_dagoz/install/can_msgs/share/can_msgs/package.zsh'
[1.459s] Level 1:colcon.colcon_core.environment:create_file_with_runtime_dependencies(/home/alyazahrarr/tubes_dagoz/install/can_msgs/share/colcon-core/packages/can_msgs)
[1.461s] Level 1:colcon.colcon_core.environment:create_environment_scripts_only(ros2_socketcan_msgs)
[1.461s] Level 1:colcon.colcon_core.environment:checking '/home/alyazahrarr/tubes_dagoz/install/ros2_socketcan_msgs' for CMake module files
[1.462s] DEBUG:colcon.colcon_core.event_handler.log_command:Invoked command in '/home/alyazahrarr/tubes_dagoz/build/ros2_socketcan_msgs' returned '0': CMAKE_PREFIX_PATH=${CMAKE_PREFIX_PATH}:/home/alyazahrarr/ros2_ws/install/launch_testing_examples:/home/alyazahrarr/ros2_ws/install/examples_rclpy_pointcloud_publisher:/home/alyazahrarr/ros2_ws/install/examples_rclpy_minimal_subscriber:/home/alyazahrarr/ros2_ws/install/examples_rclpy_minimal_service:/home/alyazahrarr/ros2_ws/install/examples_rclpy_minimal_publisher:/home/alyazahrarr/ros2_ws/install/examples_rclpy_minimal_client:/home/alyazahrarr/ros2_ws/install/examples_rclpy_minimal_action_server:/home/alyazahrarr/ros2_ws/install/examples_rclpy_minimal_action_client:/home/alyazahrarr/ros2_ws/install/examples_rclpy_guard_conditions:/home/alyazahrarr/ros2_ws/install/examples_rclpy_executors:/opt/ros/jazzy DEBUGINFOD_URLS=https://debuginfod.ubuntu.com /usr/bin/cmake --install /home/alyazahrarr/tubes_dagoz/build/ros2_socketcan_msgs
[1.463s] Level 1:colcon.colcon_core.environment:checking '/home/alyazahrarr/tubes_dagoz/install/ros2_socketcan_msgs' for CMake config files
[1.463s] Level 1:colcon.colcon_core.shell:create_environment_hook('ros2_socketcan_msgs', 'cmake_prefix_path')
[1.463s] INFO:colcon.colcon_core.shell:Creating environment hook '/home/alyazahrarr/tubes_dagoz/install/ros2_socketcan_msgs/share/ros2_socketcan_msgs/hook/cmake_prefix_path.ps1'
[1.464s] INFO:colcon.colcon_core.shell:Creating environment descriptor '/home/alyazahrarr/tubes_dagoz/install/ros2_socketcan_msgs/share/ros2_socketcan_msgs/hook/cmake_prefix_path.dsv'
[1.464s] INFO:colcon.colcon_core.shell:Creating environment hook '/home/alyazahrarr/tubes_dagoz/install/ros2_socketcan_msgs/share/ros2_socketcan_msgs/hook/cmake_prefix_path.sh'
[1.465s] Level 1:colcon.colcon_core.environment:checking '/home/alyazahrarr/tubes_dagoz/install/ros2_socketcan_msgs/lib'
[1.465s] Level 1:colcon.colcon_core.shell:create_environment_hook('ros2_socketcan_msgs', 'ld_library_path_lib')
[1.466s] INFO:colcon.colcon_core.shell:Creating environment hook '/home/alyazahrarr/tubes_dagoz/install/ros2_socketcan_msgs/share/ros2_socketcan_msgs/hook/ld_library_path_lib.ps1'
[1.466s] INFO:colcon.colcon_core.shell:Creating environment descriptor '/home/alyazahrarr/tubes_dagoz/install/ros2_socketcan_msgs/share/ros2_socketcan_msgs/hook/ld_library_path_lib.dsv'
[1.467s] INFO:colcon.colcon_core.shell:Creating environment hook '/home/alyazahrarr/tubes_dagoz/install/ros2_socketcan_msgs/share/ros2_socketcan_msgs/hook/ld_library_path_lib.sh'
[1.467s] Level 1:colcon.colcon_core.environment:checking '/home/alyazahrarr/tubes_dagoz/install/ros2_socketcan_msgs/bin'
[1.467s] Level 1:colcon.colcon_core.environment:checking '/home/alyazahrarr/tubes_dagoz/install/ros2_socketcan_msgs/lib/pkgconfig/ros2_socketcan_msgs.pc'
[1.468s] Level 1:colcon.colcon_core.environment:checking '/home/alyazahrarr/tubes_dagoz/install/ros2_socketcan_msgs/lib/python3.12/site-packages'
[1.468s] Level 1:colcon.colcon_core.shell:create_environment_hook('ros2_socketcan_msgs', 'pythonpath')
[1.468s] INFO:colcon.colcon_core.shell:Creating environment hook '/home/alyazahrarr/tubes_dagoz/install/ros2_socketcan_msgs/share/ros2_socketcan_msgs/hook/pythonpath.ps1'
[1.468s] INFO:colcon.colcon_core.shell:Creating environment descriptor '/home/alyazahrarr/tubes_dagoz/install/ros2_socketcan_msgs/share/ros2_socketcan_msgs/hook/pythonpath.dsv'
[1.469s] INFO:colcon.colcon_core.shell:Creating environment hook '/home/alyazahrarr/tubes_dagoz/install/ros2_socketcan_msgs/share/ros2_socketcan_msgs/hook/pythonpath.sh'
[1.470s] Level 1:colcon.colcon_core.environment:checking '/home/alyazahrarr/tubes_dagoz/install/ros2_socketcan_msgs/bin'
[1.470s] INFO:colcon.colcon_core.shell:Creating package script '/home/alyazahrarr/tubes_dagoz/install/ros2_socketcan_msgs/share/ros2_socketcan_msgs/package.ps1'
[1.471s] INFO:colcon.colcon_core.shell:Creating package descriptor '/home/alyazahrarr/tubes_dagoz/install/ros2_socketcan_msgs/share/ros2_socketcan_msgs/package.dsv'
[1.472s] INFO:colcon.colcon_core.shell:Creating package script '/home/alyazahrarr/tubes_dagoz/install/ros2_socketcan_msgs/share/ros2_socketcan_msgs/package.sh'
[1.472s] INFO:colcon.colcon_core.shell:Creating package script '/home/alyazahrarr/tubes_dagoz/install/ros2_socketcan_msgs/share/ros2_socketcan_msgs/package.bash'
[1.473s] INFO:colcon.colcon_core.shell:Creating package script '/home/alyazahrarr/tubes_dagoz/install/ros2_socketcan_msgs/share/ros2_socketcan_msgs/package.zsh'
[1.474s] Level 1:colcon.colcon_core.environment:create_file_with_runtime_dependencies(/home/alyazahrarr/tubes_dagoz/install/ros2_socketcan_msgs/share/colcon-core/packages/ros2_socketcan_msgs)
[1.551s] Level 1:colcon.colcon_core.environment:create_environment_scripts_only(can_msgs)
[1.551s] Level 1:colcon.colcon_core.environment:checking '/home/alyazahrarr/tubes_dagoz/install/can_msgs' for CMake module files
[1.553s] Level 1:colcon.colcon_core.environment:checking '/home/alyazahrarr/tubes_dagoz/install/can_msgs' for CMake config files
[1.553s] Level 1:colcon.colcon_core.shell:create_environment_hook('can_msgs', 'cmake_prefix_path')
[1.554s] INFO:colcon.colcon_core.shell:Creating environment hook '/home/alyazahrarr/tubes_dagoz/install/can_msgs/share/can_msgs/hook/cmake_prefix_path.ps1'
[1.554s] INFO:colcon.colcon_core.shell:Creating environment descriptor '/home/alyazahrarr/tubes_dagoz/install/can_msgs/share/can_msgs/hook/cmake_prefix_path.dsv'
[1.555s] INFO:colcon.colcon_core.shell:Creating environment hook '/home/alyazahrarr/tubes_dagoz/install/can_msgs/share/can_msgs/hook/cmake_prefix_path.sh'
[1.555s] Level 1:colcon.colcon_core.environment:checking '/home/alyazahrarr/tubes_dagoz/install/can_msgs/lib'
[1.555s] Level 1:colcon.colcon_core.shell:create_environment_hook('can_msgs', 'ld_library_path_lib')
[1.556s] INFO:colcon.colcon_core.shell:Creating environment hook '/home/alyazahrarr/tubes_dagoz/install/can_msgs/share/can_msgs/hook/ld_library_path_lib.ps1'
[1.556s] INFO:colcon.colcon_core.shell:Creating environment descriptor '/home/alyazahrarr/tubes_dagoz/install/can_msgs/share/can_msgs/hook/ld_library_path_lib.dsv'
[1.557s] INFO:colcon.colcon_core.shell:Creating environment hook '/home/alyazahrarr/tubes_dagoz/install/can_msgs/share/can_msgs/hook/ld_library_path_lib.sh'
[1.558s] Level 1:colcon.colcon_core.environment:checking '/home/alyazahrarr/tubes_dagoz/install/can_msgs/bin'
[1.558s] Level 1:colcon.colcon_core.environment:checking '/home/alyazahrarr/tubes_dagoz/install/can_msgs/lib/pkgconfig/can_msgs.pc'
[1.558s] Level 1:colcon.colcon_core.environment:checking '/home/alyazahrarr/tubes_dagoz/install/can_msgs/lib/python3.12/site-packages'
[1.558s] Level 1:colcon.colcon_core.shell:create_environment_hook('can_msgs', 'pythonpath')
[1.558s] INFO:colcon.colcon_core.shell:Creating environment hook '/home/alyazahrarr/tubes_dagoz/install/can_msgs/share/can_msgs/hook/pythonpath.ps1'
[1.559s] INFO:colcon.colcon_core.shell:Creating environment descriptor '/home/alyazahrarr/tubes_dagoz/install/can_msgs/share/can_msgs/hook/pythonpath.dsv'
[1.559s] INFO:colcon.colcon_core.shell:Creating environment hook '/home/alyazahrarr/tubes_dagoz/install/can_msgs/share/can_msgs/hook/pythonpath.sh'
[1.560s] Level 1:colcon.colcon_core.environment:checking '/home/alyazahrarr/tubes_dagoz/install/can_msgs/bin'
[1.561s] INFO:colcon.colcon_core.shell:Creating package script '/home/alyazahrarr/tubes_dagoz/install/can_msgs/share/can_msgs/package.ps1'
[1.562s] INFO:colcon.colcon_core.shell:Creating package descriptor '/home/alyazahrarr/tubes_dagoz/install/can_msgs/share/can_msgs/package.dsv'
[1.562s] INFO:colcon.colcon_core.shell:Creating package script '/home/alyazahrarr/tubes_dagoz/install/can_msgs/share/can_msgs/package.sh'
[1.563s] INFO:colcon.colcon_core.shell:Creating package script '/home/alyazahrarr/tubes_dagoz/install/can_msgs/share/can_msgs/package.bash'
[1.563s] INFO:colcon.colcon_core.shell:Creating package script '/home/alyazahrarr/tubes_dagoz/install/can_msgs/share/can_msgs/package.zsh'
[1.564s] Level 1:colcon.colcon_core.environment:create_file_with_runtime_dependencies(/home/alyazahrarr/tubes_dagoz/install/can_msgs/share/colcon-core/packages/can_msgs)
[1.567s] Level 1:colcon.colcon_core.environment:create_environment_scripts_only(ros2_socketcan_msgs)
[1.567s] Level 1:colcon.colcon_core.environment:checking '/home/alyazahrarr/tubes_dagoz/install/ros2_socketcan_msgs' for CMake module files
[1.568s] Level 1:colcon.colcon_core.environment:checking '/home/alyazahrarr/tubes_dagoz/install/ros2_socketcan_msgs' for CMake config files
[1.570s] Level 1:colcon.colcon_core.shell:create_environment_hook('ros2_socketcan_msgs', 'cmake_prefix_path')
[1.570s] INFO:colcon.colcon_core.shell:Creating environment hook '/home/alyazahrarr/tubes_dagoz/install/ros2_socketcan_msgs/share/ros2_socketcan_msgs/hook/cmake_prefix_path.ps1'
[1.571s] INFO:colcon.colcon_core.shell:Creating environment descriptor '/home/alyazahrarr/tubes_dagoz/install/ros2_socketcan_msgs/share/ros2_socketcan_msgs/hook/cmake_prefix_path.dsv'
[1.572s] INFO:colcon.colcon_core.shell:Creating environment hook '/home/alyazahrarr/tubes_dagoz/install/ros2_socketcan_msgs/share/ros2_socketcan_msgs/hook/cmake_prefix_path.sh'
[1.574s] Level 1:colcon.colcon_core.environment:checking '/home/alyazahrarr/tubes_dagoz/install/ros2_socketcan_msgs/lib'
[1.574s] Level 1:colcon.colcon_core.shell:create_environment_hook('ros2_socketcan_msgs', 'ld_library_path_lib')
[1.575s] INFO:colcon.colcon_core.shell:Creating environment hook '/home/alyazahrarr/tubes_dagoz/install/ros2_socketcan_msgs/share/ros2_socketcan_msgs/hook/ld_library_path_lib.ps1'
[1.575s] INFO:colcon.colcon_core.shell:Creating environment descriptor '/home/alyazahrarr/tubes_dagoz/install/ros2_socketcan_msgs/share/ros2_socketcan_msgs/hook/ld_library_path_lib.dsv'
[1.575s] INFO:colcon.colcon_core.shell:Creating environment hook '/home/alyazahrarr/tubes_dagoz/install/ros2_socketcan_msgs/share/ros2_socketcan_msgs/hook/ld_library_path_lib.sh'
[1.576s] Level 1:colcon.colcon_core.environment:checking '/home/alyazahrarr/tubes_dagoz/install/ros2_socketcan_msgs/bin'
[1.576s] Level 1:colcon.colcon_core.environment:checking '/home/alyazahrarr/tubes_dagoz/install/ros2_socketcan_msgs/lib/pkgconfig/ros2_socketcan_msgs.pc'
[1.576s] Level 1:colcon.colcon_core.environment:checking '/home/alyazahrarr/tubes_dagoz/install/ros2_socketcan_msgs/lib/python3.12/site-packages'
[1.577s] Level 1:colcon.colcon_core.shell:create_environment_hook('ros2_socketcan_msgs', 'pythonpath')
[1.577s] INFO:colcon.colcon_core.shell:Creating environment hook '/home/alyazahrarr/tubes_dagoz/install/ros2_socketcan_msgs/share/ros2_socketcan_msgs/hook/pythonpath.ps1'
[1.577s] INFO:colcon.colcon_core.shell:Creating environment descriptor '/home/alyazahrarr/tubes_dagoz/install/ros2_socketcan_msgs/share/ros2_socketcan_msgs/hook/pythonpath.dsv'
[1.578s] INFO:colcon.colcon_core.shell:Creating environment hook '/home/alyazahrarr/tubes_dagoz/install/ros2_socketcan_msgs/share/ros2_socketcan_msgs/hook/pythonpath.sh'
[1.578s] Level 1:colcon.colcon_core.environment:checking '/home/alyazahrarr/tubes_dagoz/install/ros2_socketcan_msgs/bin'
[1.579s] INFO:colcon.colcon_core.shell:Creating package script '/home/alyazahrarr/tubes_dagoz/install/ros2_socketcan_msgs/share/ros2_socketcan_msgs/package.ps1'
[1.579s] INFO:colcon.colcon_core.shell:Creating package descriptor '/home/alyazahrarr/tubes_dagoz/install/ros2_socketcan_msgs/share/ros2_socketcan_msgs/package.dsv'
[1.580s] INFO:colcon.colcon_core.shell:Creating package script '/home/alyazahrarr/tubes_dagoz/install/ros2_socketcan_msgs/share/ros2_socketcan_msgs/package.sh'
[1.581s] INFO:colcon.colcon_core.shell:Creating package script '/home/alyazahrarr/tubes_dagoz/install/ros2_socketcan_msgs/share/ros2_socketcan_msgs/package.bash'
[1.581s] INFO:colcon.colcon_core.shell:Creating package script '/home/alyazahrarr/tubes_dagoz/install/ros2_socketcan_msgs/share/ros2_socketcan_msgs/package.zsh'
[1.582s] Level 1:colcon.colcon_core.environment:create_file_with_runtime_dependencies(/home/alyazahrarr/tubes_dagoz/install/ros2_socketcan_msgs/share/colcon-core/packages/ros2_socketcan_msgs)
[1.582s] INFO:colcon.colcon_ros.task.ament_cmake.build:Building ROS package in '/home/alyazahrarr/tubes_dagoz/src/ros2_socketcan/ros2_socketcan' with build type 'ament_cmake'
[1.582s] INFO:colcon.colcon_cmake.task.cmake.build:Building CMake package in '/home/alyazahrarr/tubes_dagoz/src/ros2_socketcan/ros2_socketcan'
[1.582s] INFO:colcon.colcon_core.shell:Skip shell extension 'powershell' for command environment: Not usable outside of PowerShell
[1.582s] DEBUG:colcon.colcon_core.shell:Skip shell extension 'dsv' for command environment
[1.608s] DEBUG:colcon.colcon_core.event_handler.log_command:Invoking command in '/home/alyazahrarr/tubes_dagoz/build/ros2_socketcan': CMAKE_PREFIX_PATH=/home/alyazahrarr/tubes_dagoz/install/ros2_socketcan_msgs:/home/alyazahrarr/tubes_dagoz/install/can_msgs:/home/alyazahrarr/tubes_dagoz/install/ros2_socketcan:/home/alyazahrarr/tubes_dagoz/install/control:/home/alyazahrarr/ros2_ws/install/my_package:/home/alyazahrarr/ros2_ws/install/examples_rclcpp_wait_set:/home/alyazahrarr/ros2_ws/install/examples_rclcpp_multithreaded_executor:/home/alyazahrarr/ros2_ws/install/examples_rclcpp_minimal_timer:/home/alyazahrarr/ros2_ws/install/examples_rclcpp_minimal_subscriber:/home/alyazahrarr/ros2_ws/install/examples_rclcpp_minimal_service:/home/alyazahrarr/ros2_ws/install/examples_rclcpp_minimal_publisher:/home/alyazahrarr/ros2_ws/install/examples_rclcpp_minimal_composition:/home/alyazahrarr/ros2_ws/install/examples_rclcpp_minimal_client:/home/alyazahrarr/ros2_ws/install/examples_rclcpp_minimal_action_server:/home/alyazahrarr/ros2_ws/install/examples_rclcpp_minimal_action_client:/home/alyazahrarr/ros2_ws/install/examples_rclcpp_cbg_executor:/home/alyazahrarr/ros2_ws/install/examples_rclcpp_async_client:/opt/ros/jazzy/opt/gz_math_vendor:/opt/ros/jazzy/opt/gz_utils_vendor:/opt/ros/jazzy/opt/gz_cmake_vendor:/home/alyazahrarr/ros2_ws/install/launch_testing_examples:/home/alyazahrarr/ros2_ws/install/examples_rclpy_pointcloud_publisher:/home/alyazahrarr/ros2_ws/install/examples_rclpy_minimal_subscriber:/home/alyazahrarr/ros2_ws/install/examples_rclpy_minimal_service:/home/alyazahrarr/ros2_ws/install/examples_rclpy_minimal_publisher:/home/alyazahrarr/ros2_ws/install/examples_rclpy_minimal_client:/home/alyazahrarr/ros2_ws/install/examples_rclpy_minimal_action_server:/home/alyazahrarr/ros2_ws/install/examples_rclpy_minimal_action_client:/home/alyazahrarr/ros2_ws/install/examples_rclpy_guard_conditions:/home/alyazahrarr/ros2_ws/install/examples_rclpy_executors:/opt/ros/jazzy DEBUGINFOD_URLS=https://debuginfod.ubuntu.com LD_LIBRARY_PATH=/home/alyazahrarr/tubes_dagoz/install/ros2_socketcan_msgs/lib:/home/alyazahrarr/tubes_dagoz/install/can_msgs/lib:/home/alyazahrarr/tubes_dagoz/install/ros2_socketcan/lib:/home/alyazahrarr/ros2_ws/install/examples_rclcpp_wait_set/lib:/home/alyazahrarr/ros2_ws/install/examples_rclcpp_minimal_subscriber/lib:/home/alyazahrarr/ros2_ws/install/examples_rclcpp_minimal_composition/lib:/opt/ros/jazzy/opt/rviz_ogre_vendor/lib:/opt/ros/jazzy/lib/x86_64-linux-gnu:/opt/ros/jazzy/opt/gz_math_vendor/lib:/opt/ros/jazzy/opt/gz_utils_vendor/lib:/opt/ros/jazzy/opt/gz_cmake_vendor/lib:/opt/ros/jazzy/lib /usr/bin/cmake --build /home/alyazahrarr/tubes_dagoz/build/ros2_socketcan -- -j8 -l8
[1.811s] DEBUG:colcon.colcon_core.event_handler.log_command:Invoked command in '/home/alyazahrarr/tubes_dagoz/build/ros2_socketcan' returned '0': CMAKE_PREFIX_PATH=/home/alyazahrarr/tubes_dagoz/install/ros2_socketcan_msgs:/home/alyazahrarr/tubes_dagoz/install/can_msgs:/home/alyazahrarr/tubes_dagoz/install/ros2_socketcan:/home/alyazahrarr/tubes_dagoz/install/control:/home/alyazahrarr/ros2_ws/install/my_package:/home/alyazahrarr/ros2_ws/install/examples_rclcpp_wait_set:/home/alyazahrarr/ros2_ws/install/examples_rclcpp_multithreaded_executor:/home/alyazahrarr/ros2_ws/install/examples_rclcpp_minimal_timer:/home/alyazahrarr/ros2_ws/install/examples_rclcpp_minimal_subscriber:/home/alyazahrarr/ros2_ws/install/examples_rclcpp_minimal_service:/home/alyazahrarr/ros2_ws/install/examples_rclcpp_minimal_publisher:/home/alyazahrarr/ros2_ws/install/examples_rclcpp_minimal_composition:/home/alyazahrarr/ros2_ws/install/examples_rclcpp_minimal_client:/home/alyazahrarr/ros2_ws/install/examples_rclcpp_minimal_action_server:/home/alyazahrarr/ros2_ws/install/examples_rclcpp_minimal_action_client:/home/alyazahrarr/ros2_ws/install/examples_rclcpp_cbg_executor:/home/alyazahrarr/ros2_ws/install/examples_rclcpp_async_client:/opt/ros/jazzy/opt/gz_math_vendor:/opt/ros/jazzy/opt/gz_utils_vendor:/opt/ros/jazzy/opt/gz_cmake_vendor:/home/alyazahrarr/ros2_ws/install/launch_testing_examples:/home/alyazahrarr/ros2_ws/install/examples_rclpy_pointcloud_publisher:/home/alyazahrarr/ros2_ws/install/examples_rclpy_minimal_subscriber:/home/alyazahrarr/ros2_ws/install/examples_rclpy_minimal_service:/home/alyazahrarr/ros2_ws/install/examples_rclpy_minimal_publisher:/home/alyazahrarr/ros2_ws/install/examples_rclpy_minimal_client:/home/alyazahrarr/ros2_ws/install/examples_rclpy_minimal_action_server:/home/alyazahrarr/ros2_ws/install/examples_rclpy_minimal_action_client:/home/alyazahrarr/ros2_ws/install/examples_rclpy_guard_conditions:/home/alyazahrarr/ros2_ws/install/examples_rclpy_executors:/opt/ros/jazzy DEBUGINFOD_URLS=https://debuginfod.ubuntu.com LD_LIBRARY_PATH=/home/alyazahrarr/tubes_dagoz/install/ros2_socketcan_msgs/lib:/home/alyazahrarr/tubes_dagoz/install/can_msgs/lib:/home/alyazahrarr/tubes_dagoz/install/ros2_socketcan/lib:/home/alyazahrarr/ros2_ws/install/examples_rclcpp_wait_set/lib:/home/alyazahrarr/ros2_ws/install/examples_rclcpp_minimal_subscriber/lib:/home/alyazahrarr/ros2_ws/install/examples_rclcpp_minimal_composition/lib:/opt/ros/jazzy/opt/rviz_ogre_vendor/lib:/opt/ros/jazzy/lib/x86_64-linux-gnu:/opt/ros/jazzy/opt/gz_math_vendor/lib:/opt/ros/jazzy/opt/gz_utils_vendor/lib:/opt/ros/jazzy/opt/gz_cmake_vendor/lib:/opt/ros/jazzy/lib /usr/bin/cmake --build /home/alyazahrarr/tubes_dagoz/build/ros2_socketcan -- -j8 -l8
[1.881s] DEBUG:colcon.colcon_core.event_handler.log_command:Invoking command in '/home/alyazahrarr/tubes_dagoz/build/ros2_socketcan': CMAKE_PREFIX_PATH=/home/alyazahrarr/tubes_dagoz/install/ros2_socketcan_msgs:/home/alyazahrarr/tubes_dagoz/install/can_msgs:/home/alyazahrarr/tubes_dagoz/install/ros2_socketcan:/home/alyazahrarr/tubes_dagoz/install/control:/home/alyazahrarr/ros2_ws/install/my_package:/home/alyazahrarr/ros2_ws/install/examples_rclcpp_wait_set:/home/alyazahrarr/ros2_ws/install/examples_rclcpp_multithreaded_executor:/home/alyazahrarr/ros2_ws/install/examples_rclcpp_minimal_timer:/home/alyazahrarr/ros2_ws/install/examples_rclcpp_minimal_subscriber:/home/alyazahrarr/ros2_ws/install/examples_rclcpp_minimal_service:/home/alyazahrarr/ros2_ws/install/examples_rclcpp_minimal_publisher:/home/alyazahrarr/ros2_ws/install/examples_rclcpp_minimal_composition:/home/alyazahrarr/ros2_ws/install/examples_rclcpp_minimal_client:/home/alyazahrarr/ros2_ws/install/examples_rclcpp_minimal_action_server:/home/alyazahrarr/ros2_ws/install/examples_rclcpp_minimal_action_client:/home/alyazahrarr/ros2_ws/install/examples_rclcpp_cbg_executor:/home/alyazahrarr/ros2_ws/install/examples_rclcpp_async_client:/opt/ros/jazzy/opt/gz_math_vendor:/opt/ros/jazzy/opt/gz_utils_vendor:/opt/ros/jazzy/opt/gz_cmake_vendor:/home/alyazahrarr/ros2_ws/install/launch_testing_examples:/home/alyazahrarr/ros2_ws/install/examples_rclpy_pointcloud_publisher:/home/alyazahrarr/ros2_ws/install/examples_rclpy_minimal_subscriber:/home/alyazahrarr/ros2_ws/install/examples_rclpy_minimal_service:/home/alyazahrarr/ros2_ws/install/examples_rclpy_minimal_publisher:/home/alyazahrarr/ros2_ws/install/examples_rclpy_minimal_client:/home/alyazahrarr/ros2_ws/install/examples_rclpy_minimal_action_server:/home/alyazahrarr/ros2_ws/install/examples_rclpy_minimal_action_client:/home/alyazahrarr/ros2_ws/install/examples_rclpy_guard_conditions:/home/alyazahrarr/ros2_ws/install/examples_rclpy_executors:/opt/ros/jazzy DEBUGINFOD_URLS=https://debuginfod.ubuntu.com LD_LIBRARY_PATH=/home/alyazahrarr/tubes_dagoz/install/ros2_socketcan_msgs/lib:/home/alyazahrarr/tubes_dagoz/install/can_msgs/lib:/home/alyazahrarr/tubes_dagoz/install/ros2_socketcan/lib:/home/alyazahrarr/ros2_ws/install/examples_rclcpp_wait_set/lib:/home/alyazahrarr/ros2_ws/install/examples_rclcpp_minimal_subscriber/lib:/home/alyazahrarr/ros2_ws/install/examples_rclcpp_minimal_composition/lib:/opt/ros/jazzy/opt/rviz_ogre_vendor/lib:/opt/ros/jazzy/lib/x86_64-linux-gnu:/opt/ros/jazzy/opt/gz_math_vendor/lib:/opt/ros/jazzy/opt/gz_utils_vendor/lib:/opt/ros/jazzy/opt/gz_cmake_vendor/lib:/opt/ros/jazzy/lib /usr/bin/cmake --install /home/alyazahrarr/tubes_dagoz/build/ros2_socketcan
[1.901s] Level 1:colcon.colcon_core.environment:create_environment_scripts_only(ros2_socketcan)
[1.902s] Level 1:colcon.colcon_core.environment:checking '/home/alyazahrarr/tubes_dagoz/install/ros2_socketcan' for CMake module files
[1.904s] DEBUG:colcon.colcon_core.event_handler.log_command:Invoked command in '/home/alyazahrarr/tubes_dagoz/build/ros2_socketcan' returned '0': CMAKE_PREFIX_PATH=/home/alyazahrarr/tubes_dagoz/install/ros2_socketcan_msgs:/home/alyazahrarr/tubes_dagoz/install/can_msgs:/home/alyazahrarr/tubes_dagoz/install/ros2_socketcan:/home/alyazahrarr/tubes_dagoz/install/control:/home/alyazahrarr/ros2_ws/install/my_package:/home/alyazahrarr/ros2_ws/install/examples_rclcpp_wait_set:/home/alyazahrarr/ros2_ws/install/examples_rclcpp_multithreaded_executor:/home/alyazahrarr/ros2_ws/install/examples_rclcpp_minimal_timer:/home/alyazahrarr/ros2_ws/install/examples_rclcpp_minimal_subscriber:/home/alyazahrarr/ros2_ws/install/examples_rclcpp_minimal_service:/home/alyazahrarr/ros2_ws/install/examples_rclcpp_minimal_publisher:/home/alyazahrarr/ros2_ws/install/examples_rclcpp_minimal_composition:/home/alyazahrarr/ros2_ws/install/examples_rclcpp_minimal_client:/home/alyazahrarr/ros2_ws/install/examples_rclcpp_minimal_action_server:/home/alyazahrarr/ros2_ws/install/examples_rclcpp_minimal_action_client:/home/alyazahrarr/ros2_ws/install/examples_rclcpp_cbg_executor:/home/alyazahrarr/ros2_ws/install/examples_rclcpp_async_client:/opt/ros/jazzy/opt/gz_math_vendor:/opt/ros/jazzy/opt/gz_utils_vendor:/opt/ros/jazzy/opt/gz_cmake_vendor:/home/alyazahrarr/ros2_ws/install/launch_testing_examples:/home/alyazahrarr/ros2_ws/install/examples_rclpy_pointcloud_publisher:/home/alyazahrarr/ros2_ws/install/examples_rclpy_minimal_subscriber:/home/alyazahrarr/ros2_ws/install/examples_rclpy_minimal_service:/home/alyazahrarr/ros2_ws/install/examples_rclpy_minimal_publisher:/home/alyazahrarr/ros2_ws/install/examples_rclpy_minimal_client:/home/alyazahrarr/ros2_ws/install/examples_rclpy_minimal_action_server:/home/alyazahrarr/ros2_ws/install/examples_rclpy_minimal_action_client:/home/alyazahrarr/ros2_ws/install/examples_rclpy_guard_conditions:/home/alyazahrarr/ros2_ws/install/examples_rclpy_executors:/opt/ros/jazzy DEBUGINFOD_URLS=https://debuginfod.ubuntu.com LD_LIBRARY_PATH=/home/alyazahrarr/tubes_dagoz/install/ros2_socketcan_msgs/lib:/home/alyazahrarr/tubes_dagoz/install/can_msgs/lib:/home/alyazahrarr/tubes_dagoz/install/ros2_socketcan/lib:/home/alyazahrarr/ros2_ws/install/examples_rclcpp_wait_set/lib:/home/alyazahrarr/ros2_ws/install/examples_rclcpp_minimal_subscriber/lib:/home/alyazahrarr/ros2_ws/install/examples_rclcpp_minimal_composition/lib:/opt/ros/jazzy/opt/rviz_ogre_vendor/lib:/opt/ros/jazzy/lib/x86_64-linux-gnu:/opt/ros/jazzy/opt/gz_math_vendor/lib:/opt/ros/jazzy/opt/gz_utils_vendor/lib:/opt/ros/jazzy/opt/gz_cmake_vendor/lib:/opt/ros/jazzy/lib /usr/bin/cmake --install /home/alyazahrarr/tubes_dagoz/build/ros2_socketcan
[1.904s] Level 1:colcon.colcon_core.environment:checking '/home/alyazahrarr/tubes_dagoz/install/ros2_socketcan' for CMake config files
[1.905s] Level 1:colcon.colcon_core.shell:create_environment_hook('ros2_socketcan', 'cmake_prefix_path')
[1.905s] INFO:colcon.colcon_core.shell:Creating environment hook '/home/alyazahrarr/tubes_dagoz/install/ros2_socketcan/share/ros2_socketcan/hook/cmake_prefix_path.ps1'
[1.906s] INFO:colcon.colcon_core.shell:Creating environment descriptor '/home/alyazahrarr/tubes_dagoz/install/ros2_socketcan/share/ros2_socketcan/hook/cmake_prefix_path.dsv'
[1.906s] INFO:colcon.colcon_core.shell:Creating environment hook '/home/alyazahrarr/tubes_dagoz/install/ros2_socketcan/share/ros2_socketcan/hook/cmake_prefix_path.sh'
[1.907s] Level 1:colcon.colcon_core.environment:checking '/home/alyazahrarr/tubes_dagoz/install/ros2_socketcan/lib'
[1.907s] Level 1:colcon.colcon_core.shell:create_environment_hook('ros2_socketcan', 'ld_library_path_lib')
[1.907s] INFO:colcon.colcon_core.shell:Creating environment hook '/home/alyazahrarr/tubes_dagoz/install/ros2_socketcan/share/ros2_socketcan/hook/ld_library_path_lib.ps1'
[1.908s] INFO:colcon.colcon_core.shell:Creating environment descriptor '/home/alyazahrarr/tubes_dagoz/install/ros2_socketcan/share/ros2_socketcan/hook/ld_library_path_lib.dsv'
[1.908s] INFO:colcon.colcon_core.shell:Creating environment hook '/home/alyazahrarr/tubes_dagoz/install/ros2_socketcan/share/ros2_socketcan/hook/ld_library_path_lib.sh'
[1.909s] Level 1:colcon.colcon_core.environment:checking '/home/alyazahrarr/tubes_dagoz/install/ros2_socketcan/bin'
[1.909s] Level 1:colcon.colcon_core.environment:checking '/home/alyazahrarr/tubes_dagoz/install/ros2_socketcan/lib/pkgconfig/ros2_socketcan.pc'
[1.909s] Level 1:colcon.colcon_core.environment:checking '/home/alyazahrarr/tubes_dagoz/install/ros2_socketcan/lib/python3.12/site-packages'
[1.909s] Level 1:colcon.colcon_core.environment:checking '/home/alyazahrarr/tubes_dagoz/install/ros2_socketcan/bin'
[1.910s] INFO:colcon.colcon_core.shell:Creating package script '/home/alyazahrarr/tubes_dagoz/install/ros2_socketcan/share/ros2_socketcan/package.ps1'
[1.910s] INFO:colcon.colcon_core.shell:Creating package descriptor '/home/alyazahrarr/tubes_dagoz/install/ros2_socketcan/share/ros2_socketcan/package.dsv'
[1.911s] INFO:colcon.colcon_core.shell:Creating package script '/home/alyazahrarr/tubes_dagoz/install/ros2_socketcan/share/ros2_socketcan/package.sh'
[1.911s] INFO:colcon.colcon_core.shell:Creating package script '/home/alyazahrarr/tubes_dagoz/install/ros2_socketcan/share/ros2_socketcan/package.bash'
[1.912s] INFO:colcon.colcon_core.shell:Creating package script '/home/alyazahrarr/tubes_dagoz/install/ros2_socketcan/share/ros2_socketcan/package.zsh'
[1.912s] Level 1:colcon.colcon_core.environment:create_file_with_runtime_dependencies(/home/alyazahrarr/tubes_dagoz/install/ros2_socketcan/share/colcon-core/packages/ros2_socketcan)
[1.982s] Level 1:colcon.colcon_core.environment:create_environment_scripts_only(ros2_socketcan)
[1.982s] Level 1:colcon.colcon_core.environment:checking '/home/alyazahrarr/tubes_dagoz/install/ros2_socketcan' for CMake module files
[1.983s] Level 1:colcon.colcon_core.environment:checking '/home/alyazahrarr/tubes_dagoz/install/ros2_socketcan' for CMake config files
[1.983s] Level 1:colcon.colcon_core.shell:create_environment_hook('ros2_socketcan', 'cmake_prefix_path')
[1.984s] INFO:colcon.colcon_core.shell:Creating environment hook '/home/alyazahrarr/tubes_dagoz/install/ros2_socketcan/share/ros2_socketcan/hook/cmake_prefix_path.ps1'
[1.984s] INFO:colcon.colcon_core.shell:Creating environment descriptor '/home/alyazahrarr/tubes_dagoz/install/ros2_socketcan/share/ros2_socketcan/hook/cmake_prefix_path.dsv'
[1.985s] INFO:colcon.colcon_core.shell:Creating environment hook '/home/alyazahrarr/tubes_dagoz/install/ros2_socketcan/share/ros2_socketcan/hook/cmake_prefix_path.sh'
[1.986s] Level 1:colcon.colcon_core.environment:checking '/home/alyazahrarr/tubes_dagoz/install/ros2_socketcan/lib'
[1.986s] Level 1:colcon.colcon_core.shell:create_environment_hook('ros2_socketcan', 'ld_library_path_lib')
[1.986s] INFO:colcon.colcon_core.shell:Creating environment hook '/home/alyazahrarr/tubes_dagoz/install/ros2_socketcan/share/ros2_socketcan/hook/ld_library_path_lib.ps1'
[1.987s] INFO:colcon.colcon_core.shell:Creating environment descriptor '/home/alyazahrarr/tubes_dagoz/install/ros2_socketcan/share/ros2_socketcan/hook/ld_library_path_lib.dsv'
[1.987s] INFO:colcon.colcon_core.shell:Creating environment hook '/home/alyazahrarr/tubes_dagoz/install/ros2_socketcan/share/ros2_socketcan/hook/ld_library_path_lib.sh'
[1.988s] Level 1:colcon.colcon_core.environment:checking '/home/alyazahrarr/tubes_dagoz/install/ros2_socketcan/bin'
[1.988s] Level 1:colcon.colcon_core.environment:checking '/home/alyazahrarr/tubes_dagoz/install/ros2_socketcan/lib/pkgconfig/ros2_socketcan.pc'
[1.989s] Level 1:colcon.colcon_core.environment:checking '/home/alyazahrarr/tubes_dagoz/install/ros2_socketcan/lib/python3.12/site-packages'
[1.989s] Level 1:colcon.colcon_core.environment:checking '/home/alyazahrarr/tubes_dagoz/install/ros2_socketcan/bin'
[1.989s] INFO:colcon.colcon_core.shell:Creating package script '/home/alyazahrarr/tubes_dagoz/install/ros2_socketcan/share/ros2_socketcan/package.ps1'
[1.990s] INFO:colcon.colcon_core.shell:Creating package descriptor '/home/alyazahrarr/tubes_dagoz/install/ros2_socketcan/share/ros2_socketcan/package.dsv'
[1.991s] INFO:colcon.colcon_core.shell:Creating package script '/home/alyazahrarr/tubes_dagoz/install/ros2_socketcan/share/ros2_socketcan/package.sh'
[1.992s] INFO:colcon.colcon_core.shell:Creating package script '/home/alyazahrarr/tubes_dagoz/install/ros2_socketcan/share/ros2_socketcan/package.bash'
[1.992s] INFO:colcon.colcon_core.shell:Creating package script '/home/alyazahrarr/tubes_dagoz/install/ros2_socketcan/share/ros2_socketcan/package.zsh'
[1.993s] Level 1:colcon.colcon_core.environment:create_file_with_runtime_dependencies(/home/alyazahrarr/tubes_dagoz/install/ros2_socketcan/share/colcon-core/packages/ros2_socketcan)
[6.536s] DEBUG:colcon.colcon_core.event_handler.log_command:Invoked command in '/home/alyazahrarr/tubes_dagoz/build/control' returned '2': CMAKE_PREFIX_PATH=${CMAKE_PREFIX_PATH}:/home/alyazahrarr/ros2_ws/install/launch_testing_examples:/home/alyazahrarr/ros2_ws/install/examples_rclpy_pointcloud_publisher:/home/alyazahrarr/ros2_ws/install/examples_rclpy_minimal_subscriber:/home/alyazahrarr/ros2_ws/install/examples_rclpy_minimal_service:/home/alyazahrarr/ros2_ws/install/examples_rclpy_minimal_publisher:/home/alyazahrarr/ros2_ws/install/examples_rclpy_minimal_client:/home/alyazahrarr/ros2_ws/install/examples_rclpy_minimal_action_server:/home/alyazahrarr/ros2_ws/install/examples_rclpy_minimal_action_client:/home/alyazahrarr/ros2_ws/install/examples_rclpy_guard_conditions:/home/alyazahrarr/ros2_ws/install/examples_rclpy_executors:/opt/ros/jazzy DEBUGINFOD_URLS=https://debuginfod.ubuntu.com /usr/bin/cmake --build /home/alyazahrarr/tubes_dagoz/build/control -- -j8 -l8
[6.564s] Level 1:colcon.colcon_core.environment:create_environment_scripts_only(control)
[6.565s] Level 1:colcon.colcon_core.environment:checking '/home/alyazahrarr/tubes_dagoz/install/control' for CMake module files
[6.565s] Level 1:colcon.colcon_core.environment:checking '/home/alyazahrarr/tubes_dagoz/install/control' for CMake config files
[6.565s] Level 1:colcon.colcon_core.shell:create_environment_hook('control', 'cmake_prefix_path')
[6.565s] INFO:colcon.colcon_core.shell:Creating environment hook '/home/alyazahrarr/tubes_dagoz/install/control/share/control/hook/cmake_prefix_path.ps1'
[6.566s] INFO:colcon.colcon_core.shell:Creating environment descriptor '/home/alyazahrarr/tubes_dagoz/install/control/share/control/hook/cmake_prefix_path.dsv'
[6.566s] INFO:colcon.colcon_core.shell:Creating environment hook '/home/alyazahrarr/tubes_dagoz/install/control/share/control/hook/cmake_prefix_path.sh'
[6.567s] Level 1:colcon.colcon_core.environment:checking '/home/alyazahrarr/tubes_dagoz/install/control/lib'
[6.567s] Level 1:colcon.colcon_core.environment:checking '/home/alyazahrarr/tubes_dagoz/install/control/bin'
[6.567s] Level 1:colcon.colcon_core.environment:checking '/home/alyazahrarr/tubes_dagoz/install/control/lib/pkgconfig/control.pc'
[6.567s] Level 1:colcon.colcon_core.environment:checking '/home/alyazahrarr/tubes_dagoz/install/control/lib/python3.12/site-packages'
[6.568s] Level 1:colcon.colcon_core.environment:checking '/home/alyazahrarr/tubes_dagoz/install/control/bin'
[6.568s] INFO:colcon.colcon_core.shell:Creating package script '/home/alyazahrarr/tubes_dagoz/install/control/share/control/package.ps1'
[6.568s] INFO:colcon.colcon_core.shell:Creating package descriptor '/home/alyazahrarr/tubes_dagoz/install/control/share/control/package.dsv'
[6.569s] INFO:colcon.colcon_core.shell:Creating package script '/home/alyazahrarr/tubes_dagoz/install/control/share/control/package.sh'
[6.569s] INFO:colcon.colcon_core.shell:Creating package script '/home/alyazahrarr/tubes_dagoz/install/control/share/control/package.bash'
[6.570s] INFO:colcon.colcon_core.shell:Creating package script '/home/alyazahrarr/tubes_dagoz/install/control/share/control/package.zsh'
[6.570s] Level 1:colcon.colcon_core.environment:create_file_with_runtime_dependencies(/home/alyazahrarr/tubes_dagoz/install/control/share/colcon-core/packages/control)
[6.581s] DEBUG:colcon.colcon_parallel_executor.executor.parallel:closing loop
[6.581s] DEBUG:colcon.colcon_parallel_executor.executor.parallel:loop closed
[6.581s] DEBUG:colcon.colcon_parallel_executor.executor.parallel:run_until_complete finished with '2'
[6.581s] DEBUG:colcon.colcon_core.event_reactor:joining thread
[6.588s] INFO:colcon.colcon_core.plugin_system:Skipping extension 'colcon_notification.desktop_notification.terminal_notifier': Not used on non-Darwin systems
[6.589s] INFO:colcon.colcon_core.plugin_system:Skipping extension 'colcon_notification.desktop_notification.win32': Not used on non-Windows systems
[6.589s] INFO:colcon.colcon_notification.desktop_notification:Sending desktop notification using 'notify2'
[6.604s] DEBUG:colcon.colcon_core.event_reactor:joined thread
[6.605s] INFO:colcon.colcon_core.shell:Creating prefix script '/home/alyazahrarr/tubes_dagoz/install/local_setup.ps1'
[6.605s] INFO:colcon.colcon_core.shell:Creating prefix util module '/home/alyazahrarr/tubes_dagoz/install/_local_setup_util_ps1.py'
[6.606s] INFO:colcon.colcon_core.shell:Creating prefix chain script '/home/alyazahrarr/tubes_dagoz/install/setup.ps1'
[6.609s] INFO:colcon.colcon_core.shell:Creating prefix script '/home/alyazahrarr/tubes_dagoz/install/local_setup.sh'
[6.609s] INFO:colcon.colcon_core.shell:Creating prefix util module '/home/alyazahrarr/tubes_dagoz/install/_local_setup_util_sh.py'
[6.610s] INFO:colcon.colcon_core.shell:Creating prefix chain script '/home/alyazahrarr/tubes_dagoz/install/setup.sh'
[6.612s] INFO:colcon.colcon_core.shell:Creating prefix script '/home/alyazahrarr/tubes_dagoz/install/local_setup.bash'
[6.612s] INFO:colcon.colcon_core.shell:Creating prefix chain script '/home/alyazahrarr/tubes_dagoz/install/setup.bash'
[6.614s] INFO:colcon.colcon_core.shell:Creating prefix script '/home/alyazahrarr/tubes_dagoz/install/local_setup.zsh'
[6.615s] INFO:colcon.colcon_core.shell:Creating prefix chain script '/home/alyazahrarr/tubes_dagoz/install/setup.zsh'
