[0.042s] Invoking command in '/home/adha/belajar/ws1/build/can_msgs': CMAKE_PREFIX_PATH=${CMAKE_PREFIX_PATH}:/opt/ros/jazzy DEBUGINFOD_URLS=https://debuginfod.ubuntu.com /usr/bin/cmake --build /home/adha/belajar/ws1/build/can_msgs -- -j12 -l12
[0.174s] [  2%] Built target can_msgs__rosidl_generator_type_description
[0.203s] [  2%] Built target ament_cmake_python_copy_can_msgs
[0.236s] [  5%] Built target can_msgs__cpp
[0.241s] [ 20%] Built target can_msgs__rosidl_generator_c
[0.363s] [ 29%] Built target can_msgs__rosidl_typesupport_c
[0.365s] [ 38%] Built target can_msgs__rosidl_typesupport_introspection_c
[0.383s] [ 47%] Built target can_msgs__rosidl_typesupport_cpp
[0.388s] [ 55%] Built target can_msgs__rosidl_typesupport_fastrtps_c
[0.394s] [ 64%] Built target can_msgs__rosidl_typesupport_fastrtps_cpp
[0.396s] [ 73%] Built target can_msgs__rosidl_typesupport_introspection_cpp
[0.438s] [ 73%] Built target can_msgs
[0.488s] [ 76%] Built target can_msgs__py
[0.554s] [ 82%] Built target can_msgs__rosidl_generator_py
[0.612s] running egg_info
[0.620s] [ 94%] Built target can_msgs_s__rosidl_typesupport_c
[0.621s] [ 94%] Built target can_msgs_s__rosidl_typesupport_fastrtps_c
[0.623s] [100%] Built target can_msgs_s__rosidl_typesupport_introspection_c
[0.637s] writing can_msgs.egg-info/PKG-INFO
[0.638s] writing dependency_links to can_msgs.egg-info/dependency_links.txt
[0.638s] writing top-level names to can_msgs.egg-info/top_level.txt
[0.730s] reading manifest file 'can_msgs.egg-info/SOURCES.txt'
[0.731s] writing manifest file 'can_msgs.egg-info/SOURCES.txt'
[0.788s] [100%] Built target ament_cmake_python_build_can_msgs_egg
[0.819s] Invoked command in '/home/adha/belajar/ws1/build/can_msgs' returned '0': CMAKE_PREFIX_PATH=${CMAKE_PREFIX_PATH}:/opt/ros/jazzy DEBUGINFOD_URLS=https://debuginfod.ubuntu.com /usr/bin/cmake --build /home/adha/belajar/ws1/build/can_msgs -- -j12 -l12
[0.976s] Invoking command in '/home/adha/belajar/ws1/build/can_msgs': CMAKE_PREFIX_PATH=${CMAKE_PREFIX_PATH}:/opt/ros/jazzy DEBUGINFOD_URLS=https://debuginfod.ubuntu.com /usr/bin/cmake --install /home/adha/belajar/ws1/build/can_msgs
[0.994s] -- Install configuration: ""
[0.994s] -- Up-to-date: /home/adha/belajar/ws1/install/can_msgs/share/ament_index/resource_index/rosidl_interfaces/can_msgs
[0.994s] -- Up-to-date: /home/adha/belajar/ws1/install/can_msgs/share/can_msgs/msg/Frame.json
[0.994s] -- Up-to-date: /home/adha/belajar/ws1/install/can_msgs/include/can_msgs/can_msgs
[0.994s] -- Up-to-date: /home/adha/belajar/ws1/install/can_msgs/include/can_msgs/can_msgs/msg
[0.994s] -- Up-to-date: /home/adha/belajar/ws1/install/can_msgs/include/can_msgs/can_msgs/msg/rosidl_generator_c__visibility_control.h
[0.995s] -- Up-to-date: /home/adha/belajar/ws1/install/can_msgs/include/can_msgs/can_msgs/msg/frame.h
[0.995s] -- Up-to-date: /home/adha/belajar/ws1/install/can_msgs/include/can_msgs/can_msgs/msg/detail
[0.995s] -- Up-to-date: /home/adha/belajar/ws1/install/can_msgs/include/can_msgs/can_msgs/msg/detail/frame__description.c
[0.995s] -- Up-to-date: /home/adha/belajar/ws1/install/can_msgs/include/can_msgs/can_msgs/msg/detail/frame__struct.h
[0.995s] -- Up-to-date: /home/adha/belajar/ws1/install/can_msgs/include/can_msgs/can_msgs/msg/detail/frame__functions.h
[0.995s] -- Up-to-date: /home/adha/belajar/ws1/install/can_msgs/include/can_msgs/can_msgs/msg/detail/frame__type_support.h
[0.995s] -- Up-to-date: /home/adha/belajar/ws1/install/can_msgs/include/can_msgs/can_msgs/msg/detail/frame__type_support.c
[0.995s] -- Up-to-date: /home/adha/belajar/ws1/install/can_msgs/include/can_msgs/can_msgs/msg/detail/frame__functions.c
[0.995s] -- Up-to-date: /home/adha/belajar/ws1/install/can_msgs/share/can_msgs/environment/library_path.sh
[0.995s] -- Up-to-date: /home/adha/belajar/ws1/install/can_msgs/share/can_msgs/environment/library_path.dsv
[0.995s] -- Up-to-date: /home/adha/belajar/ws1/install/can_msgs/lib/libcan_msgs__rosidl_generator_c.so
[0.995s] -- Up-to-date: /home/adha/belajar/ws1/install/can_msgs/include/can_msgs/can_msgs
[0.995s] -- Up-to-date: /home/adha/belajar/ws1/install/can_msgs/include/can_msgs/can_msgs/msg
[0.995s] -- Up-to-date: /home/adha/belajar/ws1/install/can_msgs/include/can_msgs/can_msgs/msg/rosidl_typesupport_fastrtps_c__visibility_control.h
[0.996s] -- Up-to-date: /home/adha/belajar/ws1/install/can_msgs/include/can_msgs/can_msgs/msg/detail
[0.996s] -- Up-to-date: /home/adha/belajar/ws1/install/can_msgs/include/can_msgs/can_msgs/msg/detail/frame__rosidl_typesupport_fastrtps_c.h
[0.996s] -- Up-to-date: /home/adha/belajar/ws1/install/can_msgs/lib/libcan_msgs__rosidl_typesupport_fastrtps_c.so
[0.996s] -- Up-to-date: /home/adha/belajar/ws1/install/can_msgs/include/can_msgs/can_msgs
[0.996s] -- Up-to-date: /home/adha/belajar/ws1/install/can_msgs/include/can_msgs/can_msgs/msg
[0.997s] -- Up-to-date: /home/adha/belajar/ws1/install/can_msgs/include/can_msgs/can_msgs/msg/rosidl_typesupport_introspection_c__visibility_control.h
[0.997s] -- Up-to-date: /home/adha/belajar/ws1/install/can_msgs/include/can_msgs/can_msgs/msg/detail
[0.997s] -- Up-to-date: /home/adha/belajar/ws1/install/can_msgs/include/can_msgs/can_msgs/msg/detail/frame__rosidl_typesupport_introspection_c.h
[0.997s] -- Up-to-date: /home/adha/belajar/ws1/install/can_msgs/include/can_msgs/can_msgs/msg/detail/frame__type_support.c
[0.997s] -- Up-to-date: /home/adha/belajar/ws1/install/can_msgs/lib/libcan_msgs__rosidl_typesupport_introspection_c.so
[0.998s] -- Up-to-date: /home/adha/belajar/ws1/install/can_msgs/lib/libcan_msgs__rosidl_typesupport_c.so
[0.998s] -- Up-to-date: /home/adha/belajar/ws1/install/can_msgs/include/can_msgs/can_msgs
[0.998s] -- Up-to-date: /home/adha/belajar/ws1/install/can_msgs/include/can_msgs/can_msgs/msg
[0.998s] -- Up-to-date: /home/adha/belajar/ws1/install/can_msgs/include/can_msgs/can_msgs/msg/rosidl_generator_cpp__visibility_control.hpp
[0.998s] -- Up-to-date: /home/adha/belajar/ws1/install/can_msgs/include/can_msgs/can_msgs/msg/frame.hpp
[0.999s] -- Up-to-date: /home/adha/belajar/ws1/install/can_msgs/include/can_msgs/can_msgs/msg/detail
[0.999s] -- Up-to-date: /home/adha/belajar/ws1/install/can_msgs/include/can_msgs/can_msgs/msg/detail/frame__type_support.hpp
[0.999s] -- Up-to-date: /home/adha/belajar/ws1/install/can_msgs/include/can_msgs/can_msgs/msg/detail/frame__traits.hpp
[0.999s] -- Up-to-date: /home/adha/belajar/ws1/install/can_msgs/include/can_msgs/can_msgs/msg/detail/frame__builder.hpp
[0.999s] -- Up-to-date: /home/adha/belajar/ws1/install/can_msgs/include/can_msgs/can_msgs/msg/detail/frame__struct.hpp
[0.999s] -- Up-to-date: /home/adha/belajar/ws1/install/can_msgs/include/can_msgs/can_msgs
[0.999s] -- Up-to-date: /home/adha/belajar/ws1/install/can_msgs/include/can_msgs/can_msgs/msg
[0.999s] -- Up-to-date: /home/adha/belajar/ws1/install/can_msgs/include/can_msgs/can_msgs/msg/rosidl_typesupport_fastrtps_cpp__visibility_control.h
[0.999s] -- Up-to-date: /home/adha/belajar/ws1/install/can_msgs/include/can_msgs/can_msgs/msg/detail
[1.000s] -- Up-to-date: /home/adha/belajar/ws1/install/can_msgs/include/can_msgs/can_msgs/msg/detail/dds_fastrtps
[1.000s] -- Up-to-date: /home/adha/belajar/ws1/install/can_msgs/include/can_msgs/can_msgs/msg/detail/frame__rosidl_typesupport_fastrtps_cpp.hpp
[1.000s] -- Up-to-date: /home/adha/belajar/ws1/install/can_msgs/lib/libcan_msgs__rosidl_typesupport_fastrtps_cpp.so
[1.000s] -- Up-to-date: /home/adha/belajar/ws1/install/can_msgs/include/can_msgs/can_msgs
[1.000s] -- Up-to-date: /home/adha/belajar/ws1/install/can_msgs/include/can_msgs/can_msgs/msg
[1.000s] -- Up-to-date: /home/adha/belajar/ws1/install/can_msgs/include/can_msgs/can_msgs/msg/detail
[1.000s] -- Up-to-date: /home/adha/belajar/ws1/install/can_msgs/include/can_msgs/can_msgs/msg/detail/frame__type_support.cpp
[1.000s] -- Up-to-date: /home/adha/belajar/ws1/install/can_msgs/include/can_msgs/can_msgs/msg/detail/frame__rosidl_typesupport_introspection_cpp.hpp
[1.001s] -- Up-to-date: /home/adha/belajar/ws1/install/can_msgs/lib/libcan_msgs__rosidl_typesupport_introspection_cpp.so
[1.001s] -- Up-to-date: /home/adha/belajar/ws1/install/can_msgs/lib/libcan_msgs__rosidl_typesupport_cpp.so
[1.001s] -- Up-to-date: /home/adha/belajar/ws1/install/can_msgs/share/can_msgs/environment/pythonpath.sh
[1.002s] -- Up-to-date: /home/adha/belajar/ws1/install/can_msgs/share/can_msgs/environment/pythonpath.dsv
[1.002s] -- Up-to-date: /home/adha/belajar/ws1/install/can_msgs/lib/python3.12/site-packages/can_msgs-2.0.0-py3.12.egg-info
[1.002s] -- Installing: /home/adha/belajar/ws1/install/can_msgs/lib/python3.12/site-packages/can_msgs-2.0.0-py3.12.egg-info/dependency_links.txt
[1.002s] -- Installing: /home/adha/belajar/ws1/install/can_msgs/lib/python3.12/site-packages/can_msgs-2.0.0-py3.12.egg-info/top_level.txt
[1.003s] -- Installing: /home/adha/belajar/ws1/install/can_msgs/lib/python3.12/site-packages/can_msgs-2.0.0-py3.12.egg-info/SOURCES.txt
[1.003s] -- Installing: /home/adha/belajar/ws1/install/can_msgs/lib/python3.12/site-packages/can_msgs-2.0.0-py3.12.egg-info/PKG-INFO
[1.004s] -- Up-to-date: /home/adha/belajar/ws1/install/can_msgs/lib/python3.12/site-packages/can_msgs
[1.004s] -- Up-to-date: /home/adha/belajar/ws1/install/can_msgs/lib/python3.12/site-packages/can_msgs/msg
[1.004s] -- Up-to-date: /home/adha/belajar/ws1/install/can_msgs/lib/python3.12/site-packages/can_msgs/msg/__init__.py
[1.004s] -- Up-to-date: /home/adha/belajar/ws1/install/can_msgs/lib/python3.12/site-packages/can_msgs/msg/_frame_s.c
[1.004s] -- Up-to-date: /home/adha/belajar/ws1/install/can_msgs/lib/python3.12/site-packages/can_msgs/msg/_frame.py
[1.005s] -- Up-to-date: /home/adha/belajar/ws1/install/can_msgs/lib/python3.12/site-packages/can_msgs/__init__.py
[1.005s] -- Up-to-date: /home/adha/belajar/ws1/install/can_msgs/lib/python3.12/site-packages/can_msgs/can_msgs_s__rosidl_typesupport_introspection_c.so
[1.005s] -- Up-to-date: /home/adha/belajar/ws1/install/can_msgs/lib/python3.12/site-packages/can_msgs/_can_msgs_s.ep.rosidl_typesupport_c.c
[1.005s] -- Up-to-date: /home/adha/belajar/ws1/install/can_msgs/lib/python3.12/site-packages/can_msgs/can_msgs_s__rosidl_typesupport_fastrtps_c.so
[1.005s] -- Up-to-date: /home/adha/belajar/ws1/install/can_msgs/lib/python3.12/site-packages/can_msgs/_can_msgs_s.ep.rosidl_typesupport_introspection_c.c
[1.006s] -- Up-to-date: /home/adha/belajar/ws1/install/can_msgs/lib/python3.12/site-packages/can_msgs/can_msgs_s__rosidl_typesupport_c.so
[1.006s] -- Up-to-date: /home/adha/belajar/ws1/install/can_msgs/lib/python3.12/site-packages/can_msgs/_can_msgs_s.ep.rosidl_typesupport_fastrtps_c.c
[1.067s] Listing '/home/adha/belajar/ws1/install/can_msgs/lib/python3.12/site-packages/can_msgs'...
[1.067s] Listing '/home/adha/belajar/ws1/install/can_msgs/lib/python3.12/site-packages/can_msgs/msg'...
[1.076s] -- Up-to-date: /home/adha/belajar/ws1/install/can_msgs/lib/python3.12/site-packages/can_msgs/can_msgs_s__rosidl_typesupport_fastrtps_c.so
[1.076s] -- Up-to-date: /home/adha/belajar/ws1/install/can_msgs/lib/python3.12/site-packages/can_msgs/can_msgs_s__rosidl_typesupport_introspection_c.so
[1.076s] -- Up-to-date: /home/adha/belajar/ws1/install/can_msgs/lib/python3.12/site-packages/can_msgs/can_msgs_s__rosidl_typesupport_c.so
[1.077s] -- Up-to-date: /home/adha/belajar/ws1/install/can_msgs/lib/libcan_msgs__rosidl_generator_py.so
[1.077s] -- Up-to-date: /home/adha/belajar/ws1/install/can_msgs/share/can_msgs/msg/Frame.idl
[1.077s] -- Up-to-date: /home/adha/belajar/ws1/install/can_msgs/share/can_msgs/msg/Frame.msg
[1.077s] -- Up-to-date: /home/adha/belajar/ws1/install/can_msgs/share/ament_index/resource_index/package_run_dependencies/can_msgs
[1.078s] -- Up-to-date: /home/adha/belajar/ws1/install/can_msgs/share/ament_index/resource_index/parent_prefix_path/can_msgs
[1.078s] -- Up-to-date: /home/adha/belajar/ws1/install/can_msgs/share/can_msgs/environment/ament_prefix_path.sh
[1.078s] -- Up-to-date: /home/adha/belajar/ws1/install/can_msgs/share/can_msgs/environment/ament_prefix_path.dsv
[1.079s] -- Up-to-date: /home/adha/belajar/ws1/install/can_msgs/share/can_msgs/environment/path.sh
[1.079s] -- Up-to-date: /home/adha/belajar/ws1/install/can_msgs/share/can_msgs/environment/path.dsv
[1.079s] -- Up-to-date: /home/adha/belajar/ws1/install/can_msgs/share/can_msgs/local_setup.bash
[1.079s] -- Up-to-date: /home/adha/belajar/ws1/install/can_msgs/share/can_msgs/local_setup.sh
[1.080s] -- Up-to-date: /home/adha/belajar/ws1/install/can_msgs/share/can_msgs/local_setup.zsh
[1.080s] -- Up-to-date: /home/adha/belajar/ws1/install/can_msgs/share/can_msgs/local_setup.dsv
[1.080s] -- Installing: /home/adha/belajar/ws1/install/can_msgs/share/can_msgs/package.dsv
[1.080s] -- Up-to-date: /home/adha/belajar/ws1/install/can_msgs/share/ament_index/resource_index/packages/can_msgs
[1.080s] -- Up-to-date: /home/adha/belajar/ws1/install/can_msgs/share/can_msgs/cmake/export_can_msgs__rosidl_generator_cExport.cmake
[1.081s] -- Up-to-date: /home/adha/belajar/ws1/install/can_msgs/share/can_msgs/cmake/export_can_msgs__rosidl_generator_cExport-noconfig.cmake
[1.081s] -- Up-to-date: /home/adha/belajar/ws1/install/can_msgs/share/can_msgs/cmake/export_can_msgs__rosidl_typesupport_fastrtps_cExport.cmake
[1.081s] -- Up-to-date: /home/adha/belajar/ws1/install/can_msgs/share/can_msgs/cmake/export_can_msgs__rosidl_typesupport_fastrtps_cExport-noconfig.cmake
[1.081s] -- Up-to-date: /home/adha/belajar/ws1/install/can_msgs/share/can_msgs/cmake/can_msgs__rosidl_typesupport_introspection_cExport.cmake
[1.081s] -- Up-to-date: /home/adha/belajar/ws1/install/can_msgs/share/can_msgs/cmake/can_msgs__rosidl_typesupport_introspection_cExport-noconfig.cmake
[1.082s] -- Up-to-date: /home/adha/belajar/ws1/install/can_msgs/share/can_msgs/cmake/can_msgs__rosidl_typesupport_cExport.cmake
[1.082s] -- Up-to-date: /home/adha/belajar/ws1/install/can_msgs/share/can_msgs/cmake/can_msgs__rosidl_typesupport_cExport-noconfig.cmake
[1.082s] -- Up-to-date: /home/adha/belajar/ws1/install/can_msgs/share/can_msgs/cmake/export_can_msgs__rosidl_generator_cppExport.cmake
[1.083s] -- Up-to-date: /home/adha/belajar/ws1/install/can_msgs/share/can_msgs/cmake/export_can_msgs__rosidl_typesupport_fastrtps_cppExport.cmake
[1.083s] -- Up-to-date: /home/adha/belajar/ws1/install/can_msgs/share/can_msgs/cmake/export_can_msgs__rosidl_typesupport_fastrtps_cppExport-noconfig.cmake
[1.083s] -- Up-to-date: /home/adha/belajar/ws1/install/can_msgs/share/can_msgs/cmake/can_msgs__rosidl_typesupport_introspection_cppExport.cmake
[1.083s] -- Up-to-date: /home/adha/belajar/ws1/install/can_msgs/share/can_msgs/cmake/can_msgs__rosidl_typesupport_introspection_cppExport-noconfig.cmake
[1.084s] -- Up-to-date: /home/adha/belajar/ws1/install/can_msgs/share/can_msgs/cmake/can_msgs__rosidl_typesupport_cppExport.cmake
[1.084s] -- Up-to-date: /home/adha/belajar/ws1/install/can_msgs/share/can_msgs/cmake/can_msgs__rosidl_typesupport_cppExport-noconfig.cmake
[1.084s] -- Up-to-date: /home/adha/belajar/ws1/install/can_msgs/share/can_msgs/cmake/export_can_msgs__rosidl_generator_pyExport.cmake
[1.084s] -- Up-to-date: /home/adha/belajar/ws1/install/can_msgs/share/can_msgs/cmake/export_can_msgs__rosidl_generator_pyExport-noconfig.cmake
[1.084s] -- Up-to-date: /home/adha/belajar/ws1/install/can_msgs/share/can_msgs/cmake/rosidl_cmake-extras.cmake
[1.084s] -- Up-to-date: /home/adha/belajar/ws1/install/can_msgs/share/can_msgs/cmake/ament_cmake_export_dependencies-extras.cmake
[1.084s] -- Up-to-date: /home/adha/belajar/ws1/install/can_msgs/share/can_msgs/cmake/ament_cmake_export_include_directories-extras.cmake
[1.085s] -- Up-to-date: /home/adha/belajar/ws1/install/can_msgs/share/can_msgs/cmake/ament_cmake_export_libraries-extras.cmake
[1.085s] -- Up-to-date: /home/adha/belajar/ws1/install/can_msgs/share/can_msgs/cmake/ament_cmake_export_targets-extras.cmake
[1.085s] -- Up-to-date: /home/adha/belajar/ws1/install/can_msgs/share/can_msgs/cmake/rosidl_cmake_export_typesupport_targets-extras.cmake
[1.085s] -- Up-to-date: /home/adha/belajar/ws1/install/can_msgs/share/can_msgs/cmake/rosidl_cmake_export_typesupport_libraries-extras.cmake
[1.085s] -- Up-to-date: /home/adha/belajar/ws1/install/can_msgs/share/can_msgs/cmake/can_msgsConfig.cmake
[1.085s] -- Up-to-date: /home/adha/belajar/ws1/install/can_msgs/share/can_msgs/cmake/can_msgsConfig-version.cmake
[1.085s] -- Up-to-date: /home/adha/belajar/ws1/install/can_msgs/share/can_msgs/package.xml
[1.086s] Invoked command in '/home/adha/belajar/ws1/build/can_msgs' returned '0': CMAKE_PREFIX_PATH=${CMAKE_PREFIX_PATH}:/opt/ros/jazzy DEBUGINFOD_URLS=https://debuginfod.ubuntu.com /usr/bin/cmake --install /home/adha/belajar/ws1/build/can_msgs
