[0.016s] Invoking command in '/home/adha/belajar/ws1/build/ros2_socketcan_msgs': CMAKE_PREFIX_PATH=${CMAKE_PREFIX_PATH}:/opt/ros/jazzy DEBUGINFOD_URLS=https://debuginfod.ubuntu.com /usr/bin/cmake --build /home/adha/belajar/ws1/build/ros2_socketcan_msgs -- -j12 -l12
[0.087s] [  2%] Built target ros2_socketcan_msgs__rosidl_generator_type_description
[0.100s] [  2%] Built target ament_cmake_python_copy_ros2_socketcan_msgs
[0.137s] [  5%] Built target ros2_socketcan_msgs__cpp
[0.138s] [ 20%] Built target ros2_socketcan_msgs__rosidl_generator_c
[0.191s] [ 29%] Built target ros2_socketcan_msgs__rosidl_typesupport_fastrtps_cpp
[0.196s] [ 38%] Built target ros2_socketcan_msgs__rosidl_typesupport_fastrtps_c
[0.201s] [ 47%] Built target ros2_socketcan_msgs__rosidl_typesupport_introspection_c
[0.206s] [ 64%] Built target ros2_socketcan_msgs__rosidl_typesupport_cpp
[0.206s] [ 64%] Built target ros2_socketcan_msgs__rosidl_typesupport_c
[0.211s] [ 73%] Built target ros2_socketcan_msgs__rosidl_typesupport_introspection_cpp
[0.241s] [ 73%] Built target ros2_socketcan_msgs
[0.270s] [ 76%] Built target ros2_socketcan_msgs__py
[0.302s] [ 82%] Built target ros2_socketcan_msgs__rosidl_generator_py
[0.331s] [ 94%] Built target ros2_socketcan_msgs_s__rosidl_typesupport_fastrtps_c
[0.331s] [ 94%] Built target ros2_socketcan_msgs_s__rosidl_typesupport_c
[0.332s] [100%] Built target ros2_socketcan_msgs_s__rosidl_typesupport_introspection_c
[0.358s] running egg_info
[0.373s] writing ros2_socketcan_msgs.egg-info/PKG-INFO
[0.374s] writing dependency_links to ros2_socketcan_msgs.egg-info/dependency_links.txt
[0.374s] writing top-level names to ros2_socketcan_msgs.egg-info/top_level.txt
[0.408s] reading manifest file 'ros2_socketcan_msgs.egg-info/SOURCES.txt'
[0.409s] writing manifest file 'ros2_socketcan_msgs.egg-info/SOURCES.txt'
[0.445s] [100%] Built target ament_cmake_python_build_ros2_socketcan_msgs_egg
[0.458s] Invoked command in '/home/adha/belajar/ws1/build/ros2_socketcan_msgs' returned '0': CMAKE_PREFIX_PATH=${CMAKE_PREFIX_PATH}:/opt/ros/jazzy DEBUGINFOD_URLS=https://debuginfod.ubuntu.com /usr/bin/cmake --build /home/adha/belajar/ws1/build/ros2_socketcan_msgs -- -j12 -l12
[0.524s] Invoking command in '/home/adha/belajar/ws1/build/ros2_socketcan_msgs': CMAKE_PREFIX_PATH=${CMAKE_PREFIX_PATH}:/opt/ros/jazzy DEBUGINFOD_URLS=https://debuginfod.ubuntu.com /usr/bin/cmake --install /home/adha/belajar/ws1/build/ros2_socketcan_msgs
[0.532s] -- Install configuration: ""
[0.532s] -- Up-to-date: /home/adha/belajar/ws1/install/ros2_socketcan_msgs/share/ament_index/resource_index/rosidl_interfaces/ros2_socketcan_msgs
[0.532s] -- Up-to-date: /home/adha/belajar/ws1/install/ros2_socketcan_msgs/share/ros2_socketcan_msgs/msg/FdFrame.json
[0.532s] -- Up-to-date: /home/adha/belajar/ws1/install/ros2_socketcan_msgs/include/ros2_socketcan_msgs/ros2_socketcan_msgs
[0.532s] -- Up-to-date: /home/adha/belajar/ws1/install/ros2_socketcan_msgs/include/ros2_socketcan_msgs/ros2_socketcan_msgs/msg
[0.532s] -- Up-to-date: /home/adha/belajar/ws1/install/ros2_socketcan_msgs/include/ros2_socketcan_msgs/ros2_socketcan_msgs/msg/fd_frame.h
[0.532s] -- Up-to-date: /home/adha/belajar/ws1/install/ros2_socketcan_msgs/include/ros2_socketcan_msgs/ros2_socketcan_msgs/msg/rosidl_generator_c__visibility_control.h
[0.532s] -- Up-to-date: /home/adha/belajar/ws1/install/ros2_socketcan_msgs/include/ros2_socketcan_msgs/ros2_socketcan_msgs/msg/detail
[0.532s] -- Up-to-date: /home/adha/belajar/ws1/install/ros2_socketcan_msgs/include/ros2_socketcan_msgs/ros2_socketcan_msgs/msg/detail/fd_frame__functions.h
[0.533s] -- Up-to-date: /home/adha/belajar/ws1/install/ros2_socketcan_msgs/include/ros2_socketcan_msgs/ros2_socketcan_msgs/msg/detail/fd_frame__type_support.h
[0.533s] -- Up-to-date: /home/adha/belajar/ws1/install/ros2_socketcan_msgs/include/ros2_socketcan_msgs/ros2_socketcan_msgs/msg/detail/fd_frame__description.c
[0.533s] -- Up-to-date: /home/adha/belajar/ws1/install/ros2_socketcan_msgs/include/ros2_socketcan_msgs/ros2_socketcan_msgs/msg/detail/fd_frame__functions.c
[0.533s] -- Up-to-date: /home/adha/belajar/ws1/install/ros2_socketcan_msgs/include/ros2_socketcan_msgs/ros2_socketcan_msgs/msg/detail/fd_frame__struct.h
[0.535s] -- Up-to-date: /home/adha/belajar/ws1/install/ros2_socketcan_msgs/include/ros2_socketcan_msgs/ros2_socketcan_msgs/msg/detail/fd_frame__type_support.c
[0.536s] -- Up-to-date: /home/adha/belajar/ws1/install/ros2_socketcan_msgs/share/ros2_socketcan_msgs/environment/library_path.sh
[0.536s] -- Up-to-date: /home/adha/belajar/ws1/install/ros2_socketcan_msgs/share/ros2_socketcan_msgs/environment/library_path.dsv
[0.536s] -- Up-to-date: /home/adha/belajar/ws1/install/ros2_socketcan_msgs/lib/libros2_socketcan_msgs__rosidl_generator_c.so
[0.536s] -- Up-to-date: /home/adha/belajar/ws1/install/ros2_socketcan_msgs/include/ros2_socketcan_msgs/ros2_socketcan_msgs
[0.536s] -- Up-to-date: /home/adha/belajar/ws1/install/ros2_socketcan_msgs/include/ros2_socketcan_msgs/ros2_socketcan_msgs/msg
[0.536s] -- Up-to-date: /home/adha/belajar/ws1/install/ros2_socketcan_msgs/include/ros2_socketcan_msgs/ros2_socketcan_msgs/msg/rosidl_typesupport_fastrtps_c__visibility_control.h
[0.536s] -- Up-to-date: /home/adha/belajar/ws1/install/ros2_socketcan_msgs/include/ros2_socketcan_msgs/ros2_socketcan_msgs/msg/detail
[0.536s] -- Up-to-date: /home/adha/belajar/ws1/install/ros2_socketcan_msgs/include/ros2_socketcan_msgs/ros2_socketcan_msgs/msg/detail/fd_frame__rosidl_typesupport_fastrtps_c.h
[0.536s] -- Up-to-date: /home/adha/belajar/ws1/install/ros2_socketcan_msgs/lib/libros2_socketcan_msgs__rosidl_typesupport_fastrtps_c.so
[0.536s] -- Up-to-date: /home/adha/belajar/ws1/install/ros2_socketcan_msgs/include/ros2_socketcan_msgs/ros2_socketcan_msgs
[0.536s] -- Up-to-date: /home/adha/belajar/ws1/install/ros2_socketcan_msgs/include/ros2_socketcan_msgs/ros2_socketcan_msgs/msg
[0.536s] -- Up-to-date: /home/adha/belajar/ws1/install/ros2_socketcan_msgs/include/ros2_socketcan_msgs/ros2_socketcan_msgs/msg/rosidl_typesupport_introspection_c__visibility_control.h
[0.536s] -- Up-to-date: /home/adha/belajar/ws1/install/ros2_socketcan_msgs/include/ros2_socketcan_msgs/ros2_socketcan_msgs/msg/detail
[0.536s] -- Up-to-date: /home/adha/belajar/ws1/install/ros2_socketcan_msgs/include/ros2_socketcan_msgs/ros2_socketcan_msgs/msg/detail/fd_frame__rosidl_typesupport_introspection_c.h
[0.536s] -- Up-to-date: /home/adha/belajar/ws1/install/ros2_socketcan_msgs/include/ros2_socketcan_msgs/ros2_socketcan_msgs/msg/detail/fd_frame__type_support.c
[0.537s] -- Up-to-date: /home/adha/belajar/ws1/install/ros2_socketcan_msgs/lib/libros2_socketcan_msgs__rosidl_typesupport_introspection_c.so
[0.537s] -- Up-to-date: /home/adha/belajar/ws1/install/ros2_socketcan_msgs/lib/libros2_socketcan_msgs__rosidl_typesupport_c.so
[0.537s] -- Up-to-date: /home/adha/belajar/ws1/install/ros2_socketcan_msgs/include/ros2_socketcan_msgs/ros2_socketcan_msgs
[0.537s] -- Up-to-date: /home/adha/belajar/ws1/install/ros2_socketcan_msgs/include/ros2_socketcan_msgs/ros2_socketcan_msgs/msg
[0.537s] -- Up-to-date: /home/adha/belajar/ws1/install/ros2_socketcan_msgs/include/ros2_socketcan_msgs/ros2_socketcan_msgs/msg/rosidl_generator_cpp__visibility_control.hpp
[0.537s] -- Up-to-date: /home/adha/belajar/ws1/install/ros2_socketcan_msgs/include/ros2_socketcan_msgs/ros2_socketcan_msgs/msg/fd_frame.hpp
[0.537s] -- Up-to-date: /home/adha/belajar/ws1/install/ros2_socketcan_msgs/include/ros2_socketcan_msgs/ros2_socketcan_msgs/msg/detail
[0.537s] -- Up-to-date: /home/adha/belajar/ws1/install/ros2_socketcan_msgs/include/ros2_socketcan_msgs/ros2_socketcan_msgs/msg/detail/fd_frame__builder.hpp
[0.538s] -- Up-to-date: /home/adha/belajar/ws1/install/ros2_socketcan_msgs/include/ros2_socketcan_msgs/ros2_socketcan_msgs/msg/detail/fd_frame__type_support.hpp
[0.538s] -- Up-to-date: /home/adha/belajar/ws1/install/ros2_socketcan_msgs/include/ros2_socketcan_msgs/ros2_socketcan_msgs/msg/detail/fd_frame__struct.hpp
[0.538s] -- Up-to-date: /home/adha/belajar/ws1/install/ros2_socketcan_msgs/include/ros2_socketcan_msgs/ros2_socketcan_msgs/msg/detail/fd_frame__traits.hpp
[0.538s] -- Up-to-date: /home/adha/belajar/ws1/install/ros2_socketcan_msgs/include/ros2_socketcan_msgs/ros2_socketcan_msgs
[0.538s] -- Up-to-date: /home/adha/belajar/ws1/install/ros2_socketcan_msgs/include/ros2_socketcan_msgs/ros2_socketcan_msgs/msg
[0.538s] -- Up-to-date: /home/adha/belajar/ws1/install/ros2_socketcan_msgs/include/ros2_socketcan_msgs/ros2_socketcan_msgs/msg/rosidl_typesupport_fastrtps_cpp__visibility_control.h
[0.538s] -- Up-to-date: /home/adha/belajar/ws1/install/ros2_socketcan_msgs/include/ros2_socketcan_msgs/ros2_socketcan_msgs/msg/detail
[0.538s] -- Up-to-date: /home/adha/belajar/ws1/install/ros2_socketcan_msgs/include/ros2_socketcan_msgs/ros2_socketcan_msgs/msg/detail/dds_fastrtps
[0.538s] -- Up-to-date: /home/adha/belajar/ws1/install/ros2_socketcan_msgs/include/ros2_socketcan_msgs/ros2_socketcan_msgs/msg/detail/fd_frame__rosidl_typesupport_fastrtps_cpp.hpp
[0.538s] -- Up-to-date: /home/adha/belajar/ws1/install/ros2_socketcan_msgs/lib/libros2_socketcan_msgs__rosidl_typesupport_fastrtps_cpp.so
[0.538s] -- Up-to-date: /home/adha/belajar/ws1/install/ros2_socketcan_msgs/include/ros2_socketcan_msgs/ros2_socketcan_msgs
[0.538s] -- Up-to-date: /home/adha/belajar/ws1/install/ros2_socketcan_msgs/include/ros2_socketcan_msgs/ros2_socketcan_msgs/msg
[0.538s] -- Up-to-date: /home/adha/belajar/ws1/install/ros2_socketcan_msgs/include/ros2_socketcan_msgs/ros2_socketcan_msgs/msg/detail
[0.538s] -- Up-to-date: /home/adha/belajar/ws1/install/ros2_socketcan_msgs/include/ros2_socketcan_msgs/ros2_socketcan_msgs/msg/detail/fd_frame__rosidl_typesupport_introspection_cpp.hpp
[0.538s] -- Up-to-date: /home/adha/belajar/ws1/install/ros2_socketcan_msgs/include/ros2_socketcan_msgs/ros2_socketcan_msgs/msg/detail/fd_frame__type_support.cpp
[0.539s] -- Up-to-date: /home/adha/belajar/ws1/install/ros2_socketcan_msgs/lib/libros2_socketcan_msgs__rosidl_typesupport_introspection_cpp.so
[0.539s] -- Up-to-date: /home/adha/belajar/ws1/install/ros2_socketcan_msgs/lib/libros2_socketcan_msgs__rosidl_typesupport_cpp.so
[0.539s] -- Up-to-date: /home/adha/belajar/ws1/install/ros2_socketcan_msgs/share/ros2_socketcan_msgs/environment/pythonpath.sh
[0.539s] -- Up-to-date: /home/adha/belajar/ws1/install/ros2_socketcan_msgs/share/ros2_socketcan_msgs/environment/pythonpath.dsv
[0.539s] -- Up-to-date: /home/adha/belajar/ws1/install/ros2_socketcan_msgs/lib/python3.12/site-packages/ros2_socketcan_msgs-1.3.0-py3.12.egg-info
[0.539s] -- Installing: /home/adha/belajar/ws1/install/ros2_socketcan_msgs/lib/python3.12/site-packages/ros2_socketcan_msgs-1.3.0-py3.12.egg-info/dependency_links.txt
[0.539s] -- Installing: /home/adha/belajar/ws1/install/ros2_socketcan_msgs/lib/python3.12/site-packages/ros2_socketcan_msgs-1.3.0-py3.12.egg-info/top_level.txt
[0.540s] -- Installing: /home/adha/belajar/ws1/install/ros2_socketcan_msgs/lib/python3.12/site-packages/ros2_socketcan_msgs-1.3.0-py3.12.egg-info/SOURCES.txt
[0.540s] -- Installing: /home/adha/belajar/ws1/install/ros2_socketcan_msgs/lib/python3.12/site-packages/ros2_socketcan_msgs-1.3.0-py3.12.egg-info/PKG-INFO
[0.540s] -- Up-to-date: /home/adha/belajar/ws1/install/ros2_socketcan_msgs/lib/python3.12/site-packages/ros2_socketcan_msgs
[0.540s] -- Up-to-date: /home/adha/belajar/ws1/install/ros2_socketcan_msgs/lib/python3.12/site-packages/ros2_socketcan_msgs/ros2_socketcan_msgs_s__rosidl_typesupport_c.so
[0.540s] -- Up-to-date: /home/adha/belajar/ws1/install/ros2_socketcan_msgs/lib/python3.12/site-packages/ros2_socketcan_msgs/msg
[0.540s] -- Up-to-date: /home/adha/belajar/ws1/install/ros2_socketcan_msgs/lib/python3.12/site-packages/ros2_socketcan_msgs/msg/_fd_frame.py
[0.540s] -- Up-to-date: /home/adha/belajar/ws1/install/ros2_socketcan_msgs/lib/python3.12/site-packages/ros2_socketcan_msgs/msg/_fd_frame_s.c
[0.540s] -- Up-to-date: /home/adha/belajar/ws1/install/ros2_socketcan_msgs/lib/python3.12/site-packages/ros2_socketcan_msgs/msg/__init__.py
[0.540s] -- Up-to-date: /home/adha/belajar/ws1/install/ros2_socketcan_msgs/lib/python3.12/site-packages/ros2_socketcan_msgs/_ros2_socketcan_msgs_s.ep.rosidl_typesupport_introspection_c.c
[0.540s] -- Up-to-date: /home/adha/belajar/ws1/install/ros2_socketcan_msgs/lib/python3.12/site-packages/ros2_socketcan_msgs/__init__.py
[0.540s] -- Up-to-date: /home/adha/belajar/ws1/install/ros2_socketcan_msgs/lib/python3.12/site-packages/ros2_socketcan_msgs/ros2_socketcan_msgs_s__rosidl_typesupport_fastrtps_c.so
[0.540s] -- Up-to-date: /home/adha/belajar/ws1/install/ros2_socketcan_msgs/lib/python3.12/site-packages/ros2_socketcan_msgs/_ros2_socketcan_msgs_s.ep.rosidl_typesupport_c.c
[0.540s] -- Up-to-date: /home/adha/belajar/ws1/install/ros2_socketcan_msgs/lib/python3.12/site-packages/ros2_socketcan_msgs/_ros2_socketcan_msgs_s.ep.rosidl_typesupport_fastrtps_c.c
[0.540s] -- Up-to-date: /home/adha/belajar/ws1/install/ros2_socketcan_msgs/lib/python3.12/site-packages/ros2_socketcan_msgs/ros2_socketcan_msgs_s__rosidl_typesupport_introspection_c.so
[0.562s] Listing '/home/adha/belajar/ws1/install/ros2_socketcan_msgs/lib/python3.12/site-packages/ros2_socketcan_msgs'...
[0.562s] Listing '/home/adha/belajar/ws1/install/ros2_socketcan_msgs/lib/python3.12/site-packages/ros2_socketcan_msgs/msg'...
[0.567s] -- Up-to-date: /home/adha/belajar/ws1/install/ros2_socketcan_msgs/lib/python3.12/site-packages/ros2_socketcan_msgs/ros2_socketcan_msgs_s__rosidl_typesupport_fastrtps_c.so
[0.567s] -- Up-to-date: /home/adha/belajar/ws1/install/ros2_socketcan_msgs/lib/python3.12/site-packages/ros2_socketcan_msgs/ros2_socketcan_msgs_s__rosidl_typesupport_introspection_c.so
[0.567s] -- Up-to-date: /home/adha/belajar/ws1/install/ros2_socketcan_msgs/lib/python3.12/site-packages/ros2_socketcan_msgs/ros2_socketcan_msgs_s__rosidl_typesupport_c.so
[0.567s] -- Up-to-date: /home/adha/belajar/ws1/install/ros2_socketcan_msgs/lib/libros2_socketcan_msgs__rosidl_generator_py.so
[0.567s] -- Up-to-date: /home/adha/belajar/ws1/install/ros2_socketcan_msgs/share/ros2_socketcan_msgs/msg/FdFrame.idl
[0.567s] -- Up-to-date: /home/adha/belajar/ws1/install/ros2_socketcan_msgs/share/ros2_socketcan_msgs/msg/FdFrame.msg
[0.568s] -- Up-to-date: /home/adha/belajar/ws1/install/ros2_socketcan_msgs/share/ament_index/resource_index/package_run_dependencies/ros2_socketcan_msgs
[0.568s] -- Up-to-date: /home/adha/belajar/ws1/install/ros2_socketcan_msgs/share/ament_index/resource_index/parent_prefix_path/ros2_socketcan_msgs
[0.568s] -- Up-to-date: /home/adha/belajar/ws1/install/ros2_socketcan_msgs/share/ros2_socketcan_msgs/environment/ament_prefix_path.sh
[0.568s] -- Up-to-date: /home/adha/belajar/ws1/install/ros2_socketcan_msgs/share/ros2_socketcan_msgs/environment/ament_prefix_path.dsv
[0.568s] -- Up-to-date: /home/adha/belajar/ws1/install/ros2_socketcan_msgs/share/ros2_socketcan_msgs/environment/path.sh
[0.568s] -- Up-to-date: /home/adha/belajar/ws1/install/ros2_socketcan_msgs/share/ros2_socketcan_msgs/environment/path.dsv
[0.568s] -- Up-to-date: /home/adha/belajar/ws1/install/ros2_socketcan_msgs/share/ros2_socketcan_msgs/local_setup.bash
[0.568s] -- Up-to-date: /home/adha/belajar/ws1/install/ros2_socketcan_msgs/share/ros2_socketcan_msgs/local_setup.sh
[0.568s] -- Up-to-date: /home/adha/belajar/ws1/install/ros2_socketcan_msgs/share/ros2_socketcan_msgs/local_setup.zsh
[0.568s] -- Up-to-date: /home/adha/belajar/ws1/install/ros2_socketcan_msgs/share/ros2_socketcan_msgs/local_setup.dsv
[0.568s] -- Installing: /home/adha/belajar/ws1/install/ros2_socketcan_msgs/share/ros2_socketcan_msgs/package.dsv
[0.569s] -- Up-to-date: /home/adha/belajar/ws1/install/ros2_socketcan_msgs/share/ament_index/resource_index/packages/ros2_socketcan_msgs
[0.569s] -- Up-to-date: /home/adha/belajar/ws1/install/ros2_socketcan_msgs/share/ros2_socketcan_msgs/cmake/export_ros2_socketcan_msgs__rosidl_generator_cExport.cmake
[0.569s] -- Up-to-date: /home/adha/belajar/ws1/install/ros2_socketcan_msgs/share/ros2_socketcan_msgs/cmake/export_ros2_socketcan_msgs__rosidl_generator_cExport-noconfig.cmake
[0.569s] -- Up-to-date: /home/adha/belajar/ws1/install/ros2_socketcan_msgs/share/ros2_socketcan_msgs/cmake/export_ros2_socketcan_msgs__rosidl_typesupport_fastrtps_cExport.cmake
[0.569s] -- Up-to-date: /home/adha/belajar/ws1/install/ros2_socketcan_msgs/share/ros2_socketcan_msgs/cmake/export_ros2_socketcan_msgs__rosidl_typesupport_fastrtps_cExport-noconfig.cmake
[0.569s] -- Up-to-date: /home/adha/belajar/ws1/install/ros2_socketcan_msgs/share/ros2_socketcan_msgs/cmake/ros2_socketcan_msgs__rosidl_typesupport_introspection_cExport.cmake
[0.569s] -- Up-to-date: /home/adha/belajar/ws1/install/ros2_socketcan_msgs/share/ros2_socketcan_msgs/cmake/ros2_socketcan_msgs__rosidl_typesupport_introspection_cExport-noconfig.cmake
[0.571s] -- Up-to-date: /home/adha/belajar/ws1/install/ros2_socketcan_msgs/share/ros2_socketcan_msgs/cmake/ros2_socketcan_msgs__rosidl_typesupport_cExport.cmake
[0.571s] -- Up-to-date: /home/adha/belajar/ws1/install/ros2_socketcan_msgs/share/ros2_socketcan_msgs/cmake/ros2_socketcan_msgs__rosidl_typesupport_cExport-noconfig.cmake
[0.571s] -- Up-to-date: /home/adha/belajar/ws1/install/ros2_socketcan_msgs/share/ros2_socketcan_msgs/cmake/export_ros2_socketcan_msgs__rosidl_generator_cppExport.cmake
[0.571s] -- Up-to-date: /home/adha/belajar/ws1/install/ros2_socketcan_msgs/share/ros2_socketcan_msgs/cmake/export_ros2_socketcan_msgs__rosidl_typesupport_fastrtps_cppExport.cmake
[0.572s] -- Up-to-date: /home/adha/belajar/ws1/install/ros2_socketcan_msgs/share/ros2_socketcan_msgs/cmake/export_ros2_socketcan_msgs__rosidl_typesupport_fastrtps_cppExport-noconfig.cmake
[0.572s] -- Up-to-date: /home/adha/belajar/ws1/install/ros2_socketcan_msgs/share/ros2_socketcan_msgs/cmake/ros2_socketcan_msgs__rosidl_typesupport_introspection_cppExport.cmake
[0.572s] -- Up-to-date: /home/adha/belajar/ws1/install/ros2_socketcan_msgs/share/ros2_socketcan_msgs/cmake/ros2_socketcan_msgs__rosidl_typesupport_introspection_cppExport-noconfig.cmake
[0.572s] -- Up-to-date: /home/adha/belajar/ws1/install/ros2_socketcan_msgs/share/ros2_socketcan_msgs/cmake/ros2_socketcan_msgs__rosidl_typesupport_cppExport.cmake
[0.572s] -- Up-to-date: /home/adha/belajar/ws1/install/ros2_socketcan_msgs/share/ros2_socketcan_msgs/cmake/ros2_socketcan_msgs__rosidl_typesupport_cppExport-noconfig.cmake
[0.572s] -- Up-to-date: /home/adha/belajar/ws1/install/ros2_socketcan_msgs/share/ros2_socketcan_msgs/cmake/export_ros2_socketcan_msgs__rosidl_generator_pyExport.cmake
[0.572s] -- Up-to-date: /home/adha/belajar/ws1/install/ros2_socketcan_msgs/share/ros2_socketcan_msgs/cmake/export_ros2_socketcan_msgs__rosidl_generator_pyExport-noconfig.cmake
[0.572s] -- Up-to-date: /home/adha/belajar/ws1/install/ros2_socketcan_msgs/share/ros2_socketcan_msgs/cmake/rosidl_cmake-extras.cmake
[0.572s] -- Up-to-date: /home/adha/belajar/ws1/install/ros2_socketcan_msgs/share/ros2_socketcan_msgs/cmake/ament_cmake_export_dependencies-extras.cmake
[0.572s] -- Up-to-date: /home/adha/belajar/ws1/install/ros2_socketcan_msgs/share/ros2_socketcan_msgs/cmake/ament_cmake_export_include_directories-extras.cmake
[0.572s] -- Up-to-date: /home/adha/belajar/ws1/install/ros2_socketcan_msgs/share/ros2_socketcan_msgs/cmake/ament_cmake_export_libraries-extras.cmake
[0.572s] -- Up-to-date: /home/adha/belajar/ws1/install/ros2_socketcan_msgs/share/ros2_socketcan_msgs/cmake/ament_cmake_export_targets-extras.cmake
[0.572s] -- Up-to-date: /home/adha/belajar/ws1/install/ros2_socketcan_msgs/share/ros2_socketcan_msgs/cmake/rosidl_cmake_export_typesupport_targets-extras.cmake
[0.573s] -- Up-to-date: /home/adha/belajar/ws1/install/ros2_socketcan_msgs/share/ros2_socketcan_msgs/cmake/rosidl_cmake_export_typesupport_libraries-extras.cmake
[0.573s] -- Up-to-date: /home/adha/belajar/ws1/install/ros2_socketcan_msgs/share/ros2_socketcan_msgs/cmake/ros2_socketcan_msgsConfig.cmake
[0.573s] -- Up-to-date: /home/adha/belajar/ws1/install/ros2_socketcan_msgs/share/ros2_socketcan_msgs/cmake/ros2_socketcan_msgsConfig-version.cmake
[0.573s] -- Up-to-date: /home/adha/belajar/ws1/install/ros2_socketcan_msgs/share/ros2_socketcan_msgs/package.xml
[0.584s] Invoked command in '/home/adha/belajar/ws1/build/ros2_socketcan_msgs' returned '0': CMAKE_PREFIX_PATH=${CMAKE_PREFIX_PATH}:/opt/ros/jazzy DEBUGINFOD_URLS=https://debuginfod.ubuntu.com /usr/bin/cmake --install /home/adha/belajar/ws1/build/ros2_socketcan_msgs
