[0.038s] Invoking command in '/home/alyazahrarr/tubesss/tubes_dagoz/build/msgs': CMAKE_PREFIX_PATH=${CMAKE_PREFIX_PATH}:/home/alyazahrarr/ros2_ws/install/launch_testing_examples:/home/alyazahrarr/ros2_ws/install/examples_rclpy_pointcloud_publisher:/home/alyazahrarr/ros2_ws/install/examples_rclpy_minimal_subscriber:/home/alyazahrarr/ros2_ws/install/examples_rclpy_minimal_service:/home/alyazahrarr/ros2_ws/install/examples_rclpy_minimal_publisher:/home/alyazahrarr/ros2_ws/install/examples_rclpy_minimal_client:/home/alyazahrarr/ros2_ws/install/examples_rclpy_minimal_action_server:/home/alyazahrarr/ros2_ws/install/examples_rclpy_minimal_action_client:/home/alyazahrarr/ros2_ws/install/examples_rclpy_guard_conditions:/home/alyazahrarr/ros2_ws/install/examples_rclpy_executors:/opt/ros/jazzy DEBUGINFOD_URLS=https://debuginfod.ubuntu.com /usr/bin/cmake --build /home/alyazahrarr/tubesss/tubes_dagoz/build/msgs -- -j8 -l8
[0.162s] [  2%] Built target msgs__rosidl_generator_type_description
[0.193s] [  2%] Built target ament_cmake_python_copy_msgs
[0.251s] [ 17%] Built target msgs__rosidl_generator_c
[0.254s] [ 20%] Built target msgs__cpp
[0.372s] [ 29%] Built target msgs__rosidl_typesupport_c
[0.415s] [ 38%] Built target msgs__rosidl_typesupport_cpp
[0.462s] [ 47%] Built target msgs__rosidl_typesupport_introspection_c
[0.495s] [ 55%] Built target msgs__rosidl_typesupport_fastrtps_c
[0.507s] [ 73%] Built target msgs__rosidl_typesupport_introspection_cpp
[0.508s] [ 73%] Built target msgs__rosidl_typesupport_fastrtps_cpp
[0.565s] [ 73%] Built target msgs
[0.624s] [ 76%] Built target msgs__py
[0.692s] [ 82%] Built target msgs__rosidl_generator_py
[0.827s] [ 88%] Built target msgs_s__rosidl_typesupport_fastrtps_c
[0.831s] [ 94%] Built target msgs_s__rosidl_typesupport_c
[0.832s] [100%] Built target msgs_s__rosidl_typesupport_introspection_c
[1.040s] running egg_info
[1.091s] writing msgs.egg-info/PKG-INFO
[1.092s] writing dependency_links to msgs.egg-info/dependency_links.txt
[1.092s] writing top-level names to msgs.egg-info/top_level.txt
[1.236s] reading manifest file 'msgs.egg-info/SOURCES.txt'
[1.237s] writing manifest file 'msgs.egg-info/SOURCES.txt'
[1.299s] [100%] Built target ament_cmake_python_build_msgs_egg
[1.324s] Invoked command in '/home/alyazahrarr/tubesss/tubes_dagoz/build/msgs' returned '0': CMAKE_PREFIX_PATH=${CMAKE_PREFIX_PATH}:/home/alyazahrarr/ros2_ws/install/launch_testing_examples:/home/alyazahrarr/ros2_ws/install/examples_rclpy_pointcloud_publisher:/home/alyazahrarr/ros2_ws/install/examples_rclpy_minimal_subscriber:/home/alyazahrarr/ros2_ws/install/examples_rclpy_minimal_service:/home/alyazahrarr/ros2_ws/install/examples_rclpy_minimal_publisher:/home/alyazahrarr/ros2_ws/install/examples_rclpy_minimal_client:/home/alyazahrarr/ros2_ws/install/examples_rclpy_minimal_action_server:/home/alyazahrarr/ros2_ws/install/examples_rclpy_minimal_action_client:/home/alyazahrarr/ros2_ws/install/examples_rclpy_guard_conditions:/home/alyazahrarr/ros2_ws/install/examples_rclpy_executors:/opt/ros/jazzy DEBUGINFOD_URLS=https://debuginfod.ubuntu.com /usr/bin/cmake --build /home/alyazahrarr/tubesss/tubes_dagoz/build/msgs -- -j8 -l8
[1.468s] Invoking command in '/home/alyazahrarr/tubesss/tubes_dagoz/build/msgs': CMAKE_PREFIX_PATH=${CMAKE_PREFIX_PATH}:/home/alyazahrarr/ros2_ws/install/launch_testing_examples:/home/alyazahrarr/ros2_ws/install/examples_rclpy_pointcloud_publisher:/home/alyazahrarr/ros2_ws/install/examples_rclpy_minimal_subscriber:/home/alyazahrarr/ros2_ws/install/examples_rclpy_minimal_service:/home/alyazahrarr/ros2_ws/install/examples_rclpy_minimal_publisher:/home/alyazahrarr/ros2_ws/install/examples_rclpy_minimal_client:/home/alyazahrarr/ros2_ws/install/examples_rclpy_minimal_action_server:/home/alyazahrarr/ros2_ws/install/examples_rclpy_minimal_action_client:/home/alyazahrarr/ros2_ws/install/examples_rclpy_guard_conditions:/home/alyazahrarr/ros2_ws/install/examples_rclpy_executors:/opt/ros/jazzy DEBUGINFOD_URLS=https://debuginfod.ubuntu.com /usr/bin/cmake --install /home/alyazahrarr/tubesss/tubes_dagoz/build/msgs
[1.487s] -- Install configuration: ""
[1.487s] -- Up-to-date: /home/alyazahrarr/tubesss/tubes_dagoz/install/msgs/share/ament_index/resource_index/rosidl_interfaces/msgs
[1.488s] -- Up-to-date: /home/alyazahrarr/tubesss/tubes_dagoz/install/msgs/share/msgs/msg/HardwareCommand.json
[1.489s] -- Up-to-date: /home/alyazahrarr/tubesss/tubes_dagoz/install/msgs/include/msgs/msgs
[1.489s] -- Up-to-date: /home/alyazahrarr/tubesss/tubes_dagoz/install/msgs/include/msgs/msgs/msg
[1.490s] -- Up-to-date: /home/alyazahrarr/tubesss/tubes_dagoz/install/msgs/include/msgs/msgs/msg/hardware_command.h
[1.490s] -- Up-to-date: /home/alyazahrarr/tubesss/tubes_dagoz/install/msgs/include/msgs/msgs/msg/detail
[1.492s] -- Up-to-date: /home/alyazahrarr/tubesss/tubes_dagoz/install/msgs/include/msgs/msgs/msg/detail/hardware_command__struct.h
[1.492s] -- Up-to-date: /home/alyazahrarr/tubesss/tubes_dagoz/install/msgs/include/msgs/msgs/msg/detail/hardware_command__type_support.h
[1.493s] -- Up-to-date: /home/alyazahrarr/tubesss/tubes_dagoz/install/msgs/include/msgs/msgs/msg/detail/hardware_command__functions.c
[1.494s] -- Up-to-date: /home/alyazahrarr/tubesss/tubes_dagoz/install/msgs/include/msgs/msgs/msg/detail/hardware_command__functions.h
[1.495s] -- Up-to-date: /home/alyazahrarr/tubesss/tubes_dagoz/install/msgs/include/msgs/msgs/msg/detail/hardware_command__type_support.c
[1.495s] -- Up-to-date: /home/alyazahrarr/tubesss/tubes_dagoz/install/msgs/include/msgs/msgs/msg/detail/hardware_command__description.c
[1.496s] -- Up-to-date: /home/alyazahrarr/tubesss/tubes_dagoz/install/msgs/include/msgs/msgs/msg/rosidl_generator_c__visibility_control.h
[1.497s] -- Up-to-date: /home/alyazahrarr/tubesss/tubes_dagoz/install/msgs/share/msgs/environment/library_path.sh
[1.497s] -- Up-to-date: /home/alyazahrarr/tubesss/tubes_dagoz/install/msgs/share/msgs/environment/library_path.dsv
[1.498s] -- Up-to-date: /home/alyazahrarr/tubesss/tubes_dagoz/install/msgs/lib/libmsgs__rosidl_generator_c.so
[1.498s] -- Up-to-date: /home/alyazahrarr/tubesss/tubes_dagoz/install/msgs/include/msgs/msgs
[1.499s] -- Up-to-date: /home/alyazahrarr/tubesss/tubes_dagoz/install/msgs/include/msgs/msgs/msg
[1.499s] -- Up-to-date: /home/alyazahrarr/tubesss/tubes_dagoz/install/msgs/include/msgs/msgs/msg/detail
[1.500s] -- Up-to-date: /home/alyazahrarr/tubesss/tubes_dagoz/install/msgs/include/msgs/msgs/msg/detail/hardware_command__rosidl_typesupport_fastrtps_c.h
[1.501s] -- Up-to-date: /home/alyazahrarr/tubesss/tubes_dagoz/install/msgs/include/msgs/msgs/msg/rosidl_typesupport_fastrtps_c__visibility_control.h
[1.502s] -- Up-to-date: /home/alyazahrarr/tubesss/tubes_dagoz/install/msgs/lib/libmsgs__rosidl_typesupport_fastrtps_c.so
[1.502s] -- Up-to-date: /home/alyazahrarr/tubesss/tubes_dagoz/install/msgs/include/msgs/msgs
[1.502s] -- Up-to-date: /home/alyazahrarr/tubesss/tubes_dagoz/install/msgs/include/msgs/msgs/msg
[1.503s] -- Up-to-date: /home/alyazahrarr/tubesss/tubes_dagoz/install/msgs/include/msgs/msgs/msg/detail
[1.503s] -- Up-to-date: /home/alyazahrarr/tubesss/tubes_dagoz/install/msgs/include/msgs/msgs/msg/detail/hardware_command__builder.hpp
[1.503s] -- Up-to-date: /home/alyazahrarr/tubesss/tubes_dagoz/install/msgs/include/msgs/msgs/msg/detail/hardware_command__traits.hpp
[1.504s] -- Up-to-date: /home/alyazahrarr/tubesss/tubes_dagoz/install/msgs/include/msgs/msgs/msg/detail/hardware_command__type_support.hpp
[1.504s] -- Up-to-date: /home/alyazahrarr/tubesss/tubes_dagoz/install/msgs/include/msgs/msgs/msg/detail/hardware_command__struct.hpp
[1.505s] -- Up-to-date: /home/alyazahrarr/tubesss/tubes_dagoz/install/msgs/include/msgs/msgs/msg/hardware_command.hpp
[1.505s] -- Up-to-date: /home/alyazahrarr/tubesss/tubes_dagoz/install/msgs/include/msgs/msgs/msg/rosidl_generator_cpp__visibility_control.hpp
[1.506s] -- Up-to-date: /home/alyazahrarr/tubesss/tubes_dagoz/install/msgs/include/msgs/msgs
[1.506s] -- Up-to-date: /home/alyazahrarr/tubesss/tubes_dagoz/install/msgs/include/msgs/msgs/msg
[1.507s] -- Up-to-date: /home/alyazahrarr/tubesss/tubes_dagoz/install/msgs/include/msgs/msgs/msg/detail
[1.507s] -- Up-to-date: /home/alyazahrarr/tubesss/tubes_dagoz/install/msgs/include/msgs/msgs/msg/detail/dds_fastrtps
[1.508s] -- Up-to-date: /home/alyazahrarr/tubesss/tubes_dagoz/install/msgs/include/msgs/msgs/msg/detail/hardware_command__rosidl_typesupport_fastrtps_cpp.hpp
[1.508s] -- Up-to-date: /home/alyazahrarr/tubesss/tubes_dagoz/install/msgs/include/msgs/msgs/msg/rosidl_typesupport_fastrtps_cpp__visibility_control.h
[1.509s] -- Up-to-date: /home/alyazahrarr/tubesss/tubes_dagoz/install/msgs/lib/libmsgs__rosidl_typesupport_fastrtps_cpp.so
[1.509s] -- Up-to-date: /home/alyazahrarr/tubesss/tubes_dagoz/install/msgs/include/msgs/msgs
[1.509s] -- Up-to-date: /home/alyazahrarr/tubesss/tubes_dagoz/install/msgs/include/msgs/msgs/msg
[1.510s] -- Up-to-date: /home/alyazahrarr/tubesss/tubes_dagoz/install/msgs/include/msgs/msgs/msg/detail
[1.510s] -- Up-to-date: /home/alyazahrarr/tubesss/tubes_dagoz/install/msgs/include/msgs/msgs/msg/detail/hardware_command__rosidl_typesupport_introspection_c.h
[1.511s] -- Up-to-date: /home/alyazahrarr/tubesss/tubes_dagoz/install/msgs/include/msgs/msgs/msg/detail/hardware_command__type_support.c
[1.511s] -- Up-to-date: /home/alyazahrarr/tubesss/tubes_dagoz/install/msgs/include/msgs/msgs/msg/rosidl_typesupport_introspection_c__visibility_control.h
[1.511s] -- Up-to-date: /home/alyazahrarr/tubesss/tubes_dagoz/install/msgs/lib/libmsgs__rosidl_typesupport_introspection_c.so
[1.512s] -- Up-to-date: /home/alyazahrarr/tubesss/tubes_dagoz/install/msgs/lib/libmsgs__rosidl_typesupport_c.so
[1.512s] -- Up-to-date: /home/alyazahrarr/tubesss/tubes_dagoz/install/msgs/include/msgs/msgs
[1.512s] -- Up-to-date: /home/alyazahrarr/tubesss/tubes_dagoz/install/msgs/include/msgs/msgs/msg
[1.512s] -- Up-to-date: /home/alyazahrarr/tubesss/tubes_dagoz/install/msgs/include/msgs/msgs/msg/detail
[1.512s] -- Up-to-date: /home/alyazahrarr/tubesss/tubes_dagoz/install/msgs/include/msgs/msgs/msg/detail/hardware_command__rosidl_typesupport_introspection_cpp.hpp
[1.512s] -- Up-to-date: /home/alyazahrarr/tubesss/tubes_dagoz/install/msgs/include/msgs/msgs/msg/detail/hardware_command__type_support.cpp
[1.512s] -- Up-to-date: /home/alyazahrarr/tubesss/tubes_dagoz/install/msgs/lib/libmsgs__rosidl_typesupport_introspection_cpp.so
[1.513s] -- Up-to-date: /home/alyazahrarr/tubesss/tubes_dagoz/install/msgs/lib/libmsgs__rosidl_typesupport_cpp.so
[1.513s] -- Up-to-date: /home/alyazahrarr/tubesss/tubes_dagoz/install/msgs/share/msgs/environment/pythonpath.sh
[1.513s] -- Up-to-date: /home/alyazahrarr/tubesss/tubes_dagoz/install/msgs/share/msgs/environment/pythonpath.dsv
[1.514s] -- Up-to-date: /home/alyazahrarr/tubesss/tubes_dagoz/install/msgs/lib/python3.12/site-packages/msgs-0.0.0-py3.12.egg-info
[1.514s] -- Installing: /home/alyazahrarr/tubesss/tubes_dagoz/install/msgs/lib/python3.12/site-packages/msgs-0.0.0-py3.12.egg-info/dependency_links.txt
[1.514s] -- Installing: /home/alyazahrarr/tubesss/tubes_dagoz/install/msgs/lib/python3.12/site-packages/msgs-0.0.0-py3.12.egg-info/SOURCES.txt
[1.514s] -- Installing: /home/alyazahrarr/tubesss/tubes_dagoz/install/msgs/lib/python3.12/site-packages/msgs-0.0.0-py3.12.egg-info/PKG-INFO
[1.515s] -- Installing: /home/alyazahrarr/tubesss/tubes_dagoz/install/msgs/lib/python3.12/site-packages/msgs-0.0.0-py3.12.egg-info/top_level.txt
[1.515s] -- Up-to-date: /home/alyazahrarr/tubesss/tubes_dagoz/install/msgs/lib/python3.12/site-packages/msgs
[1.515s] -- Up-to-date: /home/alyazahrarr/tubesss/tubes_dagoz/install/msgs/lib/python3.12/site-packages/msgs/msgs_s__rosidl_typesupport_c.so
[1.516s] -- Up-to-date: /home/alyazahrarr/tubesss/tubes_dagoz/install/msgs/lib/python3.12/site-packages/msgs/_msgs_s.ep.rosidl_typesupport_introspection_c.c
[1.516s] -- Up-to-date: /home/alyazahrarr/tubesss/tubes_dagoz/install/msgs/lib/python3.12/site-packages/msgs/_msgs_s.ep.rosidl_typesupport_fastrtps_c.c
[1.516s] -- Up-to-date: /home/alyazahrarr/tubesss/tubes_dagoz/install/msgs/lib/python3.12/site-packages/msgs/__init__.py
[1.517s] -- Up-to-date: /home/alyazahrarr/tubesss/tubes_dagoz/install/msgs/lib/python3.12/site-packages/msgs/_msgs_s.ep.rosidl_typesupport_c.c
[1.519s] -- Up-to-date: /home/alyazahrarr/tubesss/tubes_dagoz/install/msgs/lib/python3.12/site-packages/msgs/msgs_s__rosidl_typesupport_fastrtps_c.so
[1.519s] -- Up-to-date: /home/alyazahrarr/tubesss/tubes_dagoz/install/msgs/lib/python3.12/site-packages/msgs/msgs_s__rosidl_typesupport_introspection_c.so
[1.520s] -- Up-to-date: /home/alyazahrarr/tubesss/tubes_dagoz/install/msgs/lib/python3.12/site-packages/msgs/msg
[1.521s] -- Up-to-date: /home/alyazahrarr/tubesss/tubes_dagoz/install/msgs/lib/python3.12/site-packages/msgs/msg/__init__.py
[1.521s] -- Up-to-date: /home/alyazahrarr/tubesss/tubes_dagoz/install/msgs/lib/python3.12/site-packages/msgs/msg/_hardware_command.py
[1.522s] -- Up-to-date: /home/alyazahrarr/tubesss/tubes_dagoz/install/msgs/lib/python3.12/site-packages/msgs/msg/_hardware_command_s.c
[1.660s] Listing '/home/alyazahrarr/tubesss/tubes_dagoz/install/msgs/lib/python3.12/site-packages/msgs'...
[1.661s] Listing '/home/alyazahrarr/tubesss/tubes_dagoz/install/msgs/lib/python3.12/site-packages/msgs/msg'...
[1.681s] -- Up-to-date: /home/alyazahrarr/tubesss/tubes_dagoz/install/msgs/lib/python3.12/site-packages/msgs/msgs_s__rosidl_typesupport_fastrtps_c.so
[1.693s] -- Up-to-date: /home/alyazahrarr/tubesss/tubes_dagoz/install/msgs/lib/python3.12/site-packages/msgs/msgs_s__rosidl_typesupport_introspection_c.so
[1.695s] -- Up-to-date: /home/alyazahrarr/tubesss/tubes_dagoz/install/msgs/lib/python3.12/site-packages/msgs/msgs_s__rosidl_typesupport_c.so
[1.696s] -- Up-to-date: /home/alyazahrarr/tubesss/tubes_dagoz/install/msgs/lib/libmsgs__rosidl_generator_py.so
[1.700s] -- Up-to-date: /home/alyazahrarr/tubesss/tubes_dagoz/install/msgs/share/msgs/msg/HardwareCommand.idl
[1.701s] -- Up-to-date: /home/alyazahrarr/tubesss/tubes_dagoz/install/msgs/share/msgs/msg/HardwareCommand.msg
[1.701s] -- Up-to-date: /home/alyazahrarr/tubesss/tubes_dagoz/install/msgs/share/ament_index/resource_index/package_run_dependencies/msgs
[1.702s] -- Up-to-date: /home/alyazahrarr/tubesss/tubes_dagoz/install/msgs/share/ament_index/resource_index/parent_prefix_path/msgs
[1.703s] -- Up-to-date: /home/alyazahrarr/tubesss/tubes_dagoz/install/msgs/share/msgs/environment/ament_prefix_path.sh
[1.704s] -- Up-to-date: /home/alyazahrarr/tubesss/tubes_dagoz/install/msgs/share/msgs/environment/ament_prefix_path.dsv
[1.704s] -- Up-to-date: /home/alyazahrarr/tubesss/tubes_dagoz/install/msgs/share/msgs/environment/path.sh
[1.705s] -- Up-to-date: /home/alyazahrarr/tubesss/tubes_dagoz/install/msgs/share/msgs/environment/path.dsv
[1.706s] -- Up-to-date: /home/alyazahrarr/tubesss/tubes_dagoz/install/msgs/share/msgs/local_setup.bash
[1.708s] -- Up-to-date: /home/alyazahrarr/tubesss/tubes_dagoz/install/msgs/share/msgs/local_setup.sh
[1.708s] -- Up-to-date: /home/alyazahrarr/tubesss/tubes_dagoz/install/msgs/share/msgs/local_setup.zsh
[1.709s] -- Up-to-date: /home/alyazahrarr/tubesss/tubes_dagoz/install/msgs/share/msgs/local_setup.dsv
[1.711s] -- Installing: /home/alyazahrarr/tubesss/tubes_dagoz/install/msgs/share/msgs/package.dsv
[1.717s] -- Up-to-date: /home/alyazahrarr/tubesss/tubes_dagoz/install/msgs/share/ament_index/resource_index/packages/msgs
[1.717s] -- Up-to-date: /home/alyazahrarr/tubesss/tubes_dagoz/install/msgs/share/msgs/cmake/export_msgs__rosidl_generator_cExport.cmake
[1.717s] -- Up-to-date: /home/alyazahrarr/tubesss/tubes_dagoz/install/msgs/share/msgs/cmake/export_msgs__rosidl_generator_cExport-noconfig.cmake
[1.718s] -- Up-to-date: /home/alyazahrarr/tubesss/tubes_dagoz/install/msgs/share/msgs/cmake/export_msgs__rosidl_typesupport_fastrtps_cExport.cmake
[1.718s] -- Up-to-date: /home/alyazahrarr/tubesss/tubes_dagoz/install/msgs/share/msgs/cmake/export_msgs__rosidl_typesupport_fastrtps_cExport-noconfig.cmake
[1.722s] -- Up-to-date: /home/alyazahrarr/tubesss/tubes_dagoz/install/msgs/share/msgs/cmake/export_msgs__rosidl_generator_cppExport.cmake
[1.722s] -- Up-to-date: /home/alyazahrarr/tubesss/tubes_dagoz/install/msgs/share/msgs/cmake/export_msgs__rosidl_typesupport_fastrtps_cppExport.cmake
[1.724s] -- Up-to-date: /home/alyazahrarr/tubesss/tubes_dagoz/install/msgs/share/msgs/cmake/export_msgs__rosidl_typesupport_fastrtps_cppExport-noconfig.cmake
[1.727s] -- Up-to-date: /home/alyazahrarr/tubesss/tubes_dagoz/install/msgs/share/msgs/cmake/msgs__rosidl_typesupport_introspection_cExport.cmake
[1.728s] -- Up-to-date: /home/alyazahrarr/tubesss/tubes_dagoz/install/msgs/share/msgs/cmake/msgs__rosidl_typesupport_introspection_cExport-noconfig.cmake
[1.732s] -- Up-to-date: /home/alyazahrarr/tubesss/tubes_dagoz/install/msgs/share/msgs/cmake/msgs__rosidl_typesupport_cExport.cmake
[1.733s] -- Up-to-date: /home/alyazahrarr/tubesss/tubes_dagoz/install/msgs/share/msgs/cmake/msgs__rosidl_typesupport_cExport-noconfig.cmake
[1.735s] -- Up-to-date: /home/alyazahrarr/tubesss/tubes_dagoz/install/msgs/share/msgs/cmake/msgs__rosidl_typesupport_introspection_cppExport.cmake
[1.738s] -- Up-to-date: /home/alyazahrarr/tubesss/tubes_dagoz/install/msgs/share/msgs/cmake/msgs__rosidl_typesupport_introspection_cppExport-noconfig.cmake
[1.739s] -- Up-to-date: /home/alyazahrarr/tubesss/tubes_dagoz/install/msgs/share/msgs/cmake/msgs__rosidl_typesupport_cppExport.cmake
[1.739s] -- Up-to-date: /home/alyazahrarr/tubesss/tubes_dagoz/install/msgs/share/msgs/cmake/msgs__rosidl_typesupport_cppExport-noconfig.cmake
[1.740s] -- Up-to-date: /home/alyazahrarr/tubesss/tubes_dagoz/install/msgs/share/msgs/cmake/export_msgs__rosidl_generator_pyExport.cmake
[1.740s] -- Up-to-date: /home/alyazahrarr/tubesss/tubes_dagoz/install/msgs/share/msgs/cmake/export_msgs__rosidl_generator_pyExport-noconfig.cmake
[1.741s] -- Up-to-date: /home/alyazahrarr/tubesss/tubes_dagoz/install/msgs/share/msgs/cmake/rosidl_cmake-extras.cmake
[1.741s] -- Up-to-date: /home/alyazahrarr/tubesss/tubes_dagoz/install/msgs/share/msgs/cmake/ament_cmake_export_include_directories-extras.cmake
[1.741s] -- Up-to-date: /home/alyazahrarr/tubesss/tubes_dagoz/install/msgs/share/msgs/cmake/ament_cmake_export_libraries-extras.cmake
[1.742s] -- Up-to-date: /home/alyazahrarr/tubesss/tubes_dagoz/install/msgs/share/msgs/cmake/ament_cmake_export_targets-extras.cmake
[1.742s] -- Up-to-date: /home/alyazahrarr/tubesss/tubes_dagoz/install/msgs/share/msgs/cmake/rosidl_cmake_export_typesupport_targets-extras.cmake
[1.742s] -- Up-to-date: /home/alyazahrarr/tubesss/tubes_dagoz/install/msgs/share/msgs/cmake/ament_cmake_export_dependencies-extras.cmake
[1.744s] -- Up-to-date: /home/alyazahrarr/tubesss/tubes_dagoz/install/msgs/share/msgs/cmake/rosidl_cmake_export_typesupport_libraries-extras.cmake
[1.744s] -- Up-to-date: /home/alyazahrarr/tubesss/tubes_dagoz/install/msgs/share/msgs/cmake/msgsConfig.cmake
[1.744s] -- Up-to-date: /home/alyazahrarr/tubesss/tubes_dagoz/install/msgs/share/msgs/cmake/msgsConfig-version.cmake
[1.744s] -- Up-to-date: /home/alyazahrarr/tubesss/tubes_dagoz/install/msgs/share/msgs/package.xml
[1.780s] Invoked command in '/home/alyazahrarr/tubesss/tubes_dagoz/build/msgs' returned '0': CMAKE_PREFIX_PATH=${CMAKE_PREFIX_PATH}:/home/alyazahrarr/ros2_ws/install/launch_testing_examples:/home/alyazahrarr/ros2_ws/install/examples_rclpy_pointcloud_publisher:/home/alyazahrarr/ros2_ws/install/examples_rclpy_minimal_subscriber:/home/alyazahrarr/ros2_ws/install/examples_rclpy_minimal_service:/home/alyazahrarr/ros2_ws/install/examples_rclpy_minimal_publisher:/home/alyazahrarr/ros2_ws/install/examples_rclpy_minimal_client:/home/alyazahrarr/ros2_ws/install/examples_rclpy_minimal_action_server:/home/alyazahrarr/ros2_ws/install/examples_rclpy_minimal_action_client:/home/alyazahrarr/ros2_ws/install/examples_rclpy_guard_conditions:/home/alyazahrarr/ros2_ws/install/examples_rclpy_executors:/opt/ros/jazzy DEBUGINFOD_URLS=https://debuginfod.ubuntu.com /usr/bin/cmake --install /home/alyazahrarr/tubesss/tubes_dagoz/build/msgs
