[0.237s] DEBUG:colcon:Command line arguments: ['/usr/bin/colcon', 'build']
[0.237s] DEBUG:colcon:Parsed command line arguments: Namespace(log_base=None, log_level=None, verb_name='build', build_base='build', install_base='install', merge_install=False, symlink_install=False, test_result_base=None, continue_on_error=False, executor='parallel', parallel_workers=8, event_handlers=None, ignore_user_meta=False, metas=['./colcon.meta'], base_paths=['.'], packages_ignore=None, packages_ignore_regex=None, paths=None, packages_up_to=None, packages_up_to_regex=None, packages_above=None, packages_above_and_dependencies=None, packages_above_depth=None, packages_select_by_dep=None, packages_skip_by_dep=None, packages_skip_up_to=None, packages_select_build_failed=False, packages_skip_build_finished=False, packages_select_test_failures=False, packages_skip_test_passed=False, packages_select=None, packages_skip=None, packages_select_regex=None, packages_skip_regex=None, packages_start=None, packages_end=None, allow_overriding=[], cmake_args=None, cmake_target=None, cmake_target_skip_unavailable=False, cmake_clean_cache=False, cmake_clean_first=False, cmake_force_configure=False, ament_cmake_args=None, catkin_cmake_args=None, catkin_skip_building_tests=False, mixin_files=None, mixin=None, verb_parser=<colcon_mixin.mixin.mixin_argument.MixinArgumentDecorator object at 0x7492635c8140>, verb_extension=<colcon_core.verb.build.BuildVerb object at 0x749263593da0>, main=<bound method BuildVerb.main of <colcon_core.verb.build.BuildVerb object at 0x749263593da0>>, mixin_verb=('build',))
[0.311s] Level 1:colcon.colcon_core.package_discovery:discover_packages(colcon_meta) check parameters
[0.311s] Level 1:colcon.colcon_core.package_discovery:discover_packages(recursive) check parameters
[0.312s] Level 1:colcon.colcon_core.package_discovery:discover_packages(ignore) check parameters
[0.312s] Level 1:colcon.colcon_core.package_discovery:discover_packages(path) check parameters
[0.312s] Level 1:colcon.colcon_core.package_discovery:discover_packages(colcon_meta) discover
[0.312s] Level 1:colcon.colcon_core.package_discovery:discover_packages(recursive) discover
[0.312s] INFO:colcon.colcon_core.package_discovery:Crawling recursively for packages in '/home/alyazahrarr/tubesss/tubes_dagoz'
[0.312s] Level 1:colcon.colcon_core.package_identification:_identify(.) by extensions ['ignore', 'ignore_ament_install']
[0.313s] Level 1:colcon.colcon_core.package_identification:_identify(.) by extension 'ignore'
[0.313s] Level 1:colcon.colcon_core.package_identification:_identify(.) by extension 'ignore_ament_install'
[0.313s] Level 1:colcon.colcon_core.package_identification:_identify(.) by extensions ['colcon_pkg']
[0.313s] Level 1:colcon.colcon_core.package_identification:_identify(.) by extension 'colcon_pkg'
[0.313s] Level 1:colcon.colcon_core.package_identification:_identify(.) by extensions ['colcon_meta']
[0.314s] Level 1:colcon.colcon_core.package_identification:_identify(.) by extension 'colcon_meta'
[0.314s] Level 1:colcon.colcon_core.package_identification:_identify(.) by extensions ['ros']
[0.314s] Level 1:colcon.colcon_core.package_identification:_identify(.) by extension 'ros'
[0.373s] Level 1:colcon.colcon_core.package_identification:_identify(.) by extensions ['cmake', 'python']
[0.373s] Level 1:colcon.colcon_core.package_identification:_identify(.) by extension 'cmake'
[0.373s] Level 1:colcon.colcon_core.package_identification:_identify(.) by extension 'python'
[0.373s] Level 1:colcon.colcon_core.package_identification:_identify(.) by extensions ['python_setup_py']
[0.373s] Level 1:colcon.colcon_core.package_identification:_identify(.) by extension 'python_setup_py'
[0.373s] Level 1:colcon.colcon_core.package_identification:_identify(build) by extensions ['ignore', 'ignore_ament_install']
[0.374s] Level 1:colcon.colcon_core.package_identification:_identify(build) by extension 'ignore'
[0.374s] Level 1:colcon.colcon_core.package_identification:_identify(build) ignored
[0.374s] Level 1:colcon.colcon_core.package_identification:_identify(install) by extensions ['ignore', 'ignore_ament_install']
[0.375s] Level 1:colcon.colcon_core.package_identification:_identify(install) by extension 'ignore'
[0.375s] Level 1:colcon.colcon_core.package_identification:_identify(install) ignored
[0.375s] Level 1:colcon.colcon_core.package_identification:_identify(log) by extensions ['ignore', 'ignore_ament_install']
[0.375s] Level 1:colcon.colcon_core.package_identification:_identify(log) by extension 'ignore'
[0.376s] Level 1:colcon.colcon_core.package_identification:_identify(log) ignored
[0.376s] Level 1:colcon.colcon_core.package_identification:_identify(src) by extensions ['ignore', 'ignore_ament_install']
[0.376s] Level 1:colcon.colcon_core.package_identification:_identify(src) by extension 'ignore'
[0.376s] Level 1:colcon.colcon_core.package_identification:_identify(src) by extension 'ignore_ament_install'
[0.376s] Level 1:colcon.colcon_core.package_identification:_identify(src) by extensions ['colcon_pkg']
[0.377s] Level 1:colcon.colcon_core.package_identification:_identify(src) by extension 'colcon_pkg'
[0.377s] Level 1:colcon.colcon_core.package_identification:_identify(src) by extensions ['colcon_meta']
[0.377s] Level 1:colcon.colcon_core.package_identification:_identify(src) by extension 'colcon_meta'
[0.377s] Level 1:colcon.colcon_core.package_identification:_identify(src) by extensions ['ros']
[0.377s] Level 1:colcon.colcon_core.package_identification:_identify(src) by extension 'ros'
[0.377s] Level 1:colcon.colcon_core.package_identification:_identify(src) by extensions ['cmake', 'python']
[0.377s] Level 1:colcon.colcon_core.package_identification:_identify(src) by extension 'cmake'
[0.377s] Level 1:colcon.colcon_core.package_identification:_identify(src) by extension 'python'
[0.378s] Level 1:colcon.colcon_core.package_identification:_identify(src) by extensions ['python_setup_py']
[0.378s] Level 1:colcon.colcon_core.package_identification:_identify(src) by extension 'python_setup_py'
[0.378s] Level 1:colcon.colcon_core.package_identification:_identify(src/control) by extensions ['ignore', 'ignore_ament_install']
[0.378s] Level 1:colcon.colcon_core.package_identification:_identify(src/control) by extension 'ignore'
[0.378s] Level 1:colcon.colcon_core.package_identification:_identify(src/control) by extension 'ignore_ament_install'
[0.379s] Level 1:colcon.colcon_core.package_identification:_identify(src/control) by extensions ['colcon_pkg']
[0.379s] Level 1:colcon.colcon_core.package_identification:_identify(src/control) by extension 'colcon_pkg'
[0.379s] Level 1:colcon.colcon_core.package_identification:_identify(src/control) by extensions ['colcon_meta']
[0.379s] Level 1:colcon.colcon_core.package_identification:_identify(src/control) by extension 'colcon_meta'
[0.379s] Level 1:colcon.colcon_core.package_identification:_identify(src/control) by extensions ['ros']
[0.379s] Level 1:colcon.colcon_core.package_identification:_identify(src/control) by extension 'ros'
[0.385s] DEBUG:colcon.colcon_core.package_identification:Package 'src/control' with type 'ros.ament_cmake' and name 'control'
[0.386s] Level 1:colcon.colcon_core.package_identification:_identify(src/msgs) by extensions ['ignore', 'ignore_ament_install']
[0.386s] Level 1:colcon.colcon_core.package_identification:_identify(src/msgs) by extension 'ignore'
[0.386s] Level 1:colcon.colcon_core.package_identification:_identify(src/msgs) by extension 'ignore_ament_install'
[0.386s] Level 1:colcon.colcon_core.package_identification:_identify(src/msgs) by extensions ['colcon_pkg']
[0.387s] Level 1:colcon.colcon_core.package_identification:_identify(src/msgs) by extension 'colcon_pkg'
[0.387s] Level 1:colcon.colcon_core.package_identification:_identify(src/msgs) by extensions ['colcon_meta']
[0.387s] Level 1:colcon.colcon_core.package_identification:_identify(src/msgs) by extension 'colcon_meta'
[0.387s] Level 1:colcon.colcon_core.package_identification:_identify(src/msgs) by extensions ['ros']
[0.387s] Level 1:colcon.colcon_core.package_identification:_identify(src/msgs) by extension 'ros'
[0.388s] DEBUG:colcon.colcon_core.package_identification:Package 'src/msgs' with type 'ros.ament_cmake' and name 'msgs'
[0.388s] Level 1:colcon.colcon_core.package_identification:_identify(src/ros2_socketcan) by extensions ['ignore', 'ignore_ament_install']
[0.389s] Level 1:colcon.colcon_core.package_identification:_identify(src/ros2_socketcan) by extension 'ignore'
[0.389s] Level 1:colcon.colcon_core.package_identification:_identify(src/ros2_socketcan) by extension 'ignore_ament_install'
[0.389s] Level 1:colcon.colcon_core.package_identification:_identify(src/ros2_socketcan) by extensions ['colcon_pkg']
[0.389s] Level 1:colcon.colcon_core.package_identification:_identify(src/ros2_socketcan) by extension 'colcon_pkg'
[0.389s] Level 1:colcon.colcon_core.package_identification:_identify(src/ros2_socketcan) by extensions ['colcon_meta']
[0.390s] Level 1:colcon.colcon_core.package_identification:_identify(src/ros2_socketcan) by extension 'colcon_meta'
[0.390s] Level 1:colcon.colcon_core.package_identification:_identify(src/ros2_socketcan) by extensions ['ros']
[0.390s] Level 1:colcon.colcon_core.package_identification:_identify(src/ros2_socketcan) by extension 'ros'
[0.390s] Level 1:colcon.colcon_core.package_identification:_identify(src/ros2_socketcan) by extensions ['cmake', 'python']
[0.390s] Level 1:colcon.colcon_core.package_identification:_identify(src/ros2_socketcan) by extension 'cmake'
[0.390s] Level 1:colcon.colcon_core.package_identification:_identify(src/ros2_socketcan) by extension 'python'
[0.390s] Level 1:colcon.colcon_core.package_identification:_identify(src/ros2_socketcan) by extensions ['python_setup_py']
[0.391s] Level 1:colcon.colcon_core.package_identification:_identify(src/ros2_socketcan) by extension 'python_setup_py'
[0.391s] Level 1:colcon.colcon_core.package_identification:_identify(src/ros2_socketcan/can_msgs) by extensions ['ignore', 'ignore_ament_install']
[0.391s] Level 1:colcon.colcon_core.package_identification:_identify(src/ros2_socketcan/can_msgs) by extension 'ignore'
[0.391s] Level 1:colcon.colcon_core.package_identification:_identify(src/ros2_socketcan/can_msgs) by extension 'ignore_ament_install'
[0.392s] Level 1:colcon.colcon_core.package_identification:_identify(src/ros2_socketcan/can_msgs) by extensions ['colcon_pkg']
[0.392s] Level 1:colcon.colcon_core.package_identification:_identify(src/ros2_socketcan/can_msgs) by extension 'colcon_pkg'
[0.392s] Level 1:colcon.colcon_core.package_identification:_identify(src/ros2_socketcan/can_msgs) by extensions ['colcon_meta']
[0.392s] Level 1:colcon.colcon_core.package_identification:_identify(src/ros2_socketcan/can_msgs) by extension 'colcon_meta'
[0.392s] Level 1:colcon.colcon_core.package_identification:_identify(src/ros2_socketcan/can_msgs) by extensions ['ros']
[0.392s] Level 1:colcon.colcon_core.package_identification:_identify(src/ros2_socketcan/can_msgs) by extension 'ros'
[0.394s] DEBUG:colcon.colcon_core.package_identification:Package 'src/ros2_socketcan/can_msgs' with type 'ros.ament_cmake' and name 'can_msgs'
[0.394s] Level 1:colcon.colcon_core.package_identification:_identify(src/ros2_socketcan/ros2_socketcan) by extensions ['ignore', 'ignore_ament_install']
[0.395s] Level 1:colcon.colcon_core.package_identification:_identify(src/ros2_socketcan/ros2_socketcan) by extension 'ignore'
[0.395s] Level 1:colcon.colcon_core.package_identification:_identify(src/ros2_socketcan/ros2_socketcan) by extension 'ignore_ament_install'
[0.395s] Level 1:colcon.colcon_core.package_identification:_identify(src/ros2_socketcan/ros2_socketcan) by extensions ['colcon_pkg']
[0.395s] Level 1:colcon.colcon_core.package_identification:_identify(src/ros2_socketcan/ros2_socketcan) by extension 'colcon_pkg'
[0.395s] Level 1:colcon.colcon_core.package_identification:_identify(src/ros2_socketcan/ros2_socketcan) by extensions ['colcon_meta']
[0.395s] Level 1:colcon.colcon_core.package_identification:_identify(src/ros2_socketcan/ros2_socketcan) by extension 'colcon_meta'
[0.396s] Level 1:colcon.colcon_core.package_identification:_identify(src/ros2_socketcan/ros2_socketcan) by extensions ['ros']
[0.396s] Level 1:colcon.colcon_core.package_identification:_identify(src/ros2_socketcan/ros2_socketcan) by extension 'ros'
[0.397s] DEBUG:colcon.colcon_core.package_identification:Package 'src/ros2_socketcan/ros2_socketcan' with type 'ros.ament_cmake' and name 'ros2_socketcan'
[0.398s] Level 1:colcon.colcon_core.package_identification:_identify(src/ros2_socketcan/ros2_socketcan_msgs) by extensions ['ignore', 'ignore_ament_install']
[0.398s] Level 1:colcon.colcon_core.package_identification:_identify(src/ros2_socketcan/ros2_socketcan_msgs) by extension 'ignore'
[0.398s] Level 1:colcon.colcon_core.package_identification:_identify(src/ros2_socketcan/ros2_socketcan_msgs) by extension 'ignore_ament_install'
[0.398s] Level 1:colcon.colcon_core.package_identification:_identify(src/ros2_socketcan/ros2_socketcan_msgs) by extensions ['colcon_pkg']
[0.398s] Level 1:colcon.colcon_core.package_identification:_identify(src/ros2_socketcan/ros2_socketcan_msgs) by extension 'colcon_pkg'
[0.398s] Level 1:colcon.colcon_core.package_identification:_identify(src/ros2_socketcan/ros2_socketcan_msgs) by extensions ['colcon_meta']
[0.399s] Level 1:colcon.colcon_core.package_identification:_identify(src/ros2_socketcan/ros2_socketcan_msgs) by extension 'colcon_meta'
[0.399s] Level 1:colcon.colcon_core.package_identification:_identify(src/ros2_socketcan/ros2_socketcan_msgs) by extensions ['ros']
[0.399s] Level 1:colcon.colcon_core.package_identification:_identify(src/ros2_socketcan/ros2_socketcan_msgs) by extension 'ros'
[0.400s] DEBUG:colcon.colcon_core.package_identification:Package 'src/ros2_socketcan/ros2_socketcan_msgs' with type 'ros.ament_cmake' and name 'ros2_socketcan_msgs'
[0.400s] Level 1:colcon.colcon_core.package_discovery:discover_packages(recursive) using defaults
[0.400s] Level 1:colcon.colcon_core.package_discovery:discover_packages(ignore) discover
[0.400s] Level 1:colcon.colcon_core.package_discovery:discover_packages(ignore) using defaults
[0.400s] Level 1:colcon.colcon_core.package_discovery:discover_packages(path) discover
[0.400s] Level 1:colcon.colcon_core.package_discovery:discover_packages(path) using defaults
[0.439s] Level 1:colcon.colcon_core.package_discovery:discover_packages(prefix_path) check parameters
[0.439s] Level 1:colcon.colcon_core.package_discovery:discover_packages(prefix_path) discover
[0.445s] DEBUG:colcon.colcon_installed_package_information.package_discovery:Found 23 installed packages in /home/alyazahrarr/ros2_ws/install
[0.449s] DEBUG:colcon.colcon_installed_package_information.package_discovery:Found 307 installed packages in /opt/ros/jazzy
[0.453s] Level 1:colcon.colcon_core.package_discovery:discover_packages(prefix_path) using defaults
[0.555s] Level 5:colcon.colcon_core.verb:set package 'can_msgs' build argument 'cmake_args' from command line to 'None'
[0.555s] Level 5:colcon.colcon_core.verb:set package 'can_msgs' build argument 'cmake_target' from command line to 'None'
[0.555s] Level 5:colcon.colcon_core.verb:set package 'can_msgs' build argument 'cmake_target_skip_unavailable' from command line to 'False'
[0.555s] Level 5:colcon.colcon_core.verb:set package 'can_msgs' build argument 'cmake_clean_cache' from command line to 'False'
[0.555s] Level 5:colcon.colcon_core.verb:set package 'can_msgs' build argument 'cmake_clean_first' from command line to 'False'
[0.555s] Level 5:colcon.colcon_core.verb:set package 'can_msgs' build argument 'cmake_force_configure' from command line to 'False'
[0.555s] Level 5:colcon.colcon_core.verb:set package 'can_msgs' build argument 'ament_cmake_args' from command line to 'None'
[0.556s] Level 5:colcon.colcon_core.verb:set package 'can_msgs' build argument 'catkin_cmake_args' from command line to 'None'
[0.556s] Level 5:colcon.colcon_core.verb:set package 'can_msgs' build argument 'catkin_skip_building_tests' from command line to 'False'
[0.556s] DEBUG:colcon.colcon_core.verb:Building package 'can_msgs' with the following arguments: {'ament_cmake_args': None, 'build_base': '/home/alyazahrarr/tubesss/tubes_dagoz/build/can_msgs', 'catkin_cmake_args': None, 'catkin_skip_building_tests': False, 'cmake_args': None, 'cmake_clean_cache': False, 'cmake_clean_first': False, 'cmake_force_configure': False, 'cmake_target': None, 'cmake_target_skip_unavailable': False, 'install_base': '/home/alyazahrarr/tubesss/tubes_dagoz/install/can_msgs', 'merge_install': False, 'path': '/home/alyazahrarr/tubesss/tubes_dagoz/src/ros2_socketcan/can_msgs', 'symlink_install': False, 'test_result_base': None}
[0.556s] Level 5:colcon.colcon_core.verb:set package 'msgs' build argument 'cmake_args' from command line to 'None'
[0.557s] Level 5:colcon.colcon_core.verb:set package 'msgs' build argument 'cmake_target' from command line to 'None'
[0.557s] Level 5:colcon.colcon_core.verb:set package 'msgs' build argument 'cmake_target_skip_unavailable' from command line to 'False'
[0.557s] Level 5:colcon.colcon_core.verb:set package 'msgs' build argument 'cmake_clean_cache' from command line to 'False'
[0.557s] Level 5:colcon.colcon_core.verb:set package 'msgs' build argument 'cmake_clean_first' from command line to 'False'
[0.557s] Level 5:colcon.colcon_core.verb:set package 'msgs' build argument 'cmake_force_configure' from command line to 'False'
[0.557s] Level 5:colcon.colcon_core.verb:set package 'msgs' build argument 'ament_cmake_args' from command line to 'None'
[0.557s] Level 5:colcon.colcon_core.verb:set package 'msgs' build argument 'catkin_cmake_args' from command line to 'None'
[0.557s] Level 5:colcon.colcon_core.verb:set package 'msgs' build argument 'catkin_skip_building_tests' from command line to 'False'
[0.557s] DEBUG:colcon.colcon_core.verb:Building package 'msgs' with the following arguments: {'ament_cmake_args': None, 'build_base': '/home/alyazahrarr/tubesss/tubes_dagoz/build/msgs', 'catkin_cmake_args': None, 'catkin_skip_building_tests': False, 'cmake_args': None, 'cmake_clean_cache': False, 'cmake_clean_first': False, 'cmake_force_configure': False, 'cmake_target': None, 'cmake_target_skip_unavailable': False, 'install_base': '/home/alyazahrarr/tubesss/tubes_dagoz/install/msgs', 'merge_install': False, 'path': '/home/alyazahrarr/tubesss/tubes_dagoz/src/msgs', 'symlink_install': False, 'test_result_base': None}
[0.558s] Level 5:colcon.colcon_core.verb:set package 'ros2_socketcan_msgs' build argument 'cmake_args' from command line to 'None'
[0.558s] Level 5:colcon.colcon_core.verb:set package 'ros2_socketcan_msgs' build argument 'cmake_target' from command line to 'None'
[0.558s] Level 5:colcon.colcon_core.verb:set package 'ros2_socketcan_msgs' build argument 'cmake_target_skip_unavailable' from command line to 'False'
[0.558s] Level 5:colcon.colcon_core.verb:set package 'ros2_socketcan_msgs' build argument 'cmake_clean_cache' from command line to 'False'
[0.558s] Level 5:colcon.colcon_core.verb:set package 'ros2_socketcan_msgs' build argument 'cmake_clean_first' from command line to 'False'
[0.558s] Level 5:colcon.colcon_core.verb:set package 'ros2_socketcan_msgs' build argument 'cmake_force_configure' from command line to 'False'
[0.558s] Level 5:colcon.colcon_core.verb:set package 'ros2_socketcan_msgs' build argument 'ament_cmake_args' from command line to 'None'
[0.558s] Level 5:colcon.colcon_core.verb:set package 'ros2_socketcan_msgs' build argument 'catkin_cmake_args' from command line to 'None'
[0.558s] Level 5:colcon.colcon_core.verb:set package 'ros2_socketcan_msgs' build argument 'catkin_skip_building_tests' from command line to 'False'
[0.558s] DEBUG:colcon.colcon_core.verb:Building package 'ros2_socketcan_msgs' with the following arguments: {'ament_cmake_args': None, 'build_base': '/home/alyazahrarr/tubesss/tubes_dagoz/build/ros2_socketcan_msgs', 'catkin_cmake_args': None, 'catkin_skip_building_tests': False, 'cmake_args': None, 'cmake_clean_cache': False, 'cmake_clean_first': False, 'cmake_force_configure': False, 'cmake_target': None, 'cmake_target_skip_unavailable': False, 'install_base': '/home/alyazahrarr/tubesss/tubes_dagoz/install/ros2_socketcan_msgs', 'merge_install': False, 'path': '/home/alyazahrarr/tubesss/tubes_dagoz/src/ros2_socketcan/ros2_socketcan_msgs', 'symlink_install': False, 'test_result_base': None}
[0.559s] Level 5:colcon.colcon_core.verb:set package 'ros2_socketcan' build argument 'cmake_args' from command line to 'None'
[0.559s] Level 5:colcon.colcon_core.verb:set package 'ros2_socketcan' build argument 'cmake_target' from command line to 'None'
[0.559s] Level 5:colcon.colcon_core.verb:set package 'ros2_socketcan' build argument 'cmake_target_skip_unavailable' from command line to 'False'
[0.559s] Level 5:colcon.colcon_core.verb:set package 'ros2_socketcan' build argument 'cmake_clean_cache' from command line to 'False'
[0.559s] Level 5:colcon.colcon_core.verb:set package 'ros2_socketcan' build argument 'cmake_clean_first' from command line to 'False'
[0.559s] Level 5:colcon.colcon_core.verb:set package 'ros2_socketcan' build argument 'cmake_force_configure' from command line to 'False'
[0.559s] Level 5:colcon.colcon_core.verb:set package 'ros2_socketcan' build argument 'ament_cmake_args' from command line to 'None'
[0.560s] Level 5:colcon.colcon_core.verb:set package 'ros2_socketcan' build argument 'catkin_cmake_args' from command line to 'None'
[0.560s] Level 5:colcon.colcon_core.verb:set package 'ros2_socketcan' build argument 'catkin_skip_building_tests' from command line to 'False'
[0.560s] DEBUG:colcon.colcon_core.verb:Building package 'ros2_socketcan' with the following arguments: {'ament_cmake_args': None, 'build_base': '/home/alyazahrarr/tubesss/tubes_dagoz/build/ros2_socketcan', 'catkin_cmake_args': None, 'catkin_skip_building_tests': False, 'cmake_args': None, 'cmake_clean_cache': False, 'cmake_clean_first': False, 'cmake_force_configure': False, 'cmake_target': None, 'cmake_target_skip_unavailable': False, 'install_base': '/home/alyazahrarr/tubesss/tubes_dagoz/install/ros2_socketcan', 'merge_install': False, 'path': '/home/alyazahrarr/tubesss/tubes_dagoz/src/ros2_socketcan/ros2_socketcan', 'symlink_install': False, 'test_result_base': None}
[0.560s] Level 5:colcon.colcon_core.verb:set package 'control' build argument 'cmake_args' from command line to 'None'
[0.560s] Level 5:colcon.colcon_core.verb:set package 'control' build argument 'cmake_target' from command line to 'None'
[0.561s] Level 5:colcon.colcon_core.verb:set package 'control' build argument 'cmake_target_skip_unavailable' from command line to 'False'
[0.561s] Level 5:colcon.colcon_core.verb:set package 'control' build argument 'cmake_clean_cache' from command line to 'False'
[0.561s] Level 5:colcon.colcon_core.verb:set package 'control' build argument 'cmake_clean_first' from command line to 'False'
[0.561s] Level 5:colcon.colcon_core.verb:set package 'control' build argument 'cmake_force_configure' from command line to 'False'
[0.561s] Level 5:colcon.colcon_core.verb:set package 'control' build argument 'ament_cmake_args' from command line to 'None'
[0.561s] Level 5:colcon.colcon_core.verb:set package 'control' build argument 'catkin_cmake_args' from command line to 'None'
[0.561s] Level 5:colcon.colcon_core.verb:set package 'control' build argument 'catkin_skip_building_tests' from command line to 'False'
[0.561s] DEBUG:colcon.colcon_core.verb:Building package 'control' with the following arguments: {'ament_cmake_args': None, 'build_base': '/home/alyazahrarr/tubesss/tubes_dagoz/build/control', 'catkin_cmake_args': None, 'catkin_skip_building_tests': False, 'cmake_args': None, 'cmake_clean_cache': False, 'cmake_clean_first': False, 'cmake_force_configure': False, 'cmake_target': None, 'cmake_target_skip_unavailable': False, 'install_base': '/home/alyazahrarr/tubesss/tubes_dagoz/install/control', 'merge_install': False, 'path': '/home/alyazahrarr/tubesss/tubes_dagoz/src/control', 'symlink_install': False, 'test_result_base': None}
[0.561s] INFO:colcon.colcon_core.executor:Executing jobs using 'parallel' executor
[0.563s] DEBUG:colcon.colcon_parallel_executor.executor.parallel:run_until_complete
[0.563s] INFO:colcon.colcon_ros.task.ament_cmake.build:Building ROS package in '/home/alyazahrarr/tubesss/tubes_dagoz/src/ros2_socketcan/can_msgs' with build type 'ament_cmake'
[0.564s] INFO:colcon.colcon_cmake.task.cmake.build:Building CMake package in '/home/alyazahrarr/tubesss/tubes_dagoz/src/ros2_socketcan/can_msgs'
[0.570s] INFO:colcon.colcon_core.plugin_system:Skipping extension 'colcon_core.shell.bat': Not used on non-Windows systems
[0.571s] INFO:colcon.colcon_core.shell:Skip shell extension 'powershell' for command environment: Not usable outside of PowerShell
[0.571s] DEBUG:colcon.colcon_core.shell:Skip shell extension 'dsv' for command environment
[0.580s] INFO:colcon.colcon_ros.task.ament_cmake.build:Building ROS package in '/home/alyazahrarr/tubesss/tubes_dagoz/src/ros2_socketcan/ros2_socketcan_msgs' with build type 'ament_cmake'
[0.580s] INFO:colcon.colcon_cmake.task.cmake.build:Building CMake package in '/home/alyazahrarr/tubesss/tubes_dagoz/src/ros2_socketcan/ros2_socketcan_msgs'
[0.580s] INFO:colcon.colcon_core.shell:Skip shell extension 'powershell' for command environment: Not usable outside of PowerShell
[0.581s] DEBUG:colcon.colcon_core.shell:Skip shell extension 'dsv' for command environment
[0.591s] INFO:colcon.colcon_ros.task.ament_cmake.build:Building ROS package in '/home/alyazahrarr/tubesss/tubes_dagoz/src/msgs' with build type 'ament_cmake'
[0.592s] INFO:colcon.colcon_cmake.task.cmake.build:Building CMake package in '/home/alyazahrarr/tubesss/tubes_dagoz/src/msgs'
[0.592s] INFO:colcon.colcon_core.shell:Skip shell extension 'powershell' for command environment: Not usable outside of PowerShell
[0.592s] DEBUG:colcon.colcon_core.shell:Skip shell extension 'dsv' for command environment
[0.613s] DEBUG:colcon.colcon_core.event_handler.log_command:Invoking command in '/home/alyazahrarr/tubesss/tubes_dagoz/build/can_msgs': CMAKE_PREFIX_PATH=${CMAKE_PREFIX_PATH}:/home/alyazahrarr/ros2_ws/install/launch_testing_examples:/home/alyazahrarr/ros2_ws/install/examples_rclpy_pointcloud_publisher:/home/alyazahrarr/ros2_ws/install/examples_rclpy_minimal_subscriber:/home/alyazahrarr/ros2_ws/install/examples_rclpy_minimal_service:/home/alyazahrarr/ros2_ws/install/examples_rclpy_minimal_publisher:/home/alyazahrarr/ros2_ws/install/examples_rclpy_minimal_client:/home/alyazahrarr/ros2_ws/install/examples_rclpy_minimal_action_server:/home/alyazahrarr/ros2_ws/install/examples_rclpy_minimal_action_client:/home/alyazahrarr/ros2_ws/install/examples_rclpy_guard_conditions:/home/alyazahrarr/ros2_ws/install/examples_rclpy_executors:/opt/ros/jazzy DEBUGINFOD_URLS=https://debuginfod.ubuntu.com /usr/bin/cmake --build /home/alyazahrarr/tubesss/tubes_dagoz/build/can_msgs -- -j8 -l8
[0.623s] DEBUG:colcon.colcon_core.event_handler.log_command:Invoking command in '/home/alyazahrarr/tubesss/tubes_dagoz/build/ros2_socketcan_msgs': CMAKE_PREFIX_PATH=${CMAKE_PREFIX_PATH}:/home/alyazahrarr/ros2_ws/install/launch_testing_examples:/home/alyazahrarr/ros2_ws/install/examples_rclpy_pointcloud_publisher:/home/alyazahrarr/ros2_ws/install/examples_rclpy_minimal_subscriber:/home/alyazahrarr/ros2_ws/install/examples_rclpy_minimal_service:/home/alyazahrarr/ros2_ws/install/examples_rclpy_minimal_publisher:/home/alyazahrarr/ros2_ws/install/examples_rclpy_minimal_client:/home/alyazahrarr/ros2_ws/install/examples_rclpy_minimal_action_server:/home/alyazahrarr/ros2_ws/install/examples_rclpy_minimal_action_client:/home/alyazahrarr/ros2_ws/install/examples_rclpy_guard_conditions:/home/alyazahrarr/ros2_ws/install/examples_rclpy_executors:/opt/ros/jazzy DEBUGINFOD_URLS=https://debuginfod.ubuntu.com /usr/bin/cmake --build /home/alyazahrarr/tubesss/tubes_dagoz/build/ros2_socketcan_msgs -- -j8 -l8
[0.631s] DEBUG:colcon.colcon_core.event_handler.log_command:Invoking command in '/home/alyazahrarr/tubesss/tubes_dagoz/build/msgs': CMAKE_PREFIX_PATH=${CMAKE_PREFIX_PATH}:/home/alyazahrarr/ros2_ws/install/launch_testing_examples:/home/alyazahrarr/ros2_ws/install/examples_rclpy_pointcloud_publisher:/home/alyazahrarr/ros2_ws/install/examples_rclpy_minimal_subscriber:/home/alyazahrarr/ros2_ws/install/examples_rclpy_minimal_service:/home/alyazahrarr/ros2_ws/install/examples_rclpy_minimal_publisher:/home/alyazahrarr/ros2_ws/install/examples_rclpy_minimal_client:/home/alyazahrarr/ros2_ws/install/examples_rclpy_minimal_action_server:/home/alyazahrarr/ros2_ws/install/examples_rclpy_minimal_action_client:/home/alyazahrarr/ros2_ws/install/examples_rclpy_guard_conditions:/home/alyazahrarr/ros2_ws/install/examples_rclpy_executors:/opt/ros/jazzy DEBUGINFOD_URLS=https://debuginfod.ubuntu.com /usr/bin/cmake --build /home/alyazahrarr/tubesss/tubes_dagoz/build/msgs -- -j8 -l8
[1.913s] DEBUG:colcon.colcon_core.event_handler.log_command:Invoked command in '/home/alyazahrarr/tubesss/tubes_dagoz/build/can_msgs' returned '0': CMAKE_PREFIX_PATH=${CMAKE_PREFIX_PATH}:/home/alyazahrarr/ros2_ws/install/launch_testing_examples:/home/alyazahrarr/ros2_ws/install/examples_rclpy_pointcloud_publisher:/home/alyazahrarr/ros2_ws/install/examples_rclpy_minimal_subscriber:/home/alyazahrarr/ros2_ws/install/examples_rclpy_minimal_service:/home/alyazahrarr/ros2_ws/install/examples_rclpy_minimal_publisher:/home/alyazahrarr/ros2_ws/install/examples_rclpy_minimal_client:/home/alyazahrarr/ros2_ws/install/examples_rclpy_minimal_action_server:/home/alyazahrarr/ros2_ws/install/examples_rclpy_minimal_action_client:/home/alyazahrarr/ros2_ws/install/examples_rclpy_guard_conditions:/home/alyazahrarr/ros2_ws/install/examples_rclpy_executors:/opt/ros/jazzy DEBUGINFOD_URLS=https://debuginfod.ubuntu.com /usr/bin/cmake --build /home/alyazahrarr/tubesss/tubes_dagoz/build/can_msgs -- -j8 -l8
[1.945s] DEBUG:colcon.colcon_core.event_handler.log_command:Invoked command in '/home/alyazahrarr/tubesss/tubes_dagoz/build/ros2_socketcan_msgs' returned '0': CMAKE_PREFIX_PATH=${CMAKE_PREFIX_PATH}:/home/alyazahrarr/ros2_ws/install/launch_testing_examples:/home/alyazahrarr/ros2_ws/install/examples_rclpy_pointcloud_publisher:/home/alyazahrarr/ros2_ws/install/examples_rclpy_minimal_subscriber:/home/alyazahrarr/ros2_ws/install/examples_rclpy_minimal_service:/home/alyazahrarr/ros2_ws/install/examples_rclpy_minimal_publisher:/home/alyazahrarr/ros2_ws/install/examples_rclpy_minimal_client:/home/alyazahrarr/ros2_ws/install/examples_rclpy_minimal_action_server:/home/alyazahrarr/ros2_ws/install/examples_rclpy_minimal_action_client:/home/alyazahrarr/ros2_ws/install/examples_rclpy_guard_conditions:/home/alyazahrarr/ros2_ws/install/examples_rclpy_executors:/opt/ros/jazzy DEBUGINFOD_URLS=https://debuginfod.ubuntu.com /usr/bin/cmake --build /home/alyazahrarr/tubesss/tubes_dagoz/build/ros2_socketcan_msgs -- -j8 -l8
[1.962s] DEBUG:colcon.colcon_core.event_handler.log_command:Invoked command in '/home/alyazahrarr/tubesss/tubes_dagoz/build/msgs' returned '0': CMAKE_PREFIX_PATH=${CMAKE_PREFIX_PATH}:/home/alyazahrarr/ros2_ws/install/launch_testing_examples:/home/alyazahrarr/ros2_ws/install/examples_rclpy_pointcloud_publisher:/home/alyazahrarr/ros2_ws/install/examples_rclpy_minimal_subscriber:/home/alyazahrarr/ros2_ws/install/examples_rclpy_minimal_service:/home/alyazahrarr/ros2_ws/install/examples_rclpy_minimal_publisher:/home/alyazahrarr/ros2_ws/install/examples_rclpy_minimal_client:/home/alyazahrarr/ros2_ws/install/examples_rclpy_minimal_action_server:/home/alyazahrarr/ros2_ws/install/examples_rclpy_minimal_action_client:/home/alyazahrarr/ros2_ws/install/examples_rclpy_guard_conditions:/home/alyazahrarr/ros2_ws/install/examples_rclpy_executors:/opt/ros/jazzy DEBUGINFOD_URLS=https://debuginfod.ubuntu.com /usr/bin/cmake --build /home/alyazahrarr/tubesss/tubes_dagoz/build/msgs -- -j8 -l8
[2.059s] DEBUG:colcon.colcon_core.event_handler.log_command:Invoking command in '/home/alyazahrarr/tubesss/tubes_dagoz/build/can_msgs': CMAKE_PREFIX_PATH=${CMAKE_PREFIX_PATH}:/home/alyazahrarr/ros2_ws/install/launch_testing_examples:/home/alyazahrarr/ros2_ws/install/examples_rclpy_pointcloud_publisher:/home/alyazahrarr/ros2_ws/install/examples_rclpy_minimal_subscriber:/home/alyazahrarr/ros2_ws/install/examples_rclpy_minimal_service:/home/alyazahrarr/ros2_ws/install/examples_rclpy_minimal_publisher:/home/alyazahrarr/ros2_ws/install/examples_rclpy_minimal_client:/home/alyazahrarr/ros2_ws/install/examples_rclpy_minimal_action_server:/home/alyazahrarr/ros2_ws/install/examples_rclpy_minimal_action_client:/home/alyazahrarr/ros2_ws/install/examples_rclpy_guard_conditions:/home/alyazahrarr/ros2_ws/install/examples_rclpy_executors:/opt/ros/jazzy DEBUGINFOD_URLS=https://debuginfod.ubuntu.com /usr/bin/cmake --install /home/alyazahrarr/tubesss/tubes_dagoz/build/can_msgs
[2.073s] DEBUG:colcon.colcon_core.event_handler.log_command:Invoking command in '/home/alyazahrarr/tubesss/tubes_dagoz/build/ros2_socketcan_msgs': CMAKE_PREFIX_PATH=${CMAKE_PREFIX_PATH}:/home/alyazahrarr/ros2_ws/install/launch_testing_examples:/home/alyazahrarr/ros2_ws/install/examples_rclpy_pointcloud_publisher:/home/alyazahrarr/ros2_ws/install/examples_rclpy_minimal_subscriber:/home/alyazahrarr/ros2_ws/install/examples_rclpy_minimal_service:/home/alyazahrarr/ros2_ws/install/examples_rclpy_minimal_publisher:/home/alyazahrarr/ros2_ws/install/examples_rclpy_minimal_client:/home/alyazahrarr/ros2_ws/install/examples_rclpy_minimal_action_server:/home/alyazahrarr/ros2_ws/install/examples_rclpy_minimal_action_client:/home/alyazahrarr/ros2_ws/install/examples_rclpy_guard_conditions:/home/alyazahrarr/ros2_ws/install/examples_rclpy_executors:/opt/ros/jazzy DEBUGINFOD_URLS=https://debuginfod.ubuntu.com /usr/bin/cmake --install /home/alyazahrarr/tubesss/tubes_dagoz/build/ros2_socketcan_msgs
[2.108s] DEBUG:colcon.colcon_core.event_handler.log_command:Invoking command in '/home/alyazahrarr/tubesss/tubes_dagoz/build/msgs': CMAKE_PREFIX_PATH=${CMAKE_PREFIX_PATH}:/home/alyazahrarr/ros2_ws/install/launch_testing_examples:/home/alyazahrarr/ros2_ws/install/examples_rclpy_pointcloud_publisher:/home/alyazahrarr/ros2_ws/install/examples_rclpy_minimal_subscriber:/home/alyazahrarr/ros2_ws/install/examples_rclpy_minimal_service:/home/alyazahrarr/ros2_ws/install/examples_rclpy_minimal_publisher:/home/alyazahrarr/ros2_ws/install/examples_rclpy_minimal_client:/home/alyazahrarr/ros2_ws/install/examples_rclpy_minimal_action_server:/home/alyazahrarr/ros2_ws/install/examples_rclpy_minimal_action_client:/home/alyazahrarr/ros2_ws/install/examples_rclpy_guard_conditions:/home/alyazahrarr/ros2_ws/install/examples_rclpy_executors:/opt/ros/jazzy DEBUGINFOD_URLS=https://debuginfod.ubuntu.com /usr/bin/cmake --install /home/alyazahrarr/tubesss/tubes_dagoz/build/msgs
[2.255s] Level 1:colcon.colcon_core.environment:create_environment_scripts_only(msgs)
[2.273s] DEBUG:colcon.colcon_core.event_handler.log_command:Invoked command in '/home/alyazahrarr/tubesss/tubes_dagoz/build/msgs' returned '0': CMAKE_PREFIX_PATH=${CMAKE_PREFIX_PATH}:/home/alyazahrarr/ros2_ws/install/launch_testing_examples:/home/alyazahrarr/ros2_ws/install/examples_rclpy_pointcloud_publisher:/home/alyazahrarr/ros2_ws/install/examples_rclpy_minimal_subscriber:/home/alyazahrarr/ros2_ws/install/examples_rclpy_minimal_service:/home/alyazahrarr/ros2_ws/install/examples_rclpy_minimal_publisher:/home/alyazahrarr/ros2_ws/install/examples_rclpy_minimal_client:/home/alyazahrarr/ros2_ws/install/examples_rclpy_minimal_action_server:/home/alyazahrarr/ros2_ws/install/examples_rclpy_minimal_action_client:/home/alyazahrarr/ros2_ws/install/examples_rclpy_guard_conditions:/home/alyazahrarr/ros2_ws/install/examples_rclpy_executors:/opt/ros/jazzy DEBUGINFOD_URLS=https://debuginfod.ubuntu.com /usr/bin/cmake --install /home/alyazahrarr/tubesss/tubes_dagoz/build/msgs
[2.276s] Level 1:colcon.colcon_core.environment:checking '/home/alyazahrarr/tubesss/tubes_dagoz/install/msgs' for CMake module files
[2.282s] Level 1:colcon.colcon_core.environment:checking '/home/alyazahrarr/tubesss/tubes_dagoz/install/msgs' for CMake config files
[2.289s] Level 1:colcon.colcon_core.shell:create_environment_hook('msgs', 'cmake_prefix_path')
[2.289s] INFO:colcon.colcon_core.shell:Creating environment hook '/home/alyazahrarr/tubesss/tubes_dagoz/install/msgs/share/msgs/hook/cmake_prefix_path.ps1'
[2.291s] INFO:colcon.colcon_core.shell:Creating environment descriptor '/home/alyazahrarr/tubesss/tubes_dagoz/install/msgs/share/msgs/hook/cmake_prefix_path.dsv'
[2.292s] INFO:colcon.colcon_core.shell:Creating environment hook '/home/alyazahrarr/tubesss/tubes_dagoz/install/msgs/share/msgs/hook/cmake_prefix_path.sh'
[2.294s] Level 1:colcon.colcon_core.environment:checking '/home/alyazahrarr/tubesss/tubes_dagoz/install/msgs/lib'
[2.294s] Level 1:colcon.colcon_core.shell:create_environment_hook('msgs', 'ld_library_path_lib')
[2.295s] INFO:colcon.colcon_core.shell:Creating environment hook '/home/alyazahrarr/tubesss/tubes_dagoz/install/msgs/share/msgs/hook/ld_library_path_lib.ps1'
[2.296s] INFO:colcon.colcon_core.shell:Creating environment descriptor '/home/alyazahrarr/tubesss/tubes_dagoz/install/msgs/share/msgs/hook/ld_library_path_lib.dsv'
[2.297s] INFO:colcon.colcon_core.shell:Creating environment hook '/home/alyazahrarr/tubesss/tubes_dagoz/install/msgs/share/msgs/hook/ld_library_path_lib.sh'
[2.297s] Level 1:colcon.colcon_core.environment:checking '/home/alyazahrarr/tubesss/tubes_dagoz/install/msgs/bin'
[2.298s] Level 1:colcon.colcon_core.environment:checking '/home/alyazahrarr/tubesss/tubes_dagoz/install/msgs/lib/pkgconfig/msgs.pc'
[2.298s] Level 1:colcon.colcon_core.environment:checking '/home/alyazahrarr/tubesss/tubes_dagoz/install/msgs/lib/python3.12/site-packages'
[2.299s] Level 1:colcon.colcon_core.shell:create_environment_hook('msgs', 'pythonpath')
[2.299s] INFO:colcon.colcon_core.shell:Creating environment hook '/home/alyazahrarr/tubesss/tubes_dagoz/install/msgs/share/msgs/hook/pythonpath.ps1'
[2.300s] INFO:colcon.colcon_core.shell:Creating environment descriptor '/home/alyazahrarr/tubesss/tubes_dagoz/install/msgs/share/msgs/hook/pythonpath.dsv'
[2.301s] INFO:colcon.colcon_core.shell:Creating environment hook '/home/alyazahrarr/tubesss/tubes_dagoz/install/msgs/share/msgs/hook/pythonpath.sh'
[2.302s] Level 1:colcon.colcon_core.environment:checking '/home/alyazahrarr/tubesss/tubes_dagoz/install/msgs/bin'
[2.303s] INFO:colcon.colcon_core.shell:Creating package script '/home/alyazahrarr/tubesss/tubes_dagoz/install/msgs/share/msgs/package.ps1'
[2.305s] INFO:colcon.colcon_core.shell:Creating package descriptor '/home/alyazahrarr/tubesss/tubes_dagoz/install/msgs/share/msgs/package.dsv'
[2.307s] INFO:colcon.colcon_core.shell:Creating package script '/home/alyazahrarr/tubesss/tubes_dagoz/install/msgs/share/msgs/package.sh'
[2.309s] INFO:colcon.colcon_core.shell:Creating package script '/home/alyazahrarr/tubesss/tubes_dagoz/install/msgs/share/msgs/package.bash'
[2.310s] INFO:colcon.colcon_core.shell:Creating package script '/home/alyazahrarr/tubesss/tubes_dagoz/install/msgs/share/msgs/package.zsh'
[2.312s] Level 1:colcon.colcon_core.environment:create_file_with_runtime_dependencies(/home/alyazahrarr/tubesss/tubes_dagoz/install/msgs/share/colcon-core/packages/msgs)
[2.315s] Level 1:colcon.colcon_core.environment:create_environment_scripts_only(can_msgs)
[2.316s] Level 1:colcon.colcon_core.environment:checking '/home/alyazahrarr/tubesss/tubes_dagoz/install/can_msgs' for CMake module files
[2.317s] DEBUG:colcon.colcon_core.event_handler.log_command:Invoked command in '/home/alyazahrarr/tubesss/tubes_dagoz/build/can_msgs' returned '0': CMAKE_PREFIX_PATH=${CMAKE_PREFIX_PATH}:/home/alyazahrarr/ros2_ws/install/launch_testing_examples:/home/alyazahrarr/ros2_ws/install/examples_rclpy_pointcloud_publisher:/home/alyazahrarr/ros2_ws/install/examples_rclpy_minimal_subscriber:/home/alyazahrarr/ros2_ws/install/examples_rclpy_minimal_service:/home/alyazahrarr/ros2_ws/install/examples_rclpy_minimal_publisher:/home/alyazahrarr/ros2_ws/install/examples_rclpy_minimal_client:/home/alyazahrarr/ros2_ws/install/examples_rclpy_minimal_action_server:/home/alyazahrarr/ros2_ws/install/examples_rclpy_minimal_action_client:/home/alyazahrarr/ros2_ws/install/examples_rclpy_guard_conditions:/home/alyazahrarr/ros2_ws/install/examples_rclpy_executors:/opt/ros/jazzy DEBUGINFOD_URLS=https://debuginfod.ubuntu.com /usr/bin/cmake --install /home/alyazahrarr/tubesss/tubes_dagoz/build/can_msgs
[2.318s] Level 1:colcon.colcon_core.environment:checking '/home/alyazahrarr/tubesss/tubes_dagoz/install/can_msgs' for CMake config files
[2.319s] Level 1:colcon.colcon_core.shell:create_environment_hook('can_msgs', 'cmake_prefix_path')
[2.320s] INFO:colcon.colcon_core.shell:Creating environment hook '/home/alyazahrarr/tubesss/tubes_dagoz/install/can_msgs/share/can_msgs/hook/cmake_prefix_path.ps1'
[2.321s] INFO:colcon.colcon_core.shell:Creating environment descriptor '/home/alyazahrarr/tubesss/tubes_dagoz/install/can_msgs/share/can_msgs/hook/cmake_prefix_path.dsv'
[2.322s] INFO:colcon.colcon_core.shell:Creating environment hook '/home/alyazahrarr/tubesss/tubes_dagoz/install/can_msgs/share/can_msgs/hook/cmake_prefix_path.sh'
[2.323s] Level 1:colcon.colcon_core.environment:checking '/home/alyazahrarr/tubesss/tubes_dagoz/install/can_msgs/lib'
[2.323s] Level 1:colcon.colcon_core.shell:create_environment_hook('can_msgs', 'ld_library_path_lib')
[2.324s] INFO:colcon.colcon_core.shell:Creating environment hook '/home/alyazahrarr/tubesss/tubes_dagoz/install/can_msgs/share/can_msgs/hook/ld_library_path_lib.ps1'
[2.325s] INFO:colcon.colcon_core.shell:Creating environment descriptor '/home/alyazahrarr/tubesss/tubes_dagoz/install/can_msgs/share/can_msgs/hook/ld_library_path_lib.dsv'
[2.326s] INFO:colcon.colcon_core.shell:Creating environment hook '/home/alyazahrarr/tubesss/tubes_dagoz/install/can_msgs/share/can_msgs/hook/ld_library_path_lib.sh'
[2.327s] Level 1:colcon.colcon_core.environment:checking '/home/alyazahrarr/tubesss/tubes_dagoz/install/can_msgs/bin'
[2.327s] Level 1:colcon.colcon_core.environment:checking '/home/alyazahrarr/tubesss/tubes_dagoz/install/can_msgs/lib/pkgconfig/can_msgs.pc'
[2.328s] Level 1:colcon.colcon_core.environment:checking '/home/alyazahrarr/tubesss/tubes_dagoz/install/can_msgs/lib/python3.12/site-packages'
[2.328s] Level 1:colcon.colcon_core.shell:create_environment_hook('can_msgs', 'pythonpath')
[2.329s] INFO:colcon.colcon_core.shell:Creating environment hook '/home/alyazahrarr/tubesss/tubes_dagoz/install/can_msgs/share/can_msgs/hook/pythonpath.ps1'
[2.330s] INFO:colcon.colcon_core.shell:Creating environment descriptor '/home/alyazahrarr/tubesss/tubes_dagoz/install/can_msgs/share/can_msgs/hook/pythonpath.dsv'
[2.330s] INFO:colcon.colcon_core.shell:Creating environment hook '/home/alyazahrarr/tubesss/tubes_dagoz/install/can_msgs/share/can_msgs/hook/pythonpath.sh'
[2.332s] Level 1:colcon.colcon_core.environment:checking '/home/alyazahrarr/tubesss/tubes_dagoz/install/can_msgs/bin'
[2.332s] INFO:colcon.colcon_core.shell:Creating package script '/home/alyazahrarr/tubesss/tubes_dagoz/install/can_msgs/share/can_msgs/package.ps1'
[2.333s] INFO:colcon.colcon_core.shell:Creating package descriptor '/home/alyazahrarr/tubesss/tubes_dagoz/install/can_msgs/share/can_msgs/package.dsv'
[2.334s] INFO:colcon.colcon_core.shell:Creating package script '/home/alyazahrarr/tubesss/tubes_dagoz/install/can_msgs/share/can_msgs/package.sh'
[2.335s] INFO:colcon.colcon_core.shell:Creating package script '/home/alyazahrarr/tubesss/tubes_dagoz/install/can_msgs/share/can_msgs/package.bash'
[2.336s] INFO:colcon.colcon_core.shell:Creating package script '/home/alyazahrarr/tubesss/tubes_dagoz/install/can_msgs/share/can_msgs/package.zsh'
[2.336s] Level 1:colcon.colcon_core.environment:create_file_with_runtime_dependencies(/home/alyazahrarr/tubesss/tubes_dagoz/install/can_msgs/share/colcon-core/packages/can_msgs)
[2.339s] Level 1:colcon.colcon_core.environment:create_environment_scripts_only(ros2_socketcan_msgs)
[2.339s] Level 1:colcon.colcon_core.environment:checking '/home/alyazahrarr/tubesss/tubes_dagoz/install/ros2_socketcan_msgs' for CMake module files
[2.342s] DEBUG:colcon.colcon_core.event_handler.log_command:Invoked command in '/home/alyazahrarr/tubesss/tubes_dagoz/build/ros2_socketcan_msgs' returned '0': CMAKE_PREFIX_PATH=${CMAKE_PREFIX_PATH}:/home/alyazahrarr/ros2_ws/install/launch_testing_examples:/home/alyazahrarr/ros2_ws/install/examples_rclpy_pointcloud_publisher:/home/alyazahrarr/ros2_ws/install/examples_rclpy_minimal_subscriber:/home/alyazahrarr/ros2_ws/install/examples_rclpy_minimal_service:/home/alyazahrarr/ros2_ws/install/examples_rclpy_minimal_publisher:/home/alyazahrarr/ros2_ws/install/examples_rclpy_minimal_client:/home/alyazahrarr/ros2_ws/install/examples_rclpy_minimal_action_server:/home/alyazahrarr/ros2_ws/install/examples_rclpy_minimal_action_client:/home/alyazahrarr/ros2_ws/install/examples_rclpy_guard_conditions:/home/alyazahrarr/ros2_ws/install/examples_rclpy_executors:/opt/ros/jazzy DEBUGINFOD_URLS=https://debuginfod.ubuntu.com /usr/bin/cmake --install /home/alyazahrarr/tubesss/tubes_dagoz/build/ros2_socketcan_msgs
[2.344s] Level 1:colcon.colcon_core.environment:checking '/home/alyazahrarr/tubesss/tubes_dagoz/install/ros2_socketcan_msgs' for CMake config files
[2.346s] Level 1:colcon.colcon_core.shell:create_environment_hook('ros2_socketcan_msgs', 'cmake_prefix_path')
[2.346s] INFO:colcon.colcon_core.shell:Creating environment hook '/home/alyazahrarr/tubesss/tubes_dagoz/install/ros2_socketcan_msgs/share/ros2_socketcan_msgs/hook/cmake_prefix_path.ps1'
[2.347s] INFO:colcon.colcon_core.shell:Creating environment descriptor '/home/alyazahrarr/tubesss/tubes_dagoz/install/ros2_socketcan_msgs/share/ros2_socketcan_msgs/hook/cmake_prefix_path.dsv'
[2.348s] INFO:colcon.colcon_core.shell:Creating environment hook '/home/alyazahrarr/tubesss/tubes_dagoz/install/ros2_socketcan_msgs/share/ros2_socketcan_msgs/hook/cmake_prefix_path.sh'
[2.350s] Level 1:colcon.colcon_core.environment:checking '/home/alyazahrarr/tubesss/tubes_dagoz/install/ros2_socketcan_msgs/lib'
[2.351s] Level 1:colcon.colcon_core.shell:create_environment_hook('ros2_socketcan_msgs', 'ld_library_path_lib')
[2.351s] INFO:colcon.colcon_core.shell:Creating environment hook '/home/alyazahrarr/tubesss/tubes_dagoz/install/ros2_socketcan_msgs/share/ros2_socketcan_msgs/hook/ld_library_path_lib.ps1'
[2.352s] INFO:colcon.colcon_core.shell:Creating environment descriptor '/home/alyazahrarr/tubesss/tubes_dagoz/install/ros2_socketcan_msgs/share/ros2_socketcan_msgs/hook/ld_library_path_lib.dsv'
[2.354s] INFO:colcon.colcon_core.shell:Creating environment hook '/home/alyazahrarr/tubesss/tubes_dagoz/install/ros2_socketcan_msgs/share/ros2_socketcan_msgs/hook/ld_library_path_lib.sh'
[2.355s] Level 1:colcon.colcon_core.environment:checking '/home/alyazahrarr/tubesss/tubes_dagoz/install/ros2_socketcan_msgs/bin'
[2.356s] Level 1:colcon.colcon_core.environment:checking '/home/alyazahrarr/tubesss/tubes_dagoz/install/ros2_socketcan_msgs/lib/pkgconfig/ros2_socketcan_msgs.pc'
[2.357s] Level 1:colcon.colcon_core.environment:checking '/home/alyazahrarr/tubesss/tubes_dagoz/install/ros2_socketcan_msgs/lib/python3.12/site-packages'
[2.357s] Level 1:colcon.colcon_core.shell:create_environment_hook('ros2_socketcan_msgs', 'pythonpath')
[2.358s] INFO:colcon.colcon_core.shell:Creating environment hook '/home/alyazahrarr/tubesss/tubes_dagoz/install/ros2_socketcan_msgs/share/ros2_socketcan_msgs/hook/pythonpath.ps1'
[2.359s] INFO:colcon.colcon_core.shell:Creating environment descriptor '/home/alyazahrarr/tubesss/tubes_dagoz/install/ros2_socketcan_msgs/share/ros2_socketcan_msgs/hook/pythonpath.dsv'
[2.360s] INFO:colcon.colcon_core.shell:Creating environment hook '/home/alyazahrarr/tubesss/tubes_dagoz/install/ros2_socketcan_msgs/share/ros2_socketcan_msgs/hook/pythonpath.sh'
[2.362s] Level 1:colcon.colcon_core.environment:checking '/home/alyazahrarr/tubesss/tubes_dagoz/install/ros2_socketcan_msgs/bin'
[2.363s] INFO:colcon.colcon_core.shell:Creating package script '/home/alyazahrarr/tubesss/tubes_dagoz/install/ros2_socketcan_msgs/share/ros2_socketcan_msgs/package.ps1'
[2.364s] INFO:colcon.colcon_core.shell:Creating package descriptor '/home/alyazahrarr/tubesss/tubes_dagoz/install/ros2_socketcan_msgs/share/ros2_socketcan_msgs/package.dsv'
[2.365s] INFO:colcon.colcon_core.shell:Creating package script '/home/alyazahrarr/tubesss/tubes_dagoz/install/ros2_socketcan_msgs/share/ros2_socketcan_msgs/package.sh'
[2.367s] INFO:colcon.colcon_core.shell:Creating package script '/home/alyazahrarr/tubesss/tubes_dagoz/install/ros2_socketcan_msgs/share/ros2_socketcan_msgs/package.bash'
[2.368s] INFO:colcon.colcon_core.shell:Creating package script '/home/alyazahrarr/tubesss/tubes_dagoz/install/ros2_socketcan_msgs/share/ros2_socketcan_msgs/package.zsh'
[2.369s] Level 1:colcon.colcon_core.environment:create_file_with_runtime_dependencies(/home/alyazahrarr/tubesss/tubes_dagoz/install/ros2_socketcan_msgs/share/colcon-core/packages/ros2_socketcan_msgs)
[2.449s] Level 1:colcon.colcon_core.environment:create_environment_scripts_only(msgs)
[2.449s] Level 1:colcon.colcon_core.environment:checking '/home/alyazahrarr/tubesss/tubes_dagoz/install/msgs' for CMake module files
[2.452s] Level 1:colcon.colcon_core.environment:checking '/home/alyazahrarr/tubesss/tubes_dagoz/install/msgs' for CMake config files
[2.453s] Level 1:colcon.colcon_core.shell:create_environment_hook('msgs', 'cmake_prefix_path')
[2.453s] INFO:colcon.colcon_core.shell:Creating environment hook '/home/alyazahrarr/tubesss/tubes_dagoz/install/msgs/share/msgs/hook/cmake_prefix_path.ps1'
[2.454s] INFO:colcon.colcon_core.shell:Creating environment descriptor '/home/alyazahrarr/tubesss/tubes_dagoz/install/msgs/share/msgs/hook/cmake_prefix_path.dsv'
[2.455s] INFO:colcon.colcon_core.shell:Creating environment hook '/home/alyazahrarr/tubesss/tubes_dagoz/install/msgs/share/msgs/hook/cmake_prefix_path.sh'
[2.457s] Level 1:colcon.colcon_core.environment:checking '/home/alyazahrarr/tubesss/tubes_dagoz/install/msgs/lib'
[2.457s] Level 1:colcon.colcon_core.shell:create_environment_hook('msgs', 'ld_library_path_lib')
[2.458s] INFO:colcon.colcon_core.shell:Creating environment hook '/home/alyazahrarr/tubesss/tubes_dagoz/install/msgs/share/msgs/hook/ld_library_path_lib.ps1'
[2.459s] INFO:colcon.colcon_core.shell:Creating environment descriptor '/home/alyazahrarr/tubesss/tubes_dagoz/install/msgs/share/msgs/hook/ld_library_path_lib.dsv'
[2.460s] INFO:colcon.colcon_core.shell:Creating environment hook '/home/alyazahrarr/tubesss/tubes_dagoz/install/msgs/share/msgs/hook/ld_library_path_lib.sh'
[2.461s] Level 1:colcon.colcon_core.environment:checking '/home/alyazahrarr/tubesss/tubes_dagoz/install/msgs/bin'
[2.461s] Level 1:colcon.colcon_core.environment:checking '/home/alyazahrarr/tubesss/tubes_dagoz/install/msgs/lib/pkgconfig/msgs.pc'
[2.462s] Level 1:colcon.colcon_core.environment:checking '/home/alyazahrarr/tubesss/tubes_dagoz/install/msgs/lib/python3.12/site-packages'
[2.463s] Level 1:colcon.colcon_core.shell:create_environment_hook('msgs', 'pythonpath')
[2.463s] INFO:colcon.colcon_core.shell:Creating environment hook '/home/alyazahrarr/tubesss/tubes_dagoz/install/msgs/share/msgs/hook/pythonpath.ps1'
[2.464s] INFO:colcon.colcon_core.shell:Creating environment descriptor '/home/alyazahrarr/tubesss/tubes_dagoz/install/msgs/share/msgs/hook/pythonpath.dsv'
[2.465s] INFO:colcon.colcon_core.shell:Creating environment hook '/home/alyazahrarr/tubesss/tubes_dagoz/install/msgs/share/msgs/hook/pythonpath.sh'
[2.467s] Level 1:colcon.colcon_core.environment:checking '/home/alyazahrarr/tubesss/tubes_dagoz/install/msgs/bin'
[2.468s] INFO:colcon.colcon_core.shell:Creating package script '/home/alyazahrarr/tubesss/tubes_dagoz/install/msgs/share/msgs/package.ps1'
[2.470s] INFO:colcon.colcon_core.shell:Creating package descriptor '/home/alyazahrarr/tubesss/tubes_dagoz/install/msgs/share/msgs/package.dsv'
[2.471s] INFO:colcon.colcon_core.shell:Creating package script '/home/alyazahrarr/tubesss/tubes_dagoz/install/msgs/share/msgs/package.sh'
[2.473s] INFO:colcon.colcon_core.shell:Creating package script '/home/alyazahrarr/tubesss/tubes_dagoz/install/msgs/share/msgs/package.bash'
[2.474s] INFO:colcon.colcon_core.shell:Creating package script '/home/alyazahrarr/tubesss/tubes_dagoz/install/msgs/share/msgs/package.zsh'
[2.475s] Level 1:colcon.colcon_core.environment:create_file_with_runtime_dependencies(/home/alyazahrarr/tubesss/tubes_dagoz/install/msgs/share/colcon-core/packages/msgs)
[2.486s] Level 1:colcon.colcon_core.environment:create_environment_scripts_only(can_msgs)
[2.486s] Level 1:colcon.colcon_core.environment:checking '/home/alyazahrarr/tubesss/tubes_dagoz/install/can_msgs' for CMake module files
[2.488s] Level 1:colcon.colcon_core.environment:checking '/home/alyazahrarr/tubesss/tubes_dagoz/install/can_msgs' for CMake config files
[2.488s] Level 1:colcon.colcon_core.shell:create_environment_hook('can_msgs', 'cmake_prefix_path')
[2.488s] INFO:colcon.colcon_core.shell:Creating environment hook '/home/alyazahrarr/tubesss/tubes_dagoz/install/can_msgs/share/can_msgs/hook/cmake_prefix_path.ps1'
[2.489s] INFO:colcon.colcon_core.shell:Creating environment descriptor '/home/alyazahrarr/tubesss/tubes_dagoz/install/can_msgs/share/can_msgs/hook/cmake_prefix_path.dsv'
[2.490s] INFO:colcon.colcon_core.shell:Creating environment hook '/home/alyazahrarr/tubesss/tubes_dagoz/install/can_msgs/share/can_msgs/hook/cmake_prefix_path.sh'
[2.491s] Level 1:colcon.colcon_core.environment:checking '/home/alyazahrarr/tubesss/tubes_dagoz/install/can_msgs/lib'
[2.491s] Level 1:colcon.colcon_core.shell:create_environment_hook('can_msgs', 'ld_library_path_lib')
[2.492s] INFO:colcon.colcon_core.shell:Creating environment hook '/home/alyazahrarr/tubesss/tubes_dagoz/install/can_msgs/share/can_msgs/hook/ld_library_path_lib.ps1'
[2.492s] INFO:colcon.colcon_core.shell:Creating environment descriptor '/home/alyazahrarr/tubesss/tubes_dagoz/install/can_msgs/share/can_msgs/hook/ld_library_path_lib.dsv'
[2.493s] INFO:colcon.colcon_core.shell:Creating environment hook '/home/alyazahrarr/tubesss/tubes_dagoz/install/can_msgs/share/can_msgs/hook/ld_library_path_lib.sh'
[2.494s] Level 1:colcon.colcon_core.environment:checking '/home/alyazahrarr/tubesss/tubes_dagoz/install/can_msgs/bin'
[2.494s] Level 1:colcon.colcon_core.environment:checking '/home/alyazahrarr/tubesss/tubes_dagoz/install/can_msgs/lib/pkgconfig/can_msgs.pc'
[2.494s] Level 1:colcon.colcon_core.environment:checking '/home/alyazahrarr/tubesss/tubes_dagoz/install/can_msgs/lib/python3.12/site-packages'
[2.495s] Level 1:colcon.colcon_core.shell:create_environment_hook('can_msgs', 'pythonpath')
[2.495s] INFO:colcon.colcon_core.shell:Creating environment hook '/home/alyazahrarr/tubesss/tubes_dagoz/install/can_msgs/share/can_msgs/hook/pythonpath.ps1'
[2.496s] INFO:colcon.colcon_core.shell:Creating environment descriptor '/home/alyazahrarr/tubesss/tubes_dagoz/install/can_msgs/share/can_msgs/hook/pythonpath.dsv'
[2.496s] INFO:colcon.colcon_core.shell:Creating environment hook '/home/alyazahrarr/tubesss/tubes_dagoz/install/can_msgs/share/can_msgs/hook/pythonpath.sh'
[2.498s] Level 1:colcon.colcon_core.environment:checking '/home/alyazahrarr/tubesss/tubes_dagoz/install/can_msgs/bin'
[2.499s] INFO:colcon.colcon_core.shell:Creating package script '/home/alyazahrarr/tubesss/tubes_dagoz/install/can_msgs/share/can_msgs/package.ps1'
[2.500s] INFO:colcon.colcon_core.shell:Creating package descriptor '/home/alyazahrarr/tubesss/tubes_dagoz/install/can_msgs/share/can_msgs/package.dsv'
[2.502s] INFO:colcon.colcon_core.shell:Creating package script '/home/alyazahrarr/tubesss/tubes_dagoz/install/can_msgs/share/can_msgs/package.sh'
[2.503s] INFO:colcon.colcon_core.shell:Creating package script '/home/alyazahrarr/tubesss/tubes_dagoz/install/can_msgs/share/can_msgs/package.bash'
[2.503s] INFO:colcon.colcon_core.shell:Creating package script '/home/alyazahrarr/tubesss/tubes_dagoz/install/can_msgs/share/can_msgs/package.zsh'
[2.504s] Level 1:colcon.colcon_core.environment:create_file_with_runtime_dependencies(/home/alyazahrarr/tubesss/tubes_dagoz/install/can_msgs/share/colcon-core/packages/can_msgs)
[2.508s] Level 1:colcon.colcon_core.environment:create_environment_scripts_only(ros2_socketcan_msgs)
[2.508s] Level 1:colcon.colcon_core.environment:checking '/home/alyazahrarr/tubesss/tubes_dagoz/install/ros2_socketcan_msgs' for CMake module files
[2.510s] Level 1:colcon.colcon_core.environment:checking '/home/alyazahrarr/tubesss/tubes_dagoz/install/ros2_socketcan_msgs' for CMake config files
[2.510s] Level 1:colcon.colcon_core.shell:create_environment_hook('ros2_socketcan_msgs', 'cmake_prefix_path')
[2.511s] INFO:colcon.colcon_core.shell:Creating environment hook '/home/alyazahrarr/tubesss/tubes_dagoz/install/ros2_socketcan_msgs/share/ros2_socketcan_msgs/hook/cmake_prefix_path.ps1'
[2.512s] INFO:colcon.colcon_core.shell:Creating environment descriptor '/home/alyazahrarr/tubesss/tubes_dagoz/install/ros2_socketcan_msgs/share/ros2_socketcan_msgs/hook/cmake_prefix_path.dsv'
[2.512s] INFO:colcon.colcon_core.shell:Creating environment hook '/home/alyazahrarr/tubesss/tubes_dagoz/install/ros2_socketcan_msgs/share/ros2_socketcan_msgs/hook/cmake_prefix_path.sh'
[2.513s] Level 1:colcon.colcon_core.environment:checking '/home/alyazahrarr/tubesss/tubes_dagoz/install/ros2_socketcan_msgs/lib'
[2.513s] Level 1:colcon.colcon_core.shell:create_environment_hook('ros2_socketcan_msgs', 'ld_library_path_lib')
[2.514s] INFO:colcon.colcon_core.shell:Creating environment hook '/home/alyazahrarr/tubesss/tubes_dagoz/install/ros2_socketcan_msgs/share/ros2_socketcan_msgs/hook/ld_library_path_lib.ps1'
[2.515s] INFO:colcon.colcon_core.shell:Creating environment descriptor '/home/alyazahrarr/tubesss/tubes_dagoz/install/ros2_socketcan_msgs/share/ros2_socketcan_msgs/hook/ld_library_path_lib.dsv'
[2.516s] INFO:colcon.colcon_core.shell:Creating environment hook '/home/alyazahrarr/tubesss/tubes_dagoz/install/ros2_socketcan_msgs/share/ros2_socketcan_msgs/hook/ld_library_path_lib.sh'
[2.517s] Level 1:colcon.colcon_core.environment:checking '/home/alyazahrarr/tubesss/tubes_dagoz/install/ros2_socketcan_msgs/bin'
[2.517s] Level 1:colcon.colcon_core.environment:checking '/home/alyazahrarr/tubesss/tubes_dagoz/install/ros2_socketcan_msgs/lib/pkgconfig/ros2_socketcan_msgs.pc'
[2.517s] Level 1:colcon.colcon_core.environment:checking '/home/alyazahrarr/tubesss/tubes_dagoz/install/ros2_socketcan_msgs/lib/python3.12/site-packages'
[2.518s] Level 1:colcon.colcon_core.shell:create_environment_hook('ros2_socketcan_msgs', 'pythonpath')
[2.518s] INFO:colcon.colcon_core.shell:Creating environment hook '/home/alyazahrarr/tubesss/tubes_dagoz/install/ros2_socketcan_msgs/share/ros2_socketcan_msgs/hook/pythonpath.ps1'
[2.519s] INFO:colcon.colcon_core.shell:Creating environment descriptor '/home/alyazahrarr/tubesss/tubes_dagoz/install/ros2_socketcan_msgs/share/ros2_socketcan_msgs/hook/pythonpath.dsv'
[2.520s] INFO:colcon.colcon_core.shell:Creating environment hook '/home/alyazahrarr/tubesss/tubes_dagoz/install/ros2_socketcan_msgs/share/ros2_socketcan_msgs/hook/pythonpath.sh'
[2.521s] Level 1:colcon.colcon_core.environment:checking '/home/alyazahrarr/tubesss/tubes_dagoz/install/ros2_socketcan_msgs/bin'
[2.521s] INFO:colcon.colcon_core.shell:Creating package script '/home/alyazahrarr/tubesss/tubes_dagoz/install/ros2_socketcan_msgs/share/ros2_socketcan_msgs/package.ps1'
[2.523s] INFO:colcon.colcon_core.shell:Creating package descriptor '/home/alyazahrarr/tubesss/tubes_dagoz/install/ros2_socketcan_msgs/share/ros2_socketcan_msgs/package.dsv'
[2.524s] INFO:colcon.colcon_core.shell:Creating package script '/home/alyazahrarr/tubesss/tubes_dagoz/install/ros2_socketcan_msgs/share/ros2_socketcan_msgs/package.sh'
[2.524s] INFO:colcon.colcon_core.shell:Creating package script '/home/alyazahrarr/tubesss/tubes_dagoz/install/ros2_socketcan_msgs/share/ros2_socketcan_msgs/package.bash'
[2.525s] INFO:colcon.colcon_core.shell:Creating package script '/home/alyazahrarr/tubesss/tubes_dagoz/install/ros2_socketcan_msgs/share/ros2_socketcan_msgs/package.zsh'
[2.526s] Level 1:colcon.colcon_core.environment:create_file_with_runtime_dependencies(/home/alyazahrarr/tubesss/tubes_dagoz/install/ros2_socketcan_msgs/share/colcon-core/packages/ros2_socketcan_msgs)
[2.526s] INFO:colcon.colcon_ros.task.ament_cmake.build:Building ROS package in '/home/alyazahrarr/tubesss/tubes_dagoz/src/ros2_socketcan/ros2_socketcan' with build type 'ament_cmake'
[2.527s] INFO:colcon.colcon_cmake.task.cmake.build:Building CMake package in '/home/alyazahrarr/tubesss/tubes_dagoz/src/ros2_socketcan/ros2_socketcan'
[2.527s] INFO:colcon.colcon_core.shell:Skip shell extension 'powershell' for command environment: Not usable outside of PowerShell
[2.527s] DEBUG:colcon.colcon_core.shell:Skip shell extension 'dsv' for command environment
[2.558s] DEBUG:colcon.colcon_core.event_handler.log_command:Invoking command in '/home/alyazahrarr/tubesss/tubes_dagoz/build/ros2_socketcan': AMENT_PREFIX_PATH=/home/alyazahrarr/tubesss/tubes_dagoz/install/ros2_socketcan_msgs:/home/alyazahrarr/tubesss/tubes_dagoz/install/can_msgs:${AMENT_PREFIX_PATH} CMAKE_PREFIX_PATH=/home/alyazahrarr/tubesss/tubes_dagoz/install/ros2_socketcan_msgs:/home/alyazahrarr/tubesss/tubes_dagoz/install/can_msgs:/home/alyazahrarr/ros2_ws/install/my_package:/home/alyazahrarr/ros2_ws/install/examples_rclcpp_wait_set:/home/alyazahrarr/ros2_ws/install/examples_rclcpp_multithreaded_executor:/home/alyazahrarr/ros2_ws/install/examples_rclcpp_minimal_timer:/home/alyazahrarr/ros2_ws/install/examples_rclcpp_minimal_subscriber:/home/alyazahrarr/ros2_ws/install/examples_rclcpp_minimal_service:/home/alyazahrarr/ros2_ws/install/examples_rclcpp_minimal_publisher:/home/alyazahrarr/ros2_ws/install/examples_rclcpp_minimal_composition:/home/alyazahrarr/ros2_ws/install/examples_rclcpp_minimal_client:/home/alyazahrarr/ros2_ws/install/examples_rclcpp_minimal_action_server:/home/alyazahrarr/ros2_ws/install/examples_rclcpp_minimal_action_client:/home/alyazahrarr/ros2_ws/install/examples_rclcpp_cbg_executor:/home/alyazahrarr/ros2_ws/install/examples_rclcpp_async_client:/opt/ros/jazzy/opt/gz_math_vendor:/opt/ros/jazzy/opt/gz_utils_vendor:/opt/ros/jazzy/opt/gz_cmake_vendor:/home/alyazahrarr/ros2_ws/install/launch_testing_examples:/home/alyazahrarr/ros2_ws/install/examples_rclpy_pointcloud_publisher:/home/alyazahrarr/ros2_ws/install/examples_rclpy_minimal_subscriber:/home/alyazahrarr/ros2_ws/install/examples_rclpy_minimal_service:/home/alyazahrarr/ros2_ws/install/examples_rclpy_minimal_publisher:/home/alyazahrarr/ros2_ws/install/examples_rclpy_minimal_client:/home/alyazahrarr/ros2_ws/install/examples_rclpy_minimal_action_server:/home/alyazahrarr/ros2_ws/install/examples_rclpy_minimal_action_client:/home/alyazahrarr/ros2_ws/install/examples_rclpy_guard_conditions:/home/alyazahrarr/ros2_ws/install/examples_rclpy_executors:/opt/ros/jazzy DEBUGINFOD_URLS=https://debuginfod.ubuntu.com LD_LIBRARY_PATH=/home/alyazahrarr/tubesss/tubes_dagoz/install/ros2_socketcan_msgs/lib:/home/alyazahrarr/tubesss/tubes_dagoz/install/can_msgs/lib:${LD_LIBRARY_PATH} PYTHONPATH=/home/alyazahrarr/tubesss/tubes_dagoz/install/ros2_socketcan_msgs/lib/python3.12/site-packages:/home/alyazahrarr/tubesss/tubes_dagoz/install/can_msgs/lib/python3.12/site-packages:${PYTHONPATH} /usr/bin/cmake --build /home/alyazahrarr/tubesss/tubes_dagoz/build/ros2_socketcan -- -j8 -l8
[2.832s] DEBUG:colcon.colcon_core.event_handler.log_command:Invoked command in '/home/alyazahrarr/tubesss/tubes_dagoz/build/ros2_socketcan' returned '0': AMENT_PREFIX_PATH=/home/alyazahrarr/tubesss/tubes_dagoz/install/ros2_socketcan_msgs:/home/alyazahrarr/tubesss/tubes_dagoz/install/can_msgs:${AMENT_PREFIX_PATH} CMAKE_PREFIX_PATH=/home/alyazahrarr/tubesss/tubes_dagoz/install/ros2_socketcan_msgs:/home/alyazahrarr/tubesss/tubes_dagoz/install/can_msgs:/home/alyazahrarr/ros2_ws/install/my_package:/home/alyazahrarr/ros2_ws/install/examples_rclcpp_wait_set:/home/alyazahrarr/ros2_ws/install/examples_rclcpp_multithreaded_executor:/home/alyazahrarr/ros2_ws/install/examples_rclcpp_minimal_timer:/home/alyazahrarr/ros2_ws/install/examples_rclcpp_minimal_subscriber:/home/alyazahrarr/ros2_ws/install/examples_rclcpp_minimal_service:/home/alyazahrarr/ros2_ws/install/examples_rclcpp_minimal_publisher:/home/alyazahrarr/ros2_ws/install/examples_rclcpp_minimal_composition:/home/alyazahrarr/ros2_ws/install/examples_rclcpp_minimal_client:/home/alyazahrarr/ros2_ws/install/examples_rclcpp_minimal_action_server:/home/alyazahrarr/ros2_ws/install/examples_rclcpp_minimal_action_client:/home/alyazahrarr/ros2_ws/install/examples_rclcpp_cbg_executor:/home/alyazahrarr/ros2_ws/install/examples_rclcpp_async_client:/opt/ros/jazzy/opt/gz_math_vendor:/opt/ros/jazzy/opt/gz_utils_vendor:/opt/ros/jazzy/opt/gz_cmake_vendor:/home/alyazahrarr/ros2_ws/install/launch_testing_examples:/home/alyazahrarr/ros2_ws/install/examples_rclpy_pointcloud_publisher:/home/alyazahrarr/ros2_ws/install/examples_rclpy_minimal_subscriber:/home/alyazahrarr/ros2_ws/install/examples_rclpy_minimal_service:/home/alyazahrarr/ros2_ws/install/examples_rclpy_minimal_publisher:/home/alyazahrarr/ros2_ws/install/examples_rclpy_minimal_client:/home/alyazahrarr/ros2_ws/install/examples_rclpy_minimal_action_server:/home/alyazahrarr/ros2_ws/install/examples_rclpy_minimal_action_client:/home/alyazahrarr/ros2_ws/install/examples_rclpy_guard_conditions:/home/alyazahrarr/ros2_ws/install/examples_rclpy_executors:/opt/ros/jazzy DEBUGINFOD_URLS=https://debuginfod.ubuntu.com LD_LIBRARY_PATH=/home/alyazahrarr/tubesss/tubes_dagoz/install/ros2_socketcan_msgs/lib:/home/alyazahrarr/tubesss/tubes_dagoz/install/can_msgs/lib:${LD_LIBRARY_PATH} PYTHONPATH=/home/alyazahrarr/tubesss/tubes_dagoz/install/ros2_socketcan_msgs/lib/python3.12/site-packages:/home/alyazahrarr/tubesss/tubes_dagoz/install/can_msgs/lib/python3.12/site-packages:${PYTHONPATH} /usr/bin/cmake --build /home/alyazahrarr/tubesss/tubes_dagoz/build/ros2_socketcan -- -j8 -l8
[2.932s] DEBUG:colcon.colcon_core.event_handler.log_command:Invoking command in '/home/alyazahrarr/tubesss/tubes_dagoz/build/ros2_socketcan': AMENT_PREFIX_PATH=/home/alyazahrarr/tubesss/tubes_dagoz/install/ros2_socketcan_msgs:/home/alyazahrarr/tubesss/tubes_dagoz/install/can_msgs:${AMENT_PREFIX_PATH} CMAKE_PREFIX_PATH=/home/alyazahrarr/tubesss/tubes_dagoz/install/ros2_socketcan_msgs:/home/alyazahrarr/tubesss/tubes_dagoz/install/can_msgs:/home/alyazahrarr/ros2_ws/install/my_package:/home/alyazahrarr/ros2_ws/install/examples_rclcpp_wait_set:/home/alyazahrarr/ros2_ws/install/examples_rclcpp_multithreaded_executor:/home/alyazahrarr/ros2_ws/install/examples_rclcpp_minimal_timer:/home/alyazahrarr/ros2_ws/install/examples_rclcpp_minimal_subscriber:/home/alyazahrarr/ros2_ws/install/examples_rclcpp_minimal_service:/home/alyazahrarr/ros2_ws/install/examples_rclcpp_minimal_publisher:/home/alyazahrarr/ros2_ws/install/examples_rclcpp_minimal_composition:/home/alyazahrarr/ros2_ws/install/examples_rclcpp_minimal_client:/home/alyazahrarr/ros2_ws/install/examples_rclcpp_minimal_action_server:/home/alyazahrarr/ros2_ws/install/examples_rclcpp_minimal_action_client:/home/alyazahrarr/ros2_ws/install/examples_rclcpp_cbg_executor:/home/alyazahrarr/ros2_ws/install/examples_rclcpp_async_client:/opt/ros/jazzy/opt/gz_math_vendor:/opt/ros/jazzy/opt/gz_utils_vendor:/opt/ros/jazzy/opt/gz_cmake_vendor:/home/alyazahrarr/ros2_ws/install/launch_testing_examples:/home/alyazahrarr/ros2_ws/install/examples_rclpy_pointcloud_publisher:/home/alyazahrarr/ros2_ws/install/examples_rclpy_minimal_subscriber:/home/alyazahrarr/ros2_ws/install/examples_rclpy_minimal_service:/home/alyazahrarr/ros2_ws/install/examples_rclpy_minimal_publisher:/home/alyazahrarr/ros2_ws/install/examples_rclpy_minimal_client:/home/alyazahrarr/ros2_ws/install/examples_rclpy_minimal_action_server:/home/alyazahrarr/ros2_ws/install/examples_rclpy_minimal_action_client:/home/alyazahrarr/ros2_ws/install/examples_rclpy_guard_conditions:/home/alyazahrarr/ros2_ws/install/examples_rclpy_executors:/opt/ros/jazzy DEBUGINFOD_URLS=https://debuginfod.ubuntu.com LD_LIBRARY_PATH=/home/alyazahrarr/tubesss/tubes_dagoz/install/ros2_socketcan_msgs/lib:/home/alyazahrarr/tubesss/tubes_dagoz/install/can_msgs/lib:${LD_LIBRARY_PATH} PYTHONPATH=/home/alyazahrarr/tubesss/tubes_dagoz/install/ros2_socketcan_msgs/lib/python3.12/site-packages:/home/alyazahrarr/tubesss/tubes_dagoz/install/can_msgs/lib/python3.12/site-packages:${PYTHONPATH} /usr/bin/cmake --install /home/alyazahrarr/tubesss/tubes_dagoz/build/ros2_socketcan
[2.965s] Level 1:colcon.colcon_core.environment:create_environment_scripts_only(ros2_socketcan)
[2.966s] Level 1:colcon.colcon_core.environment:checking '/home/alyazahrarr/tubesss/tubes_dagoz/install/ros2_socketcan' for CMake module files
[2.967s] DEBUG:colcon.colcon_core.event_handler.log_command:Invoked command in '/home/alyazahrarr/tubesss/tubes_dagoz/build/ros2_socketcan' returned '0': AMENT_PREFIX_PATH=/home/alyazahrarr/tubesss/tubes_dagoz/install/ros2_socketcan_msgs:/home/alyazahrarr/tubesss/tubes_dagoz/install/can_msgs:${AMENT_PREFIX_PATH} CMAKE_PREFIX_PATH=/home/alyazahrarr/tubesss/tubes_dagoz/install/ros2_socketcan_msgs:/home/alyazahrarr/tubesss/tubes_dagoz/install/can_msgs:/home/alyazahrarr/ros2_ws/install/my_package:/home/alyazahrarr/ros2_ws/install/examples_rclcpp_wait_set:/home/alyazahrarr/ros2_ws/install/examples_rclcpp_multithreaded_executor:/home/alyazahrarr/ros2_ws/install/examples_rclcpp_minimal_timer:/home/alyazahrarr/ros2_ws/install/examples_rclcpp_minimal_subscriber:/home/alyazahrarr/ros2_ws/install/examples_rclcpp_minimal_service:/home/alyazahrarr/ros2_ws/install/examples_rclcpp_minimal_publisher:/home/alyazahrarr/ros2_ws/install/examples_rclcpp_minimal_composition:/home/alyazahrarr/ros2_ws/install/examples_rclcpp_minimal_client:/home/alyazahrarr/ros2_ws/install/examples_rclcpp_minimal_action_server:/home/alyazahrarr/ros2_ws/install/examples_rclcpp_minimal_action_client:/home/alyazahrarr/ros2_ws/install/examples_rclcpp_cbg_executor:/home/alyazahrarr/ros2_ws/install/examples_rclcpp_async_client:/opt/ros/jazzy/opt/gz_math_vendor:/opt/ros/jazzy/opt/gz_utils_vendor:/opt/ros/jazzy/opt/gz_cmake_vendor:/home/alyazahrarr/ros2_ws/install/launch_testing_examples:/home/alyazahrarr/ros2_ws/install/examples_rclpy_pointcloud_publisher:/home/alyazahrarr/ros2_ws/install/examples_rclpy_minimal_subscriber:/home/alyazahrarr/ros2_ws/install/examples_rclpy_minimal_service:/home/alyazahrarr/ros2_ws/install/examples_rclpy_minimal_publisher:/home/alyazahrarr/ros2_ws/install/examples_rclpy_minimal_client:/home/alyazahrarr/ros2_ws/install/examples_rclpy_minimal_action_server:/home/alyazahrarr/ros2_ws/install/examples_rclpy_minimal_action_client:/home/alyazahrarr/ros2_ws/install/examples_rclpy_guard_conditions:/home/alyazahrarr/ros2_ws/install/examples_rclpy_executors:/opt/ros/jazzy DEBUGINFOD_URLS=https://debuginfod.ubuntu.com LD_LIBRARY_PATH=/home/alyazahrarr/tubesss/tubes_dagoz/install/ros2_socketcan_msgs/lib:/home/alyazahrarr/tubesss/tubes_dagoz/install/can_msgs/lib:${LD_LIBRARY_PATH} PYTHONPATH=/home/alyazahrarr/tubesss/tubes_dagoz/install/ros2_socketcan_msgs/lib/python3.12/site-packages:/home/alyazahrarr/tubesss/tubes_dagoz/install/can_msgs/lib/python3.12/site-packages:${PYTHONPATH} /usr/bin/cmake --install /home/alyazahrarr/tubesss/tubes_dagoz/build/ros2_socketcan
[2.969s] Level 1:colcon.colcon_core.environment:checking '/home/alyazahrarr/tubesss/tubes_dagoz/install/ros2_socketcan' for CMake config files
[2.970s] Level 1:colcon.colcon_core.shell:create_environment_hook('ros2_socketcan', 'cmake_prefix_path')
[2.970s] INFO:colcon.colcon_core.shell:Creating environment hook '/home/alyazahrarr/tubesss/tubes_dagoz/install/ros2_socketcan/share/ros2_socketcan/hook/cmake_prefix_path.ps1'
[2.971s] INFO:colcon.colcon_core.shell:Creating environment descriptor '/home/alyazahrarr/tubesss/tubes_dagoz/install/ros2_socketcan/share/ros2_socketcan/hook/cmake_prefix_path.dsv'
[2.971s] INFO:colcon.colcon_core.shell:Creating environment hook '/home/alyazahrarr/tubesss/tubes_dagoz/install/ros2_socketcan/share/ros2_socketcan/hook/cmake_prefix_path.sh'
[2.972s] Level 1:colcon.colcon_core.environment:checking '/home/alyazahrarr/tubesss/tubes_dagoz/install/ros2_socketcan/lib'
[2.973s] Level 1:colcon.colcon_core.shell:create_environment_hook('ros2_socketcan', 'ld_library_path_lib')
[2.973s] INFO:colcon.colcon_core.shell:Creating environment hook '/home/alyazahrarr/tubesss/tubes_dagoz/install/ros2_socketcan/share/ros2_socketcan/hook/ld_library_path_lib.ps1'
[2.974s] INFO:colcon.colcon_core.shell:Creating environment descriptor '/home/alyazahrarr/tubesss/tubes_dagoz/install/ros2_socketcan/share/ros2_socketcan/hook/ld_library_path_lib.dsv'
[2.974s] INFO:colcon.colcon_core.shell:Creating environment hook '/home/alyazahrarr/tubesss/tubes_dagoz/install/ros2_socketcan/share/ros2_socketcan/hook/ld_library_path_lib.sh'
[2.975s] Level 1:colcon.colcon_core.environment:checking '/home/alyazahrarr/tubesss/tubes_dagoz/install/ros2_socketcan/bin'
[2.975s] Level 1:colcon.colcon_core.environment:checking '/home/alyazahrarr/tubesss/tubes_dagoz/install/ros2_socketcan/lib/pkgconfig/ros2_socketcan.pc'
[2.976s] Level 1:colcon.colcon_core.environment:checking '/home/alyazahrarr/tubesss/tubes_dagoz/install/ros2_socketcan/lib/python3.12/site-packages'
[2.976s] Level 1:colcon.colcon_core.environment:checking '/home/alyazahrarr/tubesss/tubes_dagoz/install/ros2_socketcan/bin'
[2.976s] INFO:colcon.colcon_core.shell:Creating package script '/home/alyazahrarr/tubesss/tubes_dagoz/install/ros2_socketcan/share/ros2_socketcan/package.ps1'
[2.978s] INFO:colcon.colcon_core.shell:Creating package descriptor '/home/alyazahrarr/tubesss/tubes_dagoz/install/ros2_socketcan/share/ros2_socketcan/package.dsv'
[2.979s] INFO:colcon.colcon_core.shell:Creating package script '/home/alyazahrarr/tubesss/tubes_dagoz/install/ros2_socketcan/share/ros2_socketcan/package.sh'
[2.981s] INFO:colcon.colcon_core.shell:Creating package script '/home/alyazahrarr/tubesss/tubes_dagoz/install/ros2_socketcan/share/ros2_socketcan/package.bash'
[2.982s] INFO:colcon.colcon_core.shell:Creating package script '/home/alyazahrarr/tubesss/tubes_dagoz/install/ros2_socketcan/share/ros2_socketcan/package.zsh'
[2.983s] Level 1:colcon.colcon_core.environment:create_file_with_runtime_dependencies(/home/alyazahrarr/tubesss/tubes_dagoz/install/ros2_socketcan/share/colcon-core/packages/ros2_socketcan)
[3.081s] Level 1:colcon.colcon_core.environment:create_environment_scripts_only(ros2_socketcan)
[3.081s] Level 1:colcon.colcon_core.environment:checking '/home/alyazahrarr/tubesss/tubes_dagoz/install/ros2_socketcan' for CMake module files
[3.083s] Level 1:colcon.colcon_core.environment:checking '/home/alyazahrarr/tubesss/tubes_dagoz/install/ros2_socketcan' for CMake config files
[3.084s] Level 1:colcon.colcon_core.shell:create_environment_hook('ros2_socketcan', 'cmake_prefix_path')
[3.084s] INFO:colcon.colcon_core.shell:Creating environment hook '/home/alyazahrarr/tubesss/tubes_dagoz/install/ros2_socketcan/share/ros2_socketcan/hook/cmake_prefix_path.ps1'
[3.085s] INFO:colcon.colcon_core.shell:Creating environment descriptor '/home/alyazahrarr/tubesss/tubes_dagoz/install/ros2_socketcan/share/ros2_socketcan/hook/cmake_prefix_path.dsv'
[3.086s] INFO:colcon.colcon_core.shell:Creating environment hook '/home/alyazahrarr/tubesss/tubes_dagoz/install/ros2_socketcan/share/ros2_socketcan/hook/cmake_prefix_path.sh'
[3.087s] Level 1:colcon.colcon_core.environment:checking '/home/alyazahrarr/tubesss/tubes_dagoz/install/ros2_socketcan/lib'
[3.087s] Level 1:colcon.colcon_core.shell:create_environment_hook('ros2_socketcan', 'ld_library_path_lib')
[3.088s] INFO:colcon.colcon_core.shell:Creating environment hook '/home/alyazahrarr/tubesss/tubes_dagoz/install/ros2_socketcan/share/ros2_socketcan/hook/ld_library_path_lib.ps1'
[3.088s] INFO:colcon.colcon_core.shell:Creating environment descriptor '/home/alyazahrarr/tubesss/tubes_dagoz/install/ros2_socketcan/share/ros2_socketcan/hook/ld_library_path_lib.dsv'
[3.089s] INFO:colcon.colcon_core.shell:Creating environment hook '/home/alyazahrarr/tubesss/tubes_dagoz/install/ros2_socketcan/share/ros2_socketcan/hook/ld_library_path_lib.sh'
[3.090s] Level 1:colcon.colcon_core.environment:checking '/home/alyazahrarr/tubesss/tubes_dagoz/install/ros2_socketcan/bin'
[3.090s] Level 1:colcon.colcon_core.environment:checking '/home/alyazahrarr/tubesss/tubes_dagoz/install/ros2_socketcan/lib/pkgconfig/ros2_socketcan.pc'
[3.090s] Level 1:colcon.colcon_core.environment:checking '/home/alyazahrarr/tubesss/tubes_dagoz/install/ros2_socketcan/lib/python3.12/site-packages'
[3.091s] Level 1:colcon.colcon_core.environment:checking '/home/alyazahrarr/tubesss/tubes_dagoz/install/ros2_socketcan/bin'
[3.091s] INFO:colcon.colcon_core.shell:Creating package script '/home/alyazahrarr/tubesss/tubes_dagoz/install/ros2_socketcan/share/ros2_socketcan/package.ps1'
[3.092s] INFO:colcon.colcon_core.shell:Creating package descriptor '/home/alyazahrarr/tubesss/tubes_dagoz/install/ros2_socketcan/share/ros2_socketcan/package.dsv'
[3.093s] INFO:colcon.colcon_core.shell:Creating package script '/home/alyazahrarr/tubesss/tubes_dagoz/install/ros2_socketcan/share/ros2_socketcan/package.sh'
[3.094s] INFO:colcon.colcon_core.shell:Creating package script '/home/alyazahrarr/tubesss/tubes_dagoz/install/ros2_socketcan/share/ros2_socketcan/package.bash'
[3.095s] INFO:colcon.colcon_core.shell:Creating package script '/home/alyazahrarr/tubesss/tubes_dagoz/install/ros2_socketcan/share/ros2_socketcan/package.zsh'
[3.096s] Level 1:colcon.colcon_core.environment:create_file_with_runtime_dependencies(/home/alyazahrarr/tubesss/tubes_dagoz/install/ros2_socketcan/share/colcon-core/packages/ros2_socketcan)
[3.096s] INFO:colcon.colcon_ros.task.ament_cmake.build:Building ROS package in '/home/alyazahrarr/tubesss/tubes_dagoz/src/control' with build type 'ament_cmake'
[3.097s] INFO:colcon.colcon_cmake.task.cmake.build:Building CMake package in '/home/alyazahrarr/tubesss/tubes_dagoz/src/control'
[3.097s] INFO:colcon.colcon_core.shell:Skip shell extension 'powershell' for command environment: Not usable outside of PowerShell
[3.098s] DEBUG:colcon.colcon_core.shell:Skip shell extension 'dsv' for command environment
[3.140s] DEBUG:colcon.colcon_core.event_handler.log_command:Invoking command in '/home/alyazahrarr/tubesss/tubes_dagoz/build/control': AMENT_PREFIX_PATH=/home/alyazahrarr/tubesss/tubes_dagoz/install/ros2_socketcan:/home/alyazahrarr/tubesss/tubes_dagoz/install/ros2_socketcan_msgs:/home/alyazahrarr/tubesss/tubes_dagoz/install/msgs:/home/alyazahrarr/tubesss/tubes_dagoz/install/can_msgs:${AMENT_PREFIX_PATH} CMAKE_PREFIX_PATH=/home/alyazahrarr/tubesss/tubes_dagoz/install/ros2_socketcan:/home/alyazahrarr/tubesss/tubes_dagoz/install/ros2_socketcan_msgs:/home/alyazahrarr/tubesss/tubes_dagoz/install/msgs:/home/alyazahrarr/tubesss/tubes_dagoz/install/can_msgs:/home/alyazahrarr/ros2_ws/install/my_package:/home/alyazahrarr/ros2_ws/install/examples_rclcpp_wait_set:/home/alyazahrarr/ros2_ws/install/examples_rclcpp_multithreaded_executor:/home/alyazahrarr/ros2_ws/install/examples_rclcpp_minimal_timer:/home/alyazahrarr/ros2_ws/install/examples_rclcpp_minimal_subscriber:/home/alyazahrarr/ros2_ws/install/examples_rclcpp_minimal_service:/home/alyazahrarr/ros2_ws/install/examples_rclcpp_minimal_publisher:/home/alyazahrarr/ros2_ws/install/examples_rclcpp_minimal_composition:/home/alyazahrarr/ros2_ws/install/examples_rclcpp_minimal_client:/home/alyazahrarr/ros2_ws/install/examples_rclcpp_minimal_action_server:/home/alyazahrarr/ros2_ws/install/examples_rclcpp_minimal_action_client:/home/alyazahrarr/ros2_ws/install/examples_rclcpp_cbg_executor:/home/alyazahrarr/ros2_ws/install/examples_rclcpp_async_client:/opt/ros/jazzy/opt/gz_math_vendor:/opt/ros/jazzy/opt/gz_utils_vendor:/opt/ros/jazzy/opt/gz_cmake_vendor:/home/alyazahrarr/ros2_ws/install/launch_testing_examples:/home/alyazahrarr/ros2_ws/install/examples_rclpy_pointcloud_publisher:/home/alyazahrarr/ros2_ws/install/examples_rclpy_minimal_subscriber:/home/alyazahrarr/ros2_ws/install/examples_rclpy_minimal_service:/home/alyazahrarr/ros2_ws/install/examples_rclpy_minimal_publisher:/home/alyazahrarr/ros2_ws/install/examples_rclpy_minimal_client:/home/alyazahrarr/ros2_ws/install/examples_rclpy_minimal_action_server:/home/alyazahrarr/ros2_ws/install/examples_rclpy_minimal_action_client:/home/alyazahrarr/ros2_ws/install/examples_rclpy_guard_conditions:/home/alyazahrarr/ros2_ws/install/examples_rclpy_executors:/opt/ros/jazzy DEBUGINFOD_URLS=https://debuginfod.ubuntu.com LD_LIBRARY_PATH=/home/alyazahrarr/tubesss/tubes_dagoz/install/ros2_socketcan/lib:/home/alyazahrarr/tubesss/tubes_dagoz/install/ros2_socketcan_msgs/lib:/home/alyazahrarr/tubesss/tubes_dagoz/install/msgs/lib:/home/alyazahrarr/tubesss/tubes_dagoz/install/can_msgs/lib:${LD_LIBRARY_PATH} PYTHONPATH=/home/alyazahrarr/tubesss/tubes_dagoz/install/ros2_socketcan_msgs/lib/python3.12/site-packages:/home/alyazahrarr/tubesss/tubes_dagoz/install/msgs/lib/python3.12/site-packages:/home/alyazahrarr/tubesss/tubes_dagoz/install/can_msgs/lib/python3.12/site-packages:${PYTHONPATH} /usr/bin/cmake --build /home/alyazahrarr/tubesss/tubes_dagoz/build/control -- -j8 -l8
[15.998s] DEBUG:colcon.colcon_core.event_handler.log_command:Invoked command in '/home/alyazahrarr/tubesss/tubes_dagoz/build/control' returned '0': AMENT_PREFIX_PATH=/home/alyazahrarr/tubesss/tubes_dagoz/install/ros2_socketcan:/home/alyazahrarr/tubesss/tubes_dagoz/install/ros2_socketcan_msgs:/home/alyazahrarr/tubesss/tubes_dagoz/install/msgs:/home/alyazahrarr/tubesss/tubes_dagoz/install/can_msgs:${AMENT_PREFIX_PATH} CMAKE_PREFIX_PATH=/home/alyazahrarr/tubesss/tubes_dagoz/install/ros2_socketcan:/home/alyazahrarr/tubesss/tubes_dagoz/install/ros2_socketcan_msgs:/home/alyazahrarr/tubesss/tubes_dagoz/install/msgs:/home/alyazahrarr/tubesss/tubes_dagoz/install/can_msgs:/home/alyazahrarr/ros2_ws/install/my_package:/home/alyazahrarr/ros2_ws/install/examples_rclcpp_wait_set:/home/alyazahrarr/ros2_ws/install/examples_rclcpp_multithreaded_executor:/home/alyazahrarr/ros2_ws/install/examples_rclcpp_minimal_timer:/home/alyazahrarr/ros2_ws/install/examples_rclcpp_minimal_subscriber:/home/alyazahrarr/ros2_ws/install/examples_rclcpp_minimal_service:/home/alyazahrarr/ros2_ws/install/examples_rclcpp_minimal_publisher:/home/alyazahrarr/ros2_ws/install/examples_rclcpp_minimal_composition:/home/alyazahrarr/ros2_ws/install/examples_rclcpp_minimal_client:/home/alyazahrarr/ros2_ws/install/examples_rclcpp_minimal_action_server:/home/alyazahrarr/ros2_ws/install/examples_rclcpp_minimal_action_client:/home/alyazahrarr/ros2_ws/install/examples_rclcpp_cbg_executor:/home/alyazahrarr/ros2_ws/install/examples_rclcpp_async_client:/opt/ros/jazzy/opt/gz_math_vendor:/opt/ros/jazzy/opt/gz_utils_vendor:/opt/ros/jazzy/opt/gz_cmake_vendor:/home/alyazahrarr/ros2_ws/install/launch_testing_examples:/home/alyazahrarr/ros2_ws/install/examples_rclpy_pointcloud_publisher:/home/alyazahrarr/ros2_ws/install/examples_rclpy_minimal_subscriber:/home/alyazahrarr/ros2_ws/install/examples_rclpy_minimal_service:/home/alyazahrarr/ros2_ws/install/examples_rclpy_minimal_publisher:/home/alyazahrarr/ros2_ws/install/examples_rclpy_minimal_client:/home/alyazahrarr/ros2_ws/install/examples_rclpy_minimal_action_server:/home/alyazahrarr/ros2_ws/install/examples_rclpy_minimal_action_client:/home/alyazahrarr/ros2_ws/install/examples_rclpy_guard_conditions:/home/alyazahrarr/ros2_ws/install/examples_rclpy_executors:/opt/ros/jazzy DEBUGINFOD_URLS=https://debuginfod.ubuntu.com LD_LIBRARY_PATH=/home/alyazahrarr/tubesss/tubes_dagoz/install/ros2_socketcan/lib:/home/alyazahrarr/tubesss/tubes_dagoz/install/ros2_socketcan_msgs/lib:/home/alyazahrarr/tubesss/tubes_dagoz/install/msgs/lib:/home/alyazahrarr/tubesss/tubes_dagoz/install/can_msgs/lib:${LD_LIBRARY_PATH} PYTHONPATH=/home/alyazahrarr/tubesss/tubes_dagoz/install/ros2_socketcan_msgs/lib/python3.12/site-packages:/home/alyazahrarr/tubesss/tubes_dagoz/install/msgs/lib/python3.12/site-packages:/home/alyazahrarr/tubesss/tubes_dagoz/install/can_msgs/lib/python3.12/site-packages:${PYTHONPATH} /usr/bin/cmake --build /home/alyazahrarr/tubesss/tubes_dagoz/build/control -- -j8 -l8
[16.089s] DEBUG:colcon.colcon_core.event_handler.log_command:Invoking command in '/home/alyazahrarr/tubesss/tubes_dagoz/build/control': AMENT_PREFIX_PATH=/home/alyazahrarr/tubesss/tubes_dagoz/install/ros2_socketcan:/home/alyazahrarr/tubesss/tubes_dagoz/install/ros2_socketcan_msgs:/home/alyazahrarr/tubesss/tubes_dagoz/install/msgs:/home/alyazahrarr/tubesss/tubes_dagoz/install/can_msgs:${AMENT_PREFIX_PATH} CMAKE_PREFIX_PATH=/home/alyazahrarr/tubesss/tubes_dagoz/install/ros2_socketcan:/home/alyazahrarr/tubesss/tubes_dagoz/install/ros2_socketcan_msgs:/home/alyazahrarr/tubesss/tubes_dagoz/install/msgs:/home/alyazahrarr/tubesss/tubes_dagoz/install/can_msgs:/home/alyazahrarr/ros2_ws/install/my_package:/home/alyazahrarr/ros2_ws/install/examples_rclcpp_wait_set:/home/alyazahrarr/ros2_ws/install/examples_rclcpp_multithreaded_executor:/home/alyazahrarr/ros2_ws/install/examples_rclcpp_minimal_timer:/home/alyazahrarr/ros2_ws/install/examples_rclcpp_minimal_subscriber:/home/alyazahrarr/ros2_ws/install/examples_rclcpp_minimal_service:/home/alyazahrarr/ros2_ws/install/examples_rclcpp_minimal_publisher:/home/alyazahrarr/ros2_ws/install/examples_rclcpp_minimal_composition:/home/alyazahrarr/ros2_ws/install/examples_rclcpp_minimal_client:/home/alyazahrarr/ros2_ws/install/examples_rclcpp_minimal_action_server:/home/alyazahrarr/ros2_ws/install/examples_rclcpp_minimal_action_client:/home/alyazahrarr/ros2_ws/install/examples_rclcpp_cbg_executor:/home/alyazahrarr/ros2_ws/install/examples_rclcpp_async_client:/opt/ros/jazzy/opt/gz_math_vendor:/opt/ros/jazzy/opt/gz_utils_vendor:/opt/ros/jazzy/opt/gz_cmake_vendor:/home/alyazahrarr/ros2_ws/install/launch_testing_examples:/home/alyazahrarr/ros2_ws/install/examples_rclpy_pointcloud_publisher:/home/alyazahrarr/ros2_ws/install/examples_rclpy_minimal_subscriber:/home/alyazahrarr/ros2_ws/install/examples_rclpy_minimal_service:/home/alyazahrarr/ros2_ws/install/examples_rclpy_minimal_publisher:/home/alyazahrarr/ros2_ws/install/examples_rclpy_minimal_client:/home/alyazahrarr/ros2_ws/install/examples_rclpy_minimal_action_server:/home/alyazahrarr/ros2_ws/install/examples_rclpy_minimal_action_client:/home/alyazahrarr/ros2_ws/install/examples_rclpy_guard_conditions:/home/alyazahrarr/ros2_ws/install/examples_rclpy_executors:/opt/ros/jazzy DEBUGINFOD_URLS=https://debuginfod.ubuntu.com LD_LIBRARY_PATH=/home/alyazahrarr/tubesss/tubes_dagoz/install/ros2_socketcan/lib:/home/alyazahrarr/tubesss/tubes_dagoz/install/ros2_socketcan_msgs/lib:/home/alyazahrarr/tubesss/tubes_dagoz/install/msgs/lib:/home/alyazahrarr/tubesss/tubes_dagoz/install/can_msgs/lib:${LD_LIBRARY_PATH} PYTHONPATH=/home/alyazahrarr/tubesss/tubes_dagoz/install/ros2_socketcan_msgs/lib/python3.12/site-packages:/home/alyazahrarr/tubesss/tubes_dagoz/install/msgs/lib/python3.12/site-packages:/home/alyazahrarr/tubesss/tubes_dagoz/install/can_msgs/lib/python3.12/site-packages:${PYTHONPATH} /usr/bin/cmake --install /home/alyazahrarr/tubesss/tubes_dagoz/build/control
[16.155s] Level 1:colcon.colcon_core.environment:create_environment_scripts_only(control)
[16.156s] Level 1:colcon.colcon_core.environment:checking '/home/alyazahrarr/tubesss/tubes_dagoz/install/control' for CMake module files
[16.159s] DEBUG:colcon.colcon_core.event_handler.log_command:Invoked command in '/home/alyazahrarr/tubesss/tubes_dagoz/build/control' returned '0': AMENT_PREFIX_PATH=/home/alyazahrarr/tubesss/tubes_dagoz/install/ros2_socketcan:/home/alyazahrarr/tubesss/tubes_dagoz/install/ros2_socketcan_msgs:/home/alyazahrarr/tubesss/tubes_dagoz/install/msgs:/home/alyazahrarr/tubesss/tubes_dagoz/install/can_msgs:${AMENT_PREFIX_PATH} CMAKE_PREFIX_PATH=/home/alyazahrarr/tubesss/tubes_dagoz/install/ros2_socketcan:/home/alyazahrarr/tubesss/tubes_dagoz/install/ros2_socketcan_msgs:/home/alyazahrarr/tubesss/tubes_dagoz/install/msgs:/home/alyazahrarr/tubesss/tubes_dagoz/install/can_msgs:/home/alyazahrarr/ros2_ws/install/my_package:/home/alyazahrarr/ros2_ws/install/examples_rclcpp_wait_set:/home/alyazahrarr/ros2_ws/install/examples_rclcpp_multithreaded_executor:/home/alyazahrarr/ros2_ws/install/examples_rclcpp_minimal_timer:/home/alyazahrarr/ros2_ws/install/examples_rclcpp_minimal_subscriber:/home/alyazahrarr/ros2_ws/install/examples_rclcpp_minimal_service:/home/alyazahrarr/ros2_ws/install/examples_rclcpp_minimal_publisher:/home/alyazahrarr/ros2_ws/install/examples_rclcpp_minimal_composition:/home/alyazahrarr/ros2_ws/install/examples_rclcpp_minimal_client:/home/alyazahrarr/ros2_ws/install/examples_rclcpp_minimal_action_server:/home/alyazahrarr/ros2_ws/install/examples_rclcpp_minimal_action_client:/home/alyazahrarr/ros2_ws/install/examples_rclcpp_cbg_executor:/home/alyazahrarr/ros2_ws/install/examples_rclcpp_async_client:/opt/ros/jazzy/opt/gz_math_vendor:/opt/ros/jazzy/opt/gz_utils_vendor:/opt/ros/jazzy/opt/gz_cmake_vendor:/home/alyazahrarr/ros2_ws/install/launch_testing_examples:/home/alyazahrarr/ros2_ws/install/examples_rclpy_pointcloud_publisher:/home/alyazahrarr/ros2_ws/install/examples_rclpy_minimal_subscriber:/home/alyazahrarr/ros2_ws/install/examples_rclpy_minimal_service:/home/alyazahrarr/ros2_ws/install/examples_rclpy_minimal_publisher:/home/alyazahrarr/ros2_ws/install/examples_rclpy_minimal_client:/home/alyazahrarr/ros2_ws/install/examples_rclpy_minimal_action_server:/home/alyazahrarr/ros2_ws/install/examples_rclpy_minimal_action_client:/home/alyazahrarr/ros2_ws/install/examples_rclpy_guard_conditions:/home/alyazahrarr/ros2_ws/install/examples_rclpy_executors:/opt/ros/jazzy DEBUGINFOD_URLS=https://debuginfod.ubuntu.com LD_LIBRARY_PATH=/home/alyazahrarr/tubesss/tubes_dagoz/install/ros2_socketcan/lib:/home/alyazahrarr/tubesss/tubes_dagoz/install/ros2_socketcan_msgs/lib:/home/alyazahrarr/tubesss/tubes_dagoz/install/msgs/lib:/home/alyazahrarr/tubesss/tubes_dagoz/install/can_msgs/lib:${LD_LIBRARY_PATH} PYTHONPATH=/home/alyazahrarr/tubesss/tubes_dagoz/install/ros2_socketcan_msgs/lib/python3.12/site-packages:/home/alyazahrarr/tubesss/tubes_dagoz/install/msgs/lib/python3.12/site-packages:/home/alyazahrarr/tubesss/tubes_dagoz/install/can_msgs/lib/python3.12/site-packages:${PYTHONPATH} /usr/bin/cmake --install /home/alyazahrarr/tubesss/tubes_dagoz/build/control
[16.161s] Level 1:colcon.colcon_core.environment:checking '/home/alyazahrarr/tubesss/tubes_dagoz/install/control' for CMake config files
[16.161s] Level 1:colcon.colcon_core.shell:create_environment_hook('control', 'cmake_prefix_path')
[16.162s] INFO:colcon.colcon_core.shell:Creating environment hook '/home/alyazahrarr/tubesss/tubes_dagoz/install/control/share/control/hook/cmake_prefix_path.ps1'
[16.164s] INFO:colcon.colcon_core.shell:Creating environment descriptor '/home/alyazahrarr/tubesss/tubes_dagoz/install/control/share/control/hook/cmake_prefix_path.dsv'
[16.165s] INFO:colcon.colcon_core.shell:Creating environment hook '/home/alyazahrarr/tubesss/tubes_dagoz/install/control/share/control/hook/cmake_prefix_path.sh'
[16.168s] Level 1:colcon.colcon_core.environment:checking '/home/alyazahrarr/tubesss/tubes_dagoz/install/control/lib'
[16.168s] Level 1:colcon.colcon_core.environment:checking '/home/alyazahrarr/tubesss/tubes_dagoz/install/control/bin'
[16.168s] Level 1:colcon.colcon_core.environment:checking '/home/alyazahrarr/tubesss/tubes_dagoz/install/control/lib/pkgconfig/control.pc'
[16.170s] Level 1:colcon.colcon_core.environment:checking '/home/alyazahrarr/tubesss/tubes_dagoz/install/control/lib/python3.12/site-packages'
[16.171s] Level 1:colcon.colcon_core.environment:checking '/home/alyazahrarr/tubesss/tubes_dagoz/install/control/bin'
[16.171s] INFO:colcon.colcon_core.shell:Creating package script '/home/alyazahrarr/tubesss/tubes_dagoz/install/control/share/control/package.ps1'
[16.173s] INFO:colcon.colcon_core.shell:Creating package descriptor '/home/alyazahrarr/tubesss/tubes_dagoz/install/control/share/control/package.dsv'
[16.175s] INFO:colcon.colcon_core.shell:Creating package script '/home/alyazahrarr/tubesss/tubes_dagoz/install/control/share/control/package.sh'
[16.177s] INFO:colcon.colcon_core.shell:Creating package script '/home/alyazahrarr/tubesss/tubes_dagoz/install/control/share/control/package.bash'
[16.178s] INFO:colcon.colcon_core.shell:Creating package script '/home/alyazahrarr/tubesss/tubes_dagoz/install/control/share/control/package.zsh'
[16.179s] Level 1:colcon.colcon_core.environment:create_file_with_runtime_dependencies(/home/alyazahrarr/tubesss/tubes_dagoz/install/control/share/colcon-core/packages/control)
[16.310s] Level 1:colcon.colcon_core.environment:create_environment_scripts_only(control)
[16.311s] Level 1:colcon.colcon_core.environment:checking '/home/alyazahrarr/tubesss/tubes_dagoz/install/control' for CMake module files
[16.314s] Level 1:colcon.colcon_core.environment:checking '/home/alyazahrarr/tubesss/tubes_dagoz/install/control' for CMake config files
[16.315s] Level 1:colcon.colcon_core.shell:create_environment_hook('control', 'cmake_prefix_path')
[16.315s] INFO:colcon.colcon_core.shell:Creating environment hook '/home/alyazahrarr/tubesss/tubes_dagoz/install/control/share/control/hook/cmake_prefix_path.ps1'
[16.318s] INFO:colcon.colcon_core.shell:Creating environment descriptor '/home/alyazahrarr/tubesss/tubes_dagoz/install/control/share/control/hook/cmake_prefix_path.dsv'
[16.320s] INFO:colcon.colcon_core.shell:Creating environment hook '/home/alyazahrarr/tubesss/tubes_dagoz/install/control/share/control/hook/cmake_prefix_path.sh'
[16.323s] Level 1:colcon.colcon_core.environment:checking '/home/alyazahrarr/tubesss/tubes_dagoz/install/control/lib'
[16.324s] Level 1:colcon.colcon_core.environment:checking '/home/alyazahrarr/tubesss/tubes_dagoz/install/control/bin'
[16.324s] Level 1:colcon.colcon_core.environment:checking '/home/alyazahrarr/tubesss/tubes_dagoz/install/control/lib/pkgconfig/control.pc'
[16.326s] Level 1:colcon.colcon_core.environment:checking '/home/alyazahrarr/tubesss/tubes_dagoz/install/control/lib/python3.12/site-packages'
[16.328s] Level 1:colcon.colcon_core.environment:checking '/home/alyazahrarr/tubesss/tubes_dagoz/install/control/bin'
[16.330s] INFO:colcon.colcon_core.shell:Creating package script '/home/alyazahrarr/tubesss/tubes_dagoz/install/control/share/control/package.ps1'
[16.332s] INFO:colcon.colcon_core.shell:Creating package descriptor '/home/alyazahrarr/tubesss/tubes_dagoz/install/control/share/control/package.dsv'
[16.334s] INFO:colcon.colcon_core.shell:Creating package script '/home/alyazahrarr/tubesss/tubes_dagoz/install/control/share/control/package.sh'
[16.336s] INFO:colcon.colcon_core.shell:Creating package script '/home/alyazahrarr/tubesss/tubes_dagoz/install/control/share/control/package.bash'
[16.338s] INFO:colcon.colcon_core.shell:Creating package script '/home/alyazahrarr/tubesss/tubes_dagoz/install/control/share/control/package.zsh'
[16.339s] Level 1:colcon.colcon_core.environment:create_file_with_runtime_dependencies(/home/alyazahrarr/tubesss/tubes_dagoz/install/control/share/colcon-core/packages/control)
[16.341s] DEBUG:colcon.colcon_parallel_executor.executor.parallel:closing loop
[16.343s] DEBUG:colcon.colcon_parallel_executor.executor.parallel:loop closed
[16.344s] DEBUG:colcon.colcon_parallel_executor.executor.parallel:run_until_complete finished with '0'
[16.344s] DEBUG:colcon.colcon_core.event_reactor:joining thread
[16.374s] INFO:colcon.colcon_core.plugin_system:Skipping extension 'colcon_notification.desktop_notification.terminal_notifier': Not used on non-Darwin systems
[16.375s] INFO:colcon.colcon_core.plugin_system:Skipping extension 'colcon_notification.desktop_notification.win32': Not used on non-Windows systems
[16.375s] INFO:colcon.colcon_notification.desktop_notification:Sending desktop notification using 'notify2'
[16.438s] DEBUG:colcon.colcon_core.event_reactor:joined thread
[16.439s] INFO:colcon.colcon_core.shell:Creating prefix script '/home/alyazahrarr/tubesss/tubes_dagoz/install/local_setup.ps1'
[16.443s] INFO:colcon.colcon_core.shell:Creating prefix util module '/home/alyazahrarr/tubesss/tubes_dagoz/install/_local_setup_util_ps1.py'
[16.447s] INFO:colcon.colcon_core.shell:Creating prefix chain script '/home/alyazahrarr/tubesss/tubes_dagoz/install/setup.ps1'
[16.456s] INFO:colcon.colcon_core.shell:Creating prefix script '/home/alyazahrarr/tubesss/tubes_dagoz/install/local_setup.sh'
[16.458s] INFO:colcon.colcon_core.shell:Creating prefix util module '/home/alyazahrarr/tubesss/tubes_dagoz/install/_local_setup_util_sh.py'
[16.461s] INFO:colcon.colcon_core.shell:Creating prefix chain script '/home/alyazahrarr/tubesss/tubes_dagoz/install/setup.sh'
[16.469s] INFO:colcon.colcon_core.shell:Creating prefix script '/home/alyazahrarr/tubesss/tubes_dagoz/install/local_setup.bash'
[16.471s] INFO:colcon.colcon_core.shell:Creating prefix chain script '/home/alyazahrarr/tubesss/tubes_dagoz/install/setup.bash'
[16.479s] INFO:colcon.colcon_core.shell:Creating prefix script '/home/alyazahrarr/tubesss/tubes_dagoz/install/local_setup.zsh'
[16.481s] INFO:colcon.colcon_core.shell:Creating prefix chain script '/home/alyazahrarr/tubesss/tubes_dagoz/install/setup.zsh'
