[0.036s] Invoking command in '/home/alyazahrarr/tubesss/tubes_dagoz/build/can_msgs': CMAKE_PREFIX_PATH=${CMAKE_PREFIX_PATH}:/home/alyazahrarr/ros2_ws/install/launch_testing_examples:/home/alyazahrarr/ros2_ws/install/examples_rclpy_pointcloud_publisher:/home/alyazahrarr/ros2_ws/install/examples_rclpy_minimal_subscriber:/home/alyazahrarr/ros2_ws/install/examples_rclpy_minimal_service:/home/alyazahrarr/ros2_ws/install/examples_rclpy_minimal_publisher:/home/alyazahrarr/ros2_ws/install/examples_rclpy_minimal_client:/home/alyazahrarr/ros2_ws/install/examples_rclpy_minimal_action_server:/home/alyazahrarr/ros2_ws/install/examples_rclpy_minimal_action_client:/home/alyazahrarr/ros2_ws/install/examples_rclpy_guard_conditions:/home/alyazahrarr/ros2_ws/install/examples_rclpy_executors:/opt/ros/jazzy DEBUGINFOD_URLS=https://debuginfod.ubuntu.com /usr/bin/cmake --build /home/alyazahrarr/tubesss/tubes_dagoz/build/can_msgs -- -j8 -l8
[0.132s] [  2%] Built target can_msgs__rosidl_generator_type_description
[0.150s] [  2%] Built target ament_cmake_python_copy_can_msgs
[0.196s] [  5%] Built target can_msgs__cpp
[0.203s] [ 20%] Built target can_msgs__rosidl_generator_c
[0.300s] [ 29%] Built target can_msgs__rosidl_typesupport_cpp
[0.326s] [ 38%] Built target can_msgs__rosidl_typesupport_c
[0.331s] [ 47%] Built target can_msgs__rosidl_typesupport_fastrtps_cpp
[0.367s] [ 55%] Built target can_msgs__rosidl_typesupport_fastrtps_c
[0.371s] [ 64%] Built target can_msgs__rosidl_typesupport_introspection_cpp
[0.384s] [ 73%] Built target can_msgs__rosidl_typesupport_introspection_c
[0.432s] [ 73%] Built target can_msgs
[0.483s] [ 76%] Built target can_msgs__py
[0.554s] [ 82%] Built target can_msgs__rosidl_generator_py
[0.633s] [ 88%] Built target can_msgs_s__rosidl_typesupport_introspection_c
[0.647s] [ 94%] Built target can_msgs_s__rosidl_typesupport_c
[0.660s] [100%] Built target can_msgs_s__rosidl_typesupport_fastrtps_c
[0.920s] running egg_info
[0.993s] writing can_msgs.egg-info/PKG-INFO
[0.994s] writing dependency_links to can_msgs.egg-info/dependency_links.txt
[0.995s] writing top-level names to can_msgs.egg-info/top_level.txt
[1.203s] reading manifest file 'can_msgs.egg-info/SOURCES.txt'
[1.204s] writing manifest file 'can_msgs.egg-info/SOURCES.txt'
[1.268s] [100%] Built target ament_cmake_python_build_can_msgs_egg
[1.288s] Invoked command in '/home/alyazahrarr/tubesss/tubes_dagoz/build/can_msgs' returned '0': CMAKE_PREFIX_PATH=${CMAKE_PREFIX_PATH}:/home/alyazahrarr/ros2_ws/install/launch_testing_examples:/home/alyazahrarr/ros2_ws/install/examples_rclpy_pointcloud_publisher:/home/alyazahrarr/ros2_ws/install/examples_rclpy_minimal_subscriber:/home/alyazahrarr/ros2_ws/install/examples_rclpy_minimal_service:/home/alyazahrarr/ros2_ws/install/examples_rclpy_minimal_publisher:/home/alyazahrarr/ros2_ws/install/examples_rclpy_minimal_client:/home/alyazahrarr/ros2_ws/install/examples_rclpy_minimal_action_server:/home/alyazahrarr/ros2_ws/install/examples_rclpy_minimal_action_client:/home/alyazahrarr/ros2_ws/install/examples_rclpy_guard_conditions:/home/alyazahrarr/ros2_ws/install/examples_rclpy_executors:/opt/ros/jazzy DEBUGINFOD_URLS=https://debuginfod.ubuntu.com /usr/bin/cmake --build /home/alyazahrarr/tubesss/tubes_dagoz/build/can_msgs -- -j8 -l8
[1.437s] Invoking command in '/home/alyazahrarr/tubesss/tubes_dagoz/build/can_msgs': CMAKE_PREFIX_PATH=${CMAKE_PREFIX_PATH}:/home/alyazahrarr/ros2_ws/install/launch_testing_examples:/home/alyazahrarr/ros2_ws/install/examples_rclpy_pointcloud_publisher:/home/alyazahrarr/ros2_ws/install/examples_rclpy_minimal_subscriber:/home/alyazahrarr/ros2_ws/install/examples_rclpy_minimal_service:/home/alyazahrarr/ros2_ws/install/examples_rclpy_minimal_publisher:/home/alyazahrarr/ros2_ws/install/examples_rclpy_minimal_client:/home/alyazahrarr/ros2_ws/install/examples_rclpy_minimal_action_server:/home/alyazahrarr/ros2_ws/install/examples_rclpy_minimal_action_client:/home/alyazahrarr/ros2_ws/install/examples_rclpy_guard_conditions:/home/alyazahrarr/ros2_ws/install/examples_rclpy_executors:/opt/ros/jazzy DEBUGINFOD_URLS=https://debuginfod.ubuntu.com /usr/bin/cmake --install /home/alyazahrarr/tubesss/tubes_dagoz/build/can_msgs
[1.460s] -- Install configuration: ""
[1.462s] -- Up-to-date: /home/alyazahrarr/tubesss/tubes_dagoz/install/can_msgs/share/ament_index/resource_index/rosidl_interfaces/can_msgs
[1.463s] -- Up-to-date: /home/alyazahrarr/tubesss/tubes_dagoz/install/can_msgs/share/can_msgs/msg/Frame.json
[1.465s] -- Up-to-date: /home/alyazahrarr/tubesss/tubes_dagoz/install/can_msgs/include/can_msgs/can_msgs
[1.465s] -- Up-to-date: /home/alyazahrarr/tubesss/tubes_dagoz/install/can_msgs/include/can_msgs/can_msgs/msg
[1.466s] -- Up-to-date: /home/alyazahrarr/tubesss/tubes_dagoz/install/can_msgs/include/can_msgs/can_msgs/msg/detail
[1.467s] -- Up-to-date: /home/alyazahrarr/tubesss/tubes_dagoz/install/can_msgs/include/can_msgs/can_msgs/msg/detail/frame__struct.h
[1.467s] -- Up-to-date: /home/alyazahrarr/tubesss/tubes_dagoz/install/can_msgs/include/can_msgs/can_msgs/msg/detail/frame__functions.c
[1.467s] -- Up-to-date: /home/alyazahrarr/tubesss/tubes_dagoz/install/can_msgs/include/can_msgs/can_msgs/msg/detail/frame__functions.h
[1.468s] -- Installing: /home/alyazahrarr/tubesss/tubes_dagoz/install/can_msgs/include/can_msgs/can_msgs/msg/detail/frame__type_support.c
[1.468s] -- Up-to-date: /home/alyazahrarr/tubesss/tubes_dagoz/install/can_msgs/include/can_msgs/can_msgs/msg/detail/frame__description.c
[1.468s] -- Up-to-date: /home/alyazahrarr/tubesss/tubes_dagoz/install/can_msgs/include/can_msgs/can_msgs/msg/detail/frame__type_support.h
[1.468s] -- Up-to-date: /home/alyazahrarr/tubesss/tubes_dagoz/install/can_msgs/include/can_msgs/can_msgs/msg/rosidl_generator_c__visibility_control.h
[1.469s] -- Up-to-date: /home/alyazahrarr/tubesss/tubes_dagoz/install/can_msgs/include/can_msgs/can_msgs/msg/frame.h
[1.469s] -- Up-to-date: /home/alyazahrarr/tubesss/tubes_dagoz/install/can_msgs/share/can_msgs/environment/library_path.sh
[1.469s] -- Up-to-date: /home/alyazahrarr/tubesss/tubes_dagoz/install/can_msgs/share/can_msgs/environment/library_path.dsv
[1.469s] -- Up-to-date: /home/alyazahrarr/tubesss/tubes_dagoz/install/can_msgs/lib/libcan_msgs__rosidl_generator_c.so
[1.470s] -- Up-to-date: /home/alyazahrarr/tubesss/tubes_dagoz/install/can_msgs/include/can_msgs/can_msgs
[1.472s] -- Up-to-date: /home/alyazahrarr/tubesss/tubes_dagoz/install/can_msgs/include/can_msgs/can_msgs/msg
[1.473s] -- Up-to-date: /home/alyazahrarr/tubesss/tubes_dagoz/install/can_msgs/include/can_msgs/can_msgs/msg/detail
[1.474s] -- Up-to-date: /home/alyazahrarr/tubesss/tubes_dagoz/install/can_msgs/include/can_msgs/can_msgs/msg/detail/frame__rosidl_typesupport_fastrtps_c.h
[1.474s] -- Up-to-date: /home/alyazahrarr/tubesss/tubes_dagoz/install/can_msgs/include/can_msgs/can_msgs/msg/rosidl_typesupport_fastrtps_c__visibility_control.h
[1.475s] -- Up-to-date: /home/alyazahrarr/tubesss/tubes_dagoz/install/can_msgs/lib/libcan_msgs__rosidl_typesupport_fastrtps_c.so
[1.476s] -- Up-to-date: /home/alyazahrarr/tubesss/tubes_dagoz/install/can_msgs/include/can_msgs/can_msgs
[1.476s] -- Up-to-date: /home/alyazahrarr/tubesss/tubes_dagoz/install/can_msgs/include/can_msgs/can_msgs/msg
[1.476s] -- Up-to-date: /home/alyazahrarr/tubesss/tubes_dagoz/install/can_msgs/include/can_msgs/can_msgs/msg/detail
[1.477s] -- Installing: /home/alyazahrarr/tubesss/tubes_dagoz/install/can_msgs/include/can_msgs/can_msgs/msg/detail/frame__type_support.c
[1.477s] -- Up-to-date: /home/alyazahrarr/tubesss/tubes_dagoz/install/can_msgs/include/can_msgs/can_msgs/msg/detail/frame__rosidl_typesupport_introspection_c.h
[1.477s] -- Up-to-date: /home/alyazahrarr/tubesss/tubes_dagoz/install/can_msgs/include/can_msgs/can_msgs/msg/rosidl_typesupport_introspection_c__visibility_control.h
[1.477s] -- Up-to-date: /home/alyazahrarr/tubesss/tubes_dagoz/install/can_msgs/lib/libcan_msgs__rosidl_typesupport_introspection_c.so
[1.478s] -- Up-to-date: /home/alyazahrarr/tubesss/tubes_dagoz/install/can_msgs/lib/libcan_msgs__rosidl_typesupport_c.so
[1.478s] -- Up-to-date: /home/alyazahrarr/tubesss/tubes_dagoz/install/can_msgs/include/can_msgs/can_msgs
[1.478s] -- Up-to-date: /home/alyazahrarr/tubesss/tubes_dagoz/install/can_msgs/include/can_msgs/can_msgs/msg
[1.478s] -- Up-to-date: /home/alyazahrarr/tubesss/tubes_dagoz/install/can_msgs/include/can_msgs/can_msgs/msg/detail
[1.479s] -- Up-to-date: /home/alyazahrarr/tubesss/tubes_dagoz/install/can_msgs/include/can_msgs/can_msgs/msg/detail/frame__type_support.hpp
[1.479s] -- Up-to-date: /home/alyazahrarr/tubesss/tubes_dagoz/install/can_msgs/include/can_msgs/can_msgs/msg/detail/frame__builder.hpp
[1.479s] -- Up-to-date: /home/alyazahrarr/tubesss/tubes_dagoz/install/can_msgs/include/can_msgs/can_msgs/msg/detail/frame__traits.hpp
[1.479s] -- Up-to-date: /home/alyazahrarr/tubesss/tubes_dagoz/install/can_msgs/include/can_msgs/can_msgs/msg/detail/frame__struct.hpp
[1.480s] -- Up-to-date: /home/alyazahrarr/tubesss/tubes_dagoz/install/can_msgs/include/can_msgs/can_msgs/msg/frame.hpp
[1.480s] -- Up-to-date: /home/alyazahrarr/tubesss/tubes_dagoz/install/can_msgs/include/can_msgs/can_msgs/msg/rosidl_generator_cpp__visibility_control.hpp
[1.480s] -- Up-to-date: /home/alyazahrarr/tubesss/tubes_dagoz/install/can_msgs/include/can_msgs/can_msgs
[1.480s] -- Up-to-date: /home/alyazahrarr/tubesss/tubes_dagoz/install/can_msgs/include/can_msgs/can_msgs/msg
[1.481s] -- Up-to-date: /home/alyazahrarr/tubesss/tubes_dagoz/install/can_msgs/include/can_msgs/can_msgs/msg/detail
[1.481s] -- Up-to-date: /home/alyazahrarr/tubesss/tubes_dagoz/install/can_msgs/include/can_msgs/can_msgs/msg/detail/dds_fastrtps
[1.481s] -- Up-to-date: /home/alyazahrarr/tubesss/tubes_dagoz/install/can_msgs/include/can_msgs/can_msgs/msg/detail/frame__rosidl_typesupport_fastrtps_cpp.hpp
[1.481s] -- Up-to-date: /home/alyazahrarr/tubesss/tubes_dagoz/install/can_msgs/include/can_msgs/can_msgs/msg/rosidl_typesupport_fastrtps_cpp__visibility_control.h
[1.482s] -- Up-to-date: /home/alyazahrarr/tubesss/tubes_dagoz/install/can_msgs/lib/libcan_msgs__rosidl_typesupport_fastrtps_cpp.so
[1.482s] -- Up-to-date: /home/alyazahrarr/tubesss/tubes_dagoz/install/can_msgs/include/can_msgs/can_msgs
[1.482s] -- Up-to-date: /home/alyazahrarr/tubesss/tubes_dagoz/install/can_msgs/include/can_msgs/can_msgs/msg
[1.482s] -- Up-to-date: /home/alyazahrarr/tubesss/tubes_dagoz/install/can_msgs/include/can_msgs/can_msgs/msg/detail
[1.483s] -- Up-to-date: /home/alyazahrarr/tubesss/tubes_dagoz/install/can_msgs/include/can_msgs/can_msgs/msg/detail/frame__type_support.cpp
[1.483s] -- Up-to-date: /home/alyazahrarr/tubesss/tubes_dagoz/install/can_msgs/include/can_msgs/can_msgs/msg/detail/frame__rosidl_typesupport_introspection_cpp.hpp
[1.484s] -- Up-to-date: /home/alyazahrarr/tubesss/tubes_dagoz/install/can_msgs/lib/libcan_msgs__rosidl_typesupport_introspection_cpp.so
[1.484s] -- Up-to-date: /home/alyazahrarr/tubesss/tubes_dagoz/install/can_msgs/lib/libcan_msgs__rosidl_typesupport_cpp.so
[1.484s] -- Up-to-date: /home/alyazahrarr/tubesss/tubes_dagoz/install/can_msgs/share/can_msgs/environment/pythonpath.sh
[1.485s] -- Up-to-date: /home/alyazahrarr/tubesss/tubes_dagoz/install/can_msgs/share/can_msgs/environment/pythonpath.dsv
[1.486s] -- Up-to-date: /home/alyazahrarr/tubesss/tubes_dagoz/install/can_msgs/lib/python3.12/site-packages/can_msgs-2.0.0-py3.12.egg-info
[1.486s] -- Installing: /home/alyazahrarr/tubesss/tubes_dagoz/install/can_msgs/lib/python3.12/site-packages/can_msgs-2.0.0-py3.12.egg-info/dependency_links.txt
[1.486s] -- Installing: /home/alyazahrarr/tubesss/tubes_dagoz/install/can_msgs/lib/python3.12/site-packages/can_msgs-2.0.0-py3.12.egg-info/SOURCES.txt
[1.487s] -- Installing: /home/alyazahrarr/tubesss/tubes_dagoz/install/can_msgs/lib/python3.12/site-packages/can_msgs-2.0.0-py3.12.egg-info/PKG-INFO
[1.487s] -- Installing: /home/alyazahrarr/tubesss/tubes_dagoz/install/can_msgs/lib/python3.12/site-packages/can_msgs-2.0.0-py3.12.egg-info/top_level.txt
[1.488s] -- Up-to-date: /home/alyazahrarr/tubesss/tubes_dagoz/install/can_msgs/lib/python3.12/site-packages/can_msgs
[1.489s] -- Up-to-date: /home/alyazahrarr/tubesss/tubes_dagoz/install/can_msgs/lib/python3.12/site-packages/can_msgs/_can_msgs_s.ep.rosidl_typesupport_c.c
[1.489s] -- Up-to-date: /home/alyazahrarr/tubesss/tubes_dagoz/install/can_msgs/lib/python3.12/site-packages/can_msgs/can_msgs_s__rosidl_typesupport_introspection_c.so
[1.490s] -- Up-to-date: /home/alyazahrarr/tubesss/tubes_dagoz/install/can_msgs/lib/python3.12/site-packages/can_msgs/_can_msgs_s.ep.rosidl_typesupport_fastrtps_c.c
[1.490s] -- Up-to-date: /home/alyazahrarr/tubesss/tubes_dagoz/install/can_msgs/lib/python3.12/site-packages/can_msgs/__init__.py
[1.490s] -- Up-to-date: /home/alyazahrarr/tubesss/tubes_dagoz/install/can_msgs/lib/python3.12/site-packages/can_msgs/can_msgs_s__rosidl_typesupport_fastrtps_c.so
[1.490s] -- Up-to-date: /home/alyazahrarr/tubesss/tubes_dagoz/install/can_msgs/lib/python3.12/site-packages/can_msgs/_can_msgs_s.ep.rosidl_typesupport_introspection_c.c
[1.491s] -- Up-to-date: /home/alyazahrarr/tubesss/tubes_dagoz/install/can_msgs/lib/python3.12/site-packages/can_msgs/can_msgs_s__rosidl_typesupport_c.so
[1.491s] -- Up-to-date: /home/alyazahrarr/tubesss/tubes_dagoz/install/can_msgs/lib/python3.12/site-packages/can_msgs/msg
[1.492s] -- Up-to-date: /home/alyazahrarr/tubesss/tubes_dagoz/install/can_msgs/lib/python3.12/site-packages/can_msgs/msg/__init__.py
[1.492s] -- Up-to-date: /home/alyazahrarr/tubesss/tubes_dagoz/install/can_msgs/lib/python3.12/site-packages/can_msgs/msg/_frame_s.c
[1.492s] -- Up-to-date: /home/alyazahrarr/tubesss/tubes_dagoz/install/can_msgs/lib/python3.12/site-packages/can_msgs/msg/_frame.py
[1.548s] Listing '/home/alyazahrarr/tubesss/tubes_dagoz/install/can_msgs/lib/python3.12/site-packages/can_msgs'...
[1.548s] Listing '/home/alyazahrarr/tubesss/tubes_dagoz/install/can_msgs/lib/python3.12/site-packages/can_msgs/msg'...
[1.557s] -- Up-to-date: /home/alyazahrarr/tubesss/tubes_dagoz/install/can_msgs/lib/python3.12/site-packages/can_msgs/can_msgs_s__rosidl_typesupport_fastrtps_c.so
[1.558s] -- Up-to-date: /home/alyazahrarr/tubesss/tubes_dagoz/install/can_msgs/lib/python3.12/site-packages/can_msgs/can_msgs_s__rosidl_typesupport_introspection_c.so
[1.559s] -- Up-to-date: /home/alyazahrarr/tubesss/tubes_dagoz/install/can_msgs/lib/python3.12/site-packages/can_msgs/can_msgs_s__rosidl_typesupport_c.so
[1.560s] -- Up-to-date: /home/alyazahrarr/tubesss/tubes_dagoz/install/can_msgs/lib/libcan_msgs__rosidl_generator_py.so
[1.560s] -- Up-to-date: /home/alyazahrarr/tubesss/tubes_dagoz/install/can_msgs/share/can_msgs/msg/Frame.idl
[1.560s] -- Up-to-date: /home/alyazahrarr/tubesss/tubes_dagoz/install/can_msgs/share/can_msgs/msg/Frame.msg
[1.561s] -- Up-to-date: /home/alyazahrarr/tubesss/tubes_dagoz/install/can_msgs/share/ament_index/resource_index/package_run_dependencies/can_msgs
[1.562s] -- Up-to-date: /home/alyazahrarr/tubesss/tubes_dagoz/install/can_msgs/share/ament_index/resource_index/parent_prefix_path/can_msgs
[1.562s] -- Up-to-date: /home/alyazahrarr/tubesss/tubes_dagoz/install/can_msgs/share/can_msgs/environment/ament_prefix_path.sh
[1.563s] -- Up-to-date: /home/alyazahrarr/tubesss/tubes_dagoz/install/can_msgs/share/can_msgs/environment/ament_prefix_path.dsv
[1.563s] -- Up-to-date: /home/alyazahrarr/tubesss/tubes_dagoz/install/can_msgs/share/can_msgs/environment/path.sh
[1.563s] -- Up-to-date: /home/alyazahrarr/tubesss/tubes_dagoz/install/can_msgs/share/can_msgs/environment/path.dsv
[1.564s] -- Up-to-date: /home/alyazahrarr/tubesss/tubes_dagoz/install/can_msgs/share/can_msgs/local_setup.bash
[1.565s] -- Up-to-date: /home/alyazahrarr/tubesss/tubes_dagoz/install/can_msgs/share/can_msgs/local_setup.sh
[1.565s] -- Up-to-date: /home/alyazahrarr/tubesss/tubes_dagoz/install/can_msgs/share/can_msgs/local_setup.zsh
[1.565s] -- Up-to-date: /home/alyazahrarr/tubesss/tubes_dagoz/install/can_msgs/share/can_msgs/local_setup.dsv
[1.566s] -- Installing: /home/alyazahrarr/tubesss/tubes_dagoz/install/can_msgs/share/can_msgs/package.dsv
[1.566s] -- Up-to-date: /home/alyazahrarr/tubesss/tubes_dagoz/install/can_msgs/share/ament_index/resource_index/packages/can_msgs
[1.566s] -- Up-to-date: /home/alyazahrarr/tubesss/tubes_dagoz/install/can_msgs/share/can_msgs/cmake/export_can_msgs__rosidl_generator_cExport.cmake
[1.567s] -- Up-to-date: /home/alyazahrarr/tubesss/tubes_dagoz/install/can_msgs/share/can_msgs/cmake/export_can_msgs__rosidl_generator_cExport-noconfig.cmake
[1.568s] -- Up-to-date: /home/alyazahrarr/tubesss/tubes_dagoz/install/can_msgs/share/can_msgs/cmake/export_can_msgs__rosidl_typesupport_fastrtps_cExport.cmake
[1.568s] -- Up-to-date: /home/alyazahrarr/tubesss/tubes_dagoz/install/can_msgs/share/can_msgs/cmake/export_can_msgs__rosidl_typesupport_fastrtps_cExport-noconfig.cmake
[1.569s] -- Up-to-date: /home/alyazahrarr/tubesss/tubes_dagoz/install/can_msgs/share/can_msgs/cmake/can_msgs__rosidl_typesupport_introspection_cExport.cmake
[1.569s] -- Up-to-date: /home/alyazahrarr/tubesss/tubes_dagoz/install/can_msgs/share/can_msgs/cmake/can_msgs__rosidl_typesupport_introspection_cExport-noconfig.cmake
[1.569s] -- Up-to-date: /home/alyazahrarr/tubesss/tubes_dagoz/install/can_msgs/share/can_msgs/cmake/can_msgs__rosidl_typesupport_cExport.cmake
[1.570s] -- Up-to-date: /home/alyazahrarr/tubesss/tubes_dagoz/install/can_msgs/share/can_msgs/cmake/can_msgs__rosidl_typesupport_cExport-noconfig.cmake
[1.570s] -- Up-to-date: /home/alyazahrarr/tubesss/tubes_dagoz/install/can_msgs/share/can_msgs/cmake/export_can_msgs__rosidl_generator_cppExport.cmake
[1.570s] -- Up-to-date: /home/alyazahrarr/tubesss/tubes_dagoz/install/can_msgs/share/can_msgs/cmake/export_can_msgs__rosidl_typesupport_fastrtps_cppExport.cmake
[1.570s] -- Up-to-date: /home/alyazahrarr/tubesss/tubes_dagoz/install/can_msgs/share/can_msgs/cmake/export_can_msgs__rosidl_typesupport_fastrtps_cppExport-noconfig.cmake
[1.570s] -- Up-to-date: /home/alyazahrarr/tubesss/tubes_dagoz/install/can_msgs/share/can_msgs/cmake/can_msgs__rosidl_typesupport_introspection_cppExport.cmake
[1.571s] -- Up-to-date: /home/alyazahrarr/tubesss/tubes_dagoz/install/can_msgs/share/can_msgs/cmake/can_msgs__rosidl_typesupport_introspection_cppExport-noconfig.cmake
[1.572s] -- Up-to-date: /home/alyazahrarr/tubesss/tubes_dagoz/install/can_msgs/share/can_msgs/cmake/can_msgs__rosidl_typesupport_cppExport.cmake
[1.574s] -- Up-to-date: /home/alyazahrarr/tubesss/tubes_dagoz/install/can_msgs/share/can_msgs/cmake/can_msgs__rosidl_typesupport_cppExport-noconfig.cmake
[1.574s] -- Up-to-date: /home/alyazahrarr/tubesss/tubes_dagoz/install/can_msgs/share/can_msgs/cmake/export_can_msgs__rosidl_generator_pyExport.cmake
[1.574s] -- Up-to-date: /home/alyazahrarr/tubesss/tubes_dagoz/install/can_msgs/share/can_msgs/cmake/export_can_msgs__rosidl_generator_pyExport-noconfig.cmake
[1.574s] -- Up-to-date: /home/alyazahrarr/tubesss/tubes_dagoz/install/can_msgs/share/can_msgs/cmake/rosidl_cmake-extras.cmake
[1.575s] -- Up-to-date: /home/alyazahrarr/tubesss/tubes_dagoz/install/can_msgs/share/can_msgs/cmake/ament_cmake_export_dependencies-extras.cmake
[1.576s] -- Up-to-date: /home/alyazahrarr/tubesss/tubes_dagoz/install/can_msgs/share/can_msgs/cmake/ament_cmake_export_include_directories-extras.cmake
[1.576s] -- Up-to-date: /home/alyazahrarr/tubesss/tubes_dagoz/install/can_msgs/share/can_msgs/cmake/ament_cmake_export_libraries-extras.cmake
[1.576s] -- Up-to-date: /home/alyazahrarr/tubesss/tubes_dagoz/install/can_msgs/share/can_msgs/cmake/ament_cmake_export_targets-extras.cmake
[1.576s] -- Up-to-date: /home/alyazahrarr/tubesss/tubes_dagoz/install/can_msgs/share/can_msgs/cmake/rosidl_cmake_export_typesupport_targets-extras.cmake
[1.577s] -- Up-to-date: /home/alyazahrarr/tubesss/tubes_dagoz/install/can_msgs/share/can_msgs/cmake/rosidl_cmake_export_typesupport_libraries-extras.cmake
[1.577s] -- Up-to-date: /home/alyazahrarr/tubesss/tubes_dagoz/install/can_msgs/share/can_msgs/cmake/can_msgsConfig.cmake
[1.577s] -- Up-to-date: /home/alyazahrarr/tubesss/tubes_dagoz/install/can_msgs/share/can_msgs/cmake/can_msgsConfig-version.cmake
[1.577s] -- Up-to-date: /home/alyazahrarr/tubesss/tubes_dagoz/install/can_msgs/share/can_msgs/package.xml
[1.578s] Invoked command in '/home/alyazahrarr/tubesss/tubes_dagoz/build/can_msgs' returned '0': CMAKE_PREFIX_PATH=${CMAKE_PREFIX_PATH}:/home/alyazahrarr/ros2_ws/install/launch_testing_examples:/home/alyazahrarr/ros2_ws/install/examples_rclpy_pointcloud_publisher:/home/alyazahrarr/ros2_ws/install/examples_rclpy_minimal_subscriber:/home/alyazahrarr/ros2_ws/install/examples_rclpy_minimal_service:/home/alyazahrarr/ros2_ws/install/examples_rclpy_minimal_publisher:/home/alyazahrarr/ros2_ws/install/examples_rclpy_minimal_client:/home/alyazahrarr/ros2_ws/install/examples_rclpy_minimal_action_server:/home/alyazahrarr/ros2_ws/install/examples_rclpy_minimal_action_client:/home/alyazahrarr/ros2_ws/install/examples_rclpy_guard_conditions:/home/alyazahrarr/ros2_ws/install/examples_rclpy_executors:/opt/ros/jazzy DEBUGINFOD_URLS=https://debuginfod.ubuntu.com /usr/bin/cmake --install /home/alyazahrarr/tubesss/tubes_dagoz/build/can_msgs
