[0.258s] DEBUG:colcon:Command line arguments: ['/usr/bin/colcon', 'build', '--packages-select', 'expander_controller']
[0.258s] DEBUG:colcon:Parsed command line arguments: Namespace(log_base=None, log_level=None, verb_name='build', build_base='build', install_base='install', merge_install=False, symlink_install=False, test_result_base=None, continue_on_error=False, executor='parallel', parallel_workers=2, event_handlers=None, ignore_user_meta=False, metas=['./colcon.meta'], base_paths=['.'], packages_ignore=None, packages_ignore_regex=None, paths=None, packages_up_to=None, packages_up_to_regex=None, packages_above=None, packages_above_and_dependencies=None, packages_above_depth=None, packages_select_by_dep=None, packages_skip_by_dep=None, packages_skip_up_to=None, packages_select_build_failed=False, packages_skip_build_finished=False, packages_select_test_failures=False, packages_skip_test_passed=False, packages_select=['expander_controller'], packages_skip=None, packages_select_regex=None, packages_skip_regex=None, packages_start=None, packages_end=None, allow_overriding=[], cmake_args=None, cmake_target=None, cmake_target_skip_unavailable=False, cmake_clean_cache=False, cmake_clean_first=False, cmake_force_configure=False, ament_cmake_args=None, catkin_cmake_args=None, catkin_skip_building_tests=False, mixin_files=None, mixin=None, verb_parser=<colcon_mixin.mixin.mixin_argument.MixinArgumentDecorator object at 0x7a7936a85f70>, verb_extension=<colcon_core.verb.build.BuildVerb object at 0x7a7936bb0440>, main=<bound method BuildVerb.main of <colcon_core.verb.build.BuildVerb object at 0x7a7936bb0440>>, mixin_verb=('build',))
[0.346s] Level 1:colcon.colcon_core.package_discovery:discover_packages(colcon_meta) check parameters
[0.346s] Level 1:colcon.colcon_core.package_discovery:discover_packages(recursive) check parameters
[0.347s] Level 1:colcon.colcon_core.package_discovery:discover_packages(ignore) check parameters
[0.347s] Level 1:colcon.colcon_core.package_discovery:discover_packages(path) check parameters
[0.347s] Level 1:colcon.colcon_core.package_discovery:discover_packages(colcon_meta) discover
[0.347s] Level 1:colcon.colcon_core.package_discovery:discover_packages(recursive) discover
[0.347s] INFO:colcon.colcon_core.package_discovery:Crawling recursively for packages in '/home/bill_2247/expander'
[0.347s] Level 1:colcon.colcon_core.package_identification:_identify(.) by extensions ['ignore', 'ignore_ament_install']
[0.348s] Level 1:colcon.colcon_core.package_identification:_identify(.) by extension 'ignore'
[0.348s] Level 1:colcon.colcon_core.package_identification:_identify(.) by extension 'ignore_ament_install'
[0.348s] Level 1:colcon.colcon_core.package_identification:_identify(.) by extensions ['colcon_pkg']
[0.348s] Level 1:colcon.colcon_core.package_identification:_identify(.) by extension 'colcon_pkg'
[0.348s] Level 1:colcon.colcon_core.package_identification:_identify(.) by extensions ['colcon_meta']
[0.348s] Level 1:colcon.colcon_core.package_identification:_identify(.) by extension 'colcon_meta'
[0.348s] Level 1:colcon.colcon_core.package_identification:_identify(.) by extensions ['ros']
[0.348s] Level 1:colcon.colcon_core.package_identification:_identify(.) by extension 'ros'
[0.413s] Level 1:colcon.colcon_core.package_identification:_identify(.) by extensions ['cmake', 'python']
[0.413s] Level 1:colcon.colcon_core.package_identification:_identify(.) by extension 'cmake'
[0.413s] Level 1:colcon.colcon_core.package_identification:_identify(.) by extension 'python'
[0.413s] Level 1:colcon.colcon_core.package_identification:_identify(.) by extensions ['python_setup_py']
[0.413s] Level 1:colcon.colcon_core.package_identification:_identify(.) by extension 'python_setup_py'
[0.414s] Level 1:colcon.colcon_core.package_identification:_identify(build) by extensions ['ignore', 'ignore_ament_install']
[0.414s] Level 1:colcon.colcon_core.package_identification:_identify(build) by extension 'ignore'
[0.414s] Level 1:colcon.colcon_core.package_identification:_identify(build) ignored
[0.415s] Level 1:colcon.colcon_core.package_identification:_identify(install) by extensions ['ignore', 'ignore_ament_install']
[0.415s] Level 1:colcon.colcon_core.package_identification:_identify(install) by extension 'ignore'
[0.415s] Level 1:colcon.colcon_core.package_identification:_identify(install) ignored
[0.415s] Level 1:colcon.colcon_core.package_identification:_identify(log) by extensions ['ignore', 'ignore_ament_install']
[0.415s] Level 1:colcon.colcon_core.package_identification:_identify(log) by extension 'ignore'
[0.416s] Level 1:colcon.colcon_core.package_identification:_identify(log) ignored
[0.416s] Level 1:colcon.colcon_core.package_identification:_identify(src) by extensions ['ignore', 'ignore_ament_install']
[0.416s] Level 1:colcon.colcon_core.package_identification:_identify(src) by extension 'ignore'
[0.416s] Level 1:colcon.colcon_core.package_identification:_identify(src) by extension 'ignore_ament_install'
[0.416s] Level 1:colcon.colcon_core.package_identification:_identify(src) by extensions ['colcon_pkg']
[0.416s] Level 1:colcon.colcon_core.package_identification:_identify(src) by extension 'colcon_pkg'
[0.416s] Level 1:colcon.colcon_core.package_identification:_identify(src) by extensions ['colcon_meta']
[0.417s] Level 1:colcon.colcon_core.package_identification:_identify(src) by extension 'colcon_meta'
[0.417s] Level 1:colcon.colcon_core.package_identification:_identify(src) by extensions ['ros']
[0.417s] Level 1:colcon.colcon_core.package_identification:_identify(src) by extension 'ros'
[0.417s] Level 1:colcon.colcon_core.package_identification:_identify(src) by extensions ['cmake', 'python']
[0.417s] Level 1:colcon.colcon_core.package_identification:_identify(src) by extension 'cmake'
[0.417s] Level 1:colcon.colcon_core.package_identification:_identify(src) by extension 'python'
[0.417s] Level 1:colcon.colcon_core.package_identification:_identify(src) by extensions ['python_setup_py']
[0.417s] Level 1:colcon.colcon_core.package_identification:_identify(src) by extension 'python_setup_py'
[0.418s] Level 1:colcon.colcon_core.package_identification:_identify(src/expander_controller) by extensions ['ignore', 'ignore_ament_install']
[0.418s] Level 1:colcon.colcon_core.package_identification:_identify(src/expander_controller) by extension 'ignore'
[0.418s] Level 1:colcon.colcon_core.package_identification:_identify(src/expander_controller) by extension 'ignore_ament_install'
[0.418s] Level 1:colcon.colcon_core.package_identification:_identify(src/expander_controller) by extensions ['colcon_pkg']
[0.418s] Level 1:colcon.colcon_core.package_identification:_identify(src/expander_controller) by extension 'colcon_pkg'
[0.418s] Level 1:colcon.colcon_core.package_identification:_identify(src/expander_controller) by extensions ['colcon_meta']
[0.418s] Level 1:colcon.colcon_core.package_identification:_identify(src/expander_controller) by extension 'colcon_meta'
[0.419s] Level 1:colcon.colcon_core.package_identification:_identify(src/expander_controller) by extensions ['ros']
[0.419s] Level 1:colcon.colcon_core.package_identification:_identify(src/expander_controller) by extension 'ros'
[0.424s] DEBUG:colcon.colcon_core.package_identification:Package 'src/expander_controller' with type 'ros.ament_cmake' and name 'expander_controller'
[0.424s] Level 1:colcon.colcon_core.package_identification:_identify(src/ros2_socketcan) by extensions ['ignore', 'ignore_ament_install']
[0.425s] Level 1:colcon.colcon_core.package_identification:_identify(src/ros2_socketcan) by extension 'ignore'
[0.425s] Level 1:colcon.colcon_core.package_identification:_identify(src/ros2_socketcan) by extension 'ignore_ament_install'
[0.425s] Level 1:colcon.colcon_core.package_identification:_identify(src/ros2_socketcan) by extensions ['colcon_pkg']
[0.425s] Level 1:colcon.colcon_core.package_identification:_identify(src/ros2_socketcan) by extension 'colcon_pkg'
[0.425s] Level 1:colcon.colcon_core.package_identification:_identify(src/ros2_socketcan) by extensions ['colcon_meta']
[0.425s] Level 1:colcon.colcon_core.package_identification:_identify(src/ros2_socketcan) by extension 'colcon_meta'
[0.425s] Level 1:colcon.colcon_core.package_identification:_identify(src/ros2_socketcan) by extensions ['ros']
[0.425s] Level 1:colcon.colcon_core.package_identification:_identify(src/ros2_socketcan) by extension 'ros'
[0.426s] Level 1:colcon.colcon_core.package_identification:_identify(src/ros2_socketcan) by extensions ['cmake', 'python']
[0.426s] Level 1:colcon.colcon_core.package_identification:_identify(src/ros2_socketcan) by extension 'cmake'
[0.426s] Level 1:colcon.colcon_core.package_identification:_identify(src/ros2_socketcan) by extension 'python'
[0.426s] Level 1:colcon.colcon_core.package_identification:_identify(src/ros2_socketcan) by extensions ['python_setup_py']
[0.426s] Level 1:colcon.colcon_core.package_identification:_identify(src/ros2_socketcan) by extension 'python_setup_py'
[0.426s] Level 1:colcon.colcon_core.package_identification:_identify(src/ros2_socketcan/can_msgs) by extensions ['ignore', 'ignore_ament_install']
[0.427s] Level 1:colcon.colcon_core.package_identification:_identify(src/ros2_socketcan/can_msgs) by extension 'ignore'
[0.427s] Level 1:colcon.colcon_core.package_identification:_identify(src/ros2_socketcan/can_msgs) by extension 'ignore_ament_install'
[0.427s] Level 1:colcon.colcon_core.package_identification:_identify(src/ros2_socketcan/can_msgs) by extensions ['colcon_pkg']
[0.427s] Level 1:colcon.colcon_core.package_identification:_identify(src/ros2_socketcan/can_msgs) by extension 'colcon_pkg'
[0.427s] Level 1:colcon.colcon_core.package_identification:_identify(src/ros2_socketcan/can_msgs) by extensions ['colcon_meta']
[0.427s] Level 1:colcon.colcon_core.package_identification:_identify(src/ros2_socketcan/can_msgs) by extension 'colcon_meta'
[0.427s] Level 1:colcon.colcon_core.package_identification:_identify(src/ros2_socketcan/can_msgs) by extensions ['ros']
[0.427s] Level 1:colcon.colcon_core.package_identification:_identify(src/ros2_socketcan/can_msgs) by extension 'ros'
[0.429s] DEBUG:colcon.colcon_core.package_identification:Package 'src/ros2_socketcan/can_msgs' with type 'ros.ament_cmake' and name 'can_msgs'
[0.429s] Level 1:colcon.colcon_core.package_identification:_identify(src/ros2_socketcan/ros2_socketcan) by extensions ['ignore', 'ignore_ament_install']
[0.429s] Level 1:colcon.colcon_core.package_identification:_identify(src/ros2_socketcan/ros2_socketcan) by extension 'ignore'
[0.430s] Level 1:colcon.colcon_core.package_identification:_identify(src/ros2_socketcan/ros2_socketcan) by extension 'ignore_ament_install'
[0.430s] Level 1:colcon.colcon_core.package_identification:_identify(src/ros2_socketcan/ros2_socketcan) by extensions ['colcon_pkg']
[0.430s] Level 1:colcon.colcon_core.package_identification:_identify(src/ros2_socketcan/ros2_socketcan) by extension 'colcon_pkg'
[0.430s] Level 1:colcon.colcon_core.package_identification:_identify(src/ros2_socketcan/ros2_socketcan) by extensions ['colcon_meta']
[0.430s] Level 1:colcon.colcon_core.package_identification:_identify(src/ros2_socketcan/ros2_socketcan) by extension 'colcon_meta'
[0.430s] Level 1:colcon.colcon_core.package_identification:_identify(src/ros2_socketcan/ros2_socketcan) by extensions ['ros']
[0.430s] Level 1:colcon.colcon_core.package_identification:_identify(src/ros2_socketcan/ros2_socketcan) by extension 'ros'
[0.433s] DEBUG:colcon.colcon_core.package_identification:Package 'src/ros2_socketcan/ros2_socketcan' with type 'ros.ament_cmake' and name 'ros2_socketcan'
[0.433s] Level 1:colcon.colcon_core.package_identification:_identify(src/ros2_socketcan/ros2_socketcan_msgs) by extensions ['ignore', 'ignore_ament_install']
[0.433s] Level 1:colcon.colcon_core.package_identification:_identify(src/ros2_socketcan/ros2_socketcan_msgs) by extension 'ignore'
[0.434s] Level 1:colcon.colcon_core.package_identification:_identify(src/ros2_socketcan/ros2_socketcan_msgs) by extension 'ignore_ament_install'
[0.434s] Level 1:colcon.colcon_core.package_identification:_identify(src/ros2_socketcan/ros2_socketcan_msgs) by extensions ['colcon_pkg']
[0.435s] Level 1:colcon.colcon_core.package_identification:_identify(src/ros2_socketcan/ros2_socketcan_msgs) by extension 'colcon_pkg'
[0.435s] Level 1:colcon.colcon_core.package_identification:_identify(src/ros2_socketcan/ros2_socketcan_msgs) by extensions ['colcon_meta']
[0.435s] Level 1:colcon.colcon_core.package_identification:_identify(src/ros2_socketcan/ros2_socketcan_msgs) by extension 'colcon_meta'
[0.435s] Level 1:colcon.colcon_core.package_identification:_identify(src/ros2_socketcan/ros2_socketcan_msgs) by extensions ['ros']
[0.435s] Level 1:colcon.colcon_core.package_identification:_identify(src/ros2_socketcan/ros2_socketcan_msgs) by extension 'ros'
[0.437s] DEBUG:colcon.colcon_core.package_identification:Package 'src/ros2_socketcan/ros2_socketcan_msgs' with type 'ros.ament_cmake' and name 'ros2_socketcan_msgs'
[0.437s] Level 1:colcon.colcon_core.package_discovery:discover_packages(recursive) using defaults
[0.437s] Level 1:colcon.colcon_core.package_discovery:discover_packages(ignore) discover
[0.437s] Level 1:colcon.colcon_core.package_discovery:discover_packages(ignore) using defaults
[0.437s] Level 1:colcon.colcon_core.package_discovery:discover_packages(path) discover
[0.437s] Level 1:colcon.colcon_core.package_discovery:discover_packages(path) using defaults
[0.480s] INFO:colcon.colcon_core.package_selection:Skipping not selected package 'can_msgs' in 'src/ros2_socketcan/can_msgs'
[0.480s] INFO:colcon.colcon_core.package_selection:Skipping not selected package 'ros2_socketcan_msgs' in 'src/ros2_socketcan/ros2_socketcan_msgs'
[0.480s] INFO:colcon.colcon_core.package_selection:Skipping not selected package 'ros2_socketcan' in 'src/ros2_socketcan/ros2_socketcan'
[0.481s] Level 1:colcon.colcon_core.package_discovery:discover_packages(prefix_path) check parameters
[0.481s] Level 1:colcon.colcon_core.package_discovery:discover_packages(prefix_path) discover
[0.484s] WARNING:colcon.colcon_ros.prefix_path.ament:The path '/home/bill_2247/expander/install/ros2_socketcan' in the environment variable AMENT_PREFIX_PATH doesn't exist
[0.484s] WARNING:colcon.colcon_ros.prefix_path.ament:The path '/home/bill_2247/expander/install/ros2_socketcan_msgs' in the environment variable AMENT_PREFIX_PATH doesn't exist
[0.484s] WARNING:colcon.colcon_ros.prefix_path.ament:The path '/home/bill_2247/expander/install/can_msgs' in the environment variable AMENT_PREFIX_PATH doesn't exist
[0.485s] WARNING:colcon.colcon_ros.prefix_path.catkin:The path '/home/bill_2247/expander/install/ros2_socketcan' in the environment variable CMAKE_PREFIX_PATH doesn't exist
[0.485s] WARNING:colcon.colcon_ros.prefix_path.catkin:The path '/home/bill_2247/expander/install/ros2_socketcan_msgs' in the environment variable CMAKE_PREFIX_PATH doesn't exist
[0.486s] WARNING:colcon.colcon_ros.prefix_path.catkin:The path '/home/bill_2247/expander/install/can_msgs' in the environment variable CMAKE_PREFIX_PATH doesn't exist
[0.489s] DEBUG:colcon.colcon_installed_package_information.package_discovery:Found 1 installed packages in /home/bill_2247/expander/install
[0.495s] DEBUG:colcon.colcon_installed_package_information.package_discovery:Found 285 installed packages in /opt/ros/jazzy
[0.499s] Level 1:colcon.colcon_core.package_discovery:discover_packages(prefix_path) using defaults
[0.612s] Level 5:colcon.colcon_core.verb:set package 'expander_controller' build argument 'cmake_args' from command line to 'None'
[0.612s] Level 5:colcon.colcon_core.verb:set package 'expander_controller' build argument 'cmake_target' from command line to 'None'
[0.613s] Level 5:colcon.colcon_core.verb:set package 'expander_controller' build argument 'cmake_target_skip_unavailable' from command line to 'False'
[0.613s] Level 5:colcon.colcon_core.verb:set package 'expander_controller' build argument 'cmake_clean_cache' from command line to 'False'
[0.613s] Level 5:colcon.colcon_core.verb:set package 'expander_controller' build argument 'cmake_clean_first' from command line to 'False'
[0.613s] Level 5:colcon.colcon_core.verb:set package 'expander_controller' build argument 'cmake_force_configure' from command line to 'False'
[0.613s] Level 5:colcon.colcon_core.verb:set package 'expander_controller' build argument 'ament_cmake_args' from command line to 'None'
[0.613s] Level 5:colcon.colcon_core.verb:set package 'expander_controller' build argument 'catkin_cmake_args' from command line to 'None'
[0.613s] Level 5:colcon.colcon_core.verb:set package 'expander_controller' build argument 'catkin_skip_building_tests' from command line to 'False'
[0.613s] DEBUG:colcon.colcon_core.verb:Building package 'expander_controller' with the following arguments: {'ament_cmake_args': None, 'build_base': '/home/bill_2247/expander/build/expander_controller', 'catkin_cmake_args': None, 'catkin_skip_building_tests': False, 'cmake_args': None, 'cmake_clean_cache': False, 'cmake_clean_first': False, 'cmake_force_configure': False, 'cmake_target': None, 'cmake_target_skip_unavailable': False, 'install_base': '/home/bill_2247/expander/install/expander_controller', 'merge_install': False, 'path': '/home/bill_2247/expander/src/expander_controller', 'symlink_install': False, 'test_result_base': None}
[0.613s] INFO:colcon.colcon_core.executor:Executing jobs using 'parallel' executor
[0.615s] DEBUG:colcon.colcon_parallel_executor.executor.parallel:run_until_complete
[0.616s] INFO:colcon.colcon_ros.task.ament_cmake.build:Building ROS package in '/home/bill_2247/expander/src/expander_controller' with build type 'ament_cmake'
[0.616s] INFO:colcon.colcon_cmake.task.cmake.build:Building CMake package in '/home/bill_2247/expander/src/expander_controller'
[0.624s] INFO:colcon.colcon_core.plugin_system:Skipping extension 'colcon_core.shell.bat': Not used on non-Windows systems
[0.626s] INFO:colcon.colcon_core.shell:Skip shell extension 'powershell' for command environment: Not usable outside of PowerShell
[0.626s] DEBUG:colcon.colcon_core.shell:Skip shell extension 'dsv' for command environment
[0.653s] DEBUG:colcon.colcon_core.event_handler.log_command:Invoking command in '/home/bill_2247/expander/build/expander_controller': CMAKE_PREFIX_PATH=${CMAKE_PREFIX_PATH}:/opt/ros/jazzy /usr/bin/cmake --build /home/bill_2247/expander/build/expander_controller -- -j2 -l2
[2.302s] DEBUG:colcon.colcon_core.event_handler.log_command:Invoked command in '/home/bill_2247/expander/build/expander_controller' returned '0': CMAKE_PREFIX_PATH=${CMAKE_PREFIX_PATH}:/opt/ros/jazzy /usr/bin/cmake --build /home/bill_2247/expander/build/expander_controller -- -j2 -l2
[2.367s] DEBUG:colcon.colcon_core.event_handler.log_command:Invoking command in '/home/bill_2247/expander/build/expander_controller': CMAKE_PREFIX_PATH=${CMAKE_PREFIX_PATH}:/opt/ros/jazzy /usr/bin/cmake --install /home/bill_2247/expander/build/expander_controller
[2.393s] Level 1:colcon.colcon_core.environment:create_environment_scripts_only(expander_controller)
[2.397s] DEBUG:colcon.colcon_core.event_handler.log_command:Invoked command in '/home/bill_2247/expander/build/expander_controller' returned '0': CMAKE_PREFIX_PATH=${CMAKE_PREFIX_PATH}:/opt/ros/jazzy /usr/bin/cmake --install /home/bill_2247/expander/build/expander_controller
[2.401s] Level 1:colcon.colcon_core.environment:checking '/home/bill_2247/expander/install/expander_controller' for CMake module files
[2.403s] Level 1:colcon.colcon_core.environment:checking '/home/bill_2247/expander/install/expander_controller' for CMake config files
[2.403s] Level 1:colcon.colcon_core.shell:create_environment_hook('expander_controller', 'cmake_prefix_path')
[2.404s] INFO:colcon.colcon_core.shell:Creating environment hook '/home/bill_2247/expander/install/expander_controller/share/expander_controller/hook/cmake_prefix_path.ps1'
[2.406s] INFO:colcon.colcon_core.shell:Creating environment descriptor '/home/bill_2247/expander/install/expander_controller/share/expander_controller/hook/cmake_prefix_path.dsv'
[2.407s] INFO:colcon.colcon_core.shell:Creating environment hook '/home/bill_2247/expander/install/expander_controller/share/expander_controller/hook/cmake_prefix_path.sh'
[2.409s] Level 1:colcon.colcon_core.environment:checking '/home/bill_2247/expander/install/expander_controller/bin'
[2.409s] Level 1:colcon.colcon_core.environment:checking '/home/bill_2247/expander/install/expander_controller/lib/pkgconfig/expander_controller.pc'
[2.410s] Level 1:colcon.colcon_core.environment:checking '/home/bill_2247/expander/install/expander_controller/lib/python3.12/site-packages'
[2.411s] Level 1:colcon.colcon_core.environment:checking '/home/bill_2247/expander/install/expander_controller/bin'
[2.411s] INFO:colcon.colcon_core.shell:Creating package script '/home/bill_2247/expander/install/expander_controller/share/expander_controller/package.ps1'
[2.413s] INFO:colcon.colcon_core.shell:Creating package descriptor '/home/bill_2247/expander/install/expander_controller/share/expander_controller/package.dsv'
[2.415s] INFO:colcon.colcon_core.shell:Creating package script '/home/bill_2247/expander/install/expander_controller/share/expander_controller/package.sh'
[2.416s] INFO:colcon.colcon_core.shell:Creating package script '/home/bill_2247/expander/install/expander_controller/share/expander_controller/package.bash'
[2.418s] INFO:colcon.colcon_core.shell:Creating package script '/home/bill_2247/expander/install/expander_controller/share/expander_controller/package.zsh'
[2.419s] Level 1:colcon.colcon_core.environment:create_file_with_runtime_dependencies(/home/bill_2247/expander/install/expander_controller/share/colcon-core/packages/expander_controller)
[2.467s] Level 1:colcon.colcon_core.environment:create_environment_scripts_only(expander_controller)
[2.468s] Level 1:colcon.colcon_core.environment:checking '/home/bill_2247/expander/install/expander_controller' for CMake module files
[2.469s] Level 1:colcon.colcon_core.environment:checking '/home/bill_2247/expander/install/expander_controller' for CMake config files
[2.470s] Level 1:colcon.colcon_core.shell:create_environment_hook('expander_controller', 'cmake_prefix_path')
[2.470s] INFO:colcon.colcon_core.shell:Creating environment hook '/home/bill_2247/expander/install/expander_controller/share/expander_controller/hook/cmake_prefix_path.ps1'
[2.471s] INFO:colcon.colcon_core.shell:Creating environment descriptor '/home/bill_2247/expander/install/expander_controller/share/expander_controller/hook/cmake_prefix_path.dsv'
[2.472s] INFO:colcon.colcon_core.shell:Creating environment hook '/home/bill_2247/expander/install/expander_controller/share/expander_controller/hook/cmake_prefix_path.sh'
[2.474s] Level 1:colcon.colcon_core.environment:checking '/home/bill_2247/expander/install/expander_controller/bin'
[2.474s] Level 1:colcon.colcon_core.environment:checking '/home/bill_2247/expander/install/expander_controller/lib/pkgconfig/expander_controller.pc'
[2.474s] Level 1:colcon.colcon_core.environment:checking '/home/bill_2247/expander/install/expander_controller/lib/python3.12/site-packages'
[2.475s] Level 1:colcon.colcon_core.environment:checking '/home/bill_2247/expander/install/expander_controller/bin'
[2.476s] INFO:colcon.colcon_core.shell:Creating package script '/home/bill_2247/expander/install/expander_controller/share/expander_controller/package.ps1'
[2.477s] INFO:colcon.colcon_core.shell:Creating package descriptor '/home/bill_2247/expander/install/expander_controller/share/expander_controller/package.dsv'
[2.478s] INFO:colcon.colcon_core.shell:Creating package script '/home/bill_2247/expander/install/expander_controller/share/expander_controller/package.sh'
[2.479s] INFO:colcon.colcon_core.shell:Creating package script '/home/bill_2247/expander/install/expander_controller/share/expander_controller/package.bash'
[2.480s] INFO:colcon.colcon_core.shell:Creating package script '/home/bill_2247/expander/install/expander_controller/share/expander_controller/package.zsh'
[2.481s] Level 1:colcon.colcon_core.environment:create_file_with_runtime_dependencies(/home/bill_2247/expander/install/expander_controller/share/colcon-core/packages/expander_controller)
[2.482s] DEBUG:colcon.colcon_parallel_executor.executor.parallel:closing loop
[2.483s] DEBUG:colcon.colcon_parallel_executor.executor.parallel:loop closed
[2.484s] DEBUG:colcon.colcon_parallel_executor.executor.parallel:run_until_complete finished with '0'
[2.484s] DEBUG:colcon.colcon_core.event_reactor:joining thread
[2.509s] INFO:colcon.colcon_core.plugin_system:Skipping extension 'colcon_notification.desktop_notification.terminal_notifier': Not used on non-Darwin systems
[2.509s] INFO:colcon.colcon_core.plugin_system:Skipping extension 'colcon_notification.desktop_notification.win32': Not used on non-Windows systems
[2.510s] INFO:colcon.colcon_notification.desktop_notification:Sending desktop notification using 'notify2'
[2.540s] DEBUG:colcon.colcon_core.event_reactor:joined thread
[2.541s] INFO:colcon.colcon_core.shell:Creating prefix script '/home/bill_2247/expander/install/local_setup.ps1'
[2.544s] INFO:colcon.colcon_core.shell:Creating prefix util module '/home/bill_2247/expander/install/_local_setup_util_ps1.py'
[2.551s] INFO:colcon.colcon_core.shell:Creating prefix chain script '/home/bill_2247/expander/install/setup.ps1'
[2.554s] INFO:colcon.colcon_core.shell:Creating prefix script '/home/bill_2247/expander/install/local_setup.sh'
[2.557s] INFO:colcon.colcon_core.shell:Creating prefix util module '/home/bill_2247/expander/install/_local_setup_util_sh.py'
[2.559s] INFO:colcon.colcon_core.shell:Creating prefix chain script '/home/bill_2247/expander/install/setup.sh'
[2.564s] INFO:colcon.colcon_core.shell:Creating prefix script '/home/bill_2247/expander/install/local_setup.bash'
[2.565s] INFO:colcon.colcon_core.shell:Creating prefix chain script '/home/bill_2247/expander/install/setup.bash'
[2.568s] INFO:colcon.colcon_core.shell:Creating prefix script '/home/bill_2247/expander/install/local_setup.zsh'
[2.569s] INFO:colcon.colcon_core.shell:Creating prefix chain script '/home/bill_2247/expander/install/setup.zsh'
