[0.078s] Invoking command in '/home/alyazahrarr/tubes_dagoz/build/control': CMAKE_PREFIX_PATH=${CMAKE_PREFIX_PATH}:/home/alyazahrarr/ros2_ws/install/launch_testing_examples:/home/alyazahrarr/ros2_ws/install/examples_rclpy_pointcloud_publisher:/home/alyazahrarr/ros2_ws/install/examples_rclpy_minimal_subscriber:/home/alyazahrarr/ros2_ws/install/examples_rclpy_minimal_service:/home/alyazahrarr/ros2_ws/install/examples_rclpy_minimal_publisher:/home/alyazahrarr/ros2_ws/install/examples_rclpy_minimal_client:/home/alyazahrarr/ros2_ws/install/examples_rclpy_minimal_action_server:/home/alyazahrarr/ros2_ws/install/examples_rclpy_minimal_action_client:/home/alyazahrarr/ros2_ws/install/examples_rclpy_guard_conditions:/home/alyazahrarr/ros2_ws/install/examples_rclpy_executors:/opt/ros/jazzy DEBUGINFOD_URLS=https://debuginfod.ubuntu.com /usr/bin/cmake --build /home/alyazahrarr/tubes_dagoz/build/control -- -j8 -l8
[0.439s] [ 50%] Built target keyboard_input
[0.458s] [ 75%] [32mBuilding CXX object CMakeFiles/translator_node.dir/src/translator_node.cpp.o[0m
[13.079s] In file included from [01m[K/opt/ros/jazzy/include/rclcpp/rclcpp/utilities.hpp:19[m[K,
[13.080s]                  from [01m[K/opt/ros/jazzy/include/rclcpp/rclcpp/logging.hpp:25[m[K,
[13.080s]                  from [01m[K/opt/ros/jazzy/include/rclcpp/rclcpp/copy_all_parameter_values.hpp:27[m[K,
[13.081s]                  from [01m[K/opt/ros/jazzy/include/rclcpp/rclcpp/rclcpp.hpp:171[m[K,
[13.082s]                  from [01m[K/home/alyazahrarr/tubes_dagoz/src/control/src/translator_node.cpp:4[m[K:
[13.082s] /usr/include/c++/13/functional: In instantiation of ‘[01m[Kstruct std::_Bind_check_arity<void (TranslatorNode::*)(std::shared_ptr<geometry_msgs::msg::Twist_<std::allocator<void> > >), TranslatorNode*>[m[K’:
[13.083s] [01m[K/usr/include/c++/13/functional:859:12:[m[K   required from ‘[01m[Kstruct std::_Bind_helper<false, void (TranslatorNode::*)(std::shared_ptr<geometry_msgs::msg::Twist_<std::allocator<void> > >), TranslatorNode*>[m[K’
[13.083s] [01m[K/usr/include/c++/13/functional:881:5:[m[K   required by substitution of ‘[01m[Ktemplate<class _Func, class ... _BoundArgs> typename std::_Bind_helper<std::__is_socketlike<_Func>::value, _Func, _BoundArgs ...>::type std::[01;32m[Kbind[m[K(_Func&&, _BoundArgs&& ...) [35m[K[with _Func = void (TranslatorNode::*)(std::shared_ptr<geometry_msgs::msg::Twist_<std::allocator<void> > >); _BoundArgs = {TranslatorNode*}][m[K[m[K’
[13.084s] [01m[K/home/alyazahrarr/tubes_dagoz/src/control/src/translator_node.cpp:22:18:[m[K   required from here
[13.084s] [01m[K/usr/include/c++/13/functional:847:21:[m[K [01;31m[Kerror: [m[Kstatic assertion failed: Wrong number of arguments for pointer-to-member
[13.085s]   846 |       static_assert(_Varargs::[01;31m[Kvalue[m[K
[13.086s]       |                               [01;31m[K~~~~~[m[K
[13.086s]   847 | [01;31m[K                    ? sizeof...(_BoundArgs) >= _Arity::value + 1[m[K
[13.087s]       |                     [01;31m[K^~~~~~~~~~~~~~~~~~~~~~~~~~~~~~~~~~~~~~~~~~~~[m[K
[13.087s]   848 | [01;31m[K                    : sizeof...(_BoundArgs) == _Arity::value + 1[m[K,
[13.088s]       |                     [01;31m[K~~~~~~~~~~~~~~~~~~~~~~~~~~~~~~~~~~~~~~~~~~~~[m[K
[13.088s] [01m[K/usr/include/c++/13/functional:847:21:[m[K [01;36m[Knote: [m[K‘[01m[K(false ? (1 >= (((long unsigned int)std::integral_constant<long unsigned int, 1>::value) + 1)) : (1 == (((long unsigned int)std::integral_constant<long unsigned int, 1>::value) + 1)))[m[K’ evaluates to false
[13.099s] [01m[K/home/alyazahrarr/tubes_dagoz/src/control/src/translator_node.cpp:[m[K In constructor ‘[01m[KTranslatorNode::[01;32m[KTranslatorNode[m[K()[m[K’:
[13.100s] [01m[K/home/alyazahrarr/tubes_dagoz/src/control/src/translator_node.cpp:20:37:[m[K [01;31m[Kerror: [m[Kno matching function for call to ‘[01m[KTranslatorNode::create_wall_timer(std::chrono::milliseconds, std::_Bind_helper<false, void (TranslatorNode::*)(std::shared_ptr<geometry_msgs::msg::Twist_<std::allocator<void> > >), TranslatorNode*>::type)[m[K’
[13.101s]    20 |     timer_ = [01;31m[Kthis->create_wall_timer([m[K
[13.101s]       |              [01;31m[K~~~~~~~~~~~~~~~~~~~~~~~^[m[K
[13.102s]    21 | [01;31m[K        std::chrono::milliseconds(1000),[m[K
[13.102s]       |         [01;31m[K~~~~~~~~~~~~~~~~~~~~~~~~~~~~~~~~[m[K
[13.103s]    22 | [01;31m[K        std::bind(&TranslatorNode::cmd_vel_callback, this))[m[K;
[13.104s]       |         [01;31m[K~~~~~~~~~~~~~~~~~~~~~~~~~~~~~~~~~~~~~~~~~~~~~~~~~~~[m[K
[13.104s] In file included from [01m[K/opt/ros/jazzy/include/rclcpp/rclcpp/executors/single_threaded_executor.hpp:28[m[K,
[13.105s]                  from [01m[K/opt/ros/jazzy/include/rclcpp/rclcpp/executors.hpp:22[m[K,
[13.105s]                  from [01m[K/opt/ros/jazzy/include/rclcpp/rclcpp/rclcpp.hpp:172[m[K:
[13.106s] [01m[K/opt/ros/jazzy/include/rclcpp/rclcpp/node.hpp:241:3:[m[K [01;36m[Knote: [m[Kcandidate: ‘[01m[Ktemplate<class DurationRepT, class DurationT, class CallbackT> typename rclcpp::WallTimer<CallbackT>::SharedPtr rclcpp::Node::[01;32m[Kcreate_wall_timer[m[K(std::chrono::duration<_Rep1, _Period1>, CallbackT, rclcpp::CallbackGroup::SharedPtr, bool)[m[K’
[13.106s]   241 |   [01;36m[Kcreate_wall_timer[m[K(
[13.107s]       |   [01;36m[K^~~~~~~~~~~~~~~~~[m[K
[13.108s] [01m[K/opt/ros/jazzy/include/rclcpp/rclcpp/node.hpp:241:3:[m[K [01;36m[Knote: [m[K  template argument deduction/substitution failed:
[13.108s] In file included from [01m[K/opt/ros/jazzy/include/rclcpp/rclcpp/node.hpp:1663[m[K:
[13.109s] /opt/ros/jazzy/include/rclcpp/rclcpp/node_impl.hpp: In substitution of ‘[01m[Ktemplate<class DurationRepT, class DurationT, class CallbackT> typename rclcpp::WallTimer<CallbackT>::SharedPtr rclcpp::Node::[01;32m[Kcreate_wall_timer[m[K(std::chrono::duration<_Rep1, _Period1>, CallbackT, rclcpp::CallbackGroup::SharedPtr, bool) [35m[K[with DurationRepT = long int; DurationT = std::ratio<1, 1000>; CallbackT = std::_Bind<void (TranslatorNode::*(TranslatorNode*))(std::shared_ptr<geometry_msgs::msg::Twist_<std::allocator<void> > >)>][m[K[m[K’:
[13.109s] [01m[K/home/alyazahrarr/tubes_dagoz/src/control/src/translator_node.cpp:20:37:[m[K   required from here
[13.110s] [01m[K/opt/ros/jazzy/include/rclcpp/rclcpp/node_impl.hpp:110:1:[m[K [01;31m[Kerror: [m[Kno type named ‘[01m[Ktype[m[K’ in ‘[01m[Kstruct std::enable_if<false, void>[m[K’
[13.110s]   110 | [01;31m[KNode[m[K::create_wall_timer(
[13.111s]       | [01;31m[K^~~~[m[K
[13.111s] [01m[K/opt/ros/jazzy/include/rclcpp/rclcpp/node_impl.hpp:110:1:[m[K [01;31m[Kerror: [m[Kno type named ‘[01m[Ktype[m[K’ in ‘[01m[Kstruct std::enable_if<false, void>[m[K’
[13.112s] [01m[K/opt/ros/jazzy/include/rclcpp/rclcpp/node_impl.hpp:110:1:[m[K [01;36m[Knote: [m[Kinvalid template non-type parameter
[13.113s] [01m[K/home/alyazahrarr/tubes_dagoz/src/control/src/translator_node.cpp:[m[K In lambda function:
[13.114s] [01m[K/home/alyazahrarr/tubes_dagoz/src/control/src/translator_node.cpp:31:20:[m[K [01;31m[Kerror: [m[K‘[01m[Kini_buat_tes[m[K’ has not been declared
[13.115s]    31 |     auto message = [01;31m[Kini_buat_tes[m[K::msg::HardwareCommand();
[13.116s]       |                    [01;31m[K^~~~~~~~~~~~[m[K
[13.116s] [01m[K/home/alyazahrarr/tubes_dagoz/src/control/src/translator_node.cpp:52:24:[m[K [01;31m[Kerror: [m[Kno matching function for call to ‘[01m[Krclcpp::Publisher<geometry_msgs::msg::Twist_<std::allocator<void> > >::publish(const geometry_msgs::msg::Twist_<std::allocator<void> >::SharedPtr&)[m[K’
[13.117s]    52 |     [01;31m[Kpublisher_->publish(msg)[m[K;}
[13.117s]       |     [01;31m[K~~~~~~~~~~~~~~~~~~~^~~~~[m[K
[13.118s] In file included from [01m[K/opt/ros/jazzy/include/rclcpp/rclcpp/topic_statistics/subscription_topic_statistics.hpp:31[m[K,
[13.118s]                  from [01m[K/opt/ros/jazzy/include/rclcpp/rclcpp/subscription.hpp:50[m[K,
[13.119s]                  from [01m[K/opt/ros/jazzy/include/rclcpp/rclcpp/any_executable.hpp:25[m[K,
[13.119s]                  from [01m[K/opt/ros/jazzy/include/rclcpp/rclcpp/memory_strategy.hpp:25[m[K,
[13.120s]                  from [01m[K/opt/ros/jazzy/include/rclcpp/rclcpp/memory_strategies.hpp:18[m[K,
[13.120s]                  from [01m[K/opt/ros/jazzy/include/rclcpp/rclcpp/executor_options.hpp:22[m[K,
[13.121s]                  from [01m[K/opt/ros/jazzy/include/rclcpp/rclcpp/executor.hpp:38[m[K,
[13.122s]                  from [01m[K/opt/ros/jazzy/include/rclcpp/rclcpp/executors/multi_threaded_executor.hpp:25[m[K,
[13.122s]                  from [01m[K/opt/ros/jazzy/include/rclcpp/rclcpp/executors.hpp:21[m[K:
[13.123s] [01m[K/opt/ros/jazzy/include/rclcpp/rclcpp/publisher.hpp:239:3:[m[K [01;36m[Knote: [m[Kcandidate: ‘[01m[Ktemplate<class T> std::enable_if_t<(rosidl_generator_traits::is_message<T>::value && std::is_same<T, typename rclcpp::TypeAdapter<MessageT>::ros_message_type>::value)> rclcpp::Publisher<MessageT, AllocatorT>::[01;32m[Kpublish[m[K(std::unique_ptr<T, typename std::conditional<std::is_same<typename std::allocator_traits<typename std::allocator_traits<_Allocator>::rebind_traits<typename rclcpp::TypeAdapter<MessageT, void, void>::ros_message_type>::allocator_type>::rebind_alloc<typename rclcpp::TypeAdapter<MessageT, void, void>::ros_message_type>, std::allocator<typename rclcpp::TypeAdapter<MessageT>::ros_message_type> >::value, std::default_delete<typename rclcpp::TypeAdapter<MessageT>::ros_message_type>, rclcpp::allocator::AllocatorDeleter<typename std::allocator_traits<_Allocator>::rebind_traits<typename rclcpp::TypeAdapter<MessageT, void, void>::ros_message_type>::allocator_type> >::type>) [35m[K[with MessageT = geometry_msgs::msg::Twist_<std::allocator<void> >; AllocatorT = std::allocator<void>][m[K[m[K’
[13.123s]   239 |   [01;36m[Kpublish[m[K(std::unique_ptr<T, ROSMessageTypeDeleter> msg)
[13.124s]       |   [01;36m[K^~~~~~~[m[K
[13.124s] [01m[K/opt/ros/jazzy/include/rclcpp/rclcpp/publisher.hpp:239:3:[m[K [01;36m[Knote: [m[K  template argument deduction/substitution failed:
[13.125s] [01m[K/home/alyazahrarr/tubes_dagoz/src/control/src/translator_node.cpp:52:24:[m[K [01;36m[Knote: [m[K  ‘[01m[Kstd::shared_ptr<geometry_msgs::msg::Twist_<std::allocator<void> > >[m[K’ is not derived from ‘[01m[Kstd::unique_ptr<T, std::default_delete<geometry_msgs::msg::Twist_<std::allocator<void> > > >[m[K’
[13.125s]    52 |     [01;36m[Kpublisher_->publish(msg)[m[K;}
[13.126s]       |     [01;36m[K~~~~~~~~~~~~~~~~~~~^~~~~[m[K
[13.126s] [01m[K/opt/ros/jazzy/include/rclcpp/rclcpp/publisher.hpp:289:3:[m[K [01;36m[Knote: [m[Kcandidate: ‘[01m[Ktemplate<class T> std::enable_if_t<(rosidl_generator_traits::is_message<T>::value && std::is_same<T, typename rclcpp::TypeAdapter<MessageT>::ros_message_type>::value)> rclcpp::Publisher<MessageT, AllocatorT>::[01;32m[Kpublish[m[K(const T&) [35m[K[with MessageT = geometry_msgs::msg::Twist_<std::allocator<void> >; AllocatorT = std::allocator<void>][m[K[m[K’
[13.127s]   289 |   [01;36m[Kpublish[m[K(const T & msg)
[13.128s]       |   [01;36m[K^~~~~~~[m[K
[13.128s] [01m[K/opt/ros/jazzy/include/rclcpp/rclcpp/publisher.hpp:289:3:[m[K [01;36m[Knote: [m[K  template argument deduction/substitution failed:
[13.129s] In file included from [01m[K/usr/include/c++/13/ratio:39[m[K,
[13.129s]                  from [01m[K/usr/include/c++/13/bits/chrono.h:37[m[K,
[13.130s]                  from [01m[K/usr/include/c++/13/chrono:41[m[K,
[13.130s]                  from [01m[K/home/alyazahrarr/tubes_dagoz/src/control/src/translator_node.cpp:1[m[K:
[13.131s] /usr/include/c++/13/type_traits: In substitution of ‘[01m[Ktemplate<bool _Cond, class _Tp> using std::enable_if_t = typename std::enable_if::type [35m[K[with bool _Cond = false; _Tp = void][m[K[m[K’:
[13.131s] [01m[K/opt/ros/jazzy/include/rclcpp/rclcpp/publisher.hpp:289:3:[m[K   required by substitution of ‘[01m[Ktemplate<class T> std::enable_if_t<(rosidl_generator_traits::is_message<T>::value && std::is_same<T, geometry_msgs::msg::Twist_<std::allocator<void> > >::value), void> rclcpp::Publisher<geometry_msgs::msg::Twist_<std::allocator<void> > >::[01;32m[Kpublish[m[K(const T&) [35m[K[with T = std::shared_ptr<geometry_msgs::msg::Twist_<std::allocator<void> > >][m[K[m[K’
[13.132s] [01m[K/home/alyazahrarr/tubes_dagoz/src/control/src/translator_node.cpp:52:24:[m[K   required from here
[13.132s] [01m[K/usr/include/c++/13/type_traits:2610:11:[m[K [01;31m[Kerror: [m[Kno type named ‘[01m[Ktype[m[K’ in ‘[01m[Kstruct std::enable_if<false, void>[m[K’
[13.133s]  2610 |     using [01;31m[Kenable_if_t[m[K = typename enable_if<_Cond, _Tp>::type;
[13.133s]       |           [01;31m[K^~~~~~~~~~~[m[K
[13.134s] [01m[K/opt/ros/jazzy/include/rclcpp/rclcpp/publisher.hpp:319:3:[m[K [01;36m[Knote: [m[Kcandidate: ‘[01m[Ktemplate<class T> std::enable_if_t<(typename rclcpp::TypeAdapter<MessageT>::is_specialized::value && std::is_same<T, typename rclcpp::TypeAdapter<MessageT>::custom_type>::value)> rclcpp::Publisher<MessageT, AllocatorT>::[01;32m[Kpublish[m[K(std::unique_ptr<T, typename std::conditional<std::is_same<typename std::allocator_traits<typename std::allocator_traits<_Allocator>::rebind_traits<typename rclcpp::TypeAdapter<MessageT, void, void>::custom_type>::allocator_type>::rebind_alloc<typename rclcpp::TypeAdapter<MessageT, void, void>::custom_type>, std::allocator<typename rclcpp::TypeAdapter<MessageT>::custom_type> >::value, std::default_delete<typename rclcpp::TypeAdapter<MessageT>::custom_type>, rclcpp::allocator::AllocatorDeleter<typename std::allocator_traits<_Allocator>::rebind_traits<typename rclcpp::TypeAdapter<MessageT, void, void>::custom_type>::allocator_type> >::type>) [35m[K[with MessageT = geometry_msgs::msg::Twist_<std::allocator<void> >; AllocatorT = std::allocator<void>][m[K[m[K’
[13.135s]   319 |   [01;36m[Kpublish[m[K(std::unique_ptr<T, PublishedTypeDeleter> msg)
[13.135s]       |   [01;36m[K^~~~~~~[m[K
[13.136s] [01m[K/opt/ros/jazzy/include/rclcpp/rclcpp/publisher.hpp:319:3:[m[K [01;36m[Knote: [m[K  template argument deduction/substitution failed:
[13.136s] [01m[K/home/alyazahrarr/tubes_dagoz/src/control/src/translator_node.cpp:52:24:[m[K [01;36m[Knote: [m[K  ‘[01m[Kstd::shared_ptr<geometry_msgs::msg::Twist_<std::allocator<void> > >[m[K’ is not derived from ‘[01m[Kstd::unique_ptr<T, std::default_delete<geometry_msgs::msg::Twist_<std::allocator<void> > > >[m[K’
[13.136s]    52 |     [01;36m[Kpublisher_->publish(msg)[m[K;}
[13.137s]       |     [01;36m[K~~~~~~~~~~~~~~~~~~~^~~~~[m[K
[13.137s] [01m[K/opt/ros/jazzy/include/rclcpp/rclcpp/publisher.hpp:366:3:[m[K [01;36m[Knote: [m[Kcandidate: ‘[01m[Ktemplate<class T> std::enable_if_t<(typename rclcpp::TypeAdapter<MessageT>::is_specialized::value && std::is_same<T, typename rclcpp::TypeAdapter<MessageT>::custom_type>::value)> rclcpp::Publisher<MessageT, AllocatorT>::[01;32m[Kpublish[m[K(const T&) [35m[K[with MessageT = geometry_msgs::msg::Twist_<std::allocator<void> >; AllocatorT = std::allocator<void>][m[K[m[K’
[13.137s]   366 |   [01;36m[Kpublish[m[K(const T & msg)
[13.138s]       |   [01;36m[K^~~~~~~[m[K
[13.138s] [01m[K/opt/ros/jazzy/include/rclcpp/rclcpp/publisher.hpp:366:3:[m[K [01;36m[Knote: [m[K  template argument deduction/substitution failed:
[13.138s] [01m[K/opt/ros/jazzy/include/rclcpp/rclcpp/publisher.hpp:384:3:[m[K [01;36m[Knote: [m[Kcandidate: ‘[01m[Kvoid rclcpp::Publisher<MessageT, AllocatorT>::[01;32m[Kpublish[m[K(const rcl_serialized_message_t&) [35m[K[with MessageT = geometry_msgs::msg::Twist_<std::allocator<void> >; AllocatorT = std::allocator<void>; rcl_serialized_message_t = rcutils_uint8_array_s][m[K[m[K’
[13.139s]   384 |   [01;36m[Kpublish[m[K(const rcl_serialized_message_t & serialized_msg)
[13.139s]       |   [01;36m[K^~~~~~~[m[K
[13.139s] [01m[K/opt/ros/jazzy/include/rclcpp/rclcpp/publisher.hpp:384:44:[m[K [01;36m[Knote: [m[K  no known conversion for argument 1 from ‘[01m[Kconst geometry_msgs::msg::Twist_<std::allocator<void> >::SharedPtr[m[K’ {aka ‘[01m[Kconst std::shared_ptr<geometry_msgs::msg::Twist_<std::allocator<void> > >[m[K’} to ‘[01m[Kconst rcl_serialized_message_t&[m[K’ {aka ‘[01m[Kconst rcutils_uint8_array_s&[m[K’}
[13.140s]   384 |   publish([01;36m[Kconst rcl_serialized_message_t & serialized_msg[m[K)
[13.140s]       |           [01;36m[K~~~~~~~~~~~~~~~~~~~~~~~~~~~~~~~~~^~~~~~~~~~~~~~[m[K
[13.140s] [01m[K/opt/ros/jazzy/include/rclcpp/rclcpp/publisher.hpp:390:3:[m[K [01;36m[Knote: [m[Kcandidate: ‘[01m[Kvoid rclcpp::Publisher<MessageT, AllocatorT>::[01;32m[Kpublish[m[K(const rclcpp::SerializedMessage&) [35m[K[with MessageT = geometry_msgs::msg::Twist_<std::allocator<void> >; AllocatorT = std::allocator<void>][m[K[m[K’
[13.140s]   390 |   [01;36m[Kpublish[m[K(const SerializedMessage & serialized_msg)
[13.141s]       |   [01;36m[K^~~~~~~[m[K
[13.141s] [01m[K/opt/ros/jazzy/include/rclcpp/rclcpp/publisher.hpp:390:37:[m[K [01;36m[Knote: [m[K  no known conversion for argument 1 from ‘[01m[Kconst geometry_msgs::msg::Twist_<std::allocator<void> >::SharedPtr[m[K’ {aka ‘[01m[Kconst std::shared_ptr<geometry_msgs::msg::Twist_<std::allocator<void> > >[m[K’} to ‘[01m[Kconst rclcpp::SerializedMessage&[m[K’
[13.141s]   390 |   publish([01;36m[Kconst SerializedMessage & serialized_msg[m[K)
[13.142s]       |           [01;36m[K~~~~~~~~~~~~~~~~~~~~~~~~~~^~~~~~~~~~~~~~[m[K
[13.142s] [01m[K/opt/ros/jazzy/include/rclcpp/rclcpp/publisher.hpp:404:3:[m[K [01;36m[Knote: [m[Kcandidate: ‘[01m[Kvoid rclcpp::Publisher<MessageT, AllocatorT>::[01;32m[Kpublish[m[K(rclcpp::LoanedMessage<typename rclcpp::TypeAdapter<MessageT>::ros_message_type, AllocatorT>&&) [35m[K[with MessageT = geometry_msgs::msg::Twist_<std::allocator<void> >; AllocatorT = std::allocator<void>; typename rclcpp::TypeAdapter<MessageT>::ros_message_type = geometry_msgs::msg::Twist_<std::allocator<void> >][m[K[m[K’
[13.142s]   404 |   [01;36m[Kpublish[m[K(rclcpp::LoanedMessage<ROSMessageType, AllocatorT> && loaned_msg)
[13.143s]       |   [01;36m[K^~~~~~~[m[K
[13.143s] [01m[K/opt/ros/jazzy/include/rclcpp/rclcpp/publisher.hpp:404:64:[m[K [01;36m[Knote: [m[K  no known conversion for argument 1 from ‘[01m[Kconst geometry_msgs::msg::Twist_<std::allocator<void> >::SharedPtr[m[K’ {aka ‘[01m[Kconst std::shared_ptr<geometry_msgs::msg::Twist_<std::allocator<void> > >[m[K’} to ‘[01m[Krclcpp::LoanedMessage<geometry_msgs::msg::Twist_<std::allocator<void> >, std::allocator<void> >&&[m[K’
[13.143s]   404 |   publish([01;36m[Krclcpp::LoanedMessage<ROSMessageType, AllocatorT> && loaned_msg[m[K)
[13.144s]       |           [01;36m[K~~~~~~~~~~~~~~~~~~~~~~~~~~~~~~~~~~~~~~~~~~~~~~~~~~~~~^~~~~~~~~~[m[K
[13.144s] [01m[K/home/alyazahrarr/tubes_dagoz/src/control/src/translator_node.cpp:[m[K In member function ‘[01m[Kvoid TranslatorNode::[01;32m[Kcmd_vel_callback[m[K(geometry_msgs::msg::Twist_<std::allocator<void> >::SharedPtr)[m[K’:
[13.144s] [01m[K/home/alyazahrarr/tubes_dagoz/src/control/src/translator_node.cpp:53:5:[m[K [01;31m[Kerror: [m[Kexpected ‘[01m[K;[m[K’ before ‘[01m[K}[m[K’ token
[13.145s]    53 |     [01;31m[K}[m[K
[13.145s]       |     [01;31m[K^[m[K
[24.519s] gmake[2]: *** [CMakeFiles/translator_node.dir/build.make:76: CMakeFiles/translator_node.dir/src/translator_node.cpp.o] Error 1
[24.520s] gmake[1]: *** [CMakeFiles/Makefile2:165: CMakeFiles/translator_node.dir/all] Error 2
[24.521s] gmake: *** [Makefile:146: all] Error 2
[24.530s] Invoked command in '/home/alyazahrarr/tubes_dagoz/build/control' returned '2': CMAKE_PREFIX_PATH=${CMAKE_PREFIX_PATH}:/home/alyazahrarr/ros2_ws/install/launch_testing_examples:/home/alyazahrarr/ros2_ws/install/examples_rclpy_pointcloud_publisher:/home/alyazahrarr/ros2_ws/install/examples_rclpy_minimal_subscriber:/home/alyazahrarr/ros2_ws/install/examples_rclpy_minimal_service:/home/alyazahrarr/ros2_ws/install/examples_rclpy_minimal_publisher:/home/alyazahrarr/ros2_ws/install/examples_rclpy_minimal_client:/home/alyazahrarr/ros2_ws/install/examples_rclpy_minimal_action_server:/home/alyazahrarr/ros2_ws/install/examples_rclpy_minimal_action_client:/home/alyazahrarr/ros2_ws/install/examples_rclpy_guard_conditions:/home/alyazahrarr/ros2_ws/install/examples_rclpy_executors:/opt/ros/jazzy DEBUGINFOD_URLS=https://debuginfod.ubuntu.com /usr/bin/cmake --build /home/alyazahrarr/tubes_dagoz/build/control -- -j8 -l8
