[0.046s] Invoking command in '/home/alyazahrarr/tubes_dagoz/build/can_msgs': CMAKE_PREFIX_PATH=${CMAKE_PREFIX_PATH}:/home/alyazahrarr/ros2_ws/install/launch_testing_examples:/home/alyazahrarr/ros2_ws/install/examples_rclpy_pointcloud_publisher:/home/alyazahrarr/ros2_ws/install/examples_rclpy_minimal_subscriber:/home/alyazahrarr/ros2_ws/install/examples_rclpy_minimal_service:/home/alyazahrarr/ros2_ws/install/examples_rclpy_minimal_publisher:/home/alyazahrarr/ros2_ws/install/examples_rclpy_minimal_client:/home/alyazahrarr/ros2_ws/install/examples_rclpy_minimal_action_server:/home/alyazahrarr/ros2_ws/install/examples_rclpy_minimal_action_client:/home/alyazahrarr/ros2_ws/install/examples_rclpy_guard_conditions:/home/alyazahrarr/ros2_ws/install/examples_rclpy_executors:/opt/ros/jazzy DEBUGINFOD_URLS=https://debuginfod.ubuntu.com /usr/bin/cmake --build /home/alyazahrarr/tubes_dagoz/build/can_msgs -- -j8 -l8
[0.158s] [  2%] Built target can_msgs__rosidl_generator_type_description
[0.183s] [  2%] Built target ament_cmake_python_copy_can_msgs
[0.223s] [  5%] Built target can_msgs__cpp
[0.225s] [ 20%] Built target can_msgs__rosidl_generator_c
[0.353s] [ 29%] Built target can_msgs__rosidl_typesupport_c
[0.362s] [ 38%] Built target can_msgs__rosidl_typesupport_fastrtps_c
[0.366s] [ 47%] Built target can_msgs__rosidl_typesupport_fastrtps_cpp
[0.368s] [ 55%] Built target can_msgs__rosidl_typesupport_introspection_c
[0.369s] [ 64%] Built target can_msgs__rosidl_typesupport_introspection_cpp
[0.378s] [ 73%] Built target can_msgs__rosidl_typesupport_cpp
[0.423s] [ 73%] Built target can_msgs
[0.464s] [ 76%] Built target can_msgs__py
[0.509s] [ 82%] Built target can_msgs__rosidl_generator_py
[0.577s] [ 91%] Built target can_msgs_s__rosidl_typesupport_fastrtps_c
[0.577s] [ 94%] Built target can_msgs_s__rosidl_typesupport_introspection_c
[0.583s] [100%] Built target can_msgs_s__rosidl_typesupport_c
[0.867s] running egg_info
[0.919s] writing can_msgs.egg-info/PKG-INFO
[0.919s] writing dependency_links to can_msgs.egg-info/dependency_links.txt
[0.920s] writing top-level names to can_msgs.egg-info/top_level.txt
[1.063s] reading manifest file 'can_msgs.egg-info/SOURCES.txt'
[1.064s] writing manifest file 'can_msgs.egg-info/SOURCES.txt'
[1.120s] [100%] Built target ament_cmake_python_build_can_msgs_egg
[1.143s] Invoked command in '/home/alyazahrarr/tubes_dagoz/build/can_msgs' returned '0': CMAKE_PREFIX_PATH=${CMAKE_PREFIX_PATH}:/home/alyazahrarr/ros2_ws/install/launch_testing_examples:/home/alyazahrarr/ros2_ws/install/examples_rclpy_pointcloud_publisher:/home/alyazahrarr/ros2_ws/install/examples_rclpy_minimal_subscriber:/home/alyazahrarr/ros2_ws/install/examples_rclpy_minimal_service:/home/alyazahrarr/ros2_ws/install/examples_rclpy_minimal_publisher:/home/alyazahrarr/ros2_ws/install/examples_rclpy_minimal_client:/home/alyazahrarr/ros2_ws/install/examples_rclpy_minimal_action_server:/home/alyazahrarr/ros2_ws/install/examples_rclpy_minimal_action_client:/home/alyazahrarr/ros2_ws/install/examples_rclpy_guard_conditions:/home/alyazahrarr/ros2_ws/install/examples_rclpy_executors:/opt/ros/jazzy DEBUGINFOD_URLS=https://debuginfod.ubuntu.com /usr/bin/cmake --build /home/alyazahrarr/tubes_dagoz/build/can_msgs -- -j8 -l8
[1.265s] Invoking command in '/home/alyazahrarr/tubes_dagoz/build/can_msgs': CMAKE_PREFIX_PATH=${CMAKE_PREFIX_PATH}:/home/alyazahrarr/ros2_ws/install/launch_testing_examples:/home/alyazahrarr/ros2_ws/install/examples_rclpy_pointcloud_publisher:/home/alyazahrarr/ros2_ws/install/examples_rclpy_minimal_subscriber:/home/alyazahrarr/ros2_ws/install/examples_rclpy_minimal_service:/home/alyazahrarr/ros2_ws/install/examples_rclpy_minimal_publisher:/home/alyazahrarr/ros2_ws/install/examples_rclpy_minimal_client:/home/alyazahrarr/ros2_ws/install/examples_rclpy_minimal_action_server:/home/alyazahrarr/ros2_ws/install/examples_rclpy_minimal_action_client:/home/alyazahrarr/ros2_ws/install/examples_rclpy_guard_conditions:/home/alyazahrarr/ros2_ws/install/examples_rclpy_executors:/opt/ros/jazzy DEBUGINFOD_URLS=https://debuginfod.ubuntu.com /usr/bin/cmake --install /home/alyazahrarr/tubes_dagoz/build/can_msgs
[1.283s] -- Install configuration: ""
[1.284s] -- Up-to-date: /home/alyazahrarr/tubes_dagoz/install/can_msgs/share/ament_index/resource_index/rosidl_interfaces/can_msgs
[1.284s] -- Up-to-date: /home/alyazahrarr/tubes_dagoz/install/can_msgs/share/can_msgs/msg/Frame.json
[1.285s] -- Up-to-date: /home/alyazahrarr/tubes_dagoz/install/can_msgs/include/can_msgs/can_msgs
[1.285s] -- Up-to-date: /home/alyazahrarr/tubes_dagoz/install/can_msgs/include/can_msgs/can_msgs/msg
[1.285s] -- Up-to-date: /home/alyazahrarr/tubes_dagoz/install/can_msgs/include/can_msgs/can_msgs/msg/detail
[1.285s] -- Up-to-date: /home/alyazahrarr/tubes_dagoz/install/can_msgs/include/can_msgs/can_msgs/msg/detail/frame__struct.h
[1.286s] -- Up-to-date: /home/alyazahrarr/tubes_dagoz/install/can_msgs/include/can_msgs/can_msgs/msg/detail/frame__functions.c
[1.286s] -- Up-to-date: /home/alyazahrarr/tubes_dagoz/install/can_msgs/include/can_msgs/can_msgs/msg/detail/frame__functions.h
[1.286s] -- Installing: /home/alyazahrarr/tubes_dagoz/install/can_msgs/include/can_msgs/can_msgs/msg/detail/frame__type_support.c
[1.286s] -- Up-to-date: /home/alyazahrarr/tubes_dagoz/install/can_msgs/include/can_msgs/can_msgs/msg/detail/frame__description.c
[1.286s] -- Up-to-date: /home/alyazahrarr/tubes_dagoz/install/can_msgs/include/can_msgs/can_msgs/msg/detail/frame__type_support.h
[1.286s] -- Up-to-date: /home/alyazahrarr/tubes_dagoz/install/can_msgs/include/can_msgs/can_msgs/msg/rosidl_generator_c__visibility_control.h
[1.287s] -- Up-to-date: /home/alyazahrarr/tubes_dagoz/install/can_msgs/include/can_msgs/can_msgs/msg/frame.h
[1.287s] -- Up-to-date: /home/alyazahrarr/tubes_dagoz/install/can_msgs/share/can_msgs/environment/library_path.sh
[1.287s] -- Up-to-date: /home/alyazahrarr/tubes_dagoz/install/can_msgs/share/can_msgs/environment/library_path.dsv
[1.287s] -- Up-to-date: /home/alyazahrarr/tubes_dagoz/install/can_msgs/lib/libcan_msgs__rosidl_generator_c.so
[1.287s] -- Up-to-date: /home/alyazahrarr/tubes_dagoz/install/can_msgs/include/can_msgs/can_msgs
[1.288s] -- Up-to-date: /home/alyazahrarr/tubes_dagoz/install/can_msgs/include/can_msgs/can_msgs/msg
[1.288s] -- Up-to-date: /home/alyazahrarr/tubes_dagoz/install/can_msgs/include/can_msgs/can_msgs/msg/detail
[1.288s] -- Up-to-date: /home/alyazahrarr/tubes_dagoz/install/can_msgs/include/can_msgs/can_msgs/msg/detail/frame__rosidl_typesupport_fastrtps_c.h
[1.288s] -- Up-to-date: /home/alyazahrarr/tubes_dagoz/install/can_msgs/include/can_msgs/can_msgs/msg/rosidl_typesupport_fastrtps_c__visibility_control.h
[1.288s] -- Up-to-date: /home/alyazahrarr/tubes_dagoz/install/can_msgs/lib/libcan_msgs__rosidl_typesupport_fastrtps_c.so
[1.289s] -- Up-to-date: /home/alyazahrarr/tubes_dagoz/install/can_msgs/include/can_msgs/can_msgs
[1.289s] -- Up-to-date: /home/alyazahrarr/tubes_dagoz/install/can_msgs/include/can_msgs/can_msgs/msg
[1.289s] -- Up-to-date: /home/alyazahrarr/tubes_dagoz/install/can_msgs/include/can_msgs/can_msgs/msg/detail
[1.289s] -- Installing: /home/alyazahrarr/tubes_dagoz/install/can_msgs/include/can_msgs/can_msgs/msg/detail/frame__type_support.c
[1.290s] -- Up-to-date: /home/alyazahrarr/tubes_dagoz/install/can_msgs/include/can_msgs/can_msgs/msg/detail/frame__rosidl_typesupport_introspection_c.h
[1.290s] -- Up-to-date: /home/alyazahrarr/tubes_dagoz/install/can_msgs/include/can_msgs/can_msgs/msg/rosidl_typesupport_introspection_c__visibility_control.h
[1.290s] -- Up-to-date: /home/alyazahrarr/tubes_dagoz/install/can_msgs/lib/libcan_msgs__rosidl_typesupport_introspection_c.so
[1.291s] -- Up-to-date: /home/alyazahrarr/tubes_dagoz/install/can_msgs/lib/libcan_msgs__rosidl_typesupport_c.so
[1.291s] -- Up-to-date: /home/alyazahrarr/tubes_dagoz/install/can_msgs/include/can_msgs/can_msgs
[1.291s] -- Up-to-date: /home/alyazahrarr/tubes_dagoz/install/can_msgs/include/can_msgs/can_msgs/msg
[1.291s] -- Up-to-date: /home/alyazahrarr/tubes_dagoz/install/can_msgs/include/can_msgs/can_msgs/msg/detail
[1.292s] -- Up-to-date: /home/alyazahrarr/tubes_dagoz/install/can_msgs/include/can_msgs/can_msgs/msg/detail/frame__type_support.hpp
[1.292s] -- Up-to-date: /home/alyazahrarr/tubes_dagoz/install/can_msgs/include/can_msgs/can_msgs/msg/detail/frame__builder.hpp
[1.292s] -- Up-to-date: /home/alyazahrarr/tubes_dagoz/install/can_msgs/include/can_msgs/can_msgs/msg/detail/frame__traits.hpp
[1.292s] -- Up-to-date: /home/alyazahrarr/tubes_dagoz/install/can_msgs/include/can_msgs/can_msgs/msg/detail/frame__struct.hpp
[1.292s] -- Up-to-date: /home/alyazahrarr/tubes_dagoz/install/can_msgs/include/can_msgs/can_msgs/msg/frame.hpp
[1.292s] -- Up-to-date: /home/alyazahrarr/tubes_dagoz/install/can_msgs/include/can_msgs/can_msgs/msg/rosidl_generator_cpp__visibility_control.hpp
[1.293s] -- Up-to-date: /home/alyazahrarr/tubes_dagoz/install/can_msgs/include/can_msgs/can_msgs
[1.293s] -- Up-to-date: /home/alyazahrarr/tubes_dagoz/install/can_msgs/include/can_msgs/can_msgs/msg
[1.293s] -- Up-to-date: /home/alyazahrarr/tubes_dagoz/install/can_msgs/include/can_msgs/can_msgs/msg/detail
[1.294s] -- Up-to-date: /home/alyazahrarr/tubes_dagoz/install/can_msgs/include/can_msgs/can_msgs/msg/detail/dds_fastrtps
[1.294s] -- Up-to-date: /home/alyazahrarr/tubes_dagoz/install/can_msgs/include/can_msgs/can_msgs/msg/detail/frame__rosidl_typesupport_fastrtps_cpp.hpp
[1.294s] -- Up-to-date: /home/alyazahrarr/tubes_dagoz/install/can_msgs/include/can_msgs/can_msgs/msg/rosidl_typesupport_fastrtps_cpp__visibility_control.h
[1.294s] -- Up-to-date: /home/alyazahrarr/tubes_dagoz/install/can_msgs/lib/libcan_msgs__rosidl_typesupport_fastrtps_cpp.so
[1.294s] -- Up-to-date: /home/alyazahrarr/tubes_dagoz/install/can_msgs/include/can_msgs/can_msgs
[1.294s] -- Up-to-date: /home/alyazahrarr/tubes_dagoz/install/can_msgs/include/can_msgs/can_msgs/msg
[1.295s] -- Up-to-date: /home/alyazahrarr/tubes_dagoz/install/can_msgs/include/can_msgs/can_msgs/msg/detail
[1.295s] -- Up-to-date: /home/alyazahrarr/tubes_dagoz/install/can_msgs/include/can_msgs/can_msgs/msg/detail/frame__type_support.cpp
[1.295s] -- Up-to-date: /home/alyazahrarr/tubes_dagoz/install/can_msgs/include/can_msgs/can_msgs/msg/detail/frame__rosidl_typesupport_introspection_cpp.hpp
[1.295s] -- Up-to-date: /home/alyazahrarr/tubes_dagoz/install/can_msgs/lib/libcan_msgs__rosidl_typesupport_introspection_cpp.so
[1.295s] -- Up-to-date: /home/alyazahrarr/tubes_dagoz/install/can_msgs/lib/libcan_msgs__rosidl_typesupport_cpp.so
[1.295s] -- Up-to-date: /home/alyazahrarr/tubes_dagoz/install/can_msgs/share/can_msgs/environment/pythonpath.sh
[1.296s] -- Up-to-date: /home/alyazahrarr/tubes_dagoz/install/can_msgs/share/can_msgs/environment/pythonpath.dsv
[1.296s] -- Up-to-date: /home/alyazahrarr/tubes_dagoz/install/can_msgs/lib/python3.12/site-packages/can_msgs-2.0.0-py3.12.egg-info
[1.296s] -- Installing: /home/alyazahrarr/tubes_dagoz/install/can_msgs/lib/python3.12/site-packages/can_msgs-2.0.0-py3.12.egg-info/dependency_links.txt
[1.296s] -- Installing: /home/alyazahrarr/tubes_dagoz/install/can_msgs/lib/python3.12/site-packages/can_msgs-2.0.0-py3.12.egg-info/SOURCES.txt
[1.297s] -- Installing: /home/alyazahrarr/tubes_dagoz/install/can_msgs/lib/python3.12/site-packages/can_msgs-2.0.0-py3.12.egg-info/PKG-INFO
[1.297s] -- Installing: /home/alyazahrarr/tubes_dagoz/install/can_msgs/lib/python3.12/site-packages/can_msgs-2.0.0-py3.12.egg-info/top_level.txt
[1.297s] -- Up-to-date: /home/alyazahrarr/tubes_dagoz/install/can_msgs/lib/python3.12/site-packages/can_msgs
[1.297s] -- Up-to-date: /home/alyazahrarr/tubes_dagoz/install/can_msgs/lib/python3.12/site-packages/can_msgs/_can_msgs_s.ep.rosidl_typesupport_c.c
[1.297s] -- Up-to-date: /home/alyazahrarr/tubes_dagoz/install/can_msgs/lib/python3.12/site-packages/can_msgs/can_msgs_s__rosidl_typesupport_introspection_c.so
[1.298s] -- Up-to-date: /home/alyazahrarr/tubes_dagoz/install/can_msgs/lib/python3.12/site-packages/can_msgs/_can_msgs_s.ep.rosidl_typesupport_fastrtps_c.c
[1.298s] -- Up-to-date: /home/alyazahrarr/tubes_dagoz/install/can_msgs/lib/python3.12/site-packages/can_msgs/__init__.py
[1.298s] -- Up-to-date: /home/alyazahrarr/tubes_dagoz/install/can_msgs/lib/python3.12/site-packages/can_msgs/can_msgs_s__rosidl_typesupport_fastrtps_c.so
[1.298s] -- Up-to-date: /home/alyazahrarr/tubes_dagoz/install/can_msgs/lib/python3.12/site-packages/can_msgs/_can_msgs_s.ep.rosidl_typesupport_introspection_c.c
[1.299s] -- Up-to-date: /home/alyazahrarr/tubes_dagoz/install/can_msgs/lib/python3.12/site-packages/can_msgs/can_msgs_s__rosidl_typesupport_c.so
[1.299s] -- Up-to-date: /home/alyazahrarr/tubes_dagoz/install/can_msgs/lib/python3.12/site-packages/can_msgs/msg
[1.299s] -- Up-to-date: /home/alyazahrarr/tubes_dagoz/install/can_msgs/lib/python3.12/site-packages/can_msgs/msg/__init__.py
[1.299s] -- Up-to-date: /home/alyazahrarr/tubes_dagoz/install/can_msgs/lib/python3.12/site-packages/can_msgs/msg/_frame_s.c
[1.299s] -- Up-to-date: /home/alyazahrarr/tubes_dagoz/install/can_msgs/lib/python3.12/site-packages/can_msgs/msg/_frame.py
[1.390s] Listing '/home/alyazahrarr/tubes_dagoz/install/can_msgs/lib/python3.12/site-packages/can_msgs'...
[1.391s] Listing '/home/alyazahrarr/tubes_dagoz/install/can_msgs/lib/python3.12/site-packages/can_msgs/msg'...
[1.402s] -- Up-to-date: /home/alyazahrarr/tubes_dagoz/install/can_msgs/lib/python3.12/site-packages/can_msgs/can_msgs_s__rosidl_typesupport_fastrtps_c.so
[1.403s] -- Up-to-date: /home/alyazahrarr/tubes_dagoz/install/can_msgs/lib/python3.12/site-packages/can_msgs/can_msgs_s__rosidl_typesupport_introspection_c.so
[1.404s] -- Up-to-date: /home/alyazahrarr/tubes_dagoz/install/can_msgs/lib/python3.12/site-packages/can_msgs/can_msgs_s__rosidl_typesupport_c.so
[1.404s] -- Up-to-date: /home/alyazahrarr/tubes_dagoz/install/can_msgs/lib/libcan_msgs__rosidl_generator_py.so
[1.405s] -- Up-to-date: /home/alyazahrarr/tubes_dagoz/install/can_msgs/share/can_msgs/msg/Frame.idl
[1.405s] -- Up-to-date: /home/alyazahrarr/tubes_dagoz/install/can_msgs/share/can_msgs/msg/Frame.msg
[1.406s] -- Up-to-date: /home/alyazahrarr/tubes_dagoz/install/can_msgs/share/ament_index/resource_index/package_run_dependencies/can_msgs
[1.406s] -- Up-to-date: /home/alyazahrarr/tubes_dagoz/install/can_msgs/share/ament_index/resource_index/parent_prefix_path/can_msgs
[1.406s] -- Up-to-date: /home/alyazahrarr/tubes_dagoz/install/can_msgs/share/can_msgs/environment/ament_prefix_path.sh
[1.406s] -- Up-to-date: /home/alyazahrarr/tubes_dagoz/install/can_msgs/share/can_msgs/environment/ament_prefix_path.dsv
[1.407s] -- Up-to-date: /home/alyazahrarr/tubes_dagoz/install/can_msgs/share/can_msgs/environment/path.sh
[1.407s] -- Up-to-date: /home/alyazahrarr/tubes_dagoz/install/can_msgs/share/can_msgs/environment/path.dsv
[1.407s] -- Up-to-date: /home/alyazahrarr/tubes_dagoz/install/can_msgs/share/can_msgs/local_setup.bash
[1.407s] -- Up-to-date: /home/alyazahrarr/tubes_dagoz/install/can_msgs/share/can_msgs/local_setup.sh
[1.407s] -- Up-to-date: /home/alyazahrarr/tubes_dagoz/install/can_msgs/share/can_msgs/local_setup.zsh
[1.408s] -- Up-to-date: /home/alyazahrarr/tubes_dagoz/install/can_msgs/share/can_msgs/local_setup.dsv
[1.408s] -- Installing: /home/alyazahrarr/tubes_dagoz/install/can_msgs/share/can_msgs/package.dsv
[1.408s] -- Up-to-date: /home/alyazahrarr/tubes_dagoz/install/can_msgs/share/ament_index/resource_index/packages/can_msgs
[1.408s] -- Up-to-date: /home/alyazahrarr/tubes_dagoz/install/can_msgs/share/can_msgs/cmake/export_can_msgs__rosidl_generator_cExport.cmake
[1.408s] -- Up-to-date: /home/alyazahrarr/tubes_dagoz/install/can_msgs/share/can_msgs/cmake/export_can_msgs__rosidl_generator_cExport-noconfig.cmake
[1.408s] -- Up-to-date: /home/alyazahrarr/tubes_dagoz/install/can_msgs/share/can_msgs/cmake/export_can_msgs__rosidl_typesupport_fastrtps_cExport.cmake
[1.409s] -- Up-to-date: /home/alyazahrarr/tubes_dagoz/install/can_msgs/share/can_msgs/cmake/export_can_msgs__rosidl_typesupport_fastrtps_cExport-noconfig.cmake
[1.409s] -- Up-to-date: /home/alyazahrarr/tubes_dagoz/install/can_msgs/share/can_msgs/cmake/can_msgs__rosidl_typesupport_introspection_cExport.cmake
[1.409s] -- Up-to-date: /home/alyazahrarr/tubes_dagoz/install/can_msgs/share/can_msgs/cmake/can_msgs__rosidl_typesupport_introspection_cExport-noconfig.cmake
[1.409s] -- Up-to-date: /home/alyazahrarr/tubes_dagoz/install/can_msgs/share/can_msgs/cmake/can_msgs__rosidl_typesupport_cExport.cmake
[1.410s] -- Up-to-date: /home/alyazahrarr/tubes_dagoz/install/can_msgs/share/can_msgs/cmake/can_msgs__rosidl_typesupport_cExport-noconfig.cmake
[1.410s] -- Up-to-date: /home/alyazahrarr/tubes_dagoz/install/can_msgs/share/can_msgs/cmake/export_can_msgs__rosidl_generator_cppExport.cmake
[1.411s] -- Up-to-date: /home/alyazahrarr/tubes_dagoz/install/can_msgs/share/can_msgs/cmake/export_can_msgs__rosidl_typesupport_fastrtps_cppExport.cmake
[1.411s] -- Up-to-date: /home/alyazahrarr/tubes_dagoz/install/can_msgs/share/can_msgs/cmake/export_can_msgs__rosidl_typesupport_fastrtps_cppExport-noconfig.cmake
[1.411s] -- Up-to-date: /home/alyazahrarr/tubes_dagoz/install/can_msgs/share/can_msgs/cmake/can_msgs__rosidl_typesupport_introspection_cppExport.cmake
[1.411s] -- Up-to-date: /home/alyazahrarr/tubes_dagoz/install/can_msgs/share/can_msgs/cmake/can_msgs__rosidl_typesupport_introspection_cppExport-noconfig.cmake
[1.412s] -- Up-to-date: /home/alyazahrarr/tubes_dagoz/install/can_msgs/share/can_msgs/cmake/can_msgs__rosidl_typesupport_cppExport.cmake
[1.412s] -- Up-to-date: /home/alyazahrarr/tubes_dagoz/install/can_msgs/share/can_msgs/cmake/can_msgs__rosidl_typesupport_cppExport-noconfig.cmake
[1.412s] -- Up-to-date: /home/alyazahrarr/tubes_dagoz/install/can_msgs/share/can_msgs/cmake/export_can_msgs__rosidl_generator_pyExport.cmake
[1.412s] -- Up-to-date: /home/alyazahrarr/tubes_dagoz/install/can_msgs/share/can_msgs/cmake/export_can_msgs__rosidl_generator_pyExport-noconfig.cmake
[1.412s] -- Up-to-date: /home/alyazahrarr/tubes_dagoz/install/can_msgs/share/can_msgs/cmake/rosidl_cmake-extras.cmake
[1.412s] -- Up-to-date: /home/alyazahrarr/tubes_dagoz/install/can_msgs/share/can_msgs/cmake/ament_cmake_export_dependencies-extras.cmake
[1.413s] -- Up-to-date: /home/alyazahrarr/tubes_dagoz/install/can_msgs/share/can_msgs/cmake/ament_cmake_export_include_directories-extras.cmake
[1.413s] -- Up-to-date: /home/alyazahrarr/tubes_dagoz/install/can_msgs/share/can_msgs/cmake/ament_cmake_export_libraries-extras.cmake
[1.413s] -- Up-to-date: /home/alyazahrarr/tubes_dagoz/install/can_msgs/share/can_msgs/cmake/ament_cmake_export_targets-extras.cmake
[1.413s] -- Up-to-date: /home/alyazahrarr/tubes_dagoz/install/can_msgs/share/can_msgs/cmake/rosidl_cmake_export_typesupport_targets-extras.cmake
[1.413s] -- Up-to-date: /home/alyazahrarr/tubes_dagoz/install/can_msgs/share/can_msgs/cmake/rosidl_cmake_export_typesupport_libraries-extras.cmake
[1.413s] -- Up-to-date: /home/alyazahrarr/tubes_dagoz/install/can_msgs/share/can_msgs/cmake/can_msgsConfig.cmake
[1.414s] -- Up-to-date: /home/alyazahrarr/tubes_dagoz/install/can_msgs/share/can_msgs/cmake/can_msgsConfig-version.cmake
[1.414s] -- Up-to-date: /home/alyazahrarr/tubes_dagoz/install/can_msgs/share/can_msgs/package.xml
[1.418s] Invoked command in '/home/alyazahrarr/tubes_dagoz/build/can_msgs' returned '0': CMAKE_PREFIX_PATH=${CMAKE_PREFIX_PATH}:/home/alyazahrarr/ros2_ws/install/launch_testing_examples:/home/alyazahrarr/ros2_ws/install/examples_rclpy_pointcloud_publisher:/home/alyazahrarr/ros2_ws/install/examples_rclpy_minimal_subscriber:/home/alyazahrarr/ros2_ws/install/examples_rclpy_minimal_service:/home/alyazahrarr/ros2_ws/install/examples_rclpy_minimal_publisher:/home/alyazahrarr/ros2_ws/install/examples_rclpy_minimal_client:/home/alyazahrarr/ros2_ws/install/examples_rclpy_minimal_action_server:/home/alyazahrarr/ros2_ws/install/examples_rclpy_minimal_action_client:/home/alyazahrarr/ros2_ws/install/examples_rclpy_guard_conditions:/home/alyazahrarr/ros2_ws/install/examples_rclpy_executors:/opt/ros/jazzy DEBUGINFOD_URLS=https://debuginfod.ubuntu.com /usr/bin/cmake --install /home/alyazahrarr/tubes_dagoz/build/can_msgs
