[0.050s] Invoking command in '/home/alyazahrarr/tubesss/tubes_dagoz/build/can_msgs': CMAKE_PREFIX_PATH=${CMAKE_PREFIX_PATH}:/home/alyazahrarr/ros2_ws/install/launch_testing_examples:/home/alyazahrarr/ros2_ws/install/examples_rclpy_pointcloud_publisher:/home/alyazahrarr/ros2_ws/install/examples_rclpy_minimal_subscriber:/home/alyazahrarr/ros2_ws/install/examples_rclpy_minimal_service:/home/alyazahrarr/ros2_ws/install/examples_rclpy_minimal_publisher:/home/alyazahrarr/ros2_ws/install/examples_rclpy_minimal_client:/home/alyazahrarr/ros2_ws/install/examples_rclpy_minimal_action_server:/home/alyazahrarr/ros2_ws/install/examples_rclpy_minimal_action_client:/home/alyazahrarr/ros2_ws/install/examples_rclpy_guard_conditions:/home/alyazahrarr/ros2_ws/install/examples_rclpy_executors:/opt/ros/jazzy DEBUGINFOD_URLS=https://debuginfod.ubuntu.com /usr/bin/cmake --build /home/alyazahrarr/tubesss/tubes_dagoz/build/can_msgs -- -j8 -l8
[0.165s] [  2%] Built target can_msgs__rosidl_generator_type_description
[0.213s] [  2%] Built target ament_cmake_python_copy_can_msgs
[0.244s] [  5%] Built target can_msgs__cpp
[0.263s] [ 20%] Built target can_msgs__rosidl_generator_c
[0.428s] [ 29%] Built target can_msgs__rosidl_typesupport_introspection_c
[0.441s] [ 38%] Built target can_msgs__rosidl_typesupport_fastrtps_c
[0.444s] [ 47%] Built target can_msgs__rosidl_typesupport_introspection_cpp
[0.468s] [ 55%] Built target can_msgs__rosidl_typesupport_fastrtps_cpp
[0.474s] [ 73%] Built target can_msgs__rosidl_typesupport_c
[0.478s] [ 73%] Built target can_msgs__rosidl_typesupport_cpp
[0.546s] [ 73%] Built target can_msgs
[0.610s] [ 76%] Built target can_msgs__py
[0.681s] [ 82%] Built target can_msgs__rosidl_generator_py
[0.762s] [ 88%] Built target can_msgs_s__rosidl_typesupport_c
[0.766s] [ 94%] Built target can_msgs_s__rosidl_typesupport_fastrtps_c
[0.771s] [100%] Built target can_msgs_s__rosidl_typesupport_introspection_c
[1.108s] running egg_info
[1.161s] writing can_msgs.egg-info/PKG-INFO
[1.161s] writing dependency_links to can_msgs.egg-info/dependency_links.txt
[1.161s] writing top-level names to can_msgs.egg-info/top_level.txt
[1.300s] reading manifest file 'can_msgs.egg-info/SOURCES.txt'
[1.302s] writing manifest file 'can_msgs.egg-info/SOURCES.txt'
[1.374s] [100%] Built target ament_cmake_python_build_can_msgs_egg
[1.402s] Invoked command in '/home/alyazahrarr/tubesss/tubes_dagoz/build/can_msgs' returned '0': CMAKE_PREFIX_PATH=${CMAKE_PREFIX_PATH}:/home/alyazahrarr/ros2_ws/install/launch_testing_examples:/home/alyazahrarr/ros2_ws/install/examples_rclpy_pointcloud_publisher:/home/alyazahrarr/ros2_ws/install/examples_rclpy_minimal_subscriber:/home/alyazahrarr/ros2_ws/install/examples_rclpy_minimal_service:/home/alyazahrarr/ros2_ws/install/examples_rclpy_minimal_publisher:/home/alyazahrarr/ros2_ws/install/examples_rclpy_minimal_client:/home/alyazahrarr/ros2_ws/install/examples_rclpy_minimal_action_server:/home/alyazahrarr/ros2_ws/install/examples_rclpy_minimal_action_client:/home/alyazahrarr/ros2_ws/install/examples_rclpy_guard_conditions:/home/alyazahrarr/ros2_ws/install/examples_rclpy_executors:/opt/ros/jazzy DEBUGINFOD_URLS=https://debuginfod.ubuntu.com /usr/bin/cmake --build /home/alyazahrarr/tubesss/tubes_dagoz/build/can_msgs -- -j8 -l8
[1.557s] Invoking command in '/home/alyazahrarr/tubesss/tubes_dagoz/build/can_msgs': CMAKE_PREFIX_PATH=${CMAKE_PREFIX_PATH}:/home/alyazahrarr/ros2_ws/install/launch_testing_examples:/home/alyazahrarr/ros2_ws/install/examples_rclpy_pointcloud_publisher:/home/alyazahrarr/ros2_ws/install/examples_rclpy_minimal_subscriber:/home/alyazahrarr/ros2_ws/install/examples_rclpy_minimal_service:/home/alyazahrarr/ros2_ws/install/examples_rclpy_minimal_publisher:/home/alyazahrarr/ros2_ws/install/examples_rclpy_minimal_client:/home/alyazahrarr/ros2_ws/install/examples_rclpy_minimal_action_server:/home/alyazahrarr/ros2_ws/install/examples_rclpy_minimal_action_client:/home/alyazahrarr/ros2_ws/install/examples_rclpy_guard_conditions:/home/alyazahrarr/ros2_ws/install/examples_rclpy_executors:/opt/ros/jazzy DEBUGINFOD_URLS=https://debuginfod.ubuntu.com /usr/bin/cmake --install /home/alyazahrarr/tubesss/tubes_dagoz/build/can_msgs
[1.583s] -- Install configuration: ""
[1.584s] -- Up-to-date: /home/alyazahrarr/tubesss/tubes_dagoz/install/can_msgs/share/ament_index/resource_index/rosidl_interfaces/can_msgs
[1.585s] -- Up-to-date: /home/alyazahrarr/tubesss/tubes_dagoz/install/can_msgs/share/can_msgs/msg/Frame.json
[1.586s] -- Up-to-date: /home/alyazahrarr/tubesss/tubes_dagoz/install/can_msgs/include/can_msgs/can_msgs
[1.586s] -- Up-to-date: /home/alyazahrarr/tubesss/tubes_dagoz/install/can_msgs/include/can_msgs/can_msgs/msg
[1.587s] -- Up-to-date: /home/alyazahrarr/tubesss/tubes_dagoz/install/can_msgs/include/can_msgs/can_msgs/msg/detail
[1.591s] -- Up-to-date: /home/alyazahrarr/tubesss/tubes_dagoz/install/can_msgs/include/can_msgs/can_msgs/msg/detail/frame__struct.h
[1.591s] -- Up-to-date: /home/alyazahrarr/tubesss/tubes_dagoz/install/can_msgs/include/can_msgs/can_msgs/msg/detail/frame__functions.c
[1.591s] -- Up-to-date: /home/alyazahrarr/tubesss/tubes_dagoz/install/can_msgs/include/can_msgs/can_msgs/msg/detail/frame__functions.h
[1.592s] -- Installing: /home/alyazahrarr/tubesss/tubes_dagoz/install/can_msgs/include/can_msgs/can_msgs/msg/detail/frame__type_support.c
[1.593s] -- Up-to-date: /home/alyazahrarr/tubesss/tubes_dagoz/install/can_msgs/include/can_msgs/can_msgs/msg/detail/frame__description.c
[1.594s] -- Up-to-date: /home/alyazahrarr/tubesss/tubes_dagoz/install/can_msgs/include/can_msgs/can_msgs/msg/detail/frame__type_support.h
[1.594s] -- Up-to-date: /home/alyazahrarr/tubesss/tubes_dagoz/install/can_msgs/include/can_msgs/can_msgs/msg/rosidl_generator_c__visibility_control.h
[1.595s] -- Up-to-date: /home/alyazahrarr/tubesss/tubes_dagoz/install/can_msgs/include/can_msgs/can_msgs/msg/frame.h
[1.595s] -- Up-to-date: /home/alyazahrarr/tubesss/tubes_dagoz/install/can_msgs/share/can_msgs/environment/library_path.sh
[1.596s] -- Up-to-date: /home/alyazahrarr/tubesss/tubes_dagoz/install/can_msgs/share/can_msgs/environment/library_path.dsv
[1.596s] -- Up-to-date: /home/alyazahrarr/tubesss/tubes_dagoz/install/can_msgs/lib/libcan_msgs__rosidl_generator_c.so
[1.601s] -- Up-to-date: /home/alyazahrarr/tubesss/tubes_dagoz/install/can_msgs/include/can_msgs/can_msgs
[1.601s] -- Up-to-date: /home/alyazahrarr/tubesss/tubes_dagoz/install/can_msgs/include/can_msgs/can_msgs/msg
[1.601s] -- Up-to-date: /home/alyazahrarr/tubesss/tubes_dagoz/install/can_msgs/include/can_msgs/can_msgs/msg/detail
[1.602s] -- Up-to-date: /home/alyazahrarr/tubesss/tubes_dagoz/install/can_msgs/include/can_msgs/can_msgs/msg/detail/frame__rosidl_typesupport_fastrtps_c.h
[1.602s] -- Up-to-date: /home/alyazahrarr/tubesss/tubes_dagoz/install/can_msgs/include/can_msgs/can_msgs/msg/rosidl_typesupport_fastrtps_c__visibility_control.h
[1.604s] -- Up-to-date: /home/alyazahrarr/tubesss/tubes_dagoz/install/can_msgs/lib/libcan_msgs__rosidl_typesupport_fastrtps_c.so
[1.606s] -- Up-to-date: /home/alyazahrarr/tubesss/tubes_dagoz/install/can_msgs/include/can_msgs/can_msgs
[1.607s] -- Up-to-date: /home/alyazahrarr/tubesss/tubes_dagoz/install/can_msgs/include/can_msgs/can_msgs/msg
[1.607s] -- Up-to-date: /home/alyazahrarr/tubesss/tubes_dagoz/install/can_msgs/include/can_msgs/can_msgs/msg/detail
[1.607s] -- Installing: /home/alyazahrarr/tubesss/tubes_dagoz/install/can_msgs/include/can_msgs/can_msgs/msg/detail/frame__type_support.c
[1.609s] -- Up-to-date: /home/alyazahrarr/tubesss/tubes_dagoz/install/can_msgs/include/can_msgs/can_msgs/msg/detail/frame__rosidl_typesupport_introspection_c.h
[1.609s] -- Up-to-date: /home/alyazahrarr/tubesss/tubes_dagoz/install/can_msgs/include/can_msgs/can_msgs/msg/rosidl_typesupport_introspection_c__visibility_control.h
[1.612s] -- Up-to-date: /home/alyazahrarr/tubesss/tubes_dagoz/install/can_msgs/lib/libcan_msgs__rosidl_typesupport_introspection_c.so
[1.616s] -- Up-to-date: /home/alyazahrarr/tubesss/tubes_dagoz/install/can_msgs/lib/libcan_msgs__rosidl_typesupport_c.so
[1.617s] -- Up-to-date: /home/alyazahrarr/tubesss/tubes_dagoz/install/can_msgs/include/can_msgs/can_msgs
[1.618s] -- Up-to-date: /home/alyazahrarr/tubesss/tubes_dagoz/install/can_msgs/include/can_msgs/can_msgs/msg
[1.618s] -- Up-to-date: /home/alyazahrarr/tubesss/tubes_dagoz/install/can_msgs/include/can_msgs/can_msgs/msg/detail
[1.618s] -- Up-to-date: /home/alyazahrarr/tubesss/tubes_dagoz/install/can_msgs/include/can_msgs/can_msgs/msg/detail/frame__type_support.hpp
[1.619s] -- Up-to-date: /home/alyazahrarr/tubesss/tubes_dagoz/install/can_msgs/include/can_msgs/can_msgs/msg/detail/frame__builder.hpp
[1.619s] -- Up-to-date: /home/alyazahrarr/tubesss/tubes_dagoz/install/can_msgs/include/can_msgs/can_msgs/msg/detail/frame__traits.hpp
[1.623s] -- Up-to-date: /home/alyazahrarr/tubesss/tubes_dagoz/install/can_msgs/include/can_msgs/can_msgs/msg/detail/frame__struct.hpp
[1.624s] -- Up-to-date: /home/alyazahrarr/tubesss/tubes_dagoz/install/can_msgs/include/can_msgs/can_msgs/msg/frame.hpp
[1.624s] -- Up-to-date: /home/alyazahrarr/tubesss/tubes_dagoz/install/can_msgs/include/can_msgs/can_msgs/msg/rosidl_generator_cpp__visibility_control.hpp
[1.624s] -- Up-to-date: /home/alyazahrarr/tubesss/tubes_dagoz/install/can_msgs/include/can_msgs/can_msgs
[1.625s] -- Up-to-date: /home/alyazahrarr/tubesss/tubes_dagoz/install/can_msgs/include/can_msgs/can_msgs/msg
[1.625s] -- Up-to-date: /home/alyazahrarr/tubesss/tubes_dagoz/install/can_msgs/include/can_msgs/can_msgs/msg/detail
[1.625s] -- Up-to-date: /home/alyazahrarr/tubesss/tubes_dagoz/install/can_msgs/include/can_msgs/can_msgs/msg/detail/dds_fastrtps
[1.627s] -- Up-to-date: /home/alyazahrarr/tubesss/tubes_dagoz/install/can_msgs/include/can_msgs/can_msgs/msg/detail/frame__rosidl_typesupport_fastrtps_cpp.hpp
[1.627s] -- Up-to-date: /home/alyazahrarr/tubesss/tubes_dagoz/install/can_msgs/include/can_msgs/can_msgs/msg/rosidl_typesupport_fastrtps_cpp__visibility_control.h
[1.628s] -- Up-to-date: /home/alyazahrarr/tubesss/tubes_dagoz/install/can_msgs/lib/libcan_msgs__rosidl_typesupport_fastrtps_cpp.so
[1.628s] -- Up-to-date: /home/alyazahrarr/tubesss/tubes_dagoz/install/can_msgs/include/can_msgs/can_msgs
[1.629s] -- Up-to-date: /home/alyazahrarr/tubesss/tubes_dagoz/install/can_msgs/include/can_msgs/can_msgs/msg
[1.629s] -- Up-to-date: /home/alyazahrarr/tubesss/tubes_dagoz/install/can_msgs/include/can_msgs/can_msgs/msg/detail
[1.629s] -- Up-to-date: /home/alyazahrarr/tubesss/tubes_dagoz/install/can_msgs/include/can_msgs/can_msgs/msg/detail/frame__type_support.cpp
[1.630s] -- Up-to-date: /home/alyazahrarr/tubesss/tubes_dagoz/install/can_msgs/include/can_msgs/can_msgs/msg/detail/frame__rosidl_typesupport_introspection_cpp.hpp
[1.632s] -- Up-to-date: /home/alyazahrarr/tubesss/tubes_dagoz/install/can_msgs/lib/libcan_msgs__rosidl_typesupport_introspection_cpp.so
[1.635s] -- Up-to-date: /home/alyazahrarr/tubesss/tubes_dagoz/install/can_msgs/lib/libcan_msgs__rosidl_typesupport_cpp.so
[1.636s] -- Up-to-date: /home/alyazahrarr/tubesss/tubes_dagoz/install/can_msgs/share/can_msgs/environment/pythonpath.sh
[1.636s] -- Up-to-date: /home/alyazahrarr/tubesss/tubes_dagoz/install/can_msgs/share/can_msgs/environment/pythonpath.dsv
[1.637s] -- Up-to-date: /home/alyazahrarr/tubesss/tubes_dagoz/install/can_msgs/lib/python3.12/site-packages/can_msgs-2.0.0-py3.12.egg-info
[1.637s] -- Installing: /home/alyazahrarr/tubesss/tubes_dagoz/install/can_msgs/lib/python3.12/site-packages/can_msgs-2.0.0-py3.12.egg-info/dependency_links.txt
[1.640s] -- Installing: /home/alyazahrarr/tubesss/tubes_dagoz/install/can_msgs/lib/python3.12/site-packages/can_msgs-2.0.0-py3.12.egg-info/SOURCES.txt
[1.642s] -- Installing: /home/alyazahrarr/tubesss/tubes_dagoz/install/can_msgs/lib/python3.12/site-packages/can_msgs-2.0.0-py3.12.egg-info/PKG-INFO
[1.644s] -- Installing: /home/alyazahrarr/tubesss/tubes_dagoz/install/can_msgs/lib/python3.12/site-packages/can_msgs-2.0.0-py3.12.egg-info/top_level.txt
[1.644s] -- Up-to-date: /home/alyazahrarr/tubesss/tubes_dagoz/install/can_msgs/lib/python3.12/site-packages/can_msgs
[1.644s] -- Up-to-date: /home/alyazahrarr/tubesss/tubes_dagoz/install/can_msgs/lib/python3.12/site-packages/can_msgs/_can_msgs_s.ep.rosidl_typesupport_c.c
[1.645s] -- Up-to-date: /home/alyazahrarr/tubesss/tubes_dagoz/install/can_msgs/lib/python3.12/site-packages/can_msgs/can_msgs_s__rosidl_typesupport_introspection_c.so
[1.645s] -- Up-to-date: /home/alyazahrarr/tubesss/tubes_dagoz/install/can_msgs/lib/python3.12/site-packages/can_msgs/_can_msgs_s.ep.rosidl_typesupport_fastrtps_c.c
[1.645s] -- Up-to-date: /home/alyazahrarr/tubesss/tubes_dagoz/install/can_msgs/lib/python3.12/site-packages/can_msgs/__init__.py
[1.646s] -- Up-to-date: /home/alyazahrarr/tubesss/tubes_dagoz/install/can_msgs/lib/python3.12/site-packages/can_msgs/can_msgs_s__rosidl_typesupport_fastrtps_c.so
[1.646s] -- Up-to-date: /home/alyazahrarr/tubesss/tubes_dagoz/install/can_msgs/lib/python3.12/site-packages/can_msgs/_can_msgs_s.ep.rosidl_typesupport_introspection_c.c
[1.646s] -- Up-to-date: /home/alyazahrarr/tubesss/tubes_dagoz/install/can_msgs/lib/python3.12/site-packages/can_msgs/can_msgs_s__rosidl_typesupport_c.so
[1.647s] -- Up-to-date: /home/alyazahrarr/tubesss/tubes_dagoz/install/can_msgs/lib/python3.12/site-packages/can_msgs/msg
[1.647s] -- Up-to-date: /home/alyazahrarr/tubesss/tubes_dagoz/install/can_msgs/lib/python3.12/site-packages/can_msgs/msg/__init__.py
[1.647s] -- Up-to-date: /home/alyazahrarr/tubesss/tubes_dagoz/install/can_msgs/lib/python3.12/site-packages/can_msgs/msg/_frame_s.c
[1.648s] -- Up-to-date: /home/alyazahrarr/tubesss/tubes_dagoz/install/can_msgs/lib/python3.12/site-packages/can_msgs/msg/_frame.py
[1.688s] Listing '/home/alyazahrarr/tubesss/tubes_dagoz/install/can_msgs/lib/python3.12/site-packages/can_msgs'...
[1.689s] Listing '/home/alyazahrarr/tubesss/tubes_dagoz/install/can_msgs/lib/python3.12/site-packages/can_msgs/msg'...
[1.704s] -- Up-to-date: /home/alyazahrarr/tubesss/tubes_dagoz/install/can_msgs/lib/python3.12/site-packages/can_msgs/can_msgs_s__rosidl_typesupport_fastrtps_c.so
[1.705s] -- Up-to-date: /home/alyazahrarr/tubesss/tubes_dagoz/install/can_msgs/lib/python3.12/site-packages/can_msgs/can_msgs_s__rosidl_typesupport_introspection_c.so
[1.706s] -- Up-to-date: /home/alyazahrarr/tubesss/tubes_dagoz/install/can_msgs/lib/python3.12/site-packages/can_msgs/can_msgs_s__rosidl_typesupport_c.so
[1.707s] -- Up-to-date: /home/alyazahrarr/tubesss/tubes_dagoz/install/can_msgs/lib/libcan_msgs__rosidl_generator_py.so
[1.707s] -- Up-to-date: /home/alyazahrarr/tubesss/tubes_dagoz/install/can_msgs/share/can_msgs/msg/Frame.idl
[1.709s] -- Up-to-date: /home/alyazahrarr/tubesss/tubes_dagoz/install/can_msgs/share/can_msgs/msg/Frame.msg
[1.709s] -- Up-to-date: /home/alyazahrarr/tubesss/tubes_dagoz/install/can_msgs/share/ament_index/resource_index/package_run_dependencies/can_msgs
[1.709s] -- Up-to-date: /home/alyazahrarr/tubesss/tubes_dagoz/install/can_msgs/share/ament_index/resource_index/parent_prefix_path/can_msgs
[1.710s] -- Up-to-date: /home/alyazahrarr/tubesss/tubes_dagoz/install/can_msgs/share/can_msgs/environment/ament_prefix_path.sh
[1.710s] -- Up-to-date: /home/alyazahrarr/tubesss/tubes_dagoz/install/can_msgs/share/can_msgs/environment/ament_prefix_path.dsv
[1.710s] -- Up-to-date: /home/alyazahrarr/tubesss/tubes_dagoz/install/can_msgs/share/can_msgs/environment/path.sh
[1.711s] -- Up-to-date: /home/alyazahrarr/tubesss/tubes_dagoz/install/can_msgs/share/can_msgs/environment/path.dsv
[1.711s] -- Up-to-date: /home/alyazahrarr/tubesss/tubes_dagoz/install/can_msgs/share/can_msgs/local_setup.bash
[1.711s] -- Up-to-date: /home/alyazahrarr/tubesss/tubes_dagoz/install/can_msgs/share/can_msgs/local_setup.sh
[1.711s] -- Up-to-date: /home/alyazahrarr/tubesss/tubes_dagoz/install/can_msgs/share/can_msgs/local_setup.zsh
[1.711s] -- Up-to-date: /home/alyazahrarr/tubesss/tubes_dagoz/install/can_msgs/share/can_msgs/local_setup.dsv
[1.712s] -- Installing: /home/alyazahrarr/tubesss/tubes_dagoz/install/can_msgs/share/can_msgs/package.dsv
[1.712s] -- Up-to-date: /home/alyazahrarr/tubesss/tubes_dagoz/install/can_msgs/share/ament_index/resource_index/packages/can_msgs
[1.712s] -- Up-to-date: /home/alyazahrarr/tubesss/tubes_dagoz/install/can_msgs/share/can_msgs/cmake/export_can_msgs__rosidl_generator_cExport.cmake
[1.712s] -- Up-to-date: /home/alyazahrarr/tubesss/tubes_dagoz/install/can_msgs/share/can_msgs/cmake/export_can_msgs__rosidl_generator_cExport-noconfig.cmake
[1.714s] -- Up-to-date: /home/alyazahrarr/tubesss/tubes_dagoz/install/can_msgs/share/can_msgs/cmake/export_can_msgs__rosidl_typesupport_fastrtps_cExport.cmake
[1.715s] -- Up-to-date: /home/alyazahrarr/tubesss/tubes_dagoz/install/can_msgs/share/can_msgs/cmake/export_can_msgs__rosidl_typesupport_fastrtps_cExport-noconfig.cmake
[1.715s] -- Up-to-date: /home/alyazahrarr/tubesss/tubes_dagoz/install/can_msgs/share/can_msgs/cmake/can_msgs__rosidl_typesupport_introspection_cExport.cmake
[1.715s] -- Up-to-date: /home/alyazahrarr/tubesss/tubes_dagoz/install/can_msgs/share/can_msgs/cmake/can_msgs__rosidl_typesupport_introspection_cExport-noconfig.cmake
[1.716s] -- Up-to-date: /home/alyazahrarr/tubesss/tubes_dagoz/install/can_msgs/share/can_msgs/cmake/can_msgs__rosidl_typesupport_cExport.cmake
[1.716s] -- Up-to-date: /home/alyazahrarr/tubesss/tubes_dagoz/install/can_msgs/share/can_msgs/cmake/can_msgs__rosidl_typesupport_cExport-noconfig.cmake
[1.716s] -- Up-to-date: /home/alyazahrarr/tubesss/tubes_dagoz/install/can_msgs/share/can_msgs/cmake/export_can_msgs__rosidl_generator_cppExport.cmake
[1.716s] -- Up-to-date: /home/alyazahrarr/tubesss/tubes_dagoz/install/can_msgs/share/can_msgs/cmake/export_can_msgs__rosidl_typesupport_fastrtps_cppExport.cmake
[1.717s] -- Up-to-date: /home/alyazahrarr/tubesss/tubes_dagoz/install/can_msgs/share/can_msgs/cmake/export_can_msgs__rosidl_typesupport_fastrtps_cppExport-noconfig.cmake
[1.717s] -- Up-to-date: /home/alyazahrarr/tubesss/tubes_dagoz/install/can_msgs/share/can_msgs/cmake/can_msgs__rosidl_typesupport_introspection_cppExport.cmake
[1.717s] -- Up-to-date: /home/alyazahrarr/tubesss/tubes_dagoz/install/can_msgs/share/can_msgs/cmake/can_msgs__rosidl_typesupport_introspection_cppExport-noconfig.cmake
[1.717s] -- Up-to-date: /home/alyazahrarr/tubesss/tubes_dagoz/install/can_msgs/share/can_msgs/cmake/can_msgs__rosidl_typesupport_cppExport.cmake
[1.717s] -- Up-to-date: /home/alyazahrarr/tubesss/tubes_dagoz/install/can_msgs/share/can_msgs/cmake/can_msgs__rosidl_typesupport_cppExport-noconfig.cmake
[1.718s] -- Up-to-date: /home/alyazahrarr/tubesss/tubes_dagoz/install/can_msgs/share/can_msgs/cmake/export_can_msgs__rosidl_generator_pyExport.cmake
[1.718s] -- Up-to-date: /home/alyazahrarr/tubesss/tubes_dagoz/install/can_msgs/share/can_msgs/cmake/export_can_msgs__rosidl_generator_pyExport-noconfig.cmake
[1.718s] -- Up-to-date: /home/alyazahrarr/tubesss/tubes_dagoz/install/can_msgs/share/can_msgs/cmake/rosidl_cmake-extras.cmake
[1.718s] -- Up-to-date: /home/alyazahrarr/tubesss/tubes_dagoz/install/can_msgs/share/can_msgs/cmake/ament_cmake_export_dependencies-extras.cmake
[1.718s] -- Up-to-date: /home/alyazahrarr/tubesss/tubes_dagoz/install/can_msgs/share/can_msgs/cmake/ament_cmake_export_include_directories-extras.cmake
[1.718s] -- Up-to-date: /home/alyazahrarr/tubesss/tubes_dagoz/install/can_msgs/share/can_msgs/cmake/ament_cmake_export_libraries-extras.cmake
[1.719s] -- Up-to-date: /home/alyazahrarr/tubesss/tubes_dagoz/install/can_msgs/share/can_msgs/cmake/ament_cmake_export_targets-extras.cmake
[1.719s] -- Up-to-date: /home/alyazahrarr/tubesss/tubes_dagoz/install/can_msgs/share/can_msgs/cmake/rosidl_cmake_export_typesupport_targets-extras.cmake
[1.719s] -- Up-to-date: /home/alyazahrarr/tubesss/tubes_dagoz/install/can_msgs/share/can_msgs/cmake/rosidl_cmake_export_typesupport_libraries-extras.cmake
[1.719s] -- Up-to-date: /home/alyazahrarr/tubesss/tubes_dagoz/install/can_msgs/share/can_msgs/cmake/can_msgsConfig.cmake
[1.719s] -- Up-to-date: /home/alyazahrarr/tubesss/tubes_dagoz/install/can_msgs/share/can_msgs/cmake/can_msgsConfig-version.cmake
[1.720s] -- Up-to-date: /home/alyazahrarr/tubesss/tubes_dagoz/install/can_msgs/share/can_msgs/package.xml
[1.724s] Invoked command in '/home/alyazahrarr/tubesss/tubes_dagoz/build/can_msgs' returned '0': CMAKE_PREFIX_PATH=${CMAKE_PREFIX_PATH}:/home/alyazahrarr/ros2_ws/install/launch_testing_examples:/home/alyazahrarr/ros2_ws/install/examples_rclpy_pointcloud_publisher:/home/alyazahrarr/ros2_ws/install/examples_rclpy_minimal_subscriber:/home/alyazahrarr/ros2_ws/install/examples_rclpy_minimal_service:/home/alyazahrarr/ros2_ws/install/examples_rclpy_minimal_publisher:/home/alyazahrarr/ros2_ws/install/examples_rclpy_minimal_client:/home/alyazahrarr/ros2_ws/install/examples_rclpy_minimal_action_server:/home/alyazahrarr/ros2_ws/install/examples_rclpy_minimal_action_client:/home/alyazahrarr/ros2_ws/install/examples_rclpy_guard_conditions:/home/alyazahrarr/ros2_ws/install/examples_rclpy_executors:/opt/ros/jazzy DEBUGINFOD_URLS=https://debuginfod.ubuntu.com /usr/bin/cmake --install /home/alyazahrarr/tubesss/tubes_dagoz/build/can_msgs
