[0.021s] Invoking command in '/home/alyazahrarr/tubes_dagoz/build/control': CMAKE_PREFIX_PATH=${CMAKE_PREFIX_PATH}:/home/alyazahrarr/ros2_ws/install/launch_testing_examples:/home/alyazahrarr/ros2_ws/install/examples_rclpy_pointcloud_publisher:/home/alyazahrarr/ros2_ws/install/examples_rclpy_minimal_subscriber:/home/alyazahrarr/ros2_ws/install/examples_rclpy_minimal_service:/home/alyazahrarr/ros2_ws/install/examples_rclpy_minimal_publisher:/home/alyazahrarr/ros2_ws/install/examples_rclpy_minimal_client:/home/alyazahrarr/ros2_ws/install/examples_rclpy_minimal_action_server:/home/alyazahrarr/ros2_ws/install/examples_rclpy_minimal_action_client:/home/alyazahrarr/ros2_ws/install/examples_rclpy_guard_conditions:/home/alyazahrarr/ros2_ws/install/examples_rclpy_executors:/opt/ros/jazzy DEBUGINFOD_URLS=https://debuginfod.ubuntu.com /usr/bin/cmake --build /home/alyazahrarr/tubes_dagoz/build/control -- -j8 -l8
[0.128s] [ 50%] Built target keyboard_input
[0.132s] [ 75%] [32mBuilding CXX object CMakeFiles/translator_node.dir/src/translator_node.cpp.o[0m
[10.657s] [100%] [32m[1mLinking CXX executable translator_node[0m
[11.003s] [100%] Built target translator_node
[11.019s] Invoked command in '/home/alyazahrarr/tubes_dagoz/build/control' returned '0': CMAKE_PREFIX_PATH=${CMAKE_PREFIX_PATH}:/home/alyazahrarr/ros2_ws/install/launch_testing_examples:/home/alyazahrarr/ros2_ws/install/examples_rclpy_pointcloud_publisher:/home/alyazahrarr/ros2_ws/install/examples_rclpy_minimal_subscriber:/home/alyazahrarr/ros2_ws/install/examples_rclpy_minimal_service:/home/alyazahrarr/ros2_ws/install/examples_rclpy_minimal_publisher:/home/alyazahrarr/ros2_ws/install/examples_rclpy_minimal_client:/home/alyazahrarr/ros2_ws/install/examples_rclpy_minimal_action_server:/home/alyazahrarr/ros2_ws/install/examples_rclpy_minimal_action_client:/home/alyazahrarr/ros2_ws/install/examples_rclpy_guard_conditions:/home/alyazahrarr/ros2_ws/install/examples_rclpy_executors:/opt/ros/jazzy DEBUGINFOD_URLS=https://debuginfod.ubuntu.com /usr/bin/cmake --build /home/alyazahrarr/tubes_dagoz/build/control -- -j8 -l8
[11.051s] Invoking command in '/home/alyazahrarr/tubes_dagoz/build/control': CMAKE_PREFIX_PATH=${CMAKE_PREFIX_PATH}:/home/alyazahrarr/ros2_ws/install/launch_testing_examples:/home/alyazahrarr/ros2_ws/install/examples_rclpy_pointcloud_publisher:/home/alyazahrarr/ros2_ws/install/examples_rclpy_minimal_subscriber:/home/alyazahrarr/ros2_ws/install/examples_rclpy_minimal_service:/home/alyazahrarr/ros2_ws/install/examples_rclpy_minimal_publisher:/home/alyazahrarr/ros2_ws/install/examples_rclpy_minimal_client:/home/alyazahrarr/ros2_ws/install/examples_rclpy_minimal_action_server:/home/alyazahrarr/ros2_ws/install/examples_rclpy_minimal_action_client:/home/alyazahrarr/ros2_ws/install/examples_rclpy_guard_conditions:/home/alyazahrarr/ros2_ws/install/examples_rclpy_executors:/opt/ros/jazzy DEBUGINFOD_URLS=https://debuginfod.ubuntu.com /usr/bin/cmake --install /home/alyazahrarr/tubes_dagoz/build/control
[11.060s] -- Install configuration: ""
[11.061s] -- Up-to-date: /home/alyazahrarr/tubes_dagoz/install/control/lib/control/keyboard_input
[11.061s] -- Installing: /home/alyazahrarr/tubes_dagoz/install/control/lib/control/translator_node
[11.067s] -- Set non-toolchain portion of runtime path of "/home/alyazahrarr/tubes_dagoz/install/control/lib/control/translator_node" to ""
[11.067s] -- Up-to-date: /home/alyazahrarr/tubes_dagoz/install/control/share/ament_index/resource_index/package_run_dependencies/control
[11.067s] -- Up-to-date: /home/alyazahrarr/tubes_dagoz/install/control/share/ament_index/resource_index/parent_prefix_path/control
[11.067s] -- Up-to-date: /home/alyazahrarr/tubes_dagoz/install/control/share/control/environment/ament_prefix_path.sh
[11.068s] -- Up-to-date: /home/alyazahrarr/tubes_dagoz/install/control/share/control/environment/ament_prefix_path.dsv
[11.068s] -- Up-to-date: /home/alyazahrarr/tubes_dagoz/install/control/share/control/environment/path.sh
[11.068s] -- Up-to-date: /home/alyazahrarr/tubes_dagoz/install/control/share/control/environment/path.dsv
[11.068s] -- Up-to-date: /home/alyazahrarr/tubes_dagoz/install/control/share/control/local_setup.bash
[11.068s] -- Up-to-date: /home/alyazahrarr/tubes_dagoz/install/control/share/control/local_setup.sh
[11.068s] -- Up-to-date: /home/alyazahrarr/tubes_dagoz/install/control/share/control/local_setup.zsh
[11.068s] -- Up-to-date: /home/alyazahrarr/tubes_dagoz/install/control/share/control/local_setup.dsv
[11.068s] -- Installing: /home/alyazahrarr/tubes_dagoz/install/control/share/control/package.dsv
[11.068s] -- Up-to-date: /home/alyazahrarr/tubes_dagoz/install/control/share/ament_index/resource_index/packages/control
[11.068s] -- Up-to-date: /home/alyazahrarr/tubes_dagoz/install/control/share/control/cmake/ament_cmake_export_dependencies-extras.cmake
[11.069s] -- Up-to-date: /home/alyazahrarr/tubes_dagoz/install/control/share/control/cmake/controlConfig.cmake
[11.069s] -- Up-to-date: /home/alyazahrarr/tubes_dagoz/install/control/share/control/cmake/controlConfig-version.cmake
[11.069s] -- Up-to-date: /home/alyazahrarr/tubes_dagoz/install/control/share/control/package.xml
[11.071s] Invoked command in '/home/alyazahrarr/tubes_dagoz/build/control' returned '0': CMAKE_PREFIX_PATH=${CMAKE_PREFIX_PATH}:/home/alyazahrarr/ros2_ws/install/launch_testing_examples:/home/alyazahrarr/ros2_ws/install/examples_rclpy_pointcloud_publisher:/home/alyazahrarr/ros2_ws/install/examples_rclpy_minimal_subscriber:/home/alyazahrarr/ros2_ws/install/examples_rclpy_minimal_service:/home/alyazahrarr/ros2_ws/install/examples_rclpy_minimal_publisher:/home/alyazahrarr/ros2_ws/install/examples_rclpy_minimal_client:/home/alyazahrarr/ros2_ws/install/examples_rclpy_minimal_action_server:/home/alyazahrarr/ros2_ws/install/examples_rclpy_minimal_action_client:/home/alyazahrarr/ros2_ws/install/examples_rclpy_guard_conditions:/home/alyazahrarr/ros2_ws/install/examples_rclpy_executors:/opt/ros/jazzy DEBUGINFOD_URLS=https://debuginfod.ubuntu.com /usr/bin/cmake --install /home/alyazahrarr/tubes_dagoz/build/control
