[0.031s] Invoking command in '/home/adha/belajar/ws1/build/msgs': CMAKE_PREFIX_PATH=${CMAKE_PREFIX_PATH}:/opt/ros/jazzy DEBUGINFOD_URLS=https://debuginfod.ubuntu.com /usr/bin/cmake --build /home/adha/belajar/ws1/build/msgs -- -j12 -l12
[0.145s] [  2%] Built target msgs__rosidl_generator_type_description
[0.172s] [  2%] Built target ament_cmake_python_copy_msgs
[0.202s] [ 17%] Built target msgs__rosidl_generator_c
[0.204s] [ 20%] Built target msgs__cpp
[0.289s] [ 29%] Built target msgs__rosidl_typesupport_introspection_c
[0.294s] [ 38%] Built target msgs__rosidl_typesupport_introspection_cpp
[0.309s] [ 47%] Built target msgs__rosidl_typesupport_cpp
[0.321s] [ 55%] Built target msgs__rosidl_typesupport_fastrtps_c
[0.331s] [ 64%] Built target msgs__rosidl_typesupport_fastrtps_cpp
[0.332s] [ 73%] Built target msgs__rosidl_typesupport_c
[0.385s] [ 73%] Built target msgs
[0.437s] [ 76%] Built target msgs__py
[0.490s] [ 82%] Built target msgs__rosidl_generator_py
[0.554s] [ 88%] Built target msgs_s__rosidl_typesupport_fastrtps_c
[0.554s] [ 94%] Built target msgs_s__rosidl_typesupport_introspection_c
[0.566s] [100%] Built target msgs_s__rosidl_typesupport_c
[0.665s] running egg_info
[0.698s] writing msgs.egg-info/PKG-INFO
[0.698s] writing dependency_links to msgs.egg-info/dependency_links.txt
[0.699s] writing top-level names to msgs.egg-info/top_level.txt
[0.776s] reading manifest file 'msgs.egg-info/SOURCES.txt'
[0.777s] writing manifest file 'msgs.egg-info/SOURCES.txt'
[0.853s] [100%] Built target ament_cmake_python_build_msgs_egg
[0.883s] Invoked command in '/home/adha/belajar/ws1/build/msgs' returned '0': CMAKE_PREFIX_PATH=${CMAKE_PREFIX_PATH}:/opt/ros/jazzy DEBUGINFOD_URLS=https://debuginfod.ubuntu.com /usr/bin/cmake --build /home/adha/belajar/ws1/build/msgs -- -j12 -l12
[1.056s] Invoking command in '/home/adha/belajar/ws1/build/msgs': CMAKE_PREFIX_PATH=${CMAKE_PREFIX_PATH}:/opt/ros/jazzy DEBUGINFOD_URLS=https://debuginfod.ubuntu.com /usr/bin/cmake --install /home/adha/belajar/ws1/build/msgs
[1.076s] -- Install configuration: ""
[1.076s] -- Up-to-date: /home/adha/belajar/ws1/install/msgs/share/ament_index/resource_index/rosidl_interfaces/msgs
[1.076s] -- Up-to-date: /home/adha/belajar/ws1/install/msgs/share/msgs/msg/HardwareCommand.json
[1.076s] -- Up-to-date: /home/adha/belajar/ws1/install/msgs/include/msgs/msgs
[1.077s] -- Up-to-date: /home/adha/belajar/ws1/install/msgs/include/msgs/msgs/msg
[1.077s] -- Up-to-date: /home/adha/belajar/ws1/install/msgs/include/msgs/msgs/msg/hardware_command.h
[1.077s] -- Up-to-date: /home/adha/belajar/ws1/install/msgs/include/msgs/msgs/msg/rosidl_generator_c__visibility_control.h
[1.077s] -- Up-to-date: /home/adha/belajar/ws1/install/msgs/include/msgs/msgs/msg/detail
[1.077s] -- Up-to-date: /home/adha/belajar/ws1/install/msgs/include/msgs/msgs/msg/detail/hardware_command__functions.c
[1.077s] -- Up-to-date: /home/adha/belajar/ws1/install/msgs/include/msgs/msgs/msg/detail/hardware_command__description.c
[1.078s] -- Up-to-date: /home/adha/belajar/ws1/install/msgs/include/msgs/msgs/msg/detail/hardware_command__type_support.c
[1.078s] -- Up-to-date: /home/adha/belajar/ws1/install/msgs/include/msgs/msgs/msg/detail/hardware_command__struct.h
[1.078s] -- Up-to-date: /home/adha/belajar/ws1/install/msgs/include/msgs/msgs/msg/detail/hardware_command__functions.h
[1.078s] -- Up-to-date: /home/adha/belajar/ws1/install/msgs/include/msgs/msgs/msg/detail/hardware_command__type_support.h
[1.078s] -- Up-to-date: /home/adha/belajar/ws1/install/msgs/share/msgs/environment/library_path.sh
[1.079s] -- Up-to-date: /home/adha/belajar/ws1/install/msgs/share/msgs/environment/library_path.dsv
[1.079s] -- Up-to-date: /home/adha/belajar/ws1/install/msgs/lib/libmsgs__rosidl_generator_c.so
[1.080s] -- Up-to-date: /home/adha/belajar/ws1/install/msgs/include/msgs/msgs
[1.080s] -- Up-to-date: /home/adha/belajar/ws1/install/msgs/include/msgs/msgs/msg
[1.080s] -- Up-to-date: /home/adha/belajar/ws1/install/msgs/include/msgs/msgs/msg/rosidl_typesupport_fastrtps_c__visibility_control.h
[1.080s] -- Up-to-date: /home/adha/belajar/ws1/install/msgs/include/msgs/msgs/msg/detail
[1.080s] -- Up-to-date: /home/adha/belajar/ws1/install/msgs/include/msgs/msgs/msg/detail/hardware_command__rosidl_typesupport_fastrtps_c.h
[1.080s] -- Up-to-date: /home/adha/belajar/ws1/install/msgs/lib/libmsgs__rosidl_typesupport_fastrtps_c.so
[1.081s] -- Up-to-date: /home/adha/belajar/ws1/install/msgs/include/msgs/msgs
[1.081s] -- Up-to-date: /home/adha/belajar/ws1/install/msgs/include/msgs/msgs/msg
[1.081s] -- Up-to-date: /home/adha/belajar/ws1/install/msgs/include/msgs/msgs/msg/rosidl_generator_cpp__visibility_control.hpp
[1.081s] -- Up-to-date: /home/adha/belajar/ws1/install/msgs/include/msgs/msgs/msg/hardware_command.hpp
[1.082s] -- Up-to-date: /home/adha/belajar/ws1/install/msgs/include/msgs/msgs/msg/detail
[1.082s] -- Up-to-date: /home/adha/belajar/ws1/install/msgs/include/msgs/msgs/msg/detail/hardware_command__type_support.hpp
[1.082s] -- Up-to-date: /home/adha/belajar/ws1/install/msgs/include/msgs/msgs/msg/detail/hardware_command__struct.hpp
[1.082s] -- Up-to-date: /home/adha/belajar/ws1/install/msgs/include/msgs/msgs/msg/detail/hardware_command__traits.hpp
[1.082s] -- Up-to-date: /home/adha/belajar/ws1/install/msgs/include/msgs/msgs/msg/detail/hardware_command__builder.hpp
[1.082s] -- Up-to-date: /home/adha/belajar/ws1/install/msgs/include/msgs/msgs
[1.082s] -- Up-to-date: /home/adha/belajar/ws1/install/msgs/include/msgs/msgs/msg
[1.082s] -- Up-to-date: /home/adha/belajar/ws1/install/msgs/include/msgs/msgs/msg/rosidl_typesupport_fastrtps_cpp__visibility_control.h
[1.082s] -- Up-to-date: /home/adha/belajar/ws1/install/msgs/include/msgs/msgs/msg/detail
[1.082s] -- Up-to-date: /home/adha/belajar/ws1/install/msgs/include/msgs/msgs/msg/detail/dds_fastrtps
[1.082s] -- Up-to-date: /home/adha/belajar/ws1/install/msgs/include/msgs/msgs/msg/detail/hardware_command__rosidl_typesupport_fastrtps_cpp.hpp
[1.082s] -- Up-to-date: /home/adha/belajar/ws1/install/msgs/lib/libmsgs__rosidl_typesupport_fastrtps_cpp.so
[1.083s] -- Up-to-date: /home/adha/belajar/ws1/install/msgs/include/msgs/msgs
[1.083s] -- Up-to-date: /home/adha/belajar/ws1/install/msgs/include/msgs/msgs/msg
[1.083s] -- Up-to-date: /home/adha/belajar/ws1/install/msgs/include/msgs/msgs/msg/rosidl_typesupport_introspection_c__visibility_control.h
[1.083s] -- Up-to-date: /home/adha/belajar/ws1/install/msgs/include/msgs/msgs/msg/detail
[1.083s] -- Up-to-date: /home/adha/belajar/ws1/install/msgs/include/msgs/msgs/msg/detail/hardware_command__type_support.c
[1.083s] -- Up-to-date: /home/adha/belajar/ws1/install/msgs/include/msgs/msgs/msg/detail/hardware_command__rosidl_typesupport_introspection_c.h
[1.083s] -- Up-to-date: /home/adha/belajar/ws1/install/msgs/lib/libmsgs__rosidl_typesupport_introspection_c.so
[1.084s] -- Up-to-date: /home/adha/belajar/ws1/install/msgs/lib/libmsgs__rosidl_typesupport_c.so
[1.084s] -- Up-to-date: /home/adha/belajar/ws1/install/msgs/include/msgs/msgs
[1.085s] -- Up-to-date: /home/adha/belajar/ws1/install/msgs/include/msgs/msgs/msg
[1.085s] -- Up-to-date: /home/adha/belajar/ws1/install/msgs/include/msgs/msgs/msg/detail
[1.085s] -- Up-to-date: /home/adha/belajar/ws1/install/msgs/include/msgs/msgs/msg/detail/hardware_command__type_support.cpp
[1.085s] -- Up-to-date: /home/adha/belajar/ws1/install/msgs/include/msgs/msgs/msg/detail/hardware_command__rosidl_typesupport_introspection_cpp.hpp
[1.086s] -- Up-to-date: /home/adha/belajar/ws1/install/msgs/lib/libmsgs__rosidl_typesupport_introspection_cpp.so
[1.086s] -- Up-to-date: /home/adha/belajar/ws1/install/msgs/lib/libmsgs__rosidl_typesupport_cpp.so
[1.086s] -- Up-to-date: /home/adha/belajar/ws1/install/msgs/share/msgs/environment/pythonpath.sh
[1.086s] -- Up-to-date: /home/adha/belajar/ws1/install/msgs/share/msgs/environment/pythonpath.dsv
[1.086s] -- Up-to-date: /home/adha/belajar/ws1/install/msgs/lib/python3.12/site-packages/msgs-0.0.0-py3.12.egg-info
[1.086s] -- Installing: /home/adha/belajar/ws1/install/msgs/lib/python3.12/site-packages/msgs-0.0.0-py3.12.egg-info/dependency_links.txt
[1.087s] -- Installing: /home/adha/belajar/ws1/install/msgs/lib/python3.12/site-packages/msgs-0.0.0-py3.12.egg-info/top_level.txt
[1.087s] -- Installing: /home/adha/belajar/ws1/install/msgs/lib/python3.12/site-packages/msgs-0.0.0-py3.12.egg-info/SOURCES.txt
[1.087s] -- Installing: /home/adha/belajar/ws1/install/msgs/lib/python3.12/site-packages/msgs-0.0.0-py3.12.egg-info/PKG-INFO
[1.087s] -- Up-to-date: /home/adha/belajar/ws1/install/msgs/lib/python3.12/site-packages/msgs
[1.087s] -- Up-to-date: /home/adha/belajar/ws1/install/msgs/lib/python3.12/site-packages/msgs/msg
[1.088s] -- Up-to-date: /home/adha/belajar/ws1/install/msgs/lib/python3.12/site-packages/msgs/msg/__init__.py
[1.088s] -- Up-to-date: /home/adha/belajar/ws1/install/msgs/lib/python3.12/site-packages/msgs/msg/_hardware_command_s.c
[1.091s] -- Up-to-date: /home/adha/belajar/ws1/install/msgs/lib/python3.12/site-packages/msgs/msg/_hardware_command.py
[1.091s] -- Up-to-date: /home/adha/belajar/ws1/install/msgs/lib/python3.12/site-packages/msgs/_msgs_s.ep.rosidl_typesupport_c.c
[1.091s] -- Up-to-date: /home/adha/belajar/ws1/install/msgs/lib/python3.12/site-packages/msgs/__init__.py
[1.092s] -- Up-to-date: /home/adha/belajar/ws1/install/msgs/lib/python3.12/site-packages/msgs/msgs_s__rosidl_typesupport_introspection_c.so
[1.092s] -- Up-to-date: /home/adha/belajar/ws1/install/msgs/lib/python3.12/site-packages/msgs/_msgs_s.ep.rosidl_typesupport_fastrtps_c.c
[1.092s] -- Up-to-date: /home/adha/belajar/ws1/install/msgs/lib/python3.12/site-packages/msgs/_msgs_s.ep.rosidl_typesupport_introspection_c.c
[1.093s] -- Up-to-date: /home/adha/belajar/ws1/install/msgs/lib/python3.12/site-packages/msgs/msgs_s__rosidl_typesupport_fastrtps_c.so
[1.093s] -- Up-to-date: /home/adha/belajar/ws1/install/msgs/lib/python3.12/site-packages/msgs/msgs_s__rosidl_typesupport_c.so
[1.161s] Listing '/home/adha/belajar/ws1/install/msgs/lib/python3.12/site-packages/msgs'...
[1.161s] Listing '/home/adha/belajar/ws1/install/msgs/lib/python3.12/site-packages/msgs/msg'...
[1.172s] -- Up-to-date: /home/adha/belajar/ws1/install/msgs/lib/python3.12/site-packages/msgs/msgs_s__rosidl_typesupport_fastrtps_c.so
[1.173s] -- Up-to-date: /home/adha/belajar/ws1/install/msgs/lib/python3.12/site-packages/msgs/msgs_s__rosidl_typesupport_introspection_c.so
[1.174s] -- Up-to-date: /home/adha/belajar/ws1/install/msgs/lib/python3.12/site-packages/msgs/msgs_s__rosidl_typesupport_c.so
[1.174s] -- Up-to-date: /home/adha/belajar/ws1/install/msgs/lib/libmsgs__rosidl_generator_py.so
[1.175s] -- Up-to-date: /home/adha/belajar/ws1/install/msgs/share/msgs/msg/HardwareCommand.idl
[1.175s] -- Up-to-date: /home/adha/belajar/ws1/install/msgs/share/msgs/msg/HardwareCommand.msg
[1.176s] -- Up-to-date: /home/adha/belajar/ws1/install/msgs/share/ament_index/resource_index/package_run_dependencies/msgs
[1.176s] -- Up-to-date: /home/adha/belajar/ws1/install/msgs/share/ament_index/resource_index/parent_prefix_path/msgs
[1.176s] -- Up-to-date: /home/adha/belajar/ws1/install/msgs/share/msgs/environment/ament_prefix_path.sh
[1.176s] -- Up-to-date: /home/adha/belajar/ws1/install/msgs/share/msgs/environment/ament_prefix_path.dsv
[1.176s] -- Up-to-date: /home/adha/belajar/ws1/install/msgs/share/msgs/environment/path.sh
[1.177s] -- Up-to-date: /home/adha/belajar/ws1/install/msgs/share/msgs/environment/path.dsv
[1.177s] -- Up-to-date: /home/adha/belajar/ws1/install/msgs/share/msgs/local_setup.bash
[1.177s] -- Up-to-date: /home/adha/belajar/ws1/install/msgs/share/msgs/local_setup.sh
[1.177s] -- Up-to-date: /home/adha/belajar/ws1/install/msgs/share/msgs/local_setup.zsh
[1.177s] -- Up-to-date: /home/adha/belajar/ws1/install/msgs/share/msgs/local_setup.dsv
[1.177s] -- Installing: /home/adha/belajar/ws1/install/msgs/share/msgs/package.dsv
[1.178s] -- Up-to-date: /home/adha/belajar/ws1/install/msgs/share/ament_index/resource_index/packages/msgs
[1.178s] -- Up-to-date: /home/adha/belajar/ws1/install/msgs/share/msgs/cmake/export_msgs__rosidl_generator_cExport.cmake
[1.178s] -- Up-to-date: /home/adha/belajar/ws1/install/msgs/share/msgs/cmake/export_msgs__rosidl_generator_cExport-noconfig.cmake
[1.178s] -- Up-to-date: /home/adha/belajar/ws1/install/msgs/share/msgs/cmake/export_msgs__rosidl_typesupport_fastrtps_cExport.cmake
[1.179s] -- Up-to-date: /home/adha/belajar/ws1/install/msgs/share/msgs/cmake/export_msgs__rosidl_typesupport_fastrtps_cExport-noconfig.cmake
[1.179s] -- Up-to-date: /home/adha/belajar/ws1/install/msgs/share/msgs/cmake/export_msgs__rosidl_generator_cppExport.cmake
[1.179s] -- Up-to-date: /home/adha/belajar/ws1/install/msgs/share/msgs/cmake/export_msgs__rosidl_typesupport_fastrtps_cppExport.cmake
[1.179s] -- Up-to-date: /home/adha/belajar/ws1/install/msgs/share/msgs/cmake/export_msgs__rosidl_typesupport_fastrtps_cppExport-noconfig.cmake
[1.179s] -- Up-to-date: /home/adha/belajar/ws1/install/msgs/share/msgs/cmake/msgs__rosidl_typesupport_introspection_cExport.cmake
[1.179s] -- Up-to-date: /home/adha/belajar/ws1/install/msgs/share/msgs/cmake/msgs__rosidl_typesupport_introspection_cExport-noconfig.cmake
[1.180s] -- Up-to-date: /home/adha/belajar/ws1/install/msgs/share/msgs/cmake/msgs__rosidl_typesupport_cExport.cmake
[1.180s] -- Up-to-date: /home/adha/belajar/ws1/install/msgs/share/msgs/cmake/msgs__rosidl_typesupport_cExport-noconfig.cmake
[1.180s] -- Up-to-date: /home/adha/belajar/ws1/install/msgs/share/msgs/cmake/msgs__rosidl_typesupport_introspection_cppExport.cmake
[1.180s] -- Up-to-date: /home/adha/belajar/ws1/install/msgs/share/msgs/cmake/msgs__rosidl_typesupport_introspection_cppExport-noconfig.cmake
[1.180s] -- Up-to-date: /home/adha/belajar/ws1/install/msgs/share/msgs/cmake/msgs__rosidl_typesupport_cppExport.cmake
[1.181s] -- Up-to-date: /home/adha/belajar/ws1/install/msgs/share/msgs/cmake/msgs__rosidl_typesupport_cppExport-noconfig.cmake
[1.181s] -- Up-to-date: /home/adha/belajar/ws1/install/msgs/share/msgs/cmake/export_msgs__rosidl_generator_pyExport.cmake
[1.181s] -- Up-to-date: /home/adha/belajar/ws1/install/msgs/share/msgs/cmake/export_msgs__rosidl_generator_pyExport-noconfig.cmake
[1.181s] -- Up-to-date: /home/adha/belajar/ws1/install/msgs/share/msgs/cmake/rosidl_cmake-extras.cmake
[1.181s] -- Up-to-date: /home/adha/belajar/ws1/install/msgs/share/msgs/cmake/ament_cmake_export_include_directories-extras.cmake
[1.182s] -- Up-to-date: /home/adha/belajar/ws1/install/msgs/share/msgs/cmake/ament_cmake_export_libraries-extras.cmake
[1.182s] -- Up-to-date: /home/adha/belajar/ws1/install/msgs/share/msgs/cmake/ament_cmake_export_targets-extras.cmake
[1.182s] -- Up-to-date: /home/adha/belajar/ws1/install/msgs/share/msgs/cmake/rosidl_cmake_export_typesupport_targets-extras.cmake
[1.182s] -- Up-to-date: /home/adha/belajar/ws1/install/msgs/share/msgs/cmake/ament_cmake_export_dependencies-extras.cmake
[1.182s] -- Up-to-date: /home/adha/belajar/ws1/install/msgs/share/msgs/cmake/rosidl_cmake_export_typesupport_libraries-extras.cmake
[1.182s] -- Up-to-date: /home/adha/belajar/ws1/install/msgs/share/msgs/cmake/msgsConfig.cmake
[1.183s] -- Up-to-date: /home/adha/belajar/ws1/install/msgs/share/msgs/cmake/msgsConfig-version.cmake
[1.183s] -- Up-to-date: /home/adha/belajar/ws1/install/msgs/share/msgs/package.xml
[1.191s] Invoked command in '/home/adha/belajar/ws1/build/msgs' returned '0': CMAKE_PREFIX_PATH=${CMAKE_PREFIX_PATH}:/opt/ros/jazzy DEBUGINFOD_URLS=https://debuginfod.ubuntu.com /usr/bin/cmake --install /home/adha/belajar/ws1/build/msgs
